Determining if the pthread_create exist failed with the following output:
Change Dir: /home/handsome/ros_ws_test/build/robot_scheduling_actions/CMakeFiles/CMakeTmp

Run Build Command:"/usr/bin/make" "cmTC_58d53/fast"
/usr/bin/make -f CMakeFiles/cmTC_58d53.dir/build.make CMakeFiles/cmTC_58d53.dir/build
make[1]: Entering directory '/home/handsome/ros_ws_test/build/robot_scheduling_actions/CMakeFiles/CMakeTmp'
Building C object CMakeFiles/cmTC_58d53.dir/CheckSymbolExists.c.o
/usr/bin/cc    -o CMakeFiles/cmTC_58d53.dir/CheckSymbolExists.c.o   -c /home/handsome/ros_ws_test/build/robot_scheduling_actions/CMakeFiles/CMakeTmp/CheckSymbolExists.c
Linking C executable cmTC_58d53
/usr/bin/cmake -E cmake_link_script CMakeFiles/cmTC_58d53.dir/link.txt --verbose=1
/usr/bin/cc      -rdynamic CMakeFiles/cmTC_58d53.dir/CheckSymbolExists.c.o  -o cmTC_58d53 
CMakeFiles/cmTC_58d53.dir/CheckSymbolExists.c.o: In function `main':
CheckSymbolExists.c:(.text+0x1b): undefined reference to `pthread_create'
collect2: error: ld returned 1 exit status
CMakeFiles/cmTC_58d53.dir/build.make:97: recipe for target 'cmTC_58d53' failed
make[1]: *** [cmTC_58d53] Error 1
make[1]: Leaving directory '/home/handsome/ros_ws_test/build/robot_scheduling_actions/CMakeFiles/CMakeTmp'
Makefile:126: recipe for target 'cmTC_58d53/fast' failed
make: *** [cmTC_58d53/fast] Error 2

File /home/handsome/ros_ws_test/build/robot_scheduling_actions/CMakeFiles/CMakeTmp/CheckSymbolExists.c:
/* */
#include <pthread.h>

int main(int argc, char** argv)
{
  (void)argv;
#ifndef pthread_create
  return ((int*)(&pthread_create))[argc];
#else
  (void)argc;
  return 0;
#endif
}

Determining if the function pthread_create exists in the pthreads failed with the following output:
Change Dir: /home/handsome/ros_ws_test/build/robot_scheduling_actions/CMakeFiles/CMakeTmp

Run Build Command:"/usr/bin/make" "cmTC_b4fde/fast"
/usr/bin/make -f CMakeFiles/cmTC_b4fde.dir/build.make CMakeFiles/cmTC_b4fde.dir/build
make[1]: Entering directory '/home/handsome/ros_ws_test/build/robot_scheduling_actions/CMakeFiles/CMakeTmp'
Building C object CMakeFiles/cmTC_b4fde.dir/CheckFunctionExists.c.o
/usr/bin/cc   -DCHECK_FUNCTION_EXISTS=pthread_create   -o CMakeFiles/cmTC_b4fde.dir/CheckFunctionExists.c.o   -c /usr/share/cmake-3.10/Modules/CheckFunctionExists.c
Linking C executable cmTC_b4fde
/usr/bin/cmake -E cmake_link_script CMakeFiles/cmTC_b4fde.dir/link.txt --verbose=1
/usr/bin/cc  -DCHECK_FUNCTION_EXISTS=pthread_create    -rdynamic CMakeFiles/cmTC_b4fde.dir/CheckFunctionExists.c.o  -o cmTC_b4fde -lpthreads 
/usr/bin/ld: cannot find -lpthreads
collect2: error: ld returned 1 exit status
CMakeFiles/cmTC_b4fde.dir/build.make:97: recipe for target 'cmTC_b4fde' failed
make[1]: *** [cmTC_b4fde] Error 1
make[1]: Leaving directory '/home/handsome/ros_ws_test/build/robot_scheduling_actions/CMakeFiles/CMakeTmp'
Makefile:126: recipe for target 'cmTC_b4fde/fast' failed
make: *** [cmTC_b4fde/fast] Error 2


