[  0%] Built target std_msgs_generate_messages_lisp
[  0%] Built target std_msgs_generate_messages_eus
[  0%] Built target std_msgs_generate_messages_py
[  5%] Built target gtest
[  5%] Built target std_msgs_generate_messages_cpp
[  5%] Built target mongodb_store_msgs_generate_messages_cpp
[  5%] Built target _mongodb_store_generate_messages_check_deps_GetParam
[  5%] Built target std_msgs_generate_messages_nodejs
[  5%] Built target _mongodb_store_generate_messages_check_deps_MongoFind
[  5%] Built target _mongodb_store_generate_messages_check_deps_MongoInsert
[  5%] Built target _mongodb_store_generate_messages_check_deps_MongoUpdate
[  5%] Built target _mongodb_store_generate_messages_check_deps_SetParam
[ 10%] Built target message_store
[ 27%] Built target mongodb_store_generate_messages_eus
[ 40%] Built target mongodb_store_generate_messages_lisp
[ 54%] Built target mongodb_store_generate_messages_nodejs
[ 67%] Built target mongodb_store_generate_messages_cpp
[ 83%] Built target mongodb_store_generate_messages_py
[ 89%] Built target message_store_cpp_test
[ 94%] Built target example_multi_event_log
[100%] Built target example_mongodb_store_cpp_client
[100%] Built target mongodb_store_generate_messages
Built target tests
[  0%] Built target std_msgs_generate_messages_py
[  0%] Built target std_msgs_generate_messages_eus
[  0%] Built target std_msgs_generate_messages_nodejs
[  0%] Built target mongodb_store_msgs_generate_messages_cpp
[  5%] Built target gtest
[  5%] Built target std_msgs_generate_messages_lisp
[  5%] Built target std_msgs_generate_messages_cpp
[  5%] Built target _mongodb_store_generate_messages_check_deps_GetParam
[  5%] Built target _mongodb_store_generate_messages_check_deps_SetParam
[  5%] Built target _mongodb_store_generate_messages_check_deps_MongoInsert
[  5%] Built target _mongodb_store_generate_messages_check_deps_MongoUpdate
[ 10%] Built target message_store
[ 10%] Built target _mongodb_store_generate_messages_check_deps_MongoFind
[ 16%] Built target example_multi_event_log
[ 21%] Built target message_store_cpp_test
[ 27%] Built target example_mongodb_store_cpp_client
[ 43%] Built target mongodb_store_generate_messages_py
[ 56%] Built target mongodb_store_generate_messages_lisp
[ 72%] Built target mongodb_store_generate_messages_eus
[ 86%] Built target mongodb_store_generate_messages_cpp
[100%] Built target mongodb_store_generate_messages_nodejs
[100%] Built target mongodb_store_generate_messages
[36mInstall the project...[0m
-- Install configuration: ""
+ cd /home/handsome/ros_ws_test/src/ros_base/mongodb_store/mongodb_store
+ mkdir -p /home/handsome/ros_ws_test/install/mongodb_store/lib/python2.7/dist-packages
+ /usr/bin/env PYTHONPATH=/home/handsome/ros_ws_test/install/mongodb_store/lib/python2.7/dist-packages:/home/handsome/ros_ws_test/build/mongodb_store/lib/python2.7/dist-packages:/home/handsome/ros_ws_test/install/mongodb_store_msgs/lib/python2.7/dist-packages:/home/handsome/ros_ws/install/yocs_cmd_vel_mux/lib/python2.7/dist-packages:/home/handsome/ros_ws/install/tuw_waypoint_to_spline_msgs/lib/python2.7/dist-packages:/home/handsome/ros_ws/install/tuw_multi_robot_router/lib/python2.7/dist-packages:/home/handsome/ros_ws/install/tuw_vehicle_msgs/lib/python2.7/dist-packages:/home/handsome/ros_ws/install/tuw_object_msgs/lib/python2.7/dist-packages:/home/handsome/ros_ws/install/tuw_nav_msgs/lib/python2.7/dist-packages:/home/handsome/ros_ws/install/tuw_multi_robot_msgs/lib/python2.7/dist-packages:/home/handsome/ros_ws/install/tuw_local_controller_msgs/lib/python2.7/dist-packages:/home/handsome/ros_ws/install/tuw_geometry_msgs/lib/python2.7/dist-packages:/home/handsome/ros_ws/install/tuw_geometry/lib/python2.7/dist-packages:/home/handsome/ros_ws/install/tuw_gazebo_msgs/lib/python2.7/dist-packages:/home/handsome/ros_ws/install/tuw_control/lib/python2.7/dist-packages:/home/handsome/ros_ws/install/tuw_airskin_msgs/lib/python2.7/dist-packages:/home/handsome/ros_ws/install/tug_example_msgs/lib/python2.7/dist-packages:/home/handsome/ros_ws/install/teb2_local_planner/lib/python2.7/dist-packages:/home/handsome/ros_ws/install/spatio_temporal_voxel_layer/lib/python2.7/dist-packages:/home/handsome/ros_ws/install/samsungcmd_msgs/lib/python2.7/dist-packages:/home/handsome/ros_ws/install/rp_action_msgs/lib/python2.7/dist-packages:/home/handsome/ros_ws/install/rosserial_xbee/lib/python2.7/dist-packages:/home/handsome/ros_ws/install/rosserial_python/lib/python2.7/dist-packages:/home/handsome/ros_ws/install/rosserial_mbed/lib/python2.7/dist-packages:/home/handsome/ros_ws/install/rosserial_arduino/lib/python2.7/dist-packages:/home/handsome/ros_ws/install/rosserial_client/lib/python2.7/dist-packages:/home/handsome/ros_ws/install/rosserial_msgs/lib/python2.7/dist-packages:/home/handsome/ros_ws/install/robot_scheduling_msgs/lib/python2.7/dist-packages:/home/handsome/ros_ws/install/robot_localization/lib/python2.7/dist-packages:/home/handsome/ros_ws/install/robot_control_msgs/lib/python2.7/dist-packages:/home/handsome/ros_ws/install/reset_location/lib/python2.7/dist-packages:/home/handsome/ros_ws/install/razor_imu_9dof/lib/python2.7/dist-packages:/home/handsome/ros_ws/install/pnp_msgs/lib/python2.7/dist-packages:/home/handsome/ros_ws/install/open_auto_dock_msgs/lib/python2.7/dist-packages:/home/handsome/ros_ws/install/dwb_plugins/lib/python2.7/dist-packages:/home/handsome/ros_ws/install/car_schedule_msgs/lib/python2.7/dist-packages:/home/handsome/ros_ws/install/actionlib_modules_msgs/lib/python2.7/dist-packages:/home/handsome/ros_ws/install/locomotor_msgs/lib/python2.7/dist-packages:/home/handsome/ros_ws/install/dwb_msgs/lib/python2.7/dist-packages:/home/handsome/ros_ws/install/nav_2d_msgs/lib/python2.7/dist-packages:/home/handsome/ros_ws/install/mongodb_store/lib/python2.7/dist-packages:/home/handsome/ros_ws/install/mongodb_store_msgs/lib/python2.7/dist-packages:/home/handsome/ros_ws/install/hyc_multi_robot_msgs/lib/python2.7/dist-packages:/home/handsome/ros_ws/install/fetch_auto_dock_msgs/lib/python2.7/dist-packages:/home/handsome/ros_ws/install/cellctrl_control_msgs/lib/python2.7/dist-packages:/home/handsome/ros_ws/install/car_db_manager_msgs/lib/python2.7/dist-packages:/home/handsome/ros_ws/install/ca_msgs/lib/python2.7/dist-packages:/home/handsome/ros_ws/install/botcmd_msgs/lib/python2.7/dist-packages:/opt/ros/melodic/lib/python2.7/dist-packages CATKIN_BINARY_DIR=/home/handsome/ros_ws_test/build/mongodb_store /usr/bin/python2 /home/handsome/ros_ws_test/src/ros_base/mongodb_store/mongodb_store/setup.py build --build-base /home/handsome/ros_ws_test/build/mongodb_store install --root=/ --install-layout=deb --prefix=/home/handsome/ros_ws_test/install/mongodb_store --install-scripts=/home/handsome/ros_ws_test/install/mongodb_store/bin
running build
running build_py
running install
running install_lib
running install_egg_info
Removing /home/handsome/ros_ws_test/install/mongodb_store/lib/python2.7/dist-packages/mongodb_store-0.5.0.egg-info
Writing /home/handsome/ros_ws_test/install/mongodb_store/lib/python2.7/dist-packages/mongodb_store-0.5.0.egg-info
-- Up-to-date: /home/handsome/ros_ws_test/install/mongodb_store/share/mongodb_store/srv/GetParam.srv
-- Up-to-date: /home/handsome/ros_ws_test/install/mongodb_store/share/mongodb_store/srv/SetParam.srv
-- Up-to-date: /home/handsome/ros_ws_test/install/mongodb_store/share/mongodb_store/srv/MongoFind.srv
-- Up-to-date: /home/handsome/ros_ws_test/install/mongodb_store/share/mongodb_store/srv/MongoUpdate.srv
-- Up-to-date: /home/handsome/ros_ws_test/install/mongodb_store/share/mongodb_store/srv/MongoInsert.srv
-- Up-to-date: /home/handsome/ros_ws_test/install/mongodb_store/share/mongodb_store/cmake/mongodb_store-msg-paths.cmake
-- Up-to-date: /home/handsome/ros_ws_test/install/mongodb_store/include/mongodb_store
-- Up-to-date: /home/handsome/ros_ws_test/install/mongodb_store/include/mongodb_store/MongoFind.h
-- Up-to-date: /home/handsome/ros_ws_test/install/mongodb_store/include/mongodb_store/MongoUpdate.h
-- Up-to-date: /home/handsome/ros_ws_test/install/mongodb_store/include/mongodb_store/GetParamResponse.h
-- Up-to-date: /home/handsome/ros_ws_test/install/mongodb_store/include/mongodb_store/MongoInsertResponse.h
-- Up-to-date: /home/handsome/ros_ws_test/install/mongodb_store/include/mongodb_store/SetParamRequest.h
-- Up-to-date: /home/handsome/ros_ws_test/install/mongodb_store/include/mongodb_store/MongoUpdateRequest.h
-- Up-to-date: /home/handsome/ros_ws_test/install/mongodb_store/include/mongodb_store/MongoFindResponse.h
-- Up-to-date: /home/handsome/ros_ws_test/install/mongodb_store/include/mongodb_store/SetParam.h
-- Up-to-date: /home/handsome/ros_ws_test/install/mongodb_store/include/mongodb_store/SetParamResponse.h
-- Up-to-date: /home/handsome/ros_ws_test/install/mongodb_store/include/mongodb_store/GetParam.h
-- Up-to-date: /home/handsome/ros_ws_test/install/mongodb_store/include/mongodb_store/GetParamRequest.h
-- Up-to-date: /home/handsome/ros_ws_test/install/mongodb_store/include/mongodb_store/MongoFindRequest.h
-- Up-to-date: /home/handsome/ros_ws_test/install/mongodb_store/include/mongodb_store/MongoInsertRequest.h
-- Up-to-date: /home/handsome/ros_ws_test/install/mongodb_store/include/mongodb_store/MongoUpdateResponse.h
-- Up-to-date: /home/handsome/ros_ws_test/install/mongodb_store/include/mongodb_store/MongoInsert.h
-- Up-to-date: /home/handsome/ros_ws_test/install/mongodb_store/share/roseus/ros/mongodb_store
-- Up-to-date: /home/handsome/ros_ws_test/install/mongodb_store/share/roseus/ros/mongodb_store/manifest.l
-- Up-to-date: /home/handsome/ros_ws_test/install/mongodb_store/share/roseus/ros/mongodb_store/srv
-- Up-to-date: /home/handsome/ros_ws_test/install/mongodb_store/share/roseus/ros/mongodb_store/srv/MongoInsert.l
-- Up-to-date: /home/handsome/ros_ws_test/install/mongodb_store/share/roseus/ros/mongodb_store/srv/GetParam.l
-- Up-to-date: /home/handsome/ros_ws_test/install/mongodb_store/share/roseus/ros/mongodb_store/srv/SetParam.l
-- Up-to-date: /home/handsome/ros_ws_test/install/mongodb_store/share/roseus/ros/mongodb_store/srv/MongoFind.l
-- Up-to-date: /home/handsome/ros_ws_test/install/mongodb_store/share/roseus/ros/mongodb_store/srv/MongoUpdate.l
-- Up-to-date: /home/handsome/ros_ws_test/install/mongodb_store/share/common-lisp/ros/mongodb_store
-- Up-to-date: /home/handsome/ros_ws_test/install/mongodb_store/share/common-lisp/ros/mongodb_store/srv
-- Up-to-date: /home/handsome/ros_ws_test/install/mongodb_store/share/common-lisp/ros/mongodb_store/srv/_package_MongoInsert.lisp
-- Up-to-date: /home/handsome/ros_ws_test/install/mongodb_store/share/common-lisp/ros/mongodb_store/srv/SetParam.lisp
-- Up-to-date: /home/handsome/ros_ws_test/install/mongodb_store/share/common-lisp/ros/mongodb_store/srv/_package_MongoUpdate.lisp
-- Up-to-date: /home/handsome/ros_ws_test/install/mongodb_store/share/common-lisp/ros/mongodb_store/srv/_package_MongoFind.lisp
-- Up-to-date: /home/handsome/ros_ws_test/install/mongodb_store/share/common-lisp/ros/mongodb_store/srv/GetParam.lisp
-- Up-to-date: /home/handsome/ros_ws_test/install/mongodb_store/share/common-lisp/ros/mongodb_store/srv/_package.lisp
-- Up-to-date: /home/handsome/ros_ws_test/install/mongodb_store/share/common-lisp/ros/mongodb_store/srv/MongoUpdate.lisp
-- Up-to-date: /home/handsome/ros_ws_test/install/mongodb_store/share/common-lisp/ros/mongodb_store/srv/mongodb_store-srv.asd
-- Up-to-date: /home/handsome/ros_ws_test/install/mongodb_store/share/common-lisp/ros/mongodb_store/srv/_package_GetParam.lisp
-- Up-to-date: /home/handsome/ros_ws_test/install/mongodb_store/share/common-lisp/ros/mongodb_store/srv/_package_SetParam.lisp
-- Up-to-date: /home/handsome/ros_ws_test/install/mongodb_store/share/common-lisp/ros/mongodb_store/srv/MongoFind.lisp
-- Up-to-date: /home/handsome/ros_ws_test/install/mongodb_store/share/common-lisp/ros/mongodb_store/srv/MongoInsert.lisp
-- Up-to-date: /home/handsome/ros_ws_test/install/mongodb_store/share/gennodejs/ros/mongodb_store
-- Up-to-date: /home/handsome/ros_ws_test/install/mongodb_store/share/gennodejs/ros/mongodb_store/_index.js
-- Up-to-date: /home/handsome/ros_ws_test/install/mongodb_store/share/gennodejs/ros/mongodb_store/srv
-- Up-to-date: /home/handsome/ros_ws_test/install/mongodb_store/share/gennodejs/ros/mongodb_store/srv/MongoUpdate.js
-- Up-to-date: /home/handsome/ros_ws_test/install/mongodb_store/share/gennodejs/ros/mongodb_store/srv/MongoFind.js
-- Up-to-date: /home/handsome/ros_ws_test/install/mongodb_store/share/gennodejs/ros/mongodb_store/srv/_index.js
-- Up-to-date: /home/handsome/ros_ws_test/install/mongodb_store/share/gennodejs/ros/mongodb_store/srv/MongoInsert.js
-- Up-to-date: /home/handsome/ros_ws_test/install/mongodb_store/share/gennodejs/ros/mongodb_store/srv/GetParam.js
-- Up-to-date: /home/handsome/ros_ws_test/install/mongodb_store/share/gennodejs/ros/mongodb_store/srv/SetParam.js
Listing /home/handsome/ros_ws_test/build/mongodb_store/devel/lib/python2.7/dist-packages/mongodb_store ...
Listing /home/handsome/ros_ws_test/build/mongodb_store/devel/lib/python2.7/dist-packages/mongodb_store/srv ...
-- Up-to-date: /home/handsome/ros_ws_test/install/mongodb_store/lib/python2.7/dist-packages/mongodb_store
-- Up-to-date: /home/handsome/ros_ws_test/install/mongodb_store/lib/python2.7/dist-packages/mongodb_store/srv
-- Up-to-date: /home/handsome/ros_ws_test/install/mongodb_store/lib/python2.7/dist-packages/mongodb_store/srv/_MongoUpdate.pyc
-- Up-to-date: /home/handsome/ros_ws_test/install/mongodb_store/lib/python2.7/dist-packages/mongodb_store/srv/_SetParam.py
-- Up-to-date: /home/handsome/ros_ws_test/install/mongodb_store/lib/python2.7/dist-packages/mongodb_store/srv/_MongoFind.pyc
-- Up-to-date: /home/handsome/ros_ws_test/install/mongodb_store/lib/python2.7/dist-packages/mongodb_store/srv/_MongoInsert.pyc
-- Up-to-date: /home/handsome/ros_ws_test/install/mongodb_store/lib/python2.7/dist-packages/mongodb_store/srv/_GetParam.pyc
-- Up-to-date: /home/handsome/ros_ws_test/install/mongodb_store/lib/python2.7/dist-packages/mongodb_store/srv/_GetParam.py
-- Up-to-date: /home/handsome/ros_ws_test/install/mongodb_store/lib/python2.7/dist-packages/mongodb_store/srv/_MongoFind.py
-- Up-to-date: /home/handsome/ros_ws_test/install/mongodb_store/lib/python2.7/dist-packages/mongodb_store/srv/_MongoUpdate.py
-- Up-to-date: /home/handsome/ros_ws_test/install/mongodb_store/lib/python2.7/dist-packages/mongodb_store/srv/_SetParam.pyc
-- Up-to-date: /home/handsome/ros_ws_test/install/mongodb_store/lib/python2.7/dist-packages/mongodb_store/srv/_MongoInsert.py
-- Up-to-date: /home/handsome/ros_ws_test/install/mongodb_store/lib/python2.7/dist-packages/mongodb_store
-- Up-to-date: /home/handsome/ros_ws_test/install/mongodb_store/lib/python2.7/dist-packages/mongodb_store/srv
-- Up-to-date: /home/handsome/ros_ws_test/install/mongodb_store/lib/python2.7/dist-packages/mongodb_store/srv/__init__.py
-- Up-to-date: /home/handsome/ros_ws_test/install/mongodb_store/lib/python2.7/dist-packages/mongodb_store/srv/__init__.pyc
-- Up-to-date: /home/handsome/ros_ws_test/install/mongodb_store/lib/pkgconfig/mongodb_store.pc
-- Up-to-date: /home/handsome/ros_ws_test/install/mongodb_store/share/mongodb_store/cmake/mongodb_store-msg-extras.cmake
-- Up-to-date: /home/handsome/ros_ws_test/install/mongodb_store/share/mongodb_store/cmake/mongodb_storeConfig.cmake
-- Up-to-date: /home/handsome/ros_ws_test/install/mongodb_store/share/mongodb_store/cmake/mongodb_storeConfig-version.cmake
-- Up-to-date: /home/handsome/ros_ws_test/install/mongodb_store/share/mongodb_store/package.xml
-- Up-to-date: /home/handsome/ros_ws_test/install/mongodb_store/lib/mongodb_store
-- Up-to-date: /home/handsome/ros_ws_test/install/mongodb_store/lib/mongodb_store/config_manager.py
-- Up-to-date: /home/handsome/ros_ws_test/install/mongodb_store/lib/mongodb_store/replicator_client.py
-- Up-to-date: /home/handsome/ros_ws_test/install/mongodb_store/lib/mongodb_store/replicator_node.py
-- Up-to-date: /home/handsome/ros_ws_test/install/mongodb_store/lib/mongodb_store/mongodb_play.py
-- Up-to-date: /home/handsome/ros_ws_test/install/mongodb_store/lib/mongodb_store/message_store_node.py
-- Up-to-date: /home/handsome/ros_ws_test/install/mongodb_store/lib/mongodb_store/example_message_store_client.py
-- Up-to-date: /home/handsome/ros_ws_test/install/mongodb_store/lib/mongodb_store/mongodb_server.py
-- Up-to-date: /home/handsome/ros_ws_test/install/mongodb_store/lib/mongodb_store/mongo_bridge.py
-- Up-to-date: /home/handsome/ros_ws_test/install/mongodb_store/lib/mongodb_store/example_multi_event_log.py
-- Up-to-date: /home/handsome/ros_ws_test/install/mongodb_store/share/mongodb_store/launch
-- Up-to-date: /home/handsome/ros_ws_test/install/mongodb_store/share/mongodb_store/launch/mongodb_store_inc.launch
-- Up-to-date: /home/handsome/ros_ws_test/install/mongodb_store/share/mongodb_store/launch/mongodb_store.launch
-- Up-to-date: /home/handsome/ros_ws_test/install/mongodb_store/share/mongodb_store/launch/_mongodb_store.launch
-- Up-to-date: /home/handsome/ros_ws_test/install/mongodb_store/include/mongodb_store
-- Up-to-date: /home/handsome/ros_ws_test/install/mongodb_store/include/mongodb_store/message_store.h
-- Up-to-date: /home/handsome/ros_ws_test/install/mongodb_store/include/mongodb_store/util.h
-- Up-to-date: /home/handsome/ros_ws_test/install/mongodb_store/lib/mongodb_store/example_mongodb_store_cpp_client
-- Up-to-date: /home/handsome/ros_ws_test/install/mongodb_store/lib/mongodb_store/example_multi_event_log
-- Up-to-date: /home/handsome/ros_ws_test/install/mongodb_store/lib/libmessage_store.so
