[0.382s] Invoking command in '/home/handsome/ros_ws_test/build/mongodb_store': CMAKE_PREFIX_PATH=/home/handsome/ros_ws_test/install/mongodb_store_msgs:${CMAKE_PREFIX_PATH} PKG_CONFIG_PATH=/home/handsome/ros_ws_test/install/mongodb_store_msgs/lib/x86_64-linux-gnu/pkgconfig:/home/handsome/ros_ws_test/install/mongodb_store_msgs/lib/pkgconfig:${PKG_CONFIG_PATH} PYTHONPATH=/home/handsome/ros_ws_test/install/mongodb_store_msgs/lib/python2.7/dist-packages:${PYTHONPATH} ROS_PACKAGE_PATH=/home/handsome/ros_ws_test/install/mongodb_store_msgs/share:${ROS_PACKAGE_PATH} /usr/bin/cmake --build /home/handsome/ros_ws_test/build/mongodb_store -- -j12 -l12
[0.595s] [  0%] Built target std_msgs_generate_messages_lisp
[0.595s] [  0%] Built target std_msgs_generate_messages_eus
[0.603s] [  0%] Built target std_msgs_generate_messages_py
[0.631s] [  5%] Built target gtest
[0.642s] [  5%] Built target std_msgs_generate_messages_cpp
[0.667s] [  5%] Built target mongodb_store_msgs_generate_messages_cpp
[0.682s] [  5%] Built target _mongodb_store_generate_messages_check_deps_GetParam
[0.687s] [  5%] Built target std_msgs_generate_messages_nodejs
[0.704s] [  5%] Built target _mongodb_store_generate_messages_check_deps_MongoFind
[0.768s] [  5%] Built target _mongodb_store_generate_messages_check_deps_MongoInsert
[0.770s] [  5%] Built target _mongodb_store_generate_messages_check_deps_MongoUpdate
[0.797s] [  5%] Built target _mongodb_store_generate_messages_check_deps_SetParam
[0.852s] [ 10%] Built target message_store
[0.908s] [ 27%] Built target mongodb_store_generate_messages_eus
[0.908s] [ 40%] Built target mongodb_store_generate_messages_lisp
[0.909s] [ 54%] Built target mongodb_store_generate_messages_nodejs
[0.915s] [ 67%] Built target mongodb_store_generate_messages_cpp
[0.920s] [ 83%] Built target mongodb_store_generate_messages_py
[0.983s] [ 89%] Built target message_store_cpp_test
[0.983s] [ 94%] Built target example_multi_event_log
[0.992s] [100%] Built target example_mongodb_store_cpp_client
[1.010s] [100%] Built target mongodb_store_generate_messages
[1.070s] Invoked command in '/home/handsome/ros_ws_test/build/mongodb_store' returned '0': CMAKE_PREFIX_PATH=/home/handsome/ros_ws_test/install/mongodb_store_msgs:${CMAKE_PREFIX_PATH} PKG_CONFIG_PATH=/home/handsome/ros_ws_test/install/mongodb_store_msgs/lib/x86_64-linux-gnu/pkgconfig:/home/handsome/ros_ws_test/install/mongodb_store_msgs/lib/pkgconfig:${PKG_CONFIG_PATH} PYTHONPATH=/home/handsome/ros_ws_test/install/mongodb_store_msgs/lib/python2.7/dist-packages:${PYTHONPATH} ROS_PACKAGE_PATH=/home/handsome/ros_ws_test/install/mongodb_store_msgs/share:${ROS_PACKAGE_PATH} /usr/bin/cmake --build /home/handsome/ros_ws_test/build/mongodb_store -- -j12 -l12
[2.484s] Invoking command in '/home/handsome/ros_ws_test/build/mongodb_store': CMAKE_PREFIX_PATH=/home/handsome/ros_ws_test/install/mongodb_store_msgs:${CMAKE_PREFIX_PATH} PKG_CONFIG_PATH=/home/handsome/ros_ws_test/install/mongodb_store_msgs/lib/x86_64-linux-gnu/pkgconfig:/home/handsome/ros_ws_test/install/mongodb_store_msgs/lib/pkgconfig:${PKG_CONFIG_PATH} PYTHONPATH=/home/handsome/ros_ws_test/install/mongodb_store_msgs/lib/python2.7/dist-packages:${PYTHONPATH} ROS_PACKAGE_PATH=/home/handsome/ros_ws_test/install/mongodb_store_msgs/share:${ROS_PACKAGE_PATH} /usr/bin/cmake --build /home/handsome/ros_ws_test/build/mongodb_store --target tests -- -j12 -l12
[2.647s] Built target tests
[2.883s] Invoked command in '/home/handsome/ros_ws_test/build/mongodb_store' returned '0': CMAKE_PREFIX_PATH=/home/handsome/ros_ws_test/install/mongodb_store_msgs:${CMAKE_PREFIX_PATH} PKG_CONFIG_PATH=/home/handsome/ros_ws_test/install/mongodb_store_msgs/lib/x86_64-linux-gnu/pkgconfig:/home/handsome/ros_ws_test/install/mongodb_store_msgs/lib/pkgconfig:${PKG_CONFIG_PATH} PYTHONPATH=/home/handsome/ros_ws_test/install/mongodb_store_msgs/lib/python2.7/dist-packages:${PYTHONPATH} ROS_PACKAGE_PATH=/home/handsome/ros_ws_test/install/mongodb_store_msgs/share:${ROS_PACKAGE_PATH} /usr/bin/cmake --build /home/handsome/ros_ws_test/build/mongodb_store --target tests -- -j12 -l12
[4.040s] Invoking command in '/home/handsome/ros_ws_test/build/mongodb_store': CMAKE_PREFIX_PATH=/home/handsome/ros_ws_test/install/mongodb_store_msgs:${CMAKE_PREFIX_PATH} PKG_CONFIG_PATH=/home/handsome/ros_ws_test/install/mongodb_store_msgs/lib/x86_64-linux-gnu/pkgconfig:/home/handsome/ros_ws_test/install/mongodb_store_msgs/lib/pkgconfig:${PKG_CONFIG_PATH} PYTHONPATH=/home/handsome/ros_ws_test/install/mongodb_store_msgs/lib/python2.7/dist-packages:${PYTHONPATH} ROS_PACKAGE_PATH=/home/handsome/ros_ws_test/install/mongodb_store_msgs/share:${ROS_PACKAGE_PATH} /usr/bin/cmake --build /home/handsome/ros_ws_test/build/mongodb_store --target install -- -j12 -l12
[4.665s] [  0%] Built target std_msgs_generate_messages_py
[4.668s] [  0%] Built target std_msgs_generate_messages_eus
[4.711s] [  0%] Built target std_msgs_generate_messages_nodejs
[4.717s] [  0%] Built target mongodb_store_msgs_generate_messages_cpp
[4.730s] [  5%] Built target gtest
[4.735s] [  5%] Built target std_msgs_generate_messages_lisp
[4.752s] [  5%] Built target std_msgs_generate_messages_cpp
[4.797s] [  5%] Built target _mongodb_store_generate_messages_check_deps_GetParam
[4.820s] [  5%] Built target _mongodb_store_generate_messages_check_deps_SetParam
[4.841s] [  5%] Built target _mongodb_store_generate_messages_check_deps_MongoInsert
[4.892s] [  5%] Built target _mongodb_store_generate_messages_check_deps_MongoUpdate
[4.922s] [ 10%] Built target message_store
[5.012s] [ 10%] Built target _mongodb_store_generate_messages_check_deps_MongoFind
[5.042s] [ 16%] Built target example_multi_event_log
[5.067s] [ 21%] Built target message_store_cpp_test
[5.096s] [ 27%] Built target example_mongodb_store_cpp_client
[5.117s] [ 43%] Built target mongodb_store_generate_messages_py
[5.159s] [ 56%] Built target mongodb_store_generate_messages_lisp
[5.184s] [ 72%] Built target mongodb_store_generate_messages_eus
[5.197s] [ 86%] Built target mongodb_store_generate_messages_cpp
[5.201s] [100%] Built target mongodb_store_generate_messages_nodejs
[5.312s] [100%] Built target mongodb_store_generate_messages
[5.394s] [36mInstall the project...[0m
[5.438s] -- Install configuration: ""
[5.443s] + cd /home/handsome/ros_ws_test/src/ros_base/mongodb_store/mongodb_store
[5.443s] + mkdir -p /home/handsome/ros_ws_test/install/mongodb_store/lib/python2.7/dist-packages
[5.453s] + /usr/bin/env PYTHONPATH=/home/handsome/ros_ws_test/install/mongodb_store/lib/python2.7/dist-packages:/home/handsome/ros_ws_test/build/mongodb_store/lib/python2.7/dist-packages:/home/handsome/ros_ws_test/install/mongodb_store_msgs/lib/python2.7/dist-packages:/home/handsome/ros_ws/install/yocs_cmd_vel_mux/lib/python2.7/dist-packages:/home/handsome/ros_ws/install/tuw_waypoint_to_spline_msgs/lib/python2.7/dist-packages:/home/handsome/ros_ws/install/tuw_multi_robot_router/lib/python2.7/dist-packages:/home/handsome/ros_ws/install/tuw_vehicle_msgs/lib/python2.7/dist-packages:/home/handsome/ros_ws/install/tuw_object_msgs/lib/python2.7/dist-packages:/home/handsome/ros_ws/install/tuw_nav_msgs/lib/python2.7/dist-packages:/home/handsome/ros_ws/install/tuw_multi_robot_msgs/lib/python2.7/dist-packages:/home/handsome/ros_ws/install/tuw_local_controller_msgs/lib/python2.7/dist-packages:/home/handsome/ros_ws/install/tuw_geometry_msgs/lib/python2.7/dist-packages:/home/handsome/ros_ws/install/tuw_geometry/lib/python2.7/dist-packages:/home/handsome/ros_ws/install/tuw_gazebo_msgs/lib/python2.7/dist-packages:/home/handsome/ros_ws/install/tuw_control/lib/python2.7/dist-packages:/home/handsome/ros_ws/install/tuw_airskin_msgs/lib/python2.7/dist-packages:/home/handsome/ros_ws/install/tug_example_msgs/lib/python2.7/dist-packages:/home/handsome/ros_ws/install/teb2_local_planner/lib/python2.7/dist-packages:/home/handsome/ros_ws/install/spatio_temporal_voxel_layer/lib/python2.7/dist-packages:/home/handsome/ros_ws/install/samsungcmd_msgs/lib/python2.7/dist-packages:/home/handsome/ros_ws/install/rp_action_msgs/lib/python2.7/dist-packages:/home/handsome/ros_ws/install/rosserial_xbee/lib/python2.7/dist-packages:/home/handsome/ros_ws/install/rosserial_python/lib/python2.7/dist-packages:/home/handsome/ros_ws/install/rosserial_mbed/lib/python2.7/dist-packages:/home/handsome/ros_ws/install/rosserial_arduino/lib/python2.7/dist-packages:/home/handsome/ros_ws/install/rosserial_client/lib/python2.7/dist-packages:/home/handsome/ros_ws/install/rosserial_msgs/lib/python2.7/dist-packages:/home/handsome/ros_ws/install/robot_scheduling_msgs/lib/python2.7/dist-packages:/home/handsome/ros_ws/install/robot_localization/lib/python2.7/dist-packages:/home/handsome/ros_ws/install/robot_control_msgs/lib/python2.7/dist-packages:/home/handsome/ros_ws/install/reset_location/lib/python2.7/dist-packages:/home/handsome/ros_ws/install/razor_imu_9dof/lib/python2.7/dist-packages:/home/handsome/ros_ws/install/pnp_msgs/lib/python2.7/dist-packages:/home/handsome/ros_ws/install/open_auto_dock_msgs/lib/python2.7/dist-packages:/home/handsome/ros_ws/install/dwb_plugins/lib/python2.7/dist-packages:/home/handsome/ros_ws/install/car_schedule_msgs/lib/python2.7/dist-packages:/home/handsome/ros_ws/install/actionlib_modules_msgs/lib/python2.7/dist-packages:/home/handsome/ros_ws/install/locomotor_msgs/lib/python2.7/dist-packages:/home/handsome/ros_ws/install/dwb_msgs/lib/python2.7/dist-packages:/home/handsome/ros_ws/install/nav_2d_msgs/lib/python2.7/dist-packages:/home/handsome/ros_ws/install/mongodb_store/lib/python2.7/dist-packages:/home/handsome/ros_ws/install/mongodb_store_msgs/lib/python2.7/dist-packages:/home/handsome/ros_ws/install/hyc_multi_robot_msgs/lib/python2.7/dist-packages:/home/handsome/ros_ws/install/fetch_auto_dock_msgs/lib/python2.7/dist-packages:/home/handsome/ros_ws/install/cellctrl_control_msgs/lib/python2.7/dist-packages:/home/handsome/ros_ws/install/car_db_manager_msgs/lib/python2.7/dist-packages:/home/handsome/ros_ws/install/ca_msgs/lib/python2.7/dist-packages:/home/handsome/ros_ws/install/botcmd_msgs/lib/python2.7/dist-packages:/opt/ros/melodic/lib/python2.7/dist-packages CATKIN_BINARY_DIR=/home/handsome/ros_ws_test/build/mongodb_store /usr/bin/python2 /home/handsome/ros_ws_test/src/ros_base/mongodb_store/mongodb_store/setup.py build --build-base /home/handsome/ros_ws_test/build/mongodb_store install --root=/ --install-layout=deb --prefix=/home/handsome/ros_ws_test/install/mongodb_store --install-scripts=/home/handsome/ros_ws_test/install/mongodb_store/bin
[5.591s] running build
[5.591s] running build_py
[5.593s] running install
[5.593s] running install_lib
[5.600s] running install_egg_info
[5.600s] Removing /home/handsome/ros_ws_test/install/mongodb_store/lib/python2.7/dist-packages/mongodb_store-0.5.0.egg-info
[5.600s] Writing /home/handsome/ros_ws_test/install/mongodb_store/lib/python2.7/dist-packages/mongodb_store-0.5.0.egg-info
[5.611s] -- Up-to-date: /home/handsome/ros_ws_test/install/mongodb_store/share/mongodb_store/srv/GetParam.srv
[5.611s] -- Up-to-date: /home/handsome/ros_ws_test/install/mongodb_store/share/mongodb_store/srv/SetParam.srv
[5.613s] -- Up-to-date: /home/handsome/ros_ws_test/install/mongodb_store/share/mongodb_store/srv/MongoFind.srv
[5.615s] -- Up-to-date: /home/handsome/ros_ws_test/install/mongodb_store/share/mongodb_store/srv/MongoUpdate.srv
[5.616s] -- Up-to-date: /home/handsome/ros_ws_test/install/mongodb_store/share/mongodb_store/srv/MongoInsert.srv
[5.621s] -- Up-to-date: /home/handsome/ros_ws_test/install/mongodb_store/share/mongodb_store/cmake/mongodb_store-msg-paths.cmake
[5.621s] -- Up-to-date: /home/handsome/ros_ws_test/install/mongodb_store/include/mongodb_store
[5.621s] -- Up-to-date: /home/handsome/ros_ws_test/install/mongodb_store/include/mongodb_store/MongoFind.h
[5.621s] -- Up-to-date: /home/handsome/ros_ws_test/install/mongodb_store/include/mongodb_store/MongoUpdate.h
[5.621s] -- Up-to-date: /home/handsome/ros_ws_test/install/mongodb_store/include/mongodb_store/GetParamResponse.h
[5.622s] -- Up-to-date: /home/handsome/ros_ws_test/install/mongodb_store/include/mongodb_store/MongoInsertResponse.h
[5.622s] -- Up-to-date: /home/handsome/ros_ws_test/install/mongodb_store/include/mongodb_store/SetParamRequest.h
[5.622s] -- Up-to-date: /home/handsome/ros_ws_test/install/mongodb_store/include/mongodb_store/MongoUpdateRequest.h
[5.622s] -- Up-to-date: /home/handsome/ros_ws_test/install/mongodb_store/include/mongodb_store/MongoFindResponse.h
[5.622s] -- Up-to-date: /home/handsome/ros_ws_test/install/mongodb_store/include/mongodb_store/SetParam.h
[5.622s] -- Up-to-date: /home/handsome/ros_ws_test/install/mongodb_store/include/mongodb_store/SetParamResponse.h
[5.623s] -- Up-to-date: /home/handsome/ros_ws_test/install/mongodb_store/include/mongodb_store/GetParam.h
[5.623s] -- Up-to-date: /home/handsome/ros_ws_test/install/mongodb_store/include/mongodb_store/GetParamRequest.h
[5.623s] -- Up-to-date: /home/handsome/ros_ws_test/install/mongodb_store/include/mongodb_store/MongoFindRequest.h
[5.623s] -- Up-to-date: /home/handsome/ros_ws_test/install/mongodb_store/include/mongodb_store/MongoInsertRequest.h
[5.623s] -- Up-to-date: /home/handsome/ros_ws_test/install/mongodb_store/include/mongodb_store/MongoUpdateResponse.h
[5.623s] -- Up-to-date: /home/handsome/ros_ws_test/install/mongodb_store/include/mongodb_store/MongoInsert.h
[5.623s] -- Up-to-date: /home/handsome/ros_ws_test/install/mongodb_store/share/roseus/ros/mongodb_store
[5.624s] -- Up-to-date: /home/handsome/ros_ws_test/install/mongodb_store/share/roseus/ros/mongodb_store/manifest.l
[5.624s] -- Up-to-date: /home/handsome/ros_ws_test/install/mongodb_store/share/roseus/ros/mongodb_store/srv
[5.624s] -- Up-to-date: /home/handsome/ros_ws_test/install/mongodb_store/share/roseus/ros/mongodb_store/srv/MongoInsert.l
[5.624s] -- Up-to-date: /home/handsome/ros_ws_test/install/mongodb_store/share/roseus/ros/mongodb_store/srv/GetParam.l
[5.624s] -- Up-to-date: /home/handsome/ros_ws_test/install/mongodb_store/share/roseus/ros/mongodb_store/srv/SetParam.l
[5.624s] -- Up-to-date: /home/handsome/ros_ws_test/install/mongodb_store/share/roseus/ros/mongodb_store/srv/MongoFind.l
[5.625s] -- Up-to-date: /home/handsome/ros_ws_test/install/mongodb_store/share/roseus/ros/mongodb_store/srv/MongoUpdate.l
[5.625s] -- Up-to-date: /home/handsome/ros_ws_test/install/mongodb_store/share/common-lisp/ros/mongodb_store
[5.625s] -- Up-to-date: /home/handsome/ros_ws_test/install/mongodb_store/share/common-lisp/ros/mongodb_store/srv
[5.625s] -- Up-to-date: /home/handsome/ros_ws_test/install/mongodb_store/share/common-lisp/ros/mongodb_store/srv/_package_MongoInsert.lisp
[5.625s] -- Up-to-date: /home/handsome/ros_ws_test/install/mongodb_store/share/common-lisp/ros/mongodb_store/srv/SetParam.lisp
[5.625s] -- Up-to-date: /home/handsome/ros_ws_test/install/mongodb_store/share/common-lisp/ros/mongodb_store/srv/_package_MongoUpdate.lisp
[5.625s] -- Up-to-date: /home/handsome/ros_ws_test/install/mongodb_store/share/common-lisp/ros/mongodb_store/srv/_package_MongoFind.lisp
[5.626s] -- Up-to-date: /home/handsome/ros_ws_test/install/mongodb_store/share/common-lisp/ros/mongodb_store/srv/GetParam.lisp
[5.626s] -- Up-to-date: /home/handsome/ros_ws_test/install/mongodb_store/share/common-lisp/ros/mongodb_store/srv/_package.lisp
[5.626s] -- Up-to-date: /home/handsome/ros_ws_test/install/mongodb_store/share/common-lisp/ros/mongodb_store/srv/MongoUpdate.lisp
[5.626s] -- Up-to-date: /home/handsome/ros_ws_test/install/mongodb_store/share/common-lisp/ros/mongodb_store/srv/mongodb_store-srv.asd
[5.626s] -- Up-to-date: /home/handsome/ros_ws_test/install/mongodb_store/share/common-lisp/ros/mongodb_store/srv/_package_GetParam.lisp
[5.626s] -- Up-to-date: /home/handsome/ros_ws_test/install/mongodb_store/share/common-lisp/ros/mongodb_store/srv/_package_SetParam.lisp
[5.626s] -- Up-to-date: /home/handsome/ros_ws_test/install/mongodb_store/share/common-lisp/ros/mongodb_store/srv/MongoFind.lisp
[5.626s] -- Up-to-date: /home/handsome/ros_ws_test/install/mongodb_store/share/common-lisp/ros/mongodb_store/srv/MongoInsert.lisp
[5.627s] -- Up-to-date: /home/handsome/ros_ws_test/install/mongodb_store/share/gennodejs/ros/mongodb_store
[5.627s] -- Up-to-date: /home/handsome/ros_ws_test/install/mongodb_store/share/gennodejs/ros/mongodb_store/_index.js
[5.627s] -- Up-to-date: /home/handsome/ros_ws_test/install/mongodb_store/share/gennodejs/ros/mongodb_store/srv
[5.627s] -- Up-to-date: /home/handsome/ros_ws_test/install/mongodb_store/share/gennodejs/ros/mongodb_store/srv/MongoUpdate.js
[5.627s] -- Up-to-date: /home/handsome/ros_ws_test/install/mongodb_store/share/gennodejs/ros/mongodb_store/srv/MongoFind.js
[5.627s] -- Up-to-date: /home/handsome/ros_ws_test/install/mongodb_store/share/gennodejs/ros/mongodb_store/srv/_index.js
[5.627s] -- Up-to-date: /home/handsome/ros_ws_test/install/mongodb_store/share/gennodejs/ros/mongodb_store/srv/MongoInsert.js
[5.628s] -- Up-to-date: /home/handsome/ros_ws_test/install/mongodb_store/share/gennodejs/ros/mongodb_store/srv/GetParam.js
[5.628s] -- Up-to-date: /home/handsome/ros_ws_test/install/mongodb_store/share/gennodejs/ros/mongodb_store/srv/SetParam.js
[5.682s] Listing /home/handsome/ros_ws_test/build/mongodb_store/devel/lib/python2.7/dist-packages/mongodb_store ...
[5.682s] Listing /home/handsome/ros_ws_test/build/mongodb_store/devel/lib/python2.7/dist-packages/mongodb_store/srv ...
[5.683s] -- Up-to-date: /home/handsome/ros_ws_test/install/mongodb_store/lib/python2.7/dist-packages/mongodb_store
[5.683s] -- Up-to-date: /home/handsome/ros_ws_test/install/mongodb_store/lib/python2.7/dist-packages/mongodb_store/srv
[5.683s] -- Up-to-date: /home/handsome/ros_ws_test/install/mongodb_store/lib/python2.7/dist-packages/mongodb_store/srv/_MongoUpdate.pyc
[5.683s] -- Up-to-date: /home/handsome/ros_ws_test/install/mongodb_store/lib/python2.7/dist-packages/mongodb_store/srv/_SetParam.py
[5.683s] -- Up-to-date: /home/handsome/ros_ws_test/install/mongodb_store/lib/python2.7/dist-packages/mongodb_store/srv/_MongoFind.pyc
[5.683s] -- Up-to-date: /home/handsome/ros_ws_test/install/mongodb_store/lib/python2.7/dist-packages/mongodb_store/srv/_MongoInsert.pyc
[5.683s] -- Up-to-date: /home/handsome/ros_ws_test/install/mongodb_store/lib/python2.7/dist-packages/mongodb_store/srv/_GetParam.pyc
[5.683s] -- Up-to-date: /home/handsome/ros_ws_test/install/mongodb_store/lib/python2.7/dist-packages/mongodb_store/srv/_GetParam.py
[5.684s] -- Up-to-date: /home/handsome/ros_ws_test/install/mongodb_store/lib/python2.7/dist-packages/mongodb_store/srv/_MongoFind.py
[5.684s] -- Up-to-date: /home/handsome/ros_ws_test/install/mongodb_store/lib/python2.7/dist-packages/mongodb_store/srv/_MongoUpdate.py
[5.685s] -- Up-to-date: /home/handsome/ros_ws_test/install/mongodb_store/lib/python2.7/dist-packages/mongodb_store/srv/_SetParam.pyc
[5.685s] -- Up-to-date: /home/handsome/ros_ws_test/install/mongodb_store/lib/python2.7/dist-packages/mongodb_store/srv/_MongoInsert.py
[5.685s] -- Up-to-date: /home/handsome/ros_ws_test/install/mongodb_store/lib/python2.7/dist-packages/mongodb_store
[5.685s] -- Up-to-date: /home/handsome/ros_ws_test/install/mongodb_store/lib/python2.7/dist-packages/mongodb_store/srv
[5.685s] -- Up-to-date: /home/handsome/ros_ws_test/install/mongodb_store/lib/python2.7/dist-packages/mongodb_store/srv/__init__.py
[5.685s] -- Up-to-date: /home/handsome/ros_ws_test/install/mongodb_store/lib/python2.7/dist-packages/mongodb_store/srv/__init__.pyc
[5.685s] -- Up-to-date: /home/handsome/ros_ws_test/install/mongodb_store/lib/pkgconfig/mongodb_store.pc
[5.685s] -- Up-to-date: /home/handsome/ros_ws_test/install/mongodb_store/share/mongodb_store/cmake/mongodb_store-msg-extras.cmake
[5.685s] -- Up-to-date: /home/handsome/ros_ws_test/install/mongodb_store/share/mongodb_store/cmake/mongodb_storeConfig.cmake
[5.685s] -- Up-to-date: /home/handsome/ros_ws_test/install/mongodb_store/share/mongodb_store/cmake/mongodb_storeConfig-version.cmake
[5.686s] -- Up-to-date: /home/handsome/ros_ws_test/install/mongodb_store/share/mongodb_store/package.xml
[5.686s] -- Up-to-date: /home/handsome/ros_ws_test/install/mongodb_store/lib/mongodb_store
[5.686s] -- Up-to-date: /home/handsome/ros_ws_test/install/mongodb_store/lib/mongodb_store/config_manager.py
[5.686s] -- Up-to-date: /home/handsome/ros_ws_test/install/mongodb_store/lib/mongodb_store/replicator_client.py
[5.686s] -- Up-to-date: /home/handsome/ros_ws_test/install/mongodb_store/lib/mongodb_store/replicator_node.py
[5.686s] -- Up-to-date: /home/handsome/ros_ws_test/install/mongodb_store/lib/mongodb_store/mongodb_play.py
[5.686s] -- Up-to-date: /home/handsome/ros_ws_test/install/mongodb_store/lib/mongodb_store/message_store_node.py
[5.686s] -- Up-to-date: /home/handsome/ros_ws_test/install/mongodb_store/lib/mongodb_store/example_message_store_client.py
[5.687s] -- Up-to-date: /home/handsome/ros_ws_test/install/mongodb_store/lib/mongodb_store/mongodb_server.py
[5.687s] -- Up-to-date: /home/handsome/ros_ws_test/install/mongodb_store/lib/mongodb_store/mongo_bridge.py
[5.688s] -- Up-to-date: /home/handsome/ros_ws_test/install/mongodb_store/lib/mongodb_store/example_multi_event_log.py
[5.688s] -- Up-to-date: /home/handsome/ros_ws_test/install/mongodb_store/share/mongodb_store/launch
[5.688s] -- Up-to-date: /home/handsome/ros_ws_test/install/mongodb_store/share/mongodb_store/launch/mongodb_store_inc.launch
[5.688s] -- Up-to-date: /home/handsome/ros_ws_test/install/mongodb_store/share/mongodb_store/launch/mongodb_store.launch
[5.689s] -- Up-to-date: /home/handsome/ros_ws_test/install/mongodb_store/share/mongodb_store/launch/_mongodb_store.launch
[5.689s] -- Up-to-date: /home/handsome/ros_ws_test/install/mongodb_store/include/mongodb_store
[5.689s] -- Up-to-date: /home/handsome/ros_ws_test/install/mongodb_store/include/mongodb_store/message_store.h
[5.690s] -- Up-to-date: /home/handsome/ros_ws_test/install/mongodb_store/include/mongodb_store/util.h
[5.691s] -- Up-to-date: /home/handsome/ros_ws_test/install/mongodb_store/lib/mongodb_store/example_mongodb_store_cpp_client
[5.691s] -- Up-to-date: /home/handsome/ros_ws_test/install/mongodb_store/lib/mongodb_store/example_multi_event_log
[5.692s] -- Up-to-date: /home/handsome/ros_ws_test/install/mongodb_store/lib/libmessage_store.so
[5.722s] Invoked command in '/home/handsome/ros_ws_test/build/mongodb_store' returned '0': CMAKE_PREFIX_PATH=/home/handsome/ros_ws_test/install/mongodb_store_msgs:${CMAKE_PREFIX_PATH} PKG_CONFIG_PATH=/home/handsome/ros_ws_test/install/mongodb_store_msgs/lib/x86_64-linux-gnu/pkgconfig:/home/handsome/ros_ws_test/install/mongodb_store_msgs/lib/pkgconfig:${PKG_CONFIG_PATH} PYTHONPATH=/home/handsome/ros_ws_test/install/mongodb_store_msgs/lib/python2.7/dist-packages:${PYTHONPATH} ROS_PACKAGE_PATH=/home/handsome/ros_ws_test/install/mongodb_store_msgs/share:${ROS_PACKAGE_PATH} /usr/bin/cmake --build /home/handsome/ros_ws_test/build/mongodb_store --target install -- -j12 -l12
