WARNING: Target "ros_utility_tools" requests linking to directory "/usr/include".  Targets may link only to libraries.  CMake is dropping the item.
[01m[K/home/handsome/ros_ws_test/src/ros_base/ros_utility_tools/src/Modbus_client.cpp:[m[K In constructor ‘[01m[KModbus_client::Modbus_client(Modbus_Type)[m[K’:
[01m[K/home/handsome/ros_ws_test/src/ros_base/ros_utility_tools/src/Modbus_client.cpp:12:9:[m[K [01;35m[Kwarning: [m[Kunused variable ‘[01m[Krtu_baud[m[K’ [[01;35m[K-Wunused-variable[m[K]
     int [01;35m[Krtu_baud[m[K = 115200 ;
         [01;35m[K^~~~~~~~[m[K
[01m[K/home/handsome/ros_ws_test/src/ros_base/ros_utility_tools/src/Modbus_client.cpp:13:10:[m[K [01;35m[Kwarning: [m[Kunused variable ‘[01m[Krtu_parity[m[K’ [[01;35m[K-Wunused-variable[m[K]
     char [01;35m[Krtu_parity[m[K = 'N';
          [01;35m[K^~~~~~~~~~[m[K
[01m[K/home/handsome/ros_ws_test/src/ros_base/ros_utility_tools/src/Modbus_client.cpp:[m[K In member function ‘[01m[Kvoid Modbus_client::rtu_crltparam(std::__cxx11::string, int, int, int, char, int)[m[K’:
[01m[K/home/handsome/ros_ws_test/src/ros_base/ros_utility_tools/src/Modbus_client.cpp:55:9:[m[K [01;35m[Kwarning: [m[Kunused variable ‘[01m[Krtu_baud[m[K’ [[01;35m[K-Wunused-variable[m[K]
     int [01;35m[Krtu_baud[m[K = _baud ;
         [01;35m[K^~~~~~~~[m[K
[01m[K/home/handsome/ros_ws_test/src/ros_base/ros_utility_tools/src/Modbus_client.cpp:56:10:[m[K [01;35m[Kwarning: [m[Kunused variable ‘[01m[Krtu_parity[m[K’ [[01;35m[K-Wunused-variable[m[K]
     char [01;35m[Krtu_parity[m[K = _parity;
          [01;35m[K^~~~~~~~~~[m[K
In file included from [01m[K/home/handsome/ros_ws_test/src/ros_base/ros_utility_tools/src/Modbus_server.cpp:3:0[m[K:
[01m[K/home/handsome/ros_ws_test/src/ros_base/ros_utility_tools/include/Modbus_server.h:[m[K In constructor ‘[01m[KModbus_server::Modbus_server(Modbus_srv_Type, bool)[m[K’:
[01m[K/home/handsome/ros_ws_test/src/ros_base/ros_utility_tools/include/Modbus_server.h:75:19:[m[K [01;35m[Kwarning: [m[K‘[01m[KModbus_server::_Modbus_Type[m[K’ will be initialized after [[01;35m[K-Wreorder[m[K]
   Modbus_srv_Type [01;35m[K_Modbus_Type[m[K ; // rtu or tcp selection
                   [01;35m[K^~~~~~~~~~~~[m[K
[01m[K/home/handsome/ros_ws_test/src/ros_base/ros_utility_tools/include/Modbus_server.h:37:8:[m[K [01;35m[Kwarning: [m[K  ‘[01m[Kbool Modbus_server::b_modbus_conn[m[K’ [[01;35m[K-Wreorder[m[K]
   bool [01;35m[Kb_modbus_conn[m[K ;
        [01;35m[K^~~~~~~~~~~~~[m[K
[01m[K/home/handsome/ros_ws_test/src/ros_base/ros_utility_tools/src/Modbus_server.cpp:6:1:[m[K [01;35m[Kwarning: [m[K  when initialized here [[01;35m[K-Wreorder[m[K]
 [01;35m[KModbus_server[m[K::Modbus_server(Modbus_srv_Type srv_Type,bool b_debug):_Modbus_Type(srv_Type),
 [01;35m[K^~~~~~~~~~~~~[m[K
[01m[K/home/handsome/ros_ws_test/src/ros_base/ros_utility_tools/src/Modbus_server.cpp:13:9:[m[K [01;35m[Kwarning: [m[Kunused variable ‘[01m[Krtu_baud[m[K’ [[01;35m[K-Wunused-variable[m[K]
     int [01;35m[Krtu_baud[m[K = 115200 ;
         [01;35m[K^~~~~~~~[m[K
[01m[K/home/handsome/ros_ws_test/src/ros_base/ros_utility_tools/src/Modbus_server.cpp:14:10:[m[K [01;35m[Kwarning: [m[Kunused variable ‘[01m[Krtu_parity[m[K’ [[01;35m[K-Wunused-variable[m[K]
     char [01;35m[Krtu_parity[m[K = 'N';
          [01;35m[K^~~~~~~~~~[m[K
[01m[K/home/handsome/ros_ws_test/src/ros_base/ros_utility_tools/src/Modbus_server.cpp:[m[K In member function ‘[01m[Kvoid Modbus_server::rtu_crltparam(std::__cxx11::string, int, int, int, char, int)[m[K’:
[01m[K/home/handsome/ros_ws_test/src/ros_base/ros_utility_tools/src/Modbus_server.cpp:102:9:[m[K [01;35m[Kwarning: [m[Kunused variable ‘[01m[Krtu_baud[m[K’ [[01;35m[K-Wunused-variable[m[K]
     int [01;35m[Krtu_baud[m[K = _baud ;
         [01;35m[K^~~~~~~~[m[K
[01m[K/home/handsome/ros_ws_test/src/ros_base/ros_utility_tools/src/Modbus_server.cpp:103:10:[m[K [01;35m[Kwarning: [m[Kunused variable ‘[01m[Krtu_parity[m[K’ [[01;35m[K-Wunused-variable[m[K]
     char [01;35m[Krtu_parity[m[K = _parity;
          [01;35m[K^~~~~~~~~~[m[K
[01m[K/home/handsome/ros_ws_test/src/ros_base/ros_utility_tools/src/Modbus_server.cpp:[m[K In member function ‘[01m[Kbool Modbus_server::modbus_init_connect()[m[K’:
[01m[K/home/handsome/ros_ws_test/src/ros_base/ros_utility_tools/src/Modbus_server.cpp:146:9:[m[K [01;35m[Kwarning: [m[Kunused variable ‘[01m[Ktry_counter[m[K’ [[01;35m[K-Wunused-variable[m[K]
     int [01;35m[Ktry_counter[m[K = 0 ;
         [01;35m[K^~~~~~~~~~~[m[K
In file included from [01m[K/home/handsome/ros_ws_test/src/ros_base/ros_utility_tools/include/base_mongodbstore_client.h:5:0[m[K,
                 from [01m[K/home/handsome/ros_ws_test/src/ros_base/ros_utility_tools/src/base_mongodbstore_client.cpp:2[m[K:
[01m[K/home/handsome/ros_ws_test/install/mongodb_store/include/mongodb_store/message_store.h:[m[K In constructor ‘[01m[Kmongodb_store::MessageStoreProxy::MessageStoreProxy(ros::NodeHandle, const string&, const string&, const string&)[m[K’:
[01m[K/home/handsome/ros_ws_test/install/mongodb_store/include/mongodb_store/message_store.h:524:18:[m[K [01;35m[Kwarning: [m[K‘[01m[Kmongodb_store::MessageStoreProxy::m_insertPub[m[K’ will be initialized after [[01;35m[K-Wreorder[m[K]
   ros::Publisher [01;35m[Km_insertPub[m[K;
                  [01;35m[K^~~~~~~~~~~[m[K
[01m[K/home/handsome/ros_ws_test/install/mongodb_store/include/mongodb_store/message_store.h:517:14:[m[K [01;35m[Kwarning: [m[K  ‘[01m[Kstd::__cxx11::string mongodb_store::MessageStoreProxy::m_database[m[K’ [[01;35m[K-Wreorder[m[K]
  std::string [01;35m[Km_database[m[K;
              [01;35m[K^~~~~~~~~~[m[K
In file included from [01m[K/home/handsome/ros_ws_test/src/ros_base/ros_utility_tools/include/base_mongodbstore_client.h:5:0[m[K,
                 from [01m[K/home/handsome/ros_ws_test/src/ros_base/ros_utility_tools/src/base_mongodbstore_client.cpp:2[m[K:
[01m[K/home/handsome/ros_ws_test/install/mongodb_store/include/mongodb_store/message_store.h:92:2:[m[K [01;35m[Kwarning: [m[K  when initialized here [[01;35m[K-Wreorder[m[K]
  [01;35m[KMessageStoreProxy[m[K(ros::NodeHandle handle,
  [01;35m[K^~~~~~~~~~~~~~~~~[m[K
In file included from [01m[K/home/handsome/ros_ws_test/src/ros_base/ros_utility_tools/include/table_mongodbstore_client.h:5:0[m[K,
                 from [01m[K/home/handsome/ros_ws_test/src/ros_base/ros_utility_tools/src/table_mongodbstore_client.cpp:1[m[K:
[01m[K/home/handsome/ros_ws_test/install/mongodb_store/include/mongodb_store/message_store.h:[m[K In constructor ‘[01m[Kmongodb_store::MessageStoreProxy::MessageStoreProxy(ros::NodeHandle, const string&, const string&, const string&)[m[K’:
[01m[K/home/handsome/ros_ws_test/install/mongodb_store/include/mongodb_store/message_store.h:524:18:[m[K [01;35m[Kwarning: [m[K‘[01m[Kmongodb_store::MessageStoreProxy::m_insertPub[m[K’ will be initialized after [[01;35m[K-Wreorder[m[K]
   ros::Publisher [01;35m[Km_insertPub[m[K;
                  [01;35m[K^~~~~~~~~~~[m[K
[01m[K/home/handsome/ros_ws_test/install/mongodb_store/include/mongodb_store/message_store.h:517:14:[m[K [01;35m[Kwarning: [m[K  ‘[01m[Kstd::__cxx11::string mongodb_store::MessageStoreProxy::m_database[m[K’ [[01;35m[K-Wreorder[m[K]
  std::string [01;35m[Km_database[m[K;
              [01;35m[K^~~~~~~~~~[m[K
In file included from [01m[K/home/handsome/ros_ws_test/src/ros_base/ros_utility_tools/include/table_mongodbstore_client.h:5:0[m[K,
                 from [01m[K/home/handsome/ros_ws_test/src/ros_base/ros_utility_tools/src/table_mongodbstore_client.cpp:1[m[K:
[01m[K/home/handsome/ros_ws_test/install/mongodb_store/include/mongodb_store/message_store.h:92:2:[m[K [01;35m[Kwarning: [m[K  when initialized here [[01;35m[K-Wreorder[m[K]
  [01;35m[KMessageStoreProxy[m[K(ros::NodeHandle handle,
  [01;35m[K^~~~~~~~~~~~~~~~~[m[K
In file included from [01m[K/home/handsome/ros_ws_test/src/ros_base/ros_utility_tools/src/base_mongodbstore_client.cpp:2:0[m[K:
[01m[K/home/handsome/ros_ws_test/src/ros_base/ros_utility_tools/include/base_mongodbstore_client.h:[m[K In member function ‘[01m[Kbool base_mongodbstore_client::database_Insert(const boost::shared_ptr<X>&)[m[K’:
[01m[K/home/handsome/ros_ws_test/src/ros_base/ros_utility_tools/include/base_mongodbstore_client.h:47:27:[m[K [01;35m[Kwarning: [m[Kthere are no arguments to ‘[01m[Kget_Now_LocalTime[m[K’ that depend on a template parameter, so a declaration of ‘[01m[Kget_Now_LocalTime[m[K’ must be available [[01;35m[K-fpermissive[m[K]
    (*_data).update_time = [01;35m[Kget_Now_LocalTime[m[K();  //-- from tools
                           [01;35m[K^~~~~~~~~~~~~~~~~[m[K
[01m[K/home/handsome/ros_ws_test/src/ros_base/ros_utility_tools/include/base_mongodbstore_client.h:[m[K In member function ‘[01m[Kbool base_mongodbstore_client::database_modify(const boost::shared_ptr<X>&)[m[K’:
[01m[K/home/handsome/ros_ws_test/src/ros_base/ros_utility_tools/include/base_mongodbstore_client.h:59:27:[m[K [01;35m[Kwarning: [m[Kthere are no arguments to ‘[01m[Kget_Now_LocalTime[m[K’ that depend on a template parameter, so a declaration of ‘[01m[Kget_Now_LocalTime[m[K’ must be available [[01;35m[K-fpermissive[m[K]
    (*_data).update_time = [01;35m[Kget_Now_LocalTime[m[K();
                           [01;35m[K^~~~~~~~~~~~~~~~~[m[K
In file included from [01m[K/home/handsome/ros_ws_test/src/ros_base/ros_utility_tools/src/table_mongodbstore_client.cpp:1:0[m[K:
[01m[K/home/handsome/ros_ws_test/src/ros_base/ros_utility_tools/include/table_mongodbstore_client.h:[m[K In member function ‘[01m[Kbool table_mongodbstore_client<MsgType, MsgType_req, MsgType_resp>::mongo_table_Insert(const boost::shared_ptr<X>&)[m[K’:
[01m[K/home/handsome/ros_ws_test/src/ros_base/ros_utility_tools/include/table_mongodbstore_client.h:96:27:[m[K [01;35m[Kwarning: [m[Kthere are no arguments to ‘[01m[Kget_Now_LocalTime[m[K’ that depend on a template parameter, so a declaration of ‘[01m[Kget_Now_LocalTime[m[K’ must be available [[01;35m[K-fpermissive[m[K]
    (*_data).update_time = [01;35m[Kget_Now_LocalTime[m[K();  //-- from tools
                           [01;35m[K^~~~~~~~~~~~~~~~~[m[K
[01m[K/home/handsome/ros_ws_test/src/ros_base/ros_utility_tools/include/table_mongodbstore_client.h:[m[K In member function ‘[01m[Kbool table_mongodbstore_client<MsgType, MsgType_req, MsgType_resp>::mongo_table_modify(const boost::shared_ptr<X>&)[m[K’:
[01m[K/home/handsome/ros_ws_test/src/ros_base/ros_utility_tools/include/table_mongodbstore_client.h:107:27:[m[K [01;35m[Kwarning: [m[Kthere are no arguments to ‘[01m[Kget_Now_LocalTime[m[K’ that depend on a template parameter, so a declaration of ‘[01m[Kget_Now_LocalTime[m[K’ must be available [[01;35m[K-fpermissive[m[K]
    (*_data).update_time = [01;35m[Kget_Now_LocalTime[m[K();
                           [01;35m[K^~~~~~~~~~~~~~~~~[m[K
[01m[K/home/handsome/ros_ws_test/src/ros_base/ros_utility_tools/include/table_mongodbstore_client.h:[m[K In member function ‘[01m[Kbool table_mongodbstore_client<MsgType, MsgType_req, MsgType_resp>::response_table_data_Query(std::__cxx11::string, std::__cxx11::string, std::__cxx11::string, MsgType_resp&)[m[K’:
[01m[K/home/handsome/ros_ws_test/src/ros_base/ros_utility_tools/include/table_mongodbstore_client.h:391:16:[m[K [01;35m[Kwarning: [m[Kthere are no arguments to ‘[01m[Kstrtoint[m[K’ that depend on a template parameter, so a declaration of ‘[01m[Kstrtoint[m[K’ must be available [[01;35m[K-fpermissive[m[K]
    int _type = [01;35m[Kstrtoint[m[K(base_index,-1); //-- search type
                [01;35m[K^~~~~~~~[m[K
[01m[K/home/handsome/ros_ws_test/src/ros_base/ros_utility_tools/include/table_mongodbstore_client.h:[m[K In member function ‘[01m[Kbool table_mongodbstore_client<MsgType, MsgType_req, MsgType_resp>::srv_Eval_db_table_srv_service(MsgType_req&, MsgType_resp&)[m[K’:
[01m[K/home/handsome/ros_ws_test/src/ros_base/ros_utility_tools/include/table_mongodbstore_client.h:470:25:[m[K [01;35m[Kwarning: [m[Kthere are no arguments to ‘[01m[Kconvert_str[m[K’ that depend on a template parameter, so a declaration of ‘[01m[Kconvert_str[m[K’ must be available [[01;35m[K-fpermissive[m[K]
       resp.error_code = [01;35m[Kconvert_str[m[K((int)table_srv_error_type) ;
                         [01;35m[K^~~~~~~~~~~[m[K
[01m[K/home/handsome/ros_ws_test/src/ros_base/ros_utility_tools/include/table_mongodbstore_client.h:479:25:[m[K [01;35m[Kwarning: [m[Kthere are no arguments to ‘[01m[Kconvert_str[m[K’ that depend on a template parameter, so a declaration of ‘[01m[Kconvert_str[m[K’ must be available [[01;35m[K-fpermissive[m[K]
       resp.error_code = [01;35m[Kconvert_str[m[K((int)table_srv_error_type) ;
                         [01;35m[K^~~~~~~~~~~[m[K
[01m[K/home/handsome/ros_ws_test/src/ros_base/ros_utility_tools/include/table_mongodbstore_client.h:487:25:[m[K [01;35m[Kwarning: [m[Kthere are no arguments to ‘[01m[Kconvert_str[m[K’ that depend on a template parameter, so a declaration of ‘[01m[Kconvert_str[m[K’ must be available [[01;35m[K-fpermissive[m[K]
       resp.error_code = [01;35m[Kconvert_str[m[K((int)edb_tb_err_type_none) ;
                         [01;35m[K^~~~~~~~~~~[m[K
[01m[K/home/handsome/ros_ws_test/src/ros_base/ros_utility_tools/include/table_mongodbstore_client.h:504:25:[m[K [01;35m[Kwarning: [m[Kthere are no arguments to ‘[01m[Kconvert_str[m[K’ that depend on a template parameter, so a declaration of ‘[01m[Kconvert_str[m[K’ must be available [[01;35m[K-fpermissive[m[K]
       resp.error_code = [01;35m[Kconvert_str[m[K((int)edb_tb_err_type_none) ;
                         [01;35m[K^~~~~~~~~~~[m[K
[01m[K/home/handsome/ros_ws_test/src/ros_base/ros_utility_tools/include/table_mongodbstore_client.h:509:25:[m[K [01;35m[Kwarning: [m[Kthere are no arguments to ‘[01m[Kconvert_str[m[K’ that depend on a template parameter, so a declaration of ‘[01m[Kconvert_str[m[K’ must be available [[01;35m[K-fpermissive[m[K]
       resp.error_code = [01;35m[Kconvert_str[m[K((int)table_srv_error_type) ;
                         [01;35m[K^~~~~~~~~~~[m[K
[01m[K/home/handsome/ros_ws_test/src/ros_base/ros_utility_tools/include/table_mongodbstore_client.h:520:25:[m[K [01;35m[Kwarning: [m[Kthere are no arguments to ‘[01m[Kconvert_str[m[K’ that depend on a template parameter, so a declaration of ‘[01m[Kconvert_str[m[K’ must be available [[01;35m[K-fpermissive[m[K]
       resp.error_code = [01;35m[Kconvert_str[m[K((int)edb_tb_err_type_none) ;
                         [01;35m[K^~~~~~~~~~~[m[K
[01m[K/home/handsome/ros_ws_test/src/ros_base/ros_utility_tools/include/table_mongodbstore_client.h:525:25:[m[K [01;35m[Kwarning: [m[Kthere are no arguments to ‘[01m[Kconvert_str[m[K’ that depend on a template parameter, so a declaration of ‘[01m[Kconvert_str[m[K’ must be available [[01;35m[K-fpermissive[m[K]
       resp.error_code = [01;35m[Kconvert_str[m[K((int)table_srv_error_type) ;
                         [01;35m[K^~~~~~~~~~~[m[K
[01m[K/home/handsome/ros_ws_test/src/ros_base/ros_utility_tools/include/table_mongodbstore_client.h:533:24:[m[K [01;35m[Kwarning: [m[Kthere are no arguments to ‘[01m[Kconvert_str[m[K’ that depend on a template parameter, so a declaration of ‘[01m[Kconvert_str[m[K’ must be available [[01;35m[K-fpermissive[m[K]
      resp.error_code = [01;35m[Kconvert_str[m[K((int)edb_tb_err_type_none) ;
                        [01;35m[K^~~~~~~~~~~[m[K
