[0.073s] Invoking command in '/home/handsome/ros_ws_test/build/tug_example_msgs': /usr/bin/cmake /home/handsome/ros_ws_test/src/ros_base/PNPros/example/tug_example_msgs -DCATKIN_INSTALL_INTO_PREFIX_ROOT=0 -DCMAKE_INSTALL_PREFIX=/home/handsome/ros_ws_test/install/tug_example_msgs
[0.224s] -- The C compiler identification is GNU 7.5.0
[0.369s] -- The CXX compiler identification is GNU 7.5.0
[0.383s] -- Check for working C compiler: /usr/bin/cc
[0.562s] -- Check for working C compiler: /usr/bin/cc -- works
[0.563s] -- Detecting C compiler ABI info
[0.782s] -- Detecting C compiler ABI info - done
[0.807s] -- Detecting C compile features
[1.518s] -- Detecting C compile features - done
[1.533s] -- Check for working CXX compiler: /usr/bin/c++
[1.764s] -- Check for working CXX compiler: /usr/bin/c++ -- works
[1.765s] -- Detecting CXX compiler ABI info
[1.978s] -- Detecting CXX compiler ABI info - done
[1.995s] -- Detecting CXX compile features
[2.877s] -- Detecting CXX compile features - done
[2.894s] -- Using CATKIN_DEVEL_PREFIX: /home/handsome/ros_ws_test/build/tug_example_msgs/devel
[2.895s] -- Using CMAKE_PREFIX_PATH: /home/handsome/ros_ws/install/yocs_cmd_vel_mux;/home/handsome/ros_ws/install/urdf_tutorial;/home/handsome/ros_ws/install/tuw_waypoint_to_spline_msgs;/home/handsome/ros_ws/install/tuw_multi_robot_router;/home/handsome/ros_ws/install/tuw_voronoi_graph;/home/handsome/ros_ws/install/tuw_vehicle_msgs;/home/handsome/ros_ws/install/tuw_order_planner;/home/handsome/ros_ws/install/tuw_object_rviz;/home/handsome/ros_ws/install/tuw_object_msgs;/home/handsome/ros_ws/install/tuw_nav_rviz;/home/handsome/ros_ws/install/tuw_multi_robot_local_behavior_controller;/home/handsome/ros_ws/install/tuw_multi_robot_ctrl;/home/handsome/ros_ws/install/tuw_nav_msgs;/home/handsome/ros_ws/install/tuw_multi_robot_rviz;/home/handsome/ros_ws/install/tuw_multi_robot_goal_generator;/home/handsome/ros_ws/install/robot_scheduling_utility;/home/handsome/ros_ws/install/robot_scheduling_actions;/home/handsome/ros_ws/install/actionlib_modules_bridge;/home/handsome/ros_ws/install/tuw_multi_robot_msgs;/home/handsome/ros_ws/install/tuw_multi_robot_demo;/home/handsome/ros_ws/install/tuw_local_controller_msgs;/home/handsome/ros_ws/install/tuw_geometry_rviz;/home/handsome/ros_ws/install/tuw_geometry_msgs;/home/handsome/ros_ws/install/tuw_geometry;/home/handsome/ros_ws/install/tuw_gazebo_msgs;/home/handsome/ros_ws/install/tuw_control;/home/handsome/ros_ws/install/tuw_airskin_msgs;/home/handsome/ros_ws/install/turtlebot_teleop;/home/handsome/ros_ws/install/tug_example_pnp_server;/home/handsome/ros_ws/install/tug_example_actions;/home/handsome/ros_ws/install/tug_example_msgs;/home/handsome/ros_ws/install/timed_roslaunch;/home/handsome/ros_ws/install/teb2_local_planner;/home/handsome/ros_ws/install/stated_roslaunch;/home/handsome/ros_ws/install/spatio_temporal_voxel_layer;/home/handsome/ros_ws/install/robot_udp_bridge;/home/handsome/ros_ws/install/robot_database_bridge;/home/handsome/ros_ws/install/samsungcmd_msgs;/home/handsome/ros_ws/install/rplidar_ros;/home/handsome/ros_ws/install/rp_action;/home/handsome/ros_ws/install/rp_action_msgs;/home/handsome/ros_ws/install/rosserial_xbee;/home/handsome/ros_ws/install/rosserial_windows;/home/handsome/ros_ws/install/rosserial_tivac;/home/handsome/ros_ws/install/rosserial_test;/home/handsome/ros_ws/install/rosserial_server;/home/handsome/ros_ws/install/rosserial_python;/home/handsome/ros_ws/install/rosserial_mbed;/home/handsome/ros_ws/install/rosserial_embeddedlinux;/home/handsome/ros_ws/install/rosserial_arduino;/home/handsome/ros_ws/install/rosserial_client;/home/handsome/ros_ws/install/rosserial_msgs;/home/handsome/ros_ws/install/cellctrl_qtgui_bridge;/home/handsome/ros_ws/install/car_db_manager_qtgui;/home/handsome/ros_ws/install/car_db_manager_bridge;/home/handsome/ros_ws/install/car_db_manager_action;/home/handsome/ros_ws/install/ros_utility_tools;/home/handsome/ros_ws/install/ros_package_test;/home/handsome/ros_ws/install/ros_package_manager;/home/handsome/ros_ws/install/robot_scheduling_server;/home/handsome/ros_ws/install/robot_scheduling_msgs;/home/handsome/ros_ws/install/robot_localization;/home/handsome/ros_ws/install/robot_control_msgs;/home/handsome/ros_ws/install/reset_location;/home/handsome/ros_ws/install/razor_imu_9dof;/home/handsome/ros_ws/install/pnp_rosplan;/home/handsome/ros_ws/install/actionlib_pnp_controller;/home/handsome/ros_ws/install/actionlib_modules_controller;/home/handsome/ros_ws/install/pnp_ros;/home/handsome/ros_ws/install/pnp_msgs;/home/handsome/ros_ws/install/open_auto_dock;/home/handsome/ros_ws/install/open_auto_dock_msgs;/home/handsome/ros_ws/install/omron_os32c_driver;/home/handsome/ros_ws/install/dlux_plugins;/home/handsome/ros_ws/install/dlux_global_planner;/home/handsome/ros_ws/install/nav_grid_pub_sub;/home/handsome/ros_ws/install/dwb_critics;/home/handsome/ros_ws/install/nav_grid_iterators;/home/handsome/ros_ws/install/locomove_base;/home/handsome/ros_ws/install/locomotor;/home/handsome/ros_ws/install/nav_core_adapter;/home/handsome/ros_ws/install/dwb_plugins;/home/handsome/ros_ws/install/dwb_local_planner;/home/handsome/ros_ws/install/nav_2d_utils;/home/handsome/ros_ws/install/global_planner_tests;/home/handsome/ros_ws/install/costmap_queue;/home/handsome/ros_ws/install/nav_core2;/home/handsome/ros_ws/install/nav_grid;/home/handsome/ros_ws/install/car_schedule_msgs;/home/handsome/ros_ws/install/actionlib_modules_msgs;/home/handsome/ros_ws/install/locomotor_msgs;/home/handsome/ros_ws/install/dwb_msgs;/home/handsome/ros_ws/install/nav_2d_msgs;/home/handsome/ros_ws/install/mongodb_log;/home/handsome/ros_ws/install/mongodb_store;/home/handsome/ros_ws/install/mongodb_store_msgs;/home/handsome/ros_ws/install/ca_driver;/home/handsome/ros_ws/install/libcreate;/home/handsome/ros_ws/install/i_robot_stage;/home/handsome/ros_ws/install/i_robot_navigation;/home/handsome/ros_ws/install/hyc_order_planner;/home/handsome/ros_ws/install/hyc_multi_robot_msgs;/home/handsome/ros_ws/install/fetch_open_auto_dock;/home/handsome/ros_ws/install/fetch_auto_dock_msgs;/home/handsome/ros_ws/install/change_teb2_max_vel_x_onfly;/home/handsome/ros_ws/install/cellctrl_control_msgs;/home/handsome/ros_ws/install/car_db_manager_msgs;/home/handsome/ros_ws/install/ca_msgs;/home/handsome/ros_ws/install/ca_description;/home/handsome/ros_ws/install/botcmd_msgs;/opt/ros/melodic
[2.910s] -- This workspace overlays: /home/handsome/ros_ws/install/yocs_cmd_vel_mux;/home/handsome/ros_ws/install/urdf_tutorial;/home/handsome/ros_ws/install/tuw_waypoint_to_spline_msgs;/home/handsome/ros_ws/install/tuw_multi_robot_router;/home/handsome/ros_ws/install/tuw_voronoi_graph;/home/handsome/ros_ws/install/tuw_vehicle_msgs;/home/handsome/ros_ws/install/tuw_order_planner;/home/handsome/ros_ws/install/tuw_object_rviz;/home/handsome/ros_ws/install/tuw_object_msgs;/home/handsome/ros_ws/install/tuw_nav_rviz;/home/handsome/ros_ws/install/tuw_multi_robot_local_behavior_controller;/home/handsome/ros_ws/install/tuw_multi_robot_ctrl;/home/handsome/ros_ws/install/tuw_nav_msgs;/home/handsome/ros_ws/install/tuw_multi_robot_rviz;/home/handsome/ros_ws/install/tuw_multi_robot_goal_generator;/home/handsome/ros_ws/install/robot_scheduling_utility;/home/handsome/ros_ws/install/robot_scheduling_actions;/home/handsome/ros_ws/install/actionlib_modules_bridge;/home/handsome/ros_ws/install/tuw_multi_robot_msgs;/home/handsome/ros_ws/install/tuw_multi_robot_demo;/home/handsome/ros_ws/install/tuw_local_controller_msgs;/home/handsome/ros_ws/install/tuw_geometry_rviz;/home/handsome/ros_ws/install/tuw_geometry_msgs;/home/handsome/ros_ws/install/tuw_geometry;/home/handsome/ros_ws/install/tuw_gazebo_msgs;/home/handsome/ros_ws/install/tuw_control;/home/handsome/ros_ws/install/tuw_airskin_msgs;/home/handsome/ros_ws/install/turtlebot_teleop;/home/handsome/ros_ws/install/tug_example_pnp_server;/home/handsome/ros_ws/install/tug_example_actions;/home/handsome/ros_ws/install/tug_example_msgs;/home/handsome/ros_ws/install/timed_roslaunch;/home/handsome/ros_ws/install/teb2_local_planner;/home/handsome/ros_ws/install/stated_roslaunch;/home/handsome/ros_ws/install/spatio_temporal_voxel_layer;/home/handsome/ros_ws/install/robot_udp_bridge;/home/handsome/ros_ws/install/robot_database_bridge;/home/handsome/ros_ws/install/samsungcmd_msgs;/home/handsome/ros_ws/install/rplidar_ros;/home/handsome/ros_ws/install/rp_action;/home/handsome/ros_ws/install/rp_action_msgs;/home/handsome/ros_ws/install/rosserial_xbee;/home/handsome/ros_ws/install/rosserial_windows;/home/handsome/ros_ws/install/rosserial_tivac;/home/handsome/ros_ws/install/rosserial_test;/home/handsome/ros_ws/install/rosserial_server;/home/handsome/ros_ws/install/rosserial_python;/home/handsome/ros_ws/install/rosserial_mbed;/home/handsome/ros_ws/install/rosserial_embeddedlinux;/home/handsome/ros_ws/install/rosserial_arduino;/home/handsome/ros_ws/install/rosserial_client;/home/handsome/ros_ws/install/rosserial_msgs;/home/handsome/ros_ws/install/cellctrl_qtgui_bridge;/home/handsome/ros_ws/install/car_db_manager_qtgui;/home/handsome/ros_ws/install/car_db_manager_bridge;/home/handsome/ros_ws/install/car_db_manager_action;/home/handsome/ros_ws/install/ros_utility_tools;/home/handsome/ros_ws/install/ros_package_test;/home/handsome/ros_ws/install/ros_package_manager;/home/handsome/ros_ws/install/robot_scheduling_server;/home/handsome/ros_ws/install/robot_scheduling_msgs;/home/handsome/ros_ws/install/robot_localization;/home/handsome/ros_ws/install/robot_control_msgs;/home/handsome/ros_ws/install/reset_location;/home/handsome/ros_ws/install/razor_imu_9dof;/home/handsome/ros_ws/install/pnp_rosplan;/home/handsome/ros_ws/install/actionlib_pnp_controller;/home/handsome/ros_ws/install/actionlib_modules_controller;/home/handsome/ros_ws/install/pnp_ros;/home/handsome/ros_ws/install/pnp_msgs;/home/handsome/ros_ws/install/open_auto_dock;/home/handsome/ros_ws/install/open_auto_dock_msgs;/home/handsome/ros_ws/install/omron_os32c_driver;/home/handsome/ros_ws/install/dlux_plugins;/home/handsome/ros_ws/install/dlux_global_planner;/home/handsome/ros_ws/install/nav_grid_pub_sub;/home/handsome/ros_ws/install/dwb_critics;/home/handsome/ros_ws/install/nav_grid_iterators;/home/handsome/ros_ws/install/locomove_base;/home/handsome/ros_ws/install/locomotor;/home/handsome/ros_ws/install/nav_core_adapter;/home/handsome/ros_ws/install/dwb_plugins;/home/handsome/ros_ws/install/dwb_local_planner;/home/handsome/ros_ws/install/nav_2d_utils;/home/handsome/ros_ws/install/global_planner_tests;/home/handsome/ros_ws/install/costmap_queue;/home/handsome/ros_ws/install/nav_core2;/home/handsome/ros_ws/install/nav_grid;/home/handsome/ros_ws/install/car_schedule_msgs;/home/handsome/ros_ws/install/actionlib_modules_msgs;/home/handsome/ros_ws/install/locomotor_msgs;/home/handsome/ros_ws/install/dwb_msgs;/home/handsome/ros_ws/install/nav_2d_msgs;/home/handsome/ros_ws/install/mongodb_log;/home/handsome/ros_ws/install/mongodb_store;/home/handsome/ros_ws/install/mongodb_store_msgs;/home/handsome/ros_ws/install/ca_driver;/home/handsome/ros_ws/install/i_robot_stage;/home/handsome/ros_ws/install/i_robot_navigation;/home/handsome/ros_ws/install/hyc_order_planner;/home/handsome/ros_ws/install/hyc_multi_robot_msgs;/home/handsome/ros_ws/install/fetch_open_auto_dock;/home/handsome/ros_ws/install/fetch_auto_dock_msgs;/home/handsome/ros_ws/install/change_teb2_max_vel_x_onfly;/home/handsome/ros_ws/install/cellctrl_control_msgs;/home/handsome/ros_ws/install/car_db_manager_msgs;/home/handsome/ros_ws/install/ca_msgs;/home/handsome/ros_ws/install/ca_description;/home/handsome/ros_ws/install/botcmd_msgs;/opt/ros/melodic
[2.966s] -- Found PythonInterp: /usr/bin/python2 (found suitable version "2.7.17", minimum required is "2") 
[2.966s] -- Using PYTHON_EXECUTABLE: /usr/bin/python2
[2.967s] -- Using Debian Python package layout
[2.970s] -- Using empy: /usr/bin/empy
[3.317s] -- Using CATKIN_ENABLE_TESTING: ON
[3.317s] -- Call enable_testing()
[3.321s] -- Using CATKIN_TEST_RESULTS_DIR: /home/handsome/ros_ws_test/build/tug_example_msgs/test_results
[3.386s] -- Found gtest sources under '/usr/src/googletest': gtests will be built
[3.386s] -- Found gmock sources under '/usr/src/googletest': gmock will be built
[3.429s] -- Found PythonInterp: /usr/bin/python2 (found version "2.7.17") 
[3.431s] -- Looking for pthread.h
[3.602s] -- Looking for pthread.h - found
[3.603s] -- Looking for pthread_create
[3.770s] -- Looking for pthread_create - not found
[3.771s] -- Looking for pthread_create in pthreads
[3.903s] -- Looking for pthread_create in pthreads - not found
[3.903s] -- Looking for pthread_create in pthread
[4.121s] -- Looking for pthread_create in pthread - found
[4.126s] -- Found Threads: TRUE  
[4.142s] -- Using Python nosetests: /usr/bin/nosetests-2.7
[4.276s] -- catkin 0.7.28
[4.276s] -- BUILD_SHARED_LIBS is on
[4.892s] -- Using these message generators: gencpp;geneus;genlisp;gennodejs;genpy
[5.248s] -- Generating .msg files for action tug_example_msgs/FetchBox /home/handsome/ros_ws_test/src/ros_base/PNPros/example/tug_example_msgs/action/FetchBox.action
[5.322s] Generating for action FetchBox
[5.327s] -- Generating .msg files for action tug_example_msgs/TransportBox /home/handsome/ros_ws_test/src/ros_base/PNPros/example/tug_example_msgs/action/TransportBox.action
[5.395s] Generating for action TransportBox
[5.399s] -- Generating .msg files for action tug_example_msgs/RecoverNotFetchingBox /home/handsome/ros_ws_test/src/ros_base/PNPros/example/tug_example_msgs/action/RecoverNotFetchingBox.action
[5.463s] Generating for action RecoverNotFetchingBox
[5.468s] -- Generating .msg files for action tug_example_msgs/RecoverTimedOut /home/handsome/ros_ws_test/src/ros_base/PNPros/example/tug_example_msgs/action/RecoverTimedOut.action
[5.548s] Generating for action RecoverTimedOut
[5.552s] -- Generating .msg files for action tug_example_msgs/PutBox /home/handsome/ros_ws_test/src/ros_base/PNPros/example/tug_example_msgs/action/PutBox.action
[5.621s] Generating for action PutBox
[5.996s] -- tug_example_msgs: 35 messages, 0 services
[6.468s] -- Configuring done
[6.571s] -- Generating done
[6.591s] -- Build files have been written to: /home/handsome/ros_ws_test/build/tug_example_msgs
[6.604s] Invoked command in '/home/handsome/ros_ws_test/build/tug_example_msgs' returned '0': /usr/bin/cmake /home/handsome/ros_ws_test/src/ros_base/PNPros/example/tug_example_msgs -DCATKIN_INSTALL_INTO_PREFIX_ROOT=0 -DCMAKE_INSTALL_PREFIX=/home/handsome/ros_ws_test/install/tug_example_msgs
[6.610s] Invoking command in '/home/handsome/ros_ws_test/build/tug_example_msgs': /usr/bin/cmake --build /home/handsome/ros_ws_test/build/tug_example_msgs -- -j12 -l12
[6.739s] [35m[1mScanning dependencies of target _tug_example_msgs_generate_messages_check_deps_PutBoxFeedback[0m
[6.860s] [  0%] Built target _tug_example_msgs_generate_messages_check_deps_PutBoxFeedback
[6.897s] [35m[1mScanning dependencies of target _tug_example_msgs_generate_messages_check_deps_RecoverTimedOutActionResult[0m
[7.004s] [  0%] Built target _tug_example_msgs_generate_messages_check_deps_RecoverTimedOutActionResult
[7.032s] [35m[1mScanning dependencies of target _tug_example_msgs_generate_messages_check_deps_FetchBoxActionGoal[0m
[7.143s] [  0%] Built target _tug_example_msgs_generate_messages_check_deps_FetchBoxActionGoal
[7.170s] [35m[1mScanning dependencies of target _tug_example_msgs_generate_messages_check_deps_FetchBoxActionResult[0m
[7.290s] [  0%] Built target _tug_example_msgs_generate_messages_check_deps_FetchBoxActionResult
[7.321s] [35m[1mScanning dependencies of target _tug_example_msgs_generate_messages_check_deps_FetchBoxAction[0m
[7.443s] [  0%] Built target _tug_example_msgs_generate_messages_check_deps_FetchBoxAction
[7.470s] [35m[1mScanning dependencies of target actionlib_msgs_generate_messages_eus[0m
[7.498s] [  0%] Built target actionlib_msgs_generate_messages_eus
[7.532s] [35m[1mScanning dependencies of target _tug_example_msgs_generate_messages_check_deps_PutBoxActionGoal[0m
[7.644s] [  0%] Built target _tug_example_msgs_generate_messages_check_deps_PutBoxActionGoal
[7.672s] [35m[1mScanning dependencies of target _tug_example_msgs_generate_messages_check_deps_FetchBoxGoal[0m
[7.779s] [  0%] Built target _tug_example_msgs_generate_messages_check_deps_FetchBoxGoal
[7.809s] [35m[1mScanning dependencies of target _tug_example_msgs_generate_messages_check_deps_FetchBoxResult[0m
[7.932s] [  0%] Built target _tug_example_msgs_generate_messages_check_deps_FetchBoxResult
[7.958s] [35m[1mScanning dependencies of target _tug_example_msgs_generate_messages_check_deps_RecoverNotFetchingBoxGoal[0m
[8.077s] [  0%] Built target _tug_example_msgs_generate_messages_check_deps_RecoverNotFetchingBoxGoal
[8.106s] [35m[1mScanning dependencies of target _tug_example_msgs_generate_messages_check_deps_PutBoxAction[0m
[8.219s] [  0%] Built target _tug_example_msgs_generate_messages_check_deps_PutBoxAction
[8.244s] [35m[1mScanning dependencies of target _tug_example_msgs_generate_messages_check_deps_RecoverTimedOutAction[0m
[8.357s] [  0%] Built target _tug_example_msgs_generate_messages_check_deps_RecoverTimedOutAction
[8.388s] [35m[1mScanning dependencies of target _tug_example_msgs_generate_messages_check_deps_RecoverNotFetchingBoxFeedback[0m
[8.496s] [  0%] Built target _tug_example_msgs_generate_messages_check_deps_RecoverNotFetchingBoxFeedback
[8.525s] [35m[1mScanning dependencies of target _tug_example_msgs_generate_messages_check_deps_PutBoxGoal[0m
[8.636s] [  0%] Built target _tug_example_msgs_generate_messages_check_deps_PutBoxGoal
[8.664s] [35m[1mScanning dependencies of target _tug_example_msgs_generate_messages_check_deps_FetchBoxFeedback[0m
[8.778s] [  0%] Built target _tug_example_msgs_generate_messages_check_deps_FetchBoxFeedback
[8.807s] [35m[1mScanning dependencies of target _tug_example_msgs_generate_messages_check_deps_RecoverTimedOutGoal[0m
[8.917s] [  0%] Built target _tug_example_msgs_generate_messages_check_deps_RecoverTimedOutGoal
[8.945s] [35m[1mScanning dependencies of target _tug_example_msgs_generate_messages_check_deps_TransportBoxResult[0m
[9.061s] [  0%] Built target _tug_example_msgs_generate_messages_check_deps_TransportBoxResult
[9.089s] [35m[1mScanning dependencies of target _tug_example_msgs_generate_messages_check_deps_TransportBoxFeedback[0m
[9.204s] [  0%] Built target _tug_example_msgs_generate_messages_check_deps_TransportBoxFeedback
[9.233s] [35m[1mScanning dependencies of target _tug_example_msgs_generate_messages_check_deps_PutBoxResult[0m
[9.343s] [  0%] Built target _tug_example_msgs_generate_messages_check_deps_PutBoxResult
[9.372s] [35m[1mScanning dependencies of target _tug_example_msgs_generate_messages_check_deps_RecoverNotFetchingBoxAction[0m
[9.486s] [  0%] Built target _tug_example_msgs_generate_messages_check_deps_RecoverNotFetchingBoxAction
[9.517s] [35m[1mScanning dependencies of target _tug_example_msgs_generate_messages_check_deps_PutBoxActionResult[0m
[9.624s] [  0%] Built target _tug_example_msgs_generate_messages_check_deps_PutBoxActionResult
[9.653s] [35m[1mScanning dependencies of target _tug_example_msgs_generate_messages_check_deps_PutBoxActionFeedback[0m
[9.767s] [  0%] Built target _tug_example_msgs_generate_messages_check_deps_PutBoxActionFeedback
[9.793s] [35m[1mScanning dependencies of target _tug_example_msgs_generate_messages_check_deps_RecoverTimedOutActionFeedback[0m
[9.910s] [  0%] Built target _tug_example_msgs_generate_messages_check_deps_RecoverTimedOutActionFeedback
[9.941s] [35m[1mScanning dependencies of target _tug_example_msgs_generate_messages_check_deps_RecoverNotFetchingBoxActionResult[0m
[10.057s] [  0%] Built target _tug_example_msgs_generate_messages_check_deps_RecoverNotFetchingBoxActionResult
[10.088s] [35m[1mScanning dependencies of target _tug_example_msgs_generate_messages_check_deps_FetchBoxActionFeedback[0m
[10.209s] [  0%] Built target _tug_example_msgs_generate_messages_check_deps_FetchBoxActionFeedback
[10.237s] [35m[1mScanning dependencies of target _tug_example_msgs_generate_messages_check_deps_RecoverNotFetchingBoxResult[0m
[10.358s] [  0%] Built target _tug_example_msgs_generate_messages_check_deps_RecoverNotFetchingBoxResult
[10.385s] [35m[1mScanning dependencies of target actionlib_msgs_generate_messages_lisp[0m
[10.414s] [  0%] Built target actionlib_msgs_generate_messages_lisp
[10.446s] [35m[1mScanning dependencies of target actionlib_msgs_generate_messages_py[0m
[10.474s] [  0%] Built target actionlib_msgs_generate_messages_py
[10.509s] [35m[1mScanning dependencies of target actionlib_msgs_generate_messages_nodejs[0m
[10.543s] [  0%] Built target actionlib_msgs_generate_messages_nodejs
[10.572s] [35m[1mScanning dependencies of target actionlib_msgs_generate_messages_cpp[0m
[10.602s] [  0%] Built target actionlib_msgs_generate_messages_cpp
[10.631s] [35m[1mScanning dependencies of target _tug_example_msgs_generate_messages_check_deps_TransportBoxGoal[0m
[10.750s] [  0%] Built target _tug_example_msgs_generate_messages_check_deps_TransportBoxGoal
[10.779s] [35m[1mScanning dependencies of target _tug_example_msgs_generate_messages_check_deps_TransportBoxAction[0m
[10.896s] [  0%] Built target _tug_example_msgs_generate_messages_check_deps_TransportBoxAction
[10.927s] [35m[1mScanning dependencies of target _tug_example_msgs_generate_messages_check_deps_TransportBoxActionGoal[0m
[11.043s] [  0%] Built target _tug_example_msgs_generate_messages_check_deps_TransportBoxActionGoal
[11.070s] [35m[1mScanning dependencies of target _tug_example_msgs_generate_messages_check_deps_RecoverTimedOutActionGoal[0m
[11.186s] [  0%] Built target _tug_example_msgs_generate_messages_check_deps_RecoverTimedOutActionGoal
[11.213s] [35m[1mScanning dependencies of target _tug_example_msgs_generate_messages_check_deps_RecoverTimedOutFeedback[0m
[11.327s] [  0%] Built target _tug_example_msgs_generate_messages_check_deps_RecoverTimedOutFeedback
[11.361s] [35m[1mScanning dependencies of target _tug_example_msgs_generate_messages_check_deps_RecoverTimedOutResult[0m
[11.482s] [  0%] Built target _tug_example_msgs_generate_messages_check_deps_RecoverTimedOutResult
[11.512s] [35m[1mScanning dependencies of target _tug_example_msgs_generate_messages_check_deps_TransportBoxActionFeedback[0m
[11.633s] [  0%] Built target _tug_example_msgs_generate_messages_check_deps_TransportBoxActionFeedback
[11.662s] [35m[1mScanning dependencies of target _tug_example_msgs_generate_messages_check_deps_RecoverNotFetchingBoxActionFeedback[0m
[11.773s] [  0%] Built target _tug_example_msgs_generate_messages_check_deps_RecoverNotFetchingBoxActionFeedback
[11.801s] [35m[1mScanning dependencies of target _tug_example_msgs_generate_messages_check_deps_TransportBoxActionResult[0m
[11.921s] [  0%] Built target _tug_example_msgs_generate_messages_check_deps_TransportBoxActionResult
[11.952s] [35m[1mScanning dependencies of target _tug_example_msgs_generate_messages_check_deps_RecoverNotFetchingBoxActionGoal[0m
[12.064s] [  0%] Built target _tug_example_msgs_generate_messages_check_deps_RecoverNotFetchingBoxActionGoal
[12.094s] [35m[1mScanning dependencies of target tug_example_msgs_generate_messages_eus[0m
[12.126s] [  1%] [34m[1mGenerating EusLisp code from tug_example_msgs/RecoverNotFetchingBoxActionGoal.msg[0m
[12.298s] [  1%] [34m[1mGenerating EusLisp code from tug_example_msgs/TransportBoxAction.msg[0m
[12.486s] [  2%] [34m[1mGenerating EusLisp code from tug_example_msgs/PutBoxAction.msg[0m
[12.675s] [  2%] [34m[1mGenerating EusLisp code from tug_example_msgs/FetchBoxActionGoal.msg[0m
[12.802s] [  3%] [34m[1mGenerating EusLisp code from tug_example_msgs/FetchBoxResult.msg[0m
[12.926s] [  3%] [34m[1mGenerating EusLisp code from tug_example_msgs/PutBoxGoal.msg[0m
[13.057s] [  4%] [34m[1mGenerating EusLisp code from tug_example_msgs/FetchBoxFeedback.msg[0m
[13.258s] [  4%] [34m[1mGenerating EusLisp code from tug_example_msgs/FetchBoxActionResult.msg[0m
[13.484s] [  5%] [34m[1mGenerating EusLisp code from tug_example_msgs/TransportBoxGoal.msg[0m
[13.670s] [  5%] [34m[1mGenerating EusLisp code from tug_example_msgs/RecoverNotFetchingBoxActionFeedback.msg[0m
[13.808s] [  6%] [34m[1mGenerating EusLisp code from tug_example_msgs/RecoverTimedOutGoal.msg[0m
[14.029s] [  7%] [34m[1mGenerating EusLisp code from tug_example_msgs/TransportBoxResult.msg[0m
[14.189s] [  7%] [34m[1mGenerating EusLisp code from tug_example_msgs/TransportBoxActionFeedback.msg[0m
[14.359s] [  8%] [34m[1mGenerating EusLisp code from tug_example_msgs/PutBoxResult.msg[0m
[14.530s] [  8%] [34m[1mGenerating EusLisp code from tug_example_msgs/RecoverTimedOutActionGoal.msg[0m
[14.755s] [  9%] [34m[1mGenerating EusLisp code from tug_example_msgs/RecoverNotFetchingBoxAction.msg[0m
[14.923s] [  9%] [34m[1mGenerating EusLisp code from tug_example_msgs/TransportBoxActionResult.msg[0m
[15.070s] [ 10%] [34m[1mGenerating EusLisp code from tug_example_msgs/PutBoxActionResult.msg[0m
[15.232s] [ 10%] [34m[1mGenerating EusLisp code from tug_example_msgs/RecoverNotFetchingBoxGoal.msg[0m
[15.394s] [ 11%] [34m[1mGenerating EusLisp code from tug_example_msgs/PutBoxActionFeedback.msg[0m
[15.518s] [ 11%] [34m[1mGenerating EusLisp code from tug_example_msgs/RecoverTimedOutActionResult.msg[0m
[15.642s] [ 12%] [34m[1mGenerating EusLisp code from tug_example_msgs/RecoverTimedOutActionFeedback.msg[0m
[15.780s] [ 12%] [34m[1mGenerating EusLisp code from tug_example_msgs/RecoverNotFetchingBoxActionResult.msg[0m
[15.930s] [ 13%] [34m[1mGenerating EusLisp code from tug_example_msgs/FetchBoxActionFeedback.msg[0m
[16.097s] [ 13%] [34m[1mGenerating EusLisp code from tug_example_msgs/TransportBoxFeedback.msg[0m
[16.239s] [ 14%] [34m[1mGenerating EusLisp code from tug_example_msgs/RecoverNotFetchingBoxResult.msg[0m
[16.407s] [ 15%] [34m[1mGenerating EusLisp code from tug_example_msgs/PutBoxFeedback.msg[0m
[16.530s] [ 15%] [34m[1mGenerating EusLisp code from tug_example_msgs/RecoverTimedOutFeedback.msg[0m
[16.692s] [ 16%] [34m[1mGenerating EusLisp code from tug_example_msgs/RecoverNotFetchingBoxFeedback.msg[0m
[16.860s] [ 16%] [34m[1mGenerating EusLisp manifest code for tug_example_msgs[0m
[18.407s] [ 17%] [34m[1mGenerating EusLisp code from tug_example_msgs/FetchBoxGoal.msg[0m
[18.526s] [ 17%] [34m[1mGenerating EusLisp code from tug_example_msgs/PutBoxActionGoal.msg[0m
[18.693s] [ 18%] [34m[1mGenerating EusLisp code from tug_example_msgs/FetchBoxAction.msg[0m
[18.821s] [ 18%] [34m[1mGenerating EusLisp code from tug_example_msgs/RecoverTimedOutAction.msg[0m
[18.988s] [ 20%] [34m[1mGenerating EusLisp code from tug_example_msgs/TransportBoxActionGoal.msg[0m
[19.133s] [ 20%] [34m[1mGenerating EusLisp code from tug_example_msgs/RecoverTimedOutResult.msg[0m
[19.281s] [ 20%] Built target tug_example_msgs_generate_messages_eus
[19.302s] [35m[1mScanning dependencies of target tug_example_msgs_generate_messages_cpp[0m
[19.329s] [ 21%] [34m[1mGenerating C++ code from tug_example_msgs/RecoverNotFetchingBoxActionGoal.msg[0m
[19.524s] [ 21%] [34m[1mGenerating C++ code from tug_example_msgs/PutBoxAction.msg[0m
[19.721s] [ 22%] [34m[1mGenerating C++ code from tug_example_msgs/FetchBoxActionGoal.msg[0m
[19.992s] [ 22%] [34m[1mGenerating C++ code from tug_example_msgs/FetchBoxResult.msg[0m
[20.193s] [ 23%] [34m[1mGenerating C++ code from tug_example_msgs/PutBoxGoal.msg[0m
[20.400s] [ 23%] [34m[1mGenerating C++ code from tug_example_msgs/FetchBoxFeedback.msg[0m
[20.594s] [ 24%] [34m[1mGenerating C++ code from tug_example_msgs/FetchBoxActionResult.msg[0m
[20.782s] [ 24%] [34m[1mGenerating C++ code from tug_example_msgs/TransportBoxGoal.msg[0m
[20.959s] [ 25%] [34m[1mGenerating C++ code from tug_example_msgs/RecoverNotFetchingBoxActionFeedback.msg[0m
[21.152s] [ 25%] [34m[1mGenerating C++ code from tug_example_msgs/RecoverTimedOutGoal.msg[0m
[21.345s] [ 26%] [34m[1mGenerating C++ code from tug_example_msgs/TransportBoxResult.msg[0m
[21.579s] [ 26%] [34m[1mGenerating C++ code from tug_example_msgs/TransportBoxActionFeedback.msg[0m
[21.769s] [ 27%] [34m[1mGenerating C++ code from tug_example_msgs/PutBoxResult.msg[0m
[22.005s] [ 28%] [34m[1mGenerating C++ code from tug_example_msgs/RecoverTimedOutActionGoal.msg[0m
[22.215s] [ 28%] [34m[1mGenerating C++ code from tug_example_msgs/RecoverNotFetchingBoxAction.msg[0m
[22.399s] [ 29%] [34m[1mGenerating C++ code from tug_example_msgs/TransportBoxActionResult.msg[0m
[22.566s] [ 29%] [34m[1mGenerating C++ code from tug_example_msgs/PutBoxActionResult.msg[0m
[22.781s] [ 30%] [34m[1mGenerating C++ code from tug_example_msgs/RecoverNotFetchingBoxGoal.msg[0m
[22.965s] [ 30%] [34m[1mGenerating C++ code from tug_example_msgs/PutBoxActionFeedback.msg[0m
[23.147s] [ 31%] [34m[1mGenerating C++ code from tug_example_msgs/RecoverTimedOutActionResult.msg[0m
[23.349s] [ 31%] [34m[1mGenerating C++ code from tug_example_msgs/RecoverTimedOutActionFeedback.msg[0m
[23.568s] [ 32%] [34m[1mGenerating C++ code from tug_example_msgs/RecoverNotFetchingBoxActionResult.msg[0m
[23.757s] [ 32%] [34m[1mGenerating C++ code from tug_example_msgs/FetchBoxActionFeedback.msg[0m
[23.924s] [ 33%] [34m[1mGenerating C++ code from tug_example_msgs/TransportBoxFeedback.msg[0m
[24.095s] [ 33%] [34m[1mGenerating C++ code from tug_example_msgs/RecoverNotFetchingBoxResult.msg[0m
[24.270s] [ 34%] [34m[1mGenerating C++ code from tug_example_msgs/PutBoxFeedback.msg[0m
[24.438s] [ 34%] [34m[1mGenerating C++ code from tug_example_msgs/RecoverTimedOutFeedback.msg[0m
[24.658s] [ 35%] [34m[1mGenerating C++ code from tug_example_msgs/RecoverNotFetchingBoxFeedback.msg[0m
[24.831s] [ 36%] [34m[1mGenerating C++ code from tug_example_msgs/TransportBoxAction.msg[0m
[25.003s] [ 36%] [34m[1mGenerating C++ code from tug_example_msgs/FetchBoxGoal.msg[0m
[25.243s] [ 37%] [34m[1mGenerating C++ code from tug_example_msgs/PutBoxActionGoal.msg[0m
[25.412s] [ 38%] [34m[1mGenerating C++ code from tug_example_msgs/FetchBoxAction.msg[0m
[25.639s] [ 38%] [34m[1mGenerating C++ code from tug_example_msgs/RecoverTimedOutAction.msg[0m
[25.860s] [ 40%] [34m[1mGenerating C++ code from tug_example_msgs/TransportBoxActionGoal.msg[0m
[26.039s] [ 40%] [34m[1mGenerating C++ code from tug_example_msgs/RecoverTimedOutResult.msg[0m
[26.224s] [ 40%] Built target tug_example_msgs_generate_messages_cpp
[26.243s] [35m[1mScanning dependencies of target tug_example_msgs_generate_messages_nodejs[0m
[26.269s] [ 40%] [34m[1mGenerating Javascript code from tug_example_msgs/RecoverNotFetchingBoxActionGoal.msg[0m
[26.377s] [ 40%] [34m[1mGenerating Javascript code from tug_example_msgs/FetchBoxActionGoal.msg[0m
[26.463s] [ 41%] [34m[1mGenerating Javascript code from tug_example_msgs/FetchBoxResult.msg[0m
[26.548s] [ 41%] [34m[1mGenerating Javascript code from tug_example_msgs/PutBoxGoal.msg[0m
[26.635s] [ 42%] [34m[1mGenerating Javascript code from tug_example_msgs/FetchBoxFeedback.msg[0m
[26.722s] [ 42%] [34m[1mGenerating Javascript code from tug_example_msgs/FetchBoxActionResult.msg[0m
[26.815s] [ 43%] [34m[1mGenerating Javascript code from tug_example_msgs/TransportBoxGoal.msg[0m
[26.900s] [ 43%] [34m[1mGenerating Javascript code from tug_example_msgs/RecoverNotFetchingBoxActionFeedback.msg[0m
[26.993s] [ 44%] [34m[1mGenerating Javascript code from tug_example_msgs/RecoverTimedOutGoal.msg[0m
[27.104s] [ 44%] [34m[1mGenerating Javascript code from tug_example_msgs/TransportBoxResult.msg[0m
[27.179s] [ 45%] [34m[1mGenerating Javascript code from tug_example_msgs/TransportBoxActionFeedback.msg[0m
[27.260s] [ 45%] [34m[1mGenerating Javascript code from tug_example_msgs/PutBoxResult.msg[0m
[27.368s] [ 46%] [34m[1mGenerating Javascript code from tug_example_msgs/RecoverTimedOutActionGoal.msg[0m
[27.457s] [ 46%] [34m[1mGenerating Javascript code from tug_example_msgs/RecoverNotFetchingBoxAction.msg[0m
[27.544s] [ 47%] [34m[1mGenerating Javascript code from tug_example_msgs/TransportBoxActionResult.msg[0m
[27.650s] [ 48%] [34m[1mGenerating Javascript code from tug_example_msgs/PutBoxActionResult.msg[0m
[27.736s] [ 48%] [34m[1mGenerating Javascript code from tug_example_msgs/RecoverNotFetchingBoxGoal.msg[0m
[27.829s] [ 49%] [34m[1mGenerating Javascript code from tug_example_msgs/PutBoxActionFeedback.msg[0m
[27.917s] [ 49%] [34m[1mGenerating Javascript code from tug_example_msgs/RecoverTimedOutActionResult.msg[0m
[27.999s] [ 50%] [34m[1mGenerating Javascript code from tug_example_msgs/RecoverTimedOutActionFeedback.msg[0m
[28.086s] [ 50%] [34m[1mGenerating Javascript code from tug_example_msgs/RecoverNotFetchingBoxActionResult.msg[0m
[28.173s] [ 51%] [34m[1mGenerating Javascript code from tug_example_msgs/FetchBoxActionFeedback.msg[0m
[28.256s] [ 51%] [34m[1mGenerating Javascript code from tug_example_msgs/TransportBoxFeedback.msg[0m
[28.339s] [ 52%] [34m[1mGenerating Javascript code from tug_example_msgs/RecoverNotFetchingBoxResult.msg[0m
[28.420s] [ 52%] [34m[1mGenerating Javascript code from tug_example_msgs/PutBoxFeedback.msg[0m
[28.517s] [ 53%] [34m[1mGenerating Javascript code from tug_example_msgs/RecoverTimedOutFeedback.msg[0m
[28.595s] [ 53%] [34m[1mGenerating Javascript code from tug_example_msgs/RecoverNotFetchingBoxFeedback.msg[0m
[28.677s] [ 54%] [34m[1mGenerating Javascript code from tug_example_msgs/PutBoxAction.msg[0m
[28.760s] [ 55%] [34m[1mGenerating Javascript code from tug_example_msgs/TransportBoxAction.msg[0m
[28.837s] [ 55%] [34m[1mGenerating Javascript code from tug_example_msgs/FetchBoxGoal.msg[0m
[28.922s] [ 56%] [34m[1mGenerating Javascript code from tug_example_msgs/PutBoxActionGoal.msg[0m
[29.003s] [ 56%] [34m[1mGenerating Javascript code from tug_example_msgs/FetchBoxAction.msg[0m
[29.100s] [ 57%] [34m[1mGenerating Javascript code from tug_example_msgs/RecoverTimedOutAction.msg[0m
[29.179s] [ 57%] [34m[1mGenerating Javascript code from tug_example_msgs/TransportBoxActionGoal.msg[0m
[29.251s] [ 58%] [34m[1mGenerating Javascript code from tug_example_msgs/RecoverTimedOutResult.msg[0m
[29.327s] [ 58%] Built target tug_example_msgs_generate_messages_nodejs
[29.345s] [35m[1mScanning dependencies of target tug_example_msgs_generate_messages_py[0m
[29.363s] [ 60%] [34m[1mGenerating Python from MSG tug_example_msgs/RecoverNotFetchingBoxActionGoal[0m
[29.489s] [ 60%] [34m[1mGenerating Python from MSG tug_example_msgs/FetchBoxResult[0m
[29.617s] [ 61%] [34m[1mGenerating Python from MSG tug_example_msgs/PutBoxGoal[0m
[29.742s] [ 61%] [34m[1mGenerating Python from MSG tug_example_msgs/FetchBoxFeedback[0m
[29.868s] [ 62%] [34m[1mGenerating Python from MSG tug_example_msgs/FetchBoxActionResult[0m
[29.994s] [ 62%] [34m[1mGenerating Python from MSG tug_example_msgs/TransportBoxGoal[0m
[30.124s] [ 63%] [34m[1mGenerating Python from MSG tug_example_msgs/RecoverNotFetchingBoxActionFeedback[0m
[30.248s] [ 63%] [34m[1mGenerating Python from MSG tug_example_msgs/RecoverTimedOutGoal[0m
[30.376s] [ 64%] [34m[1mGenerating Python from MSG tug_example_msgs/TransportBoxResult[0m
[30.496s] [ 64%] [34m[1mGenerating Python from MSG tug_example_msgs/TransportBoxActionFeedback[0m
[30.622s] [ 65%] [34m[1mGenerating Python from MSG tug_example_msgs/PutBoxResult[0m
[30.743s] [ 66%] [34m[1mGenerating Python from MSG tug_example_msgs/RecoverTimedOutActionGoal[0m
[30.867s] [ 66%] [34m[1mGenerating Python from MSG tug_example_msgs/RecoverNotFetchingBoxAction[0m
[30.997s] [ 67%] [34m[1mGenerating Python from MSG tug_example_msgs/TransportBoxActionResult[0m
[31.123s] [ 67%] [34m[1mGenerating Python from MSG tug_example_msgs/PutBoxActionResult[0m
[31.254s] [ 68%] [34m[1mGenerating Python from MSG tug_example_msgs/RecoverNotFetchingBoxGoal[0m
[31.376s] [ 68%] [34m[1mGenerating Python from MSG tug_example_msgs/PutBoxActionFeedback[0m
[31.502s] [ 69%] [34m[1mGenerating Python from MSG tug_example_msgs/RecoverTimedOutActionResult[0m
[31.626s] [ 69%] [34m[1mGenerating Python from MSG tug_example_msgs/RecoverTimedOutActionFeedback[0m
[31.756s] [ 70%] [34m[1mGenerating Python from MSG tug_example_msgs/RecoverNotFetchingBoxActionResult[0m
[31.879s] [ 70%] [34m[1mGenerating Python from MSG tug_example_msgs/FetchBoxActionFeedback[0m
[32.007s] [ 71%] [34m[1mGenerating Python from MSG tug_example_msgs/TransportBoxFeedback[0m
[32.127s] [ 71%] [34m[1mGenerating Python from MSG tug_example_msgs/RecoverNotFetchingBoxResult[0m
[32.256s] [ 72%] [34m[1mGenerating Python from MSG tug_example_msgs/PutBoxFeedback[0m
[32.379s] [ 72%] [34m[1mGenerating Python from MSG tug_example_msgs/RecoverTimedOutFeedback[0m
[32.500s] [ 73%] [34m[1mGenerating Python from MSG tug_example_msgs/RecoverNotFetchingBoxFeedback[0m
[32.621s] [ 74%] [34m[1mGenerating Python from MSG tug_example_msgs/FetchBoxActionGoal[0m
[32.746s] [ 74%] [34m[1mGenerating Python from MSG tug_example_msgs/PutBoxAction[0m
[32.870s] [ 75%] [34m[1mGenerating Python from MSG tug_example_msgs/TransportBoxAction[0m
[32.995s] [ 75%] [34m[1mGenerating Python from MSG tug_example_msgs/FetchBoxGoal[0m
[33.123s] [ 76%] [34m[1mGenerating Python from MSG tug_example_msgs/PutBoxActionGoal[0m
[33.253s] [ 77%] [34m[1mGenerating Python from MSG tug_example_msgs/FetchBoxAction[0m
[33.384s] [ 77%] [34m[1mGenerating Python from MSG tug_example_msgs/RecoverTimedOutAction[0m
[33.510s] [ 78%] [34m[1mGenerating Python from MSG tug_example_msgs/TransportBoxActionGoal[0m
[33.634s] [ 78%] [34m[1mGenerating Python from MSG tug_example_msgs/RecoverTimedOutResult[0m
[33.755s] [ 80%] [34m[1mGenerating Python msg __init__.py for tug_example_msgs[0m
[33.878s] [ 80%] Built target tug_example_msgs_generate_messages_py
[33.894s] [35m[1mScanning dependencies of target tug_example_msgs_generate_messages_lisp[0m
[33.911s] [ 81%] [34m[1mGenerating Lisp code from tug_example_msgs/RecoverTimedOutResult.msg[0m
[33.911s] [ 81%] [34m[1mGenerating Lisp code from tug_example_msgs/TransportBoxActionGoal.msg[0m
[33.916s] [ 82%] [34m[1mGenerating Lisp code from tug_example_msgs/RecoverNotFetchingBoxActionGoal.msg[0m
[33.991s] [ 82%] [34m[1mGenerating Lisp code from tug_example_msgs/FetchBoxFeedback.msg[0m
[33.991s] [ 83%] [34m[1mGenerating Lisp code from tug_example_msgs/PutBoxGoal.msg[0m
[33.996s] [ 84%] [34m[1mGenerating Lisp code from tug_example_msgs/FetchBoxActionResult.msg[0m
[34.063s] [ 84%] [34m[1mGenerating Lisp code from tug_example_msgs/TransportBoxGoal.msg[0m
[34.096s] [ 85%] [34m[1mGenerating Lisp code from tug_example_msgs/RecoverNotFetchingBoxActionFeedback.msg[0m
[34.097s] [ 85%] [34m[1mGenerating Lisp code from tug_example_msgs/RecoverTimedOutGoal.msg[0m
[34.143s] [ 86%] [34m[1mGenerating Lisp code from tug_example_msgs/TransportBoxResult.msg[0m
[34.169s] [ 86%] [34m[1mGenerating Lisp code from tug_example_msgs/TransportBoxActionFeedback.msg[0m
[34.178s] [ 87%] [34m[1mGenerating Lisp code from tug_example_msgs/PutBoxResult.msg[0m
[34.246s] [ 87%] [34m[1mGenerating Lisp code from tug_example_msgs/RecoverTimedOutActionGoal.msg[0m
[34.252s] [ 88%] [34m[1mGenerating Lisp code from tug_example_msgs/RecoverNotFetchingBoxAction.msg[0m
[34.271s] [ 88%] [34m[1mGenerating Lisp code from tug_example_msgs/TransportBoxActionResult.msg[0m
[34.334s] [ 89%] [34m[1mGenerating Lisp code from tug_example_msgs/PutBoxActionResult.msg[0m
[34.335s] [ 89%] [34m[1mGenerating Lisp code from tug_example_msgs/RecoverNotFetchingBoxGoal.msg[0m
[34.360s] [ 90%] [34m[1mGenerating Lisp code from tug_example_msgs/PutBoxActionFeedback.msg[0m
[34.425s] [ 90%] [34m[1mGenerating Lisp code from tug_example_msgs/RecoverTimedOutActionResult.msg[0m
[34.434s] [ 91%] [34m[1mGenerating Lisp code from tug_example_msgs/RecoverTimedOutActionFeedback.msg[0m
[34.461s] [ 92%] [34m[1mGenerating Lisp code from tug_example_msgs/RecoverNotFetchingBoxActionResult.msg[0m
[34.505s] [ 92%] [34m[1mGenerating Lisp code from tug_example_msgs/FetchBoxActionFeedback.msg[0m
[34.519s] [ 94%] [34m[1mGenerating Lisp code from tug_example_msgs/TransportBoxFeedback.msg[0m
[34.519s] [ 94%] [34m[1mGenerating Lisp code from tug_example_msgs/FetchBoxResult.msg[0m
[34.549s] [ 94%] [34m[1mGenerating Lisp code from tug_example_msgs/RecoverNotFetchingBoxResult.msg[0m
[34.601s] [ 95%] [34m[1mGenerating Lisp code from tug_example_msgs/PutBoxFeedback.msg[0m
[34.638s] [ 96%] [34m[1mGenerating Lisp code from tug_example_msgs/RecoverNotFetchingBoxFeedback.msg[0m
[34.643s] [ 96%] [34m[1mGenerating Lisp code from tug_example_msgs/RecoverTimedOutFeedback.msg[0m
[34.654s] [ 96%] [34m[1mGenerating Lisp code from tug_example_msgs/FetchBoxActionGoal.msg[0m
[34.704s] [ 97%] [34m[1mGenerating Lisp code from tug_example_msgs/PutBoxAction.msg[0m
[34.746s] [ 97%] [34m[1mGenerating Lisp code from tug_example_msgs/TransportBoxAction.msg[0m
[34.760s] [ 98%] [34m[1mGenerating Lisp code from tug_example_msgs/FetchBoxGoal.msg[0m
[34.794s] [ 98%] [34m[1mGenerating Lisp code from tug_example_msgs/PutBoxActionGoal.msg[0m
[34.808s] [100%] [34m[1mGenerating Lisp code from tug_example_msgs/FetchBoxAction.msg[0m
[34.882s] [100%] [34m[1mGenerating Lisp code from tug_example_msgs/RecoverTimedOutAction.msg[0m
[35.016s] [100%] Built target tug_example_msgs_generate_messages_lisp
[35.044s] [35m[1mScanning dependencies of target tug_example_msgs_generate_messages[0m
[35.073s] [100%] Built target tug_example_msgs_generate_messages
