Determining if the pthread_create exist failed with the following output:
Change Dir: /home/handsome/ros_ws_test/build/rp_action/CMakeFiles/CMakeTmp

Run Build Command:"/usr/bin/make" "cmTC_866ef/fast"
/usr/bin/make -f CMakeFiles/cmTC_866ef.dir/build.make CMakeFiles/cmTC_866ef.dir/build
make[1]: Entering directory '/home/handsome/ros_ws_test/build/rp_action/CMakeFiles/CMakeTmp'
Building C object CMakeFiles/cmTC_866ef.dir/CheckSymbolExists.c.o
/usr/bin/cc    -o CMakeFiles/cmTC_866ef.dir/CheckSymbolExists.c.o   -c /home/handsome/ros_ws_test/build/rp_action/CMakeFiles/CMakeTmp/CheckSymbolExists.c
Linking C executable cmTC_866ef
/usr/bin/cmake -E cmake_link_script CMakeFiles/cmTC_866ef.dir/link.txt --verbose=1
/usr/bin/cc      -rdynamic CMakeFiles/cmTC_866ef.dir/CheckSymbolExists.c.o  -o cmTC_866ef 
CMakeFiles/cmTC_866ef.dir/CheckSymbolExists.c.o: In function `main':
CheckSymbolExists.c:(.text+0x1b): undefined reference to `pthread_create'
collect2: error: ld returned 1 exit status
CMakeFiles/cmTC_866ef.dir/build.make:97: recipe for target 'cmTC_866ef' failed
make[1]: *** [cmTC_866ef] Error 1
make[1]: Leaving directory '/home/handsome/ros_ws_test/build/rp_action/CMakeFiles/CMakeTmp'
Makefile:126: recipe for target 'cmTC_866ef/fast' failed
make: *** [cmTC_866ef/fast] Error 2

File /home/handsome/ros_ws_test/build/rp_action/CMakeFiles/CMakeTmp/CheckSymbolExists.c:
/* */
#include <pthread.h>

int main(int argc, char** argv)
{
  (void)argv;
#ifndef pthread_create
  return ((int*)(&pthread_create))[argc];
#else
  (void)argc;
  return 0;
#endif
}

Determining if the function pthread_create exists in the pthreads failed with the following output:
Change Dir: /home/handsome/ros_ws_test/build/rp_action/CMakeFiles/CMakeTmp

Run Build Command:"/usr/bin/make" "cmTC_f0746/fast"
/usr/bin/make -f CMakeFiles/cmTC_f0746.dir/build.make CMakeFiles/cmTC_f0746.dir/build
make[1]: Entering directory '/home/handsome/ros_ws_test/build/rp_action/CMakeFiles/CMakeTmp'
Building C object CMakeFiles/cmTC_f0746.dir/CheckFunctionExists.c.o
/usr/bin/cc   -DCHECK_FUNCTION_EXISTS=pthread_create   -o CMakeFiles/cmTC_f0746.dir/CheckFunctionExists.c.o   -c /usr/share/cmake-3.10/Modules/CheckFunctionExists.c
Linking C executable cmTC_f0746
/usr/bin/cmake -E cmake_link_script CMakeFiles/cmTC_f0746.dir/link.txt --verbose=1
/usr/bin/cc  -DCHECK_FUNCTION_EXISTS=pthread_create    -rdynamic CMakeFiles/cmTC_f0746.dir/CheckFunctionExists.c.o  -o cmTC_f0746 -lpthreads 
/usr/bin/ld: cannot find -lpthreads
collect2: error: ld returned 1 exit status
CMakeFiles/cmTC_f0746.dir/build.make:97: recipe for target 'cmTC_f0746' failed
make[1]: *** [cmTC_f0746] Error 1
make[1]: Leaving directory '/home/handsome/ros_ws_test/build/rp_action/CMakeFiles/CMakeTmp'
Makefile:126: recipe for target 'cmTC_f0746/fast' failed
make: *** [cmTC_f0746/fast] Error 2


