[0.017s] Invoking command in '/home/handsome/ros_ws_test/build/i_robot_stage': /usr/bin/cmake /home/handsome/ros_ws_test/src/ros_base/i_robot/i_robot_stage -DCATKIN_INSTALL_INTO_PREFIX_ROOT=0 -DCMAKE_INSTALL_PREFIX=/home/handsome/ros_ws_test/install/i_robot_stage
[0.341s] -- The C compiler identification is GNU 7.5.0
[0.610s] -- The CXX compiler identification is GNU 7.5.0
[0.621s] -- Check for working C compiler: /usr/bin/cc
[0.699s] -- Check for working C compiler: /usr/bin/cc -- works
[0.700s] -- Detecting C compiler ABI info
[0.776s] -- Detecting C compiler ABI info - done
[0.784s] -- Detecting C compile features
[1.016s] -- Detecting C compile features - done
[1.020s] -- Check for working CXX compiler: /usr/bin/c++
[1.104s] -- Check for working CXX compiler: /usr/bin/c++ -- works
[1.105s] -- Detecting CXX compiler ABI info
[1.184s] -- Detecting CXX compiler ABI info - done
[1.193s] -- Detecting CXX compile features
[1.543s] -- Detecting CXX compile features - done
[1.550s] -- Using CATKIN_DEVEL_PREFIX: /home/handsome/ros_ws_test/build/i_robot_stage/devel
[1.551s] -- Using CMAKE_PREFIX_PATH: /home/handsome/ros_ws_test/install/yocs_cmd_vel_mux;/home/handsome/ros_ws_test/install/turtlebot_teleop;/home/handsome/ros_ws_test/install/tug_example_pnp_server;/home/handsome/ros_ws_test/install/tug_example_actions;/home/handsome/ros_ws_test/install/tug_example_msgs;/home/handsome/ros_ws_test/install/timed_roslaunch;/home/handsome/ros_ws_test/install/teb2_local_planner;/home/handsome/ros_ws_test/install/stated_roslaunch;/home/handsome/ros_ws_test/install/spatio_temporal_voxel_layer;/home/handsome/ros_ws_test/install/robot_udp_bridge;/home/handsome/ros_ws_test/install/robot_database_bridge;/home/handsome/ros_ws_test/install/samsungcmd_msgs;/home/handsome/ros_ws_test/install/rplidar_ros;/home/handsome/ros_ws_test/install/rp_action;/home/handsome/ros_ws_test/install/rp_action_msgs;/home/handsome/ros_ws_test/install/robot_scheduling_actions;/home/handsome/ros_ws_test/install/cellctrl_qtgui_bridge;/home/handsome/ros_ws_test/install/car_db_manager_qtgui;/home/handsome/ros_ws_test/install/car_db_manager_bridge;/home/handsome/ros_ws_test/install/car_db_manager_action;/home/handsome/ros_ws_test/install/ros_utility_tools;/home/handsome/ros_ws_test/install/robot_scheduling_server;/home/handsome/ros_ws_test/install/robot_scheduling_msgs;/home/handsome/ros_ws_test/install/robot_localization;/home/handsome/ros_ws_test/install/robot_control_msgs;/home/handsome/ros_ws_test/install/reset_location;/home/handsome/ros_ws_test/install/razor_imu_9dof;/home/handsome/ros_ws_test/install/pnp_rosplan;/home/handsome/ros_ws_test/install/pnp_ros;/home/handsome/ros_ws_test/install/pnp_msgs;/home/handsome/ros_ws_test/install/open_auto_dock;/home/handsome/ros_ws_test/install/open_auto_dock_msgs;/home/handsome/ros_ws_test/install/omron_os32c_driver;/home/handsome/ros_ws_test/install/dlux_plugins;/home/handsome/ros_ws_test/install/dlux_global_planner;/home/handsome/ros_ws_test/install/nav_grid_pub_sub;/home/handsome/ros_ws_test/install/dwb_critics;/home/handsome/ros_ws_test/install/nav_grid_iterators;/home/handsome/ros_ws_test/install/locomove_base;/home/handsome/ros_ws_test/install/locomotor;/home/handsome/ros_ws_test/install/nav_core_adapter;/home/handsome/ros_ws_test/install/dwb_plugins;/home/handsome/ros_ws_test/install/dwb_local_planner;/home/handsome/ros_ws_test/install/nav_2d_utils;/home/handsome/ros_ws_test/install/global_planner_tests;/home/handsome/ros_ws_test/install/costmap_queue;/home/handsome/ros_ws_test/install/nav_core2;/home/handsome/ros_ws_test/install/nav_grid;/home/handsome/ros_ws_test/install/actionlib_modules_msgs;/home/handsome/ros_ws_test/install/locomotor_msgs;/home/handsome/ros_ws_test/install/dwb_msgs;/home/handsome/ros_ws_test/install/nav_2d_msgs;/home/handsome/ros_ws_test/install/mongodb_log;/home/handsome/ros_ws_test/install/mongodb_store;/home/handsome/ros_ws_test/install/mongodb_store_msgs;/home/handsome/ros_ws_test/install/ca_driver;/home/handsome/ros_ws_test/install/libcreate;/home/handsome/ros_ws_test/install/i_robot_stage;/home/handsome/ros_ws_test/install/i_robot_navigation;/home/handsome/ros_ws_test/install/cellctrl_control_msgs;/home/handsome/ros_ws_test/install/car_db_manager_msgs;/home/handsome/ros_ws_test/install/ca_tools;/home/handsome/ros_ws_test/install/ca_msgs;/home/handsome/ros_ws_test/install/ca_description;/home/handsome/ros_ws_test/install/botcmd_msgs;/opt/ros/melodic
[1.553s] -- This workspace overlays: /home/handsome/ros_ws_test/install/yocs_cmd_vel_mux;/home/handsome/ros_ws_test/install/turtlebot_teleop;/home/handsome/ros_ws_test/install/tug_example_pnp_server;/home/handsome/ros_ws_test/install/tug_example_actions;/home/handsome/ros_ws_test/install/tug_example_msgs;/home/handsome/ros_ws_test/install/timed_roslaunch;/home/handsome/ros_ws_test/install/teb2_local_planner;/home/handsome/ros_ws_test/install/stated_roslaunch;/home/handsome/ros_ws_test/install/spatio_temporal_voxel_layer;/home/handsome/ros_ws_test/install/robot_udp_bridge;/home/handsome/ros_ws_test/install/robot_database_bridge;/home/handsome/ros_ws_test/install/samsungcmd_msgs;/home/handsome/ros_ws_test/install/rplidar_ros;/home/handsome/ros_ws_test/install/rp_action;/home/handsome/ros_ws_test/install/rp_action_msgs;/home/handsome/ros_ws_test/install/robot_scheduling_actions;/home/handsome/ros_ws_test/install/cellctrl_qtgui_bridge;/home/handsome/ros_ws_test/install/car_db_manager_qtgui;/home/handsome/ros_ws_test/install/car_db_manager_bridge;/home/handsome/ros_ws_test/install/car_db_manager_action;/home/handsome/ros_ws_test/install/ros_utility_tools;/home/handsome/ros_ws_test/install/robot_scheduling_server;/home/handsome/ros_ws_test/install/robot_scheduling_msgs;/home/handsome/ros_ws_test/install/robot_localization;/home/handsome/ros_ws_test/install/robot_control_msgs;/home/handsome/ros_ws_test/install/reset_location;/home/handsome/ros_ws_test/install/razor_imu_9dof;/home/handsome/ros_ws_test/install/pnp_rosplan;/home/handsome/ros_ws_test/install/pnp_ros;/home/handsome/ros_ws_test/install/pnp_msgs;/home/handsome/ros_ws_test/install/open_auto_dock;/home/handsome/ros_ws_test/install/open_auto_dock_msgs;/home/handsome/ros_ws_test/install/omron_os32c_driver;/home/handsome/ros_ws_test/install/dlux_plugins;/home/handsome/ros_ws_test/install/dlux_global_planner;/home/handsome/ros_ws_test/install/nav_grid_pub_sub;/home/handsome/ros_ws_test/install/dwb_critics;/home/handsome/ros_ws_test/install/nav_grid_iterators;/home/handsome/ros_ws_test/install/locomove_base;/home/handsome/ros_ws_test/install/locomotor;/home/handsome/ros_ws_test/install/nav_core_adapter;/home/handsome/ros_ws_test/install/dwb_plugins;/home/handsome/ros_ws_test/install/dwb_local_planner;/home/handsome/ros_ws_test/install/nav_2d_utils;/home/handsome/ros_ws_test/install/global_planner_tests;/home/handsome/ros_ws_test/install/costmap_queue;/home/handsome/ros_ws_test/install/nav_core2;/home/handsome/ros_ws_test/install/nav_grid;/home/handsome/ros_ws_test/install/actionlib_modules_msgs;/home/handsome/ros_ws_test/install/locomotor_msgs;/home/handsome/ros_ws_test/install/dwb_msgs;/home/handsome/ros_ws_test/install/nav_2d_msgs;/home/handsome/ros_ws_test/install/mongodb_log;/home/handsome/ros_ws_test/install/mongodb_store;/home/handsome/ros_ws_test/install/mongodb_store_msgs;/home/handsome/ros_ws_test/install/ca_driver;/home/handsome/ros_ws_test/install/cellctrl_control_msgs;/home/handsome/ros_ws_test/install/car_db_manager_msgs;/home/handsome/ros_ws_test/install/ca_tools;/home/handsome/ros_ws_test/install/ca_msgs;/home/handsome/ros_ws_test/install/ca_description;/home/handsome/ros_ws_test/install/botcmd_msgs;/opt/ros/melodic
[1.574s] -- Found PythonInterp: /usr/bin/python2 (found suitable version "2.7.17", minimum required is "2") 
[1.574s] -- Using PYTHON_EXECUTABLE: /usr/bin/python2
[1.574s] -- Using Debian Python package layout
[1.575s] -- Using empy: /usr/bin/empy
[1.711s] -- Using CATKIN_ENABLE_TESTING: ON
[1.711s] -- Call enable_testing()
[1.714s] -- Using CATKIN_TEST_RESULTS_DIR: /home/handsome/ros_ws_test/build/i_robot_stage/test_results
[1.743s] -- Found gtest sources under '/usr/src/googletest': gtests will be built
[1.743s] -- Found gmock sources under '/usr/src/googletest': gmock will be built
[1.760s] -- Found PythonInterp: /usr/bin/python2 (found version "2.7.17") 
[1.762s] -- Looking for pthread.h
[1.845s] -- Looking for pthread.h - found
[1.845s] -- Looking for pthread_create
[1.923s] -- Looking for pthread_create - not found
[1.923s] -- Looking for pthread_create in pthreads
[1.985s] -- Looking for pthread_create in pthreads - not found
[1.985s] -- Looking for pthread_create in pthread
[2.063s] -- Looking for pthread_create in pthread - found
[2.064s] -- Found Threads: TRUE  
[2.069s] -- Using Python nosetests: /usr/bin/nosetests-2.7
[2.124s] -- catkin 0.7.28
[2.124s] -- BUILD_SHARED_LIBS is on
[2.606s] -- Configuring done
[2.614s] -- Generating done
[2.616s] -- Build files have been written to: /home/handsome/ros_ws_test/build/i_robot_stage
[2.619s] Invoked command in '/home/handsome/ros_ws_test/build/i_robot_stage' returned '0': /usr/bin/cmake /home/handsome/ros_ws_test/src/ros_base/i_robot/i_robot_stage -DCATKIN_INSTALL_INTO_PREFIX_ROOT=0 -DCMAKE_INSTALL_PREFIX=/home/handsome/ros_ws_test/install/i_robot_stage
[2.621s] Invoking command in '/home/handsome/ros_ws_test/build/i_robot_stage': /usr/bin/cmake --build /home/handsome/ros_ws_test/build/i_robot_stage -- -j12 -l12
[2.668s] Invoked command in '/home/handsome/ros_ws_test/build/i_robot_stage' returned '0': /usr/bin/cmake --build /home/handsome/ros_ws_test/build/i_robot_stage -- -j12 -l12
[2.706s] Invoking command in '/home/handsome/ros_ws_test/build/i_robot_stage': /usr/bin/cmake --build /home/handsome/ros_ws_test/build/i_robot_stage --target tests -- -j12 -l12
[2.767s] [35m[1mScanning dependencies of target tests[0m
[2.780s] Built target tests
[2.795s] Invoked command in '/home/handsome/ros_ws_test/build/i_robot_stage' returned '0': /usr/bin/cmake --build /home/handsome/ros_ws_test/build/i_robot_stage --target tests -- -j12 -l12
[2.844s] Invoking command in '/home/handsome/ros_ws_test/build/i_robot_stage': /usr/bin/cmake --build /home/handsome/ros_ws_test/build/i_robot_stage --target install -- -j12 -l12
[2.906s] [36mInstall the project...[0m
[2.918s] -- Install configuration: ""
[2.918s] -- Installing: /home/handsome/ros_ws_test/install/i_robot_stage/lib/pkgconfig/i_robot_stage.pc
[2.919s] -- Installing: /home/handsome/ros_ws_test/install/i_robot_stage/share/i_robot_stage/cmake/i_robot_stageConfig.cmake
[2.919s] -- Installing: /home/handsome/ros_ws_test/install/i_robot_stage/share/i_robot_stage/cmake/i_robot_stageConfig-version.cmake
[2.919s] -- Installing: /home/handsome/ros_ws_test/install/i_robot_stage/share/i_robot_stage/package.xml
[2.919s] -- Installing: /home/handsome/ros_ws_test/install/i_robot_stage/etc/catkin/profile.d/25.i-robot-stage.sh
[2.919s] -- Installing: /home/handsome/ros_ws_test/install/i_robot_stage/share/i_robot_stage/catkin_env_hook/25.i-robot-stage.sh
[2.919s] -- Installing: /home/handsome/ros_ws_test/install/i_robot_stage/share/i_robot_stage/launch
[2.919s] -- Installing: /home/handsome/ros_ws_test/install/i_robot_stage/share/i_robot_stage/launch/i_robot_teb_in_stage.launch
[2.919s] -- Installing: /home/handsome/ros_ws_test/install/i_robot_stage/share/i_robot_stage/launch/i_robot_in_stage.launch
[2.919s] -- Installing: /home/handsome/ros_ws_test/install/i_robot_stage/share/i_robot_stage/launch/i_robot_locomotor_teb_in_stage.launch
[2.919s] -- Installing: /home/handsome/ros_ws_test/install/i_robot_stage/share/i_robot_stage/launch/i_robot_real_teb.launch
[2.919s] -- Installing: /home/handsome/ros_ws_test/install/i_robot_stage/share/i_robot_stage/launch/locomotor.launch
[2.920s] -- Installing: /home/handsome/ros_ws_test/install/i_robot_stage/share/i_robot_stage/param
[2.920s] -- Installing: /home/handsome/ros_ws_test/install/i_robot_stage/share/i_robot_stage/param/mux.yaml
[2.920s] -- Installing: /home/handsome/ros_ws_test/install/i_robot_stage/share/i_robot_stage/maps
[2.920s] -- Installing: /home/handsome/ros_ws_test/install/i_robot_stage/share/i_robot_stage/maps/maze.yaml
[2.920s] -- Installing: /home/handsome/ros_ws_test/install/i_robot_stage/share/i_robot_stage/maps/maze_backup.png
[2.920s] -- Installing: /home/handsome/ros_ws_test/install/i_robot_stage/share/i_robot_stage/maps/maze.pgm
[2.920s] -- Installing: /home/handsome/ros_ws_test/install/i_robot_stage/share/i_robot_stage/maps/robopark_plan.yaml
[2.920s] -- Installing: /home/handsome/ros_ws_test/install/i_robot_stage/share/i_robot_stage/maps/robopark2.bmp
[2.923s] -- Installing: /home/handsome/ros_ws_test/install/i_robot_stage/share/i_robot_stage/maps/stage
[2.924s] -- Installing: /home/handsome/ros_ws_test/install/i_robot_stage/share/i_robot_stage/maps/stage/maze_back.world
[2.924s] -- Installing: /home/handsome/ros_ws_test/install/i_robot_stage/share/i_robot_stage/maps/stage/robopark_plan.world
[2.924s] -- Installing: /home/handsome/ros_ws_test/install/i_robot_stage/share/i_robot_stage/maps/stage/turtlebot.inc
[2.924s] -- Installing: /home/handsome/ros_ws_test/install/i_robot_stage/share/i_robot_stage/maps/stage/mymap.world
[2.924s] -- Installing: /home/handsome/ros_ws_test/install/i_robot_stage/share/i_robot_stage/maps/stage/maze.world
[2.924s] -- Installing: /home/handsome/ros_ws_test/install/i_robot_stage/share/i_robot_stage/maps/mymap.yaml
[2.924s] -- Installing: /home/handsome/ros_ws_test/install/i_robot_stage/share/i_robot_stage/maps/maze_backup.yaml
[2.924s] -- Installing: /home/handsome/ros_ws_test/install/i_robot_stage/share/i_robot_stage/maps/mymap.pgm
[2.925s] -- Installing: /home/handsome/ros_ws_test/install/i_robot_stage/share/i_robot_stage/rviz
[2.925s] -- Installing: /home/handsome/ros_ws_test/install/i_robot_stage/share/i_robot_stage/rviz/robot_teb_navigation.rviz
[2.925s] -- Installing: /home/handsome/ros_ws_test/install/i_robot_stage/share/i_robot_stage/rviz/robot_teb_navigation_hyc.rviz
[2.925s] -- Installing: /home/handsome/ros_ws_test/install/i_robot_stage/share/i_robot_stage/rviz/robot_navigation.rviz
[2.930s] Invoked command in '/home/handsome/ros_ws_test/build/i_robot_stage' returned '0': /usr/bin/cmake --build /home/handsome/ros_ws_test/build/i_robot_stage --target install -- -j12 -l12
