[0.153s] Invoking command in '/home/handsome/ros_ws_test/build/i_robot_navigation': /usr/bin/cmake /home/handsome/ros_ws_test/src/ros_base/i_robot/i_robot_navigation -DCATKIN_INSTALL_INTO_PREFIX_ROOT=0 -DCMAKE_INSTALL_PREFIX=/home/handsome/ros_ws_test/install/i_robot_navigation
[0.647s] -- The C compiler identification is GNU 7.5.0
[1.023s] -- The CXX compiler identification is GNU 7.5.0
[1.049s] -- Check for working C compiler: /usr/bin/cc
[1.775s] -- Check for working C compiler: /usr/bin/cc -- works
[1.778s] -- Detecting C compiler ABI info
[2.285s] -- Detecting C compiler ABI info - done
[2.328s] -- Detecting C compile features
[3.579s] -- Detecting C compile features - done
[3.585s] -- Check for working CXX compiler: /usr/bin/c++
[3.888s] -- Check for working CXX compiler: /usr/bin/c++ -- works
[3.888s] -- Detecting CXX compiler ABI info
[4.149s] -- Detecting CXX compiler ABI info - done
[4.155s] -- Detecting CXX compile features
[5.238s] -- Detecting CXX compile features - done
[5.263s] -- Using CATKIN_DEVEL_PREFIX: /home/handsome/ros_ws_test/build/i_robot_navigation/devel
[5.264s] -- Using CMAKE_PREFIX_PATH: /home/handsome/ros_ws/install/yocs_cmd_vel_mux;/home/handsome/ros_ws/install/urdf_tutorial;/home/handsome/ros_ws/install/tuw_waypoint_to_spline_msgs;/home/handsome/ros_ws/install/tuw_multi_robot_router;/home/handsome/ros_ws/install/tuw_voronoi_graph;/home/handsome/ros_ws/install/tuw_vehicle_msgs;/home/handsome/ros_ws/install/tuw_order_planner;/home/handsome/ros_ws/install/tuw_object_rviz;/home/handsome/ros_ws/install/tuw_object_msgs;/home/handsome/ros_ws/install/tuw_nav_rviz;/home/handsome/ros_ws/install/tuw_multi_robot_local_behavior_controller;/home/handsome/ros_ws/install/tuw_multi_robot_ctrl;/home/handsome/ros_ws/install/tuw_nav_msgs;/home/handsome/ros_ws/install/tuw_multi_robot_rviz;/home/handsome/ros_ws/install/tuw_multi_robot_goal_generator;/home/handsome/ros_ws/install/robot_scheduling_utility;/home/handsome/ros_ws/install/robot_scheduling_actions;/home/handsome/ros_ws/install/actionlib_modules_bridge;/home/handsome/ros_ws/install/tuw_multi_robot_msgs;/home/handsome/ros_ws/install/tuw_multi_robot_demo;/home/handsome/ros_ws/install/tuw_local_controller_msgs;/home/handsome/ros_ws/install/tuw_geometry_rviz;/home/handsome/ros_ws/install/tuw_geometry_msgs;/home/handsome/ros_ws/install/tuw_geometry;/home/handsome/ros_ws/install/tuw_gazebo_msgs;/home/handsome/ros_ws/install/tuw_control;/home/handsome/ros_ws/install/tuw_airskin_msgs;/home/handsome/ros_ws/install/turtlebot_teleop;/home/handsome/ros_ws/install/tug_example_pnp_server;/home/handsome/ros_ws/install/tug_example_actions;/home/handsome/ros_ws/install/tug_example_msgs;/home/handsome/ros_ws/install/timed_roslaunch;/home/handsome/ros_ws/install/teb2_local_planner;/home/handsome/ros_ws/install/stated_roslaunch;/home/handsome/ros_ws/install/spatio_temporal_voxel_layer;/home/handsome/ros_ws/install/robot_udp_bridge;/home/handsome/ros_ws/install/robot_database_bridge;/home/handsome/ros_ws/install/samsungcmd_msgs;/home/handsome/ros_ws/install/rplidar_ros;/home/handsome/ros_ws/install/rp_action;/home/handsome/ros_ws/install/rp_action_msgs;/home/handsome/ros_ws/install/rosserial_xbee;/home/handsome/ros_ws/install/rosserial_windows;/home/handsome/ros_ws/install/rosserial_tivac;/home/handsome/ros_ws/install/rosserial_test;/home/handsome/ros_ws/install/rosserial_server;/home/handsome/ros_ws/install/rosserial_python;/home/handsome/ros_ws/install/rosserial_mbed;/home/handsome/ros_ws/install/rosserial_embeddedlinux;/home/handsome/ros_ws/install/rosserial_arduino;/home/handsome/ros_ws/install/rosserial_client;/home/handsome/ros_ws/install/rosserial_msgs;/home/handsome/ros_ws/install/cellctrl_qtgui_bridge;/home/handsome/ros_ws/install/car_db_manager_qtgui;/home/handsome/ros_ws/install/car_db_manager_bridge;/home/handsome/ros_ws/install/car_db_manager_action;/home/handsome/ros_ws/install/ros_utility_tools;/home/handsome/ros_ws/install/ros_package_test;/home/handsome/ros_ws/install/ros_package_manager;/home/handsome/ros_ws/install/robot_scheduling_server;/home/handsome/ros_ws/install/robot_scheduling_msgs;/home/handsome/ros_ws/install/robot_localization;/home/handsome/ros_ws/install/robot_control_msgs;/home/handsome/ros_ws/install/reset_location;/home/handsome/ros_ws/install/razor_imu_9dof;/home/handsome/ros_ws/install/pnp_rosplan;/home/handsome/ros_ws/install/actionlib_pnp_controller;/home/handsome/ros_ws/install/actionlib_modules_controller;/home/handsome/ros_ws/install/pnp_ros;/home/handsome/ros_ws/install/pnp_msgs;/home/handsome/ros_ws/install/open_auto_dock;/home/handsome/ros_ws/install/open_auto_dock_msgs;/home/handsome/ros_ws/install/omron_os32c_driver;/home/handsome/ros_ws/install/dlux_plugins;/home/handsome/ros_ws/install/dlux_global_planner;/home/handsome/ros_ws/install/nav_grid_pub_sub;/home/handsome/ros_ws/install/dwb_critics;/home/handsome/ros_ws/install/nav_grid_iterators;/home/handsome/ros_ws/install/locomove_base;/home/handsome/ros_ws/install/locomotor;/home/handsome/ros_ws/install/nav_core_adapter;/home/handsome/ros_ws/install/dwb_plugins;/home/handsome/ros_ws/install/dwb_local_planner;/home/handsome/ros_ws/install/nav_2d_utils;/home/handsome/ros_ws/install/global_planner_tests;/home/handsome/ros_ws/install/costmap_queue;/home/handsome/ros_ws/install/nav_core2;/home/handsome/ros_ws/install/nav_grid;/home/handsome/ros_ws/install/car_schedule_msgs;/home/handsome/ros_ws/install/actionlib_modules_msgs;/home/handsome/ros_ws/install/locomotor_msgs;/home/handsome/ros_ws/install/dwb_msgs;/home/handsome/ros_ws/install/nav_2d_msgs;/home/handsome/ros_ws/install/mongodb_log;/home/handsome/ros_ws/install/mongodb_store;/home/handsome/ros_ws/install/mongodb_store_msgs;/home/handsome/ros_ws/install/ca_driver;/home/handsome/ros_ws/install/libcreate;/home/handsome/ros_ws/install/i_robot_stage;/home/handsome/ros_ws/install/i_robot_navigation;/home/handsome/ros_ws/install/hyc_order_planner;/home/handsome/ros_ws/install/hyc_multi_robot_msgs;/home/handsome/ros_ws/install/fetch_open_auto_dock;/home/handsome/ros_ws/install/fetch_auto_dock_msgs;/home/handsome/ros_ws/install/change_teb2_max_vel_x_onfly;/home/handsome/ros_ws/install/cellctrl_control_msgs;/home/handsome/ros_ws/install/car_db_manager_msgs;/home/handsome/ros_ws/install/ca_msgs;/home/handsome/ros_ws/install/ca_description;/home/handsome/ros_ws/install/botcmd_msgs;/opt/ros/melodic
[5.272s] -- This workspace overlays: /home/handsome/ros_ws/install/yocs_cmd_vel_mux;/home/handsome/ros_ws/install/urdf_tutorial;/home/handsome/ros_ws/install/tuw_waypoint_to_spline_msgs;/home/handsome/ros_ws/install/tuw_multi_robot_router;/home/handsome/ros_ws/install/tuw_voronoi_graph;/home/handsome/ros_ws/install/tuw_vehicle_msgs;/home/handsome/ros_ws/install/tuw_order_planner;/home/handsome/ros_ws/install/tuw_object_rviz;/home/handsome/ros_ws/install/tuw_object_msgs;/home/handsome/ros_ws/install/tuw_nav_rviz;/home/handsome/ros_ws/install/tuw_multi_robot_local_behavior_controller;/home/handsome/ros_ws/install/tuw_multi_robot_ctrl;/home/handsome/ros_ws/install/tuw_nav_msgs;/home/handsome/ros_ws/install/tuw_multi_robot_rviz;/home/handsome/ros_ws/install/tuw_multi_robot_goal_generator;/home/handsome/ros_ws/install/robot_scheduling_utility;/home/handsome/ros_ws/install/robot_scheduling_actions;/home/handsome/ros_ws/install/actionlib_modules_bridge;/home/handsome/ros_ws/install/tuw_multi_robot_msgs;/home/handsome/ros_ws/install/tuw_multi_robot_demo;/home/handsome/ros_ws/install/tuw_local_controller_msgs;/home/handsome/ros_ws/install/tuw_geometry_rviz;/home/handsome/ros_ws/install/tuw_geometry_msgs;/home/handsome/ros_ws/install/tuw_geometry;/home/handsome/ros_ws/install/tuw_gazebo_msgs;/home/handsome/ros_ws/install/tuw_control;/home/handsome/ros_ws/install/tuw_airskin_msgs;/home/handsome/ros_ws/install/turtlebot_teleop;/home/handsome/ros_ws/install/tug_example_pnp_server;/home/handsome/ros_ws/install/tug_example_actions;/home/handsome/ros_ws/install/tug_example_msgs;/home/handsome/ros_ws/install/timed_roslaunch;/home/handsome/ros_ws/install/teb2_local_planner;/home/handsome/ros_ws/install/stated_roslaunch;/home/handsome/ros_ws/install/spatio_temporal_voxel_layer;/home/handsome/ros_ws/install/robot_udp_bridge;/home/handsome/ros_ws/install/robot_database_bridge;/home/handsome/ros_ws/install/samsungcmd_msgs;/home/handsome/ros_ws/install/rplidar_ros;/home/handsome/ros_ws/install/rp_action;/home/handsome/ros_ws/install/rp_action_msgs;/home/handsome/ros_ws/install/rosserial_xbee;/home/handsome/ros_ws/install/rosserial_windows;/home/handsome/ros_ws/install/rosserial_tivac;/home/handsome/ros_ws/install/rosserial_test;/home/handsome/ros_ws/install/rosserial_server;/home/handsome/ros_ws/install/rosserial_python;/home/handsome/ros_ws/install/rosserial_mbed;/home/handsome/ros_ws/install/rosserial_embeddedlinux;/home/handsome/ros_ws/install/rosserial_arduino;/home/handsome/ros_ws/install/rosserial_client;/home/handsome/ros_ws/install/rosserial_msgs;/home/handsome/ros_ws/install/cellctrl_qtgui_bridge;/home/handsome/ros_ws/install/car_db_manager_qtgui;/home/handsome/ros_ws/install/car_db_manager_bridge;/home/handsome/ros_ws/install/car_db_manager_action;/home/handsome/ros_ws/install/ros_utility_tools;/home/handsome/ros_ws/install/ros_package_test;/home/handsome/ros_ws/install/ros_package_manager;/home/handsome/ros_ws/install/robot_scheduling_server;/home/handsome/ros_ws/install/robot_scheduling_msgs;/home/handsome/ros_ws/install/robot_localization;/home/handsome/ros_ws/install/robot_control_msgs;/home/handsome/ros_ws/install/reset_location;/home/handsome/ros_ws/install/razor_imu_9dof;/home/handsome/ros_ws/install/pnp_rosplan;/home/handsome/ros_ws/install/actionlib_pnp_controller;/home/handsome/ros_ws/install/actionlib_modules_controller;/home/handsome/ros_ws/install/pnp_ros;/home/handsome/ros_ws/install/pnp_msgs;/home/handsome/ros_ws/install/open_auto_dock;/home/handsome/ros_ws/install/open_auto_dock_msgs;/home/handsome/ros_ws/install/omron_os32c_driver;/home/handsome/ros_ws/install/dlux_plugins;/home/handsome/ros_ws/install/dlux_global_planner;/home/handsome/ros_ws/install/nav_grid_pub_sub;/home/handsome/ros_ws/install/dwb_critics;/home/handsome/ros_ws/install/nav_grid_iterators;/home/handsome/ros_ws/install/locomove_base;/home/handsome/ros_ws/install/locomotor;/home/handsome/ros_ws/install/nav_core_adapter;/home/handsome/ros_ws/install/dwb_plugins;/home/handsome/ros_ws/install/dwb_local_planner;/home/handsome/ros_ws/install/nav_2d_utils;/home/handsome/ros_ws/install/global_planner_tests;/home/handsome/ros_ws/install/costmap_queue;/home/handsome/ros_ws/install/nav_core2;/home/handsome/ros_ws/install/nav_grid;/home/handsome/ros_ws/install/car_schedule_msgs;/home/handsome/ros_ws/install/actionlib_modules_msgs;/home/handsome/ros_ws/install/locomotor_msgs;/home/handsome/ros_ws/install/dwb_msgs;/home/handsome/ros_ws/install/nav_2d_msgs;/home/handsome/ros_ws/install/mongodb_log;/home/handsome/ros_ws/install/mongodb_store;/home/handsome/ros_ws/install/mongodb_store_msgs;/home/handsome/ros_ws/install/ca_driver;/home/handsome/ros_ws/install/i_robot_stage;/home/handsome/ros_ws/install/i_robot_navigation;/home/handsome/ros_ws/install/hyc_order_planner;/home/handsome/ros_ws/install/hyc_multi_robot_msgs;/home/handsome/ros_ws/install/fetch_open_auto_dock;/home/handsome/ros_ws/install/fetch_auto_dock_msgs;/home/handsome/ros_ws/install/change_teb2_max_vel_x_onfly;/home/handsome/ros_ws/install/cellctrl_control_msgs;/home/handsome/ros_ws/install/car_db_manager_msgs;/home/handsome/ros_ws/install/ca_msgs;/home/handsome/ros_ws/install/ca_description;/home/handsome/ros_ws/install/botcmd_msgs;/opt/ros/melodic
[5.325s] -- Found PythonInterp: /usr/bin/python2 (found suitable version "2.7.17", minimum required is "2") 
[5.325s] -- Using PYTHON_EXECUTABLE: /usr/bin/python2
[5.325s] -- Using Debian Python package layout
[5.329s] -- Using empy: /usr/bin/empy
[5.708s] -- Using CATKIN_ENABLE_TESTING: ON
[5.710s] -- Call enable_testing()
[5.714s] -- Using CATKIN_TEST_RESULTS_DIR: /home/handsome/ros_ws_test/build/i_robot_navigation/test_results
[5.797s] -- Found gtest sources under '/usr/src/googletest': gtests will be built
[5.797s] -- Found gmock sources under '/usr/src/googletest': gmock will be built
[5.860s] -- Found PythonInterp: /usr/bin/python2 (found version "2.7.17") 
[5.863s] -- Looking for pthread.h
[6.112s] -- Looking for pthread.h - found
[6.112s] -- Looking for pthread_create
[6.420s] -- Looking for pthread_create - not found
[6.420s] -- Looking for pthread_create in pthreads
[6.675s] -- Looking for pthread_create in pthreads - not found
[6.675s] -- Looking for pthread_create in pthread
[6.923s] -- Looking for pthread_create in pthread - found
[6.926s] -- Found Threads: TRUE  
[6.939s] -- Using Python nosetests: /usr/bin/nosetests-2.7
[7.099s] -- catkin 0.7.28
[7.099s] -- BUILD_SHARED_LIBS is on
[8.262s] -- Using these message generators: gencpp;geneus;genlisp;gennodejs;genpy
[10.931s] -- Configuring done
[11.060s] -- Generating done
[11.103s] -- Build files have been written to: /home/handsome/ros_ws_test/build/i_robot_navigation
[11.136s] Invoked command in '/home/handsome/ros_ws_test/build/i_robot_navigation' returned '0': /usr/bin/cmake /home/handsome/ros_ws_test/src/ros_base/i_robot/i_robot_navigation -DCATKIN_INSTALL_INTO_PREFIX_ROOT=0 -DCMAKE_INSTALL_PREFIX=/home/handsome/ros_ws_test/install/i_robot_navigation
[11.138s] Invoking command in '/home/handsome/ros_ws_test/build/i_robot_navigation': /usr/bin/cmake --build /home/handsome/ros_ws_test/build/i_robot_navigation -- -j12 -l12
[11.629s] [35m[1mScanning dependencies of target laser_footprint_filter[0m
[11.842s] [ 50%] [32mBuilding CXX object CMakeFiles/laser_footprint_filter.dir/src/laser_footprint_filter.cpp.o[0m
[18.744s] [100%] [32m[1mLinking CXX executable devel/lib/i_robot_navigation/laser_footprint_filter[0m
[19.642s] [100%] Built target laser_footprint_filter
[19.743s] Invoked command in '/home/handsome/ros_ws_test/build/i_robot_navigation' returned '0': /usr/bin/cmake --build /home/handsome/ros_ws_test/build/i_robot_navigation -- -j12 -l12
[21.696s] Invoking command in '/home/handsome/ros_ws_test/build/i_robot_navigation': /usr/bin/cmake --build /home/handsome/ros_ws_test/build/i_robot_navigation --target tests -- -j12 -l12
[22.401s] [35m[1mScanning dependencies of target tests[0m
[22.522s] Built target tests
[22.624s] Invoked command in '/home/handsome/ros_ws_test/build/i_robot_navigation' returned '0': /usr/bin/cmake --build /home/handsome/ros_ws_test/build/i_robot_navigation --target tests -- -j12 -l12
[24.455s] Invoking command in '/home/handsome/ros_ws_test/build/i_robot_navigation': /usr/bin/cmake --build /home/handsome/ros_ws_test/build/i_robot_navigation --target install -- -j12 -l12
[24.931s] [100%] Built target laser_footprint_filter
[25.087s] [36mInstall the project...[0m
[25.159s] -- Install configuration: ""
[25.159s] -- Installing: /home/handsome/ros_ws_test/install/i_robot_navigation/lib/pkgconfig/i_robot_navigation.pc
[25.160s] -- Installing: /home/handsome/ros_ws_test/install/i_robot_navigation/share/i_robot_navigation/cmake/i_robot_navigationConfig.cmake
[25.160s] -- Installing: /home/handsome/ros_ws_test/install/i_robot_navigation/share/i_robot_navigation/cmake/i_robot_navigationConfig-version.cmake
[25.160s] -- Installing: /home/handsome/ros_ws_test/install/i_robot_navigation/share/i_robot_navigation/package.xml
[25.161s] -- Installing: /home/handsome/ros_ws_test/install/i_robot_navigation/etc/catkin/profile.d/25.i-robot-navigation.sh
[25.161s] -- Installing: /home/handsome/ros_ws_test/install/i_robot_navigation/share/i_robot_navigation/catkin_env_hook/25.i-robot-navigation.sh
[25.161s] -- Installing: /home/handsome/ros_ws_test/install/i_robot_navigation/lib/i_robot_navigation/laser_footprint_filter
[25.163s] -- Set runtime path of "/home/handsome/ros_ws_test/install/i_robot_navigation/lib/i_robot_navigation/laser_footprint_filter" to ""
[25.163s] -- Installing: /home/handsome/ros_ws_test/install/i_robot_navigation/share/i_robot_navigation/laser
[25.164s] -- Installing: /home/handsome/ros_ws_test/install/i_robot_navigation/share/i_robot_navigation/laser/move_base_laser.launch
[25.164s] -- Installing: /home/handsome/ros_ws_test/install/i_robot_navigation/share/i_robot_navigation/laser/laser_amcl_demo.launch
[25.164s] -- Installing: /home/handsome/ros_ws_test/install/i_robot_navigation/share/i_robot_navigation/laser/costmap_common_params.yaml
[25.165s] -- Installing: /home/handsome/ros_ws_test/install/i_robot_navigation/share/i_robot_navigation/laser/laser_gmapping_demo.launch
[25.165s] -- Installing: /home/handsome/ros_ws_test/install/i_robot_navigation/share/i_robot_navigation/launch
[25.167s] -- Installing: /home/handsome/ros_ws_test/install/i_robot_navigation/share/i_robot_navigation/launch/includes
[25.168s] -- Installing: /home/handsome/ros_ws_test/install/i_robot_navigation/share/i_robot_navigation/launch/includes/safety_controller.launch.xml
[25.168s] -- Installing: /home/handsome/ros_ws_test/install/i_robot_navigation/share/i_robot_navigation/launch/includes/amcl
[25.168s] -- Installing: /home/handsome/ros_ws_test/install/i_robot_navigation/share/i_robot_navigation/launch/includes/amcl/astra_amcl.launch.xml
[25.169s] -- Installing: /home/handsome/ros_ws_test/install/i_robot_navigation/share/i_robot_navigation/launch/includes/amcl/asus_xtion_pro_offset_amcl.launch.xml
[25.169s] -- Installing: /home/handsome/ros_ws_test/install/i_robot_navigation/share/i_robot_navigation/launch/includes/amcl/asus_xtion_pro_amcl.launch.xml
[25.169s] -- Installing: /home/handsome/ros_ws_test/install/i_robot_navigation/share/i_robot_navigation/launch/includes/amcl/amcl.launch.xml
[25.169s] -- Installing: /home/handsome/ros_ws_test/install/i_robot_navigation/share/i_robot_navigation/launch/includes/amcl/r200_amcl.launch.xml
[25.170s] -- Installing: /home/handsome/ros_ws_test/install/i_robot_navigation/share/i_robot_navigation/launch/includes/amcl/kinect_amcl.launch.xml
[25.170s] -- Installing: /home/handsome/ros_ws_test/install/i_robot_navigation/share/i_robot_navigation/launch/includes/locomotor_teb.launch.xml
[25.170s] -- Installing: /home/handsome/ros_ws_test/install/i_robot_navigation/share/i_robot_navigation/launch/includes/move_base_teb.launch.xml
[25.171s] -- Installing: /home/handsome/ros_ws_test/install/i_robot_navigation/share/i_robot_navigation/launch/includes/move_base.launch.xml
[25.171s] -- Installing: /home/handsome/ros_ws_test/install/i_robot_navigation/share/i_robot_navigation/launch/includes/velocity_smoother.launch.xml
[25.171s] -- Installing: /home/handsome/ros_ws_test/install/i_robot_navigation/share/i_robot_navigation/launch/includes/gmapping
[25.171s] -- Installing: /home/handsome/ros_ws_test/install/i_robot_navigation/share/i_robot_navigation/launch/includes/gmapping/asus_xtion_pro_offset_gmapping.launch.xml
[25.171s] -- Installing: /home/handsome/ros_ws_test/install/i_robot_navigation/share/i_robot_navigation/launch/includes/gmapping/kinect_gmapping.launch.xml
[25.172s] -- Installing: /home/handsome/ros_ws_test/install/i_robot_navigation/share/i_robot_navigation/launch/includes/gmapping/astra_gmapping.launch.xml
[25.172s] -- Installing: /home/handsome/ros_ws_test/install/i_robot_navigation/share/i_robot_navigation/launch/includes/gmapping/r200_gmapping.launch.xml
[25.172s] -- Installing: /home/handsome/ros_ws_test/install/i_robot_navigation/share/i_robot_navigation/launch/includes/gmapping/gmapping.launch.xml
[25.172s] -- Installing: /home/handsome/ros_ws_test/install/i_robot_navigation/share/i_robot_navigation/launch/includes/gmapping/asus_xtion_pro_gmapping.launch.xml
[25.172s] -- Installing: /home/handsome/ros_ws_test/install/i_robot_navigation/share/i_robot_navigation/launch/gmapping_demo.launch
[25.172s] -- Installing: /home/handsome/ros_ws_test/install/i_robot_navigation/share/i_robot_navigation/launch/amcl_demo.launch
[25.172s] -- Installing: /home/handsome/ros_ws_test/install/i_robot_navigation/share/i_robot_navigation/launch/graveyard
[25.173s] -- Installing: /home/handsome/ros_ws_test/install/i_robot_navigation/share/i_robot_navigation/launch/graveyard/graveyard_bump_navi_demo.launch
[25.178s] -- Installing: /home/handsome/ros_ws_test/install/i_robot_navigation/share/i_robot_navigation/param
[25.179s] -- Installing: /home/handsome/ros_ws_test/install/i_robot_navigation/share/i_robot_navigation/param/astra_costmap_params.yaml
[25.179s] -- Installing: /home/handsome/ros_ws_test/install/i_robot_navigation/share/i_robot_navigation/param/local_costmap_params.yaml
[25.179s] -- Installing: /home/handsome/ros_ws_test/install/i_robot_navigation/share/i_robot_navigation/param/locomotor
[25.179s] -- Installing: /home/handsome/ros_ws_test/install/i_robot_navigation/share/i_robot_navigation/param/locomotor/costmap_converter_params.yaml
[25.179s] -- Installing: /home/handsome/ros_ws_test/install/i_robot_navigation/share/i_robot_navigation/param/locomotor/local_costmap_params.yaml
[25.180s] -- Installing: /home/handsome/ros_ws_test/install/i_robot_navigation/share/i_robot_navigation/param/locomotor/locomotor
[25.180s] -- Installing: /home/handsome/ros_ws_test/install/i_robot_navigation/share/i_robot_navigation/param/locomotor/locomotor/local_costmap_params.yaml
[25.180s] -- Installing: /home/handsome/ros_ws_test/install/i_robot_navigation/share/i_robot_navigation/param/locomotor/locomotor/dlux_global_planner_params.yaml
[25.180s] -- Installing: /home/handsome/ros_ws_test/install/i_robot_navigation/share/i_robot_navigation/param/locomotor/locomotor/teb_local_planner_params_hyc.yaml
[25.181s] -- Installing: /home/handsome/ros_ws_test/install/i_robot_navigation/share/i_robot_navigation/param/locomotor/locomotor/teb_local_planner_params_teb.yaml
[25.181s] -- Installing: /home/handsome/ros_ws_test/install/i_robot_navigation/share/i_robot_navigation/param/locomotor/locomotor/global_costmap_params.yaml
[25.181s] -- Installing: /home/handsome/ros_ws_test/install/i_robot_navigation/share/i_robot_navigation/param/locomotor/locomotor/dwb_local_planner_params.yaml
[25.181s] -- Installing: /home/handsome/ros_ws_test/install/i_robot_navigation/share/i_robot_navigation/param/locomotor/locomotor/costmap_common_params.yaml
[25.181s] -- Installing: /home/handsome/ros_ws_test/install/i_robot_navigation/share/i_robot_navigation/param/locomotor/locomotor/global_costmap_params_teb.yaml
[25.181s] -- Installing: /home/handsome/ros_ws_test/install/i_robot_navigation/share/i_robot_navigation/param/locomotor/locomotor/costmap_common_params0.yaml
[25.181s] -- Installing: /home/handsome/ros_ws_test/install/i_robot_navigation/share/i_robot_navigation/param/locomotor/locomotor/local_costmap_params_teb.yaml
[25.182s] -- Installing: /home/handsome/ros_ws_test/install/i_robot_navigation/share/i_robot_navigation/param/locomotor/locomotor/teb_local_planner_params_hyc0.yaml
[25.182s] -- Installing: /home/handsome/ros_ws_test/install/i_robot_navigation/share/i_robot_navigation/param/locomotor/locomotor/costmap_common_params_teb.yaml
[25.182s] -- Installing: /home/handsome/ros_ws_test/install/i_robot_navigation/share/i_robot_navigation/param/locomotor/locomotor/dwa_local_planner_params.yaml
[25.182s] -- Installing: /home/handsome/ros_ws_test/install/i_robot_navigation/share/i_robot_navigation/param/locomotor/teb_local_planner_params.yaml
[25.182s] -- Installing: /home/handsome/ros_ws_test/install/i_robot_navigation/share/i_robot_navigation/param/locomotor/dwa_local_planner.yaml
[25.183s] -- Installing: /home/handsome/ros_ws_test/install/i_robot_navigation/share/i_robot_navigation/param/locomotor/teb_local_planner_params_hyc.yaml
[25.183s] -- Installing: /home/handsome/ros_ws_test/install/i_robot_navigation/share/i_robot_navigation/param/locomotor/global_costmap_params.yaml
[25.183s] -- Installing: /home/handsome/ros_ws_test/install/i_robot_navigation/share/i_robot_navigation/param/locomotor/local_costmap_params (copy).yaml
[25.183s] -- Installing: /home/handsome/ros_ws_test/install/i_robot_navigation/share/i_robot_navigation/param/locomotor/gmapping_params.yaml
[25.183s] -- Installing: /home/handsome/ros_ws_test/install/i_robot_navigation/share/i_robot_navigation/param/locomotor/adlink_ekf_laser_params.yaml
[25.183s] -- Installing: /home/handsome/ros_ws_test/install/i_robot_navigation/share/i_robot_navigation/param/locomotor/global_costmap_params (copy).yaml
[25.183s] -- Installing: /home/handsome/ros_ws_test/install/i_robot_navigation/share/i_robot_navigation/param/locomotor/costmap_common_params.yaml
[25.184s] -- Installing: /home/handsome/ros_ws_test/install/i_robot_navigation/share/i_robot_navigation/param/locomotor/base_local_planner_params.yaml
[25.184s] -- Installing: /home/handsome/ros_ws_test/install/i_robot_navigation/share/i_robot_navigation/param/locomotor/adlink_ekf_encoder_params.yaml
[25.184s] -- Installing: /home/handsome/ros_ws_test/install/i_robot_navigation/share/i_robot_navigation/param/locomotor/move_base_params.yaml
[25.184s] -- Installing: /home/handsome/ros_ws_test/install/i_robot_navigation/share/i_robot_navigation/param/locomotor/dwa_local_planner_params.yaml
[25.184s] -- Installing: /home/handsome/ros_ws_test/install/i_robot_navigation/share/i_robot_navigation/param/locomotor/teb_local_planner_params_680.yaml
[25.184s] -- Installing: /home/handsome/ros_ws_test/install/i_robot_navigation/share/i_robot_navigation/param/r200_costmap_params.yaml
[25.184s] -- Installing: /home/handsome/ros_ws_test/install/i_robot_navigation/share/i_robot_navigation/param/global_costmap_params.yaml
[25.185s] -- Installing: /home/handsome/ros_ws_test/install/i_robot_navigation/share/i_robot_navigation/param/teb
[25.185s] -- Installing: /home/handsome/ros_ws_test/install/i_robot_navigation/share/i_robot_navigation/param/teb/costmap_converter_params.yaml
[25.185s] -- Installing: /home/handsome/ros_ws_test/install/i_robot_navigation/share/i_robot_navigation/param/teb/local_costmap_params.yaml
[25.185s] -- Installing: /home/handsome/ros_ws_test/install/i_robot_navigation/share/i_robot_navigation/param/teb/teb_local_planner_params.yaml
[25.185s] -- Installing: /home/handsome/ros_ws_test/install/i_robot_navigation/share/i_robot_navigation/param/teb/global_costmap_params.yaml
[25.186s] -- Installing: /home/handsome/ros_ws_test/install/i_robot_navigation/share/i_robot_navigation/param/teb/global_planner_params.yaml
[25.186s] -- Installing: /home/handsome/ros_ws_test/install/i_robot_navigation/share/i_robot_navigation/param/teb/costmap_common_params.yaml
[25.186s] -- Installing: /home/handsome/ros_ws_test/install/i_robot_navigation/share/i_robot_navigation/param/teb/navfn_global_planner_params.yaml
[25.186s] -- Installing: /home/handsome/ros_ws_test/install/i_robot_navigation/share/i_robot_navigation/param/teb/move_base_params.yaml
[25.186s] -- Installing: /home/handsome/ros_ws_test/install/i_robot_navigation/share/i_robot_navigation/param/global_planner_params.yaml
[25.186s] -- Installing: /home/handsome/ros_ws_test/install/i_robot_navigation/share/i_robot_navigation/param/costmap_common_params.yaml
[25.186s] -- Installing: /home/handsome/ros_ws_test/install/i_robot_navigation/share/i_robot_navigation/param/navfn_global_planner_params.yaml
[25.187s] -- Installing: /home/handsome/ros_ws_test/install/i_robot_navigation/share/i_robot_navigation/param/dummy.yaml
[25.187s] -- Installing: /home/handsome/ros_ws_test/install/i_robot_navigation/share/i_robot_navigation/param/asus_xtion_pro_costmap_params.yaml
[25.187s] -- Installing: /home/handsome/ros_ws_test/install/i_robot_navigation/share/i_robot_navigation/param/kinect_costmap_params.yaml
[25.187s] -- Installing: /home/handsome/ros_ws_test/install/i_robot_navigation/share/i_robot_navigation/param/asus_xtion_pro_offset_costmap_params.yaml
[25.187s] -- Installing: /home/handsome/ros_ws_test/install/i_robot_navigation/share/i_robot_navigation/param/move_base_params.yaml
[25.187s] -- Installing: /home/handsome/ros_ws_test/install/i_robot_navigation/share/i_robot_navigation/param/dwa_local_planner_params.yaml
[25.192s] -- Installing: /home/handsome/ros_ws_test/install/i_robot_navigation/share/i_robot_navigation/maps
[25.192s] -- Installing: /home/handsome/ros_ws_test/install/i_robot_navigation/share/i_robot_navigation/maps/willow-2010-02-18-0.10.yaml
[25.192s] -- Installing: /home/handsome/ros_ws_test/install/i_robot_navigation/share/i_robot_navigation/maps/willow-2010-02-18-0.10.pgm
[25.208s] Invoked command in '/home/handsome/ros_ws_test/build/i_robot_navigation' returned '0': /usr/bin/cmake --build /home/handsome/ros_ws_test/build/i_robot_navigation --target install -- -j12 -l12
