[0.014s] Invoking command in '/home/handsome/ros_ws_test/build/i_robot_navigation': /usr/bin/cmake /home/handsome/ros_ws_test/src/ros_base/i_robot/i_robot_navigation -DCATKIN_INSTALL_INTO_PREFIX_ROOT=0 -DCMAKE_INSTALL_PREFIX=/home/handsome/ros_ws_test/install/i_robot_navigation
[0.080s] -- The C compiler identification is GNU 7.5.0
[0.140s] -- The CXX compiler identification is GNU 7.5.0
[0.145s] -- Check for working C compiler: /usr/bin/cc
[0.216s] -- Check for working C compiler: /usr/bin/cc -- works
[0.217s] -- Detecting C compiler ABI info
[0.288s] -- Detecting C compiler ABI info - done
[0.296s] -- Detecting C compile features
[0.511s] -- Detecting C compile features - done
[0.514s] -- Check for working CXX compiler: /usr/bin/c++
[0.594s] -- Check for working CXX compiler: /usr/bin/c++ -- works
[0.595s] -- Detecting CXX compiler ABI info
[0.678s] -- Detecting CXX compiler ABI info - done
[0.686s] -- Detecting CXX compile features
[1.046s] -- Detecting CXX compile features - done
[1.052s] -- Using CATKIN_DEVEL_PREFIX: /home/handsome/ros_ws_test/build/i_robot_navigation/devel
[1.052s] -- Using CMAKE_PREFIX_PATH: /home/handsome/ros_ws_test/install/yocs_cmd_vel_mux;/home/handsome/ros_ws_test/install/turtlebot_teleop;/home/handsome/ros_ws_test/install/tug_example_pnp_server;/home/handsome/ros_ws_test/install/tug_example_actions;/home/handsome/ros_ws_test/install/tug_example_msgs;/home/handsome/ros_ws_test/install/timed_roslaunch;/home/handsome/ros_ws_test/install/teb2_local_planner;/home/handsome/ros_ws_test/install/stated_roslaunch;/home/handsome/ros_ws_test/install/spatio_temporal_voxel_layer;/home/handsome/ros_ws_test/install/robot_udp_bridge;/home/handsome/ros_ws_test/install/robot_database_bridge;/home/handsome/ros_ws_test/install/samsungcmd_msgs;/home/handsome/ros_ws_test/install/rplidar_ros;/home/handsome/ros_ws_test/install/rp_action;/home/handsome/ros_ws_test/install/rp_action_msgs;/home/handsome/ros_ws_test/install/robot_scheduling_actions;/home/handsome/ros_ws_test/install/cellctrl_qtgui_bridge;/home/handsome/ros_ws_test/install/car_db_manager_qtgui;/home/handsome/ros_ws_test/install/car_db_manager_bridge;/home/handsome/ros_ws_test/install/car_db_manager_action;/home/handsome/ros_ws_test/install/ros_utility_tools;/home/handsome/ros_ws_test/install/robot_scheduling_server;/home/handsome/ros_ws_test/install/robot_scheduling_msgs;/home/handsome/ros_ws_test/install/robot_localization;/home/handsome/ros_ws_test/install/robot_control_msgs;/home/handsome/ros_ws_test/install/reset_location;/home/handsome/ros_ws_test/install/razor_imu_9dof;/home/handsome/ros_ws_test/install/pnp_rosplan;/home/handsome/ros_ws_test/install/pnp_ros;/home/handsome/ros_ws_test/install/pnp_msgs;/home/handsome/ros_ws_test/install/open_auto_dock;/home/handsome/ros_ws_test/install/open_auto_dock_msgs;/home/handsome/ros_ws_test/install/omron_os32c_driver;/home/handsome/ros_ws_test/install/dlux_plugins;/home/handsome/ros_ws_test/install/dlux_global_planner;/home/handsome/ros_ws_test/install/nav_grid_pub_sub;/home/handsome/ros_ws_test/install/dwb_critics;/home/handsome/ros_ws_test/install/nav_grid_iterators;/home/handsome/ros_ws_test/install/locomove_base;/home/handsome/ros_ws_test/install/locomotor;/home/handsome/ros_ws_test/install/nav_core_adapter;/home/handsome/ros_ws_test/install/dwb_plugins;/home/handsome/ros_ws_test/install/dwb_local_planner;/home/handsome/ros_ws_test/install/nav_2d_utils;/home/handsome/ros_ws_test/install/global_planner_tests;/home/handsome/ros_ws_test/install/costmap_queue;/home/handsome/ros_ws_test/install/nav_core2;/home/handsome/ros_ws_test/install/nav_grid;/home/handsome/ros_ws_test/install/actionlib_modules_msgs;/home/handsome/ros_ws_test/install/locomotor_msgs;/home/handsome/ros_ws_test/install/dwb_msgs;/home/handsome/ros_ws_test/install/nav_2d_msgs;/home/handsome/ros_ws_test/install/mongodb_log;/home/handsome/ros_ws_test/install/mongodb_store;/home/handsome/ros_ws_test/install/mongodb_store_msgs;/home/handsome/ros_ws_test/install/ca_driver;/home/handsome/ros_ws_test/install/libcreate;/home/handsome/ros_ws_test/install/i_robot_stage;/home/handsome/ros_ws_test/install/i_robot_navigation;/home/handsome/ros_ws_test/install/cellctrl_control_msgs;/home/handsome/ros_ws_test/install/car_db_manager_msgs;/home/handsome/ros_ws_test/install/ca_tools;/home/handsome/ros_ws_test/install/ca_msgs;/home/handsome/ros_ws_test/install/ca_description;/home/handsome/ros_ws_test/install/botcmd_msgs;/opt/ros/melodic
[1.054s] -- This workspace overlays: /home/handsome/ros_ws_test/install/yocs_cmd_vel_mux;/home/handsome/ros_ws_test/install/turtlebot_teleop;/home/handsome/ros_ws_test/install/tug_example_pnp_server;/home/handsome/ros_ws_test/install/tug_example_actions;/home/handsome/ros_ws_test/install/tug_example_msgs;/home/handsome/ros_ws_test/install/timed_roslaunch;/home/handsome/ros_ws_test/install/teb2_local_planner;/home/handsome/ros_ws_test/install/stated_roslaunch;/home/handsome/ros_ws_test/install/spatio_temporal_voxel_layer;/home/handsome/ros_ws_test/install/robot_udp_bridge;/home/handsome/ros_ws_test/install/robot_database_bridge;/home/handsome/ros_ws_test/install/samsungcmd_msgs;/home/handsome/ros_ws_test/install/rplidar_ros;/home/handsome/ros_ws_test/install/rp_action;/home/handsome/ros_ws_test/install/rp_action_msgs;/home/handsome/ros_ws_test/install/robot_scheduling_actions;/home/handsome/ros_ws_test/install/cellctrl_qtgui_bridge;/home/handsome/ros_ws_test/install/car_db_manager_qtgui;/home/handsome/ros_ws_test/install/car_db_manager_bridge;/home/handsome/ros_ws_test/install/car_db_manager_action;/home/handsome/ros_ws_test/install/ros_utility_tools;/home/handsome/ros_ws_test/install/robot_scheduling_server;/home/handsome/ros_ws_test/install/robot_scheduling_msgs;/home/handsome/ros_ws_test/install/robot_localization;/home/handsome/ros_ws_test/install/robot_control_msgs;/home/handsome/ros_ws_test/install/reset_location;/home/handsome/ros_ws_test/install/razor_imu_9dof;/home/handsome/ros_ws_test/install/pnp_rosplan;/home/handsome/ros_ws_test/install/pnp_ros;/home/handsome/ros_ws_test/install/pnp_msgs;/home/handsome/ros_ws_test/install/open_auto_dock;/home/handsome/ros_ws_test/install/open_auto_dock_msgs;/home/handsome/ros_ws_test/install/omron_os32c_driver;/home/handsome/ros_ws_test/install/dlux_plugins;/home/handsome/ros_ws_test/install/dlux_global_planner;/home/handsome/ros_ws_test/install/nav_grid_pub_sub;/home/handsome/ros_ws_test/install/dwb_critics;/home/handsome/ros_ws_test/install/nav_grid_iterators;/home/handsome/ros_ws_test/install/locomove_base;/home/handsome/ros_ws_test/install/locomotor;/home/handsome/ros_ws_test/install/nav_core_adapter;/home/handsome/ros_ws_test/install/dwb_plugins;/home/handsome/ros_ws_test/install/dwb_local_planner;/home/handsome/ros_ws_test/install/nav_2d_utils;/home/handsome/ros_ws_test/install/global_planner_tests;/home/handsome/ros_ws_test/install/costmap_queue;/home/handsome/ros_ws_test/install/nav_core2;/home/handsome/ros_ws_test/install/nav_grid;/home/handsome/ros_ws_test/install/actionlib_modules_msgs;/home/handsome/ros_ws_test/install/locomotor_msgs;/home/handsome/ros_ws_test/install/dwb_msgs;/home/handsome/ros_ws_test/install/nav_2d_msgs;/home/handsome/ros_ws_test/install/mongodb_log;/home/handsome/ros_ws_test/install/mongodb_store;/home/handsome/ros_ws_test/install/mongodb_store_msgs;/home/handsome/ros_ws_test/install/ca_driver;/home/handsome/ros_ws_test/install/i_robot_stage;/home/handsome/ros_ws_test/install/cellctrl_control_msgs;/home/handsome/ros_ws_test/install/car_db_manager_msgs;/home/handsome/ros_ws_test/install/ca_tools;/home/handsome/ros_ws_test/install/ca_msgs;/home/handsome/ros_ws_test/install/ca_description;/home/handsome/ros_ws_test/install/botcmd_msgs;/opt/ros/melodic
[1.072s] -- Found PythonInterp: /usr/bin/python2 (found suitable version "2.7.17", minimum required is "2") 
[1.072s] -- Using PYTHON_EXECUTABLE: /usr/bin/python2
[1.072s] -- Using Debian Python package layout
[1.072s] -- Using empy: /usr/bin/empy
[1.210s] -- Using CATKIN_ENABLE_TESTING: ON
[1.210s] -- Call enable_testing()
[1.211s] -- Using CATKIN_TEST_RESULTS_DIR: /home/handsome/ros_ws_test/build/i_robot_navigation/test_results
[1.237s] -- Found gtest sources under '/usr/src/googletest': gtests will be built
[1.237s] -- Found gmock sources under '/usr/src/googletest': gmock will be built
[1.255s] -- Found PythonInterp: /usr/bin/python2 (found version "2.7.17") 
[1.256s] -- Looking for pthread.h
[1.328s] -- Looking for pthread.h - found
[1.328s] -- Looking for pthread_create
[1.406s] -- Looking for pthread_create - not found
[1.407s] -- Looking for pthread_create in pthreads
[1.469s] -- Looking for pthread_create in pthreads - not found
[1.469s] -- Looking for pthread_create in pthread
[1.544s] -- Looking for pthread_create in pthread - found
[1.545s] -- Found Threads: TRUE  
[1.550s] -- Using Python nosetests: /usr/bin/nosetests-2.7
[1.597s] -- catkin 0.7.28
[1.597s] -- BUILD_SHARED_LIBS is on
[1.933s] -- Using these message generators: gencpp;geneus;genlisp;gennodejs;genpy
[2.437s] -- Configuring done
[2.459s] -- Generating done
[2.464s] -- Build files have been written to: /home/handsome/ros_ws_test/build/i_robot_navigation
[2.471s] Invoked command in '/home/handsome/ros_ws_test/build/i_robot_navigation' returned '0': /usr/bin/cmake /home/handsome/ros_ws_test/src/ros_base/i_robot/i_robot_navigation -DCATKIN_INSTALL_INTO_PREFIX_ROOT=0 -DCMAKE_INSTALL_PREFIX=/home/handsome/ros_ws_test/install/i_robot_navigation
[2.472s] Invoking command in '/home/handsome/ros_ws_test/build/i_robot_navigation': /usr/bin/cmake --build /home/handsome/ros_ws_test/build/i_robot_navigation -- -j12 -l12
[2.519s] [35m[1mScanning dependencies of target laser_footprint_filter[0m
[2.600s] [ 50%] [32mBuilding CXX object CMakeFiles/laser_footprint_filter.dir/src/laser_footprint_filter.cpp.o[0m
[5.686s] [100%] [32m[1mLinking CXX executable devel/lib/i_robot_navigation/laser_footprint_filter[0m
[5.846s] [100%] Built target laser_footprint_filter
[5.859s] Invoked command in '/home/handsome/ros_ws_test/build/i_robot_navigation' returned '0': /usr/bin/cmake --build /home/handsome/ros_ws_test/build/i_robot_navigation -- -j12 -l12
[5.941s] Invoking command in '/home/handsome/ros_ws_test/build/i_robot_navigation': /usr/bin/cmake --build /home/handsome/ros_ws_test/build/i_robot_navigation --target tests -- -j12 -l12
[6.003s] [35m[1mScanning dependencies of target tests[0m
[6.016s] Built target tests
[6.028s] Invoked command in '/home/handsome/ros_ws_test/build/i_robot_navigation' returned '0': /usr/bin/cmake --build /home/handsome/ros_ws_test/build/i_robot_navigation --target tests -- -j12 -l12
[6.138s] Invoking command in '/home/handsome/ros_ws_test/build/i_robot_navigation': /usr/bin/cmake --build /home/handsome/ros_ws_test/build/i_robot_navigation --target install -- -j12 -l12
[6.219s] [100%] Built target laser_footprint_filter
[6.247s] [36mInstall the project...[0m
[6.260s] -- Install configuration: ""
[6.260s] -- Installing: /home/handsome/ros_ws_test/install/i_robot_navigation/lib/pkgconfig/i_robot_navigation.pc
[6.260s] -- Installing: /home/handsome/ros_ws_test/install/i_robot_navigation/share/i_robot_navigation/cmake/i_robot_navigationConfig.cmake
[6.260s] -- Installing: /home/handsome/ros_ws_test/install/i_robot_navigation/share/i_robot_navigation/cmake/i_robot_navigationConfig-version.cmake
[6.261s] -- Installing: /home/handsome/ros_ws_test/install/i_robot_navigation/share/i_robot_navigation/package.xml
[6.261s] -- Installing: /home/handsome/ros_ws_test/install/i_robot_navigation/etc/catkin/profile.d/25.i-robot-navigation.sh
[6.261s] -- Installing: /home/handsome/ros_ws_test/install/i_robot_navigation/share/i_robot_navigation/catkin_env_hook/25.i-robot-navigation.sh
[6.261s] -- Installing: /home/handsome/ros_ws_test/install/i_robot_navigation/lib/i_robot_navigation/laser_footprint_filter
[6.262s] -- Set runtime path of "/home/handsome/ros_ws_test/install/i_robot_navigation/lib/i_robot_navigation/laser_footprint_filter" to ""
[6.262s] -- Installing: /home/handsome/ros_ws_test/install/i_robot_navigation/share/i_robot_navigation/laser
[6.262s] -- Installing: /home/handsome/ros_ws_test/install/i_robot_navigation/share/i_robot_navigation/laser/move_base_laser.launch
[6.263s] -- Installing: /home/handsome/ros_ws_test/install/i_robot_navigation/share/i_robot_navigation/laser/laser_amcl_demo.launch
[6.264s] -- Installing: /home/handsome/ros_ws_test/install/i_robot_navigation/share/i_robot_navigation/laser/costmap_common_params.yaml
[6.264s] -- Installing: /home/handsome/ros_ws_test/install/i_robot_navigation/share/i_robot_navigation/laser/laser_gmapping_demo.launch
[6.264s] -- Installing: /home/handsome/ros_ws_test/install/i_robot_navigation/share/i_robot_navigation/launch
[6.264s] -- Installing: /home/handsome/ros_ws_test/install/i_robot_navigation/share/i_robot_navigation/launch/includes
[6.264s] -- Installing: /home/handsome/ros_ws_test/install/i_robot_navigation/share/i_robot_navigation/launch/includes/safety_controller.launch.xml
[6.265s] -- Installing: /home/handsome/ros_ws_test/install/i_robot_navigation/share/i_robot_navigation/launch/includes/amcl
[6.265s] -- Installing: /home/handsome/ros_ws_test/install/i_robot_navigation/share/i_robot_navigation/launch/includes/amcl/astra_amcl.launch.xml
[6.265s] -- Installing: /home/handsome/ros_ws_test/install/i_robot_navigation/share/i_robot_navigation/launch/includes/amcl/asus_xtion_pro_offset_amcl.launch.xml
[6.265s] -- Installing: /home/handsome/ros_ws_test/install/i_robot_navigation/share/i_robot_navigation/launch/includes/amcl/asus_xtion_pro_amcl.launch.xml
[6.265s] -- Installing: /home/handsome/ros_ws_test/install/i_robot_navigation/share/i_robot_navigation/launch/includes/amcl/amcl.launch.xml
[6.265s] -- Installing: /home/handsome/ros_ws_test/install/i_robot_navigation/share/i_robot_navigation/launch/includes/amcl/r200_amcl.launch.xml
[6.265s] -- Installing: /home/handsome/ros_ws_test/install/i_robot_navigation/share/i_robot_navigation/launch/includes/amcl/kinect_amcl.launch.xml
[6.265s] -- Installing: /home/handsome/ros_ws_test/install/i_robot_navigation/share/i_robot_navigation/launch/includes/locomotor_teb.launch.xml
[6.265s] -- Installing: /home/handsome/ros_ws_test/install/i_robot_navigation/share/i_robot_navigation/launch/includes/move_base_teb.launch.xml
[6.265s] -- Installing: /home/handsome/ros_ws_test/install/i_robot_navigation/share/i_robot_navigation/launch/includes/move_base.launch.xml
[6.265s] -- Installing: /home/handsome/ros_ws_test/install/i_robot_navigation/share/i_robot_navigation/launch/includes/velocity_smoother.launch.xml
[6.266s] -- Installing: /home/handsome/ros_ws_test/install/i_robot_navigation/share/i_robot_navigation/launch/includes/gmapping
[6.266s] -- Installing: /home/handsome/ros_ws_test/install/i_robot_navigation/share/i_robot_navigation/launch/includes/gmapping/asus_xtion_pro_offset_gmapping.launch.xml
[6.266s] -- Installing: /home/handsome/ros_ws_test/install/i_robot_navigation/share/i_robot_navigation/launch/includes/gmapping/kinect_gmapping.launch.xml
[6.266s] -- Installing: /home/handsome/ros_ws_test/install/i_robot_navigation/share/i_robot_navigation/launch/includes/gmapping/astra_gmapping.launch.xml
[6.266s] -- Installing: /home/handsome/ros_ws_test/install/i_robot_navigation/share/i_robot_navigation/launch/includes/gmapping/r200_gmapping.launch.xml
[6.266s] -- Installing: /home/handsome/ros_ws_test/install/i_robot_navigation/share/i_robot_navigation/launch/includes/gmapping/gmapping.launch.xml
[6.266s] -- Installing: /home/handsome/ros_ws_test/install/i_robot_navigation/share/i_robot_navigation/launch/includes/gmapping/asus_xtion_pro_gmapping.launch.xml
[6.266s] -- Installing: /home/handsome/ros_ws_test/install/i_robot_navigation/share/i_robot_navigation/launch/gmapping_demo.launch
[6.266s] -- Installing: /home/handsome/ros_ws_test/install/i_robot_navigation/share/i_robot_navigation/launch/amcl_demo.launch
[6.267s] -- Installing: /home/handsome/ros_ws_test/install/i_robot_navigation/share/i_robot_navigation/launch/graveyard
[6.267s] -- Installing: /home/handsome/ros_ws_test/install/i_robot_navigation/share/i_robot_navigation/launch/graveyard/graveyard_bump_navi_demo.launch
[6.267s] -- Installing: /home/handsome/ros_ws_test/install/i_robot_navigation/share/i_robot_navigation/param
[6.267s] -- Installing: /home/handsome/ros_ws_test/install/i_robot_navigation/share/i_robot_navigation/param/astra_costmap_params.yaml
[6.267s] -- Installing: /home/handsome/ros_ws_test/install/i_robot_navigation/share/i_robot_navigation/param/local_costmap_params.yaml
[6.267s] -- Installing: /home/handsome/ros_ws_test/install/i_robot_navigation/share/i_robot_navigation/param/locomotor
[6.267s] -- Installing: /home/handsome/ros_ws_test/install/i_robot_navigation/share/i_robot_navigation/param/locomotor/costmap_converter_params.yaml
[6.268s] -- Installing: /home/handsome/ros_ws_test/install/i_robot_navigation/share/i_robot_navigation/param/locomotor/local_costmap_params.yaml
[6.268s] -- Installing: /home/handsome/ros_ws_test/install/i_robot_navigation/share/i_robot_navigation/param/locomotor/locomotor
[6.268s] -- Installing: /home/handsome/ros_ws_test/install/i_robot_navigation/share/i_robot_navigation/param/locomotor/locomotor/local_costmap_params.yaml
[6.268s] -- Installing: /home/handsome/ros_ws_test/install/i_robot_navigation/share/i_robot_navigation/param/locomotor/locomotor/dlux_global_planner_params.yaml
[6.268s] -- Installing: /home/handsome/ros_ws_test/install/i_robot_navigation/share/i_robot_navigation/param/locomotor/locomotor/teb_local_planner_params_hyc.yaml
[6.268s] -- Installing: /home/handsome/ros_ws_test/install/i_robot_navigation/share/i_robot_navigation/param/locomotor/locomotor/teb_local_planner_params_teb.yaml
[6.268s] -- Installing: /home/handsome/ros_ws_test/install/i_robot_navigation/share/i_robot_navigation/param/locomotor/locomotor/global_costmap_params.yaml
[6.269s] -- Installing: /home/handsome/ros_ws_test/install/i_robot_navigation/share/i_robot_navigation/param/locomotor/locomotor/dwb_local_planner_params.yaml
[6.269s] -- Installing: /home/handsome/ros_ws_test/install/i_robot_navigation/share/i_robot_navigation/param/locomotor/locomotor/costmap_common_params.yaml
[6.269s] -- Installing: /home/handsome/ros_ws_test/install/i_robot_navigation/share/i_robot_navigation/param/locomotor/locomotor/global_costmap_params_teb.yaml
[6.269s] -- Installing: /home/handsome/ros_ws_test/install/i_robot_navigation/share/i_robot_navigation/param/locomotor/locomotor/costmap_common_params0.yaml
[6.269s] -- Installing: /home/handsome/ros_ws_test/install/i_robot_navigation/share/i_robot_navigation/param/locomotor/locomotor/local_costmap_params_teb.yaml
[6.269s] -- Installing: /home/handsome/ros_ws_test/install/i_robot_navigation/share/i_robot_navigation/param/locomotor/locomotor/teb_local_planner_params_hyc0.yaml
[6.270s] -- Installing: /home/handsome/ros_ws_test/install/i_robot_navigation/share/i_robot_navigation/param/locomotor/locomotor/costmap_common_params_teb.yaml
[6.270s] -- Installing: /home/handsome/ros_ws_test/install/i_robot_navigation/share/i_robot_navigation/param/locomotor/locomotor/dwa_local_planner_params.yaml
[6.270s] -- Installing: /home/handsome/ros_ws_test/install/i_robot_navigation/share/i_robot_navigation/param/locomotor/teb_local_planner_params.yaml
[6.270s] -- Installing: /home/handsome/ros_ws_test/install/i_robot_navigation/share/i_robot_navigation/param/locomotor/dwa_local_planner.yaml
[6.270s] -- Installing: /home/handsome/ros_ws_test/install/i_robot_navigation/share/i_robot_navigation/param/locomotor/teb_local_planner_params_hyc.yaml
[6.271s] -- Installing: /home/handsome/ros_ws_test/install/i_robot_navigation/share/i_robot_navigation/param/locomotor/global_costmap_params.yaml
[6.271s] -- Installing: /home/handsome/ros_ws_test/install/i_robot_navigation/share/i_robot_navigation/param/locomotor/local_costmap_params (copy).yaml
[6.271s] -- Installing: /home/handsome/ros_ws_test/install/i_robot_navigation/share/i_robot_navigation/param/locomotor/gmapping_params.yaml
[6.271s] -- Installing: /home/handsome/ros_ws_test/install/i_robot_navigation/share/i_robot_navigation/param/locomotor/adlink_ekf_laser_params.yaml
[6.271s] -- Installing: /home/handsome/ros_ws_test/install/i_robot_navigation/share/i_robot_navigation/param/locomotor/global_costmap_params (copy).yaml
[6.272s] -- Installing: /home/handsome/ros_ws_test/install/i_robot_navigation/share/i_robot_navigation/param/locomotor/costmap_common_params.yaml
[6.272s] -- Installing: /home/handsome/ros_ws_test/install/i_robot_navigation/share/i_robot_navigation/param/locomotor/base_local_planner_params.yaml
[6.272s] -- Installing: /home/handsome/ros_ws_test/install/i_robot_navigation/share/i_robot_navigation/param/locomotor/adlink_ekf_encoder_params.yaml
[6.272s] -- Installing: /home/handsome/ros_ws_test/install/i_robot_navigation/share/i_robot_navigation/param/locomotor/move_base_params.yaml
[6.272s] -- Installing: /home/handsome/ros_ws_test/install/i_robot_navigation/share/i_robot_navigation/param/locomotor/dwa_local_planner_params.yaml
[6.273s] -- Installing: /home/handsome/ros_ws_test/install/i_robot_navigation/share/i_robot_navigation/param/locomotor/teb_local_planner_params_680.yaml
[6.273s] -- Installing: /home/handsome/ros_ws_test/install/i_robot_navigation/share/i_robot_navigation/param/r200_costmap_params.yaml
[6.273s] -- Installing: /home/handsome/ros_ws_test/install/i_robot_navigation/share/i_robot_navigation/param/global_costmap_params.yaml
[6.273s] -- Installing: /home/handsome/ros_ws_test/install/i_robot_navigation/share/i_robot_navigation/param/teb
[6.273s] -- Installing: /home/handsome/ros_ws_test/install/i_robot_navigation/share/i_robot_navigation/param/teb/costmap_converter_params.yaml
[6.273s] -- Installing: /home/handsome/ros_ws_test/install/i_robot_navigation/share/i_robot_navigation/param/teb/local_costmap_params.yaml
[6.273s] -- Installing: /home/handsome/ros_ws_test/install/i_robot_navigation/share/i_robot_navigation/param/teb/teb_local_planner_params.yaml
[6.273s] -- Installing: /home/handsome/ros_ws_test/install/i_robot_navigation/share/i_robot_navigation/param/teb/global_costmap_params.yaml
[6.273s] -- Installing: /home/handsome/ros_ws_test/install/i_robot_navigation/share/i_robot_navigation/param/teb/global_planner_params.yaml
[6.274s] -- Installing: /home/handsome/ros_ws_test/install/i_robot_navigation/share/i_robot_navigation/param/teb/costmap_common_params.yaml
[6.274s] -- Installing: /home/handsome/ros_ws_test/install/i_robot_navigation/share/i_robot_navigation/param/teb/navfn_global_planner_params.yaml
[6.275s] -- Installing: /home/handsome/ros_ws_test/install/i_robot_navigation/share/i_robot_navigation/param/teb/move_base_params.yaml
[6.275s] -- Installing: /home/handsome/ros_ws_test/install/i_robot_navigation/share/i_robot_navigation/param/global_planner_params.yaml
[6.275s] -- Installing: /home/handsome/ros_ws_test/install/i_robot_navigation/share/i_robot_navigation/param/costmap_common_params.yaml
[6.275s] -- Installing: /home/handsome/ros_ws_test/install/i_robot_navigation/share/i_robot_navigation/param/navfn_global_planner_params.yaml
[6.275s] -- Installing: /home/handsome/ros_ws_test/install/i_robot_navigation/share/i_robot_navigation/param/dummy.yaml
[6.275s] -- Installing: /home/handsome/ros_ws_test/install/i_robot_navigation/share/i_robot_navigation/param/asus_xtion_pro_costmap_params.yaml
[6.275s] -- Installing: /home/handsome/ros_ws_test/install/i_robot_navigation/share/i_robot_navigation/param/kinect_costmap_params.yaml
[6.276s] -- Installing: /home/handsome/ros_ws_test/install/i_robot_navigation/share/i_robot_navigation/param/asus_xtion_pro_offset_costmap_params.yaml
[6.276s] -- Installing: /home/handsome/ros_ws_test/install/i_robot_navigation/share/i_robot_navigation/param/move_base_params.yaml
[6.276s] -- Installing: /home/handsome/ros_ws_test/install/i_robot_navigation/share/i_robot_navigation/param/dwa_local_planner_params.yaml
[6.276s] -- Installing: /home/handsome/ros_ws_test/install/i_robot_navigation/share/i_robot_navigation/maps
[6.276s] -- Installing: /home/handsome/ros_ws_test/install/i_robot_navigation/share/i_robot_navigation/maps/willow-2010-02-18-0.10.yaml
[6.276s] -- Installing: /home/handsome/ros_ws_test/install/i_robot_navigation/share/i_robot_navigation/maps/willow-2010-02-18-0.10.pgm
[6.281s] Invoked command in '/home/handsome/ros_ws_test/build/i_robot_navigation' returned '0': /usr/bin/cmake --build /home/handsome/ros_ws_test/build/i_robot_navigation --target install -- -j12 -l12
