-- The C compiler identification is GNU 7.5.0
-- The CXX compiler identification is GNU 7.5.0
-- Check for working C compiler: /usr/bin/cc
-- Check for working C compiler: /usr/bin/cc -- works
-- Detecting C compiler ABI info
-- Detecting C compiler ABI info - done
-- Detecting C compile features
-- Detecting C compile features - done
-- Check for working CXX compiler: /usr/bin/c++
-- Check for working CXX compiler: /usr/bin/c++ -- works
-- Detecting CXX compiler ABI info
-- Detecting CXX compiler ABI info - done
-- Detecting CXX compile features
-- Detecting CXX compile features - done
-- Using CATKIN_DEVEL_PREFIX: /home/handsome/ros_ws_test/build/nav_2d_utils/devel
-- Using CMAKE_PREFIX_PATH: /home/handsome/ros_ws_test/install/nav_core2;/home/handsome/ros_ws_test/install/nav_grid;/home/handsome/ros_ws_test/install/nav_2d_msgs;/home/handsome/ros_ws/install/yocs_cmd_vel_mux;/home/handsome/ros_ws/install/urdf_tutorial;/home/handsome/ros_ws/install/tuw_waypoint_to_spline_msgs;/home/handsome/ros_ws/install/tuw_multi_robot_router;/home/handsome/ros_ws/install/tuw_voronoi_graph;/home/handsome/ros_ws/install/tuw_vehicle_msgs;/home/handsome/ros_ws/install/tuw_order_planner;/home/handsome/ros_ws/install/tuw_object_rviz;/home/handsome/ros_ws/install/tuw_object_msgs;/home/handsome/ros_ws/install/tuw_nav_rviz;/home/handsome/ros_ws/install/tuw_multi_robot_local_behavior_controller;/home/handsome/ros_ws/install/tuw_multi_robot_ctrl;/home/handsome/ros_ws/install/tuw_nav_msgs;/home/handsome/ros_ws/install/tuw_multi_robot_rviz;/home/handsome/ros_ws/install/tuw_multi_robot_goal_generator;/home/handsome/ros_ws/install/robot_scheduling_utility;/home/handsome/ros_ws/install/robot_scheduling_actions;/home/handsome/ros_ws/install/actionlib_modules_bridge;/home/handsome/ros_ws/install/tuw_multi_robot_msgs;/home/handsome/ros_ws/install/tuw_multi_robot_demo;/home/handsome/ros_ws/install/tuw_local_controller_msgs;/home/handsome/ros_ws/install/tuw_geometry_rviz;/home/handsome/ros_ws/install/tuw_geometry_msgs;/home/handsome/ros_ws/install/tuw_geometry;/home/handsome/ros_ws/install/tuw_gazebo_msgs;/home/handsome/ros_ws/install/tuw_control;/home/handsome/ros_ws/install/tuw_airskin_msgs;/home/handsome/ros_ws/install/turtlebot_teleop;/home/handsome/ros_ws/install/tug_example_pnp_server;/home/handsome/ros_ws/install/tug_example_actions;/home/handsome/ros_ws/install/tug_example_msgs;/home/handsome/ros_ws/install/timed_roslaunch;/home/handsome/ros_ws/install/teb2_local_planner;/home/handsome/ros_ws/install/stated_roslaunch;/home/handsome/ros_ws/install/spatio_temporal_voxel_layer;/home/handsome/ros_ws/install/robot_udp_bridge;/home/handsome/ros_ws/install/robot_database_bridge;/home/handsome/ros_ws/install/samsungcmd_msgs;/home/handsome/ros_ws/install/rplidar_ros;/home/handsome/ros_ws/install/rp_action;/home/handsome/ros_ws/install/rp_action_msgs;/home/handsome/ros_ws/install/rosserial_xbee;/home/handsome/ros_ws/install/rosserial_windows;/home/handsome/ros_ws/install/rosserial_tivac;/home/handsome/ros_ws/install/rosserial_test;/home/handsome/ros_ws/install/rosserial_server;/home/handsome/ros_ws/install/rosserial_python;/home/handsome/ros_ws/install/rosserial_mbed;/home/handsome/ros_ws/install/rosserial_embeddedlinux;/home/handsome/ros_ws/install/rosserial_arduino;/home/handsome/ros_ws/install/rosserial_client;/home/handsome/ros_ws/install/rosserial_msgs;/home/handsome/ros_ws/install/cellctrl_qtgui_bridge;/home/handsome/ros_ws/install/car_db_manager_qtgui;/home/handsome/ros_ws/install/car_db_manager_bridge;/home/handsome/ros_ws/install/car_db_manager_action;/home/handsome/ros_ws/install/ros_utility_tools;/home/handsome/ros_ws/install/ros_package_test;/home/handsome/ros_ws/install/ros_package_manager;/home/handsome/ros_ws/install/robot_scheduling_server;/home/handsome/ros_ws/install/robot_scheduling_msgs;/home/handsome/ros_ws/install/robot_localization;/home/handsome/ros_ws/install/robot_control_msgs;/home/handsome/ros_ws/install/reset_location;/home/handsome/ros_ws/install/razor_imu_9dof;/home/handsome/ros_ws/install/pnp_rosplan;/home/handsome/ros_ws/install/actionlib_pnp_controller;/home/handsome/ros_ws/install/actionlib_modules_controller;/home/handsome/ros_ws/install/pnp_ros;/home/handsome/ros_ws/install/pnp_msgs;/home/handsome/ros_ws/install/open_auto_dock;/home/handsome/ros_ws/install/open_auto_dock_msgs;/home/handsome/ros_ws/install/omron_os32c_driver;/home/handsome/ros_ws/install/dlux_plugins;/home/handsome/ros_ws/install/dlux_global_planner;/home/handsome/ros_ws/install/nav_grid_pub_sub;/home/handsome/ros_ws/install/dwb_critics;/home/handsome/ros_ws/install/nav_grid_iterators;/home/handsome/ros_ws/install/locomove_base;/home/handsome/ros_ws/install/locomotor;/home/handsome/ros_ws/install/nav_core_adapter;/home/handsome/ros_ws/install/dwb_plugins;/home/handsome/ros_ws/install/dwb_local_planner;/home/handsome/ros_ws/install/nav_2d_utils;/home/handsome/ros_ws/install/global_planner_tests;/home/handsome/ros_ws/install/costmap_queue;/home/handsome/ros_ws/install/nav_core2;/home/handsome/ros_ws/install/nav_grid;/home/handsome/ros_ws/install/car_schedule_msgs;/home/handsome/ros_ws/install/actionlib_modules_msgs;/home/handsome/ros_ws/install/locomotor_msgs;/home/handsome/ros_ws/install/dwb_msgs;/home/handsome/ros_ws/install/nav_2d_msgs;/home/handsome/ros_ws/install/mongodb_log;/home/handsome/ros_ws/install/mongodb_store;/home/handsome/ros_ws/install/mongodb_store_msgs;/home/handsome/ros_ws/install/ca_driver;/home/handsome/ros_ws/install/libcreate;/home/handsome/ros_ws/install/i_robot_stage;/home/handsome/ros_ws/install/i_robot_navigation;/home/handsome/ros_ws/install/hyc_order_planner;/home/handsome/ros_ws/install/hyc_multi_robot_msgs;/home/handsome/ros_ws/install/fetch_open_auto_dock;/home/handsome/ros_ws/install/fetch_auto_dock_msgs;/home/handsome/ros_ws/install/change_teb2_max_vel_x_onfly;/home/handsome/ros_ws/install/cellctrl_control_msgs;/home/handsome/ros_ws/install/car_db_manager_msgs;/home/handsome/ros_ws/install/ca_msgs;/home/handsome/ros_ws/install/ca_description;/home/handsome/ros_ws/install/botcmd_msgs;/opt/ros/melodic
-- This workspace overlays: /home/handsome/ros_ws_test/install/nav_core2;/home/handsome/ros_ws_test/install/nav_grid;/home/handsome/ros_ws_test/install/nav_2d_msgs;/home/handsome/ros_ws/install/yocs_cmd_vel_mux;/home/handsome/ros_ws/install/urdf_tutorial;/home/handsome/ros_ws/install/tuw_waypoint_to_spline_msgs;/home/handsome/ros_ws/install/tuw_multi_robot_router;/home/handsome/ros_ws/install/tuw_voronoi_graph;/home/handsome/ros_ws/install/tuw_vehicle_msgs;/home/handsome/ros_ws/install/tuw_order_planner;/home/handsome/ros_ws/install/tuw_object_rviz;/home/handsome/ros_ws/install/tuw_object_msgs;/home/handsome/ros_ws/install/tuw_nav_rviz;/home/handsome/ros_ws/install/tuw_multi_robot_local_behavior_controller;/home/handsome/ros_ws/install/tuw_multi_robot_ctrl;/home/handsome/ros_ws/install/tuw_nav_msgs;/home/handsome/ros_ws/install/tuw_multi_robot_rviz;/home/handsome/ros_ws/install/tuw_multi_robot_goal_generator;/home/handsome/ros_ws/install/robot_scheduling_utility;/home/handsome/ros_ws/install/robot_scheduling_actions;/home/handsome/ros_ws/install/actionlib_modules_bridge;/home/handsome/ros_ws/install/tuw_multi_robot_msgs;/home/handsome/ros_ws/install/tuw_multi_robot_demo;/home/handsome/ros_ws/install/tuw_local_controller_msgs;/home/handsome/ros_ws/install/tuw_geometry_rviz;/home/handsome/ros_ws/install/tuw_geometry_msgs;/home/handsome/ros_ws/install/tuw_geometry;/home/handsome/ros_ws/install/tuw_gazebo_msgs;/home/handsome/ros_ws/install/tuw_control;/home/handsome/ros_ws/install/tuw_airskin_msgs;/home/handsome/ros_ws/install/turtlebot_teleop;/home/handsome/ros_ws/install/tug_example_pnp_server;/home/handsome/ros_ws/install/tug_example_actions;/home/handsome/ros_ws/install/tug_example_msgs;/home/handsome/ros_ws/install/timed_roslaunch;/home/handsome/ros_ws/install/teb2_local_planner;/home/handsome/ros_ws/install/stated_roslaunch;/home/handsome/ros_ws/install/spatio_temporal_voxel_layer;/home/handsome/ros_ws/install/robot_udp_bridge;/home/handsome/ros_ws/install/robot_database_bridge;/home/handsome/ros_ws/install/samsungcmd_msgs;/home/handsome/ros_ws/install/rplidar_ros;/home/handsome/ros_ws/install/rp_action;/home/handsome/ros_ws/install/rp_action_msgs;/home/handsome/ros_ws/install/rosserial_xbee;/home/handsome/ros_ws/install/rosserial_windows;/home/handsome/ros_ws/install/rosserial_tivac;/home/handsome/ros_ws/install/rosserial_test;/home/handsome/ros_ws/install/rosserial_server;/home/handsome/ros_ws/install/rosserial_python;/home/handsome/ros_ws/install/rosserial_mbed;/home/handsome/ros_ws/install/rosserial_embeddedlinux;/home/handsome/ros_ws/install/rosserial_arduino;/home/handsome/ros_ws/install/rosserial_client;/home/handsome/ros_ws/install/rosserial_msgs;/home/handsome/ros_ws/install/cellctrl_qtgui_bridge;/home/handsome/ros_ws/install/car_db_manager_qtgui;/home/handsome/ros_ws/install/car_db_manager_bridge;/home/handsome/ros_ws/install/car_db_manager_action;/home/handsome/ros_ws/install/ros_utility_tools;/home/handsome/ros_ws/install/ros_package_test;/home/handsome/ros_ws/install/ros_package_manager;/home/handsome/ros_ws/install/robot_scheduling_server;/home/handsome/ros_ws/install/robot_scheduling_msgs;/home/handsome/ros_ws/install/robot_localization;/home/handsome/ros_ws/install/robot_control_msgs;/home/handsome/ros_ws/install/reset_location;/home/handsome/ros_ws/install/razor_imu_9dof;/home/handsome/ros_ws/install/pnp_rosplan;/home/handsome/ros_ws/install/actionlib_pnp_controller;/home/handsome/ros_ws/install/actionlib_modules_controller;/home/handsome/ros_ws/install/pnp_ros;/home/handsome/ros_ws/install/pnp_msgs;/home/handsome/ros_ws/install/open_auto_dock;/home/handsome/ros_ws/install/open_auto_dock_msgs;/home/handsome/ros_ws/install/omron_os32c_driver;/home/handsome/ros_ws/install/dlux_plugins;/home/handsome/ros_ws/install/dlux_global_planner;/home/handsome/ros_ws/install/nav_grid_pub_sub;/home/handsome/ros_ws/install/dwb_critics;/home/handsome/ros_ws/install/nav_grid_iterators;/home/handsome/ros_ws/install/locomove_base;/home/handsome/ros_ws/install/locomotor;/home/handsome/ros_ws/install/nav_core_adapter;/home/handsome/ros_ws/install/dwb_plugins;/home/handsome/ros_ws/install/dwb_local_planner;/home/handsome/ros_ws/install/nav_2d_utils;/home/handsome/ros_ws/install/global_planner_tests;/home/handsome/ros_ws/install/costmap_queue;/home/handsome/ros_ws/install/nav_core2;/home/handsome/ros_ws/install/nav_grid;/home/handsome/ros_ws/install/car_schedule_msgs;/home/handsome/ros_ws/install/actionlib_modules_msgs;/home/handsome/ros_ws/install/locomotor_msgs;/home/handsome/ros_ws/install/dwb_msgs;/home/handsome/ros_ws/install/nav_2d_msgs;/home/handsome/ros_ws/install/mongodb_log;/home/handsome/ros_ws/install/mongodb_store;/home/handsome/ros_ws/install/mongodb_store_msgs;/home/handsome/ros_ws/install/ca_driver;/home/handsome/ros_ws/install/i_robot_stage;/home/handsome/ros_ws/install/i_robot_navigation;/home/handsome/ros_ws/install/hyc_order_planner;/home/handsome/ros_ws/install/hyc_multi_robot_msgs;/home/handsome/ros_ws/install/fetch_open_auto_dock;/home/handsome/ros_ws/install/fetch_auto_dock_msgs;/home/handsome/ros_ws/install/change_teb2_max_vel_x_onfly;/home/handsome/ros_ws/install/cellctrl_control_msgs;/home/handsome/ros_ws/install/car_db_manager_msgs;/home/handsome/ros_ws/install/ca_msgs;/home/handsome/ros_ws/install/ca_description;/home/handsome/ros_ws/install/botcmd_msgs;/opt/ros/melodic
-- Found PythonInterp: /usr/bin/python2 (found suitable version "2.7.17", minimum required is "2") 
-- Using PYTHON_EXECUTABLE: /usr/bin/python2
-- Using Debian Python package layout
-- Using empy: /usr/bin/empy
-- Using CATKIN_ENABLE_TESTING: ON
-- Call enable_testing()
-- Using CATKIN_TEST_RESULTS_DIR: /home/handsome/ros_ws_test/build/nav_2d_utils/test_results
-- Found gtest sources under '/usr/src/googletest': gtests will be built
-- Found gmock sources under '/usr/src/googletest': gmock will be built
-- Found PythonInterp: /usr/bin/python2 (found version "2.7.17") 
-- Looking for pthread.h
-- Looking for pthread.h - found
-- Looking for pthread_create
-- Looking for pthread_create - not found
-- Looking for pthread_create in pthreads
-- Looking for pthread_create in pthreads - not found
-- Looking for pthread_create in pthread
-- Looking for pthread_create in pthread - found
-- Found Threads: TRUE  
-- Using Python nosetests: /usr/bin/nosetests-2.7
-- catkin 0.7.28
-- BUILD_SHARED_LIBS is on
-- Using these message generators: gencpp;geneus;genlisp;gennodejs;genpy
-- Configuring done
-- Generating done
-- Build files have been written to: /home/handsome/ros_ws_test/build/nav_2d_utils
[35m[1mScanning dependencies of target roscpp_generate_messages_cpp[0m
[35m[1mScanning dependencies of target actionlib_generate_messages_eus[0m
[35m[1mScanning dependencies of target nav_msgs_generate_messages_py[0m
[35m[1mScanning dependencies of target actionlib_msgs_generate_messages_py[0m
[35m[1mScanning dependencies of target sensor_msgs_generate_messages_nodejs[0m
[35m[1mScanning dependencies of target polygons[0m
[35m[1mScanning dependencies of target rosgraph_msgs_generate_messages_cpp[0m
[35m[1mScanning dependencies of target actionlib_generate_messages_cpp[0m
[35m[1mScanning dependencies of target geometry_msgs_generate_messages_eus[0m
[35m[1mScanning dependencies of target actionlib_msgs_generate_messages_lisp[0m
[  0%] Built target roscpp_generate_messages_cpp
[  0%] Built target nav_msgs_generate_messages_py
[  0%] Built target actionlib_generate_messages_eus
[  0%] Built target actionlib_msgs_generate_messages_py
[  0%] Built target sensor_msgs_generate_messages_nodejs
[  0%] Built target actionlib_generate_messages_cpp
[  0%] Built target rosgraph_msgs_generate_messages_cpp
[  0%] Built target actionlib_msgs_generate_messages_lisp
[  0%] Built target geometry_msgs_generate_messages_eus
[ 14%] [32mBuilding CXX object CMakeFiles/polygons.dir/src/polygons.cpp.o[0m
[ 28%] [32mBuilding CXX object CMakeFiles/polygons.dir/src/footprint.cpp.o[0m
[ 42%] [32m[1mLinking CXX shared library devel/lib/libpolygons.so[0m
[ 42%] Built target polygons
[35m[1mScanning dependencies of target geometry_msgs_generate_messages_py[0m
[ 42%] Built target geometry_msgs_generate_messages_py
[35m[1mScanning dependencies of target roscpp_generate_messages_nodejs[0m
[ 42%] Built target roscpp_generate_messages_nodejs
[35m[1mScanning dependencies of target std_msgs_generate_messages_lisp[0m
[ 42%] Built target std_msgs_generate_messages_lisp
[35m[1mScanning dependencies of target std_msgs_generate_messages_nodejs[0m
[ 42%] Built target std_msgs_generate_messages_nodejs
[35m[1mScanning dependencies of target nav_msgs_generate_messages_nodejs[0m
[ 42%] Built target nav_msgs_generate_messages_nodejs
[35m[1mScanning dependencies of target std_msgs_generate_messages_py[0m
[ 42%] Built target std_msgs_generate_messages_py
[35m[1mScanning dependencies of target nav_2d_msgs_generate_messages_py[0m
[ 42%] Built target nav_2d_msgs_generate_messages_py
[35m[1mScanning dependencies of target rosgraph_msgs_generate_messages_eus[0m
[ 42%] Built target rosgraph_msgs_generate_messages_eus
[35m[1mScanning dependencies of target rosgraph_msgs_generate_messages_lisp[0m
[ 42%] Built target rosgraph_msgs_generate_messages_lisp
[35m[1mScanning dependencies of target rosgraph_msgs_generate_messages_nodejs[0m
[ 42%] Built target rosgraph_msgs_generate_messages_nodejs
[35m[1mScanning dependencies of target roscpp_generate_messages_eus[0m
[ 42%] Built target roscpp_generate_messages_eus
[35m[1mScanning dependencies of target actionlib_msgs_generate_messages_eus[0m
[ 42%] Built target actionlib_msgs_generate_messages_eus
[35m[1mScanning dependencies of target rosgraph_msgs_generate_messages_py[0m
[ 42%] Built target rosgraph_msgs_generate_messages_py
[35m[1mScanning dependencies of target actionlib_generate_messages_py[0m
[ 42%] Built target actionlib_generate_messages_py
[35m[1mScanning dependencies of target tf2_msgs_generate_messages_py[0m
[ 42%] Built target tf2_msgs_generate_messages_py
[35m[1mScanning dependencies of target tf2_msgs_generate_messages_nodejs[0m
[ 42%] Built target tf2_msgs_generate_messages_nodejs
[35m[1mScanning dependencies of target nav_2d_msgs_generate_messages_lisp[0m
[ 42%] Built target nav_2d_msgs_generate_messages_lisp
[35m[1mScanning dependencies of target sensor_msgs_generate_messages_lisp[0m
[ 42%] Built target sensor_msgs_generate_messages_lisp
[35m[1mScanning dependencies of target nav_msgs_generate_messages_cpp[0m
[ 42%] Built target nav_msgs_generate_messages_cpp
[35m[1mScanning dependencies of target tf2_msgs_generate_messages_eus[0m
[ 42%] Built target tf2_msgs_generate_messages_eus
[35m[1mScanning dependencies of target nav_msgs_generate_messages_eus[0m
[ 42%] Built target nav_msgs_generate_messages_eus
[35m[1mScanning dependencies of target nav_msgs_generate_messages_lisp[0m
[ 42%] Built target nav_msgs_generate_messages_lisp
[35m[1mScanning dependencies of target actionlib_generate_messages_nodejs[0m
[ 42%] Built target actionlib_generate_messages_nodejs
[35m[1mScanning dependencies of target tf_generate_messages_cpp[0m
[ 42%] Built target tf_generate_messages_cpp
[35m[1mScanning dependencies of target tf_generate_messages_lisp[0m
[ 42%] Built target tf_generate_messages_lisp
[35m[1mScanning dependencies of target tf_generate_messages_nodejs[0m
[ 42%] Built target tf_generate_messages_nodejs
[35m[1mScanning dependencies of target tf_generate_messages_py[0m
[ 42%] Built target tf_generate_messages_py
[35m[1mScanning dependencies of target sensor_msgs_generate_messages_py[0m
[ 42%] Built target sensor_msgs_generate_messages_py
[35m[1mScanning dependencies of target sensor_msgs_generate_messages_cpp[0m
[ 42%] Built target sensor_msgs_generate_messages_cpp
[35m[1mScanning dependencies of target sensor_msgs_generate_messages_eus[0m
[ 42%] Built target sensor_msgs_generate_messages_eus
[35m[1mScanning dependencies of target actionlib_msgs_generate_messages_cpp[0m
[ 42%] Built target actionlib_msgs_generate_messages_cpp
[35m[1mScanning dependencies of target tf_generate_messages_eus[0m
[ 42%] Built target tf_generate_messages_eus
[35m[1mScanning dependencies of target nav_2d_msgs_generate_messages_eus[0m
[ 42%] Built target nav_2d_msgs_generate_messages_eus
[35m[1mScanning dependencies of target actionlib_generate_messages_lisp[0m
[ 42%] Built target actionlib_generate_messages_lisp
[35m[1mScanning dependencies of target geometry_msgs_generate_messages_cpp[0m
[ 42%] Built target geometry_msgs_generate_messages_cpp
[35m[1mScanning dependencies of target tf2_msgs_generate_messages_lisp[0m
[ 42%] Built target tf2_msgs_generate_messages_lisp
[35m[1mScanning dependencies of target geometry_msgs_generate_messages_nodejs[0m
[ 42%] Built target geometry_msgs_generate_messages_nodejs
[35m[1mScanning dependencies of target std_msgs_generate_messages_eus[0m
[ 42%] Built target std_msgs_generate_messages_eus
[35m[1mScanning dependencies of target roscpp_generate_messages_py[0m
[ 42%] Built target roscpp_generate_messages_py
[35m[1mScanning dependencies of target actionlib_msgs_generate_messages_nodejs[0m
[ 42%] Built target actionlib_msgs_generate_messages_nodejs
[35m[1mScanning dependencies of target std_msgs_generate_messages_cpp[0m
[ 42%] Built target std_msgs_generate_messages_cpp
[35m[1mScanning dependencies of target nav_2d_msgs_generate_messages_cpp[0m
[ 42%] Built target nav_2d_msgs_generate_messages_cpp
[35m[1mScanning dependencies of target nav_2d_msgs_generate_messages_nodejs[0m
[ 42%] Built target nav_2d_msgs_generate_messages_nodejs
[35m[1mScanning dependencies of target roscpp_generate_messages_lisp[0m
[ 42%] Built target roscpp_generate_messages_lisp
[35m[1mScanning dependencies of target tf2_msgs_generate_messages_cpp[0m
[ 42%] Built target tf2_msgs_generate_messages_cpp
[35m[1mScanning dependencies of target geometry_msgs_generate_messages_lisp[0m
[ 42%] Built target geometry_msgs_generate_messages_lisp
[35m[1mScanning dependencies of target conversions[0m
[ 57%] [32mBuilding CXX object CMakeFiles/conversions.dir/src/conversions.cpp.o[0m
[ 71%] [32m[1mLinking CXX shared library devel/lib/libconversions.so[0m
[ 71%] Built target conversions
[35m[1mScanning dependencies of target path_ops[0m
[ 85%] [32mBuilding CXX object CMakeFiles/path_ops.dir/src/path_ops.cpp.o[0m
[100%] [32m[1mLinking CXX shared library devel/lib/libpath_ops.so[0m
[100%] Built target path_ops
[35m[1mScanning dependencies of target gtest[0m
[  7%] [32mBuilding CXX object gtest/googlemock/gtest/CMakeFiles/gtest.dir/src/gtest-all.cc.o[0m
[ 15%] [32m[1mLinking CXX shared library libgtest.so[0m
[ 15%] Built target gtest
[ 15%] Built target tf2_msgs_generate_messages_cpp
[ 15%] Built target roscpp_generate_messages_lisp
[ 15%] Built target nav_2d_msgs_generate_messages_nodejs
[ 15%] Built target nav_2d_msgs_generate_messages_cpp
[ 15%] Built target std_msgs_generate_messages_cpp
[ 15%] Built target actionlib_msgs_generate_messages_nodejs
[ 15%] Built target roscpp_generate_messages_py
[ 15%] Built target std_msgs_generate_messages_eus
[ 15%] Built target geometry_msgs_generate_messages_nodejs
[ 15%] Built target geometry_msgs_generate_messages_py
[ 15%] Built target roscpp_generate_messages_nodejs
[ 15%] Built target std_msgs_generate_messages_lisp
[ 15%] Built target std_msgs_generate_messages_nodejs
[ 15%] Built target nav_msgs_generate_messages_nodejs
[ 15%] Built target std_msgs_generate_messages_py
[ 15%] Built target nav_2d_msgs_generate_messages_py
[ 15%] Built target rosgraph_msgs_generate_messages_eus
[ 15%] Built target rosgraph_msgs_generate_messages_lisp
[ 15%] Built target rosgraph_msgs_generate_messages_nodejs
[ 15%] Built target roscpp_generate_messages_eus
[ 15%] Built target actionlib_msgs_generate_messages_eus
[ 15%] Built target rosgraph_msgs_generate_messages_py
[ 15%] Built target actionlib_generate_messages_py
[ 15%] Built target tf2_msgs_generate_messages_py
[ 15%] Built target tf2_msgs_generate_messages_nodejs
[ 15%] Built target nav_2d_msgs_generate_messages_lisp
[ 15%] Built target sensor_msgs_generate_messages_lisp
[ 15%] Built target nav_msgs_generate_messages_cpp
[ 15%] Built target tf2_msgs_generate_messages_eus
[ 15%] Built target nav_msgs_generate_messages_eus
[ 15%] Built target nav_msgs_generate_messages_lisp
[ 15%] Built target actionlib_generate_messages_nodejs
[ 15%] Built target tf_generate_messages_cpp
[ 15%] Built target tf_generate_messages_lisp
[ 15%] Built target tf_generate_messages_nodejs
[ 15%] Built target tf_generate_messages_py
[ 15%] Built target sensor_msgs_generate_messages_py
[ 15%] Built target sensor_msgs_generate_messages_cpp
[ 15%] Built target sensor_msgs_generate_messages_eus
[ 15%] Built target actionlib_msgs_generate_messages_cpp
[ 15%] Built target tf_generate_messages_eus
[ 15%] Built target nav_2d_msgs_generate_messages_eus
[ 15%] Built target actionlib_generate_messages_lisp
[ 15%] Built target geometry_msgs_generate_messages_cpp
[ 15%] Built target tf2_msgs_generate_messages_lisp
[ 38%] Built target polygons
[ 38%] Built target geometry_msgs_generate_messages_lisp
[35m[1mScanning dependencies of target polygon_tests[0m
[ 46%] [32mBuilding CXX object CMakeFiles/polygon_tests.dir/test/polygon_tests.cpp.o[0m
[ 53%] [32m[1mLinking CXX executable devel/lib/nav_2d_utils/polygon_tests[0m
[ 53%] Built target polygon_tests
[35m[1mScanning dependencies of target param_tests[0m
[ 61%] [32mBuilding CXX object CMakeFiles/param_tests.dir/test/param_tests.cpp.o[0m
[ 69%] [32m[1mLinking CXX executable devel/lib/nav_2d_utils/param_tests[0m
[ 69%] Built target param_tests
[ 69%] Built target sensor_msgs_generate_messages_nodejs
[ 69%] Built target roscpp_generate_messages_cpp
[ 69%] Built target actionlib_generate_messages_cpp
[ 69%] Built target actionlib_generate_messages_eus
[ 69%] Built target actionlib_msgs_generate_messages_lisp
[ 69%] Built target actionlib_msgs_generate_messages_py
[ 69%] Built target geometry_msgs_generate_messages_eus
[ 69%] Built target rosgraph_msgs_generate_messages_cpp
[ 69%] Built target nav_msgs_generate_messages_py
[ 84%] Built target path_ops
[35m[1mScanning dependencies of target compress_test[0m
[ 92%] [32mBuilding CXX object CMakeFiles/compress_test.dir/test/compress_test.cpp.o[0m
[100%] [32m[1mLinking CXX executable devel/lib/nav_2d_utils/compress_test[0m
[100%] Built target compress_test
[35m[1mScanning dependencies of target tests[0m
[100%] Built target tests
[ 42%] Built target polygons
[ 42%] Built target tf2_msgs_generate_messages_cpp
[ 42%] Built target roscpp_generate_messages_lisp
[ 42%] Built target nav_2d_msgs_generate_messages_nodejs
[ 42%] Built target nav_2d_msgs_generate_messages_cpp
[ 42%] Built target std_msgs_generate_messages_cpp
[ 42%] Built target actionlib_msgs_generate_messages_nodejs
[ 42%] Built target roscpp_generate_messages_py
[ 42%] Built target std_msgs_generate_messages_eus
[ 42%] Built target geometry_msgs_generate_messages_nodejs
[ 42%] Built target geometry_msgs_generate_messages_py
[ 42%] Built target roscpp_generate_messages_nodejs
[ 42%] Built target std_msgs_generate_messages_lisp
[ 42%] Built target std_msgs_generate_messages_nodejs
[ 42%] Built target nav_msgs_generate_messages_nodejs
[ 42%] Built target std_msgs_generate_messages_py
[ 42%] Built target nav_2d_msgs_generate_messages_py
[ 42%] Built target rosgraph_msgs_generate_messages_eus
[ 42%] Built target rosgraph_msgs_generate_messages_lisp
[ 42%] Built target rosgraph_msgs_generate_messages_nodejs
[ 42%] Built target roscpp_generate_messages_eus
[ 42%] Built target actionlib_msgs_generate_messages_eus
[ 42%] Built target rosgraph_msgs_generate_messages_py
[ 42%] Built target actionlib_generate_messages_py
[ 42%] Built target tf2_msgs_generate_messages_py
[ 42%] Built target tf2_msgs_generate_messages_nodejs
[ 42%] Built target nav_2d_msgs_generate_messages_lisp
[ 42%] Built target sensor_msgs_generate_messages_lisp
[ 42%] Built target nav_msgs_generate_messages_cpp
[ 42%] Built target tf2_msgs_generate_messages_eus
[ 42%] Built target nav_msgs_generate_messages_eus
[ 42%] Built target nav_msgs_generate_messages_lisp
[ 42%] Built target actionlib_generate_messages_nodejs
[ 42%] Built target tf_generate_messages_cpp
[ 42%] Built target tf_generate_messages_lisp
[ 42%] Built target tf_generate_messages_nodejs
[ 42%] Built target tf_generate_messages_py
[ 42%] Built target sensor_msgs_generate_messages_py
[ 42%] Built target sensor_msgs_generate_messages_cpp
[ 42%] Built target sensor_msgs_generate_messages_eus
[ 42%] Built target actionlib_msgs_generate_messages_cpp
[ 42%] Built target tf_generate_messages_eus
[ 42%] Built target nav_2d_msgs_generate_messages_eus
[ 42%] Built target actionlib_generate_messages_lisp
[ 42%] Built target geometry_msgs_generate_messages_cpp
[ 42%] Built target tf2_msgs_generate_messages_lisp
[ 42%] Built target geometry_msgs_generate_messages_lisp
[ 42%] Built target sensor_msgs_generate_messages_nodejs
[ 42%] Built target roscpp_generate_messages_cpp
[ 42%] Built target actionlib_generate_messages_cpp
[ 42%] Built target actionlib_generate_messages_eus
[ 42%] Built target actionlib_msgs_generate_messages_lisp
[ 42%] Built target actionlib_msgs_generate_messages_py
[ 42%] Built target geometry_msgs_generate_messages_eus
[ 42%] Built target rosgraph_msgs_generate_messages_cpp
[ 42%] Built target nav_msgs_generate_messages_py
[ 71%] Built target conversions
[100%] Built target path_ops
[36mInstall the project...[0m
-- Install configuration: ""
-- Installing: /home/handsome/ros_ws_test/install/nav_2d_utils/lib/pkgconfig/nav_2d_utils.pc
-- Installing: /home/handsome/ros_ws_test/install/nav_2d_utils/share/nav_2d_utils/cmake/nav_2d_utilsConfig.cmake
-- Installing: /home/handsome/ros_ws_test/install/nav_2d_utils/share/nav_2d_utils/cmake/nav_2d_utilsConfig-version.cmake
-- Installing: /home/handsome/ros_ws_test/install/nav_2d_utils/share/nav_2d_utils/package.xml
-- Installing: /home/handsome/ros_ws_test/install/nav_2d_utils/lib/libconversions.so
-- Set runtime path of "/home/handsome/ros_ws_test/install/nav_2d_utils/lib/libconversions.so" to ""
-- Installing: /home/handsome/ros_ws_test/install/nav_2d_utils/lib/libpath_ops.so
-- Set runtime path of "/home/handsome/ros_ws_test/install/nav_2d_utils/lib/libpath_ops.so" to ""
-- Installing: /home/handsome/ros_ws_test/install/nav_2d_utils/lib/libpolygons.so
-- Set runtime path of "/home/handsome/ros_ws_test/install/nav_2d_utils/lib/libpolygons.so" to ""
-- Installing: /home/handsome/ros_ws_test/install/nav_2d_utils/include/nav_2d_utils
-- Installing: /home/handsome/ros_ws_test/install/nav_2d_utils/include/nav_2d_utils/polygons.h
-- Installing: /home/handsome/ros_ws_test/install/nav_2d_utils/include/nav_2d_utils/footprint.h
-- Installing: /home/handsome/ros_ws_test/install/nav_2d_utils/include/nav_2d_utils/parameters.h
-- Installing: /home/handsome/ros_ws_test/install/nav_2d_utils/include/nav_2d_utils/odom_subscriber.h
-- Installing: /home/handsome/ros_ws_test/install/nav_2d_utils/include/nav_2d_utils/geometry_help.h
-- Installing: /home/handsome/ros_ws_test/install/nav_2d_utils/include/nav_2d_utils/conversions.h
-- Installing: /home/handsome/ros_ws_test/install/nav_2d_utils/include/nav_2d_utils/tf_help.h
-- Installing: /home/handsome/ros_ws_test/install/nav_2d_utils/include/nav_2d_utils/path_ops.h
-- Installing: /home/handsome/ros_ws_test/install/nav_2d_utils/include/nav_2d_utils/plugin_mux.h
