[0.385s] Invoking command in '/home/handsome/ros_ws_test/build/nav_2d_utils': CMAKE_PREFIX_PATH=/home/handsome/ros_ws_test/install/nav_core2:/home/handsome/ros_ws_test/install/nav_grid:/home/handsome/ros_ws_test/install/nav_2d_msgs:${CMAKE_PREFIX_PATH} LD_LIBRARY_PATH=/home/handsome/ros_ws_test/install/nav_core2/lib:/home/handsome/ros_ws/install/yocs_cmd_vel_mux/lib:/home/handsome/ros_ws/install/tuw_multi_robot_router/lib:/home/handsome/ros_ws/install/tuw_voronoi_graph/lib:/home/handsome/ros_ws/install/tuw_vehicle_msgs/lib:/home/handsome/ros_ws/install/tuw_nav_rviz/lib:/home/handsome/ros_ws/install/tuw_multi_robot_local_behavior_controller/lib:/home/handsome/ros_ws/install/tuw_multi_robot_ctrl/lib:/home/handsome/ros_ws/install/tuw_nav_msgs/lib:/home/handsome/ros_ws/install/tuw_multi_robot_rviz/lib:/home/handsome/ros_ws/install/tuw_geometry_rviz/lib:/home/handsome/ros_ws/install/tuw_geometry_msgs/lib:/home/handsome/ros_ws/install/tuw_geometry/lib:/home/handsome/ros_ws/install/tuw_control/lib:/home/handsome/ros_ws/install/teb2_local_planner/lib:/home/handsome/ros_ws/install/spatio_temporal_voxel_layer/lib:/home/handsome/ros_ws/install/robot_database_bridge/lib:/home/handsome/ros_ws/install/ros_utility_tools/lib:/home/handsome/ros_ws/install/robot_localization/lib:/home/handsome/ros_ws/install/pnp_ros/lib:/home/handsome/ros_ws/install/omron_os32c_driver/lib:/home/handsome/ros_ws/install/dlux_plugins/lib:/home/handsome/ros_ws/install/dlux_global_planner/lib:/home/handsome/ros_ws/install/nav_grid_pub_sub/lib:/home/handsome/ros_ws/install/dwb_critics/lib:/home/handsome/ros_ws/install/nav_grid_iterators/lib:/home/handsome/ros_ws/install/locomotor/lib:/home/handsome/ros_ws/install/nav_core_adapter/lib:/home/handsome/ros_ws/install/dwb_plugins/lib:/home/handsome/ros_ws/install/dwb_local_planner/lib:/home/handsome/ros_ws/install/nav_2d_utils/lib:/home/handsome/ros_ws/install/global_planner_tests/lib:/home/handsome/ros_ws/install/costmap_queue/lib:/home/handsome/ros_ws/install/nav_core2/lib:/home/handsome/ros_ws/install/mongodb_store/lib:/home/handsome/ros_ws/install/libcreate/lib:/opt/ros/melodic/lib:/usr/local/lib PKG_CONFIG_PATH=/home/handsome/ros_ws_test/install/nav_core2/lib/x86_64-linux-gnu/pkgconfig:/home/handsome/ros_ws_test/install/nav_core2/lib/pkgconfig:/home/handsome/ros_ws_test/install/nav_grid/lib/x86_64-linux-gnu/pkgconfig:/home/handsome/ros_ws_test/install/nav_grid/lib/pkgconfig:/home/handsome/ros_ws_test/install/nav_2d_msgs/lib/x86_64-linux-gnu/pkgconfig:/home/handsome/ros_ws_test/install/nav_2d_msgs/lib/pkgconfig:${PKG_CONFIG_PATH} PYTHONPATH=/home/handsome/ros_ws_test/install/nav_2d_msgs/lib/python2.7/dist-packages:${PYTHONPATH} ROS_PACKAGE_PATH=/home/handsome/ros_ws_test/install/nav_core2/share:/home/handsome/ros_ws_test/install/nav_grid/share:/home/handsome/ros_ws_test/install/nav_2d_msgs/share:${ROS_PACKAGE_PATH} /usr/bin/cmake /home/handsome/ros_ws_test/src/ros_base/robot_navigation/nav_2d_utils -DCATKIN_INSTALL_INTO_PREFIX_ROOT=0 -DCMAKE_INSTALL_PREFIX=/home/handsome/ros_ws_test/install/nav_2d_utils
[0.736s] -- The C compiler identification is GNU 7.5.0
[1.076s] -- The CXX compiler identification is GNU 7.5.0
[1.149s] -- Check for working C compiler: /usr/bin/cc
[1.671s] -- Check for working C compiler: /usr/bin/cc -- works
[1.680s] -- Detecting C compiler ABI info
[2.353s] -- Detecting C compiler ABI info - done
[2.371s] -- Detecting C compile features
[3.345s] -- Detecting C compile features - done
[3.352s] -- Check for working CXX compiler: /usr/bin/c++
[3.589s] -- Check for working CXX compiler: /usr/bin/c++ -- works
[3.590s] -- Detecting CXX compiler ABI info
[3.776s] -- Detecting CXX compiler ABI info - done
[3.794s] -- Detecting CXX compile features
[5.249s] -- Detecting CXX compile features - done
[5.267s] -- Using CATKIN_DEVEL_PREFIX: /home/handsome/ros_ws_test/build/nav_2d_utils/devel
[5.268s] -- Using CMAKE_PREFIX_PATH: /home/handsome/ros_ws_test/install/nav_core2;/home/handsome/ros_ws_test/install/nav_grid;/home/handsome/ros_ws_test/install/nav_2d_msgs;/home/handsome/ros_ws/install/yocs_cmd_vel_mux;/home/handsome/ros_ws/install/urdf_tutorial;/home/handsome/ros_ws/install/tuw_waypoint_to_spline_msgs;/home/handsome/ros_ws/install/tuw_multi_robot_router;/home/handsome/ros_ws/install/tuw_voronoi_graph;/home/handsome/ros_ws/install/tuw_vehicle_msgs;/home/handsome/ros_ws/install/tuw_order_planner;/home/handsome/ros_ws/install/tuw_object_rviz;/home/handsome/ros_ws/install/tuw_object_msgs;/home/handsome/ros_ws/install/tuw_nav_rviz;/home/handsome/ros_ws/install/tuw_multi_robot_local_behavior_controller;/home/handsome/ros_ws/install/tuw_multi_robot_ctrl;/home/handsome/ros_ws/install/tuw_nav_msgs;/home/handsome/ros_ws/install/tuw_multi_robot_rviz;/home/handsome/ros_ws/install/tuw_multi_robot_goal_generator;/home/handsome/ros_ws/install/robot_scheduling_utility;/home/handsome/ros_ws/install/robot_scheduling_actions;/home/handsome/ros_ws/install/actionlib_modules_bridge;/home/handsome/ros_ws/install/tuw_multi_robot_msgs;/home/handsome/ros_ws/install/tuw_multi_robot_demo;/home/handsome/ros_ws/install/tuw_local_controller_msgs;/home/handsome/ros_ws/install/tuw_geometry_rviz;/home/handsome/ros_ws/install/tuw_geometry_msgs;/home/handsome/ros_ws/install/tuw_geometry;/home/handsome/ros_ws/install/tuw_gazebo_msgs;/home/handsome/ros_ws/install/tuw_control;/home/handsome/ros_ws/install/tuw_airskin_msgs;/home/handsome/ros_ws/install/turtlebot_teleop;/home/handsome/ros_ws/install/tug_example_pnp_server;/home/handsome/ros_ws/install/tug_example_actions;/home/handsome/ros_ws/install/tug_example_msgs;/home/handsome/ros_ws/install/timed_roslaunch;/home/handsome/ros_ws/install/teb2_local_planner;/home/handsome/ros_ws/install/stated_roslaunch;/home/handsome/ros_ws/install/spatio_temporal_voxel_layer;/home/handsome/ros_ws/install/robot_udp_bridge;/home/handsome/ros_ws/install/robot_database_bridge;/home/handsome/ros_ws/install/samsungcmd_msgs;/home/handsome/ros_ws/install/rplidar_ros;/home/handsome/ros_ws/install/rp_action;/home/handsome/ros_ws/install/rp_action_msgs;/home/handsome/ros_ws/install/rosserial_xbee;/home/handsome/ros_ws/install/rosserial_windows;/home/handsome/ros_ws/install/rosserial_tivac;/home/handsome/ros_ws/install/rosserial_test;/home/handsome/ros_ws/install/rosserial_server;/home/handsome/ros_ws/install/rosserial_python;/home/handsome/ros_ws/install/rosserial_mbed;/home/handsome/ros_ws/install/rosserial_embeddedlinux;/home/handsome/ros_ws/install/rosserial_arduino;/home/handsome/ros_ws/install/rosserial_client;/home/handsome/ros_ws/install/rosserial_msgs;/home/handsome/ros_ws/install/cellctrl_qtgui_bridge;/home/handsome/ros_ws/install/car_db_manager_qtgui;/home/handsome/ros_ws/install/car_db_manager_bridge;/home/handsome/ros_ws/install/car_db_manager_action;/home/handsome/ros_ws/install/ros_utility_tools;/home/handsome/ros_ws/install/ros_package_test;/home/handsome/ros_ws/install/ros_package_manager;/home/handsome/ros_ws/install/robot_scheduling_server;/home/handsome/ros_ws/install/robot_scheduling_msgs;/home/handsome/ros_ws/install/robot_localization;/home/handsome/ros_ws/install/robot_control_msgs;/home/handsome/ros_ws/install/reset_location;/home/handsome/ros_ws/install/razor_imu_9dof;/home/handsome/ros_ws/install/pnp_rosplan;/home/handsome/ros_ws/install/actionlib_pnp_controller;/home/handsome/ros_ws/install/actionlib_modules_controller;/home/handsome/ros_ws/install/pnp_ros;/home/handsome/ros_ws/install/pnp_msgs;/home/handsome/ros_ws/install/open_auto_dock;/home/handsome/ros_ws/install/open_auto_dock_msgs;/home/handsome/ros_ws/install/omron_os32c_driver;/home/handsome/ros_ws/install/dlux_plugins;/home/handsome/ros_ws/install/dlux_global_planner;/home/handsome/ros_ws/install/nav_grid_pub_sub;/home/handsome/ros_ws/install/dwb_critics;/home/handsome/ros_ws/install/nav_grid_iterators;/home/handsome/ros_ws/install/locomove_base;/home/handsome/ros_ws/install/locomotor;/home/handsome/ros_ws/install/nav_core_adapter;/home/handsome/ros_ws/install/dwb_plugins;/home/handsome/ros_ws/install/dwb_local_planner;/home/handsome/ros_ws/install/nav_2d_utils;/home/handsome/ros_ws/install/global_planner_tests;/home/handsome/ros_ws/install/costmap_queue;/home/handsome/ros_ws/install/nav_core2;/home/handsome/ros_ws/install/nav_grid;/home/handsome/ros_ws/install/car_schedule_msgs;/home/handsome/ros_ws/install/actionlib_modules_msgs;/home/handsome/ros_ws/install/locomotor_msgs;/home/handsome/ros_ws/install/dwb_msgs;/home/handsome/ros_ws/install/nav_2d_msgs;/home/handsome/ros_ws/install/mongodb_log;/home/handsome/ros_ws/install/mongodb_store;/home/handsome/ros_ws/install/mongodb_store_msgs;/home/handsome/ros_ws/install/ca_driver;/home/handsome/ros_ws/install/libcreate;/home/handsome/ros_ws/install/i_robot_stage;/home/handsome/ros_ws/install/i_robot_navigation;/home/handsome/ros_ws/install/hyc_order_planner;/home/handsome/ros_ws/install/hyc_multi_robot_msgs;/home/handsome/ros_ws/install/fetch_open_auto_dock;/home/handsome/ros_ws/install/fetch_auto_dock_msgs;/home/handsome/ros_ws/install/change_teb2_max_vel_x_onfly;/home/handsome/ros_ws/install/cellctrl_control_msgs;/home/handsome/ros_ws/install/car_db_manager_msgs;/home/handsome/ros_ws/install/ca_msgs;/home/handsome/ros_ws/install/ca_description;/home/handsome/ros_ws/install/botcmd_msgs;/opt/ros/melodic
[5.278s] -- This workspace overlays: /home/handsome/ros_ws_test/install/nav_core2;/home/handsome/ros_ws_test/install/nav_grid;/home/handsome/ros_ws_test/install/nav_2d_msgs;/home/handsome/ros_ws/install/yocs_cmd_vel_mux;/home/handsome/ros_ws/install/urdf_tutorial;/home/handsome/ros_ws/install/tuw_waypoint_to_spline_msgs;/home/handsome/ros_ws/install/tuw_multi_robot_router;/home/handsome/ros_ws/install/tuw_voronoi_graph;/home/handsome/ros_ws/install/tuw_vehicle_msgs;/home/handsome/ros_ws/install/tuw_order_planner;/home/handsome/ros_ws/install/tuw_object_rviz;/home/handsome/ros_ws/install/tuw_object_msgs;/home/handsome/ros_ws/install/tuw_nav_rviz;/home/handsome/ros_ws/install/tuw_multi_robot_local_behavior_controller;/home/handsome/ros_ws/install/tuw_multi_robot_ctrl;/home/handsome/ros_ws/install/tuw_nav_msgs;/home/handsome/ros_ws/install/tuw_multi_robot_rviz;/home/handsome/ros_ws/install/tuw_multi_robot_goal_generator;/home/handsome/ros_ws/install/robot_scheduling_utility;/home/handsome/ros_ws/install/robot_scheduling_actions;/home/handsome/ros_ws/install/actionlib_modules_bridge;/home/handsome/ros_ws/install/tuw_multi_robot_msgs;/home/handsome/ros_ws/install/tuw_multi_robot_demo;/home/handsome/ros_ws/install/tuw_local_controller_msgs;/home/handsome/ros_ws/install/tuw_geometry_rviz;/home/handsome/ros_ws/install/tuw_geometry_msgs;/home/handsome/ros_ws/install/tuw_geometry;/home/handsome/ros_ws/install/tuw_gazebo_msgs;/home/handsome/ros_ws/install/tuw_control;/home/handsome/ros_ws/install/tuw_airskin_msgs;/home/handsome/ros_ws/install/turtlebot_teleop;/home/handsome/ros_ws/install/tug_example_pnp_server;/home/handsome/ros_ws/install/tug_example_actions;/home/handsome/ros_ws/install/tug_example_msgs;/home/handsome/ros_ws/install/timed_roslaunch;/home/handsome/ros_ws/install/teb2_local_planner;/home/handsome/ros_ws/install/stated_roslaunch;/home/handsome/ros_ws/install/spatio_temporal_voxel_layer;/home/handsome/ros_ws/install/robot_udp_bridge;/home/handsome/ros_ws/install/robot_database_bridge;/home/handsome/ros_ws/install/samsungcmd_msgs;/home/handsome/ros_ws/install/rplidar_ros;/home/handsome/ros_ws/install/rp_action;/home/handsome/ros_ws/install/rp_action_msgs;/home/handsome/ros_ws/install/rosserial_xbee;/home/handsome/ros_ws/install/rosserial_windows;/home/handsome/ros_ws/install/rosserial_tivac;/home/handsome/ros_ws/install/rosserial_test;/home/handsome/ros_ws/install/rosserial_server;/home/handsome/ros_ws/install/rosserial_python;/home/handsome/ros_ws/install/rosserial_mbed;/home/handsome/ros_ws/install/rosserial_embeddedlinux;/home/handsome/ros_ws/install/rosserial_arduino;/home/handsome/ros_ws/install/rosserial_client;/home/handsome/ros_ws/install/rosserial_msgs;/home/handsome/ros_ws/install/cellctrl_qtgui_bridge;/home/handsome/ros_ws/install/car_db_manager_qtgui;/home/handsome/ros_ws/install/car_db_manager_bridge;/home/handsome/ros_ws/install/car_db_manager_action;/home/handsome/ros_ws/install/ros_utility_tools;/home/handsome/ros_ws/install/ros_package_test;/home/handsome/ros_ws/install/ros_package_manager;/home/handsome/ros_ws/install/robot_scheduling_server;/home/handsome/ros_ws/install/robot_scheduling_msgs;/home/handsome/ros_ws/install/robot_localization;/home/handsome/ros_ws/install/robot_control_msgs;/home/handsome/ros_ws/install/reset_location;/home/handsome/ros_ws/install/razor_imu_9dof;/home/handsome/ros_ws/install/pnp_rosplan;/home/handsome/ros_ws/install/actionlib_pnp_controller;/home/handsome/ros_ws/install/actionlib_modules_controller;/home/handsome/ros_ws/install/pnp_ros;/home/handsome/ros_ws/install/pnp_msgs;/home/handsome/ros_ws/install/open_auto_dock;/home/handsome/ros_ws/install/open_auto_dock_msgs;/home/handsome/ros_ws/install/omron_os32c_driver;/home/handsome/ros_ws/install/dlux_plugins;/home/handsome/ros_ws/install/dlux_global_planner;/home/handsome/ros_ws/install/nav_grid_pub_sub;/home/handsome/ros_ws/install/dwb_critics;/home/handsome/ros_ws/install/nav_grid_iterators;/home/handsome/ros_ws/install/locomove_base;/home/handsome/ros_ws/install/locomotor;/home/handsome/ros_ws/install/nav_core_adapter;/home/handsome/ros_ws/install/dwb_plugins;/home/handsome/ros_ws/install/dwb_local_planner;/home/handsome/ros_ws/install/nav_2d_utils;/home/handsome/ros_ws/install/global_planner_tests;/home/handsome/ros_ws/install/costmap_queue;/home/handsome/ros_ws/install/nav_core2;/home/handsome/ros_ws/install/nav_grid;/home/handsome/ros_ws/install/car_schedule_msgs;/home/handsome/ros_ws/install/actionlib_modules_msgs;/home/handsome/ros_ws/install/locomotor_msgs;/home/handsome/ros_ws/install/dwb_msgs;/home/handsome/ros_ws/install/nav_2d_msgs;/home/handsome/ros_ws/install/mongodb_log;/home/handsome/ros_ws/install/mongodb_store;/home/handsome/ros_ws/install/mongodb_store_msgs;/home/handsome/ros_ws/install/ca_driver;/home/handsome/ros_ws/install/i_robot_stage;/home/handsome/ros_ws/install/i_robot_navigation;/home/handsome/ros_ws/install/hyc_order_planner;/home/handsome/ros_ws/install/hyc_multi_robot_msgs;/home/handsome/ros_ws/install/fetch_open_auto_dock;/home/handsome/ros_ws/install/fetch_auto_dock_msgs;/home/handsome/ros_ws/install/change_teb2_max_vel_x_onfly;/home/handsome/ros_ws/install/cellctrl_control_msgs;/home/handsome/ros_ws/install/car_db_manager_msgs;/home/handsome/ros_ws/install/ca_msgs;/home/handsome/ros_ws/install/ca_description;/home/handsome/ros_ws/install/botcmd_msgs;/opt/ros/melodic
[5.324s] -- Found PythonInterp: /usr/bin/python2 (found suitable version "2.7.17", minimum required is "2") 
[5.324s] -- Using PYTHON_EXECUTABLE: /usr/bin/python2
[5.325s] -- Using Debian Python package layout
[5.327s] -- Using empy: /usr/bin/empy
[5.658s] -- Using CATKIN_ENABLE_TESTING: ON
[5.659s] -- Call enable_testing()
[5.695s] -- Using CATKIN_TEST_RESULTS_DIR: /home/handsome/ros_ws_test/build/nav_2d_utils/test_results
[5.843s] -- Found gtest sources under '/usr/src/googletest': gtests will be built
[5.843s] -- Found gmock sources under '/usr/src/googletest': gmock will be built
[5.933s] -- Found PythonInterp: /usr/bin/python2 (found version "2.7.17") 
[5.935s] -- Looking for pthread.h
[6.601s] -- Looking for pthread.h - found
[6.601s] -- Looking for pthread_create
[7.274s] -- Looking for pthread_create - not found
[7.275s] -- Looking for pthread_create in pthreads
[7.837s] -- Looking for pthread_create in pthreads - not found
[7.837s] -- Looking for pthread_create in pthread
[8.289s] -- Looking for pthread_create in pthread - found
[8.291s] -- Found Threads: TRUE  
[8.334s] -- Using Python nosetests: /usr/bin/nosetests-2.7
[8.729s] -- catkin 0.7.28
[8.729s] -- BUILD_SHARED_LIBS is on
[10.880s] -- Using these message generators: gencpp;geneus;genlisp;gennodejs;genpy
[13.668s] -- Configuring done
[13.806s] -- Generating done
[13.826s] -- Build files have been written to: /home/handsome/ros_ws_test/build/nav_2d_utils
[13.837s] Invoked command in '/home/handsome/ros_ws_test/build/nav_2d_utils' returned '0': CMAKE_PREFIX_PATH=/home/handsome/ros_ws_test/install/nav_core2:/home/handsome/ros_ws_test/install/nav_grid:/home/handsome/ros_ws_test/install/nav_2d_msgs:${CMAKE_PREFIX_PATH} LD_LIBRARY_PATH=/home/handsome/ros_ws_test/install/nav_core2/lib:/home/handsome/ros_ws/install/yocs_cmd_vel_mux/lib:/home/handsome/ros_ws/install/tuw_multi_robot_router/lib:/home/handsome/ros_ws/install/tuw_voronoi_graph/lib:/home/handsome/ros_ws/install/tuw_vehicle_msgs/lib:/home/handsome/ros_ws/install/tuw_nav_rviz/lib:/home/handsome/ros_ws/install/tuw_multi_robot_local_behavior_controller/lib:/home/handsome/ros_ws/install/tuw_multi_robot_ctrl/lib:/home/handsome/ros_ws/install/tuw_nav_msgs/lib:/home/handsome/ros_ws/install/tuw_multi_robot_rviz/lib:/home/handsome/ros_ws/install/tuw_geometry_rviz/lib:/home/handsome/ros_ws/install/tuw_geometry_msgs/lib:/home/handsome/ros_ws/install/tuw_geometry/lib:/home/handsome/ros_ws/install/tuw_control/lib:/home/handsome/ros_ws/install/teb2_local_planner/lib:/home/handsome/ros_ws/install/spatio_temporal_voxel_layer/lib:/home/handsome/ros_ws/install/robot_database_bridge/lib:/home/handsome/ros_ws/install/ros_utility_tools/lib:/home/handsome/ros_ws/install/robot_localization/lib:/home/handsome/ros_ws/install/pnp_ros/lib:/home/handsome/ros_ws/install/omron_os32c_driver/lib:/home/handsome/ros_ws/install/dlux_plugins/lib:/home/handsome/ros_ws/install/dlux_global_planner/lib:/home/handsome/ros_ws/install/nav_grid_pub_sub/lib:/home/handsome/ros_ws/install/dwb_critics/lib:/home/handsome/ros_ws/install/nav_grid_iterators/lib:/home/handsome/ros_ws/install/locomotor/lib:/home/handsome/ros_ws/install/nav_core_adapter/lib:/home/handsome/ros_ws/install/dwb_plugins/lib:/home/handsome/ros_ws/install/dwb_local_planner/lib:/home/handsome/ros_ws/install/nav_2d_utils/lib:/home/handsome/ros_ws/install/global_planner_tests/lib:/home/handsome/ros_ws/install/costmap_queue/lib:/home/handsome/ros_ws/install/nav_core2/lib:/home/handsome/ros_ws/install/mongodb_store/lib:/home/handsome/ros_ws/install/libcreate/lib:/opt/ros/melodic/lib:/usr/local/lib PKG_CONFIG_PATH=/home/handsome/ros_ws_test/install/nav_core2/lib/x86_64-linux-gnu/pkgconfig:/home/handsome/ros_ws_test/install/nav_core2/lib/pkgconfig:/home/handsome/ros_ws_test/install/nav_grid/lib/x86_64-linux-gnu/pkgconfig:/home/handsome/ros_ws_test/install/nav_grid/lib/pkgconfig:/home/handsome/ros_ws_test/install/nav_2d_msgs/lib/x86_64-linux-gnu/pkgconfig:/home/handsome/ros_ws_test/install/nav_2d_msgs/lib/pkgconfig:${PKG_CONFIG_PATH} PYTHONPATH=/home/handsome/ros_ws_test/install/nav_2d_msgs/lib/python2.7/dist-packages:${PYTHONPATH} ROS_PACKAGE_PATH=/home/handsome/ros_ws_test/install/nav_core2/share:/home/handsome/ros_ws_test/install/nav_grid/share:/home/handsome/ros_ws_test/install/nav_2d_msgs/share:${ROS_PACKAGE_PATH} /usr/bin/cmake /home/handsome/ros_ws_test/src/ros_base/robot_navigation/nav_2d_utils -DCATKIN_INSTALL_INTO_PREFIX_ROOT=0 -DCMAKE_INSTALL_PREFIX=/home/handsome/ros_ws_test/install/nav_2d_utils
[13.839s] Invoking command in '/home/handsome/ros_ws_test/build/nav_2d_utils': CMAKE_PREFIX_PATH=/home/handsome/ros_ws_test/install/nav_core2:/home/handsome/ros_ws_test/install/nav_grid:/home/handsome/ros_ws_test/install/nav_2d_msgs:${CMAKE_PREFIX_PATH} LD_LIBRARY_PATH=/home/handsome/ros_ws_test/install/nav_core2/lib:/home/handsome/ros_ws/install/yocs_cmd_vel_mux/lib:/home/handsome/ros_ws/install/tuw_multi_robot_router/lib:/home/handsome/ros_ws/install/tuw_voronoi_graph/lib:/home/handsome/ros_ws/install/tuw_vehicle_msgs/lib:/home/handsome/ros_ws/install/tuw_nav_rviz/lib:/home/handsome/ros_ws/install/tuw_multi_robot_local_behavior_controller/lib:/home/handsome/ros_ws/install/tuw_multi_robot_ctrl/lib:/home/handsome/ros_ws/install/tuw_nav_msgs/lib:/home/handsome/ros_ws/install/tuw_multi_robot_rviz/lib:/home/handsome/ros_ws/install/tuw_geometry_rviz/lib:/home/handsome/ros_ws/install/tuw_geometry_msgs/lib:/home/handsome/ros_ws/install/tuw_geometry/lib:/home/handsome/ros_ws/install/tuw_control/lib:/home/handsome/ros_ws/install/teb2_local_planner/lib:/home/handsome/ros_ws/install/spatio_temporal_voxel_layer/lib:/home/handsome/ros_ws/install/robot_database_bridge/lib:/home/handsome/ros_ws/install/ros_utility_tools/lib:/home/handsome/ros_ws/install/robot_localization/lib:/home/handsome/ros_ws/install/pnp_ros/lib:/home/handsome/ros_ws/install/omron_os32c_driver/lib:/home/handsome/ros_ws/install/dlux_plugins/lib:/home/handsome/ros_ws/install/dlux_global_planner/lib:/home/handsome/ros_ws/install/nav_grid_pub_sub/lib:/home/handsome/ros_ws/install/dwb_critics/lib:/home/handsome/ros_ws/install/nav_grid_iterators/lib:/home/handsome/ros_ws/install/locomotor/lib:/home/handsome/ros_ws/install/nav_core_adapter/lib:/home/handsome/ros_ws/install/dwb_plugins/lib:/home/handsome/ros_ws/install/dwb_local_planner/lib:/home/handsome/ros_ws/install/nav_2d_utils/lib:/home/handsome/ros_ws/install/global_planner_tests/lib:/home/handsome/ros_ws/install/costmap_queue/lib:/home/handsome/ros_ws/install/nav_core2/lib:/home/handsome/ros_ws/install/mongodb_store/lib:/home/handsome/ros_ws/install/libcreate/lib:/opt/ros/melodic/lib:/usr/local/lib PKG_CONFIG_PATH=/home/handsome/ros_ws_test/install/nav_core2/lib/x86_64-linux-gnu/pkgconfig:/home/handsome/ros_ws_test/install/nav_core2/lib/pkgconfig:/home/handsome/ros_ws_test/install/nav_grid/lib/x86_64-linux-gnu/pkgconfig:/home/handsome/ros_ws_test/install/nav_grid/lib/pkgconfig:/home/handsome/ros_ws_test/install/nav_2d_msgs/lib/x86_64-linux-gnu/pkgconfig:/home/handsome/ros_ws_test/install/nav_2d_msgs/lib/pkgconfig:${PKG_CONFIG_PATH} PYTHONPATH=/home/handsome/ros_ws_test/install/nav_2d_msgs/lib/python2.7/dist-packages:${PYTHONPATH} ROS_PACKAGE_PATH=/home/handsome/ros_ws_test/install/nav_core2/share:/home/handsome/ros_ws_test/install/nav_grid/share:/home/handsome/ros_ws_test/install/nav_2d_msgs/share:${ROS_PACKAGE_PATH} /usr/bin/cmake --build /home/handsome/ros_ws_test/build/nav_2d_utils -- -j12 -l12
[14.395s] [35m[1mScanning dependencies of target roscpp_generate_messages_cpp[0m
[14.426s] [35m[1mScanning dependencies of target actionlib_generate_messages_eus[0m
[14.436s] [35m[1mScanning dependencies of target nav_msgs_generate_messages_py[0m
[14.443s] [35m[1mScanning dependencies of target actionlib_msgs_generate_messages_py[0m
[14.453s] [35m[1mScanning dependencies of target sensor_msgs_generate_messages_nodejs[0m
[14.502s] [35m[1mScanning dependencies of target polygons[0m
[14.503s] [35m[1mScanning dependencies of target rosgraph_msgs_generate_messages_cpp[0m
[14.521s] [35m[1mScanning dependencies of target actionlib_generate_messages_cpp[0m
[14.534s] [35m[1mScanning dependencies of target geometry_msgs_generate_messages_eus[0m
[14.557s] [35m[1mScanning dependencies of target actionlib_msgs_generate_messages_lisp[0m
[14.575s] [  0%] Built target roscpp_generate_messages_cpp
[14.602s] [  0%] Built target nav_msgs_generate_messages_py
[14.606s] [  0%] Built target actionlib_generate_messages_eus
[14.638s] [  0%] Built target actionlib_msgs_generate_messages_py
[14.667s] [  0%] Built target sensor_msgs_generate_messages_nodejs
[14.678s] [  0%] Built target actionlib_generate_messages_cpp
[14.683s] [  0%] Built target rosgraph_msgs_generate_messages_cpp
[14.740s] [  0%] Built target actionlib_msgs_generate_messages_lisp
[14.740s] [  0%] Built target geometry_msgs_generate_messages_eus
[14.751s] [ 14%] [32mBuilding CXX object CMakeFiles/polygons.dir/src/polygons.cpp.o[0m
[17.944s] [ 28%] [32mBuilding CXX object CMakeFiles/polygons.dir/src/footprint.cpp.o[0m
[20.499s] [ 42%] [32m[1mLinking CXX shared library devel/lib/libpolygons.so[0m
[21.072s] [ 42%] Built target polygons
[21.152s] [35m[1mScanning dependencies of target geometry_msgs_generate_messages_py[0m
[21.272s] [ 42%] Built target geometry_msgs_generate_messages_py
[21.344s] [35m[1mScanning dependencies of target roscpp_generate_messages_nodejs[0m
[21.396s] [ 42%] Built target roscpp_generate_messages_nodejs
[21.498s] [35m[1mScanning dependencies of target std_msgs_generate_messages_lisp[0m
[21.613s] [ 42%] Built target std_msgs_generate_messages_lisp
[21.702s] [35m[1mScanning dependencies of target std_msgs_generate_messages_nodejs[0m
[21.737s] [ 42%] Built target std_msgs_generate_messages_nodejs
[21.784s] [35m[1mScanning dependencies of target nav_msgs_generate_messages_nodejs[0m
[21.859s] [ 42%] Built target nav_msgs_generate_messages_nodejs
[21.912s] [35m[1mScanning dependencies of target std_msgs_generate_messages_py[0m
[21.995s] [ 42%] Built target std_msgs_generate_messages_py
[22.061s] [35m[1mScanning dependencies of target nav_2d_msgs_generate_messages_py[0m
[22.156s] [ 42%] Built target nav_2d_msgs_generate_messages_py
[22.242s] [35m[1mScanning dependencies of target rosgraph_msgs_generate_messages_eus[0m
[22.363s] [ 42%] Built target rosgraph_msgs_generate_messages_eus
[22.461s] [35m[1mScanning dependencies of target rosgraph_msgs_generate_messages_lisp[0m
[22.541s] [ 42%] Built target rosgraph_msgs_generate_messages_lisp
[22.672s] [35m[1mScanning dependencies of target rosgraph_msgs_generate_messages_nodejs[0m
[22.799s] [ 42%] Built target rosgraph_msgs_generate_messages_nodejs
[22.970s] [35m[1mScanning dependencies of target roscpp_generate_messages_eus[0m
[23.081s] [ 42%] Built target roscpp_generate_messages_eus
[23.128s] [35m[1mScanning dependencies of target actionlib_msgs_generate_messages_eus[0m
[23.172s] [ 42%] Built target actionlib_msgs_generate_messages_eus
[23.217s] [35m[1mScanning dependencies of target rosgraph_msgs_generate_messages_py[0m
[23.285s] [ 42%] Built target rosgraph_msgs_generate_messages_py
[23.356s] [35m[1mScanning dependencies of target actionlib_generate_messages_py[0m
[23.421s] [ 42%] Built target actionlib_generate_messages_py
[23.475s] [35m[1mScanning dependencies of target tf2_msgs_generate_messages_py[0m
[23.532s] [ 42%] Built target tf2_msgs_generate_messages_py
[23.581s] [35m[1mScanning dependencies of target tf2_msgs_generate_messages_nodejs[0m
[23.641s] [ 42%] Built target tf2_msgs_generate_messages_nodejs
[23.689s] [35m[1mScanning dependencies of target nav_2d_msgs_generate_messages_lisp[0m
[23.757s] [ 42%] Built target nav_2d_msgs_generate_messages_lisp
[23.809s] [35m[1mScanning dependencies of target sensor_msgs_generate_messages_lisp[0m
[23.848s] [ 42%] Built target sensor_msgs_generate_messages_lisp
[23.924s] [35m[1mScanning dependencies of target nav_msgs_generate_messages_cpp[0m
[23.989s] [ 42%] Built target nav_msgs_generate_messages_cpp
[24.032s] [35m[1mScanning dependencies of target tf2_msgs_generate_messages_eus[0m
[24.073s] [ 42%] Built target tf2_msgs_generate_messages_eus
[24.160s] [35m[1mScanning dependencies of target nav_msgs_generate_messages_eus[0m
[24.247s] [ 42%] Built target nav_msgs_generate_messages_eus
[24.299s] [35m[1mScanning dependencies of target nav_msgs_generate_messages_lisp[0m
[24.356s] [ 42%] Built target nav_msgs_generate_messages_lisp
[24.396s] [35m[1mScanning dependencies of target actionlib_generate_messages_nodejs[0m
[24.452s] [ 42%] Built target actionlib_generate_messages_nodejs
[24.501s] [35m[1mScanning dependencies of target tf_generate_messages_cpp[0m
[24.603s] [ 42%] Built target tf_generate_messages_cpp
[24.670s] [35m[1mScanning dependencies of target tf_generate_messages_lisp[0m
[24.699s] [ 42%] Built target tf_generate_messages_lisp
[24.735s] [35m[1mScanning dependencies of target tf_generate_messages_nodejs[0m
[24.810s] [ 42%] Built target tf_generate_messages_nodejs
[24.879s] [35m[1mScanning dependencies of target tf_generate_messages_py[0m
[24.929s] [ 42%] Built target tf_generate_messages_py
[24.991s] [35m[1mScanning dependencies of target sensor_msgs_generate_messages_py[0m
[25.054s] [ 42%] Built target sensor_msgs_generate_messages_py
[25.106s] [35m[1mScanning dependencies of target sensor_msgs_generate_messages_cpp[0m
[25.173s] [ 42%] Built target sensor_msgs_generate_messages_cpp
[25.228s] [35m[1mScanning dependencies of target sensor_msgs_generate_messages_eus[0m
[25.276s] [ 42%] Built target sensor_msgs_generate_messages_eus
[25.353s] [35m[1mScanning dependencies of target actionlib_msgs_generate_messages_cpp[0m
[25.394s] [ 42%] Built target actionlib_msgs_generate_messages_cpp
[25.483s] [35m[1mScanning dependencies of target tf_generate_messages_eus[0m
[25.539s] [ 42%] Built target tf_generate_messages_eus
[25.643s] [35m[1mScanning dependencies of target nav_2d_msgs_generate_messages_eus[0m
[25.691s] [ 42%] Built target nav_2d_msgs_generate_messages_eus
[25.785s] [35m[1mScanning dependencies of target actionlib_generate_messages_lisp[0m
[25.865s] [ 42%] Built target actionlib_generate_messages_lisp
[25.948s] [35m[1mScanning dependencies of target geometry_msgs_generate_messages_cpp[0m
[26.011s] [ 42%] Built target geometry_msgs_generate_messages_cpp
[26.114s] [35m[1mScanning dependencies of target tf2_msgs_generate_messages_lisp[0m
[26.167s] [ 42%] Built target tf2_msgs_generate_messages_lisp
[26.222s] [35m[1mScanning dependencies of target geometry_msgs_generate_messages_nodejs[0m
[26.271s] [ 42%] Built target geometry_msgs_generate_messages_nodejs
[26.333s] [35m[1mScanning dependencies of target std_msgs_generate_messages_eus[0m
[26.391s] [ 42%] Built target std_msgs_generate_messages_eus
[26.441s] [35m[1mScanning dependencies of target roscpp_generate_messages_py[0m
[26.478s] [ 42%] Built target roscpp_generate_messages_py
[26.525s] [35m[1mScanning dependencies of target actionlib_msgs_generate_messages_nodejs[0m
[26.557s] [ 42%] Built target actionlib_msgs_generate_messages_nodejs
[26.654s] [35m[1mScanning dependencies of target std_msgs_generate_messages_cpp[0m
[26.721s] [ 42%] Built target std_msgs_generate_messages_cpp
[26.781s] [35m[1mScanning dependencies of target nav_2d_msgs_generate_messages_cpp[0m
[26.837s] [ 42%] Built target nav_2d_msgs_generate_messages_cpp
[26.890s] [35m[1mScanning dependencies of target nav_2d_msgs_generate_messages_nodejs[0m
[26.928s] [ 42%] Built target nav_2d_msgs_generate_messages_nodejs
[27.002s] [35m[1mScanning dependencies of target roscpp_generate_messages_lisp[0m
[27.098s] [ 42%] Built target roscpp_generate_messages_lisp
[27.158s] [35m[1mScanning dependencies of target tf2_msgs_generate_messages_cpp[0m
[27.221s] [ 42%] Built target tf2_msgs_generate_messages_cpp
[27.267s] [35m[1mScanning dependencies of target geometry_msgs_generate_messages_lisp[0m
[27.346s] [ 42%] Built target geometry_msgs_generate_messages_lisp
[27.426s] [35m[1mScanning dependencies of target conversions[0m
[27.505s] [ 57%] [32mBuilding CXX object CMakeFiles/conversions.dir/src/conversions.cpp.o[0m
[32.248s] [ 71%] [32m[1mLinking CXX shared library devel/lib/libconversions.so[0m
[32.543s] [ 71%] Built target conversions
[32.638s] [35m[1mScanning dependencies of target path_ops[0m
[32.694s] [ 85%] [32mBuilding CXX object CMakeFiles/path_ops.dir/src/path_ops.cpp.o[0m
[34.272s] [100%] [32m[1mLinking CXX shared library devel/lib/libpath_ops.so[0m
[34.615s] [100%] Built target path_ops
[34.646s] Invoked command in '/home/handsome/ros_ws_test/build/nav_2d_utils' returned '0': CMAKE_PREFIX_PATH=/home/handsome/ros_ws_test/install/nav_core2:/home/handsome/ros_ws_test/install/nav_grid:/home/handsome/ros_ws_test/install/nav_2d_msgs:${CMAKE_PREFIX_PATH} LD_LIBRARY_PATH=/home/handsome/ros_ws_test/install/nav_core2/lib:/home/handsome/ros_ws/install/yocs_cmd_vel_mux/lib:/home/handsome/ros_ws/install/tuw_multi_robot_router/lib:/home/handsome/ros_ws/install/tuw_voronoi_graph/lib:/home/handsome/ros_ws/install/tuw_vehicle_msgs/lib:/home/handsome/ros_ws/install/tuw_nav_rviz/lib:/home/handsome/ros_ws/install/tuw_multi_robot_local_behavior_controller/lib:/home/handsome/ros_ws/install/tuw_multi_robot_ctrl/lib:/home/handsome/ros_ws/install/tuw_nav_msgs/lib:/home/handsome/ros_ws/install/tuw_multi_robot_rviz/lib:/home/handsome/ros_ws/install/tuw_geometry_rviz/lib:/home/handsome/ros_ws/install/tuw_geometry_msgs/lib:/home/handsome/ros_ws/install/tuw_geometry/lib:/home/handsome/ros_ws/install/tuw_control/lib:/home/handsome/ros_ws/install/teb2_local_planner/lib:/home/handsome/ros_ws/install/spatio_temporal_voxel_layer/lib:/home/handsome/ros_ws/install/robot_database_bridge/lib:/home/handsome/ros_ws/install/ros_utility_tools/lib:/home/handsome/ros_ws/install/robot_localization/lib:/home/handsome/ros_ws/install/pnp_ros/lib:/home/handsome/ros_ws/install/omron_os32c_driver/lib:/home/handsome/ros_ws/install/dlux_plugins/lib:/home/handsome/ros_ws/install/dlux_global_planner/lib:/home/handsome/ros_ws/install/nav_grid_pub_sub/lib:/home/handsome/ros_ws/install/dwb_critics/lib:/home/handsome/ros_ws/install/nav_grid_iterators/lib:/home/handsome/ros_ws/install/locomotor/lib:/home/handsome/ros_ws/install/nav_core_adapter/lib:/home/handsome/ros_ws/install/dwb_plugins/lib:/home/handsome/ros_ws/install/dwb_local_planner/lib:/home/handsome/ros_ws/install/nav_2d_utils/lib:/home/handsome/ros_ws/install/global_planner_tests/lib:/home/handsome/ros_ws/install/costmap_queue/lib:/home/handsome/ros_ws/install/nav_core2/lib:/home/handsome/ros_ws/install/mongodb_store/lib:/home/handsome/ros_ws/install/libcreate/lib:/opt/ros/melodic/lib:/usr/local/lib PKG_CONFIG_PATH=/home/handsome/ros_ws_test/install/nav_core2/lib/x86_64-linux-gnu/pkgconfig:/home/handsome/ros_ws_test/install/nav_core2/lib/pkgconfig:/home/handsome/ros_ws_test/install/nav_grid/lib/x86_64-linux-gnu/pkgconfig:/home/handsome/ros_ws_test/install/nav_grid/lib/pkgconfig:/home/handsome/ros_ws_test/install/nav_2d_msgs/lib/x86_64-linux-gnu/pkgconfig:/home/handsome/ros_ws_test/install/nav_2d_msgs/lib/pkgconfig:${PKG_CONFIG_PATH} PYTHONPATH=/home/handsome/ros_ws_test/install/nav_2d_msgs/lib/python2.7/dist-packages:${PYTHONPATH} ROS_PACKAGE_PATH=/home/handsome/ros_ws_test/install/nav_core2/share:/home/handsome/ros_ws_test/install/nav_grid/share:/home/handsome/ros_ws_test/install/nav_2d_msgs/share:${ROS_PACKAGE_PATH} /usr/bin/cmake --build /home/handsome/ros_ws_test/build/nav_2d_utils -- -j12 -l12
[35.900s] Invoking command in '/home/handsome/ros_ws_test/build/nav_2d_utils': CMAKE_PREFIX_PATH=/home/handsome/ros_ws_test/install/nav_core2:/home/handsome/ros_ws_test/install/nav_grid:/home/handsome/ros_ws_test/install/nav_2d_msgs:${CMAKE_PREFIX_PATH} LD_LIBRARY_PATH=/home/handsome/ros_ws_test/install/nav_core2/lib:/home/handsome/ros_ws/install/yocs_cmd_vel_mux/lib:/home/handsome/ros_ws/install/tuw_multi_robot_router/lib:/home/handsome/ros_ws/install/tuw_voronoi_graph/lib:/home/handsome/ros_ws/install/tuw_vehicle_msgs/lib:/home/handsome/ros_ws/install/tuw_nav_rviz/lib:/home/handsome/ros_ws/install/tuw_multi_robot_local_behavior_controller/lib:/home/handsome/ros_ws/install/tuw_multi_robot_ctrl/lib:/home/handsome/ros_ws/install/tuw_nav_msgs/lib:/home/handsome/ros_ws/install/tuw_multi_robot_rviz/lib:/home/handsome/ros_ws/install/tuw_geometry_rviz/lib:/home/handsome/ros_ws/install/tuw_geometry_msgs/lib:/home/handsome/ros_ws/install/tuw_geometry/lib:/home/handsome/ros_ws/install/tuw_control/lib:/home/handsome/ros_ws/install/teb2_local_planner/lib:/home/handsome/ros_ws/install/spatio_temporal_voxel_layer/lib:/home/handsome/ros_ws/install/robot_database_bridge/lib:/home/handsome/ros_ws/install/ros_utility_tools/lib:/home/handsome/ros_ws/install/robot_localization/lib:/home/handsome/ros_ws/install/pnp_ros/lib:/home/handsome/ros_ws/install/omron_os32c_driver/lib:/home/handsome/ros_ws/install/dlux_plugins/lib:/home/handsome/ros_ws/install/dlux_global_planner/lib:/home/handsome/ros_ws/install/nav_grid_pub_sub/lib:/home/handsome/ros_ws/install/dwb_critics/lib:/home/handsome/ros_ws/install/nav_grid_iterators/lib:/home/handsome/ros_ws/install/locomotor/lib:/home/handsome/ros_ws/install/nav_core_adapter/lib:/home/handsome/ros_ws/install/dwb_plugins/lib:/home/handsome/ros_ws/install/dwb_local_planner/lib:/home/handsome/ros_ws/install/nav_2d_utils/lib:/home/handsome/ros_ws/install/global_planner_tests/lib:/home/handsome/ros_ws/install/costmap_queue/lib:/home/handsome/ros_ws/install/nav_core2/lib:/home/handsome/ros_ws/install/mongodb_store/lib:/home/handsome/ros_ws/install/libcreate/lib:/opt/ros/melodic/lib:/usr/local/lib PKG_CONFIG_PATH=/home/handsome/ros_ws_test/install/nav_core2/lib/x86_64-linux-gnu/pkgconfig:/home/handsome/ros_ws_test/install/nav_core2/lib/pkgconfig:/home/handsome/ros_ws_test/install/nav_grid/lib/x86_64-linux-gnu/pkgconfig:/home/handsome/ros_ws_test/install/nav_grid/lib/pkgconfig:/home/handsome/ros_ws_test/install/nav_2d_msgs/lib/x86_64-linux-gnu/pkgconfig:/home/handsome/ros_ws_test/install/nav_2d_msgs/lib/pkgconfig:${PKG_CONFIG_PATH} PYTHONPATH=/home/handsome/ros_ws_test/install/nav_2d_msgs/lib/python2.7/dist-packages:${PYTHONPATH} ROS_PACKAGE_PATH=/home/handsome/ros_ws_test/install/nav_core2/share:/home/handsome/ros_ws_test/install/nav_grid/share:/home/handsome/ros_ws_test/install/nav_2d_msgs/share:${ROS_PACKAGE_PATH} /usr/bin/cmake --build /home/handsome/ros_ws_test/build/nav_2d_utils --target tests -- -j12 -l12
[36.149s] [35m[1mScanning dependencies of target gtest[0m
[36.241s] [  7%] [32mBuilding CXX object gtest/googlemock/gtest/CMakeFiles/gtest.dir/src/gtest-all.cc.o[0m
[40.842s] [ 15%] [32m[1mLinking CXX shared library libgtest.so[0m
[41.204s] [ 15%] Built target gtest
[41.298s] [ 15%] Built target tf2_msgs_generate_messages_cpp
[41.402s] [ 15%] Built target roscpp_generate_messages_lisp
[41.541s] [ 15%] Built target nav_2d_msgs_generate_messages_nodejs
[41.657s] [ 15%] Built target nav_2d_msgs_generate_messages_cpp
[41.751s] [ 15%] Built target std_msgs_generate_messages_cpp
[41.851s] [ 15%] Built target actionlib_msgs_generate_messages_nodejs
[41.969s] [ 15%] Built target roscpp_generate_messages_py
[42.051s] [ 15%] Built target std_msgs_generate_messages_eus
[42.172s] [ 15%] Built target geometry_msgs_generate_messages_nodejs
[42.286s] [ 15%] Built target geometry_msgs_generate_messages_py
[42.392s] [ 15%] Built target roscpp_generate_messages_nodejs
[42.530s] [ 15%] Built target std_msgs_generate_messages_lisp
[42.636s] [ 15%] Built target std_msgs_generate_messages_nodejs
[42.702s] [ 15%] Built target nav_msgs_generate_messages_nodejs
[42.769s] [ 15%] Built target std_msgs_generate_messages_py
[42.847s] [ 15%] Built target nav_2d_msgs_generate_messages_py
[42.920s] [ 15%] Built target rosgraph_msgs_generate_messages_eus
[42.990s] [ 15%] Built target rosgraph_msgs_generate_messages_lisp
[43.057s] [ 15%] Built target rosgraph_msgs_generate_messages_nodejs
[43.134s] [ 15%] Built target roscpp_generate_messages_eus
[43.215s] [ 15%] Built target actionlib_msgs_generate_messages_eus
[43.291s] [ 15%] Built target rosgraph_msgs_generate_messages_py
[43.372s] [ 15%] Built target actionlib_generate_messages_py
[43.436s] [ 15%] Built target tf2_msgs_generate_messages_py
[43.500s] [ 15%] Built target tf2_msgs_generate_messages_nodejs
[43.593s] [ 15%] Built target nav_2d_msgs_generate_messages_lisp
[43.675s] [ 15%] Built target sensor_msgs_generate_messages_lisp
[43.756s] [ 15%] Built target nav_msgs_generate_messages_cpp
[43.839s] [ 15%] Built target tf2_msgs_generate_messages_eus
[43.927s] [ 15%] Built target nav_msgs_generate_messages_eus
[43.999s] [ 15%] Built target nav_msgs_generate_messages_lisp
[44.063s] [ 15%] Built target actionlib_generate_messages_nodejs
[44.124s] [ 15%] Built target tf_generate_messages_cpp
[44.205s] [ 15%] Built target tf_generate_messages_lisp
[44.269s] [ 15%] Built target tf_generate_messages_nodejs
[44.338s] [ 15%] Built target tf_generate_messages_py
[44.399s] [ 15%] Built target sensor_msgs_generate_messages_py
[44.476s] [ 15%] Built target sensor_msgs_generate_messages_cpp
[44.559s] [ 15%] Built target sensor_msgs_generate_messages_eus
[44.647s] [ 15%] Built target actionlib_msgs_generate_messages_cpp
[44.718s] [ 15%] Built target tf_generate_messages_eus
[44.796s] [ 15%] Built target nav_2d_msgs_generate_messages_eus
[44.862s] [ 15%] Built target actionlib_generate_messages_lisp
[44.963s] [ 15%] Built target geometry_msgs_generate_messages_cpp
[45.044s] [ 15%] Built target tf2_msgs_generate_messages_lisp
[45.122s] [ 38%] Built target polygons
[45.195s] [ 38%] Built target geometry_msgs_generate_messages_lisp
[45.248s] [35m[1mScanning dependencies of target polygon_tests[0m
[45.325s] [ 46%] [32mBuilding CXX object CMakeFiles/polygon_tests.dir/test/polygon_tests.cpp.o[0m
[48.512s] [ 53%] [32m[1mLinking CXX executable devel/lib/nav_2d_utils/polygon_tests[0m
[48.979s] [ 53%] Built target polygon_tests
[49.026s] [35m[1mScanning dependencies of target param_tests[0m
[49.098s] [ 61%] [32mBuilding CXX object CMakeFiles/param_tests.dir/test/param_tests.cpp.o[0m
[52.330s] [ 69%] [32m[1mLinking CXX executable devel/lib/nav_2d_utils/param_tests[0m
[52.792s] [ 69%] Built target param_tests
[52.874s] [ 69%] Built target sensor_msgs_generate_messages_nodejs
[52.951s] [ 69%] Built target roscpp_generate_messages_cpp
[53.036s] [ 69%] Built target actionlib_generate_messages_cpp
[53.111s] [ 69%] Built target actionlib_generate_messages_eus
[53.189s] [ 69%] Built target actionlib_msgs_generate_messages_lisp
[53.275s] [ 69%] Built target actionlib_msgs_generate_messages_py
[53.368s] [ 69%] Built target geometry_msgs_generate_messages_eus
[53.484s] [ 69%] Built target rosgraph_msgs_generate_messages_cpp
[53.599s] [ 69%] Built target nav_msgs_generate_messages_py
[53.712s] [ 84%] Built target path_ops
[53.743s] [35m[1mScanning dependencies of target compress_test[0m
[53.799s] [ 92%] [32mBuilding CXX object CMakeFiles/compress_test.dir/test/compress_test.cpp.o[0m
[55.504s] [100%] [32m[1mLinking CXX executable devel/lib/nav_2d_utils/compress_test[0m
[55.819s] [100%] Built target compress_test
[55.848s] [35m[1mScanning dependencies of target tests[0m
[55.879s] [100%] Built target tests
[55.910s] Invoked command in '/home/handsome/ros_ws_test/build/nav_2d_utils' returned '0': CMAKE_PREFIX_PATH=/home/handsome/ros_ws_test/install/nav_core2:/home/handsome/ros_ws_test/install/nav_grid:/home/handsome/ros_ws_test/install/nav_2d_msgs:${CMAKE_PREFIX_PATH} LD_LIBRARY_PATH=/home/handsome/ros_ws_test/install/nav_core2/lib:/home/handsome/ros_ws/install/yocs_cmd_vel_mux/lib:/home/handsome/ros_ws/install/tuw_multi_robot_router/lib:/home/handsome/ros_ws/install/tuw_voronoi_graph/lib:/home/handsome/ros_ws/install/tuw_vehicle_msgs/lib:/home/handsome/ros_ws/install/tuw_nav_rviz/lib:/home/handsome/ros_ws/install/tuw_multi_robot_local_behavior_controller/lib:/home/handsome/ros_ws/install/tuw_multi_robot_ctrl/lib:/home/handsome/ros_ws/install/tuw_nav_msgs/lib:/home/handsome/ros_ws/install/tuw_multi_robot_rviz/lib:/home/handsome/ros_ws/install/tuw_geometry_rviz/lib:/home/handsome/ros_ws/install/tuw_geometry_msgs/lib:/home/handsome/ros_ws/install/tuw_geometry/lib:/home/handsome/ros_ws/install/tuw_control/lib:/home/handsome/ros_ws/install/teb2_local_planner/lib:/home/handsome/ros_ws/install/spatio_temporal_voxel_layer/lib:/home/handsome/ros_ws/install/robot_database_bridge/lib:/home/handsome/ros_ws/install/ros_utility_tools/lib:/home/handsome/ros_ws/install/robot_localization/lib:/home/handsome/ros_ws/install/pnp_ros/lib:/home/handsome/ros_ws/install/omron_os32c_driver/lib:/home/handsome/ros_ws/install/dlux_plugins/lib:/home/handsome/ros_ws/install/dlux_global_planner/lib:/home/handsome/ros_ws/install/nav_grid_pub_sub/lib:/home/handsome/ros_ws/install/dwb_critics/lib:/home/handsome/ros_ws/install/nav_grid_iterators/lib:/home/handsome/ros_ws/install/locomotor/lib:/home/handsome/ros_ws/install/nav_core_adapter/lib:/home/handsome/ros_ws/install/dwb_plugins/lib:/home/handsome/ros_ws/install/dwb_local_planner/lib:/home/handsome/ros_ws/install/nav_2d_utils/lib:/home/handsome/ros_ws/install/global_planner_tests/lib:/home/handsome/ros_ws/install/costmap_queue/lib:/home/handsome/ros_ws/install/nav_core2/lib:/home/handsome/ros_ws/install/mongodb_store/lib:/home/handsome/ros_ws/install/libcreate/lib:/opt/ros/melodic/lib:/usr/local/lib PKG_CONFIG_PATH=/home/handsome/ros_ws_test/install/nav_core2/lib/x86_64-linux-gnu/pkgconfig:/home/handsome/ros_ws_test/install/nav_core2/lib/pkgconfig:/home/handsome/ros_ws_test/install/nav_grid/lib/x86_64-linux-gnu/pkgconfig:/home/handsome/ros_ws_test/install/nav_grid/lib/pkgconfig:/home/handsome/ros_ws_test/install/nav_2d_msgs/lib/x86_64-linux-gnu/pkgconfig:/home/handsome/ros_ws_test/install/nav_2d_msgs/lib/pkgconfig:${PKG_CONFIG_PATH} PYTHONPATH=/home/handsome/ros_ws_test/install/nav_2d_msgs/lib/python2.7/dist-packages:${PYTHONPATH} ROS_PACKAGE_PATH=/home/handsome/ros_ws_test/install/nav_core2/share:/home/handsome/ros_ws_test/install/nav_grid/share:/home/handsome/ros_ws_test/install/nav_2d_msgs/share:${ROS_PACKAGE_PATH} /usr/bin/cmake --build /home/handsome/ros_ws_test/build/nav_2d_utils --target tests -- -j12 -l12
[56.446s] Invoking command in '/home/handsome/ros_ws_test/build/nav_2d_utils': CMAKE_PREFIX_PATH=/home/handsome/ros_ws_test/install/nav_core2:/home/handsome/ros_ws_test/install/nav_grid:/home/handsome/ros_ws_test/install/nav_2d_msgs:${CMAKE_PREFIX_PATH} LD_LIBRARY_PATH=/home/handsome/ros_ws_test/install/nav_core2/lib:/home/handsome/ros_ws/install/yocs_cmd_vel_mux/lib:/home/handsome/ros_ws/install/tuw_multi_robot_router/lib:/home/handsome/ros_ws/install/tuw_voronoi_graph/lib:/home/handsome/ros_ws/install/tuw_vehicle_msgs/lib:/home/handsome/ros_ws/install/tuw_nav_rviz/lib:/home/handsome/ros_ws/install/tuw_multi_robot_local_behavior_controller/lib:/home/handsome/ros_ws/install/tuw_multi_robot_ctrl/lib:/home/handsome/ros_ws/install/tuw_nav_msgs/lib:/home/handsome/ros_ws/install/tuw_multi_robot_rviz/lib:/home/handsome/ros_ws/install/tuw_geometry_rviz/lib:/home/handsome/ros_ws/install/tuw_geometry_msgs/lib:/home/handsome/ros_ws/install/tuw_geometry/lib:/home/handsome/ros_ws/install/tuw_control/lib:/home/handsome/ros_ws/install/teb2_local_planner/lib:/home/handsome/ros_ws/install/spatio_temporal_voxel_layer/lib:/home/handsome/ros_ws/install/robot_database_bridge/lib:/home/handsome/ros_ws/install/ros_utility_tools/lib:/home/handsome/ros_ws/install/robot_localization/lib:/home/handsome/ros_ws/install/pnp_ros/lib:/home/handsome/ros_ws/install/omron_os32c_driver/lib:/home/handsome/ros_ws/install/dlux_plugins/lib:/home/handsome/ros_ws/install/dlux_global_planner/lib:/home/handsome/ros_ws/install/nav_grid_pub_sub/lib:/home/handsome/ros_ws/install/dwb_critics/lib:/home/handsome/ros_ws/install/nav_grid_iterators/lib:/home/handsome/ros_ws/install/locomotor/lib:/home/handsome/ros_ws/install/nav_core_adapter/lib:/home/handsome/ros_ws/install/dwb_plugins/lib:/home/handsome/ros_ws/install/dwb_local_planner/lib:/home/handsome/ros_ws/install/nav_2d_utils/lib:/home/handsome/ros_ws/install/global_planner_tests/lib:/home/handsome/ros_ws/install/costmap_queue/lib:/home/handsome/ros_ws/install/nav_core2/lib:/home/handsome/ros_ws/install/mongodb_store/lib:/home/handsome/ros_ws/install/libcreate/lib:/opt/ros/melodic/lib:/usr/local/lib PKG_CONFIG_PATH=/home/handsome/ros_ws_test/install/nav_core2/lib/x86_64-linux-gnu/pkgconfig:/home/handsome/ros_ws_test/install/nav_core2/lib/pkgconfig:/home/handsome/ros_ws_test/install/nav_grid/lib/x86_64-linux-gnu/pkgconfig:/home/handsome/ros_ws_test/install/nav_grid/lib/pkgconfig:/home/handsome/ros_ws_test/install/nav_2d_msgs/lib/x86_64-linux-gnu/pkgconfig:/home/handsome/ros_ws_test/install/nav_2d_msgs/lib/pkgconfig:${PKG_CONFIG_PATH} PYTHONPATH=/home/handsome/ros_ws_test/install/nav_2d_msgs/lib/python2.7/dist-packages:${PYTHONPATH} ROS_PACKAGE_PATH=/home/handsome/ros_ws_test/install/nav_core2/share:/home/handsome/ros_ws_test/install/nav_grid/share:/home/handsome/ros_ws_test/install/nav_2d_msgs/share:${ROS_PACKAGE_PATH} /usr/bin/cmake --build /home/handsome/ros_ws_test/build/nav_2d_utils --target install -- -j12 -l12
[56.605s] [ 42%] Built target polygons
[56.668s] [ 42%] Built target tf2_msgs_generate_messages_cpp
[56.729s] [ 42%] Built target roscpp_generate_messages_lisp
[56.790s] [ 42%] Built target nav_2d_msgs_generate_messages_nodejs
[56.863s] [ 42%] Built target nav_2d_msgs_generate_messages_cpp
[56.928s] [ 42%] Built target std_msgs_generate_messages_cpp
[56.986s] [ 42%] Built target actionlib_msgs_generate_messages_nodejs
[57.050s] [ 42%] Built target roscpp_generate_messages_py
[57.113s] [ 42%] Built target std_msgs_generate_messages_eus
[57.182s] [ 42%] Built target geometry_msgs_generate_messages_nodejs
[57.251s] [ 42%] Built target geometry_msgs_generate_messages_py
[57.321s] [ 42%] Built target roscpp_generate_messages_nodejs
[57.390s] [ 42%] Built target std_msgs_generate_messages_lisp
[57.457s] [ 42%] Built target std_msgs_generate_messages_nodejs
[57.518s] [ 42%] Built target nav_msgs_generate_messages_nodejs
[57.582s] [ 42%] Built target std_msgs_generate_messages_py
[57.652s] [ 42%] Built target nav_2d_msgs_generate_messages_py
[57.711s] [ 42%] Built target rosgraph_msgs_generate_messages_eus
[57.768s] [ 42%] Built target rosgraph_msgs_generate_messages_lisp
[57.826s] [ 42%] Built target rosgraph_msgs_generate_messages_nodejs
[57.883s] [ 42%] Built target roscpp_generate_messages_eus
[57.937s] [ 42%] Built target actionlib_msgs_generate_messages_eus
[57.992s] [ 42%] Built target rosgraph_msgs_generate_messages_py
[58.048s] [ 42%] Built target actionlib_generate_messages_py
[58.102s] [ 42%] Built target tf2_msgs_generate_messages_py
[58.159s] [ 42%] Built target tf2_msgs_generate_messages_nodejs
[58.217s] [ 42%] Built target nav_2d_msgs_generate_messages_lisp
[58.274s] [ 42%] Built target sensor_msgs_generate_messages_lisp
[58.329s] [ 42%] Built target nav_msgs_generate_messages_cpp
[58.388s] [ 42%] Built target tf2_msgs_generate_messages_eus
[58.451s] [ 42%] Built target nav_msgs_generate_messages_eus
[58.507s] [ 42%] Built target nav_msgs_generate_messages_lisp
[58.567s] [ 42%] Built target actionlib_generate_messages_nodejs
[58.624s] [ 42%] Built target tf_generate_messages_cpp
[58.687s] [ 42%] Built target tf_generate_messages_lisp
[58.749s] [ 42%] Built target tf_generate_messages_nodejs
[58.810s] [ 42%] Built target tf_generate_messages_py
[58.879s] [ 42%] Built target sensor_msgs_generate_messages_py
[58.956s] [ 42%] Built target sensor_msgs_generate_messages_cpp
[59.023s] [ 42%] Built target sensor_msgs_generate_messages_eus
[59.088s] [ 42%] Built target actionlib_msgs_generate_messages_cpp
[59.151s] [ 42%] Built target tf_generate_messages_eus
[59.218s] [ 42%] Built target nav_2d_msgs_generate_messages_eus
[59.284s] [ 42%] Built target actionlib_generate_messages_lisp
[59.354s] [ 42%] Built target geometry_msgs_generate_messages_cpp
[59.412s] [ 42%] Built target tf2_msgs_generate_messages_lisp
[59.474s] [ 42%] Built target geometry_msgs_generate_messages_lisp
[59.538s] [ 42%] Built target sensor_msgs_generate_messages_nodejs
[59.597s] [ 42%] Built target roscpp_generate_messages_cpp
[59.660s] [ 42%] Built target actionlib_generate_messages_cpp
[59.720s] [ 42%] Built target actionlib_generate_messages_eus
[59.782s] [ 42%] Built target actionlib_msgs_generate_messages_lisp
[59.845s] [ 42%] Built target actionlib_msgs_generate_messages_py
[59.904s] [ 42%] Built target geometry_msgs_generate_messages_eus
[59.967s] [ 42%] Built target rosgraph_msgs_generate_messages_cpp
[60.021s] [ 42%] Built target nav_msgs_generate_messages_py
[60.096s] [ 71%] Built target conversions
[60.172s] [100%] Built target path_ops
[60.240s] [36mInstall the project...[0m
[60.265s] -- Install configuration: ""
[60.266s] -- Installing: /home/handsome/ros_ws_test/install/nav_2d_utils/lib/pkgconfig/nav_2d_utils.pc
[60.267s] -- Installing: /home/handsome/ros_ws_test/install/nav_2d_utils/share/nav_2d_utils/cmake/nav_2d_utilsConfig.cmake
[60.268s] -- Installing: /home/handsome/ros_ws_test/install/nav_2d_utils/share/nav_2d_utils/cmake/nav_2d_utilsConfig-version.cmake
[60.269s] -- Installing: /home/handsome/ros_ws_test/install/nav_2d_utils/share/nav_2d_utils/package.xml
[60.269s] -- Installing: /home/handsome/ros_ws_test/install/nav_2d_utils/lib/libconversions.so
[60.270s] -- Set runtime path of "/home/handsome/ros_ws_test/install/nav_2d_utils/lib/libconversions.so" to ""
[60.271s] -- Installing: /home/handsome/ros_ws_test/install/nav_2d_utils/lib/libpath_ops.so
[60.272s] -- Set runtime path of "/home/handsome/ros_ws_test/install/nav_2d_utils/lib/libpath_ops.so" to ""
[60.273s] -- Installing: /home/handsome/ros_ws_test/install/nav_2d_utils/lib/libpolygons.so
[60.274s] -- Set runtime path of "/home/handsome/ros_ws_test/install/nav_2d_utils/lib/libpolygons.so" to ""
[60.274s] -- Installing: /home/handsome/ros_ws_test/install/nav_2d_utils/include/nav_2d_utils
[60.275s] -- Installing: /home/handsome/ros_ws_test/install/nav_2d_utils/include/nav_2d_utils/polygons.h
[60.275s] -- Installing: /home/handsome/ros_ws_test/install/nav_2d_utils/include/nav_2d_utils/footprint.h
[60.276s] -- Installing: /home/handsome/ros_ws_test/install/nav_2d_utils/include/nav_2d_utils/parameters.h
[60.276s] -- Installing: /home/handsome/ros_ws_test/install/nav_2d_utils/include/nav_2d_utils/odom_subscriber.h
[60.276s] -- Installing: /home/handsome/ros_ws_test/install/nav_2d_utils/include/nav_2d_utils/geometry_help.h
[60.277s] -- Installing: /home/handsome/ros_ws_test/install/nav_2d_utils/include/nav_2d_utils/conversions.h
[60.277s] -- Installing: /home/handsome/ros_ws_test/install/nav_2d_utils/include/nav_2d_utils/tf_help.h
[60.278s] -- Installing: /home/handsome/ros_ws_test/install/nav_2d_utils/include/nav_2d_utils/path_ops.h
[60.278s] -- Installing: /home/handsome/ros_ws_test/install/nav_2d_utils/include/nav_2d_utils/plugin_mux.h
[60.288s] Invoked command in '/home/handsome/ros_ws_test/build/nav_2d_utils' returned '0': CMAKE_PREFIX_PATH=/home/handsome/ros_ws_test/install/nav_core2:/home/handsome/ros_ws_test/install/nav_grid:/home/handsome/ros_ws_test/install/nav_2d_msgs:${CMAKE_PREFIX_PATH} LD_LIBRARY_PATH=/home/handsome/ros_ws_test/install/nav_core2/lib:/home/handsome/ros_ws/install/yocs_cmd_vel_mux/lib:/home/handsome/ros_ws/install/tuw_multi_robot_router/lib:/home/handsome/ros_ws/install/tuw_voronoi_graph/lib:/home/handsome/ros_ws/install/tuw_vehicle_msgs/lib:/home/handsome/ros_ws/install/tuw_nav_rviz/lib:/home/handsome/ros_ws/install/tuw_multi_robot_local_behavior_controller/lib:/home/handsome/ros_ws/install/tuw_multi_robot_ctrl/lib:/home/handsome/ros_ws/install/tuw_nav_msgs/lib:/home/handsome/ros_ws/install/tuw_multi_robot_rviz/lib:/home/handsome/ros_ws/install/tuw_geometry_rviz/lib:/home/handsome/ros_ws/install/tuw_geometry_msgs/lib:/home/handsome/ros_ws/install/tuw_geometry/lib:/home/handsome/ros_ws/install/tuw_control/lib:/home/handsome/ros_ws/install/teb2_local_planner/lib:/home/handsome/ros_ws/install/spatio_temporal_voxel_layer/lib:/home/handsome/ros_ws/install/robot_database_bridge/lib:/home/handsome/ros_ws/install/ros_utility_tools/lib:/home/handsome/ros_ws/install/robot_localization/lib:/home/handsome/ros_ws/install/pnp_ros/lib:/home/handsome/ros_ws/install/omron_os32c_driver/lib:/home/handsome/ros_ws/install/dlux_plugins/lib:/home/handsome/ros_ws/install/dlux_global_planner/lib:/home/handsome/ros_ws/install/nav_grid_pub_sub/lib:/home/handsome/ros_ws/install/dwb_critics/lib:/home/handsome/ros_ws/install/nav_grid_iterators/lib:/home/handsome/ros_ws/install/locomotor/lib:/home/handsome/ros_ws/install/nav_core_adapter/lib:/home/handsome/ros_ws/install/dwb_plugins/lib:/home/handsome/ros_ws/install/dwb_local_planner/lib:/home/handsome/ros_ws/install/nav_2d_utils/lib:/home/handsome/ros_ws/install/global_planner_tests/lib:/home/handsome/ros_ws/install/costmap_queue/lib:/home/handsome/ros_ws/install/nav_core2/lib:/home/handsome/ros_ws/install/mongodb_store/lib:/home/handsome/ros_ws/install/libcreate/lib:/opt/ros/melodic/lib:/usr/local/lib PKG_CONFIG_PATH=/home/handsome/ros_ws_test/install/nav_core2/lib/x86_64-linux-gnu/pkgconfig:/home/handsome/ros_ws_test/install/nav_core2/lib/pkgconfig:/home/handsome/ros_ws_test/install/nav_grid/lib/x86_64-linux-gnu/pkgconfig:/home/handsome/ros_ws_test/install/nav_grid/lib/pkgconfig:/home/handsome/ros_ws_test/install/nav_2d_msgs/lib/x86_64-linux-gnu/pkgconfig:/home/handsome/ros_ws_test/install/nav_2d_msgs/lib/pkgconfig:${PKG_CONFIG_PATH} PYTHONPATH=/home/handsome/ros_ws_test/install/nav_2d_msgs/lib/python2.7/dist-packages:${PYTHONPATH} ROS_PACKAGE_PATH=/home/handsome/ros_ws_test/install/nav_core2/share:/home/handsome/ros_ws_test/install/nav_grid/share:/home/handsome/ros_ws_test/install/nav_2d_msgs/share:${ROS_PACKAGE_PATH} /usr/bin/cmake --build /home/handsome/ros_ws_test/build/nav_2d_utils --target install -- -j12 -l12
