[0.110s] Invoking command in '/home/handsome/ros_ws_test/build/botcmd_msgs': /usr/bin/cmake --build /home/handsome/ros_ws_test/build/botcmd_msgs -- -j12 -l12
[0.620s] [  0%] Built target std_msgs_generate_messages_py
[0.908s] [  0%] Built target _botcmd_msgs_generate_messages_check_deps_bot_battery_info_cmd
[0.911s] [  0%] Built target _botcmd_msgs_generate_messages_check_deps_bot_mqtt_rawdata
[0.927s] [  0%] Built target _botcmd_msgs_generate_messages_check_deps_bot_getenabledi_cmd
[1.009s] [  0%] Built target _botcmd_msgs_generate_messages_check_deps_bot_ultrasonic_cmd
[1.132s] [  0%] Built target _botcmd_msgs_generate_messages_check_deps_actBotCmdAction
[1.176s] [  0%] Built target _botcmd_msgs_generate_messages_check_deps_bot_mqtt_cmd
[1.207s] [  0%] Built target _botcmd_msgs_generate_messages_check_deps_actBotCmdActionGoal
[1.237s] [  0%] Built target _botcmd_msgs_generate_messages_check_deps_bot_ultrasonic
[1.258s] [  0%] Built target _botcmd_msgs_generate_messages_check_deps_bot_transbattery
[1.278s] [  0%] Built target _botcmd_msgs_generate_messages_check_deps_bot_pubstatus
[1.288s] [  0%] Built target _botcmd_msgs_generate_messages_check_deps_bot_device_cmd
[1.357s] [  0%] Built target actionlib_msgs_generate_messages_py
[1.778s] [  0%] Built target geometry_msgs_generate_messages_py
[1.788s] [  0%] Built target _botcmd_msgs_generate_messages_check_deps_bot_do_cmd
[1.791s] [  0%] Built target _botcmd_msgs_generate_messages_check_deps_bot_di_cmd
[1.875s] [  0%] Built target _botcmd_msgs_generate_messages_check_deps_bot_battery
[1.932s] [  0%] Built target _botcmd_msgs_generate_messages_check_deps_actBotCmdFeedback
[1.959s] [  0%] Built target _botcmd_msgs_generate_messages_check_deps_actBotCmdActionResult
[1.966s] [  0%] Built target _botcmd_msgs_generate_messages_check_deps_bot_devicestatus
[1.992s] [  0%] Built target _botcmd_msgs_generate_messages_check_deps_bot_transferdata
[2.021s] [  0%] Built target _botcmd_msgs_generate_messages_check_deps_bot_status_cmd
[2.099s] [  0%] Built target _botcmd_msgs_generate_messages_check_deps_bot_Infodata_cmd
[2.100s] [  0%] Built target _botcmd_msgs_generate_messages_check_deps_bot_battery_info
[2.163s] [  0%] Built target _botcmd_msgs_generate_messages_check_deps_bot_transfer_cmd
[2.229s] [  0%] Built target std_msgs_generate_messages_nodejs
[2.241s] [  0%] Built target std_srvs_generate_messages_py
[2.255s] [  0%] Built target geometry_msgs_generate_messages_nodejs
[2.290s] [  0%] Built target actionlib_msgs_generate_messages_nodejs
[2.291s] [  0%] Built target _botcmd_msgs_generate_messages_check_deps_bot_battery_cmd
[2.316s] [  0%] Built target _botcmd_msgs_generate_messages_check_deps_actBotCmdGoal
[2.350s] [  0%] Built target std_msgs_generate_messages_eus
[2.375s] [  0%] Built target std_srvs_generate_messages_nodejs
[2.416s] [  0%] Built target _botcmd_msgs_generate_messages_check_deps_bot_Infodata
[2.420s] [  0%] Built target _botcmd_msgs_generate_messages_check_deps_actBotCmdActionFeedback
[2.446s] [  0%] Built target std_srvs_generate_messages_eus
[2.449s] [  0%] Built target geometry_msgs_generate_messages_eus
[2.453s] [  0%] Built target _botcmd_msgs_generate_messages_check_deps_actBotCmdResult
[2.454s] [  0%] Built target actionlib_msgs_generate_messages_eus
[2.503s] [  0%] Built target std_srvs_generate_messages_cpp
[2.547s] [  0%] Built target actionlib_msgs_generate_messages_cpp
[2.578s] [  0%] Built target geometry_msgs_generate_messages_cpp
[2.578s] [  0%] Built target std_msgs_generate_messages_cpp
[2.593s] [  0%] Built target std_srvs_generate_messages_lisp
[2.611s] [  0%] Built target geometry_msgs_generate_messages_lisp
[2.614s] [  0%] Built target std_msgs_generate_messages_lisp
[2.629s] [ 20%] Built target botcmd_msgs_generate_messages_py
[2.635s] [ 20%] Built target actionlib_msgs_generate_messages_lisp
[2.640s] [ 40%] Built target botcmd_msgs_generate_messages_eus
[2.663s] [ 59%] Built target botcmd_msgs_generate_messages_nodejs
[2.686s] [ 79%] Built target botcmd_msgs_generate_messages_cpp
[2.724s] [100%] Built target botcmd_msgs_generate_messages_lisp
[2.795s] [100%] Built target botcmd_msgs_generate_messages
[2.826s] Invoked command in '/home/handsome/ros_ws_test/build/botcmd_msgs' returned '0': /usr/bin/cmake --build /home/handsome/ros_ws_test/build/botcmd_msgs -- -j12 -l12
[3.106s] Invoking command in '/home/handsome/ros_ws_test/build/botcmd_msgs': /usr/bin/cmake --build /home/handsome/ros_ws_test/build/botcmd_msgs --target tests -- -j12 -l12
[3.368s] Built target tests
[3.434s] Invoked command in '/home/handsome/ros_ws_test/build/botcmd_msgs' returned '0': /usr/bin/cmake --build /home/handsome/ros_ws_test/build/botcmd_msgs --target tests -- -j12 -l12
[5.223s] Invoking command in '/home/handsome/ros_ws_test/build/botcmd_msgs': /usr/bin/cmake --build /home/handsome/ros_ws_test/build/botcmd_msgs --target install -- -j12 -l12
[5.874s] [  0%] Built target _botcmd_msgs_generate_messages_check_deps_bot_device_cmd
[5.888s] [  0%] Built target std_msgs_generate_messages_py
[5.942s] [  0%] Built target _botcmd_msgs_generate_messages_check_deps_bot_getenabledi_cmd
[5.961s] [  0%] Built target _botcmd_msgs_generate_messages_check_deps_bot_battery_info_cmd
[5.996s] [  0%] Built target _botcmd_msgs_generate_messages_check_deps_bot_mqtt_cmd
[6.002s] [  0%] Built target _botcmd_msgs_generate_messages_check_deps_bot_ultrasonic_cmd
[6.017s] [  0%] Built target _botcmd_msgs_generate_messages_check_deps_actBotCmdAction
[6.063s] [  0%] Built target _botcmd_msgs_generate_messages_check_deps_actBotCmdActionGoal
[6.095s] [  0%] Built target _botcmd_msgs_generate_messages_check_deps_bot_pubstatus
[6.116s] [  0%] Built target _botcmd_msgs_generate_messages_check_deps_bot_transbattery
[6.119s] [  0%] Built target _botcmd_msgs_generate_messages_check_deps_bot_ultrasonic
[6.157s] [  0%] Built target _botcmd_msgs_generate_messages_check_deps_bot_mqtt_rawdata
[6.159s] [  0%] Built target actionlib_msgs_generate_messages_py
[6.303s] [  0%] Built target _botcmd_msgs_generate_messages_check_deps_bot_transferdata
[6.334s] [  0%] Built target geometry_msgs_generate_messages_py
[6.415s] [  0%] Built target _botcmd_msgs_generate_messages_check_deps_bot_di_cmd
[6.439s] [  0%] Built target _botcmd_msgs_generate_messages_check_deps_actBotCmdActionResult
[6.521s] [  0%] Built target _botcmd_msgs_generate_messages_check_deps_bot_devicestatus
[6.569s] [  0%] Built target _botcmd_msgs_generate_messages_check_deps_bot_battery_info
[6.569s] [  0%] Built target _botcmd_msgs_generate_messages_check_deps_bot_do_cmd
[6.569s] [  0%] Built target _botcmd_msgs_generate_messages_check_deps_bot_battery
[6.571s] [  0%] Built target std_srvs_generate_messages_py
[6.588s] [  0%] Built target _botcmd_msgs_generate_messages_check_deps_bot_status_cmd
[6.594s] [  0%] Built target _botcmd_msgs_generate_messages_check_deps_actBotCmdFeedback
[6.682s] [  0%] Built target _botcmd_msgs_generate_messages_check_deps_bot_transfer_cmd
[6.764s] [  0%] Built target _botcmd_msgs_generate_messages_check_deps_bot_Infodata_cmd
[6.766s] [  0%] Built target geometry_msgs_generate_messages_nodejs
[6.811s] [  0%] Built target actionlib_msgs_generate_messages_nodejs
[6.846s] [  0%] Built target std_srvs_generate_messages_nodejs
[6.847s] [  0%] Built target std_msgs_generate_messages_eus
[6.861s] [  0%] Built target std_msgs_generate_messages_nodejs
[6.932s] [  0%] Built target _botcmd_msgs_generate_messages_check_deps_bot_battery_cmd
[6.954s] [  0%] Built target _botcmd_msgs_generate_messages_check_deps_actBotCmdGoal
[7.020s] [  0%] Built target std_srvs_generate_messages_eus
[7.031s] [  0%] Built target geometry_msgs_generate_messages_eus
[7.031s] [  0%] Built target _botcmd_msgs_generate_messages_check_deps_bot_Infodata
[7.055s] [  0%] Built target _botcmd_msgs_generate_messages_check_deps_actBotCmdActionFeedback
[7.055s] [  0%] Built target actionlib_msgs_generate_messages_eus
[7.059s] [  0%] Built target std_msgs_generate_messages_cpp
[7.090s] [  0%] Built target actionlib_msgs_generate_messages_cpp
[7.112s] [  0%] Built target std_srvs_generate_messages_cpp
[7.112s] [  0%] Built target std_srvs_generate_messages_lisp
[7.143s] [  0%] Built target geometry_msgs_generate_messages_cpp
[7.163s] [  0%] Built target _botcmd_msgs_generate_messages_check_deps_actBotCmdResult
[7.191s] [  0%] Built target actionlib_msgs_generate_messages_lisp
[7.192s] [  0%] Built target std_msgs_generate_messages_lisp
[7.240s] [  0%] Built target geometry_msgs_generate_messages_lisp
[7.333s] [ 19%] Built target botcmd_msgs_generate_messages_eus
[7.364s] [ 39%] Built target botcmd_msgs_generate_messages_cpp
[7.374s] [ 58%] Built target botcmd_msgs_generate_messages_nodejs
[7.383s] [ 79%] Built target botcmd_msgs_generate_messages_lisp
[7.416s] [100%] Built target botcmd_msgs_generate_messages_py
[7.588s] [100%] Built target botcmd_msgs_generate_messages
[7.714s] [36mInstall the project...[0m
[7.759s] -- Install configuration: ""
[7.759s] -- Up-to-date: /home/handsome/ros_ws_test/install/botcmd_msgs/share/botcmd_msgs/msg/bot_ultrasonic.msg
[7.760s] -- Up-to-date: /home/handsome/ros_ws_test/install/botcmd_msgs/share/botcmd_msgs/msg/bot_pubstatus.msg
[7.760s] -- Up-to-date: /home/handsome/ros_ws_test/install/botcmd_msgs/share/botcmd_msgs/msg/bot_battery.msg
[7.760s] -- Up-to-date: /home/handsome/ros_ws_test/install/botcmd_msgs/share/botcmd_msgs/msg/bot_mqtt_cmd.msg
[7.760s] -- Up-to-date: /home/handsome/ros_ws_test/install/botcmd_msgs/share/botcmd_msgs/msg/bot_mqtt_rawdata.msg
[7.760s] -- Up-to-date: /home/handsome/ros_ws_test/install/botcmd_msgs/share/botcmd_msgs/msg/bot_devicestatus.msg
[7.760s] -- Up-to-date: /home/handsome/ros_ws_test/install/botcmd_msgs/share/botcmd_msgs/msg/bot_Infodata.msg
[7.760s] -- Up-to-date: /home/handsome/ros_ws_test/install/botcmd_msgs/share/botcmd_msgs/msg/bot_transferdata.msg
[7.761s] -- Up-to-date: /home/handsome/ros_ws_test/install/botcmd_msgs/share/botcmd_msgs/msg/bot_transbattery.msg
[7.761s] -- Up-to-date: /home/handsome/ros_ws_test/install/botcmd_msgs/share/botcmd_msgs/msg/bot_battery_info.msg
[7.762s] -- Up-to-date: /home/handsome/ros_ws_test/install/botcmd_msgs/share/botcmd_msgs/srv/bot_device_cmd.srv
[7.762s] -- Up-to-date: /home/handsome/ros_ws_test/install/botcmd_msgs/share/botcmd_msgs/srv/bot_status_cmd.srv
[7.762s] -- Up-to-date: /home/handsome/ros_ws_test/install/botcmd_msgs/share/botcmd_msgs/srv/bot_di_cmd.srv
[7.762s] -- Up-to-date: /home/handsome/ros_ws_test/install/botcmd_msgs/share/botcmd_msgs/srv/bot_do_cmd.srv
[7.762s] -- Up-to-date: /home/handsome/ros_ws_test/install/botcmd_msgs/share/botcmd_msgs/srv/bot_battery_cmd.srv
[7.762s] -- Up-to-date: /home/handsome/ros_ws_test/install/botcmd_msgs/share/botcmd_msgs/srv/bot_ultrasonic_cmd.srv
[7.762s] -- Up-to-date: /home/handsome/ros_ws_test/install/botcmd_msgs/share/botcmd_msgs/srv/bot_Infodata_cmd.srv
[7.762s] -- Up-to-date: /home/handsome/ros_ws_test/install/botcmd_msgs/share/botcmd_msgs/srv/bot_getenabledi_cmd.srv
[7.763s] -- Up-to-date: /home/handsome/ros_ws_test/install/botcmd_msgs/share/botcmd_msgs/srv/bot_transfer_cmd.srv
[7.763s] -- Up-to-date: /home/handsome/ros_ws_test/install/botcmd_msgs/share/botcmd_msgs/srv/bot_battery_info_cmd.srv
[7.763s] -- Up-to-date: /home/handsome/ros_ws_test/install/botcmd_msgs/share/botcmd_msgs/action/actBotCmd.action
[7.763s] -- Up-to-date: /home/handsome/ros_ws_test/install/botcmd_msgs/share/botcmd_msgs/msg/actBotCmdAction.msg
[7.763s] -- Up-to-date: /home/handsome/ros_ws_test/install/botcmd_msgs/share/botcmd_msgs/msg/actBotCmdActionGoal.msg
[7.763s] -- Up-to-date: /home/handsome/ros_ws_test/install/botcmd_msgs/share/botcmd_msgs/msg/actBotCmdActionResult.msg
[7.763s] -- Up-to-date: /home/handsome/ros_ws_test/install/botcmd_msgs/share/botcmd_msgs/msg/actBotCmdActionFeedback.msg
[7.764s] -- Up-to-date: /home/handsome/ros_ws_test/install/botcmd_msgs/share/botcmd_msgs/msg/actBotCmdGoal.msg
[7.765s] -- Up-to-date: /home/handsome/ros_ws_test/install/botcmd_msgs/share/botcmd_msgs/msg/actBotCmdResult.msg
[7.768s] -- Up-to-date: /home/handsome/ros_ws_test/install/botcmd_msgs/share/botcmd_msgs/msg/actBotCmdFeedback.msg
[7.769s] -- Up-to-date: /home/handsome/ros_ws_test/install/botcmd_msgs/share/botcmd_msgs/cmake/botcmd_msgs-msg-paths.cmake
[7.769s] -- Up-to-date: /home/handsome/ros_ws_test/install/botcmd_msgs/include/botcmd_msgs
[7.769s] -- Up-to-date: /home/handsome/ros_ws_test/install/botcmd_msgs/include/botcmd_msgs/bot_mqtt_cmd.h
[7.769s] -- Up-to-date: /home/handsome/ros_ws_test/install/botcmd_msgs/include/botcmd_msgs/bot_transbattery.h
[7.770s] -- Up-to-date: /home/handsome/ros_ws_test/install/botcmd_msgs/include/botcmd_msgs/actBotCmdActionResult.h
[7.770s] -- Up-to-date: /home/handsome/ros_ws_test/install/botcmd_msgs/include/botcmd_msgs/actBotCmdActionFeedback.h
[7.770s] -- Up-to-date: /home/handsome/ros_ws_test/install/botcmd_msgs/include/botcmd_msgs/bot_do_cmd.h
[7.770s] -- Up-to-date: /home/handsome/ros_ws_test/install/botcmd_msgs/include/botcmd_msgs/bot_battery_info_cmdRequest.h
[7.770s] -- Up-to-date: /home/handsome/ros_ws_test/install/botcmd_msgs/include/botcmd_msgs/bot_ultrasonic_cmdResponse.h
[7.770s] -- Up-to-date: /home/handsome/ros_ws_test/install/botcmd_msgs/include/botcmd_msgs/bot_do_cmdRequest.h
[7.770s] -- Up-to-date: /home/handsome/ros_ws_test/install/botcmd_msgs/include/botcmd_msgs/bot_mqtt_rawdata.h
[7.771s] -- Up-to-date: /home/handsome/ros_ws_test/install/botcmd_msgs/include/botcmd_msgs/actBotCmdGoal.h
[7.771s] -- Up-to-date: /home/handsome/ros_ws_test/install/botcmd_msgs/include/botcmd_msgs/bot_di_cmdRequest.h
[7.771s] -- Up-to-date: /home/handsome/ros_ws_test/install/botcmd_msgs/include/botcmd_msgs/bot_battery_cmdResponse.h
[7.771s] -- Up-to-date: /home/handsome/ros_ws_test/install/botcmd_msgs/include/botcmd_msgs/bot_do_cmdResponse.h
[7.771s] -- Up-to-date: /home/handsome/ros_ws_test/install/botcmd_msgs/include/botcmd_msgs/bot_status_cmd.h
[7.771s] -- Up-to-date: /home/handsome/ros_ws_test/install/botcmd_msgs/include/botcmd_msgs/bot_battery_cmd.h
[7.771s] -- Up-to-date: /home/handsome/ros_ws_test/install/botcmd_msgs/include/botcmd_msgs/bot_getenabledi_cmd.h
[7.771s] -- Up-to-date: /home/handsome/ros_ws_test/install/botcmd_msgs/include/botcmd_msgs/bot_transfer_cmdResponse.h
[7.771s] -- Up-to-date: /home/handsome/ros_ws_test/install/botcmd_msgs/include/botcmd_msgs/bot_Infodata_cmd.h
[7.771s] -- Up-to-date: /home/handsome/ros_ws_test/install/botcmd_msgs/include/botcmd_msgs/bot_ultrasonic.h
[7.772s] -- Up-to-date: /home/handsome/ros_ws_test/install/botcmd_msgs/include/botcmd_msgs/bot_battery_info_cmdResponse.h
[7.772s] -- Up-to-date: /home/handsome/ros_ws_test/install/botcmd_msgs/include/botcmd_msgs/bot_battery_cmdRequest.h
[7.772s] -- Up-to-date: /home/handsome/ros_ws_test/install/botcmd_msgs/include/botcmd_msgs/actBotCmdResult.h
[7.772s] -- Up-to-date: /home/handsome/ros_ws_test/install/botcmd_msgs/include/botcmd_msgs/bot_status_cmdResponse.h
[7.773s] -- Up-to-date: /home/handsome/ros_ws_test/install/botcmd_msgs/include/botcmd_msgs/bot_transfer_cmd.h
[7.773s] -- Up-to-date: /home/handsome/ros_ws_test/install/botcmd_msgs/include/botcmd_msgs/actBotCmdActionGoal.h
[7.773s] -- Up-to-date: /home/handsome/ros_ws_test/install/botcmd_msgs/include/botcmd_msgs/bot_ultrasonic_cmd.h
[7.773s] -- Up-to-date: /home/handsome/ros_ws_test/install/botcmd_msgs/include/botcmd_msgs/bot_device_cmdRequest.h
[7.774s] -- Up-to-date: /home/handsome/ros_ws_test/install/botcmd_msgs/include/botcmd_msgs/bot_battery_info.h
[7.774s] -- Up-to-date: /home/handsome/ros_ws_test/install/botcmd_msgs/include/botcmd_msgs/bot_devicestatus.h
[7.774s] -- Up-to-date: /home/handsome/ros_ws_test/install/botcmd_msgs/include/botcmd_msgs/bot_di_cmdResponse.h
[7.775s] -- Up-to-date: /home/handsome/ros_ws_test/install/botcmd_msgs/include/botcmd_msgs/bot_status_cmdRequest.h
[7.776s] -- Up-to-date: /home/handsome/ros_ws_test/install/botcmd_msgs/include/botcmd_msgs/bot_getenabledi_cmdResponse.h
[7.776s] -- Up-to-date: /home/handsome/ros_ws_test/install/botcmd_msgs/include/botcmd_msgs/actBotCmdFeedback.h
[7.776s] -- Up-to-date: /home/handsome/ros_ws_test/install/botcmd_msgs/include/botcmd_msgs/bot_getenabledi_cmdRequest.h
[7.778s] -- Up-to-date: /home/handsome/ros_ws_test/install/botcmd_msgs/include/botcmd_msgs/bot_pubstatus.h
[7.778s] -- Up-to-date: /home/handsome/ros_ws_test/install/botcmd_msgs/include/botcmd_msgs/bot_Infodata_cmdResponse.h
[7.778s] -- Up-to-date: /home/handsome/ros_ws_test/install/botcmd_msgs/include/botcmd_msgs/bot_battery_info_cmd.h
[7.778s] -- Up-to-date: /home/handsome/ros_ws_test/install/botcmd_msgs/include/botcmd_msgs/bot_device_cmdResponse.h
[7.778s] -- Up-to-date: /home/handsome/ros_ws_test/install/botcmd_msgs/include/botcmd_msgs/bot_Infodata.h
[7.779s] -- Up-to-date: /home/handsome/ros_ws_test/install/botcmd_msgs/include/botcmd_msgs/bot_di_cmd.h
[7.779s] -- Up-to-date: /home/handsome/ros_ws_test/install/botcmd_msgs/include/botcmd_msgs/bot_ultrasonic_cmdRequest.h
[7.779s] -- Up-to-date: /home/handsome/ros_ws_test/install/botcmd_msgs/include/botcmd_msgs/bot_device_cmd.h
[7.779s] -- Up-to-date: /home/handsome/ros_ws_test/install/botcmd_msgs/include/botcmd_msgs/bot_transfer_cmdRequest.h
[7.779s] -- Up-to-date: /home/handsome/ros_ws_test/install/botcmd_msgs/include/botcmd_msgs/bot_battery.h
[7.779s] -- Up-to-date: /home/handsome/ros_ws_test/install/botcmd_msgs/include/botcmd_msgs/bot_Infodata_cmdRequest.h
[7.779s] -- Up-to-date: /home/handsome/ros_ws_test/install/botcmd_msgs/include/botcmd_msgs/actBotCmdAction.h
[7.779s] -- Up-to-date: /home/handsome/ros_ws_test/install/botcmd_msgs/include/botcmd_msgs/bot_transferdata.h
[7.779s] -- Up-to-date: /home/handsome/ros_ws_test/install/botcmd_msgs/share/roseus/ros/botcmd_msgs
[7.780s] -- Up-to-date: /home/handsome/ros_ws_test/install/botcmd_msgs/share/roseus/ros/botcmd_msgs/msg
[7.782s] -- Up-to-date: /home/handsome/ros_ws_test/install/botcmd_msgs/share/roseus/ros/botcmd_msgs/msg/bot_Infodata.l
[7.782s] -- Up-to-date: /home/handsome/ros_ws_test/install/botcmd_msgs/share/roseus/ros/botcmd_msgs/msg/bot_mqtt_rawdata.l
[7.782s] -- Up-to-date: /home/handsome/ros_ws_test/install/botcmd_msgs/share/roseus/ros/botcmd_msgs/msg/actBotCmdAction.l
[7.783s] -- Up-to-date: /home/handsome/ros_ws_test/install/botcmd_msgs/share/roseus/ros/botcmd_msgs/msg/bot_pubstatus.l
[7.783s] -- Up-to-date: /home/handsome/ros_ws_test/install/botcmd_msgs/share/roseus/ros/botcmd_msgs/msg/actBotCmdActionFeedback.l
[7.783s] -- Up-to-date: /home/handsome/ros_ws_test/install/botcmd_msgs/share/roseus/ros/botcmd_msgs/msg/actBotCmdActionResult.l
[7.783s] -- Up-to-date: /home/handsome/ros_ws_test/install/botcmd_msgs/share/roseus/ros/botcmd_msgs/msg/actBotCmdActionGoal.l
[7.783s] -- Up-to-date: /home/handsome/ros_ws_test/install/botcmd_msgs/share/roseus/ros/botcmd_msgs/msg/bot_mqtt_cmd.l
[7.783s] -- Up-to-date: /home/handsome/ros_ws_test/install/botcmd_msgs/share/roseus/ros/botcmd_msgs/msg/bot_battery_info.l
[7.783s] -- Up-to-date: /home/handsome/ros_ws_test/install/botcmd_msgs/share/roseus/ros/botcmd_msgs/msg/bot_ultrasonic.l
[7.783s] -- Up-to-date: /home/handsome/ros_ws_test/install/botcmd_msgs/share/roseus/ros/botcmd_msgs/msg/bot_transferdata.l
[7.783s] -- Up-to-date: /home/handsome/ros_ws_test/install/botcmd_msgs/share/roseus/ros/botcmd_msgs/msg/bot_devicestatus.l
[7.783s] -- Up-to-date: /home/handsome/ros_ws_test/install/botcmd_msgs/share/roseus/ros/botcmd_msgs/msg/actBotCmdResult.l
[7.784s] -- Up-to-date: /home/handsome/ros_ws_test/install/botcmd_msgs/share/roseus/ros/botcmd_msgs/msg/bot_transbattery.l
[7.784s] -- Up-to-date: /home/handsome/ros_ws_test/install/botcmd_msgs/share/roseus/ros/botcmd_msgs/msg/actBotCmdGoal.l
[7.784s] -- Up-to-date: /home/handsome/ros_ws_test/install/botcmd_msgs/share/roseus/ros/botcmd_msgs/msg/actBotCmdFeedback.l
[7.784s] -- Up-to-date: /home/handsome/ros_ws_test/install/botcmd_msgs/share/roseus/ros/botcmd_msgs/msg/bot_battery.l
[7.784s] -- Up-to-date: /home/handsome/ros_ws_test/install/botcmd_msgs/share/roseus/ros/botcmd_msgs/manifest.l
[7.784s] -- Up-to-date: /home/handsome/ros_ws_test/install/botcmd_msgs/share/roseus/ros/botcmd_msgs/srv
[7.785s] -- Up-to-date: /home/handsome/ros_ws_test/install/botcmd_msgs/share/roseus/ros/botcmd_msgs/srv/bot_transfer_cmd.l
[7.785s] -- Up-to-date: /home/handsome/ros_ws_test/install/botcmd_msgs/share/roseus/ros/botcmd_msgs/srv/bot_getenabledi_cmd.l
[7.785s] -- Up-to-date: /home/handsome/ros_ws_test/install/botcmd_msgs/share/roseus/ros/botcmd_msgs/srv/bot_battery_cmd.l
[7.785s] -- Up-to-date: /home/handsome/ros_ws_test/install/botcmd_msgs/share/roseus/ros/botcmd_msgs/srv/bot_Infodata_cmd.l
[7.785s] -- Up-to-date: /home/handsome/ros_ws_test/install/botcmd_msgs/share/roseus/ros/botcmd_msgs/srv/bot_status_cmd.l
[7.785s] -- Up-to-date: /home/handsome/ros_ws_test/install/botcmd_msgs/share/roseus/ros/botcmd_msgs/srv/bot_battery_info_cmd.l
[7.796s] -- Up-to-date: /home/handsome/ros_ws_test/install/botcmd_msgs/share/roseus/ros/botcmd_msgs/srv/bot_do_cmd.l
[7.800s] -- Up-to-date: /home/handsome/ros_ws_test/install/botcmd_msgs/share/roseus/ros/botcmd_msgs/srv/bot_ultrasonic_cmd.l
[7.801s] -- Up-to-date: /home/handsome/ros_ws_test/install/botcmd_msgs/share/roseus/ros/botcmd_msgs/srv/bot_di_cmd.l
[7.801s] -- Up-to-date: /home/handsome/ros_ws_test/install/botcmd_msgs/share/roseus/ros/botcmd_msgs/srv/bot_device_cmd.l
[7.801s] -- Up-to-date: /home/handsome/ros_ws_test/install/botcmd_msgs/share/common-lisp/ros/botcmd_msgs
[7.802s] -- Up-to-date: /home/handsome/ros_ws_test/install/botcmd_msgs/share/common-lisp/ros/botcmd_msgs/msg
[7.803s] -- Up-to-date: /home/handsome/ros_ws_test/install/botcmd_msgs/share/common-lisp/ros/botcmd_msgs/msg/bot_transbattery.lisp
[7.807s] -- Up-to-date: /home/handsome/ros_ws_test/install/botcmd_msgs/share/common-lisp/ros/botcmd_msgs/msg/_package_actBotCmdFeedback.lisp
[7.807s] -- Up-to-date: /home/handsome/ros_ws_test/install/botcmd_msgs/share/common-lisp/ros/botcmd_msgs/msg/_package_bot_transbattery.lisp
[7.808s] -- Up-to-date: /home/handsome/ros_ws_test/install/botcmd_msgs/share/common-lisp/ros/botcmd_msgs/msg/bot_devicestatus.lisp
[7.808s] -- Up-to-date: /home/handsome/ros_ws_test/install/botcmd_msgs/share/common-lisp/ros/botcmd_msgs/msg/actBotCmdActionGoal.lisp
[7.808s] -- Up-to-date: /home/handsome/ros_ws_test/install/botcmd_msgs/share/common-lisp/ros/botcmd_msgs/msg/_package_bot_transferdata.lisp
[7.809s] -- Up-to-date: /home/handsome/ros_ws_test/install/botcmd_msgs/share/common-lisp/ros/botcmd_msgs/msg/bot_ultrasonic.lisp
[7.809s] -- Up-to-date: /home/handsome/ros_ws_test/install/botcmd_msgs/share/common-lisp/ros/botcmd_msgs/msg/actBotCmdActionResult.lisp
[7.809s] -- Up-to-date: /home/handsome/ros_ws_test/install/botcmd_msgs/share/common-lisp/ros/botcmd_msgs/msg/_package_actBotCmdGoal.lisp
[7.809s] -- Up-to-date: /home/handsome/ros_ws_test/install/botcmd_msgs/share/common-lisp/ros/botcmd_msgs/msg/actBotCmdFeedback.lisp
[7.809s] -- Up-to-date: /home/handsome/ros_ws_test/install/botcmd_msgs/share/common-lisp/ros/botcmd_msgs/msg/_package_bot_pubstatus.lisp
[7.809s] -- Up-to-date: /home/handsome/ros_ws_test/install/botcmd_msgs/share/common-lisp/ros/botcmd_msgs/msg/bot_mqtt_cmd.lisp
[7.809s] -- Up-to-date: /home/handsome/ros_ws_test/install/botcmd_msgs/share/common-lisp/ros/botcmd_msgs/msg/actBotCmdActionFeedback.lisp
[7.809s] -- Up-to-date: /home/handsome/ros_ws_test/install/botcmd_msgs/share/common-lisp/ros/botcmd_msgs/msg/bot_mqtt_rawdata.lisp
[7.809s] -- Up-to-date: /home/handsome/ros_ws_test/install/botcmd_msgs/share/common-lisp/ros/botcmd_msgs/msg/_package.lisp
[7.810s] -- Up-to-date: /home/handsome/ros_ws_test/install/botcmd_msgs/share/common-lisp/ros/botcmd_msgs/msg/bot_battery_info.lisp
[7.810s] -- Up-to-date: /home/handsome/ros_ws_test/install/botcmd_msgs/share/common-lisp/ros/botcmd_msgs/msg/_package_bot_mqtt_cmd.lisp
[7.810s] -- Up-to-date: /home/handsome/ros_ws_test/install/botcmd_msgs/share/common-lisp/ros/botcmd_msgs/msg/_package_bot_battery.lisp
[7.810s] -- Up-to-date: /home/handsome/ros_ws_test/install/botcmd_msgs/share/common-lisp/ros/botcmd_msgs/msg/_package_bot_battery_info.lisp
[7.810s] -- Up-to-date: /home/handsome/ros_ws_test/install/botcmd_msgs/share/common-lisp/ros/botcmd_msgs/msg/botcmd_msgs-msg.asd
[7.810s] -- Up-to-date: /home/handsome/ros_ws_test/install/botcmd_msgs/share/common-lisp/ros/botcmd_msgs/msg/_package_actBotCmdResult.lisp
[7.810s] -- Up-to-date: /home/handsome/ros_ws_test/install/botcmd_msgs/share/common-lisp/ros/botcmd_msgs/msg/_package_bot_Infodata.lisp
[7.810s] -- Up-to-date: /home/handsome/ros_ws_test/install/botcmd_msgs/share/common-lisp/ros/botcmd_msgs/msg/_package_bot_mqtt_rawdata.lisp
[7.810s] -- Up-to-date: /home/handsome/ros_ws_test/install/botcmd_msgs/share/common-lisp/ros/botcmd_msgs/msg/_package_actBotCmdAction.lisp
[7.810s] -- Up-to-date: /home/handsome/ros_ws_test/install/botcmd_msgs/share/common-lisp/ros/botcmd_msgs/msg/bot_pubstatus.lisp
[7.810s] -- Up-to-date: /home/handsome/ros_ws_test/install/botcmd_msgs/share/common-lisp/ros/botcmd_msgs/msg/actBotCmdResult.lisp
[7.811s] -- Up-to-date: /home/handsome/ros_ws_test/install/botcmd_msgs/share/common-lisp/ros/botcmd_msgs/msg/bot_transferdata.lisp
[7.814s] -- Up-to-date: /home/handsome/ros_ws_test/install/botcmd_msgs/share/common-lisp/ros/botcmd_msgs/msg/_package_actBotCmdActionFeedback.lisp
[7.815s] -- Up-to-date: /home/handsome/ros_ws_test/install/botcmd_msgs/share/common-lisp/ros/botcmd_msgs/msg/actBotCmdGoal.lisp
[7.815s] -- Up-to-date: /home/handsome/ros_ws_test/install/botcmd_msgs/share/common-lisp/ros/botcmd_msgs/msg/_package_bot_ultrasonic.lisp
[7.815s] -- Up-to-date: /home/handsome/ros_ws_test/install/botcmd_msgs/share/common-lisp/ros/botcmd_msgs/msg/bot_Infodata.lisp
[7.815s] -- Up-to-date: /home/handsome/ros_ws_test/install/botcmd_msgs/share/common-lisp/ros/botcmd_msgs/msg/_package_actBotCmdActionGoal.lisp
[7.815s] -- Up-to-date: /home/handsome/ros_ws_test/install/botcmd_msgs/share/common-lisp/ros/botcmd_msgs/msg/bot_battery.lisp
[7.815s] -- Up-to-date: /home/handsome/ros_ws_test/install/botcmd_msgs/share/common-lisp/ros/botcmd_msgs/msg/_package_actBotCmdActionResult.lisp
[7.815s] -- Up-to-date: /home/handsome/ros_ws_test/install/botcmd_msgs/share/common-lisp/ros/botcmd_msgs/msg/_package_bot_devicestatus.lisp
[7.815s] -- Up-to-date: /home/handsome/ros_ws_test/install/botcmd_msgs/share/common-lisp/ros/botcmd_msgs/msg/actBotCmdAction.lisp
[7.816s] -- Up-to-date: /home/handsome/ros_ws_test/install/botcmd_msgs/share/common-lisp/ros/botcmd_msgs/srv
[7.816s] -- Up-to-date: /home/handsome/ros_ws_test/install/botcmd_msgs/share/common-lisp/ros/botcmd_msgs/srv/bot_battery_cmd.lisp
[7.816s] -- Up-to-date: /home/handsome/ros_ws_test/install/botcmd_msgs/share/common-lisp/ros/botcmd_msgs/srv/bot_battery_info_cmd.lisp
[7.816s] -- Up-to-date: /home/handsome/ros_ws_test/install/botcmd_msgs/share/common-lisp/ros/botcmd_msgs/srv/botcmd_msgs-srv.asd
[7.816s] -- Up-to-date: /home/handsome/ros_ws_test/install/botcmd_msgs/share/common-lisp/ros/botcmd_msgs/srv/_package_bot_battery_info_cmd.lisp
[7.816s] -- Up-to-date: /home/handsome/ros_ws_test/install/botcmd_msgs/share/common-lisp/ros/botcmd_msgs/srv/bot_transfer_cmd.lisp
[7.816s] -- Up-to-date: /home/handsome/ros_ws_test/install/botcmd_msgs/share/common-lisp/ros/botcmd_msgs/srv/bot_Infodata_cmd.lisp
[7.816s] -- Up-to-date: /home/handsome/ros_ws_test/install/botcmd_msgs/share/common-lisp/ros/botcmd_msgs/srv/bot_ultrasonic_cmd.lisp
[7.816s] -- Up-to-date: /home/handsome/ros_ws_test/install/botcmd_msgs/share/common-lisp/ros/botcmd_msgs/srv/_package_bot_battery_cmd.lisp
[7.816s] -- Up-to-date: /home/handsome/ros_ws_test/install/botcmd_msgs/share/common-lisp/ros/botcmd_msgs/srv/_package_bot_do_cmd.lisp
[7.817s] -- Up-to-date: /home/handsome/ros_ws_test/install/botcmd_msgs/share/common-lisp/ros/botcmd_msgs/srv/_package.lisp
[7.817s] -- Up-to-date: /home/handsome/ros_ws_test/install/botcmd_msgs/share/common-lisp/ros/botcmd_msgs/srv/_package_bot_device_cmd.lisp
[7.817s] -- Up-to-date: /home/handsome/ros_ws_test/install/botcmd_msgs/share/common-lisp/ros/botcmd_msgs/srv/_package_bot_transfer_cmd.lisp
[7.817s] -- Up-to-date: /home/handsome/ros_ws_test/install/botcmd_msgs/share/common-lisp/ros/botcmd_msgs/srv/_package_bot_status_cmd.lisp
[7.818s] -- Up-to-date: /home/handsome/ros_ws_test/install/botcmd_msgs/share/common-lisp/ros/botcmd_msgs/srv/_package_bot_di_cmd.lisp
[7.819s] -- Up-to-date: /home/handsome/ros_ws_test/install/botcmd_msgs/share/common-lisp/ros/botcmd_msgs/srv/_package_bot_Infodata_cmd.lisp
[7.819s] -- Up-to-date: /home/handsome/ros_ws_test/install/botcmd_msgs/share/common-lisp/ros/botcmd_msgs/srv/_package_bot_ultrasonic_cmd.lisp
[7.819s] -- Up-to-date: /home/handsome/ros_ws_test/install/botcmd_msgs/share/common-lisp/ros/botcmd_msgs/srv/bot_di_cmd.lisp
[7.819s] -- Up-to-date: /home/handsome/ros_ws_test/install/botcmd_msgs/share/common-lisp/ros/botcmd_msgs/srv/bot_do_cmd.lisp
[7.819s] -- Up-to-date: /home/handsome/ros_ws_test/install/botcmd_msgs/share/common-lisp/ros/botcmd_msgs/srv/bot_device_cmd.lisp
[7.820s] -- Up-to-date: /home/handsome/ros_ws_test/install/botcmd_msgs/share/common-lisp/ros/botcmd_msgs/srv/bot_getenabledi_cmd.lisp
[7.825s] -- Up-to-date: /home/handsome/ros_ws_test/install/botcmd_msgs/share/common-lisp/ros/botcmd_msgs/srv/bot_status_cmd.lisp
[7.825s] -- Up-to-date: /home/handsome/ros_ws_test/install/botcmd_msgs/share/common-lisp/ros/botcmd_msgs/srv/_package_bot_getenabledi_cmd.lisp
[7.825s] -- Up-to-date: /home/handsome/ros_ws_test/install/botcmd_msgs/share/gennodejs/ros/botcmd_msgs
[7.825s] -- Up-to-date: /home/handsome/ros_ws_test/install/botcmd_msgs/share/gennodejs/ros/botcmd_msgs/msg
[7.825s] -- Up-to-date: /home/handsome/ros_ws_test/install/botcmd_msgs/share/gennodejs/ros/botcmd_msgs/msg/bot_transferdata.js
[7.825s] -- Up-to-date: /home/handsome/ros_ws_test/install/botcmd_msgs/share/gennodejs/ros/botcmd_msgs/msg/_index.js
[7.825s] -- Up-to-date: /home/handsome/ros_ws_test/install/botcmd_msgs/share/gennodejs/ros/botcmd_msgs/msg/bot_transbattery.js
[7.825s] -- Up-to-date: /home/handsome/ros_ws_test/install/botcmd_msgs/share/gennodejs/ros/botcmd_msgs/msg/actBotCmdAction.js
[7.825s] -- Up-to-date: /home/handsome/ros_ws_test/install/botcmd_msgs/share/gennodejs/ros/botcmd_msgs/msg/bot_devicestatus.js
[7.825s] -- Up-to-date: /home/handsome/ros_ws_test/install/botcmd_msgs/share/gennodejs/ros/botcmd_msgs/msg/bot_mqtt_cmd.js
[7.826s] -- Up-to-date: /home/handsome/ros_ws_test/install/botcmd_msgs/share/gennodejs/ros/botcmd_msgs/msg/bot_battery.js
[7.826s] -- Up-to-date: /home/handsome/ros_ws_test/install/botcmd_msgs/share/gennodejs/ros/botcmd_msgs/msg/bot_Infodata.js
[7.826s] -- Up-to-date: /home/handsome/ros_ws_test/install/botcmd_msgs/share/gennodejs/ros/botcmd_msgs/msg/actBotCmdGoal.js
[7.826s] -- Up-to-date: /home/handsome/ros_ws_test/install/botcmd_msgs/share/gennodejs/ros/botcmd_msgs/msg/bot_pubstatus.js
[7.827s] -- Up-to-date: /home/handsome/ros_ws_test/install/botcmd_msgs/share/gennodejs/ros/botcmd_msgs/msg/bot_battery_info.js
[7.827s] -- Up-to-date: /home/handsome/ros_ws_test/install/botcmd_msgs/share/gennodejs/ros/botcmd_msgs/msg/actBotCmdActionGoal.js
[7.827s] -- Up-to-date: /home/handsome/ros_ws_test/install/botcmd_msgs/share/gennodejs/ros/botcmd_msgs/msg/bot_ultrasonic.js
[7.827s] -- Up-to-date: /home/handsome/ros_ws_test/install/botcmd_msgs/share/gennodejs/ros/botcmd_msgs/msg/actBotCmdActionResult.js
[7.827s] -- Up-to-date: /home/handsome/ros_ws_test/install/botcmd_msgs/share/gennodejs/ros/botcmd_msgs/msg/actBotCmdFeedback.js
[7.827s] -- Up-to-date: /home/handsome/ros_ws_test/install/botcmd_msgs/share/gennodejs/ros/botcmd_msgs/msg/actBotCmdResult.js
[7.828s] -- Up-to-date: /home/handsome/ros_ws_test/install/botcmd_msgs/share/gennodejs/ros/botcmd_msgs/msg/bot_mqtt_rawdata.js
[7.828s] -- Up-to-date: /home/handsome/ros_ws_test/install/botcmd_msgs/share/gennodejs/ros/botcmd_msgs/msg/actBotCmdActionFeedback.js
[7.828s] -- Up-to-date: /home/handsome/ros_ws_test/install/botcmd_msgs/share/gennodejs/ros/botcmd_msgs/_index.js
[7.828s] -- Up-to-date: /home/handsome/ros_ws_test/install/botcmd_msgs/share/gennodejs/ros/botcmd_msgs/srv
[7.828s] -- Up-to-date: /home/handsome/ros_ws_test/install/botcmd_msgs/share/gennodejs/ros/botcmd_msgs/srv/bot_status_cmd.js
[7.829s] -- Up-to-date: /home/handsome/ros_ws_test/install/botcmd_msgs/share/gennodejs/ros/botcmd_msgs/srv/_index.js
[7.829s] -- Up-to-date: /home/handsome/ros_ws_test/install/botcmd_msgs/share/gennodejs/ros/botcmd_msgs/srv/bot_getenabledi_cmd.js
[7.829s] -- Up-to-date: /home/handsome/ros_ws_test/install/botcmd_msgs/share/gennodejs/ros/botcmd_msgs/srv/bot_device_cmd.js
[7.829s] -- Up-to-date: /home/handsome/ros_ws_test/install/botcmd_msgs/share/gennodejs/ros/botcmd_msgs/srv/bot_battery_info_cmd.js
[7.829s] -- Up-to-date: /home/handsome/ros_ws_test/install/botcmd_msgs/share/gennodejs/ros/botcmd_msgs/srv/bot_Infodata_cmd.js
[7.829s] -- Up-to-date: /home/handsome/ros_ws_test/install/botcmd_msgs/share/gennodejs/ros/botcmd_msgs/srv/bot_ultrasonic_cmd.js
[7.830s] -- Up-to-date: /home/handsome/ros_ws_test/install/botcmd_msgs/share/gennodejs/ros/botcmd_msgs/srv/bot_battery_cmd.js
[7.830s] -- Up-to-date: /home/handsome/ros_ws_test/install/botcmd_msgs/share/gennodejs/ros/botcmd_msgs/srv/bot_do_cmd.js
[7.830s] -- Up-to-date: /home/handsome/ros_ws_test/install/botcmd_msgs/share/gennodejs/ros/botcmd_msgs/srv/bot_di_cmd.js
[7.830s] -- Up-to-date: /home/handsome/ros_ws_test/install/botcmd_msgs/share/gennodejs/ros/botcmd_msgs/srv/bot_transfer_cmd.js
[7.864s] Listing /home/handsome/ros_ws_test/build/botcmd_msgs/devel/lib/python2.7/dist-packages/botcmd_msgs ...
[7.864s] Listing /home/handsome/ros_ws_test/build/botcmd_msgs/devel/lib/python2.7/dist-packages/botcmd_msgs/msg ...
[7.864s] Listing /home/handsome/ros_ws_test/build/botcmd_msgs/devel/lib/python2.7/dist-packages/botcmd_msgs/srv ...
[7.867s] -- Up-to-date: /home/handsome/ros_ws_test/install/botcmd_msgs/lib/python2.7/dist-packages/botcmd_msgs
[7.867s] -- Up-to-date: /home/handsome/ros_ws_test/install/botcmd_msgs/lib/python2.7/dist-packages/botcmd_msgs/msg
[7.868s] -- Up-to-date: /home/handsome/ros_ws_test/install/botcmd_msgs/lib/python2.7/dist-packages/botcmd_msgs/msg/_actBotCmdActionGoal.py
[7.869s] -- Up-to-date: /home/handsome/ros_ws_test/install/botcmd_msgs/lib/python2.7/dist-packages/botcmd_msgs/msg/_actBotCmdAction.pyc
[7.869s] -- Up-to-date: /home/handsome/ros_ws_test/install/botcmd_msgs/lib/python2.7/dist-packages/botcmd_msgs/msg/_bot_battery_info.pyc
[7.869s] -- Up-to-date: /home/handsome/ros_ws_test/install/botcmd_msgs/lib/python2.7/dist-packages/botcmd_msgs/msg/_bot_transbattery.pyc
[7.870s] -- Up-to-date: /home/handsome/ros_ws_test/install/botcmd_msgs/lib/python2.7/dist-packages/botcmd_msgs/msg/_bot_mqtt_cmd.pyc
[7.870s] -- Up-to-date: /home/handsome/ros_ws_test/install/botcmd_msgs/lib/python2.7/dist-packages/botcmd_msgs/msg/__init__.py
[7.870s] -- Up-to-date: /home/handsome/ros_ws_test/install/botcmd_msgs/lib/python2.7/dist-packages/botcmd_msgs/msg/_bot_devicestatus.py
[7.870s] -- Up-to-date: /home/handsome/ros_ws_test/install/botcmd_msgs/lib/python2.7/dist-packages/botcmd_msgs/msg/_bot_ultrasonic.pyc
[7.870s] -- Up-to-date: /home/handsome/ros_ws_test/install/botcmd_msgs/lib/python2.7/dist-packages/botcmd_msgs/msg/_bot_devicestatus.pyc
[7.870s] -- Up-to-date: /home/handsome/ros_ws_test/install/botcmd_msgs/lib/python2.7/dist-packages/botcmd_msgs/msg/_bot_Infodata.py
[7.870s] -- Up-to-date: /home/handsome/ros_ws_test/install/botcmd_msgs/lib/python2.7/dist-packages/botcmd_msgs/msg/_bot_mqtt_rawdata.py
[7.870s] -- Up-to-date: /home/handsome/ros_ws_test/install/botcmd_msgs/lib/python2.7/dist-packages/botcmd_msgs/msg/_bot_battery.pyc
[7.871s] -- Up-to-date: /home/handsome/ros_ws_test/install/botcmd_msgs/lib/python2.7/dist-packages/botcmd_msgs/msg/_actBotCmdActionFeedback.py
[7.871s] -- Up-to-date: /home/handsome/ros_ws_test/install/botcmd_msgs/lib/python2.7/dist-packages/botcmd_msgs/msg/_actBotCmdGoal.py
[7.871s] -- Up-to-date: /home/handsome/ros_ws_test/install/botcmd_msgs/lib/python2.7/dist-packages/botcmd_msgs/msg/_actBotCmdActionFeedback.pyc
[7.872s] -- Up-to-date: /home/handsome/ros_ws_test/install/botcmd_msgs/lib/python2.7/dist-packages/botcmd_msgs/msg/_bot_ultrasonic.py
[7.872s] -- Up-to-date: /home/handsome/ros_ws_test/install/botcmd_msgs/lib/python2.7/dist-packages/botcmd_msgs/msg/_actBotCmdAction.py
[7.872s] -- Up-to-date: /home/handsome/ros_ws_test/install/botcmd_msgs/lib/python2.7/dist-packages/botcmd_msgs/msg/_bot_battery_info.py
[7.872s] -- Up-to-date: /home/handsome/ros_ws_test/install/botcmd_msgs/lib/python2.7/dist-packages/botcmd_msgs/msg/_actBotCmdActionResult.py
[7.872s] -- Up-to-date: /home/handsome/ros_ws_test/install/botcmd_msgs/lib/python2.7/dist-packages/botcmd_msgs/msg/_actBotCmdResult.pyc
[7.872s] -- Up-to-date: /home/handsome/ros_ws_test/install/botcmd_msgs/lib/python2.7/dist-packages/botcmd_msgs/msg/_bot_mqtt_cmd.py
[7.872s] -- Up-to-date: /home/handsome/ros_ws_test/install/botcmd_msgs/lib/python2.7/dist-packages/botcmd_msgs/msg/_bot_transferdata.py
[7.873s] -- Up-to-date: /home/handsome/ros_ws_test/install/botcmd_msgs/lib/python2.7/dist-packages/botcmd_msgs/msg/_bot_mqtt_rawdata.pyc
[7.873s] -- Up-to-date: /home/handsome/ros_ws_test/install/botcmd_msgs/lib/python2.7/dist-packages/botcmd_msgs/msg/_actBotCmdActionGoal.pyc
[7.873s] -- Up-to-date: /home/handsome/ros_ws_test/install/botcmd_msgs/lib/python2.7/dist-packages/botcmd_msgs/msg/_actBotCmdFeedback.py
[7.873s] -- Up-to-date: /home/handsome/ros_ws_test/install/botcmd_msgs/lib/python2.7/dist-packages/botcmd_msgs/msg/__init__.pyc
[7.873s] -- Up-to-date: /home/handsome/ros_ws_test/install/botcmd_msgs/lib/python2.7/dist-packages/botcmd_msgs/msg/_bot_battery.py
[7.874s] -- Up-to-date: /home/handsome/ros_ws_test/install/botcmd_msgs/lib/python2.7/dist-packages/botcmd_msgs/msg/_bot_pubstatus.pyc
[7.874s] -- Up-to-date: /home/handsome/ros_ws_test/install/botcmd_msgs/lib/python2.7/dist-packages/botcmd_msgs/msg/_bot_Infodata.pyc
[7.874s] -- Up-to-date: /home/handsome/ros_ws_test/install/botcmd_msgs/lib/python2.7/dist-packages/botcmd_msgs/msg/_actBotCmdGoal.pyc
[7.874s] -- Up-to-date: /home/handsome/ros_ws_test/install/botcmd_msgs/lib/python2.7/dist-packages/botcmd_msgs/msg/_actBotCmdFeedback.pyc
[7.875s] -- Up-to-date: /home/handsome/ros_ws_test/install/botcmd_msgs/lib/python2.7/dist-packages/botcmd_msgs/msg/_bot_transbattery.py
[7.875s] -- Up-to-date: /home/handsome/ros_ws_test/install/botcmd_msgs/lib/python2.7/dist-packages/botcmd_msgs/msg/_actBotCmdResult.py
[7.875s] -- Up-to-date: /home/handsome/ros_ws_test/install/botcmd_msgs/lib/python2.7/dist-packages/botcmd_msgs/msg/_bot_transferdata.pyc
[7.875s] -- Up-to-date: /home/handsome/ros_ws_test/install/botcmd_msgs/lib/python2.7/dist-packages/botcmd_msgs/msg/_actBotCmdActionResult.pyc
[7.876s] -- Up-to-date: /home/handsome/ros_ws_test/install/botcmd_msgs/lib/python2.7/dist-packages/botcmd_msgs/msg/_bot_pubstatus.py
[7.876s] -- Up-to-date: /home/handsome/ros_ws_test/install/botcmd_msgs/lib/python2.7/dist-packages/botcmd_msgs/__init__.py
[7.876s] -- Up-to-date: /home/handsome/ros_ws_test/install/botcmd_msgs/lib/python2.7/dist-packages/botcmd_msgs/srv
[7.876s] -- Up-to-date: /home/handsome/ros_ws_test/install/botcmd_msgs/lib/python2.7/dist-packages/botcmd_msgs/srv/_bot_battery_cmd.py
[7.876s] -- Up-to-date: /home/handsome/ros_ws_test/install/botcmd_msgs/lib/python2.7/dist-packages/botcmd_msgs/srv/_bot_status_cmd.pyc
[7.878s] -- Up-to-date: /home/handsome/ros_ws_test/install/botcmd_msgs/lib/python2.7/dist-packages/botcmd_msgs/srv/_bot_battery_info_cmd.pyc
[7.878s] -- Up-to-date: /home/handsome/ros_ws_test/install/botcmd_msgs/lib/python2.7/dist-packages/botcmd_msgs/srv/_bot_di_cmd.py
[7.878s] -- Up-to-date: /home/handsome/ros_ws_test/install/botcmd_msgs/lib/python2.7/dist-packages/botcmd_msgs/srv/_bot_Infodata_cmd.pyc
[7.879s] -- Up-to-date: /home/handsome/ros_ws_test/install/botcmd_msgs/lib/python2.7/dist-packages/botcmd_msgs/srv/__init__.py
[7.881s] -- Up-to-date: /home/handsome/ros_ws_test/install/botcmd_msgs/lib/python2.7/dist-packages/botcmd_msgs/srv/_bot_transfer_cmd.pyc
[7.882s] -- Up-to-date: /home/handsome/ros_ws_test/install/botcmd_msgs/lib/python2.7/dist-packages/botcmd_msgs/srv/_bot_device_cmd.pyc
[7.882s] -- Up-to-date: /home/handsome/ros_ws_test/install/botcmd_msgs/lib/python2.7/dist-packages/botcmd_msgs/srv/_bot_battery_info_cmd.py
[7.882s] -- Up-to-date: /home/handsome/ros_ws_test/install/botcmd_msgs/lib/python2.7/dist-packages/botcmd_msgs/srv/_bot_di_cmd.pyc
[7.882s] -- Up-to-date: /home/handsome/ros_ws_test/install/botcmd_msgs/lib/python2.7/dist-packages/botcmd_msgs/srv/_bot_ultrasonic_cmd.py
[7.883s] -- Up-to-date: /home/handsome/ros_ws_test/install/botcmd_msgs/lib/python2.7/dist-packages/botcmd_msgs/srv/_bot_getenabledi_cmd.pyc
[7.884s] -- Up-to-date: /home/handsome/ros_ws_test/install/botcmd_msgs/lib/python2.7/dist-packages/botcmd_msgs/srv/_bot_device_cmd.py
[7.884s] -- Up-to-date: /home/handsome/ros_ws_test/install/botcmd_msgs/lib/python2.7/dist-packages/botcmd_msgs/srv/_bot_transfer_cmd.py
[7.884s] -- Up-to-date: /home/handsome/ros_ws_test/install/botcmd_msgs/lib/python2.7/dist-packages/botcmd_msgs/srv/_bot_do_cmd.py
[7.884s] -- Up-to-date: /home/handsome/ros_ws_test/install/botcmd_msgs/lib/python2.7/dist-packages/botcmd_msgs/srv/_bot_getenabledi_cmd.py
[7.884s] -- Up-to-date: /home/handsome/ros_ws_test/install/botcmd_msgs/lib/python2.7/dist-packages/botcmd_msgs/srv/_bot_ultrasonic_cmd.pyc
[7.884s] -- Up-to-date: /home/handsome/ros_ws_test/install/botcmd_msgs/lib/python2.7/dist-packages/botcmd_msgs/srv/_bot_battery_cmd.pyc
[7.885s] -- Up-to-date: /home/handsome/ros_ws_test/install/botcmd_msgs/lib/python2.7/dist-packages/botcmd_msgs/srv/__init__.pyc
[7.885s] -- Up-to-date: /home/handsome/ros_ws_test/install/botcmd_msgs/lib/python2.7/dist-packages/botcmd_msgs/srv/_bot_do_cmd.pyc
[7.886s] -- Up-to-date: /home/handsome/ros_ws_test/install/botcmd_msgs/lib/python2.7/dist-packages/botcmd_msgs/srv/_bot_status_cmd.py
[7.886s] -- Up-to-date: /home/handsome/ros_ws_test/install/botcmd_msgs/lib/python2.7/dist-packages/botcmd_msgs/srv/_bot_Infodata_cmd.py
[7.887s] -- Up-to-date: /home/handsome/ros_ws_test/install/botcmd_msgs/lib/python2.7/dist-packages/botcmd_msgs/__init__.pyc
[7.887s] -- Up-to-date: /home/handsome/ros_ws_test/install/botcmd_msgs/lib/pkgconfig/botcmd_msgs.pc
[7.888s] -- Up-to-date: /home/handsome/ros_ws_test/install/botcmd_msgs/share/botcmd_msgs/cmake/botcmd_msgs-msg-extras.cmake
[7.888s] -- Up-to-date: /home/handsome/ros_ws_test/install/botcmd_msgs/share/botcmd_msgs/cmake/botcmd_msgsConfig.cmake
[7.888s] -- Up-to-date: /home/handsome/ros_ws_test/install/botcmd_msgs/share/botcmd_msgs/cmake/botcmd_msgsConfig-version.cmake
[7.889s] -- Up-to-date: /home/handsome/ros_ws_test/install/botcmd_msgs/share/botcmd_msgs/package.xml
[7.891s] Invoked command in '/home/handsome/ros_ws_test/build/botcmd_msgs' returned '0': /usr/bin/cmake --build /home/handsome/ros_ws_test/build/botcmd_msgs --target install -- -j12 -l12
