[0.099s] Invoking command in '/home/handsome/ros_ws_test/build/ca_msgs': /usr/bin/cmake --build /home/handsome/ros_ws_test/build/ca_msgs -- -j12 -l12
[0.586s] [  0%] Built target std_msgs_generate_messages_lisp
[0.802s] [  0%] Built target std_msgs_generate_messages_eus
[0.836s] [  0%] Built target std_msgs_generate_messages_nodejs
[0.852s] [  0%] Built target std_msgs_generate_messages_py
[0.868s] [  0%] Built target std_msgs_generate_messages_cpp
[1.270s] [  0%] Built target _ca_msgs_generate_messages_check_deps_ChargingState
[1.324s] [  0%] Built target _ca_msgs_generate_messages_check_deps_Bumper
[1.369s] [  0%] Built target _ca_msgs_generate_messages_check_deps_PlaySong
[1.386s] [  0%] Built target _ca_msgs_generate_messages_check_deps_DefineSong
[1.404s] [  0%] Built target _ca_msgs_generate_messages_check_deps_Mode
[1.721s] [ 22%] Built target ca_msgs_generate_messages_py
[1.783s] [ 40%] Built target ca_msgs_generate_messages_cpp
[1.799s] [ 59%] Built target ca_msgs_generate_messages_lisp
[1.905s] [ 77%] Built target ca_msgs_generate_messages_nodejs
[1.906s] [100%] Built target ca_msgs_generate_messages_eus
[2.191s] [100%] Built target ca_msgs_generate_messages
[2.299s] Invoked command in '/home/handsome/ros_ws_test/build/ca_msgs' returned '0': /usr/bin/cmake --build /home/handsome/ros_ws_test/build/ca_msgs -- -j12 -l12
[2.782s] Invoking command in '/home/handsome/ros_ws_test/build/ca_msgs': /usr/bin/cmake --build /home/handsome/ros_ws_test/build/ca_msgs --target tests -- -j12 -l12
[2.949s] Built target tests
[3.033s] Invoked command in '/home/handsome/ros_ws_test/build/ca_msgs' returned '0': /usr/bin/cmake --build /home/handsome/ros_ws_test/build/ca_msgs --target tests -- -j12 -l12
[3.229s] Invoking command in '/home/handsome/ros_ws_test/build/ca_msgs': /usr/bin/cmake --build /home/handsome/ros_ws_test/build/ca_msgs --target install -- -j12 -l12
[3.609s] [  0%] Built target std_msgs_generate_messages_eus
[3.627s] [  0%] Built target std_msgs_generate_messages_cpp
[3.636s] [  0%] Built target std_msgs_generate_messages_nodejs
[3.643s] [  0%] Built target std_msgs_generate_messages_py
[3.654s] [  0%] Built target std_msgs_generate_messages_lisp
[3.792s] [  0%] Built target _ca_msgs_generate_messages_check_deps_PlaySong
[3.793s] [  0%] Built target _ca_msgs_generate_messages_check_deps_Mode
[3.849s] [  0%] Built target _ca_msgs_generate_messages_check_deps_ChargingState
[3.895s] [  0%] Built target _ca_msgs_generate_messages_check_deps_Bumper
[3.897s] [  0%] Built target _ca_msgs_generate_messages_check_deps_DefineSong
[4.075s] [ 18%] Built target ca_msgs_generate_messages_cpp
[4.116s] [ 37%] Built target ca_msgs_generate_messages_lisp
[4.137s] [ 59%] Built target ca_msgs_generate_messages_eus
[4.169s] [ 77%] Built target ca_msgs_generate_messages_nodejs
[4.189s] [100%] Built target ca_msgs_generate_messages_py
[4.377s] [100%] Built target ca_msgs_generate_messages
[4.675s] [36mInstall the project...[0m
[4.788s] -- Install configuration: ""
[4.788s] -- Up-to-date: /home/handsome/ros_ws_test/install/ca_msgs/share/ca_msgs/msg/Bumper.msg
[4.789s] -- Up-to-date: /home/handsome/ros_ws_test/install/ca_msgs/share/ca_msgs/msg/ChargingState.msg
[4.790s] -- Up-to-date: /home/handsome/ros_ws_test/install/ca_msgs/share/ca_msgs/msg/DefineSong.msg
[4.790s] -- Up-to-date: /home/handsome/ros_ws_test/install/ca_msgs/share/ca_msgs/msg/Mode.msg
[4.790s] -- Up-to-date: /home/handsome/ros_ws_test/install/ca_msgs/share/ca_msgs/msg/PlaySong.msg
[4.790s] -- Up-to-date: /home/handsome/ros_ws_test/install/ca_msgs/share/ca_msgs/cmake/ca_msgs-msg-paths.cmake
[4.790s] -- Up-to-date: /home/handsome/ros_ws_test/install/ca_msgs/include/ca_msgs
[4.791s] -- Up-to-date: /home/handsome/ros_ws_test/install/ca_msgs/include/ca_msgs/PlaySong.h
[4.791s] -- Up-to-date: /home/handsome/ros_ws_test/install/ca_msgs/include/ca_msgs/Mode.h
[4.791s] -- Up-to-date: /home/handsome/ros_ws_test/install/ca_msgs/include/ca_msgs/ChargingState.h
[4.792s] -- Up-to-date: /home/handsome/ros_ws_test/install/ca_msgs/include/ca_msgs/Bumper.h
[4.793s] -- Up-to-date: /home/handsome/ros_ws_test/install/ca_msgs/include/ca_msgs/DefineSong.h
[4.793s] -- Up-to-date: /home/handsome/ros_ws_test/install/ca_msgs/share/roseus/ros/ca_msgs
[4.793s] -- Up-to-date: /home/handsome/ros_ws_test/install/ca_msgs/share/roseus/ros/ca_msgs/msg
[4.793s] -- Up-to-date: /home/handsome/ros_ws_test/install/ca_msgs/share/roseus/ros/ca_msgs/msg/ChargingState.l
[4.793s] -- Up-to-date: /home/handsome/ros_ws_test/install/ca_msgs/share/roseus/ros/ca_msgs/msg/DefineSong.l
[4.793s] -- Up-to-date: /home/handsome/ros_ws_test/install/ca_msgs/share/roseus/ros/ca_msgs/msg/PlaySong.l
[4.793s] -- Up-to-date: /home/handsome/ros_ws_test/install/ca_msgs/share/roseus/ros/ca_msgs/msg/Mode.l
[4.793s] -- Up-to-date: /home/handsome/ros_ws_test/install/ca_msgs/share/roseus/ros/ca_msgs/msg/Bumper.l
[4.794s] -- Up-to-date: /home/handsome/ros_ws_test/install/ca_msgs/share/roseus/ros/ca_msgs/manifest.l
[4.794s] -- Up-to-date: /home/handsome/ros_ws_test/install/ca_msgs/share/common-lisp/ros/ca_msgs
[4.794s] -- Up-to-date: /home/handsome/ros_ws_test/install/ca_msgs/share/common-lisp/ros/ca_msgs/msg
[4.794s] -- Up-to-date: /home/handsome/ros_ws_test/install/ca_msgs/share/common-lisp/ros/ca_msgs/msg/_package_PlaySong.lisp
[4.794s] -- Up-to-date: /home/handsome/ros_ws_test/install/ca_msgs/share/common-lisp/ros/ca_msgs/msg/Mode.lisp
[4.794s] -- Up-to-date: /home/handsome/ros_ws_test/install/ca_msgs/share/common-lisp/ros/ca_msgs/msg/ca_msgs-msg.asd
[4.794s] -- Up-to-date: /home/handsome/ros_ws_test/install/ca_msgs/share/common-lisp/ros/ca_msgs/msg/_package_DefineSong.lisp
[4.794s] -- Up-to-date: /home/handsome/ros_ws_test/install/ca_msgs/share/common-lisp/ros/ca_msgs/msg/_package_Bumper.lisp
[4.794s] -- Up-to-date: /home/handsome/ros_ws_test/install/ca_msgs/share/common-lisp/ros/ca_msgs/msg/_package_Mode.lisp
[4.794s] -- Up-to-date: /home/handsome/ros_ws_test/install/ca_msgs/share/common-lisp/ros/ca_msgs/msg/_package.lisp
[4.795s] -- Up-to-date: /home/handsome/ros_ws_test/install/ca_msgs/share/common-lisp/ros/ca_msgs/msg/PlaySong.lisp
[4.795s] -- Up-to-date: /home/handsome/ros_ws_test/install/ca_msgs/share/common-lisp/ros/ca_msgs/msg/DefineSong.lisp
[4.795s] -- Up-to-date: /home/handsome/ros_ws_test/install/ca_msgs/share/common-lisp/ros/ca_msgs/msg/ChargingState.lisp
[4.796s] -- Up-to-date: /home/handsome/ros_ws_test/install/ca_msgs/share/common-lisp/ros/ca_msgs/msg/Bumper.lisp
[4.796s] -- Up-to-date: /home/handsome/ros_ws_test/install/ca_msgs/share/common-lisp/ros/ca_msgs/msg/_package_ChargingState.lisp
[4.796s] -- Up-to-date: /home/handsome/ros_ws_test/install/ca_msgs/share/gennodejs/ros/ca_msgs
[4.796s] -- Up-to-date: /home/handsome/ros_ws_test/install/ca_msgs/share/gennodejs/ros/ca_msgs/msg
[4.796s] -- Up-to-date: /home/handsome/ros_ws_test/install/ca_msgs/share/gennodejs/ros/ca_msgs/msg/Mode.js
[4.796s] -- Up-to-date: /home/handsome/ros_ws_test/install/ca_msgs/share/gennodejs/ros/ca_msgs/msg/PlaySong.js
[4.796s] -- Up-to-date: /home/handsome/ros_ws_test/install/ca_msgs/share/gennodejs/ros/ca_msgs/msg/ChargingState.js
[4.796s] -- Up-to-date: /home/handsome/ros_ws_test/install/ca_msgs/share/gennodejs/ros/ca_msgs/msg/_index.js
[4.800s] -- Up-to-date: /home/handsome/ros_ws_test/install/ca_msgs/share/gennodejs/ros/ca_msgs/msg/Bumper.js
[4.802s] -- Up-to-date: /home/handsome/ros_ws_test/install/ca_msgs/share/gennodejs/ros/ca_msgs/msg/DefineSong.js
[4.802s] -- Up-to-date: /home/handsome/ros_ws_test/install/ca_msgs/share/gennodejs/ros/ca_msgs/_index.js
[4.922s] Listing /home/handsome/ros_ws_test/build/ca_msgs/devel/lib/python2.7/dist-packages/ca_msgs ...
[4.922s] Listing /home/handsome/ros_ws_test/build/ca_msgs/devel/lib/python2.7/dist-packages/ca_msgs/msg ...
[4.926s] -- Up-to-date: /home/handsome/ros_ws_test/install/ca_msgs/lib/python2.7/dist-packages/ca_msgs
[4.927s] -- Up-to-date: /home/handsome/ros_ws_test/install/ca_msgs/lib/python2.7/dist-packages/ca_msgs/msg
[4.927s] -- Up-to-date: /home/handsome/ros_ws_test/install/ca_msgs/lib/python2.7/dist-packages/ca_msgs/msg/_DefineSong.pyc
[4.927s] -- Up-to-date: /home/handsome/ros_ws_test/install/ca_msgs/lib/python2.7/dist-packages/ca_msgs/msg/_DefineSong.py
[4.927s] -- Up-to-date: /home/handsome/ros_ws_test/install/ca_msgs/lib/python2.7/dist-packages/ca_msgs/msg/_ChargingState.py
[4.927s] -- Up-to-date: /home/handsome/ros_ws_test/install/ca_msgs/lib/python2.7/dist-packages/ca_msgs/msg/__init__.py
[4.927s] -- Up-to-date: /home/handsome/ros_ws_test/install/ca_msgs/lib/python2.7/dist-packages/ca_msgs/msg/_Bumper.py
[4.927s] -- Up-to-date: /home/handsome/ros_ws_test/install/ca_msgs/lib/python2.7/dist-packages/ca_msgs/msg/_Mode.pyc
[4.929s] -- Up-to-date: /home/handsome/ros_ws_test/install/ca_msgs/lib/python2.7/dist-packages/ca_msgs/msg/_Mode.py
[4.930s] -- Up-to-date: /home/handsome/ros_ws_test/install/ca_msgs/lib/python2.7/dist-packages/ca_msgs/msg/_Bumper.pyc
[4.930s] -- Up-to-date: /home/handsome/ros_ws_test/install/ca_msgs/lib/python2.7/dist-packages/ca_msgs/msg/_PlaySong.py
[4.930s] -- Up-to-date: /home/handsome/ros_ws_test/install/ca_msgs/lib/python2.7/dist-packages/ca_msgs/msg/_PlaySong.pyc
[4.930s] -- Up-to-date: /home/handsome/ros_ws_test/install/ca_msgs/lib/python2.7/dist-packages/ca_msgs/msg/_ChargingState.pyc
[4.930s] -- Up-to-date: /home/handsome/ros_ws_test/install/ca_msgs/lib/python2.7/dist-packages/ca_msgs/msg/__init__.pyc
[4.930s] -- Up-to-date: /home/handsome/ros_ws_test/install/ca_msgs/lib/python2.7/dist-packages/ca_msgs/__init__.py
[4.930s] -- Up-to-date: /home/handsome/ros_ws_test/install/ca_msgs/lib/python2.7/dist-packages/ca_msgs/__init__.pyc
[4.930s] -- Up-to-date: /home/handsome/ros_ws_test/install/ca_msgs/lib/pkgconfig/ca_msgs.pc
[4.930s] -- Up-to-date: /home/handsome/ros_ws_test/install/ca_msgs/share/ca_msgs/cmake/ca_msgs-msg-extras.cmake
[4.931s] -- Up-to-date: /home/handsome/ros_ws_test/install/ca_msgs/share/ca_msgs/cmake/ca_msgsConfig.cmake
[4.931s] -- Up-to-date: /home/handsome/ros_ws_test/install/ca_msgs/share/ca_msgs/cmake/ca_msgsConfig-version.cmake
[4.932s] -- Up-to-date: /home/handsome/ros_ws_test/install/ca_msgs/share/ca_msgs/package.xml
[4.942s] Invoked command in '/home/handsome/ros_ws_test/build/ca_msgs' returned '0': /usr/bin/cmake --build /home/handsome/ros_ws_test/build/ca_msgs --target install -- -j12 -l12
