[0.388s] Invoking command in '/home/handsome/ros_ws_test/build/nav_core2': CMAKE_PREFIX_PATH=/home/handsome/ros_ws_test/install/nav_grid:/home/handsome/ros_ws_test/install/nav_2d_msgs:${CMAKE_PREFIX_PATH} PKG_CONFIG_PATH=/home/handsome/ros_ws_test/install/nav_grid/lib/x86_64-linux-gnu/pkgconfig:/home/handsome/ros_ws_test/install/nav_grid/lib/pkgconfig:/home/handsome/ros_ws_test/install/nav_2d_msgs/lib/x86_64-linux-gnu/pkgconfig:/home/handsome/ros_ws_test/install/nav_2d_msgs/lib/pkgconfig:${PKG_CONFIG_PATH} PYTHONPATH=/home/handsome/ros_ws_test/install/nav_2d_msgs/lib/python2.7/dist-packages:${PYTHONPATH} ROS_PACKAGE_PATH=/home/handsome/ros_ws_test/install/nav_grid/share:/home/handsome/ros_ws_test/install/nav_2d_msgs/share:${ROS_PACKAGE_PATH} /usr/bin/cmake --build /home/handsome/ros_ws_test/build/nav_core2 -- -j12 -l12
[1.318s] [100%] Built target basic_costmap
[1.477s] Invoked command in '/home/handsome/ros_ws_test/build/nav_core2' returned '0': CMAKE_PREFIX_PATH=/home/handsome/ros_ws_test/install/nav_grid:/home/handsome/ros_ws_test/install/nav_2d_msgs:${CMAKE_PREFIX_PATH} PKG_CONFIG_PATH=/home/handsome/ros_ws_test/install/nav_grid/lib/x86_64-linux-gnu/pkgconfig:/home/handsome/ros_ws_test/install/nav_grid/lib/pkgconfig:/home/handsome/ros_ws_test/install/nav_2d_msgs/lib/x86_64-linux-gnu/pkgconfig:/home/handsome/ros_ws_test/install/nav_2d_msgs/lib/pkgconfig:${PKG_CONFIG_PATH} PYTHONPATH=/home/handsome/ros_ws_test/install/nav_2d_msgs/lib/python2.7/dist-packages:${PYTHONPATH} ROS_PACKAGE_PATH=/home/handsome/ros_ws_test/install/nav_grid/share:/home/handsome/ros_ws_test/install/nav_2d_msgs/share:${ROS_PACKAGE_PATH} /usr/bin/cmake --build /home/handsome/ros_ws_test/build/nav_core2 -- -j12 -l12
[2.637s] Invoking command in '/home/handsome/ros_ws_test/build/nav_core2': CMAKE_PREFIX_PATH=/home/handsome/ros_ws_test/install/nav_grid:/home/handsome/ros_ws_test/install/nav_2d_msgs:${CMAKE_PREFIX_PATH} PKG_CONFIG_PATH=/home/handsome/ros_ws_test/install/nav_grid/lib/x86_64-linux-gnu/pkgconfig:/home/handsome/ros_ws_test/install/nav_grid/lib/pkgconfig:/home/handsome/ros_ws_test/install/nav_2d_msgs/lib/x86_64-linux-gnu/pkgconfig:/home/handsome/ros_ws_test/install/nav_2d_msgs/lib/pkgconfig:${PKG_CONFIG_PATH} PYTHONPATH=/home/handsome/ros_ws_test/install/nav_2d_msgs/lib/python2.7/dist-packages:${PYTHONPATH} ROS_PACKAGE_PATH=/home/handsome/ros_ws_test/install/nav_grid/share:/home/handsome/ros_ws_test/install/nav_2d_msgs/share:${ROS_PACKAGE_PATH} /usr/bin/cmake --build /home/handsome/ros_ws_test/build/nav_core2 --target tests -- -j12 -l12
[3.065s] [ 50%] Built target gtest
[3.224s] [100%] Built target bounds_test
[3.352s] [100%] Built target tests
[3.393s] Invoked command in '/home/handsome/ros_ws_test/build/nav_core2' returned '0': CMAKE_PREFIX_PATH=/home/handsome/ros_ws_test/install/nav_grid:/home/handsome/ros_ws_test/install/nav_2d_msgs:${CMAKE_PREFIX_PATH} PKG_CONFIG_PATH=/home/handsome/ros_ws_test/install/nav_grid/lib/x86_64-linux-gnu/pkgconfig:/home/handsome/ros_ws_test/install/nav_grid/lib/pkgconfig:/home/handsome/ros_ws_test/install/nav_2d_msgs/lib/x86_64-linux-gnu/pkgconfig:/home/handsome/ros_ws_test/install/nav_2d_msgs/lib/pkgconfig:${PKG_CONFIG_PATH} PYTHONPATH=/home/handsome/ros_ws_test/install/nav_2d_msgs/lib/python2.7/dist-packages:${PYTHONPATH} ROS_PACKAGE_PATH=/home/handsome/ros_ws_test/install/nav_grid/share:/home/handsome/ros_ws_test/install/nav_2d_msgs/share:${ROS_PACKAGE_PATH} /usr/bin/cmake --build /home/handsome/ros_ws_test/build/nav_core2 --target tests -- -j12 -l12
[4.209s] Invoking command in '/home/handsome/ros_ws_test/build/nav_core2': CMAKE_PREFIX_PATH=/home/handsome/ros_ws_test/install/nav_grid:/home/handsome/ros_ws_test/install/nav_2d_msgs:${CMAKE_PREFIX_PATH} PKG_CONFIG_PATH=/home/handsome/ros_ws_test/install/nav_grid/lib/x86_64-linux-gnu/pkgconfig:/home/handsome/ros_ws_test/install/nav_grid/lib/pkgconfig:/home/handsome/ros_ws_test/install/nav_2d_msgs/lib/x86_64-linux-gnu/pkgconfig:/home/handsome/ros_ws_test/install/nav_2d_msgs/lib/pkgconfig:${PKG_CONFIG_PATH} PYTHONPATH=/home/handsome/ros_ws_test/install/nav_2d_msgs/lib/python2.7/dist-packages:${PYTHONPATH} ROS_PACKAGE_PATH=/home/handsome/ros_ws_test/install/nav_grid/share:/home/handsome/ros_ws_test/install/nav_2d_msgs/share:${ROS_PACKAGE_PATH} /usr/bin/cmake --build /home/handsome/ros_ws_test/build/nav_core2 --target install -- -j12 -l12
[4.585s] [100%] Built target basic_costmap
[4.783s] [36mInstall the project...[0m
[4.820s] -- Install configuration: ""
[4.820s] -- Up-to-date: /home/handsome/ros_ws_test/install/nav_core2/lib/pkgconfig/nav_core2.pc
[4.820s] -- Up-to-date: /home/handsome/ros_ws_test/install/nav_core2/share/nav_core2/cmake/nav_core2Config.cmake
[4.820s] -- Up-to-date: /home/handsome/ros_ws_test/install/nav_core2/share/nav_core2/cmake/nav_core2Config-version.cmake
[4.821s] -- Up-to-date: /home/handsome/ros_ws_test/install/nav_core2/share/nav_core2/package.xml
[4.821s] -- Up-to-date: /home/handsome/ros_ws_test/install/nav_core2/include/nav_core2
[4.821s] -- Up-to-date: /home/handsome/ros_ws_test/install/nav_core2/include/nav_core2/costmap.h
[4.822s] -- Up-to-date: /home/handsome/ros_ws_test/install/nav_core2/include/nav_core2/bounds.h
[4.822s] -- Up-to-date: /home/handsome/ros_ws_test/install/nav_core2/include/nav_core2/exceptions.h
[4.822s] -- Up-to-date: /home/handsome/ros_ws_test/install/nav_core2/include/nav_core2/local_planner.h
[4.822s] -- Up-to-date: /home/handsome/ros_ws_test/install/nav_core2/include/nav_core2/basic_costmap.h
[4.822s] -- Up-to-date: /home/handsome/ros_ws_test/install/nav_core2/include/nav_core2/global_planner.h
[4.822s] -- Up-to-date: /home/handsome/ros_ws_test/install/nav_core2/include/nav_core2/common.h
[4.822s] -- Up-to-date: /home/handsome/ros_ws_test/install/nav_core2/lib/libbasic_costmap.so
[4.829s] Invoked command in '/home/handsome/ros_ws_test/build/nav_core2' returned '0': CMAKE_PREFIX_PATH=/home/handsome/ros_ws_test/install/nav_grid:/home/handsome/ros_ws_test/install/nav_2d_msgs:${CMAKE_PREFIX_PATH} PKG_CONFIG_PATH=/home/handsome/ros_ws_test/install/nav_grid/lib/x86_64-linux-gnu/pkgconfig:/home/handsome/ros_ws_test/install/nav_grid/lib/pkgconfig:/home/handsome/ros_ws_test/install/nav_2d_msgs/lib/x86_64-linux-gnu/pkgconfig:/home/handsome/ros_ws_test/install/nav_2d_msgs/lib/pkgconfig:${PKG_CONFIG_PATH} PYTHONPATH=/home/handsome/ros_ws_test/install/nav_2d_msgs/lib/python2.7/dist-packages:${PYTHONPATH} ROS_PACKAGE_PATH=/home/handsome/ros_ws_test/install/nav_grid/share:/home/handsome/ros_ws_test/install/nav_2d_msgs/share:${ROS_PACKAGE_PATH} /usr/bin/cmake --build /home/handsome/ros_ws_test/build/nav_core2 --target install -- -j12 -l12
