[0.111s] Invoking command in '/home/handsome/ros_ws_test/build/car_db_manager_msgs': /usr/bin/cmake --build /home/handsome/ros_ws_test/build/car_db_manager_msgs -- -j12 -l12
[0.634s] [  0%] Built target actionlib_msgs_generate_messages_eus
[0.661s] [  0%] Built target std_msgs_generate_messages_eus
[0.838s] [  0%] Built target geometry_msgs_generate_messages_eus
[0.849s] [  0%] Built target std_srvs_generate_messages_eus
[0.907s] [  0%] Built target _car_db_manager_msgs_generate_messages_check_deps_PidCtrlParametersCmd
[1.107s] [  0%] Built target _car_db_manager_msgs_generate_messages_check_deps_WorkSheetItems
[1.244s] [  0%] Built target _car_db_manager_msgs_generate_messages_check_deps_ActionFunctionParameters
[1.304s] [  0%] Built target _car_db_manager_msgs_generate_messages_check_deps_WorkSheetItemsCmd
[1.386s] [  0%] Built target _car_db_manager_msgs_generate_messages_check_deps_CheckParameters
[1.393s] [  0%] Built target _car_db_manager_msgs_generate_messages_check_deps_CheckParametersCmd
[1.474s] [  0%] Built target _car_db_manager_msgs_generate_messages_check_deps_OperatecodeParameters
[1.476s] [  0%] Built target _car_db_manager_msgs_generate_messages_check_deps_car_db_processFeedback
[1.530s] [  0%] Built target _car_db_manager_msgs_generate_messages_check_deps_car_db_processAction
[1.621s] [  0%] Built target _car_db_manager_msgs_generate_messages_check_deps_CarAlarmHistoryCmd
[1.772s] [  0%] Built target _car_db_manager_msgs_generate_messages_check_deps_CarOperateHistoryCmd
[1.864s] [  0%] Built target _car_db_manager_msgs_generate_messages_check_deps_TargerPos2dParametersCmd
[1.897s] [  0%] Built target _car_db_manager_msgs_generate_messages_check_deps_car_db_process_recoveryActionResult
[1.904s] [  0%] Built target _car_db_manager_msgs_generate_messages_check_deps_car_db_process_recoveryActionFeedback
[2.018s] [  0%] Built target _car_db_manager_msgs_generate_messages_check_deps_WorkSheetMain
[2.160s] [  0%] Built target _car_db_manager_msgs_generate_messages_check_deps_car_db_process_recoveryAction
[2.171s] [  0%] Built target _car_db_manager_msgs_generate_messages_check_deps_CarOperateHistory
[2.174s] [  0%] Built target _car_db_manager_msgs_generate_messages_check_deps_car_db_processActionFeedback
[2.177s] [  0%] Built target _car_db_manager_msgs_generate_messages_check_deps_car_db_processActionGoal
[2.183s] [  0%] Built target _car_db_manager_msgs_generate_messages_check_deps_car_db_processGoal
[2.243s] [  0%] Built target _car_db_manager_msgs_generate_messages_check_deps_OperatecodeParametersCmd
[2.337s] [  0%] Built target _car_db_manager_msgs_generate_messages_check_deps_TargerPos2dParameters
[2.469s] [  0%] Built target _car_db_manager_msgs_generate_messages_check_deps_CarAlarmHistory
[2.474s] [  0%] Built target _car_db_manager_msgs_generate_messages_check_deps_car_db_processResult
[2.509s] [  0%] Built target _car_db_manager_msgs_generate_messages_check_deps_car_db_process_recoveryActionGoal
[2.572s] [  0%] Built target _car_db_manager_msgs_generate_messages_check_deps_ActionFunctionParametersCmd
[2.578s] [  0%] Built target _car_db_manager_msgs_generate_messages_check_deps_AlarmcodeParameters
[2.648s] [  0%] Built target _car_db_manager_msgs_generate_messages_check_deps_car_db_process_recoveryResult
[2.652s] [  0%] Built target _car_db_manager_msgs_generate_messages_check_deps_WorkSheetMainCmd
[2.653s] [  0%] Built target _car_db_manager_msgs_generate_messages_check_deps_car_db_process_recoveryFeedback
[2.660s] [  0%] Built target _car_db_manager_msgs_generate_messages_check_deps_PidCtrlParameters
[2.685s] [  0%] Built target std_msgs_generate_messages_nodejs
[2.688s] [  0%] Built target std_srvs_generate_messages_nodejs
[2.690s] [  0%] Built target _car_db_manager_msgs_generate_messages_check_deps_car_db_processActionResult
[2.708s] [  0%] Built target actionlib_msgs_generate_messages_nodejs
[2.724s] [  0%] Built target geometry_msgs_generate_messages_nodejs
[2.728s] [  0%] Built target _car_db_manager_msgs_generate_messages_check_deps_car_db_process_recoveryGoal
[2.753s] [  0%] Built target _car_db_manager_msgs_generate_messages_check_deps_AlarmcodeParametersCmd
[2.768s] [  0%] Built target geometry_msgs_generate_messages_py
[2.779s] [  0%] Built target std_srvs_generate_messages_py
[2.791s] [  0%] Built target std_msgs_generate_messages_py
[2.802s] [  0%] Built target geometry_msgs_generate_messages_cpp
[2.820s] [  0%] Built target actionlib_msgs_generate_messages_py
[2.827s] [  0%] Built target std_msgs_generate_messages_cpp
[2.835s] [  0%] Built target actionlib_msgs_generate_messages_lisp
[2.841s] [  0%] Built target geometry_msgs_generate_messages_lisp
[2.843s] [  0%] Built target std_msgs_generate_messages_lisp
[2.847s] [  0%] Built target std_srvs_generate_messages_lisp
[2.874s] [  0%] Built target std_srvs_generate_messages_cpp
[2.876s] [  0%] Built target actionlib_msgs_generate_messages_cpp
[2.890s] [ 20%] Built target car_db_manager_msgs_generate_messages_nodejs
[2.894s] [ 41%] Built target car_db_manager_msgs_generate_messages_py
[2.898s] [ 61%] Built target car_db_manager_msgs_generate_messages_eus
[2.915s] [ 80%] Built target car_db_manager_msgs_generate_messages_lisp
[2.938s] [100%] Built target car_db_manager_msgs_generate_messages_cpp
[2.992s] [100%] Built target car_db_manager_msgs_generate_messages
[3.022s] Invoked command in '/home/handsome/ros_ws_test/build/car_db_manager_msgs' returned '0': /usr/bin/cmake --build /home/handsome/ros_ws_test/build/car_db_manager_msgs -- -j12 -l12
[3.474s] Invoking command in '/home/handsome/ros_ws_test/build/car_db_manager_msgs': /usr/bin/cmake --build /home/handsome/ros_ws_test/build/car_db_manager_msgs --target tests -- -j12 -l12
[4.048s] Built target tests
[4.139s] Invoked command in '/home/handsome/ros_ws_test/build/car_db_manager_msgs' returned '0': /usr/bin/cmake --build /home/handsome/ros_ws_test/build/car_db_manager_msgs --target tests -- -j12 -l12
[6.127s] Invoking command in '/home/handsome/ros_ws_test/build/car_db_manager_msgs': /usr/bin/cmake --build /home/handsome/ros_ws_test/build/car_db_manager_msgs --target install -- -j12 -l12
[6.714s] [  0%] Built target geometry_msgs_generate_messages_eus
[6.814s] [  0%] Built target std_msgs_generate_messages_eus
[6.829s] [  0%] Built target _car_db_manager_msgs_generate_messages_check_deps_CheckParameters
[6.852s] [  0%] Built target std_srvs_generate_messages_eus
[6.871s] [  0%] Built target actionlib_msgs_generate_messages_eus
[6.894s] [  0%] Built target _car_db_manager_msgs_generate_messages_check_deps_WorkSheetItems
[6.912s] [  0%] Built target _car_db_manager_msgs_generate_messages_check_deps_WorkSheetItemsCmd
[7.043s] [  0%] Built target _car_db_manager_msgs_generate_messages_check_deps_CheckParametersCmd
[7.083s] [  0%] Built target _car_db_manager_msgs_generate_messages_check_deps_ActionFunctionParameters
[7.090s] [  0%] Built target _car_db_manager_msgs_generate_messages_check_deps_car_db_processFeedback
[7.135s] [  0%] Built target _car_db_manager_msgs_generate_messages_check_deps_PidCtrlParametersCmd
[7.146s] [  0%] Built target _car_db_manager_msgs_generate_messages_check_deps_OperatecodeParameters
[7.180s] [  0%] Built target _car_db_manager_msgs_generate_messages_check_deps_car_db_processAction
[7.249s] [  0%] Built target _car_db_manager_msgs_generate_messages_check_deps_CarAlarmHistoryCmd
[7.338s] [  0%] Built target _car_db_manager_msgs_generate_messages_check_deps_WorkSheetMain
[7.364s] [  0%] Built target _car_db_manager_msgs_generate_messages_check_deps_TargerPos2dParametersCmd
[7.442s] [  0%] Built target _car_db_manager_msgs_generate_messages_check_deps_car_db_process_recoveryActionFeedback
[7.516s] [  0%] Built target _car_db_manager_msgs_generate_messages_check_deps_car_db_process_recoveryActionResult
[7.627s] [  0%] Built target _car_db_manager_msgs_generate_messages_check_deps_CarOperateHistoryCmd
[7.629s] [  0%] Built target _car_db_manager_msgs_generate_messages_check_deps_car_db_processActionFeedback
[7.629s] [  0%] Built target _car_db_manager_msgs_generate_messages_check_deps_car_db_process_recoveryAction
[7.670s] [  0%] Built target _car_db_manager_msgs_generate_messages_check_deps_TargerPos2dParameters
[7.698s] [  0%] Built target _car_db_manager_msgs_generate_messages_check_deps_CarOperateHistory
[7.738s] [  0%] Built target _car_db_manager_msgs_generate_messages_check_deps_OperatecodeParametersCmd
[7.759s] [  0%] Built target _car_db_manager_msgs_generate_messages_check_deps_car_db_processActionGoal
[7.796s] [  0%] Built target _car_db_manager_msgs_generate_messages_check_deps_ActionFunctionParametersCmd
[7.828s] [  0%] Built target _car_db_manager_msgs_generate_messages_check_deps_car_db_processResult
[7.837s] [  0%] Built target _car_db_manager_msgs_generate_messages_check_deps_car_db_processGoal
[7.920s] [  0%] Built target _car_db_manager_msgs_generate_messages_check_deps_car_db_process_recoveryActionGoal
[7.942s] [  0%] Built target _car_db_manager_msgs_generate_messages_check_deps_AlarmcodeParameters
[7.958s] [  0%] Built target _car_db_manager_msgs_generate_messages_check_deps_CarAlarmHistory
[7.975s] [  0%] Built target _car_db_manager_msgs_generate_messages_check_deps_car_db_processActionResult
[8.006s] [  0%] Built target std_msgs_generate_messages_nodejs
[8.038s] [  0%] Built target std_srvs_generate_messages_nodejs
[8.061s] [  0%] Built target actionlib_msgs_generate_messages_nodejs
[8.065s] [  0%] Built target _car_db_manager_msgs_generate_messages_check_deps_PidCtrlParameters
[8.099s] [  0%] Built target _car_db_manager_msgs_generate_messages_check_deps_car_db_process_recoveryGoal
[8.102s] [  0%] Built target _car_db_manager_msgs_generate_messages_check_deps_car_db_process_recoveryResult
[8.131s] [  0%] Built target geometry_msgs_generate_messages_py
[8.162s] [  0%] Built target geometry_msgs_generate_messages_nodejs
[8.178s] [  0%] Built target actionlib_msgs_generate_messages_py
[8.195s] [  0%] Built target _car_db_manager_msgs_generate_messages_check_deps_WorkSheetMainCmd
[8.228s] [  0%] Built target std_msgs_generate_messages_py
[8.238s] [  0%] Built target geometry_msgs_generate_messages_cpp
[8.243s] [  0%] Built target _car_db_manager_msgs_generate_messages_check_deps_AlarmcodeParametersCmd
[8.244s] [  0%] Built target std_msgs_generate_messages_cpp
[8.245s] [  0%] Built target std_srvs_generate_messages_py
[8.248s] [  0%] Built target _car_db_manager_msgs_generate_messages_check_deps_car_db_process_recoveryFeedback
[8.275s] [  0%] Built target actionlib_msgs_generate_messages_lisp
[8.296s] [  0%] Built target std_srvs_generate_messages_cpp
[8.311s] [  0%] Built target actionlib_msgs_generate_messages_cpp
[8.322s] [  0%] Built target geometry_msgs_generate_messages_lisp
[8.343s] [  0%] Built target std_msgs_generate_messages_lisp
[8.435s] [ 21%] Built target car_db_manager_msgs_generate_messages_py
[8.449s] [ 22%] Built target std_srvs_generate_messages_lisp
[8.449s] [ 41%] Built target car_db_manager_msgs_generate_messages_nodejs
[8.488s] [ 61%] Built target car_db_manager_msgs_generate_messages_eus
[8.516s] [ 80%] Built target car_db_manager_msgs_generate_messages_cpp
[8.550s] [100%] Built target car_db_manager_msgs_generate_messages_lisp
[8.619s] [100%] Built target car_db_manager_msgs_generate_messages
[8.684s] [36mInstall the project...[0m
[8.716s] -- Install configuration: ""
[8.717s] -- Up-to-date: /home/handsome/ros_ws_test/install/car_db_manager_msgs/share/car_db_manager_msgs/msg/CheckParameters.msg
[8.717s] -- Up-to-date: /home/handsome/ros_ws_test/install/car_db_manager_msgs/share/car_db_manager_msgs/msg/PidCtrlParameters.msg
[8.717s] -- Up-to-date: /home/handsome/ros_ws_test/install/car_db_manager_msgs/share/car_db_manager_msgs/msg/TargerPos2dParameters.msg
[8.717s] -- Up-to-date: /home/handsome/ros_ws_test/install/car_db_manager_msgs/share/car_db_manager_msgs/msg/AlarmcodeParameters.msg
[8.717s] -- Up-to-date: /home/handsome/ros_ws_test/install/car_db_manager_msgs/share/car_db_manager_msgs/msg/OperatecodeParameters.msg
[8.718s] -- Up-to-date: /home/handsome/ros_ws_test/install/car_db_manager_msgs/share/car_db_manager_msgs/msg/CarAlarmHistory.msg
[8.718s] -- Up-to-date: /home/handsome/ros_ws_test/install/car_db_manager_msgs/share/car_db_manager_msgs/msg/CarOperateHistory.msg
[8.719s] -- Up-to-date: /home/handsome/ros_ws_test/install/car_db_manager_msgs/share/car_db_manager_msgs/msg/ActionFunctionParameters.msg
[8.719s] -- Up-to-date: /home/handsome/ros_ws_test/install/car_db_manager_msgs/share/car_db_manager_msgs/msg/WorkSheetMain.msg
[8.719s] -- Up-to-date: /home/handsome/ros_ws_test/install/car_db_manager_msgs/share/car_db_manager_msgs/msg/WorkSheetItems.msg
[8.720s] -- Up-to-date: /home/handsome/ros_ws_test/install/car_db_manager_msgs/share/car_db_manager_msgs/srv/CheckParametersCmd.srv
[8.720s] -- Up-to-date: /home/handsome/ros_ws_test/install/car_db_manager_msgs/share/car_db_manager_msgs/srv/PidCtrlParametersCmd.srv
[8.720s] -- Up-to-date: /home/handsome/ros_ws_test/install/car_db_manager_msgs/share/car_db_manager_msgs/srv/TargerPos2dParametersCmd.srv
[8.720s] -- Up-to-date: /home/handsome/ros_ws_test/install/car_db_manager_msgs/share/car_db_manager_msgs/srv/AlarmcodeParametersCmd.srv
[8.720s] -- Up-to-date: /home/handsome/ros_ws_test/install/car_db_manager_msgs/share/car_db_manager_msgs/srv/OperatecodeParametersCmd.srv
[8.720s] -- Up-to-date: /home/handsome/ros_ws_test/install/car_db_manager_msgs/share/car_db_manager_msgs/srv/CarAlarmHistoryCmd.srv
[8.720s] -- Up-to-date: /home/handsome/ros_ws_test/install/car_db_manager_msgs/share/car_db_manager_msgs/srv/CarOperateHistoryCmd.srv
[8.720s] -- Up-to-date: /home/handsome/ros_ws_test/install/car_db_manager_msgs/share/car_db_manager_msgs/srv/ActionFunctionParametersCmd.srv
[8.720s] -- Up-to-date: /home/handsome/ros_ws_test/install/car_db_manager_msgs/share/car_db_manager_msgs/srv/WorkSheetMainCmd.srv
[8.721s] -- Up-to-date: /home/handsome/ros_ws_test/install/car_db_manager_msgs/share/car_db_manager_msgs/srv/WorkSheetItemsCmd.srv
[8.721s] -- Up-to-date: /home/handsome/ros_ws_test/install/car_db_manager_msgs/share/car_db_manager_msgs/action/car_db_process.action
[8.721s] -- Up-to-date: /home/handsome/ros_ws_test/install/car_db_manager_msgs/share/car_db_manager_msgs/action/car_db_process_recovery.action
[8.722s] -- Up-to-date: /home/handsome/ros_ws_test/install/car_db_manager_msgs/share/car_db_manager_msgs/msg/car_db_processAction.msg
[8.722s] -- Up-to-date: /home/handsome/ros_ws_test/install/car_db_manager_msgs/share/car_db_manager_msgs/msg/car_db_processActionGoal.msg
[8.722s] -- Up-to-date: /home/handsome/ros_ws_test/install/car_db_manager_msgs/share/car_db_manager_msgs/msg/car_db_processActionResult.msg
[8.722s] -- Up-to-date: /home/handsome/ros_ws_test/install/car_db_manager_msgs/share/car_db_manager_msgs/msg/car_db_processActionFeedback.msg
[8.722s] -- Up-to-date: /home/handsome/ros_ws_test/install/car_db_manager_msgs/share/car_db_manager_msgs/msg/car_db_processGoal.msg
[8.722s] -- Up-to-date: /home/handsome/ros_ws_test/install/car_db_manager_msgs/share/car_db_manager_msgs/msg/car_db_processResult.msg
[8.722s] -- Up-to-date: /home/handsome/ros_ws_test/install/car_db_manager_msgs/share/car_db_manager_msgs/msg/car_db_processFeedback.msg
[8.723s] -- Up-to-date: /home/handsome/ros_ws_test/install/car_db_manager_msgs/share/car_db_manager_msgs/msg/car_db_process_recoveryAction.msg
[8.723s] -- Up-to-date: /home/handsome/ros_ws_test/install/car_db_manager_msgs/share/car_db_manager_msgs/msg/car_db_process_recoveryActionGoal.msg
[8.723s] -- Up-to-date: /home/handsome/ros_ws_test/install/car_db_manager_msgs/share/car_db_manager_msgs/msg/car_db_process_recoveryActionResult.msg
[8.723s] -- Up-to-date: /home/handsome/ros_ws_test/install/car_db_manager_msgs/share/car_db_manager_msgs/msg/car_db_process_recoveryActionFeedback.msg
[8.723s] -- Up-to-date: /home/handsome/ros_ws_test/install/car_db_manager_msgs/share/car_db_manager_msgs/msg/car_db_process_recoveryGoal.msg
[8.723s] -- Up-to-date: /home/handsome/ros_ws_test/install/car_db_manager_msgs/share/car_db_manager_msgs/msg/car_db_process_recoveryResult.msg
[8.723s] -- Up-to-date: /home/handsome/ros_ws_test/install/car_db_manager_msgs/share/car_db_manager_msgs/msg/car_db_process_recoveryFeedback.msg
[8.723s] -- Up-to-date: /home/handsome/ros_ws_test/install/car_db_manager_msgs/share/car_db_manager_msgs/cmake/car_db_manager_msgs-msg-paths.cmake
[8.723s] -- Up-to-date: /home/handsome/ros_ws_test/install/car_db_manager_msgs/include/car_db_manager_msgs
[8.723s] -- Up-to-date: /home/handsome/ros_ws_test/install/car_db_manager_msgs/include/car_db_manager_msgs/AlarmcodeParametersCmdRequest.h
[8.724s] -- Up-to-date: /home/handsome/ros_ws_test/install/car_db_manager_msgs/include/car_db_manager_msgs/WorkSheetMain.h
[8.724s] -- Up-to-date: /home/handsome/ros_ws_test/install/car_db_manager_msgs/include/car_db_manager_msgs/car_db_processGoal.h
[8.731s] -- Up-to-date: /home/handsome/ros_ws_test/install/car_db_manager_msgs/include/car_db_manager_msgs/OperatecodeParametersCmdResponse.h
[8.732s] -- Up-to-date: /home/handsome/ros_ws_test/install/car_db_manager_msgs/include/car_db_manager_msgs/car_db_process_recoveryAction.h
[8.732s] -- Up-to-date: /home/handsome/ros_ws_test/install/car_db_manager_msgs/include/car_db_manager_msgs/WorkSheetItemsCmdRequest.h
[8.732s] -- Up-to-date: /home/handsome/ros_ws_test/install/car_db_manager_msgs/include/car_db_manager_msgs/car_db_processResult.h
[8.732s] -- Up-to-date: /home/handsome/ros_ws_test/install/car_db_manager_msgs/include/car_db_manager_msgs/WorkSheetMainCmdRequest.h
[8.732s] -- Up-to-date: /home/handsome/ros_ws_test/install/car_db_manager_msgs/include/car_db_manager_msgs/ActionFunctionParameters.h
[8.732s] -- Up-to-date: /home/handsome/ros_ws_test/install/car_db_manager_msgs/include/car_db_manager_msgs/CarAlarmHistoryCmd.h
[8.733s] -- Up-to-date: /home/handsome/ros_ws_test/install/car_db_manager_msgs/include/car_db_manager_msgs/car_db_processActionFeedback.h
[8.733s] -- Up-to-date: /home/handsome/ros_ws_test/install/car_db_manager_msgs/include/car_db_manager_msgs/CarAlarmHistoryCmdResponse.h
[8.733s] -- Up-to-date: /home/handsome/ros_ws_test/install/car_db_manager_msgs/include/car_db_manager_msgs/car_db_processFeedback.h
[8.734s] -- Up-to-date: /home/handsome/ros_ws_test/install/car_db_manager_msgs/include/car_db_manager_msgs/PidCtrlParametersCmdResponse.h
[8.734s] -- Up-to-date: /home/handsome/ros_ws_test/install/car_db_manager_msgs/include/car_db_manager_msgs/car_db_processActionGoal.h
[8.734s] -- Up-to-date: /home/handsome/ros_ws_test/install/car_db_manager_msgs/include/car_db_manager_msgs/AlarmcodeParametersCmd.h
[8.734s] -- Up-to-date: /home/handsome/ros_ws_test/install/car_db_manager_msgs/include/car_db_manager_msgs/AlarmcodeParameters.h
[8.734s] -- Up-to-date: /home/handsome/ros_ws_test/install/car_db_manager_msgs/include/car_db_manager_msgs/CarOperateHistoryCmdRequest.h
[8.734s] -- Up-to-date: /home/handsome/ros_ws_test/install/car_db_manager_msgs/include/car_db_manager_msgs/PidCtrlParametersCmdRequest.h
[8.735s] -- Up-to-date: /home/handsome/ros_ws_test/install/car_db_manager_msgs/include/car_db_manager_msgs/AlarmcodeParametersCmdResponse.h
[8.735s] -- Up-to-date: /home/handsome/ros_ws_test/install/car_db_manager_msgs/include/car_db_manager_msgs/CheckParametersCmdRequest.h
[8.735s] -- Up-to-date: /home/handsome/ros_ws_test/install/car_db_manager_msgs/include/car_db_manager_msgs/PidCtrlParameters.h
[8.735s] -- Up-to-date: /home/handsome/ros_ws_test/install/car_db_manager_msgs/include/car_db_manager_msgs/TargerPos2dParametersCmd.h
[8.735s] -- Up-to-date: /home/handsome/ros_ws_test/install/car_db_manager_msgs/include/car_db_manager_msgs/OperatecodeParameters.h
[8.735s] -- Up-to-date: /home/handsome/ros_ws_test/install/car_db_manager_msgs/include/car_db_manager_msgs/CheckParametersCmd.h
[8.735s] -- Up-to-date: /home/handsome/ros_ws_test/install/car_db_manager_msgs/include/car_db_manager_msgs/CheckParameters.h
[8.735s] -- Up-to-date: /home/handsome/ros_ws_test/install/car_db_manager_msgs/include/car_db_manager_msgs/car_db_process_recoveryGoal.h
[8.735s] -- Up-to-date: /home/handsome/ros_ws_test/install/car_db_manager_msgs/include/car_db_manager_msgs/OperatecodeParametersCmd.h
[8.735s] -- Up-to-date: /home/handsome/ros_ws_test/install/car_db_manager_msgs/include/car_db_manager_msgs/CarAlarmHistory.h
[8.736s] -- Up-to-date: /home/handsome/ros_ws_test/install/car_db_manager_msgs/include/car_db_manager_msgs/TargerPos2dParametersCmdResponse.h
[8.736s] -- Up-to-date: /home/handsome/ros_ws_test/install/car_db_manager_msgs/include/car_db_manager_msgs/car_db_process_recoveryActionResult.h
[8.736s] -- Up-to-date: /home/handsome/ros_ws_test/install/car_db_manager_msgs/include/car_db_manager_msgs/ActionFunctionParametersCmd.h
[8.738s] -- Up-to-date: /home/handsome/ros_ws_test/install/car_db_manager_msgs/include/car_db_manager_msgs/PidCtrlParametersCmd.h
[8.738s] -- Up-to-date: /home/handsome/ros_ws_test/install/car_db_manager_msgs/include/car_db_manager_msgs/CarOperateHistory.h
[8.738s] -- Up-to-date: /home/handsome/ros_ws_test/install/car_db_manager_msgs/include/car_db_manager_msgs/CarOperateHistoryCmd.h
[8.738s] -- Up-to-date: /home/handsome/ros_ws_test/install/car_db_manager_msgs/include/car_db_manager_msgs/CheckParametersCmdResponse.h
[8.738s] -- Up-to-date: /home/handsome/ros_ws_test/install/car_db_manager_msgs/include/car_db_manager_msgs/OperatecodeParametersCmdRequest.h
[8.741s] -- Up-to-date: /home/handsome/ros_ws_test/install/car_db_manager_msgs/include/car_db_manager_msgs/car_db_processAction.h
[8.742s] -- Up-to-date: /home/handsome/ros_ws_test/install/car_db_manager_msgs/include/car_db_manager_msgs/TargerPos2dParametersCmdRequest.h
[8.742s] -- Up-to-date: /home/handsome/ros_ws_test/install/car_db_manager_msgs/include/car_db_manager_msgs/car_db_processActionResult.h
[8.742s] -- Up-to-date: /home/handsome/ros_ws_test/install/car_db_manager_msgs/include/car_db_manager_msgs/WorkSheetItemsCmd.h
[8.742s] -- Up-to-date: /home/handsome/ros_ws_test/install/car_db_manager_msgs/include/car_db_manager_msgs/WorkSheetMainCmd.h
[8.743s] -- Up-to-date: /home/handsome/ros_ws_test/install/car_db_manager_msgs/include/car_db_manager_msgs/ActionFunctionParametersCmdRequest.h
[8.743s] -- Up-to-date: /home/handsome/ros_ws_test/install/car_db_manager_msgs/include/car_db_manager_msgs/car_db_process_recoveryFeedback.h
[8.743s] -- Up-to-date: /home/handsome/ros_ws_test/install/car_db_manager_msgs/include/car_db_manager_msgs/CarOperateHistoryCmdResponse.h
[8.743s] -- Up-to-date: /home/handsome/ros_ws_test/install/car_db_manager_msgs/include/car_db_manager_msgs/WorkSheetItems.h
[8.743s] -- Up-to-date: /home/handsome/ros_ws_test/install/car_db_manager_msgs/include/car_db_manager_msgs/WorkSheetMainCmdResponse.h
[8.743s] -- Up-to-date: /home/handsome/ros_ws_test/install/car_db_manager_msgs/include/car_db_manager_msgs/CarAlarmHistoryCmdRequest.h
[8.744s] -- Up-to-date: /home/handsome/ros_ws_test/install/car_db_manager_msgs/include/car_db_manager_msgs/ActionFunctionParametersCmdResponse.h
[8.744s] -- Up-to-date: /home/handsome/ros_ws_test/install/car_db_manager_msgs/include/car_db_manager_msgs/TargerPos2dParameters.h
[8.756s] -- Up-to-date: /home/handsome/ros_ws_test/install/car_db_manager_msgs/include/car_db_manager_msgs/car_db_process_recoveryActionGoal.h
[8.756s] -- Up-to-date: /home/handsome/ros_ws_test/install/car_db_manager_msgs/include/car_db_manager_msgs/car_db_process_recoveryResult.h
[8.756s] -- Up-to-date: /home/handsome/ros_ws_test/install/car_db_manager_msgs/include/car_db_manager_msgs/car_db_process_recoveryActionFeedback.h
[8.757s] -- Up-to-date: /home/handsome/ros_ws_test/install/car_db_manager_msgs/include/car_db_manager_msgs/WorkSheetItemsCmdResponse.h
[8.757s] -- Up-to-date: /home/handsome/ros_ws_test/install/car_db_manager_msgs/share/roseus/ros/car_db_manager_msgs
[8.757s] -- Up-to-date: /home/handsome/ros_ws_test/install/car_db_manager_msgs/share/roseus/ros/car_db_manager_msgs/msg
[8.757s] -- Up-to-date: /home/handsome/ros_ws_test/install/car_db_manager_msgs/share/roseus/ros/car_db_manager_msgs/msg/OperatecodeParameters.l
[8.758s] -- Up-to-date: /home/handsome/ros_ws_test/install/car_db_manager_msgs/share/roseus/ros/car_db_manager_msgs/msg/PidCtrlParameters.l
[8.758s] -- Up-to-date: /home/handsome/ros_ws_test/install/car_db_manager_msgs/share/roseus/ros/car_db_manager_msgs/msg/CarAlarmHistory.l
[8.758s] -- Up-to-date: /home/handsome/ros_ws_test/install/car_db_manager_msgs/share/roseus/ros/car_db_manager_msgs/msg/ActionFunctionParameters.l
[8.758s] -- Up-to-date: /home/handsome/ros_ws_test/install/car_db_manager_msgs/share/roseus/ros/car_db_manager_msgs/msg/WorkSheetMain.l
[8.758s] -- Up-to-date: /home/handsome/ros_ws_test/install/car_db_manager_msgs/share/roseus/ros/car_db_manager_msgs/msg/car_db_processActionFeedback.l
[8.758s] -- Up-to-date: /home/handsome/ros_ws_test/install/car_db_manager_msgs/share/roseus/ros/car_db_manager_msgs/msg/car_db_processActionGoal.l
[8.758s] -- Up-to-date: /home/handsome/ros_ws_test/install/car_db_manager_msgs/share/roseus/ros/car_db_manager_msgs/msg/car_db_process_recoveryResult.l
[8.758s] -- Up-to-date: /home/handsome/ros_ws_test/install/car_db_manager_msgs/share/roseus/ros/car_db_manager_msgs/msg/car_db_process_recoveryGoal.l
[8.759s] -- Up-to-date: /home/handsome/ros_ws_test/install/car_db_manager_msgs/share/roseus/ros/car_db_manager_msgs/msg/car_db_process_recoveryAction.l
[8.759s] -- Up-to-date: /home/handsome/ros_ws_test/install/car_db_manager_msgs/share/roseus/ros/car_db_manager_msgs/msg/WorkSheetItems.l
[8.759s] -- Up-to-date: /home/handsome/ros_ws_test/install/car_db_manager_msgs/share/roseus/ros/car_db_manager_msgs/msg/car_db_processGoal.l
[8.759s] -- Up-to-date: /home/handsome/ros_ws_test/install/car_db_manager_msgs/share/roseus/ros/car_db_manager_msgs/msg/car_db_process_recoveryActionFeedback.l
[8.759s] -- Up-to-date: /home/handsome/ros_ws_test/install/car_db_manager_msgs/share/roseus/ros/car_db_manager_msgs/msg/car_db_processActionResult.l
[8.759s] -- Up-to-date: /home/handsome/ros_ws_test/install/car_db_manager_msgs/share/roseus/ros/car_db_manager_msgs/msg/car_db_processResult.l
[8.759s] -- Up-to-date: /home/handsome/ros_ws_test/install/car_db_manager_msgs/share/roseus/ros/car_db_manager_msgs/msg/car_db_process_recoveryFeedback.l
[8.759s] -- Up-to-date: /home/handsome/ros_ws_test/install/car_db_manager_msgs/share/roseus/ros/car_db_manager_msgs/msg/CheckParameters.l
[8.759s] -- Up-to-date: /home/handsome/ros_ws_test/install/car_db_manager_msgs/share/roseus/ros/car_db_manager_msgs/msg/car_db_processFeedback.l
[8.759s] -- Up-to-date: /home/handsome/ros_ws_test/install/car_db_manager_msgs/share/roseus/ros/car_db_manager_msgs/msg/TargerPos2dParameters.l
[8.760s] -- Up-to-date: /home/handsome/ros_ws_test/install/car_db_manager_msgs/share/roseus/ros/car_db_manager_msgs/msg/CarOperateHistory.l
[8.760s] -- Up-to-date: /home/handsome/ros_ws_test/install/car_db_manager_msgs/share/roseus/ros/car_db_manager_msgs/msg/car_db_processAction.l
[8.760s] -- Up-to-date: /home/handsome/ros_ws_test/install/car_db_manager_msgs/share/roseus/ros/car_db_manager_msgs/msg/car_db_process_recoveryActionResult.l
[8.760s] -- Up-to-date: /home/handsome/ros_ws_test/install/car_db_manager_msgs/share/roseus/ros/car_db_manager_msgs/msg/AlarmcodeParameters.l
[8.761s] -- Up-to-date: /home/handsome/ros_ws_test/install/car_db_manager_msgs/share/roseus/ros/car_db_manager_msgs/msg/car_db_process_recoveryActionGoal.l
[8.761s] -- Up-to-date: /home/handsome/ros_ws_test/install/car_db_manager_msgs/share/roseus/ros/car_db_manager_msgs/manifest.l
[8.761s] -- Up-to-date: /home/handsome/ros_ws_test/install/car_db_manager_msgs/share/roseus/ros/car_db_manager_msgs/srv
[8.761s] -- Up-to-date: /home/handsome/ros_ws_test/install/car_db_manager_msgs/share/roseus/ros/car_db_manager_msgs/srv/CarAlarmHistoryCmd.l
[8.761s] -- Up-to-date: /home/handsome/ros_ws_test/install/car_db_manager_msgs/share/roseus/ros/car_db_manager_msgs/srv/AlarmcodeParametersCmd.l
[8.761s] -- Up-to-date: /home/handsome/ros_ws_test/install/car_db_manager_msgs/share/roseus/ros/car_db_manager_msgs/srv/WorkSheetItemsCmd.l
[8.762s] -- Up-to-date: /home/handsome/ros_ws_test/install/car_db_manager_msgs/share/roseus/ros/car_db_manager_msgs/srv/PidCtrlParametersCmd.l
[8.762s] -- Up-to-date: /home/handsome/ros_ws_test/install/car_db_manager_msgs/share/roseus/ros/car_db_manager_msgs/srv/OperatecodeParametersCmd.l
[8.762s] -- Up-to-date: /home/handsome/ros_ws_test/install/car_db_manager_msgs/share/roseus/ros/car_db_manager_msgs/srv/ActionFunctionParametersCmd.l
[8.762s] -- Up-to-date: /home/handsome/ros_ws_test/install/car_db_manager_msgs/share/roseus/ros/car_db_manager_msgs/srv/CheckParametersCmd.l
[8.762s] -- Up-to-date: /home/handsome/ros_ws_test/install/car_db_manager_msgs/share/roseus/ros/car_db_manager_msgs/srv/WorkSheetMainCmd.l
[8.762s] -- Up-to-date: /home/handsome/ros_ws_test/install/car_db_manager_msgs/share/roseus/ros/car_db_manager_msgs/srv/TargerPos2dParametersCmd.l
[8.762s] -- Up-to-date: /home/handsome/ros_ws_test/install/car_db_manager_msgs/share/roseus/ros/car_db_manager_msgs/srv/CarOperateHistoryCmd.l
[8.762s] -- Up-to-date: /home/handsome/ros_ws_test/install/car_db_manager_msgs/share/common-lisp/ros/car_db_manager_msgs
[8.762s] -- Up-to-date: /home/handsome/ros_ws_test/install/car_db_manager_msgs/share/common-lisp/ros/car_db_manager_msgs/msg
[8.762s] -- Up-to-date: /home/handsome/ros_ws_test/install/car_db_manager_msgs/share/common-lisp/ros/car_db_manager_msgs/msg/car_db_process_recoveryActionGoal.lisp
[8.763s] -- Up-to-date: /home/handsome/ros_ws_test/install/car_db_manager_msgs/share/common-lisp/ros/car_db_manager_msgs/msg/_package_car_db_processActionFeedback.lisp
[8.763s] -- Up-to-date: /home/handsome/ros_ws_test/install/car_db_manager_msgs/share/common-lisp/ros/car_db_manager_msgs/msg/_package_TargerPos2dParameters.lisp
[8.763s] -- Up-to-date: /home/handsome/ros_ws_test/install/car_db_manager_msgs/share/common-lisp/ros/car_db_manager_msgs/msg/car_db_process_recoveryAction.lisp
[8.763s] -- Up-to-date: /home/handsome/ros_ws_test/install/car_db_manager_msgs/share/common-lisp/ros/car_db_manager_msgs/msg/car_db_processResult.lisp
[8.764s] -- Up-to-date: /home/handsome/ros_ws_test/install/car_db_manager_msgs/share/common-lisp/ros/car_db_manager_msgs/msg/_package_car_db_processFeedback.lisp
[8.764s] -- Up-to-date: /home/handsome/ros_ws_test/install/car_db_manager_msgs/share/common-lisp/ros/car_db_manager_msgs/msg/_package_AlarmcodeParameters.lisp
[8.764s] -- Up-to-date: /home/handsome/ros_ws_test/install/car_db_manager_msgs/share/common-lisp/ros/car_db_manager_msgs/msg/_package_PidCtrlParameters.lisp
[8.772s] -- Up-to-date: /home/handsome/ros_ws_test/install/car_db_manager_msgs/share/common-lisp/ros/car_db_manager_msgs/msg/CarAlarmHistory.lisp
[8.773s] -- Up-to-date: /home/handsome/ros_ws_test/install/car_db_manager_msgs/share/common-lisp/ros/car_db_manager_msgs/msg/CheckParameters.lisp
[8.773s] -- Up-to-date: /home/handsome/ros_ws_test/install/car_db_manager_msgs/share/common-lisp/ros/car_db_manager_msgs/msg/ActionFunctionParameters.lisp
[8.773s] -- Up-to-date: /home/handsome/ros_ws_test/install/car_db_manager_msgs/share/common-lisp/ros/car_db_manager_msgs/msg/PidCtrlParameters.lisp
[8.773s] -- Up-to-date: /home/handsome/ros_ws_test/install/car_db_manager_msgs/share/common-lisp/ros/car_db_manager_msgs/msg/_package_car_db_process_recoveryAction.lisp
[8.774s] -- Up-to-date: /home/handsome/ros_ws_test/install/car_db_manager_msgs/share/common-lisp/ros/car_db_manager_msgs/msg/OperatecodeParameters.lisp
[8.774s] -- Up-to-date: /home/handsome/ros_ws_test/install/car_db_manager_msgs/share/common-lisp/ros/car_db_manager_msgs/msg/car_db_processGoal.lisp
[8.774s] -- Up-to-date: /home/handsome/ros_ws_test/install/car_db_manager_msgs/share/common-lisp/ros/car_db_manager_msgs/msg/car_db_process_recoveryActionResult.lisp
[8.774s] -- Up-to-date: /home/handsome/ros_ws_test/install/car_db_manager_msgs/share/common-lisp/ros/car_db_manager_msgs/msg/_package_CarAlarmHistory.lisp
[8.774s] -- Up-to-date: /home/handsome/ros_ws_test/install/car_db_manager_msgs/share/common-lisp/ros/car_db_manager_msgs/msg/_package_car_db_processActionGoal.lisp
[8.774s] -- Up-to-date: /home/handsome/ros_ws_test/install/car_db_manager_msgs/share/common-lisp/ros/car_db_manager_msgs/msg/_package_WorkSheetMain.lisp
[8.774s] -- Up-to-date: /home/handsome/ros_ws_test/install/car_db_manager_msgs/share/common-lisp/ros/car_db_manager_msgs/msg/_package_CarOperateHistory.lisp
[8.775s] -- Up-to-date: /home/handsome/ros_ws_test/install/car_db_manager_msgs/share/common-lisp/ros/car_db_manager_msgs/msg/_package_CheckParameters.lisp
[8.775s] -- Up-to-date: /home/handsome/ros_ws_test/install/car_db_manager_msgs/share/common-lisp/ros/car_db_manager_msgs/msg/car_db_manager_msgs-msg.asd
[8.775s] -- Up-to-date: /home/handsome/ros_ws_test/install/car_db_manager_msgs/share/common-lisp/ros/car_db_manager_msgs/msg/_package.lisp
[8.775s] -- Up-to-date: /home/handsome/ros_ws_test/install/car_db_manager_msgs/share/common-lisp/ros/car_db_manager_msgs/msg/TargerPos2dParameters.lisp
[8.775s] -- Up-to-date: /home/handsome/ros_ws_test/install/car_db_manager_msgs/share/common-lisp/ros/car_db_manager_msgs/msg/_package_OperatecodeParameters.lisp
[8.775s] -- Up-to-date: /home/handsome/ros_ws_test/install/car_db_manager_msgs/share/common-lisp/ros/car_db_manager_msgs/msg/_package_car_db_processAction.lisp
[8.775s] -- Up-to-date: /home/handsome/ros_ws_test/install/car_db_manager_msgs/share/common-lisp/ros/car_db_manager_msgs/msg/_package_car_db_process_recoveryActionGoal.lisp
[8.775s] -- Up-to-date: /home/handsome/ros_ws_test/install/car_db_manager_msgs/share/common-lisp/ros/car_db_manager_msgs/msg/car_db_process_recoveryFeedback.lisp
[8.775s] -- Up-to-date: /home/handsome/ros_ws_test/install/car_db_manager_msgs/share/common-lisp/ros/car_db_manager_msgs/msg/_package_ActionFunctionParameters.lisp
[8.775s] -- Up-to-date: /home/handsome/ros_ws_test/install/car_db_manager_msgs/share/common-lisp/ros/car_db_manager_msgs/msg/WorkSheetItems.lisp
[8.776s] -- Up-to-date: /home/handsome/ros_ws_test/install/car_db_manager_msgs/share/common-lisp/ros/car_db_manager_msgs/msg/_package_car_db_processGoal.lisp
[8.776s] -- Up-to-date: /home/handsome/ros_ws_test/install/car_db_manager_msgs/share/common-lisp/ros/car_db_manager_msgs/msg/AlarmcodeParameters.lisp
[8.776s] -- Up-to-date: /home/handsome/ros_ws_test/install/car_db_manager_msgs/share/common-lisp/ros/car_db_manager_msgs/msg/car_db_processActionGoal.lisp
[8.777s] -- Up-to-date: /home/handsome/ros_ws_test/install/car_db_manager_msgs/share/common-lisp/ros/car_db_manager_msgs/msg/_package_car_db_process_recoveryResult.lisp
[8.777s] -- Up-to-date: /home/handsome/ros_ws_test/install/car_db_manager_msgs/share/common-lisp/ros/car_db_manager_msgs/msg/_package_car_db_process_recoveryGoal.lisp
[8.777s] -- Up-to-date: /home/handsome/ros_ws_test/install/car_db_manager_msgs/share/common-lisp/ros/car_db_manager_msgs/msg/car_db_processFeedback.lisp
[8.778s] -- Up-to-date: /home/handsome/ros_ws_test/install/car_db_manager_msgs/share/common-lisp/ros/car_db_manager_msgs/msg/car_db_process_recoveryResult.lisp
[8.778s] -- Up-to-date: /home/handsome/ros_ws_test/install/car_db_manager_msgs/share/common-lisp/ros/car_db_manager_msgs/msg/_package_car_db_process_recoveryActionResult.lisp
[8.778s] -- Up-to-date: /home/handsome/ros_ws_test/install/car_db_manager_msgs/share/common-lisp/ros/car_db_manager_msgs/msg/car_db_process_recoveryActionFeedback.lisp
[8.779s] -- Up-to-date: /home/handsome/ros_ws_test/install/car_db_manager_msgs/share/common-lisp/ros/car_db_manager_msgs/msg/CarOperateHistory.lisp
[8.779s] -- Up-to-date: /home/handsome/ros_ws_test/install/car_db_manager_msgs/share/common-lisp/ros/car_db_manager_msgs/msg/car_db_processAction.lisp
[8.780s] -- Up-to-date: /home/handsome/ros_ws_test/install/car_db_manager_msgs/share/common-lisp/ros/car_db_manager_msgs/msg/_package_car_db_process_recoveryFeedback.lisp
[8.785s] -- Up-to-date: /home/handsome/ros_ws_test/install/car_db_manager_msgs/share/common-lisp/ros/car_db_manager_msgs/msg/_package_car_db_processResult.lisp
[8.785s] -- Up-to-date: /home/handsome/ros_ws_test/install/car_db_manager_msgs/share/common-lisp/ros/car_db_manager_msgs/msg/_package_car_db_processActionResult.lisp
[8.786s] -- Up-to-date: /home/handsome/ros_ws_test/install/car_db_manager_msgs/share/common-lisp/ros/car_db_manager_msgs/msg/car_db_processActionResult.lisp
[8.786s] -- Up-to-date: /home/handsome/ros_ws_test/install/car_db_manager_msgs/share/common-lisp/ros/car_db_manager_msgs/msg/car_db_processActionFeedback.lisp
[8.786s] -- Up-to-date: /home/handsome/ros_ws_test/install/car_db_manager_msgs/share/common-lisp/ros/car_db_manager_msgs/msg/_package_car_db_process_recoveryActionFeedback.lisp
[8.787s] -- Up-to-date: /home/handsome/ros_ws_test/install/car_db_manager_msgs/share/common-lisp/ros/car_db_manager_msgs/msg/_package_WorkSheetItems.lisp
[8.787s] -- Up-to-date: /home/handsome/ros_ws_test/install/car_db_manager_msgs/share/common-lisp/ros/car_db_manager_msgs/msg/WorkSheetMain.lisp
[8.787s] -- Up-to-date: /home/handsome/ros_ws_test/install/car_db_manager_msgs/share/common-lisp/ros/car_db_manager_msgs/msg/car_db_process_recoveryGoal.lisp
[8.787s] -- Up-to-date: /home/handsome/ros_ws_test/install/car_db_manager_msgs/share/common-lisp/ros/car_db_manager_msgs/srv
[8.788s] -- Up-to-date: /home/handsome/ros_ws_test/install/car_db_manager_msgs/share/common-lisp/ros/car_db_manager_msgs/srv/_package_OperatecodeParametersCmd.lisp
[8.788s] -- Up-to-date: /home/handsome/ros_ws_test/install/car_db_manager_msgs/share/common-lisp/ros/car_db_manager_msgs/srv/_package_CheckParametersCmd.lisp
[8.788s] -- Up-to-date: /home/handsome/ros_ws_test/install/car_db_manager_msgs/share/common-lisp/ros/car_db_manager_msgs/srv/_package_TargerPos2dParametersCmd.lisp
[8.790s] -- Up-to-date: /home/handsome/ros_ws_test/install/car_db_manager_msgs/share/common-lisp/ros/car_db_manager_msgs/srv/_package_WorkSheetMainCmd.lisp
[8.790s] -- Up-to-date: /home/handsome/ros_ws_test/install/car_db_manager_msgs/share/common-lisp/ros/car_db_manager_msgs/srv/WorkSheetMainCmd.lisp
[8.790s] -- Up-to-date: /home/handsome/ros_ws_test/install/car_db_manager_msgs/share/common-lisp/ros/car_db_manager_msgs/srv/OperatecodeParametersCmd.lisp
[8.790s] -- Up-to-date: /home/handsome/ros_ws_test/install/car_db_manager_msgs/share/common-lisp/ros/car_db_manager_msgs/srv/car_db_manager_msgs-srv.asd
[8.791s] -- Up-to-date: /home/handsome/ros_ws_test/install/car_db_manager_msgs/share/common-lisp/ros/car_db_manager_msgs/srv/ActionFunctionParametersCmd.lisp
[8.791s] -- Up-to-date: /home/handsome/ros_ws_test/install/car_db_manager_msgs/share/common-lisp/ros/car_db_manager_msgs/srv/_package_CarAlarmHistoryCmd.lisp
[8.791s] -- Up-to-date: /home/handsome/ros_ws_test/install/car_db_manager_msgs/share/common-lisp/ros/car_db_manager_msgs/srv/TargerPos2dParametersCmd.lisp
[8.791s] -- Up-to-date: /home/handsome/ros_ws_test/install/car_db_manager_msgs/share/common-lisp/ros/car_db_manager_msgs/srv/_package_ActionFunctionParametersCmd.lisp
[8.792s] -- Up-to-date: /home/handsome/ros_ws_test/install/car_db_manager_msgs/share/common-lisp/ros/car_db_manager_msgs/srv/_package.lisp
[8.792s] -- Up-to-date: /home/handsome/ros_ws_test/install/car_db_manager_msgs/share/common-lisp/ros/car_db_manager_msgs/srv/_package_AlarmcodeParametersCmd.lisp
[8.792s] -- Up-to-date: /home/handsome/ros_ws_test/install/car_db_manager_msgs/share/common-lisp/ros/car_db_manager_msgs/srv/CheckParametersCmd.lisp
[8.801s] -- Up-to-date: /home/handsome/ros_ws_test/install/car_db_manager_msgs/share/common-lisp/ros/car_db_manager_msgs/srv/AlarmcodeParametersCmd.lisp
[8.801s] -- Up-to-date: /home/handsome/ros_ws_test/install/car_db_manager_msgs/share/common-lisp/ros/car_db_manager_msgs/srv/_package_PidCtrlParametersCmd.lisp
[8.801s] -- Up-to-date: /home/handsome/ros_ws_test/install/car_db_manager_msgs/share/common-lisp/ros/car_db_manager_msgs/srv/_package_WorkSheetItemsCmd.lisp
[8.801s] -- Up-to-date: /home/handsome/ros_ws_test/install/car_db_manager_msgs/share/common-lisp/ros/car_db_manager_msgs/srv/CarOperateHistoryCmd.lisp
[8.802s] -- Up-to-date: /home/handsome/ros_ws_test/install/car_db_manager_msgs/share/common-lisp/ros/car_db_manager_msgs/srv/WorkSheetItemsCmd.lisp
[8.802s] -- Up-to-date: /home/handsome/ros_ws_test/install/car_db_manager_msgs/share/common-lisp/ros/car_db_manager_msgs/srv/PidCtrlParametersCmd.lisp
[8.802s] -- Up-to-date: /home/handsome/ros_ws_test/install/car_db_manager_msgs/share/common-lisp/ros/car_db_manager_msgs/srv/CarAlarmHistoryCmd.lisp
[8.802s] -- Up-to-date: /home/handsome/ros_ws_test/install/car_db_manager_msgs/share/common-lisp/ros/car_db_manager_msgs/srv/_package_CarOperateHistoryCmd.lisp
[8.802s] -- Up-to-date: /home/handsome/ros_ws_test/install/car_db_manager_msgs/share/gennodejs/ros/car_db_manager_msgs
[8.803s] -- Up-to-date: /home/handsome/ros_ws_test/install/car_db_manager_msgs/share/gennodejs/ros/car_db_manager_msgs/msg
[8.803s] -- Up-to-date: /home/handsome/ros_ws_test/install/car_db_manager_msgs/share/gennodejs/ros/car_db_manager_msgs/msg/car_db_processActionFeedback.js
[8.803s] -- Up-to-date: /home/handsome/ros_ws_test/install/car_db_manager_msgs/share/gennodejs/ros/car_db_manager_msgs/msg/car_db_processResult.js
[8.803s] -- Up-to-date: /home/handsome/ros_ws_test/install/car_db_manager_msgs/share/gennodejs/ros/car_db_manager_msgs/msg/car_db_processGoal.js
[8.803s] -- Up-to-date: /home/handsome/ros_ws_test/install/car_db_manager_msgs/share/gennodejs/ros/car_db_manager_msgs/msg/car_db_process_recoveryActionFeedback.js
[8.804s] -- Up-to-date: /home/handsome/ros_ws_test/install/car_db_manager_msgs/share/gennodejs/ros/car_db_manager_msgs/msg/CarAlarmHistory.js
[8.804s] -- Up-to-date: /home/handsome/ros_ws_test/install/car_db_manager_msgs/share/gennodejs/ros/car_db_manager_msgs/msg/car_db_processActionResult.js
[8.804s] -- Up-to-date: /home/handsome/ros_ws_test/install/car_db_manager_msgs/share/gennodejs/ros/car_db_manager_msgs/msg/car_db_process_recoveryGoal.js
[8.804s] -- Up-to-date: /home/handsome/ros_ws_test/install/car_db_manager_msgs/share/gennodejs/ros/car_db_manager_msgs/msg/ActionFunctionParameters.js
[8.804s] -- Up-to-date: /home/handsome/ros_ws_test/install/car_db_manager_msgs/share/gennodejs/ros/car_db_manager_msgs/msg/_index.js
[8.805s] -- Up-to-date: /home/handsome/ros_ws_test/install/car_db_manager_msgs/share/gennodejs/ros/car_db_manager_msgs/msg/car_db_processAction.js
[8.805s] -- Up-to-date: /home/handsome/ros_ws_test/install/car_db_manager_msgs/share/gennodejs/ros/car_db_manager_msgs/msg/car_db_processFeedback.js
[8.805s] -- Up-to-date: /home/handsome/ros_ws_test/install/car_db_manager_msgs/share/gennodejs/ros/car_db_manager_msgs/msg/CarOperateHistory.js
[8.805s] -- Up-to-date: /home/handsome/ros_ws_test/install/car_db_manager_msgs/share/gennodejs/ros/car_db_manager_msgs/msg/WorkSheetItems.js
[8.805s] -- Up-to-date: /home/handsome/ros_ws_test/install/car_db_manager_msgs/share/gennodejs/ros/car_db_manager_msgs/msg/car_db_process_recoveryResult.js
[8.805s] -- Up-to-date: /home/handsome/ros_ws_test/install/car_db_manager_msgs/share/gennodejs/ros/car_db_manager_msgs/msg/car_db_process_recoveryActionResult.js
[8.806s] -- Up-to-date: /home/handsome/ros_ws_test/install/car_db_manager_msgs/share/gennodejs/ros/car_db_manager_msgs/msg/CheckParameters.js
[8.806s] -- Up-to-date: /home/handsome/ros_ws_test/install/car_db_manager_msgs/share/gennodejs/ros/car_db_manager_msgs/msg/TargerPos2dParameters.js
[8.806s] -- Up-to-date: /home/handsome/ros_ws_test/install/car_db_manager_msgs/share/gennodejs/ros/car_db_manager_msgs/msg/WorkSheetMain.js
[8.806s] -- Up-to-date: /home/handsome/ros_ws_test/install/car_db_manager_msgs/share/gennodejs/ros/car_db_manager_msgs/msg/car_db_process_recoveryActionGoal.js
[8.806s] -- Up-to-date: /home/handsome/ros_ws_test/install/car_db_manager_msgs/share/gennodejs/ros/car_db_manager_msgs/msg/car_db_processActionGoal.js
[8.806s] -- Up-to-date: /home/handsome/ros_ws_test/install/car_db_manager_msgs/share/gennodejs/ros/car_db_manager_msgs/msg/PidCtrlParameters.js
[8.807s] -- Up-to-date: /home/handsome/ros_ws_test/install/car_db_manager_msgs/share/gennodejs/ros/car_db_manager_msgs/msg/car_db_process_recoveryFeedback.js
[8.807s] -- Up-to-date: /home/handsome/ros_ws_test/install/car_db_manager_msgs/share/gennodejs/ros/car_db_manager_msgs/msg/AlarmcodeParameters.js
[8.807s] -- Up-to-date: /home/handsome/ros_ws_test/install/car_db_manager_msgs/share/gennodejs/ros/car_db_manager_msgs/msg/OperatecodeParameters.js
[8.807s] -- Up-to-date: /home/handsome/ros_ws_test/install/car_db_manager_msgs/share/gennodejs/ros/car_db_manager_msgs/msg/car_db_process_recoveryAction.js
[8.807s] -- Up-to-date: /home/handsome/ros_ws_test/install/car_db_manager_msgs/share/gennodejs/ros/car_db_manager_msgs/_index.js
[8.808s] -- Up-to-date: /home/handsome/ros_ws_test/install/car_db_manager_msgs/share/gennodejs/ros/car_db_manager_msgs/srv
[8.808s] -- Up-to-date: /home/handsome/ros_ws_test/install/car_db_manager_msgs/share/gennodejs/ros/car_db_manager_msgs/srv/_index.js
[8.808s] -- Up-to-date: /home/handsome/ros_ws_test/install/car_db_manager_msgs/share/gennodejs/ros/car_db_manager_msgs/srv/CarAlarmHistoryCmd.js
[8.808s] -- Up-to-date: /home/handsome/ros_ws_test/install/car_db_manager_msgs/share/gennodejs/ros/car_db_manager_msgs/srv/AlarmcodeParametersCmd.js
[8.810s] -- Up-to-date: /home/handsome/ros_ws_test/install/car_db_manager_msgs/share/gennodejs/ros/car_db_manager_msgs/srv/WorkSheetItemsCmd.js
[8.810s] -- Up-to-date: /home/handsome/ros_ws_test/install/car_db_manager_msgs/share/gennodejs/ros/car_db_manager_msgs/srv/WorkSheetMainCmd.js
[8.811s] -- Up-to-date: /home/handsome/ros_ws_test/install/car_db_manager_msgs/share/gennodejs/ros/car_db_manager_msgs/srv/ActionFunctionParametersCmd.js
[8.811s] -- Up-to-date: /home/handsome/ros_ws_test/install/car_db_manager_msgs/share/gennodejs/ros/car_db_manager_msgs/srv/PidCtrlParametersCmd.js
[8.812s] -- Up-to-date: /home/handsome/ros_ws_test/install/car_db_manager_msgs/share/gennodejs/ros/car_db_manager_msgs/srv/CarOperateHistoryCmd.js
[8.813s] -- Up-to-date: /home/handsome/ros_ws_test/install/car_db_manager_msgs/share/gennodejs/ros/car_db_manager_msgs/srv/TargerPos2dParametersCmd.js
[8.813s] -- Up-to-date: /home/handsome/ros_ws_test/install/car_db_manager_msgs/share/gennodejs/ros/car_db_manager_msgs/srv/OperatecodeParametersCmd.js
[8.813s] -- Up-to-date: /home/handsome/ros_ws_test/install/car_db_manager_msgs/share/gennodejs/ros/car_db_manager_msgs/srv/CheckParametersCmd.js
[8.824s] Listing /home/handsome/ros_ws_test/build/car_db_manager_msgs/devel/lib/python2.7/dist-packages/car_db_manager_msgs ...
[8.824s] Listing /home/handsome/ros_ws_test/build/car_db_manager_msgs/devel/lib/python2.7/dist-packages/car_db_manager_msgs/msg ...
[8.824s] Listing /home/handsome/ros_ws_test/build/car_db_manager_msgs/devel/lib/python2.7/dist-packages/car_db_manager_msgs/srv ...
[8.826s] -- Up-to-date: /home/handsome/ros_ws_test/install/car_db_manager_msgs/lib/python2.7/dist-packages/car_db_manager_msgs
[8.827s] -- Up-to-date: /home/handsome/ros_ws_test/install/car_db_manager_msgs/lib/python2.7/dist-packages/car_db_manager_msgs/msg
[8.827s] -- Up-to-date: /home/handsome/ros_ws_test/install/car_db_manager_msgs/lib/python2.7/dist-packages/car_db_manager_msgs/msg/_car_db_process_recoveryGoal.pyc
[8.827s] -- Up-to-date: /home/handsome/ros_ws_test/install/car_db_manager_msgs/lib/python2.7/dist-packages/car_db_manager_msgs/msg/_car_db_process_recoveryFeedback.pyc
[8.827s] -- Up-to-date: /home/handsome/ros_ws_test/install/car_db_manager_msgs/lib/python2.7/dist-packages/car_db_manager_msgs/msg/_WorkSheetItems.py
[8.828s] -- Up-to-date: /home/handsome/ros_ws_test/install/car_db_manager_msgs/lib/python2.7/dist-packages/car_db_manager_msgs/msg/_car_db_processActionResult.py
[8.829s] -- Up-to-date: /home/handsome/ros_ws_test/install/car_db_manager_msgs/lib/python2.7/dist-packages/car_db_manager_msgs/msg/_car_db_process_recoveryResult.py
[8.829s] -- Up-to-date: /home/handsome/ros_ws_test/install/car_db_manager_msgs/lib/python2.7/dist-packages/car_db_manager_msgs/msg/__init__.py
[8.829s] -- Up-to-date: /home/handsome/ros_ws_test/install/car_db_manager_msgs/lib/python2.7/dist-packages/car_db_manager_msgs/msg/_TargerPos2dParameters.py
[8.829s] -- Up-to-date: /home/handsome/ros_ws_test/install/car_db_manager_msgs/lib/python2.7/dist-packages/car_db_manager_msgs/msg/_car_db_process_recoveryActionResult.py
[8.829s] -- Up-to-date: /home/handsome/ros_ws_test/install/car_db_manager_msgs/lib/python2.7/dist-packages/car_db_manager_msgs/msg/_AlarmcodeParameters.py
[8.829s] -- Up-to-date: /home/handsome/ros_ws_test/install/car_db_manager_msgs/lib/python2.7/dist-packages/car_db_manager_msgs/msg/_car_db_processGoal.py
[8.830s] -- Up-to-date: /home/handsome/ros_ws_test/install/car_db_manager_msgs/lib/python2.7/dist-packages/car_db_manager_msgs/msg/_car_db_processActionResult.pyc
[8.830s] -- Up-to-date: /home/handsome/ros_ws_test/install/car_db_manager_msgs/lib/python2.7/dist-packages/car_db_manager_msgs/msg/_car_db_process_recoveryActionGoal.pyc
[8.830s] -- Up-to-date: /home/handsome/ros_ws_test/install/car_db_manager_msgs/lib/python2.7/dist-packages/car_db_manager_msgs/msg/_WorkSheetMain.py
[8.830s] -- Up-to-date: /home/handsome/ros_ws_test/install/car_db_manager_msgs/lib/python2.7/dist-packages/car_db_manager_msgs/msg/_car_db_processActionGoal.py
[8.830s] -- Up-to-date: /home/handsome/ros_ws_test/install/car_db_manager_msgs/lib/python2.7/dist-packages/car_db_manager_msgs/msg/_CheckParameters.pyc
[8.831s] -- Up-to-date: /home/handsome/ros_ws_test/install/car_db_manager_msgs/lib/python2.7/dist-packages/car_db_manager_msgs/msg/_ActionFunctionParameters.pyc
[8.831s] -- Up-to-date: /home/handsome/ros_ws_test/install/car_db_manager_msgs/lib/python2.7/dist-packages/car_db_manager_msgs/msg/_TargerPos2dParameters.pyc
[8.831s] -- Up-to-date: /home/handsome/ros_ws_test/install/car_db_manager_msgs/lib/python2.7/dist-packages/car_db_manager_msgs/msg/_car_db_process_recoveryActionGoal.py
[8.831s] -- Up-to-date: /home/handsome/ros_ws_test/install/car_db_manager_msgs/lib/python2.7/dist-packages/car_db_manager_msgs/msg/_car_db_process_recoveryActionResult.pyc
[8.832s] -- Up-to-date: /home/handsome/ros_ws_test/install/car_db_manager_msgs/lib/python2.7/dist-packages/car_db_manager_msgs/msg/_CarOperateHistory.pyc
[8.832s] -- Up-to-date: /home/handsome/ros_ws_test/install/car_db_manager_msgs/lib/python2.7/dist-packages/car_db_manager_msgs/msg/_CheckParameters.py
[8.832s] -- Up-to-date: /home/handsome/ros_ws_test/install/car_db_manager_msgs/lib/python2.7/dist-packages/car_db_manager_msgs/msg/_car_db_processActionFeedback.py
[8.833s] -- Up-to-date: /home/handsome/ros_ws_test/install/car_db_manager_msgs/lib/python2.7/dist-packages/car_db_manager_msgs/msg/_car_db_process_recoveryFeedback.py
[8.833s] -- Up-to-date: /home/handsome/ros_ws_test/install/car_db_manager_msgs/lib/python2.7/dist-packages/car_db_manager_msgs/msg/_PidCtrlParameters.py
[8.833s] -- Up-to-date: /home/handsome/ros_ws_test/install/car_db_manager_msgs/lib/python2.7/dist-packages/car_db_manager_msgs/msg/_AlarmcodeParameters.pyc
[8.833s] -- Up-to-date: /home/handsome/ros_ws_test/install/car_db_manager_msgs/lib/python2.7/dist-packages/car_db_manager_msgs/msg/_car_db_processResult.pyc
[8.833s] -- Up-to-date: /home/handsome/ros_ws_test/install/car_db_manager_msgs/lib/python2.7/dist-packages/car_db_manager_msgs/msg/_WorkSheetItems.pyc
[8.833s] -- Up-to-date: /home/handsome/ros_ws_test/install/car_db_manager_msgs/lib/python2.7/dist-packages/car_db_manager_msgs/msg/_car_db_processActionGoal.pyc
[8.833s] -- Up-to-date: /home/handsome/ros_ws_test/install/car_db_manager_msgs/lib/python2.7/dist-packages/car_db_manager_msgs/msg/_CarOperateHistory.py
[8.834s] -- Up-to-date: /home/handsome/ros_ws_test/install/car_db_manager_msgs/lib/python2.7/dist-packages/car_db_manager_msgs/msg/_car_db_process_recoveryAction.pyc
[8.834s] -- Up-to-date: /home/handsome/ros_ws_test/install/car_db_manager_msgs/lib/python2.7/dist-packages/car_db_manager_msgs/msg/_ActionFunctionParameters.py
[8.834s] -- Up-to-date: /home/handsome/ros_ws_test/install/car_db_manager_msgs/lib/python2.7/dist-packages/car_db_manager_msgs/msg/_PidCtrlParameters.pyc
[8.834s] -- Up-to-date: /home/handsome/ros_ws_test/install/car_db_manager_msgs/lib/python2.7/dist-packages/car_db_manager_msgs/msg/_car_db_processGoal.pyc
[8.834s] -- Up-to-date: /home/handsome/ros_ws_test/install/car_db_manager_msgs/lib/python2.7/dist-packages/car_db_manager_msgs/msg/_car_db_processResult.py
[8.834s] -- Up-to-date: /home/handsome/ros_ws_test/install/car_db_manager_msgs/lib/python2.7/dist-packages/car_db_manager_msgs/msg/_CarAlarmHistory.py
[8.834s] -- Up-to-date: /home/handsome/ros_ws_test/install/car_db_manager_msgs/lib/python2.7/dist-packages/car_db_manager_msgs/msg/_car_db_process_recoveryActionFeedback.py
[8.835s] -- Up-to-date: /home/handsome/ros_ws_test/install/car_db_manager_msgs/lib/python2.7/dist-packages/car_db_manager_msgs/msg/_car_db_processFeedback.py
[8.835s] -- Up-to-date: /home/handsome/ros_ws_test/install/car_db_manager_msgs/lib/python2.7/dist-packages/car_db_manager_msgs/msg/__init__.pyc
[8.835s] -- Up-to-date: /home/handsome/ros_ws_test/install/car_db_manager_msgs/lib/python2.7/dist-packages/car_db_manager_msgs/msg/_car_db_process_recoveryGoal.py
[8.835s] -- Up-to-date: /home/handsome/ros_ws_test/install/car_db_manager_msgs/lib/python2.7/dist-packages/car_db_manager_msgs/msg/_car_db_processFeedback.pyc
[8.835s] -- Up-to-date: /home/handsome/ros_ws_test/install/car_db_manager_msgs/lib/python2.7/dist-packages/car_db_manager_msgs/msg/_car_db_processAction.pyc
[8.835s] -- Up-to-date: /home/handsome/ros_ws_test/install/car_db_manager_msgs/lib/python2.7/dist-packages/car_db_manager_msgs/msg/_car_db_process_recoveryAction.py
[8.835s] -- Up-to-date: /home/handsome/ros_ws_test/install/car_db_manager_msgs/lib/python2.7/dist-packages/car_db_manager_msgs/msg/_car_db_processActionFeedback.pyc
[8.836s] -- Up-to-date: /home/handsome/ros_ws_test/install/car_db_manager_msgs/lib/python2.7/dist-packages/car_db_manager_msgs/msg/_car_db_process_recoveryActionFeedback.pyc
[8.836s] -- Up-to-date: /home/handsome/ros_ws_test/install/car_db_manager_msgs/lib/python2.7/dist-packages/car_db_manager_msgs/msg/_OperatecodeParameters.py
[8.836s] -- Up-to-date: /home/handsome/ros_ws_test/install/car_db_manager_msgs/lib/python2.7/dist-packages/car_db_manager_msgs/msg/_CarAlarmHistory.pyc
[8.836s] -- Up-to-date: /home/handsome/ros_ws_test/install/car_db_manager_msgs/lib/python2.7/dist-packages/car_db_manager_msgs/msg/_WorkSheetMain.pyc
[8.836s] -- Up-to-date: /home/handsome/ros_ws_test/install/car_db_manager_msgs/lib/python2.7/dist-packages/car_db_manager_msgs/msg/_car_db_processAction.py
[8.836s] -- Up-to-date: /home/handsome/ros_ws_test/install/car_db_manager_msgs/lib/python2.7/dist-packages/car_db_manager_msgs/msg/_car_db_process_recoveryResult.pyc
[8.836s] -- Up-to-date: /home/handsome/ros_ws_test/install/car_db_manager_msgs/lib/python2.7/dist-packages/car_db_manager_msgs/msg/_OperatecodeParameters.pyc
[8.836s] -- Up-to-date: /home/handsome/ros_ws_test/install/car_db_manager_msgs/lib/python2.7/dist-packages/car_db_manager_msgs/__init__.py
[8.837s] -- Up-to-date: /home/handsome/ros_ws_test/install/car_db_manager_msgs/lib/python2.7/dist-packages/car_db_manager_msgs/srv
[8.837s] -- Up-to-date: /home/handsome/ros_ws_test/install/car_db_manager_msgs/lib/python2.7/dist-packages/car_db_manager_msgs/srv/_AlarmcodeParametersCmd.pyc
[8.837s] -- Up-to-date: /home/handsome/ros_ws_test/install/car_db_manager_msgs/lib/python2.7/dist-packages/car_db_manager_msgs/srv/_OperatecodeParametersCmd.pyc
[8.838s] -- Up-to-date: /home/handsome/ros_ws_test/install/car_db_manager_msgs/lib/python2.7/dist-packages/car_db_manager_msgs/srv/_TargerPos2dParametersCmd.pyc
[8.839s] -- Up-to-date: /home/handsome/ros_ws_test/install/car_db_manager_msgs/lib/python2.7/dist-packages/car_db_manager_msgs/srv/_TargerPos2dParametersCmd.py
[8.839s] -- Up-to-date: /home/handsome/ros_ws_test/install/car_db_manager_msgs/lib/python2.7/dist-packages/car_db_manager_msgs/srv/_CarOperateHistoryCmd.py
[8.839s] -- Up-to-date: /home/handsome/ros_ws_test/install/car_db_manager_msgs/lib/python2.7/dist-packages/car_db_manager_msgs/srv/_CheckParametersCmd.pyc
[8.840s] -- Up-to-date: /home/handsome/ros_ws_test/install/car_db_manager_msgs/lib/python2.7/dist-packages/car_db_manager_msgs/srv/_WorkSheetMainCmd.pyc
[8.843s] -- Up-to-date: /home/handsome/ros_ws_test/install/car_db_manager_msgs/lib/python2.7/dist-packages/car_db_manager_msgs/srv/__init__.py
[8.843s] -- Up-to-date: /home/handsome/ros_ws_test/install/car_db_manager_msgs/lib/python2.7/dist-packages/car_db_manager_msgs/srv/_ActionFunctionParametersCmd.py
[8.844s] -- Up-to-date: /home/handsome/ros_ws_test/install/car_db_manager_msgs/lib/python2.7/dist-packages/car_db_manager_msgs/srv/_WorkSheetItemsCmd.py
[8.845s] -- Up-to-date: /home/handsome/ros_ws_test/install/car_db_manager_msgs/lib/python2.7/dist-packages/car_db_manager_msgs/srv/_OperatecodeParametersCmd.py
[8.845s] -- Up-to-date: /home/handsome/ros_ws_test/install/car_db_manager_msgs/lib/python2.7/dist-packages/car_db_manager_msgs/srv/_CheckParametersCmd.py
[8.846s] -- Up-to-date: /home/handsome/ros_ws_test/install/car_db_manager_msgs/lib/python2.7/dist-packages/car_db_manager_msgs/srv/_CarAlarmHistoryCmd.pyc
[8.846s] -- Up-to-date: /home/handsome/ros_ws_test/install/car_db_manager_msgs/lib/python2.7/dist-packages/car_db_manager_msgs/srv/_WorkSheetItemsCmd.pyc
[8.847s] -- Up-to-date: /home/handsome/ros_ws_test/install/car_db_manager_msgs/lib/python2.7/dist-packages/car_db_manager_msgs/srv/_ActionFunctionParametersCmd.pyc
[8.848s] -- Up-to-date: /home/handsome/ros_ws_test/install/car_db_manager_msgs/lib/python2.7/dist-packages/car_db_manager_msgs/srv/_CarAlarmHistoryCmd.py
[8.848s] -- Up-to-date: /home/handsome/ros_ws_test/install/car_db_manager_msgs/lib/python2.7/dist-packages/car_db_manager_msgs/srv/__init__.pyc
[8.849s] -- Up-to-date: /home/handsome/ros_ws_test/install/car_db_manager_msgs/lib/python2.7/dist-packages/car_db_manager_msgs/srv/_PidCtrlParametersCmd.pyc
[8.851s] -- Up-to-date: /home/handsome/ros_ws_test/install/car_db_manager_msgs/lib/python2.7/dist-packages/car_db_manager_msgs/srv/_CarOperateHistoryCmd.pyc
[8.852s] -- Up-to-date: /home/handsome/ros_ws_test/install/car_db_manager_msgs/lib/python2.7/dist-packages/car_db_manager_msgs/srv/_WorkSheetMainCmd.py
[8.852s] -- Up-to-date: /home/handsome/ros_ws_test/install/car_db_manager_msgs/lib/python2.7/dist-packages/car_db_manager_msgs/srv/_PidCtrlParametersCmd.py
[8.852s] -- Up-to-date: /home/handsome/ros_ws_test/install/car_db_manager_msgs/lib/python2.7/dist-packages/car_db_manager_msgs/srv/_AlarmcodeParametersCmd.py
[8.853s] -- Up-to-date: /home/handsome/ros_ws_test/install/car_db_manager_msgs/lib/python2.7/dist-packages/car_db_manager_msgs/__init__.pyc
[8.853s] -- Up-to-date: /home/handsome/ros_ws_test/install/car_db_manager_msgs/lib/pkgconfig/car_db_manager_msgs.pc
[8.854s] -- Up-to-date: /home/handsome/ros_ws_test/install/car_db_manager_msgs/share/car_db_manager_msgs/cmake/car_db_manager_msgs-msg-extras.cmake
[8.854s] -- Up-to-date: /home/handsome/ros_ws_test/install/car_db_manager_msgs/share/car_db_manager_msgs/cmake/car_db_manager_msgsConfig.cmake
[8.855s] -- Up-to-date: /home/handsome/ros_ws_test/install/car_db_manager_msgs/share/car_db_manager_msgs/cmake/car_db_manager_msgsConfig-version.cmake
[8.855s] -- Up-to-date: /home/handsome/ros_ws_test/install/car_db_manager_msgs/share/car_db_manager_msgs/package.xml
[8.858s] Invoked command in '/home/handsome/ros_ws_test/build/car_db_manager_msgs' returned '0': /usr/bin/cmake --build /home/handsome/ros_ws_test/build/car_db_manager_msgs --target install -- -j12 -l12
