[0.253s] Invoking command in '/home/handsome/ros_ws_test/build/dwb_msgs': CMAKE_PREFIX_PATH=/home/handsome/ros_ws_test/install/nav_2d_msgs:${CMAKE_PREFIX_PATH} PKG_CONFIG_PATH=/home/handsome/ros_ws_test/install/nav_2d_msgs/lib/x86_64-linux-gnu/pkgconfig:/home/handsome/ros_ws_test/install/nav_2d_msgs/lib/pkgconfig:${PKG_CONFIG_PATH} PYTHONPATH=/home/handsome/ros_ws_test/install/nav_2d_msgs/lib/python2.7/dist-packages:${PYTHONPATH} ROS_PACKAGE_PATH=/home/handsome/ros_ws_test/install/nav_2d_msgs/share:${ROS_PACKAGE_PATH} /usr/bin/cmake --build /home/handsome/ros_ws_test/build/dwb_msgs -- -j12 -l12
[1.081s] [  0%] Built target nav_msgs_generate_messages_lisp
[1.243s] [  0%] Built target nav_2d_msgs_generate_messages_lisp
[1.303s] [  0%] Built target _dwb_msgs_generate_messages_check_deps_GenerateTwists
[1.303s] [  0%] Built target geometry_msgs_generate_messages_lisp
[1.336s] [  0%] Built target _dwb_msgs_generate_messages_check_deps_ScoreTrajectory
[1.368s] [  0%] Built target _dwb_msgs_generate_messages_check_deps_Trajectory2D
[1.371s] [  0%] Built target _dwb_msgs_generate_messages_check_deps_LocalPlanEvaluation
[1.405s] [  0%] Built target geometry_msgs_generate_messages_eus
[1.488s] [  0%] Built target nav_2d_msgs_generate_messages_eus
[1.507s] [  0%] Built target _dwb_msgs_generate_messages_check_deps_GenerateTrajectory
[1.548s] [  0%] Built target _dwb_msgs_generate_messages_check_deps_GetCriticScore
[1.549s] [  0%] Built target nav_2d_msgs_generate_messages_cpp
[1.594s] [  0%] Built target nav_2d_msgs_generate_messages_nodejs
[1.597s] [  0%] Built target nav_msgs_generate_messages_eus
[1.603s] [  0%] Built target _dwb_msgs_generate_messages_check_deps_DebugLocalPlan
[1.607s] [  0%] Built target _dwb_msgs_generate_messages_check_deps_CriticScore
[1.618s] [  0%] Built target nav_msgs_generate_messages_cpp
[1.623s] [  0%] Built target _dwb_msgs_generate_messages_check_deps_TrajectoryScore
[1.624s] [  0%] Built target geometry_msgs_generate_messages_cpp
[1.692s] [  0%] Built target nav_msgs_generate_messages_py
[1.704s] [  0%] Built target nav_msgs_generate_messages_nodejs
[1.722s] [  0%] Built target geometry_msgs_generate_messages_py
[1.726s] [  0%] Built target nav_2d_msgs_generate_messages_py
[1.750s] [ 18%] Built target dwb_msgs_generate_messages_lisp
[1.755s] [ 18%] Built target geometry_msgs_generate_messages_nodejs
[1.807s] [ 37%] Built target dwb_msgs_generate_messages_cpp
[1.868s] [ 58%] Built target dwb_msgs_generate_messages_eus
[1.946s] [ 81%] Built target dwb_msgs_generate_messages_py
[1.947s] [100%] Built target dwb_msgs_generate_messages_nodejs
[2.196s] [100%] Built target dwb_msgs_generate_messages
[2.266s] Invoked command in '/home/handsome/ros_ws_test/build/dwb_msgs' returned '0': CMAKE_PREFIX_PATH=/home/handsome/ros_ws_test/install/nav_2d_msgs:${CMAKE_PREFIX_PATH} PKG_CONFIG_PATH=/home/handsome/ros_ws_test/install/nav_2d_msgs/lib/x86_64-linux-gnu/pkgconfig:/home/handsome/ros_ws_test/install/nav_2d_msgs/lib/pkgconfig:${PKG_CONFIG_PATH} PYTHONPATH=/home/handsome/ros_ws_test/install/nav_2d_msgs/lib/python2.7/dist-packages:${PYTHONPATH} ROS_PACKAGE_PATH=/home/handsome/ros_ws_test/install/nav_2d_msgs/share:${ROS_PACKAGE_PATH} /usr/bin/cmake --build /home/handsome/ros_ws_test/build/dwb_msgs -- -j12 -l12
[3.140s] Invoking command in '/home/handsome/ros_ws_test/build/dwb_msgs': CMAKE_PREFIX_PATH=/home/handsome/ros_ws_test/install/nav_2d_msgs:${CMAKE_PREFIX_PATH} PKG_CONFIG_PATH=/home/handsome/ros_ws_test/install/nav_2d_msgs/lib/x86_64-linux-gnu/pkgconfig:/home/handsome/ros_ws_test/install/nav_2d_msgs/lib/pkgconfig:${PKG_CONFIG_PATH} PYTHONPATH=/home/handsome/ros_ws_test/install/nav_2d_msgs/lib/python2.7/dist-packages:${PYTHONPATH} ROS_PACKAGE_PATH=/home/handsome/ros_ws_test/install/nav_2d_msgs/share:${ROS_PACKAGE_PATH} /usr/bin/cmake --build /home/handsome/ros_ws_test/build/dwb_msgs --target tests -- -j12 -l12
[3.594s] Built target tests
[3.627s] Invoked command in '/home/handsome/ros_ws_test/build/dwb_msgs' returned '0': CMAKE_PREFIX_PATH=/home/handsome/ros_ws_test/install/nav_2d_msgs:${CMAKE_PREFIX_PATH} PKG_CONFIG_PATH=/home/handsome/ros_ws_test/install/nav_2d_msgs/lib/x86_64-linux-gnu/pkgconfig:/home/handsome/ros_ws_test/install/nav_2d_msgs/lib/pkgconfig:${PKG_CONFIG_PATH} PYTHONPATH=/home/handsome/ros_ws_test/install/nav_2d_msgs/lib/python2.7/dist-packages:${PYTHONPATH} ROS_PACKAGE_PATH=/home/handsome/ros_ws_test/install/nav_2d_msgs/share:${ROS_PACKAGE_PATH} /usr/bin/cmake --build /home/handsome/ros_ws_test/build/dwb_msgs --target tests -- -j12 -l12
[4.006s] Invoking command in '/home/handsome/ros_ws_test/build/dwb_msgs': CMAKE_PREFIX_PATH=/home/handsome/ros_ws_test/install/nav_2d_msgs:${CMAKE_PREFIX_PATH} PKG_CONFIG_PATH=/home/handsome/ros_ws_test/install/nav_2d_msgs/lib/x86_64-linux-gnu/pkgconfig:/home/handsome/ros_ws_test/install/nav_2d_msgs/lib/pkgconfig:${PKG_CONFIG_PATH} PYTHONPATH=/home/handsome/ros_ws_test/install/nav_2d_msgs/lib/python2.7/dist-packages:${PYTHONPATH} ROS_PACKAGE_PATH=/home/handsome/ros_ws_test/install/nav_2d_msgs/share:${ROS_PACKAGE_PATH} /usr/bin/cmake --build /home/handsome/ros_ws_test/build/dwb_msgs --target install -- -j12 -l12
[4.386s] [  0%] Built target nav_msgs_generate_messages_lisp
[4.516s] [  0%] Built target geometry_msgs_generate_messages_lisp
[4.526s] [  0%] Built target _dwb_msgs_generate_messages_check_deps_CriticScore
[4.527s] [  0%] Built target nav_2d_msgs_generate_messages_lisp
[4.568s] [  0%] Built target _dwb_msgs_generate_messages_check_deps_DebugLocalPlan
[4.599s] [  0%] Built target _dwb_msgs_generate_messages_check_deps_GenerateTwists
[4.713s] [  0%] Built target _dwb_msgs_generate_messages_check_deps_Trajectory2D
[4.716s] [  0%] Built target _dwb_msgs_generate_messages_check_deps_LocalPlanEvaluation
[4.717s] [  0%] Built target geometry_msgs_generate_messages_eus
[4.719s] [  0%] Built target nav_2d_msgs_generate_messages_eus
[4.738s] [  0%] Built target _dwb_msgs_generate_messages_check_deps_GenerateTrajectory
[4.738s] [  0%] Built target _dwb_msgs_generate_messages_check_deps_GetCriticScore
[4.744s] [  0%] Built target _dwb_msgs_generate_messages_check_deps_ScoreTrajectory
[4.751s] [  0%] Built target _dwb_msgs_generate_messages_check_deps_TrajectoryScore
[4.812s] [  0%] Built target geometry_msgs_generate_messages_cpp
[4.814s] [  0%] Built target nav_msgs_generate_messages_eus
[4.838s] [  0%] Built target nav_2d_msgs_generate_messages_cpp
[4.879s] [  0%] Built target nav_msgs_generate_messages_cpp
[4.901s] [  0%] Built target nav_msgs_generate_messages_nodejs
[4.913s] [  0%] Built target nav_2d_msgs_generate_messages_nodejs
[4.940s] [  0%] Built target nav_msgs_generate_messages_py
[4.955s] [  0%] Built target geometry_msgs_generate_messages_nodejs
[4.965s] [  0%] Built target geometry_msgs_generate_messages_py
[5.009s] [ 18%] Built target dwb_msgs_generate_messages_cpp
[5.009s] [ 18%] Built target nav_2d_msgs_generate_messages_py
[5.030s] [ 37%] Built target dwb_msgs_generate_messages_lisp
[5.045s] [ 58%] Built target dwb_msgs_generate_messages_eus
[5.162s] [ 77%] Built target dwb_msgs_generate_messages_nodejs
[5.220s] [100%] Built target dwb_msgs_generate_messages_py
[5.334s] [100%] Built target dwb_msgs_generate_messages
[5.484s] [36mInstall the project...[0m
[5.547s] -- Install configuration: ""
[5.548s] -- Up-to-date: /home/handsome/ros_ws_test/install/dwb_msgs/share/dwb_msgs/msg/CriticScore.msg
[5.558s] -- Up-to-date: /home/handsome/ros_ws_test/install/dwb_msgs/share/dwb_msgs/msg/LocalPlanEvaluation.msg
[5.558s] -- Up-to-date: /home/handsome/ros_ws_test/install/dwb_msgs/share/dwb_msgs/msg/Trajectory2D.msg
[5.558s] -- Up-to-date: /home/handsome/ros_ws_test/install/dwb_msgs/share/dwb_msgs/msg/TrajectoryScore.msg
[5.558s] -- Up-to-date: /home/handsome/ros_ws_test/install/dwb_msgs/share/dwb_msgs/srv/DebugLocalPlan.srv
[5.558s] -- Up-to-date: /home/handsome/ros_ws_test/install/dwb_msgs/share/dwb_msgs/srv/GenerateTrajectory.srv
[5.559s] -- Up-to-date: /home/handsome/ros_ws_test/install/dwb_msgs/share/dwb_msgs/srv/GenerateTwists.srv
[5.569s] -- Up-to-date: /home/handsome/ros_ws_test/install/dwb_msgs/share/dwb_msgs/srv/GetCriticScore.srv
[5.569s] -- Up-to-date: /home/handsome/ros_ws_test/install/dwb_msgs/share/dwb_msgs/srv/ScoreTrajectory.srv
[5.570s] -- Up-to-date: /home/handsome/ros_ws_test/install/dwb_msgs/share/dwb_msgs/cmake/dwb_msgs-msg-paths.cmake
[5.570s] -- Up-to-date: /home/handsome/ros_ws_test/install/dwb_msgs/include/dwb_msgs
[5.570s] -- Up-to-date: /home/handsome/ros_ws_test/install/dwb_msgs/include/dwb_msgs/DebugLocalPlan.h
[5.570s] -- Up-to-date: /home/handsome/ros_ws_test/install/dwb_msgs/include/dwb_msgs/TrajectoryScore.h
[5.571s] -- Up-to-date: /home/handsome/ros_ws_test/install/dwb_msgs/include/dwb_msgs/GenerateTwistsRequest.h
[5.571s] -- Up-to-date: /home/handsome/ros_ws_test/install/dwb_msgs/include/dwb_msgs/GenerateTrajectory.h
[5.571s] -- Up-to-date: /home/handsome/ros_ws_test/install/dwb_msgs/include/dwb_msgs/GenerateTrajectoryResponse.h
[5.571s] -- Up-to-date: /home/handsome/ros_ws_test/install/dwb_msgs/include/dwb_msgs/LocalPlanEvaluation.h
[5.572s] -- Up-to-date: /home/handsome/ros_ws_test/install/dwb_msgs/include/dwb_msgs/ScoreTrajectoryResponse.h
[5.572s] -- Up-to-date: /home/handsome/ros_ws_test/install/dwb_msgs/include/dwb_msgs/DebugLocalPlanRequest.h
[5.572s] -- Up-to-date: /home/handsome/ros_ws_test/install/dwb_msgs/include/dwb_msgs/GenerateTwistsResponse.h
[5.572s] -- Up-to-date: /home/handsome/ros_ws_test/install/dwb_msgs/include/dwb_msgs/ScoreTrajectory.h
[5.572s] -- Up-to-date: /home/handsome/ros_ws_test/install/dwb_msgs/include/dwb_msgs/GetCriticScore.h
[5.572s] -- Up-to-date: /home/handsome/ros_ws_test/install/dwb_msgs/include/dwb_msgs/DebugLocalPlanResponse.h
[5.572s] -- Up-to-date: /home/handsome/ros_ws_test/install/dwb_msgs/include/dwb_msgs/GetCriticScoreResponse.h
[5.573s] -- Up-to-date: /home/handsome/ros_ws_test/install/dwb_msgs/include/dwb_msgs/GetCriticScoreRequest.h
[5.573s] -- Up-to-date: /home/handsome/ros_ws_test/install/dwb_msgs/include/dwb_msgs/GenerateTwists.h
[5.573s] -- Up-to-date: /home/handsome/ros_ws_test/install/dwb_msgs/include/dwb_msgs/GenerateTrajectoryRequest.h
[5.573s] -- Up-to-date: /home/handsome/ros_ws_test/install/dwb_msgs/include/dwb_msgs/Trajectory2D.h
[5.573s] -- Up-to-date: /home/handsome/ros_ws_test/install/dwb_msgs/include/dwb_msgs/ScoreTrajectoryRequest.h
[5.573s] -- Up-to-date: /home/handsome/ros_ws_test/install/dwb_msgs/include/dwb_msgs/CriticScore.h
[5.573s] -- Up-to-date: /home/handsome/ros_ws_test/install/dwb_msgs/share/roseus/ros/dwb_msgs
[5.573s] -- Up-to-date: /home/handsome/ros_ws_test/install/dwb_msgs/share/roseus/ros/dwb_msgs/msg
[5.573s] -- Up-to-date: /home/handsome/ros_ws_test/install/dwb_msgs/share/roseus/ros/dwb_msgs/msg/TrajectoryScore.l
[5.574s] -- Up-to-date: /home/handsome/ros_ws_test/install/dwb_msgs/share/roseus/ros/dwb_msgs/msg/CriticScore.l
[5.574s] -- Up-to-date: /home/handsome/ros_ws_test/install/dwb_msgs/share/roseus/ros/dwb_msgs/msg/Trajectory2D.l
[5.574s] -- Up-to-date: /home/handsome/ros_ws_test/install/dwb_msgs/share/roseus/ros/dwb_msgs/msg/LocalPlanEvaluation.l
[5.574s] -- Up-to-date: /home/handsome/ros_ws_test/install/dwb_msgs/share/roseus/ros/dwb_msgs/manifest.l
[5.574s] -- Up-to-date: /home/handsome/ros_ws_test/install/dwb_msgs/share/roseus/ros/dwb_msgs/srv
[5.574s] -- Up-to-date: /home/handsome/ros_ws_test/install/dwb_msgs/share/roseus/ros/dwb_msgs/srv/ScoreTrajectory.l
[5.574s] -- Up-to-date: /home/handsome/ros_ws_test/install/dwb_msgs/share/roseus/ros/dwb_msgs/srv/GenerateTwists.l
[5.574s] -- Up-to-date: /home/handsome/ros_ws_test/install/dwb_msgs/share/roseus/ros/dwb_msgs/srv/GenerateTrajectory.l
[5.574s] -- Up-to-date: /home/handsome/ros_ws_test/install/dwb_msgs/share/roseus/ros/dwb_msgs/srv/GetCriticScore.l
[5.575s] -- Up-to-date: /home/handsome/ros_ws_test/install/dwb_msgs/share/roseus/ros/dwb_msgs/srv/DebugLocalPlan.l
[5.575s] -- Up-to-date: /home/handsome/ros_ws_test/install/dwb_msgs/share/common-lisp/ros/dwb_msgs
[5.575s] -- Up-to-date: /home/handsome/ros_ws_test/install/dwb_msgs/share/common-lisp/ros/dwb_msgs/msg
[5.575s] -- Up-to-date: /home/handsome/ros_ws_test/install/dwb_msgs/share/common-lisp/ros/dwb_msgs/msg/LocalPlanEvaluation.lisp
[5.575s] -- Up-to-date: /home/handsome/ros_ws_test/install/dwb_msgs/share/common-lisp/ros/dwb_msgs/msg/Trajectory2D.lisp
[5.575s] -- Up-to-date: /home/handsome/ros_ws_test/install/dwb_msgs/share/common-lisp/ros/dwb_msgs/msg/_package_CriticScore.lisp
[5.575s] -- Up-to-date: /home/handsome/ros_ws_test/install/dwb_msgs/share/common-lisp/ros/dwb_msgs/msg/dwb_msgs-msg.asd
[5.575s] -- Up-to-date: /home/handsome/ros_ws_test/install/dwb_msgs/share/common-lisp/ros/dwb_msgs/msg/_package.lisp
[5.575s] -- Up-to-date: /home/handsome/ros_ws_test/install/dwb_msgs/share/common-lisp/ros/dwb_msgs/msg/_package_TrajectoryScore.lisp
[5.576s] -- Up-to-date: /home/handsome/ros_ws_test/install/dwb_msgs/share/common-lisp/ros/dwb_msgs/msg/_package_Trajectory2D.lisp
[5.576s] -- Up-to-date: /home/handsome/ros_ws_test/install/dwb_msgs/share/common-lisp/ros/dwb_msgs/msg/CriticScore.lisp
[5.576s] -- Up-to-date: /home/handsome/ros_ws_test/install/dwb_msgs/share/common-lisp/ros/dwb_msgs/msg/_package_LocalPlanEvaluation.lisp
[5.576s] -- Up-to-date: /home/handsome/ros_ws_test/install/dwb_msgs/share/common-lisp/ros/dwb_msgs/msg/TrajectoryScore.lisp
[5.577s] -- Up-to-date: /home/handsome/ros_ws_test/install/dwb_msgs/share/common-lisp/ros/dwb_msgs/srv
[5.577s] -- Up-to-date: /home/handsome/ros_ws_test/install/dwb_msgs/share/common-lisp/ros/dwb_msgs/srv/GenerateTrajectory.lisp
[5.577s] -- Up-to-date: /home/handsome/ros_ws_test/install/dwb_msgs/share/common-lisp/ros/dwb_msgs/srv/_package_ScoreTrajectory.lisp
[5.577s] -- Up-to-date: /home/handsome/ros_ws_test/install/dwb_msgs/share/common-lisp/ros/dwb_msgs/srv/_package_DebugLocalPlan.lisp
[5.577s] -- Up-to-date: /home/handsome/ros_ws_test/install/dwb_msgs/share/common-lisp/ros/dwb_msgs/srv/_package_GetCriticScore.lisp
[5.577s] -- Up-to-date: /home/handsome/ros_ws_test/install/dwb_msgs/share/common-lisp/ros/dwb_msgs/srv/_package_GenerateTrajectory.lisp
[5.577s] -- Up-to-date: /home/handsome/ros_ws_test/install/dwb_msgs/share/common-lisp/ros/dwb_msgs/srv/_package_GenerateTwists.lisp
[5.578s] -- Up-to-date: /home/handsome/ros_ws_test/install/dwb_msgs/share/common-lisp/ros/dwb_msgs/srv/GetCriticScore.lisp
[5.578s] -- Up-to-date: /home/handsome/ros_ws_test/install/dwb_msgs/share/common-lisp/ros/dwb_msgs/srv/_package.lisp
[5.578s] -- Up-to-date: /home/handsome/ros_ws_test/install/dwb_msgs/share/common-lisp/ros/dwb_msgs/srv/dwb_msgs-srv.asd
[5.578s] -- Up-to-date: /home/handsome/ros_ws_test/install/dwb_msgs/share/common-lisp/ros/dwb_msgs/srv/GenerateTwists.lisp
[5.578s] -- Up-to-date: /home/handsome/ros_ws_test/install/dwb_msgs/share/common-lisp/ros/dwb_msgs/srv/DebugLocalPlan.lisp
[5.578s] -- Up-to-date: /home/handsome/ros_ws_test/install/dwb_msgs/share/common-lisp/ros/dwb_msgs/srv/ScoreTrajectory.lisp
[5.578s] -- Up-to-date: /home/handsome/ros_ws_test/install/dwb_msgs/share/gennodejs/ros/dwb_msgs
[5.578s] -- Up-to-date: /home/handsome/ros_ws_test/install/dwb_msgs/share/gennodejs/ros/dwb_msgs/msg
[5.579s] -- Up-to-date: /home/handsome/ros_ws_test/install/dwb_msgs/share/gennodejs/ros/dwb_msgs/msg/CriticScore.js
[5.579s] -- Up-to-date: /home/handsome/ros_ws_test/install/dwb_msgs/share/gennodejs/ros/dwb_msgs/msg/_index.js
[5.579s] -- Up-to-date: /home/handsome/ros_ws_test/install/dwb_msgs/share/gennodejs/ros/dwb_msgs/msg/LocalPlanEvaluation.js
[5.579s] -- Up-to-date: /home/handsome/ros_ws_test/install/dwb_msgs/share/gennodejs/ros/dwb_msgs/msg/Trajectory2D.js
[5.579s] -- Up-to-date: /home/handsome/ros_ws_test/install/dwb_msgs/share/gennodejs/ros/dwb_msgs/msg/TrajectoryScore.js
[5.579s] -- Up-to-date: /home/handsome/ros_ws_test/install/dwb_msgs/share/gennodejs/ros/dwb_msgs/_index.js
[5.579s] -- Up-to-date: /home/handsome/ros_ws_test/install/dwb_msgs/share/gennodejs/ros/dwb_msgs/srv
[5.579s] -- Up-to-date: /home/handsome/ros_ws_test/install/dwb_msgs/share/gennodejs/ros/dwb_msgs/srv/DebugLocalPlan.js
[5.579s] -- Up-to-date: /home/handsome/ros_ws_test/install/dwb_msgs/share/gennodejs/ros/dwb_msgs/srv/_index.js
[5.580s] -- Up-to-date: /home/handsome/ros_ws_test/install/dwb_msgs/share/gennodejs/ros/dwb_msgs/srv/ScoreTrajectory.js
[5.580s] -- Up-to-date: /home/handsome/ros_ws_test/install/dwb_msgs/share/gennodejs/ros/dwb_msgs/srv/GenerateTrajectory.js
[5.580s] -- Up-to-date: /home/handsome/ros_ws_test/install/dwb_msgs/share/gennodejs/ros/dwb_msgs/srv/GenerateTwists.js
[5.580s] -- Up-to-date: /home/handsome/ros_ws_test/install/dwb_msgs/share/gennodejs/ros/dwb_msgs/srv/GetCriticScore.js
[5.631s] Listing /home/handsome/ros_ws_test/build/dwb_msgs/devel/lib/python2.7/dist-packages/dwb_msgs ...
[5.631s] Listing /home/handsome/ros_ws_test/build/dwb_msgs/devel/lib/python2.7/dist-packages/dwb_msgs/msg ...
[5.634s] Listing /home/handsome/ros_ws_test/build/dwb_msgs/devel/lib/python2.7/dist-packages/dwb_msgs/srv ...
[5.638s] -- Up-to-date: /home/handsome/ros_ws_test/install/dwb_msgs/lib/python2.7/dist-packages/dwb_msgs
[5.638s] -- Up-to-date: /home/handsome/ros_ws_test/install/dwb_msgs/lib/python2.7/dist-packages/dwb_msgs/msg
[5.638s] -- Up-to-date: /home/handsome/ros_ws_test/install/dwb_msgs/lib/python2.7/dist-packages/dwb_msgs/msg/_TrajectoryScore.pyc
[5.638s] -- Up-to-date: /home/handsome/ros_ws_test/install/dwb_msgs/lib/python2.7/dist-packages/dwb_msgs/msg/_CriticScore.pyc
[5.639s] -- Up-to-date: /home/handsome/ros_ws_test/install/dwb_msgs/lib/python2.7/dist-packages/dwb_msgs/msg/_LocalPlanEvaluation.pyc
[5.639s] -- Up-to-date: /home/handsome/ros_ws_test/install/dwb_msgs/lib/python2.7/dist-packages/dwb_msgs/msg/_CriticScore.py
[5.640s] -- Up-to-date: /home/handsome/ros_ws_test/install/dwb_msgs/lib/python2.7/dist-packages/dwb_msgs/msg/__init__.py
[5.640s] -- Up-to-date: /home/handsome/ros_ws_test/install/dwb_msgs/lib/python2.7/dist-packages/dwb_msgs/msg/_Trajectory2D.pyc
[5.641s] -- Up-to-date: /home/handsome/ros_ws_test/install/dwb_msgs/lib/python2.7/dist-packages/dwb_msgs/msg/_Trajectory2D.py
[5.641s] -- Up-to-date: /home/handsome/ros_ws_test/install/dwb_msgs/lib/python2.7/dist-packages/dwb_msgs/msg/__init__.pyc
[5.641s] -- Up-to-date: /home/handsome/ros_ws_test/install/dwb_msgs/lib/python2.7/dist-packages/dwb_msgs/msg/_TrajectoryScore.py
[5.642s] -- Up-to-date: /home/handsome/ros_ws_test/install/dwb_msgs/lib/python2.7/dist-packages/dwb_msgs/msg/_LocalPlanEvaluation.py
[5.643s] -- Up-to-date: /home/handsome/ros_ws_test/install/dwb_msgs/lib/python2.7/dist-packages/dwb_msgs/__init__.py
[5.643s] -- Up-to-date: /home/handsome/ros_ws_test/install/dwb_msgs/lib/python2.7/dist-packages/dwb_msgs/srv
[5.646s] -- Up-to-date: /home/handsome/ros_ws_test/install/dwb_msgs/lib/python2.7/dist-packages/dwb_msgs/srv/_GenerateTwists.py
[5.646s] -- Up-to-date: /home/handsome/ros_ws_test/install/dwb_msgs/lib/python2.7/dist-packages/dwb_msgs/srv/__init__.py
[5.647s] -- Up-to-date: /home/handsome/ros_ws_test/install/dwb_msgs/lib/python2.7/dist-packages/dwb_msgs/srv/_GetCriticScore.py
[5.649s] -- Up-to-date: /home/handsome/ros_ws_test/install/dwb_msgs/lib/python2.7/dist-packages/dwb_msgs/srv/_DebugLocalPlan.pyc
[5.649s] -- Up-to-date: /home/handsome/ros_ws_test/install/dwb_msgs/lib/python2.7/dist-packages/dwb_msgs/srv/_GetCriticScore.pyc
[5.649s] -- Up-to-date: /home/handsome/ros_ws_test/install/dwb_msgs/lib/python2.7/dist-packages/dwb_msgs/srv/_GenerateTwists.pyc
[5.650s] -- Up-to-date: /home/handsome/ros_ws_test/install/dwb_msgs/lib/python2.7/dist-packages/dwb_msgs/srv/_GenerateTrajectory.pyc
[5.652s] -- Up-to-date: /home/handsome/ros_ws_test/install/dwb_msgs/lib/python2.7/dist-packages/dwb_msgs/srv/_DebugLocalPlan.py
[5.653s] -- Up-to-date: /home/handsome/ros_ws_test/install/dwb_msgs/lib/python2.7/dist-packages/dwb_msgs/srv/__init__.pyc
[5.653s] -- Up-to-date: /home/handsome/ros_ws_test/install/dwb_msgs/lib/python2.7/dist-packages/dwb_msgs/srv/_GenerateTrajectory.py
[5.653s] -- Up-to-date: /home/handsome/ros_ws_test/install/dwb_msgs/lib/python2.7/dist-packages/dwb_msgs/srv/_ScoreTrajectory.pyc
[5.654s] -- Up-to-date: /home/handsome/ros_ws_test/install/dwb_msgs/lib/python2.7/dist-packages/dwb_msgs/srv/_ScoreTrajectory.py
[5.654s] -- Up-to-date: /home/handsome/ros_ws_test/install/dwb_msgs/lib/python2.7/dist-packages/dwb_msgs/__init__.pyc
[5.655s] -- Up-to-date: /home/handsome/ros_ws_test/install/dwb_msgs/lib/pkgconfig/dwb_msgs.pc
[5.655s] -- Up-to-date: /home/handsome/ros_ws_test/install/dwb_msgs/share/dwb_msgs/cmake/dwb_msgs-msg-extras.cmake
[5.655s] -- Up-to-date: /home/handsome/ros_ws_test/install/dwb_msgs/share/dwb_msgs/cmake/dwb_msgsConfig.cmake
[5.656s] -- Up-to-date: /home/handsome/ros_ws_test/install/dwb_msgs/share/dwb_msgs/cmake/dwb_msgsConfig-version.cmake
[5.656s] -- Up-to-date: /home/handsome/ros_ws_test/install/dwb_msgs/share/dwb_msgs/package.xml
[5.764s] Invoked command in '/home/handsome/ros_ws_test/build/dwb_msgs' returned '0': CMAKE_PREFIX_PATH=/home/handsome/ros_ws_test/install/nav_2d_msgs:${CMAKE_PREFIX_PATH} PKG_CONFIG_PATH=/home/handsome/ros_ws_test/install/nav_2d_msgs/lib/x86_64-linux-gnu/pkgconfig:/home/handsome/ros_ws_test/install/nav_2d_msgs/lib/pkgconfig:${PKG_CONFIG_PATH} PYTHONPATH=/home/handsome/ros_ws_test/install/nav_2d_msgs/lib/python2.7/dist-packages:${PYTHONPATH} ROS_PACKAGE_PATH=/home/handsome/ros_ws_test/install/nav_2d_msgs/share:${ROS_PACKAGE_PATH} /usr/bin/cmake --build /home/handsome/ros_ws_test/build/dwb_msgs --target install -- -j12 -l12
