[  0%] Built target _pnp_msgs_generate_messages_check_deps_PNPCondition
[  0%] Built target _pnp_msgs_generate_messages_check_deps_PNPActionFeedback
[  0%] Built target _pnp_msgs_generate_messages_check_deps_PNPGetVariableValue
[  0%] Built target _pnp_msgs_generate_messages_check_deps_PNPReward
[  0%] Built target _pnp_msgs_generate_messages_check_deps_PNPSetVariableValue
[  0%] Built target _pnp_msgs_generate_messages_check_deps_ActionFinished
[  0%] Built target _pnp_msgs_generate_messages_check_deps_PNPResult
[  0%] Built target _pnp_msgs_generate_messages_check_deps_PNPAction
[  0%] Built target _pnp_msgs_generate_messages_check_deps_PNPLastEvent
[  0%] Built target _pnp_msgs_generate_messages_check_deps_PNPClearBuffer
[  0%] Built target _pnp_msgs_generate_messages_check_deps_Action
[  0%] Built target actionlib_msgs_generate_messages_lisp
[  0%] Built target actionlib_msgs_generate_messages_eus
[  0%] Built target _pnp_msgs_generate_messages_check_deps_PNPGoal
[  0%] Built target actionlib_msgs_generate_messages_nodejs
[  0%] Built target actionlib_msgs_generate_messages_cpp
[  0%] Built target _pnp_msgs_generate_messages_check_deps_PNPActionGoal
[  0%] Built target actionlib_msgs_generate_messages_py
[  0%] Built target _pnp_msgs_generate_messages_check_deps_PNPFeedback
[  0%] Built target _pnp_msgs_generate_messages_check_deps_PNPActionResult
[ 20%] Built target pnp_msgs_generate_messages_eus
[ 39%] Built target pnp_msgs_generate_messages_nodejs
[ 58%] Built target pnp_msgs_generate_messages_cpp
[ 80%] Built target pnp_msgs_generate_messages_py
[100%] Built target pnp_msgs_generate_messages_lisp
[100%] Built target pnp_msgs_generate_messages
Built target tests
[  0%] Built target _pnp_msgs_generate_messages_check_deps_PNPLastEvent
[  0%] Built target _pnp_msgs_generate_messages_check_deps_PNPActionFeedback
[  0%] Built target _pnp_msgs_generate_messages_check_deps_PNPCondition
[  0%] Built target _pnp_msgs_generate_messages_check_deps_PNPReward
[  0%] Built target _pnp_msgs_generate_messages_check_deps_PNPClearBuffer
[  0%] Built target _pnp_msgs_generate_messages_check_deps_Action
[  0%] Built target _pnp_msgs_generate_messages_check_deps_ActionFinished
[  0%] Built target _pnp_msgs_generate_messages_check_deps_PNPSetVariableValue
[  0%] Built target _pnp_msgs_generate_messages_check_deps_PNPResult
[  0%] Built target _pnp_msgs_generate_messages_check_deps_PNPGetVariableValue
[  0%] Built target _pnp_msgs_generate_messages_check_deps_PNPAction
[  0%] Built target _pnp_msgs_generate_messages_check_deps_PNPGoal
[  0%] Built target actionlib_msgs_generate_messages_cpp
[  0%] Built target actionlib_msgs_generate_messages_py
[  0%] Built target actionlib_msgs_generate_messages_lisp
[  0%] Built target actionlib_msgs_generate_messages_eus
[  0%] Built target actionlib_msgs_generate_messages_nodejs
[  0%] Built target _pnp_msgs_generate_messages_check_deps_PNPActionGoal
[  0%] Built target _pnp_msgs_generate_messages_check_deps_PNPActionResult
[  0%] Built target _pnp_msgs_generate_messages_check_deps_PNPFeedback
[ 19%] Built target pnp_msgs_generate_messages_cpp
[ 38%] Built target pnp_msgs_generate_messages_nodejs
[ 60%] Built target pnp_msgs_generate_messages_py
[ 79%] Built target pnp_msgs_generate_messages_lisp
[100%] Built target pnp_msgs_generate_messages_eus
[100%] Built target pnp_msgs_generate_messages
[36mInstall the project...[0m
-- Install configuration: ""
-- Up-to-date: /home/handsome/ros_ws_test/install/pnp_msgs/share/pnp_msgs/msg/Action.msg
-- Up-to-date: /home/handsome/ros_ws_test/install/pnp_msgs/share/pnp_msgs/msg/ActionFinished.msg
-- Up-to-date: /home/handsome/ros_ws_test/install/pnp_msgs/share/pnp_msgs/srv/PNPClearBuffer.srv
-- Up-to-date: /home/handsome/ros_ws_test/install/pnp_msgs/share/pnp_msgs/srv/PNPCondition.srv
-- Up-to-date: /home/handsome/ros_ws_test/install/pnp_msgs/share/pnp_msgs/srv/PNPGetVariableValue.srv
-- Up-to-date: /home/handsome/ros_ws_test/install/pnp_msgs/share/pnp_msgs/srv/PNPLastEvent.srv
-- Up-to-date: /home/handsome/ros_ws_test/install/pnp_msgs/share/pnp_msgs/srv/PNPReward.srv
-- Up-to-date: /home/handsome/ros_ws_test/install/pnp_msgs/share/pnp_msgs/srv/PNPSetVariableValue.srv
-- Up-to-date: /home/handsome/ros_ws_test/install/pnp_msgs/share/pnp_msgs/action/PNP.action
-- Up-to-date: /home/handsome/ros_ws_test/install/pnp_msgs/share/pnp_msgs/msg/PNPAction.msg
-- Up-to-date: /home/handsome/ros_ws_test/install/pnp_msgs/share/pnp_msgs/msg/PNPActionGoal.msg
-- Up-to-date: /home/handsome/ros_ws_test/install/pnp_msgs/share/pnp_msgs/msg/PNPActionResult.msg
-- Up-to-date: /home/handsome/ros_ws_test/install/pnp_msgs/share/pnp_msgs/msg/PNPActionFeedback.msg
-- Up-to-date: /home/handsome/ros_ws_test/install/pnp_msgs/share/pnp_msgs/msg/PNPGoal.msg
-- Up-to-date: /home/handsome/ros_ws_test/install/pnp_msgs/share/pnp_msgs/msg/PNPResult.msg
-- Up-to-date: /home/handsome/ros_ws_test/install/pnp_msgs/share/pnp_msgs/msg/PNPFeedback.msg
-- Up-to-date: /home/handsome/ros_ws_test/install/pnp_msgs/share/pnp_msgs/cmake/pnp_msgs-msg-paths.cmake
-- Up-to-date: /home/handsome/ros_ws_test/install/pnp_msgs/include/pnp_msgs
-- Up-to-date: /home/handsome/ros_ws_test/install/pnp_msgs/include/pnp_msgs/PNPActionGoal.h
-- Up-to-date: /home/handsome/ros_ws_test/install/pnp_msgs/include/pnp_msgs/Action.h
-- Up-to-date: /home/handsome/ros_ws_test/install/pnp_msgs/include/pnp_msgs/PNPAction.h
-- Up-to-date: /home/handsome/ros_ws_test/install/pnp_msgs/include/pnp_msgs/PNPRewardRequest.h
-- Up-to-date: /home/handsome/ros_ws_test/install/pnp_msgs/include/pnp_msgs/PNPGoal.h
-- Up-to-date: /home/handsome/ros_ws_test/install/pnp_msgs/include/pnp_msgs/PNPFeedback.h
-- Up-to-date: /home/handsome/ros_ws_test/install/pnp_msgs/include/pnp_msgs/PNPConditionResponse.h
-- Up-to-date: /home/handsome/ros_ws_test/install/pnp_msgs/include/pnp_msgs/PNPGetVariableValueResponse.h
-- Up-to-date: /home/handsome/ros_ws_test/install/pnp_msgs/include/pnp_msgs/PNPSetVariableValue.h
-- Up-to-date: /home/handsome/ros_ws_test/install/pnp_msgs/include/pnp_msgs/PNPGetVariableValueRequest.h
-- Up-to-date: /home/handsome/ros_ws_test/install/pnp_msgs/include/pnp_msgs/PNPSetVariableValueResponse.h
-- Up-to-date: /home/handsome/ros_ws_test/install/pnp_msgs/include/pnp_msgs/PNPLastEventRequest.h
-- Up-to-date: /home/handsome/ros_ws_test/install/pnp_msgs/include/pnp_msgs/PNPConditionRequest.h
-- Up-to-date: /home/handsome/ros_ws_test/install/pnp_msgs/include/pnp_msgs/PNPLastEventResponse.h
-- Up-to-date: /home/handsome/ros_ws_test/install/pnp_msgs/include/pnp_msgs/PNPActionResult.h
-- Up-to-date: /home/handsome/ros_ws_test/install/pnp_msgs/include/pnp_msgs/PNPRewardResponse.h
-- Up-to-date: /home/handsome/ros_ws_test/install/pnp_msgs/include/pnp_msgs/PNPGetVariableValue.h
-- Up-to-date: /home/handsome/ros_ws_test/install/pnp_msgs/include/pnp_msgs/PNPSetVariableValueRequest.h
-- Up-to-date: /home/handsome/ros_ws_test/install/pnp_msgs/include/pnp_msgs/PNPLastEvent.h
-- Up-to-date: /home/handsome/ros_ws_test/install/pnp_msgs/include/pnp_msgs/PNPCondition.h
-- Up-to-date: /home/handsome/ros_ws_test/install/pnp_msgs/include/pnp_msgs/PNPClearBufferResponse.h
-- Up-to-date: /home/handsome/ros_ws_test/install/pnp_msgs/include/pnp_msgs/PNPReward.h
-- Up-to-date: /home/handsome/ros_ws_test/install/pnp_msgs/include/pnp_msgs/PNPResult.h
-- Up-to-date: /home/handsome/ros_ws_test/install/pnp_msgs/include/pnp_msgs/PNPClearBufferRequest.h
-- Up-to-date: /home/handsome/ros_ws_test/install/pnp_msgs/include/pnp_msgs/PNPClearBuffer.h
-- Up-to-date: /home/handsome/ros_ws_test/install/pnp_msgs/include/pnp_msgs/ActionFinished.h
-- Up-to-date: /home/handsome/ros_ws_test/install/pnp_msgs/include/pnp_msgs/PNPActionFeedback.h
-- Up-to-date: /home/handsome/ros_ws_test/install/pnp_msgs/share/roseus/ros/pnp_msgs
-- Up-to-date: /home/handsome/ros_ws_test/install/pnp_msgs/share/roseus/ros/pnp_msgs/msg
-- Up-to-date: /home/handsome/ros_ws_test/install/pnp_msgs/share/roseus/ros/pnp_msgs/msg/Action.l
-- Up-to-date: /home/handsome/ros_ws_test/install/pnp_msgs/share/roseus/ros/pnp_msgs/msg/PNPActionGoal.l
-- Up-to-date: /home/handsome/ros_ws_test/install/pnp_msgs/share/roseus/ros/pnp_msgs/msg/PNPActionFeedback.l
-- Up-to-date: /home/handsome/ros_ws_test/install/pnp_msgs/share/roseus/ros/pnp_msgs/msg/ActionFinished.l
-- Up-to-date: /home/handsome/ros_ws_test/install/pnp_msgs/share/roseus/ros/pnp_msgs/msg/PNPActionResult.l
-- Up-to-date: /home/handsome/ros_ws_test/install/pnp_msgs/share/roseus/ros/pnp_msgs/msg/PNPAction.l
-- Up-to-date: /home/handsome/ros_ws_test/install/pnp_msgs/share/roseus/ros/pnp_msgs/msg/PNPFeedback.l
-- Up-to-date: /home/handsome/ros_ws_test/install/pnp_msgs/share/roseus/ros/pnp_msgs/msg/PNPGoal.l
-- Up-to-date: /home/handsome/ros_ws_test/install/pnp_msgs/share/roseus/ros/pnp_msgs/msg/PNPResult.l
-- Up-to-date: /home/handsome/ros_ws_test/install/pnp_msgs/share/roseus/ros/pnp_msgs/manifest.l
-- Up-to-date: /home/handsome/ros_ws_test/install/pnp_msgs/share/roseus/ros/pnp_msgs/srv
-- Up-to-date: /home/handsome/ros_ws_test/install/pnp_msgs/share/roseus/ros/pnp_msgs/srv/PNPSetVariableValue.l
-- Up-to-date: /home/handsome/ros_ws_test/install/pnp_msgs/share/roseus/ros/pnp_msgs/srv/PNPGetVariableValue.l
-- Up-to-date: /home/handsome/ros_ws_test/install/pnp_msgs/share/roseus/ros/pnp_msgs/srv/PNPLastEvent.l
-- Up-to-date: /home/handsome/ros_ws_test/install/pnp_msgs/share/roseus/ros/pnp_msgs/srv/PNPCondition.l
-- Up-to-date: /home/handsome/ros_ws_test/install/pnp_msgs/share/roseus/ros/pnp_msgs/srv/PNPClearBuffer.l
-- Up-to-date: /home/handsome/ros_ws_test/install/pnp_msgs/share/roseus/ros/pnp_msgs/srv/PNPReward.l
-- Up-to-date: /home/handsome/ros_ws_test/install/pnp_msgs/share/common-lisp/ros/pnp_msgs
-- Up-to-date: /home/handsome/ros_ws_test/install/pnp_msgs/share/common-lisp/ros/pnp_msgs/msg
-- Up-to-date: /home/handsome/ros_ws_test/install/pnp_msgs/share/common-lisp/ros/pnp_msgs/msg/Action.lisp
-- Up-to-date: /home/handsome/ros_ws_test/install/pnp_msgs/share/common-lisp/ros/pnp_msgs/msg/PNPActionGoal.lisp
-- Up-to-date: /home/handsome/ros_ws_test/install/pnp_msgs/share/common-lisp/ros/pnp_msgs/msg/PNPAction.lisp
-- Up-to-date: /home/handsome/ros_ws_test/install/pnp_msgs/share/common-lisp/ros/pnp_msgs/msg/PNPActionResult.lisp
-- Up-to-date: /home/handsome/ros_ws_test/install/pnp_msgs/share/common-lisp/ros/pnp_msgs/msg/_package_PNPFeedback.lisp
-- Up-to-date: /home/handsome/ros_ws_test/install/pnp_msgs/share/common-lisp/ros/pnp_msgs/msg/_package_Action.lisp
-- Up-to-date: /home/handsome/ros_ws_test/install/pnp_msgs/share/common-lisp/ros/pnp_msgs/msg/_package.lisp
-- Up-to-date: /home/handsome/ros_ws_test/install/pnp_msgs/share/common-lisp/ros/pnp_msgs/msg/PNPActionFeedback.lisp
-- Up-to-date: /home/handsome/ros_ws_test/install/pnp_msgs/share/common-lisp/ros/pnp_msgs/msg/PNPGoal.lisp
-- Up-to-date: /home/handsome/ros_ws_test/install/pnp_msgs/share/common-lisp/ros/pnp_msgs/msg/_package_ActionFinished.lisp
-- Up-to-date: /home/handsome/ros_ws_test/install/pnp_msgs/share/common-lisp/ros/pnp_msgs/msg/ActionFinished.lisp
-- Up-to-date: /home/handsome/ros_ws_test/install/pnp_msgs/share/common-lisp/ros/pnp_msgs/msg/PNPFeedback.lisp
-- Up-to-date: /home/handsome/ros_ws_test/install/pnp_msgs/share/common-lisp/ros/pnp_msgs/msg/_package_PNPGoal.lisp
-- Up-to-date: /home/handsome/ros_ws_test/install/pnp_msgs/share/common-lisp/ros/pnp_msgs/msg/PNPResult.lisp
-- Up-to-date: /home/handsome/ros_ws_test/install/pnp_msgs/share/common-lisp/ros/pnp_msgs/msg/_package_PNPAction.lisp
-- Up-to-date: /home/handsome/ros_ws_test/install/pnp_msgs/share/common-lisp/ros/pnp_msgs/msg/pnp_msgs-msg.asd
-- Up-to-date: /home/handsome/ros_ws_test/install/pnp_msgs/share/common-lisp/ros/pnp_msgs/msg/_package_PNPActionGoal.lisp
-- Up-to-date: /home/handsome/ros_ws_test/install/pnp_msgs/share/common-lisp/ros/pnp_msgs/msg/_package_PNPActionResult.lisp
-- Up-to-date: /home/handsome/ros_ws_test/install/pnp_msgs/share/common-lisp/ros/pnp_msgs/msg/_package_PNPResult.lisp
-- Up-to-date: /home/handsome/ros_ws_test/install/pnp_msgs/share/common-lisp/ros/pnp_msgs/msg/_package_PNPActionFeedback.lisp
-- Up-to-date: /home/handsome/ros_ws_test/install/pnp_msgs/share/common-lisp/ros/pnp_msgs/srv
-- Up-to-date: /home/handsome/ros_ws_test/install/pnp_msgs/share/common-lisp/ros/pnp_msgs/srv/pnp_msgs-srv.asd
-- Up-to-date: /home/handsome/ros_ws_test/install/pnp_msgs/share/common-lisp/ros/pnp_msgs/srv/_package_PNPLastEvent.lisp
-- Up-to-date: /home/handsome/ros_ws_test/install/pnp_msgs/share/common-lisp/ros/pnp_msgs/srv/PNPLastEvent.lisp
-- Up-to-date: /home/handsome/ros_ws_test/install/pnp_msgs/share/common-lisp/ros/pnp_msgs/srv/_package_PNPSetVariableValue.lisp
-- Up-to-date: /home/handsome/ros_ws_test/install/pnp_msgs/share/common-lisp/ros/pnp_msgs/srv/_package.lisp
-- Up-to-date: /home/handsome/ros_ws_test/install/pnp_msgs/share/common-lisp/ros/pnp_msgs/srv/_package_PNPCondition.lisp
-- Up-to-date: /home/handsome/ros_ws_test/install/pnp_msgs/share/common-lisp/ros/pnp_msgs/srv/_package_PNPGetVariableValue.lisp
-- Up-to-date: /home/handsome/ros_ws_test/install/pnp_msgs/share/common-lisp/ros/pnp_msgs/srv/_package_PNPClearBuffer.lisp
-- Up-to-date: /home/handsome/ros_ws_test/install/pnp_msgs/share/common-lisp/ros/pnp_msgs/srv/PNPGetVariableValue.lisp
-- Up-to-date: /home/handsome/ros_ws_test/install/pnp_msgs/share/common-lisp/ros/pnp_msgs/srv/_package_PNPReward.lisp
-- Up-to-date: /home/handsome/ros_ws_test/install/pnp_msgs/share/common-lisp/ros/pnp_msgs/srv/PNPClearBuffer.lisp
-- Up-to-date: /home/handsome/ros_ws_test/install/pnp_msgs/share/common-lisp/ros/pnp_msgs/srv/PNPSetVariableValue.lisp
-- Up-to-date: /home/handsome/ros_ws_test/install/pnp_msgs/share/common-lisp/ros/pnp_msgs/srv/PNPCondition.lisp
-- Up-to-date: /home/handsome/ros_ws_test/install/pnp_msgs/share/common-lisp/ros/pnp_msgs/srv/PNPReward.lisp
-- Up-to-date: /home/handsome/ros_ws_test/install/pnp_msgs/share/gennodejs/ros/pnp_msgs
-- Up-to-date: /home/handsome/ros_ws_test/install/pnp_msgs/share/gennodejs/ros/pnp_msgs/msg
-- Up-to-date: /home/handsome/ros_ws_test/install/pnp_msgs/share/gennodejs/ros/pnp_msgs/msg/PNPActionFeedback.js
-- Up-to-date: /home/handsome/ros_ws_test/install/pnp_msgs/share/gennodejs/ros/pnp_msgs/msg/PNPFeedback.js
-- Up-to-date: /home/handsome/ros_ws_test/install/pnp_msgs/share/gennodejs/ros/pnp_msgs/msg/_index.js
-- Up-to-date: /home/handsome/ros_ws_test/install/pnp_msgs/share/gennodejs/ros/pnp_msgs/msg/PNPResult.js
-- Up-to-date: /home/handsome/ros_ws_test/install/pnp_msgs/share/gennodejs/ros/pnp_msgs/msg/Action.js
-- Up-to-date: /home/handsome/ros_ws_test/install/pnp_msgs/share/gennodejs/ros/pnp_msgs/msg/PNPActionGoal.js
-- Up-to-date: /home/handsome/ros_ws_test/install/pnp_msgs/share/gennodejs/ros/pnp_msgs/msg/PNPGoal.js
-- Up-to-date: /home/handsome/ros_ws_test/install/pnp_msgs/share/gennodejs/ros/pnp_msgs/msg/PNPAction.js
-- Up-to-date: /home/handsome/ros_ws_test/install/pnp_msgs/share/gennodejs/ros/pnp_msgs/msg/ActionFinished.js
-- Up-to-date: /home/handsome/ros_ws_test/install/pnp_msgs/share/gennodejs/ros/pnp_msgs/msg/PNPActionResult.js
-- Up-to-date: /home/handsome/ros_ws_test/install/pnp_msgs/share/gennodejs/ros/pnp_msgs/_index.js
-- Up-to-date: /home/handsome/ros_ws_test/install/pnp_msgs/share/gennodejs/ros/pnp_msgs/srv
-- Up-to-date: /home/handsome/ros_ws_test/install/pnp_msgs/share/gennodejs/ros/pnp_msgs/srv/PNPLastEvent.js
-- Up-to-date: /home/handsome/ros_ws_test/install/pnp_msgs/share/gennodejs/ros/pnp_msgs/srv/PNPSetVariableValue.js
-- Up-to-date: /home/handsome/ros_ws_test/install/pnp_msgs/share/gennodejs/ros/pnp_msgs/srv/PNPReward.js
-- Up-to-date: /home/handsome/ros_ws_test/install/pnp_msgs/share/gennodejs/ros/pnp_msgs/srv/_index.js
-- Up-to-date: /home/handsome/ros_ws_test/install/pnp_msgs/share/gennodejs/ros/pnp_msgs/srv/PNPCondition.js
-- Up-to-date: /home/handsome/ros_ws_test/install/pnp_msgs/share/gennodejs/ros/pnp_msgs/srv/PNPGetVariableValue.js
-- Up-to-date: /home/handsome/ros_ws_test/install/pnp_msgs/share/gennodejs/ros/pnp_msgs/srv/PNPClearBuffer.js
Listing /home/handsome/ros_ws_test/build/pnp_msgs/devel/lib/python2.7/dist-packages/pnp_msgs ...
Listing /home/handsome/ros_ws_test/build/pnp_msgs/devel/lib/python2.7/dist-packages/pnp_msgs/msg ...
Listing /home/handsome/ros_ws_test/build/pnp_msgs/devel/lib/python2.7/dist-packages/pnp_msgs/srv ...
-- Up-to-date: /home/handsome/ros_ws_test/install/pnp_msgs/lib/python2.7/dist-packages/pnp_msgs
-- Up-to-date: /home/handsome/ros_ws_test/install/pnp_msgs/lib/python2.7/dist-packages/pnp_msgs/msg
-- Up-to-date: /home/handsome/ros_ws_test/install/pnp_msgs/lib/python2.7/dist-packages/pnp_msgs/msg/_ActionFinished.pyc
-- Up-to-date: /home/handsome/ros_ws_test/install/pnp_msgs/lib/python2.7/dist-packages/pnp_msgs/msg/__init__.py
-- Up-to-date: /home/handsome/ros_ws_test/install/pnp_msgs/lib/python2.7/dist-packages/pnp_msgs/msg/_PNPActionFeedback.py
-- Up-to-date: /home/handsome/ros_ws_test/install/pnp_msgs/lib/python2.7/dist-packages/pnp_msgs/msg/_Action.pyc
-- Up-to-date: /home/handsome/ros_ws_test/install/pnp_msgs/lib/python2.7/dist-packages/pnp_msgs/msg/_PNPFeedback.py
-- Up-to-date: /home/handsome/ros_ws_test/install/pnp_msgs/lib/python2.7/dist-packages/pnp_msgs/msg/_PNPActionGoal.pyc
-- Up-to-date: /home/handsome/ros_ws_test/install/pnp_msgs/lib/python2.7/dist-packages/pnp_msgs/msg/_PNPResult.py
-- Up-to-date: /home/handsome/ros_ws_test/install/pnp_msgs/lib/python2.7/dist-packages/pnp_msgs/msg/_PNPGoal.py
-- Up-to-date: /home/handsome/ros_ws_test/install/pnp_msgs/lib/python2.7/dist-packages/pnp_msgs/msg/_ActionFinished.py
-- Up-to-date: /home/handsome/ros_ws_test/install/pnp_msgs/lib/python2.7/dist-packages/pnp_msgs/msg/_PNPAction.pyc
-- Up-to-date: /home/handsome/ros_ws_test/install/pnp_msgs/lib/python2.7/dist-packages/pnp_msgs/msg/_Action.py
-- Up-to-date: /home/handsome/ros_ws_test/install/pnp_msgs/lib/python2.7/dist-packages/pnp_msgs/msg/_PNPActionResult.pyc
-- Up-to-date: /home/handsome/ros_ws_test/install/pnp_msgs/lib/python2.7/dist-packages/pnp_msgs/msg/__init__.pyc
-- Up-to-date: /home/handsome/ros_ws_test/install/pnp_msgs/lib/python2.7/dist-packages/pnp_msgs/msg/_PNPResult.pyc
-- Up-to-date: /home/handsome/ros_ws_test/install/pnp_msgs/lib/python2.7/dist-packages/pnp_msgs/msg/_PNPActionResult.py
-- Up-to-date: /home/handsome/ros_ws_test/install/pnp_msgs/lib/python2.7/dist-packages/pnp_msgs/msg/_PNPActionGoal.py
-- Up-to-date: /home/handsome/ros_ws_test/install/pnp_msgs/lib/python2.7/dist-packages/pnp_msgs/msg/_PNPGoal.pyc
-- Up-to-date: /home/handsome/ros_ws_test/install/pnp_msgs/lib/python2.7/dist-packages/pnp_msgs/msg/_PNPFeedback.pyc
-- Up-to-date: /home/handsome/ros_ws_test/install/pnp_msgs/lib/python2.7/dist-packages/pnp_msgs/msg/_PNPActionFeedback.pyc
-- Up-to-date: /home/handsome/ros_ws_test/install/pnp_msgs/lib/python2.7/dist-packages/pnp_msgs/msg/_PNPAction.py
-- Up-to-date: /home/handsome/ros_ws_test/install/pnp_msgs/lib/python2.7/dist-packages/pnp_msgs/__init__.py
-- Up-to-date: /home/handsome/ros_ws_test/install/pnp_msgs/lib/python2.7/dist-packages/pnp_msgs/srv
-- Up-to-date: /home/handsome/ros_ws_test/install/pnp_msgs/lib/python2.7/dist-packages/pnp_msgs/srv/_PNPReward.py
-- Up-to-date: /home/handsome/ros_ws_test/install/pnp_msgs/lib/python2.7/dist-packages/pnp_msgs/srv/_PNPLastEvent.py
-- Up-to-date: /home/handsome/ros_ws_test/install/pnp_msgs/lib/python2.7/dist-packages/pnp_msgs/srv/_PNPCondition.py
-- Up-to-date: /home/handsome/ros_ws_test/install/pnp_msgs/lib/python2.7/dist-packages/pnp_msgs/srv/_PNPSetVariableValue.py
-- Up-to-date: /home/handsome/ros_ws_test/install/pnp_msgs/lib/python2.7/dist-packages/pnp_msgs/srv/__init__.py
-- Up-to-date: /home/handsome/ros_ws_test/install/pnp_msgs/lib/python2.7/dist-packages/pnp_msgs/srv/_PNPGetVariableValue.py
-- Up-to-date: /home/handsome/ros_ws_test/install/pnp_msgs/lib/python2.7/dist-packages/pnp_msgs/srv/_PNPClearBuffer.py
-- Up-to-date: /home/handsome/ros_ws_test/install/pnp_msgs/lib/python2.7/dist-packages/pnp_msgs/srv/_PNPReward.pyc
-- Up-to-date: /home/handsome/ros_ws_test/install/pnp_msgs/lib/python2.7/dist-packages/pnp_msgs/srv/_PNPCondition.pyc
-- Up-to-date: /home/handsome/ros_ws_test/install/pnp_msgs/lib/python2.7/dist-packages/pnp_msgs/srv/_PNPSetVariableValue.pyc
-- Up-to-date: /home/handsome/ros_ws_test/install/pnp_msgs/lib/python2.7/dist-packages/pnp_msgs/srv/_PNPLastEvent.pyc
-- Up-to-date: /home/handsome/ros_ws_test/install/pnp_msgs/lib/python2.7/dist-packages/pnp_msgs/srv/_PNPGetVariableValue.pyc
-- Up-to-date: /home/handsome/ros_ws_test/install/pnp_msgs/lib/python2.7/dist-packages/pnp_msgs/srv/__init__.pyc
-- Up-to-date: /home/handsome/ros_ws_test/install/pnp_msgs/lib/python2.7/dist-packages/pnp_msgs/srv/_PNPClearBuffer.pyc
-- Up-to-date: /home/handsome/ros_ws_test/install/pnp_msgs/lib/python2.7/dist-packages/pnp_msgs/__init__.pyc
-- Up-to-date: /home/handsome/ros_ws_test/install/pnp_msgs/lib/pkgconfig/pnp_msgs.pc
-- Up-to-date: /home/handsome/ros_ws_test/install/pnp_msgs/share/pnp_msgs/cmake/pnp_msgs-msg-extras.cmake
-- Up-to-date: /home/handsome/ros_ws_test/install/pnp_msgs/share/pnp_msgs/cmake/pnp_msgsConfig.cmake
-- Up-to-date: /home/handsome/ros_ws_test/install/pnp_msgs/share/pnp_msgs/cmake/pnp_msgsConfig-version.cmake
-- Up-to-date: /home/handsome/ros_ws_test/install/pnp_msgs/share/pnp_msgs/package.xml
