Determining if the pthread_create exist failed with the following output:
Change Dir: /home/handsome/ros_ws_test/build/actionlib_modules_bridge/CMakeFiles/CMakeTmp

Run Build Command:"/usr/bin/make" "cmTC_67cbe/fast"
/usr/bin/make -f CMakeFiles/cmTC_67cbe.dir/build.make CMakeFiles/cmTC_67cbe.dir/build
make[1]: Entering directory '/home/handsome/ros_ws_test/build/actionlib_modules_bridge/CMakeFiles/CMakeTmp'
Building C object CMakeFiles/cmTC_67cbe.dir/CheckSymbolExists.c.o
/usr/bin/cc    -o CMakeFiles/cmTC_67cbe.dir/CheckSymbolExists.c.o   -c /home/handsome/ros_ws_test/build/actionlib_modules_bridge/CMakeFiles/CMakeTmp/CheckSymbolExists.c
Linking C executable cmTC_67cbe
/usr/bin/cmake -E cmake_link_script CMakeFiles/cmTC_67cbe.dir/link.txt --verbose=1
/usr/bin/cc      -rdynamic CMakeFiles/cmTC_67cbe.dir/CheckSymbolExists.c.o  -o cmTC_67cbe 
CMakeFiles/cmTC_67cbe.dir/CheckSymbolExists.c.o: In function `main':
CheckSymbolExists.c:(.text+0x1b): undefined reference to `pthread_create'
collect2: error: ld returned 1 exit status
CMakeFiles/cmTC_67cbe.dir/build.make:97: recipe for target 'cmTC_67cbe' failed
make[1]: *** [cmTC_67cbe] Error 1
make[1]: Leaving directory '/home/handsome/ros_ws_test/build/actionlib_modules_bridge/CMakeFiles/CMakeTmp'
Makefile:126: recipe for target 'cmTC_67cbe/fast' failed
make: *** [cmTC_67cbe/fast] Error 2

File /home/handsome/ros_ws_test/build/actionlib_modules_bridge/CMakeFiles/CMakeTmp/CheckSymbolExists.c:
/* */
#include <pthread.h>

int main(int argc, char** argv)
{
  (void)argv;
#ifndef pthread_create
  return ((int*)(&pthread_create))[argc];
#else
  (void)argc;
  return 0;
#endif
}

Determining if the function pthread_create exists in the pthreads failed with the following output:
Change Dir: /home/handsome/ros_ws_test/build/actionlib_modules_bridge/CMakeFiles/CMakeTmp

Run Build Command:"/usr/bin/make" "cmTC_bab2a/fast"
/usr/bin/make -f CMakeFiles/cmTC_bab2a.dir/build.make CMakeFiles/cmTC_bab2a.dir/build
make[1]: Entering directory '/home/handsome/ros_ws_test/build/actionlib_modules_bridge/CMakeFiles/CMakeTmp'
Building C object CMakeFiles/cmTC_bab2a.dir/CheckFunctionExists.c.o
/usr/bin/cc   -DCHECK_FUNCTION_EXISTS=pthread_create   -o CMakeFiles/cmTC_bab2a.dir/CheckFunctionExists.c.o   -c /usr/share/cmake-3.10/Modules/CheckFunctionExists.c
Linking C executable cmTC_bab2a
/usr/bin/cmake -E cmake_link_script CMakeFiles/cmTC_bab2a.dir/link.txt --verbose=1
/usr/bin/cc  -DCHECK_FUNCTION_EXISTS=pthread_create    -rdynamic CMakeFiles/cmTC_bab2a.dir/CheckFunctionExists.c.o  -o cmTC_bab2a -lpthreads 
/usr/bin/ld: cannot find -lpthreads
collect2: error: ld returned 1 exit status
CMakeFiles/cmTC_bab2a.dir/build.make:97: recipe for target 'cmTC_bab2a' failed
make[1]: *** [cmTC_bab2a] Error 1
make[1]: Leaving directory '/home/handsome/ros_ws_test/build/actionlib_modules_bridge/CMakeFiles/CMakeTmp'
Makefile:126: recipe for target 'cmTC_bab2a/fast' failed
make: *** [cmTC_bab2a/fast] Error 2


