-- The C compiler identification is GNU 7.5.0
-- The CXX compiler identification is GNU 7.5.0
-- Check for working C compiler: /usr/bin/cc
-- Check for working C compiler: /usr/bin/cc -- works
-- Detecting C compiler ABI info
-- Detecting C compiler ABI info - done
-- Detecting C compile features
-- Detecting C compile features - done
-- Check for working CXX compiler: /usr/bin/c++
-- Check for working CXX compiler: /usr/bin/c++ -- works
-- Detecting CXX compiler ABI info
-- Detecting CXX compiler ABI info - done
-- Detecting CXX compile features
-- Detecting CXX compile features - done
-- Using CATKIN_DEVEL_PREFIX: /home/handsome/ros_ws_test/build/car_db_manager_qtgui/devel
-- Using CMAKE_PREFIX_PATH: /home/handsome/ros_ws_test/install/mongodb_store;/home/handsome/ros_ws_test/install/ros_utility_tools;/home/handsome/ros_ws_test/install/mongodb_store_msgs;/home/handsome/ros_ws_test/install/car_db_manager_msgs;/home/handsome/ros_ws/install/yocs_cmd_vel_mux;/home/handsome/ros_ws/install/urdf_tutorial;/home/handsome/ros_ws/install/tuw_waypoint_to_spline_msgs;/home/handsome/ros_ws/install/tuw_multi_robot_router;/home/handsome/ros_ws/install/tuw_voronoi_graph;/home/handsome/ros_ws/install/tuw_vehicle_msgs;/home/handsome/ros_ws/install/tuw_order_planner;/home/handsome/ros_ws/install/tuw_object_rviz;/home/handsome/ros_ws/install/tuw_object_msgs;/home/handsome/ros_ws/install/tuw_nav_rviz;/home/handsome/ros_ws/install/tuw_multi_robot_local_behavior_controller;/home/handsome/ros_ws/install/tuw_multi_robot_ctrl;/home/handsome/ros_ws/install/tuw_nav_msgs;/home/handsome/ros_ws/install/tuw_multi_robot_rviz;/home/handsome/ros_ws/install/tuw_multi_robot_goal_generator;/home/handsome/ros_ws/install/robot_scheduling_utility;/home/handsome/ros_ws/install/robot_scheduling_actions;/home/handsome/ros_ws/install/actionlib_modules_bridge;/home/handsome/ros_ws/install/tuw_multi_robot_msgs;/home/handsome/ros_ws/install/tuw_multi_robot_demo;/home/handsome/ros_ws/install/tuw_local_controller_msgs;/home/handsome/ros_ws/install/tuw_geometry_rviz;/home/handsome/ros_ws/install/tuw_geometry_msgs;/home/handsome/ros_ws/install/tuw_geometry;/home/handsome/ros_ws/install/tuw_gazebo_msgs;/home/handsome/ros_ws/install/tuw_control;/home/handsome/ros_ws/install/tuw_airskin_msgs;/home/handsome/ros_ws/install/turtlebot_teleop;/home/handsome/ros_ws/install/tug_example_pnp_server;/home/handsome/ros_ws/install/tug_example_actions;/home/handsome/ros_ws/install/tug_example_msgs;/home/handsome/ros_ws/install/timed_roslaunch;/home/handsome/ros_ws/install/teb2_local_planner;/home/handsome/ros_ws/install/stated_roslaunch;/home/handsome/ros_ws/install/spatio_temporal_voxel_layer;/home/handsome/ros_ws/install/robot_udp_bridge;/home/handsome/ros_ws/install/robot_database_bridge;/home/handsome/ros_ws/install/samsungcmd_msgs;/home/handsome/ros_ws/install/rplidar_ros;/home/handsome/ros_ws/install/rp_action;/home/handsome/ros_ws/install/rp_action_msgs;/home/handsome/ros_ws/install/rosserial_xbee;/home/handsome/ros_ws/install/rosserial_windows;/home/handsome/ros_ws/install/rosserial_tivac;/home/handsome/ros_ws/install/rosserial_test;/home/handsome/ros_ws/install/rosserial_server;/home/handsome/ros_ws/install/rosserial_python;/home/handsome/ros_ws/install/rosserial_mbed;/home/handsome/ros_ws/install/rosserial_embeddedlinux;/home/handsome/ros_ws/install/rosserial_arduino;/home/handsome/ros_ws/install/rosserial_client;/home/handsome/ros_ws/install/rosserial_msgs;/home/handsome/ros_ws/install/cellctrl_qtgui_bridge;/home/handsome/ros_ws/install/car_db_manager_qtgui;/home/handsome/ros_ws/install/car_db_manager_bridge;/home/handsome/ros_ws/install/car_db_manager_action;/home/handsome/ros_ws/install/ros_utility_tools;/home/handsome/ros_ws/install/ros_package_test;/home/handsome/ros_ws/install/ros_package_manager;/home/handsome/ros_ws/install/robot_scheduling_server;/home/handsome/ros_ws/install/robot_scheduling_msgs;/home/handsome/ros_ws/install/robot_localization;/home/handsome/ros_ws/install/robot_control_msgs;/home/handsome/ros_ws/install/reset_location;/home/handsome/ros_ws/install/razor_imu_9dof;/home/handsome/ros_ws/install/pnp_rosplan;/home/handsome/ros_ws/install/actionlib_pnp_controller;/home/handsome/ros_ws/install/actionlib_modules_controller;/home/handsome/ros_ws/install/pnp_ros;/home/handsome/ros_ws/install/pnp_msgs;/home/handsome/ros_ws/install/open_auto_dock;/home/handsome/ros_ws/install/open_auto_dock_msgs;/home/handsome/ros_ws/install/omron_os32c_driver;/home/handsome/ros_ws/install/dlux_plugins;/home/handsome/ros_ws/install/dlux_global_planner;/home/handsome/ros_ws/install/nav_grid_pub_sub;/home/handsome/ros_ws/install/dwb_critics;/home/handsome/ros_ws/install/nav_grid_iterators;/home/handsome/ros_ws/install/locomove_base;/home/handsome/ros_ws/install/locomotor;/home/handsome/ros_ws/install/nav_core_adapter;/home/handsome/ros_ws/install/dwb_plugins;/home/handsome/ros_ws/install/dwb_local_planner;/home/handsome/ros_ws/install/nav_2d_utils;/home/handsome/ros_ws/install/global_planner_tests;/home/handsome/ros_ws/install/costmap_queue;/home/handsome/ros_ws/install/nav_core2;/home/handsome/ros_ws/install/nav_grid;/home/handsome/ros_ws/install/car_schedule_msgs;/home/handsome/ros_ws/install/actionlib_modules_msgs;/home/handsome/ros_ws/install/locomotor_msgs;/home/handsome/ros_ws/install/dwb_msgs;/home/handsome/ros_ws/install/nav_2d_msgs;/home/handsome/ros_ws/install/mongodb_log;/home/handsome/ros_ws/install/mongodb_store;/home/handsome/ros_ws/install/mongodb_store_msgs;/home/handsome/ros_ws/install/ca_driver;/home/handsome/ros_ws/install/libcreate;/home/handsome/ros_ws/install/i_robot_stage;/home/handsome/ros_ws/install/i_robot_navigation;/home/handsome/ros_ws/install/hyc_order_planner;/home/handsome/ros_ws/install/hyc_multi_robot_msgs;/home/handsome/ros_ws/install/fetch_open_auto_dock;/home/handsome/ros_ws/install/fetch_auto_dock_msgs;/home/handsome/ros_ws/install/change_teb2_max_vel_x_onfly;/home/handsome/ros_ws/install/cellctrl_control_msgs;/home/handsome/ros_ws/install/car_db_manager_msgs;/home/handsome/ros_ws/install/ca_msgs;/home/handsome/ros_ws/install/ca_description;/home/handsome/ros_ws/install/botcmd_msgs;/opt/ros/melodic
-- This workspace overlays: /home/handsome/ros_ws_test/install/mongodb_store;/home/handsome/ros_ws_test/install/ros_utility_tools;/home/handsome/ros_ws_test/install/mongodb_store_msgs;/home/handsome/ros_ws_test/install/car_db_manager_msgs;/home/handsome/ros_ws/install/yocs_cmd_vel_mux;/home/handsome/ros_ws/install/urdf_tutorial;/home/handsome/ros_ws/install/tuw_waypoint_to_spline_msgs;/home/handsome/ros_ws/install/tuw_multi_robot_router;/home/handsome/ros_ws/install/tuw_voronoi_graph;/home/handsome/ros_ws/install/tuw_vehicle_msgs;/home/handsome/ros_ws/install/tuw_order_planner;/home/handsome/ros_ws/install/tuw_object_rviz;/home/handsome/ros_ws/install/tuw_object_msgs;/home/handsome/ros_ws/install/tuw_nav_rviz;/home/handsome/ros_ws/install/tuw_multi_robot_local_behavior_controller;/home/handsome/ros_ws/install/tuw_multi_robot_ctrl;/home/handsome/ros_ws/install/tuw_nav_msgs;/home/handsome/ros_ws/install/tuw_multi_robot_rviz;/home/handsome/ros_ws/install/tuw_multi_robot_goal_generator;/home/handsome/ros_ws/install/robot_scheduling_utility;/home/handsome/ros_ws/install/robot_scheduling_actions;/home/handsome/ros_ws/install/actionlib_modules_bridge;/home/handsome/ros_ws/install/tuw_multi_robot_msgs;/home/handsome/ros_ws/install/tuw_multi_robot_demo;/home/handsome/ros_ws/install/tuw_local_controller_msgs;/home/handsome/ros_ws/install/tuw_geometry_rviz;/home/handsome/ros_ws/install/tuw_geometry_msgs;/home/handsome/ros_ws/install/tuw_geometry;/home/handsome/ros_ws/install/tuw_gazebo_msgs;/home/handsome/ros_ws/install/tuw_control;/home/handsome/ros_ws/install/tuw_airskin_msgs;/home/handsome/ros_ws/install/turtlebot_teleop;/home/handsome/ros_ws/install/tug_example_pnp_server;/home/handsome/ros_ws/install/tug_example_actions;/home/handsome/ros_ws/install/tug_example_msgs;/home/handsome/ros_ws/install/timed_roslaunch;/home/handsome/ros_ws/install/teb2_local_planner;/home/handsome/ros_ws/install/stated_roslaunch;/home/handsome/ros_ws/install/spatio_temporal_voxel_layer;/home/handsome/ros_ws/install/robot_udp_bridge;/home/handsome/ros_ws/install/robot_database_bridge;/home/handsome/ros_ws/install/samsungcmd_msgs;/home/handsome/ros_ws/install/rplidar_ros;/home/handsome/ros_ws/install/rp_action;/home/handsome/ros_ws/install/rp_action_msgs;/home/handsome/ros_ws/install/rosserial_xbee;/home/handsome/ros_ws/install/rosserial_windows;/home/handsome/ros_ws/install/rosserial_tivac;/home/handsome/ros_ws/install/rosserial_test;/home/handsome/ros_ws/install/rosserial_server;/home/handsome/ros_ws/install/rosserial_python;/home/handsome/ros_ws/install/rosserial_mbed;/home/handsome/ros_ws/install/rosserial_embeddedlinux;/home/handsome/ros_ws/install/rosserial_arduino;/home/handsome/ros_ws/install/rosserial_client;/home/handsome/ros_ws/install/rosserial_msgs;/home/handsome/ros_ws/install/cellctrl_qtgui_bridge;/home/handsome/ros_ws/install/car_db_manager_qtgui;/home/handsome/ros_ws/install/car_db_manager_bridge;/home/handsome/ros_ws/install/car_db_manager_action;/home/handsome/ros_ws/install/ros_utility_tools;/home/handsome/ros_ws/install/ros_package_test;/home/handsome/ros_ws/install/ros_package_manager;/home/handsome/ros_ws/install/robot_scheduling_server;/home/handsome/ros_ws/install/robot_scheduling_msgs;/home/handsome/ros_ws/install/robot_localization;/home/handsome/ros_ws/install/robot_control_msgs;/home/handsome/ros_ws/install/reset_location;/home/handsome/ros_ws/install/razor_imu_9dof;/home/handsome/ros_ws/install/pnp_rosplan;/home/handsome/ros_ws/install/actionlib_pnp_controller;/home/handsome/ros_ws/install/actionlib_modules_controller;/home/handsome/ros_ws/install/pnp_ros;/home/handsome/ros_ws/install/pnp_msgs;/home/handsome/ros_ws/install/open_auto_dock;/home/handsome/ros_ws/install/open_auto_dock_msgs;/home/handsome/ros_ws/install/omron_os32c_driver;/home/handsome/ros_ws/install/dlux_plugins;/home/handsome/ros_ws/install/dlux_global_planner;/home/handsome/ros_ws/install/nav_grid_pub_sub;/home/handsome/ros_ws/install/dwb_critics;/home/handsome/ros_ws/install/nav_grid_iterators;/home/handsome/ros_ws/install/locomove_base;/home/handsome/ros_ws/install/locomotor;/home/handsome/ros_ws/install/nav_core_adapter;/home/handsome/ros_ws/install/dwb_plugins;/home/handsome/ros_ws/install/dwb_local_planner;/home/handsome/ros_ws/install/nav_2d_utils;/home/handsome/ros_ws/install/global_planner_tests;/home/handsome/ros_ws/install/costmap_queue;/home/handsome/ros_ws/install/nav_core2;/home/handsome/ros_ws/install/nav_grid;/home/handsome/ros_ws/install/car_schedule_msgs;/home/handsome/ros_ws/install/actionlib_modules_msgs;/home/handsome/ros_ws/install/locomotor_msgs;/home/handsome/ros_ws/install/dwb_msgs;/home/handsome/ros_ws/install/nav_2d_msgs;/home/handsome/ros_ws/install/mongodb_log;/home/handsome/ros_ws/install/mongodb_store;/home/handsome/ros_ws/install/mongodb_store_msgs;/home/handsome/ros_ws/install/ca_driver;/home/handsome/ros_ws/install/i_robot_stage;/home/handsome/ros_ws/install/i_robot_navigation;/home/handsome/ros_ws/install/hyc_order_planner;/home/handsome/ros_ws/install/hyc_multi_robot_msgs;/home/handsome/ros_ws/install/fetch_open_auto_dock;/home/handsome/ros_ws/install/fetch_auto_dock_msgs;/home/handsome/ros_ws/install/change_teb2_max_vel_x_onfly;/home/handsome/ros_ws/install/cellctrl_control_msgs;/home/handsome/ros_ws/install/car_db_manager_msgs;/home/handsome/ros_ws/install/ca_msgs;/home/handsome/ros_ws/install/ca_description;/home/handsome/ros_ws/install/botcmd_msgs;/opt/ros/melodic
-- Found PythonInterp: /usr/bin/python2 (found suitable version "2.7.17", minimum required is "2") 
-- Using PYTHON_EXECUTABLE: /usr/bin/python2
-- Using Debian Python package layout
-- Using empy: /usr/bin/empy
-- Using CATKIN_ENABLE_TESTING: ON
-- Call enable_testing()
-- Using CATKIN_TEST_RESULTS_DIR: /home/handsome/ros_ws_test/build/car_db_manager_qtgui/test_results
-- Found gtest sources under '/usr/src/googletest': gtests will be built
-- Found gmock sources under '/usr/src/googletest': gmock will be built
-- Found PythonInterp: /usr/bin/python2 (found version "2.7.17") 
-- Looking for pthread.h
-- Looking for pthread.h - found
-- Looking for pthread_create
-- Looking for pthread_create - not found
-- Looking for pthread_create in pthreads
-- Looking for pthread_create in pthreads - not found
-- Looking for pthread_create in pthread
-- Looking for pthread_create in pthread - found
-- Found Threads: TRUE  
-- Using Python nosetests: /usr/bin/nosetests-2.7
-- catkin 0.7.28
-- BUILD_SHARED_LIBS is on
-- Using these message generators: gencpp;geneus;genlisp;gennodejs;genpy
-- Boost version: 1.65.1
-- Found nlohmann_json: /usr/local/lib/cmake/nlohmann_json/nlohmann_jsonConfig.cmake (found version "3.7.0") 
-- Boost version: 1.65.1
-- Found the following Boost libraries:
--   system
--   thread
--   program_options
--   filesystem
--   chrono
--   date_time
--   atomic
-- Found OpenSSL: /usr/lib/x86_64-linux-gnu/libcrypto.so (found version "1.1.1") 
-- Found MongoClient: /usr/include, /usr/lib/x86_64-linux-gnu/libmongoclient.so;/usr/lib/x86_64-linux-gnu/libboost_system.so;/usr/lib/x86_64-linux-gnu/libboost_thread.so;/usr/lib/x86_64-linux-gnu/libboost_program_options.so;/usr/lib/x86_64-linux-gnu/libboost_filesystem.so;/usr/lib/x86_64-linux-gnu/libboost_chrono.so;/usr/lib/x86_64-linux-gnu/libboost_date_time.so;/usr/lib/x86_64-linux-gnu/libboost_atomic.so;/usr/lib/x86_64-linux-gnu/libpthread.so;/usr/lib/x86_64-linux-gnu/libssl.so;/usr/lib/x86_64-linux-gnu/libcrypto.so
-- MongoClient using new interface: YES
-- Found PkgConfig: /usr/bin/pkg-config (found version "0.29.1") 
-- Checking for module 'modbus'
--   No package 'modbus' found
-- Configuring done
-- Generating done
-- Build files have been written to: /home/handsome/ros_ws_test/build/car_db_manager_qtgui
[35m[1mScanning dependencies of target car_db_manager_qtgui_node_autogen[0m
[  2%] [34m[1mAutomatic MOC, UIC and RCC for target car_db_manager_qtgui_node[0m
[  2%] Built target car_db_manager_qtgui_node_autogen
[  5%] [34m[1mGenerating include/car_db_manager/controller/moc_ros_control_related.cpp[0m
[  7%] [34m[1mGenerating include/car_db_manager/utility/moc_qt_generaltools.cpp[0m
[ 10%] [34m[1mGenerating include/car_db_manager/app_form/moc_frmdb_basetable.cpp[0m
[ 12%] [34m[1mGenerating include/car_db_manager/app_form/moc_frmdb_relatetable.cpp[0m
[ 15%] [34m[1mGenerating include/car_db_manager/controller/moc_ros_controlmodel.cpp[0m
[ 17%] [34m[1mGenerating include/car_db_manager/utility/moc_frmShowDialog.cpp[0m
[ 20%] [34m[1mGenerating include/car_db_manager/moc_qt_app_model.cpp[0m
[ 23%] [34m[1mGenerating include/car_db_manager/moc_mainwindow.cpp[0m
[ 25%] [34m[1mGenerating include/car_db_manager/moc_car_db_manager_qtgui_Interface.cpp[0m
[ 28%] [34m[1mGenerating include/car_db_manager/moc_car_db_manager_qtgui_bridge.cpp[0m
[ 30%] [34m[1mGenerating ui_frmdb_relatetable.h[0m
[ 33%] [34m[1mGenerating ui_frmdb_basetable.h[0m
[ 35%] [34m[1mGenerating ui_frmShowDialog.h[0m
[ 38%] [34m[1mGenerating ui_mainwindow.h[0m
[ 41%] [34m[1mGenerating qrc_resource.cpp[0m
[35m[1mScanning dependencies of target car_db_manager_qtgui_node[0m
[ 43%] [32mBuilding CXX object CMakeFiles/car_db_manager_qtgui_node.dir/src/car_db_manager_qtgui_bridge.cpp.o[0m
[ 46%] [32mBuilding CXX object CMakeFiles/car_db_manager_qtgui_node.dir/include/car_db_manager/moc_car_db_manager_qtgui_bridge.cpp.o[0m
[ 48%] [32mBuilding CXX object CMakeFiles/car_db_manager_qtgui_node.dir/include/car_db_manager/moc_car_db_manager_qtgui_Interface.cpp.o[0m
[ 51%] [32mBuilding CXX object CMakeFiles/car_db_manager_qtgui_node.dir/include/car_db_manager/moc_mainwindow.cpp.o[0m
[ 53%] [32mBuilding CXX object CMakeFiles/car_db_manager_qtgui_node.dir/include/car_db_manager/moc_qt_app_model.cpp.o[0m
[ 56%] [32mBuilding CXX object CMakeFiles/car_db_manager_qtgui_node.dir/include/car_db_manager/utility/moc_frmShowDialog.cpp.o[0m
[ 58%] [32mBuilding CXX object CMakeFiles/car_db_manager_qtgui_node.dir/include/car_db_manager/utility/moc_qt_generaltools.cpp.o[0m
[ 61%] [32mBuilding CXX object CMakeFiles/car_db_manager_qtgui_node.dir/include/car_db_manager/app_form/moc_frmdb_basetable.cpp.o[0m
[ 64%] [32mBuilding CXX object CMakeFiles/car_db_manager_qtgui_node.dir/include/car_db_manager/app_form/moc_frmdb_relatetable.cpp.o[0m
[ 66%] [32mBuilding CXX object CMakeFiles/car_db_manager_qtgui_node.dir/include/car_db_manager/controller/moc_ros_controlmodel.cpp.o[0m
[ 69%] [32mBuilding CXX object CMakeFiles/car_db_manager_qtgui_node.dir/include/car_db_manager/controller/moc_ros_control_related.cpp.o[0m
[ 71%] [32mBuilding CXX object CMakeFiles/car_db_manager_qtgui_node.dir/car_db_manager_qtgui_node_autogen/mocs_compilation.cpp.o[0m
[ 74%] [32mBuilding CXX object CMakeFiles/car_db_manager_qtgui_node.dir/qrc_resource.cpp.o[0m
[ 76%] [32mBuilding CXX object CMakeFiles/car_db_manager_qtgui_node.dir/src/controller/ros_control_related.cpp.o[0m
[ 79%] [32mBuilding CXX object CMakeFiles/car_db_manager_qtgui_node.dir/src/app_form/frmdb_relatetable.cpp.o[0m
[ 82%] [32mBuilding CXX object CMakeFiles/car_db_manager_qtgui_node.dir/src/utility/qt_generaltools.cpp.o[0m
[ 84%] [32mBuilding CXX object CMakeFiles/car_db_manager_qtgui_node.dir/src/app_form/frmdb_basetable.cpp.o[0m
[ 87%] [32mBuilding CXX object CMakeFiles/car_db_manager_qtgui_node.dir/src/controller/ros_controlmodel.cpp.o[0m
[ 92%] [32mBuilding CXX object CMakeFiles/car_db_manager_qtgui_node.dir/src/utility/frmShowDialog.cpp.o[0m
[ 92%] [32mBuilding CXX object CMakeFiles/car_db_manager_qtgui_node.dir/src/qt_app_model.cpp.o[0m
[ 94%] [32mBuilding CXX object CMakeFiles/car_db_manager_qtgui_node.dir/src/car_db_manager_qtgui_Interface.cpp.o[0m
[ 97%] [32mBuilding CXX object CMakeFiles/car_db_manager_qtgui_node.dir/src/mainwindow.cpp.o[0m
[100%] [32m[1mLinking CXX executable devel/lib/car_db_manager_qtgui/car_db_manager_qtgui_node[0m
[100%] Built target car_db_manager_qtgui_node
