[0.198s] Invoking command in '/home/handsome/ros_ws_test/build/tug_example_actions': CMAKE_PREFIX_PATH=/home/handsome/ros_ws_test/install/tug_example_msgs:${CMAKE_PREFIX_PATH} PKG_CONFIG_PATH=/home/handsome/ros_ws_test/install/tug_example_msgs/lib/x86_64-linux-gnu/pkgconfig:/home/handsome/ros_ws_test/install/tug_example_msgs/lib/pkgconfig:${PKG_CONFIG_PATH} PYTHONPATH=/home/handsome/ros_ws_test/install/tug_example_msgs/lib/python2.7/dist-packages:${PYTHONPATH} ROS_PACKAGE_PATH=/home/handsome/ros_ws_test/install/tug_example_msgs/share:${ROS_PACKAGE_PATH} /usr/bin/cmake /home/handsome/ros_ws_test/src/ros_base/PNPros/example/tug_example_actions -DCATKIN_INSTALL_INTO_PREFIX_ROOT=0 -DCMAKE_INSTALL_PREFIX=/home/handsome/ros_ws_test/install/tug_example_actions
[0.500s] -- The C compiler identification is GNU 7.5.0
[0.694s] -- The CXX compiler identification is GNU 7.5.0
[0.718s] -- Check for working C compiler: /usr/bin/cc
[1.070s] -- Check for working C compiler: /usr/bin/cc -- works
[1.071s] -- Detecting C compiler ABI info
[1.402s] -- Detecting C compiler ABI info - done
[1.421s] -- Detecting C compile features
[2.625s] -- Detecting C compile features - done
[2.632s] -- Check for working CXX compiler: /usr/bin/c++
[3.209s] -- Check for working CXX compiler: /usr/bin/c++ -- works
[3.210s] -- Detecting CXX compiler ABI info
[3.578s] -- Detecting CXX compiler ABI info - done
[3.615s] -- Detecting CXX compile features
[5.062s] -- Detecting CXX compile features - done
[5.082s] -- Using CATKIN_DEVEL_PREFIX: /home/handsome/ros_ws_test/build/tug_example_actions/devel
[5.082s] -- Using CMAKE_PREFIX_PATH: /home/handsome/ros_ws_test/install/tug_example_msgs;/home/handsome/ros_ws/install/yocs_cmd_vel_mux;/home/handsome/ros_ws/install/urdf_tutorial;/home/handsome/ros_ws/install/tuw_waypoint_to_spline_msgs;/home/handsome/ros_ws/install/tuw_multi_robot_router;/home/handsome/ros_ws/install/tuw_voronoi_graph;/home/handsome/ros_ws/install/tuw_vehicle_msgs;/home/handsome/ros_ws/install/tuw_order_planner;/home/handsome/ros_ws/install/tuw_object_rviz;/home/handsome/ros_ws/install/tuw_object_msgs;/home/handsome/ros_ws/install/tuw_nav_rviz;/home/handsome/ros_ws/install/tuw_multi_robot_local_behavior_controller;/home/handsome/ros_ws/install/tuw_multi_robot_ctrl;/home/handsome/ros_ws/install/tuw_nav_msgs;/home/handsome/ros_ws/install/tuw_multi_robot_rviz;/home/handsome/ros_ws/install/tuw_multi_robot_goal_generator;/home/handsome/ros_ws/install/robot_scheduling_utility;/home/handsome/ros_ws/install/robot_scheduling_actions;/home/handsome/ros_ws/install/actionlib_modules_bridge;/home/handsome/ros_ws/install/tuw_multi_robot_msgs;/home/handsome/ros_ws/install/tuw_multi_robot_demo;/home/handsome/ros_ws/install/tuw_local_controller_msgs;/home/handsome/ros_ws/install/tuw_geometry_rviz;/home/handsome/ros_ws/install/tuw_geometry_msgs;/home/handsome/ros_ws/install/tuw_geometry;/home/handsome/ros_ws/install/tuw_gazebo_msgs;/home/handsome/ros_ws/install/tuw_control;/home/handsome/ros_ws/install/tuw_airskin_msgs;/home/handsome/ros_ws/install/turtlebot_teleop;/home/handsome/ros_ws/install/tug_example_pnp_server;/home/handsome/ros_ws/install/tug_example_actions;/home/handsome/ros_ws/install/tug_example_msgs;/home/handsome/ros_ws/install/timed_roslaunch;/home/handsome/ros_ws/install/teb2_local_planner;/home/handsome/ros_ws/install/stated_roslaunch;/home/handsome/ros_ws/install/spatio_temporal_voxel_layer;/home/handsome/ros_ws/install/robot_udp_bridge;/home/handsome/ros_ws/install/robot_database_bridge;/home/handsome/ros_ws/install/samsungcmd_msgs;/home/handsome/ros_ws/install/rplidar_ros;/home/handsome/ros_ws/install/rp_action;/home/handsome/ros_ws/install/rp_action_msgs;/home/handsome/ros_ws/install/rosserial_xbee;/home/handsome/ros_ws/install/rosserial_windows;/home/handsome/ros_ws/install/rosserial_tivac;/home/handsome/ros_ws/install/rosserial_test;/home/handsome/ros_ws/install/rosserial_server;/home/handsome/ros_ws/install/rosserial_python;/home/handsome/ros_ws/install/rosserial_mbed;/home/handsome/ros_ws/install/rosserial_embeddedlinux;/home/handsome/ros_ws/install/rosserial_arduino;/home/handsome/ros_ws/install/rosserial_client;/home/handsome/ros_ws/install/rosserial_msgs;/home/handsome/ros_ws/install/cellctrl_qtgui_bridge;/home/handsome/ros_ws/install/car_db_manager_qtgui;/home/handsome/ros_ws/install/car_db_manager_bridge;/home/handsome/ros_ws/install/car_db_manager_action;/home/handsome/ros_ws/install/ros_utility_tools;/home/handsome/ros_ws/install/ros_package_test;/home/handsome/ros_ws/install/ros_package_manager;/home/handsome/ros_ws/install/robot_scheduling_server;/home/handsome/ros_ws/install/robot_scheduling_msgs;/home/handsome/ros_ws/install/robot_localization;/home/handsome/ros_ws/install/robot_control_msgs;/home/handsome/ros_ws/install/reset_location;/home/handsome/ros_ws/install/razor_imu_9dof;/home/handsome/ros_ws/install/pnp_rosplan;/home/handsome/ros_ws/install/actionlib_pnp_controller;/home/handsome/ros_ws/install/actionlib_modules_controller;/home/handsome/ros_ws/install/pnp_ros;/home/handsome/ros_ws/install/pnp_msgs;/home/handsome/ros_ws/install/open_auto_dock;/home/handsome/ros_ws/install/open_auto_dock_msgs;/home/handsome/ros_ws/install/omron_os32c_driver;/home/handsome/ros_ws/install/dlux_plugins;/home/handsome/ros_ws/install/dlux_global_planner;/home/handsome/ros_ws/install/nav_grid_pub_sub;/home/handsome/ros_ws/install/dwb_critics;/home/handsome/ros_ws/install/nav_grid_iterators;/home/handsome/ros_ws/install/locomove_base;/home/handsome/ros_ws/install/locomotor;/home/handsome/ros_ws/install/nav_core_adapter;/home/handsome/ros_ws/install/dwb_plugins;/home/handsome/ros_ws/install/dwb_local_planner;/home/handsome/ros_ws/install/nav_2d_utils;/home/handsome/ros_ws/install/global_planner_tests;/home/handsome/ros_ws/install/costmap_queue;/home/handsome/ros_ws/install/nav_core2;/home/handsome/ros_ws/install/nav_grid;/home/handsome/ros_ws/install/car_schedule_msgs;/home/handsome/ros_ws/install/actionlib_modules_msgs;/home/handsome/ros_ws/install/locomotor_msgs;/home/handsome/ros_ws/install/dwb_msgs;/home/handsome/ros_ws/install/nav_2d_msgs;/home/handsome/ros_ws/install/mongodb_log;/home/handsome/ros_ws/install/mongodb_store;/home/handsome/ros_ws/install/mongodb_store_msgs;/home/handsome/ros_ws/install/ca_driver;/home/handsome/ros_ws/install/libcreate;/home/handsome/ros_ws/install/i_robot_stage;/home/handsome/ros_ws/install/i_robot_navigation;/home/handsome/ros_ws/install/hyc_order_planner;/home/handsome/ros_ws/install/hyc_multi_robot_msgs;/home/handsome/ros_ws/install/fetch_open_auto_dock;/home/handsome/ros_ws/install/fetch_auto_dock_msgs;/home/handsome/ros_ws/install/change_teb2_max_vel_x_onfly;/home/handsome/ros_ws/install/cellctrl_control_msgs;/home/handsome/ros_ws/install/car_db_manager_msgs;/home/handsome/ros_ws/install/ca_msgs;/home/handsome/ros_ws/install/ca_description;/home/handsome/ros_ws/install/botcmd_msgs;/opt/ros/melodic
[5.091s] -- This workspace overlays: /home/handsome/ros_ws_test/install/tug_example_msgs;/home/handsome/ros_ws/install/yocs_cmd_vel_mux;/home/handsome/ros_ws/install/urdf_tutorial;/home/handsome/ros_ws/install/tuw_waypoint_to_spline_msgs;/home/handsome/ros_ws/install/tuw_multi_robot_router;/home/handsome/ros_ws/install/tuw_voronoi_graph;/home/handsome/ros_ws/install/tuw_vehicle_msgs;/home/handsome/ros_ws/install/tuw_order_planner;/home/handsome/ros_ws/install/tuw_object_rviz;/home/handsome/ros_ws/install/tuw_object_msgs;/home/handsome/ros_ws/install/tuw_nav_rviz;/home/handsome/ros_ws/install/tuw_multi_robot_local_behavior_controller;/home/handsome/ros_ws/install/tuw_multi_robot_ctrl;/home/handsome/ros_ws/install/tuw_nav_msgs;/home/handsome/ros_ws/install/tuw_multi_robot_rviz;/home/handsome/ros_ws/install/tuw_multi_robot_goal_generator;/home/handsome/ros_ws/install/robot_scheduling_utility;/home/handsome/ros_ws/install/robot_scheduling_actions;/home/handsome/ros_ws/install/actionlib_modules_bridge;/home/handsome/ros_ws/install/tuw_multi_robot_msgs;/home/handsome/ros_ws/install/tuw_multi_robot_demo;/home/handsome/ros_ws/install/tuw_local_controller_msgs;/home/handsome/ros_ws/install/tuw_geometry_rviz;/home/handsome/ros_ws/install/tuw_geometry_msgs;/home/handsome/ros_ws/install/tuw_geometry;/home/handsome/ros_ws/install/tuw_gazebo_msgs;/home/handsome/ros_ws/install/tuw_control;/home/handsome/ros_ws/install/tuw_airskin_msgs;/home/handsome/ros_ws/install/turtlebot_teleop;/home/handsome/ros_ws/install/tug_example_pnp_server;/home/handsome/ros_ws/install/tug_example_actions;/home/handsome/ros_ws/install/tug_example_msgs;/home/handsome/ros_ws/install/timed_roslaunch;/home/handsome/ros_ws/install/teb2_local_planner;/home/handsome/ros_ws/install/stated_roslaunch;/home/handsome/ros_ws/install/spatio_temporal_voxel_layer;/home/handsome/ros_ws/install/robot_udp_bridge;/home/handsome/ros_ws/install/robot_database_bridge;/home/handsome/ros_ws/install/samsungcmd_msgs;/home/handsome/ros_ws/install/rplidar_ros;/home/handsome/ros_ws/install/rp_action;/home/handsome/ros_ws/install/rp_action_msgs;/home/handsome/ros_ws/install/rosserial_xbee;/home/handsome/ros_ws/install/rosserial_windows;/home/handsome/ros_ws/install/rosserial_tivac;/home/handsome/ros_ws/install/rosserial_test;/home/handsome/ros_ws/install/rosserial_server;/home/handsome/ros_ws/install/rosserial_python;/home/handsome/ros_ws/install/rosserial_mbed;/home/handsome/ros_ws/install/rosserial_embeddedlinux;/home/handsome/ros_ws/install/rosserial_arduino;/home/handsome/ros_ws/install/rosserial_client;/home/handsome/ros_ws/install/rosserial_msgs;/home/handsome/ros_ws/install/cellctrl_qtgui_bridge;/home/handsome/ros_ws/install/car_db_manager_qtgui;/home/handsome/ros_ws/install/car_db_manager_bridge;/home/handsome/ros_ws/install/car_db_manager_action;/home/handsome/ros_ws/install/ros_utility_tools;/home/handsome/ros_ws/install/ros_package_test;/home/handsome/ros_ws/install/ros_package_manager;/home/handsome/ros_ws/install/robot_scheduling_server;/home/handsome/ros_ws/install/robot_scheduling_msgs;/home/handsome/ros_ws/install/robot_localization;/home/handsome/ros_ws/install/robot_control_msgs;/home/handsome/ros_ws/install/reset_location;/home/handsome/ros_ws/install/razor_imu_9dof;/home/handsome/ros_ws/install/pnp_rosplan;/home/handsome/ros_ws/install/actionlib_pnp_controller;/home/handsome/ros_ws/install/actionlib_modules_controller;/home/handsome/ros_ws/install/pnp_ros;/home/handsome/ros_ws/install/pnp_msgs;/home/handsome/ros_ws/install/open_auto_dock;/home/handsome/ros_ws/install/open_auto_dock_msgs;/home/handsome/ros_ws/install/omron_os32c_driver;/home/handsome/ros_ws/install/dlux_plugins;/home/handsome/ros_ws/install/dlux_global_planner;/home/handsome/ros_ws/install/nav_grid_pub_sub;/home/handsome/ros_ws/install/dwb_critics;/home/handsome/ros_ws/install/nav_grid_iterators;/home/handsome/ros_ws/install/locomove_base;/home/handsome/ros_ws/install/locomotor;/home/handsome/ros_ws/install/nav_core_adapter;/home/handsome/ros_ws/install/dwb_plugins;/home/handsome/ros_ws/install/dwb_local_planner;/home/handsome/ros_ws/install/nav_2d_utils;/home/handsome/ros_ws/install/global_planner_tests;/home/handsome/ros_ws/install/costmap_queue;/home/handsome/ros_ws/install/nav_core2;/home/handsome/ros_ws/install/nav_grid;/home/handsome/ros_ws/install/car_schedule_msgs;/home/handsome/ros_ws/install/actionlib_modules_msgs;/home/handsome/ros_ws/install/locomotor_msgs;/home/handsome/ros_ws/install/dwb_msgs;/home/handsome/ros_ws/install/nav_2d_msgs;/home/handsome/ros_ws/install/mongodb_log;/home/handsome/ros_ws/install/mongodb_store;/home/handsome/ros_ws/install/mongodb_store_msgs;/home/handsome/ros_ws/install/ca_driver;/home/handsome/ros_ws/install/i_robot_stage;/home/handsome/ros_ws/install/i_robot_navigation;/home/handsome/ros_ws/install/hyc_order_planner;/home/handsome/ros_ws/install/hyc_multi_robot_msgs;/home/handsome/ros_ws/install/fetch_open_auto_dock;/home/handsome/ros_ws/install/fetch_auto_dock_msgs;/home/handsome/ros_ws/install/change_teb2_max_vel_x_onfly;/home/handsome/ros_ws/install/cellctrl_control_msgs;/home/handsome/ros_ws/install/car_db_manager_msgs;/home/handsome/ros_ws/install/ca_msgs;/home/handsome/ros_ws/install/ca_description;/home/handsome/ros_ws/install/botcmd_msgs;/opt/ros/melodic
[5.151s] -- Found PythonInterp: /usr/bin/python2 (found suitable version "2.7.17", minimum required is "2") 
[5.151s] -- Using PYTHON_EXECUTABLE: /usr/bin/python2
[5.152s] -- Using Debian Python package layout
[5.155s] -- Using empy: /usr/bin/empy
[5.513s] -- Using CATKIN_ENABLE_TESTING: ON
[5.515s] -- Call enable_testing()
[5.520s] -- Using CATKIN_TEST_RESULTS_DIR: /home/handsome/ros_ws_test/build/tug_example_actions/test_results
[5.640s] -- Found gtest sources under '/usr/src/googletest': gtests will be built
[5.641s] -- Found gmock sources under '/usr/src/googletest': gmock will be built
[5.696s] -- Found PythonInterp: /usr/bin/python2 (found version "2.7.17") 
[5.698s] -- Looking for pthread.h
[5.948s] -- Looking for pthread.h - found
[5.949s] -- Looking for pthread_create
[6.247s] -- Looking for pthread_create - not found
[6.247s] -- Looking for pthread_create in pthreads
[6.442s] -- Looking for pthread_create in pthreads - not found
[6.442s] -- Looking for pthread_create in pthread
[6.634s] -- Looking for pthread_create in pthread - found
[6.637s] -- Found Threads: TRUE  
[6.647s] -- Using Python nosetests: /usr/bin/nosetests-2.7
[6.781s] -- catkin 0.7.28
[6.781s] -- BUILD_SHARED_LIBS is on
[7.512s] -- Using these message generators: gencpp;geneus;genlisp;gennodejs;genpy
[8.569s] -- Configuring done
[8.572s] CMake Warning (dev) at CMakeLists.txt:110 (add_dependencies):
[8.573s]   Policy CMP0046 is not set: Error on non-existent dependency in
[8.573s]   add_dependencies.  Run "cmake --help-policy CMP0046" for policy details.
[8.573s]   Use the cmake_policy command to set the policy and suppress this warning.
[8.573s] 
[8.573s]   The dependency target "tug_example_msgs_gencpp" of target
[8.573s]   "example_actions_node" does not exist.
[8.573s] This warning is for project developers.  Use -Wno-dev to suppress it.
[8.574s] 
[8.627s] -- Generating done
[8.642s] -- Build files have been written to: /home/handsome/ros_ws_test/build/tug_example_actions
[8.653s] Invoked command in '/home/handsome/ros_ws_test/build/tug_example_actions' returned '0': CMAKE_PREFIX_PATH=/home/handsome/ros_ws_test/install/tug_example_msgs:${CMAKE_PREFIX_PATH} PKG_CONFIG_PATH=/home/handsome/ros_ws_test/install/tug_example_msgs/lib/x86_64-linux-gnu/pkgconfig:/home/handsome/ros_ws_test/install/tug_example_msgs/lib/pkgconfig:${PKG_CONFIG_PATH} PYTHONPATH=/home/handsome/ros_ws_test/install/tug_example_msgs/lib/python2.7/dist-packages:${PYTHONPATH} ROS_PACKAGE_PATH=/home/handsome/ros_ws_test/install/tug_example_msgs/share:${ROS_PACKAGE_PATH} /usr/bin/cmake /home/handsome/ros_ws_test/src/ros_base/PNPros/example/tug_example_actions -DCATKIN_INSTALL_INTO_PREFIX_ROOT=0 -DCMAKE_INSTALL_PREFIX=/home/handsome/ros_ws_test/install/tug_example_actions
[8.660s] Invoking command in '/home/handsome/ros_ws_test/build/tug_example_actions': CMAKE_PREFIX_PATH=/home/handsome/ros_ws_test/install/tug_example_msgs:${CMAKE_PREFIX_PATH} PKG_CONFIG_PATH=/home/handsome/ros_ws_test/install/tug_example_msgs/lib/x86_64-linux-gnu/pkgconfig:/home/handsome/ros_ws_test/install/tug_example_msgs/lib/pkgconfig:${PKG_CONFIG_PATH} PYTHONPATH=/home/handsome/ros_ws_test/install/tug_example_msgs/lib/python2.7/dist-packages:${PYTHONPATH} ROS_PACKAGE_PATH=/home/handsome/ros_ws_test/install/tug_example_msgs/share:${ROS_PACKAGE_PATH} /usr/bin/cmake --build /home/handsome/ros_ws_test/build/tug_example_actions -- -j12 -l12
[8.788s] [35m[1mScanning dependencies of target example_actions_node[0m
[8.857s] [ 50%] [32mBuilding CXX object CMakeFiles/example_actions_node.dir/src/example_actions_node.cpp.o[0m
[22.391s] [100%] [32m[1mLinking CXX executable devel/lib/tug_example_actions/example_actions_node[0m
[23.138s] [100%] Built target example_actions_node
[23.175s] Invoked command in '/home/handsome/ros_ws_test/build/tug_example_actions' returned '0': CMAKE_PREFIX_PATH=/home/handsome/ros_ws_test/install/tug_example_msgs:${CMAKE_PREFIX_PATH} PKG_CONFIG_PATH=/home/handsome/ros_ws_test/install/tug_example_msgs/lib/x86_64-linux-gnu/pkgconfig:/home/handsome/ros_ws_test/install/tug_example_msgs/lib/pkgconfig:${PKG_CONFIG_PATH} PYTHONPATH=/home/handsome/ros_ws_test/install/tug_example_msgs/lib/python2.7/dist-packages:${PYTHONPATH} ROS_PACKAGE_PATH=/home/handsome/ros_ws_test/install/tug_example_msgs/share:${ROS_PACKAGE_PATH} /usr/bin/cmake --build /home/handsome/ros_ws_test/build/tug_example_actions -- -j12 -l12
[23.424s] Invoking command in '/home/handsome/ros_ws_test/build/tug_example_actions': CMAKE_PREFIX_PATH=/home/handsome/ros_ws_test/install/tug_example_msgs:${CMAKE_PREFIX_PATH} PKG_CONFIG_PATH=/home/handsome/ros_ws_test/install/tug_example_msgs/lib/x86_64-linux-gnu/pkgconfig:/home/handsome/ros_ws_test/install/tug_example_msgs/lib/pkgconfig:${PKG_CONFIG_PATH} PYTHONPATH=/home/handsome/ros_ws_test/install/tug_example_msgs/lib/python2.7/dist-packages:${PYTHONPATH} ROS_PACKAGE_PATH=/home/handsome/ros_ws_test/install/tug_example_msgs/share:${ROS_PACKAGE_PATH} /usr/bin/cmake --build /home/handsome/ros_ws_test/build/tug_example_actions --target tests -- -j12 -l12
[23.576s] [35m[1mScanning dependencies of target tests[0m
[23.606s] Built target tests
[23.641s] Invoked command in '/home/handsome/ros_ws_test/build/tug_example_actions' returned '0': CMAKE_PREFIX_PATH=/home/handsome/ros_ws_test/install/tug_example_msgs:${CMAKE_PREFIX_PATH} PKG_CONFIG_PATH=/home/handsome/ros_ws_test/install/tug_example_msgs/lib/x86_64-linux-gnu/pkgconfig:/home/handsome/ros_ws_test/install/tug_example_msgs/lib/pkgconfig:${PKG_CONFIG_PATH} PYTHONPATH=/home/handsome/ros_ws_test/install/tug_example_msgs/lib/python2.7/dist-packages:${PYTHONPATH} ROS_PACKAGE_PATH=/home/handsome/ros_ws_test/install/tug_example_msgs/share:${ROS_PACKAGE_PATH} /usr/bin/cmake --build /home/handsome/ros_ws_test/build/tug_example_actions --target tests -- -j12 -l12
[23.875s] Invoking command in '/home/handsome/ros_ws_test/build/tug_example_actions': CMAKE_PREFIX_PATH=/home/handsome/ros_ws_test/install/tug_example_msgs:${CMAKE_PREFIX_PATH} PKG_CONFIG_PATH=/home/handsome/ros_ws_test/install/tug_example_msgs/lib/x86_64-linux-gnu/pkgconfig:/home/handsome/ros_ws_test/install/tug_example_msgs/lib/pkgconfig:${PKG_CONFIG_PATH} PYTHONPATH=/home/handsome/ros_ws_test/install/tug_example_msgs/lib/python2.7/dist-packages:${PYTHONPATH} ROS_PACKAGE_PATH=/home/handsome/ros_ws_test/install/tug_example_msgs/share:${ROS_PACKAGE_PATH} /usr/bin/cmake --build /home/handsome/ros_ws_test/build/tug_example_actions --target install -- -j12 -l12
[24.044s] [100%] Built target example_actions_node
[24.113s] [36mInstall the project...[0m
[24.139s] -- Install configuration: ""
[24.139s] -- Installing: /home/handsome/ros_ws_test/install/tug_example_actions/lib/pkgconfig/tug_example_actions.pc
[24.140s] -- Installing: /home/handsome/ros_ws_test/install/tug_example_actions/share/tug_example_actions/cmake/tug_example_actionsConfig.cmake
[24.140s] -- Installing: /home/handsome/ros_ws_test/install/tug_example_actions/share/tug_example_actions/cmake/tug_example_actionsConfig-version.cmake
[24.140s] -- Installing: /home/handsome/ros_ws_test/install/tug_example_actions/share/tug_example_actions/package.xml
[24.141s] -- Installing: /home/handsome/ros_ws_test/install/tug_example_actions/lib/tug_example_actions/example_actions_node
[24.146s] -- Set runtime path of "/home/handsome/ros_ws_test/install/tug_example_actions/lib/tug_example_actions/example_actions_node" to ""
[24.155s] Invoked command in '/home/handsome/ros_ws_test/build/tug_example_actions' returned '0': CMAKE_PREFIX_PATH=/home/handsome/ros_ws_test/install/tug_example_msgs:${CMAKE_PREFIX_PATH} PKG_CONFIG_PATH=/home/handsome/ros_ws_test/install/tug_example_msgs/lib/x86_64-linux-gnu/pkgconfig:/home/handsome/ros_ws_test/install/tug_example_msgs/lib/pkgconfig:${PKG_CONFIG_PATH} PYTHONPATH=/home/handsome/ros_ws_test/install/tug_example_msgs/lib/python2.7/dist-packages:${PYTHONPATH} ROS_PACKAGE_PATH=/home/handsome/ros_ws_test/install/tug_example_msgs/share:${ROS_PACKAGE_PATH} /usr/bin/cmake --build /home/handsome/ros_ws_test/build/tug_example_actions --target install -- -j12 -l12
