-- Using CATKIN_DEVEL_PREFIX: /home/handsome/ros_ws_test/build/robot_scheduling_msgs/devel
-- Using CMAKE_PREFIX_PATH: /home/handsome/ros_ws_test/install/locomotor_msgs;/home/handsome/ros_ws_test/install/nav_2d_msgs;/home/handsome/ros_ws_test/install/yocs_cmd_vel_mux;/home/handsome/ros_ws_test/install/turtlebot_teleop;/home/handsome/ros_ws_test/install/tug_example_pnp_server;/home/handsome/ros_ws_test/install/tug_example_actions;/home/handsome/ros_ws_test/install/tug_example_msgs;/home/handsome/ros_ws_test/install/timed_roslaunch;/home/handsome/ros_ws_test/install/teb2_local_planner;/home/handsome/ros_ws_test/install/stated_roslaunch;/home/handsome/ros_ws_test/install/spatio_temporal_voxel_layer;/home/handsome/ros_ws_test/install/robot_udp_bridge;/home/handsome/ros_ws_test/install/robot_database_bridge;/home/handsome/ros_ws_test/install/samsungcmd_msgs;/home/handsome/ros_ws_test/install/rplidar_ros;/home/handsome/ros_ws_test/install/rp_action;/home/handsome/ros_ws_test/install/rp_action_msgs;/home/handsome/ros_ws_test/install/robot_scheduling_actions;/home/handsome/ros_ws_test/install/cellctrl_qtgui_bridge;/home/handsome/ros_ws_test/install/car_db_manager_qtgui;/home/handsome/ros_ws_test/install/car_db_manager_bridge;/home/handsome/ros_ws_test/install/car_db_manager_action;/home/handsome/ros_ws_test/install/ros_utility_tools;/home/handsome/ros_ws_test/install/robot_scheduling_server;/home/handsome/ros_ws_test/install/robot_scheduling_msgs;/home/handsome/ros_ws_test/install/robot_localization;/home/handsome/ros_ws_test/install/robot_control_msgs;/home/handsome/ros_ws_test/install/reset_location;/home/handsome/ros_ws_test/install/razor_imu_9dof;/home/handsome/ros_ws_test/install/pnp_rosplan;/home/handsome/ros_ws_test/install/pnp_ros;/home/handsome/ros_ws_test/install/pnp_msgs;/home/handsome/ros_ws_test/install/open_auto_dock;/home/handsome/ros_ws_test/install/open_auto_dock_msgs;/home/handsome/ros_ws_test/install/omron_os32c_driver;/home/handsome/ros_ws_test/install/dlux_plugins;/home/handsome/ros_ws_test/install/dlux_global_planner;/home/handsome/ros_ws_test/install/nav_grid_pub_sub;/home/handsome/ros_ws_test/install/dwb_critics;/home/handsome/ros_ws_test/install/nav_grid_iterators;/home/handsome/ros_ws_test/install/locomove_base;/home/handsome/ros_ws_test/install/locomotor;/home/handsome/ros_ws_test/install/nav_core_adapter;/home/handsome/ros_ws_test/install/dwb_plugins;/home/handsome/ros_ws_test/install/dwb_local_planner;/home/handsome/ros_ws_test/install/nav_2d_utils;/home/handsome/ros_ws_test/install/global_planner_tests;/home/handsome/ros_ws_test/install/costmap_queue;/home/handsome/ros_ws_test/install/nav_core2;/home/handsome/ros_ws_test/install/nav_grid;/home/handsome/ros_ws_test/install/actionlib_modules_msgs;/home/handsome/ros_ws_test/install/dwb_msgs;/home/handsome/ros_ws_test/install/mongodb_log;/home/handsome/ros_ws_test/install/mongodb_store;/home/handsome/ros_ws_test/install/mongodb_store_msgs;/home/handsome/ros_ws_test/install/ca_driver;/home/handsome/ros_ws_test/install/libcreate;/home/handsome/ros_ws_test/install/i_robot_stage;/home/handsome/ros_ws_test/install/i_robot_navigation;/home/handsome/ros_ws_test/install/cellctrl_control_msgs;/home/handsome/ros_ws_test/install/car_db_manager_msgs;/home/handsome/ros_ws_test/install/ca_tools;/home/handsome/ros_ws_test/install/ca_msgs;/home/handsome/ros_ws_test/install/ca_description;/home/handsome/ros_ws_test/install/botcmd_msgs;/opt/ros/melodic
-- This workspace overlays: /home/handsome/ros_ws_test/install/locomotor_msgs;/home/handsome/ros_ws_test/install/nav_2d_msgs;/home/handsome/ros_ws_test/install/yocs_cmd_vel_mux;/home/handsome/ros_ws_test/install/turtlebot_teleop;/home/handsome/ros_ws_test/install/tug_example_pnp_server;/home/handsome/ros_ws_test/install/tug_example_actions;/home/handsome/ros_ws_test/install/tug_example_msgs;/home/handsome/ros_ws_test/install/timed_roslaunch;/home/handsome/ros_ws_test/install/teb2_local_planner;/home/handsome/ros_ws_test/install/stated_roslaunch;/home/handsome/ros_ws_test/install/spatio_temporal_voxel_layer;/home/handsome/ros_ws_test/install/robot_udp_bridge;/home/handsome/ros_ws_test/install/robot_database_bridge;/home/handsome/ros_ws_test/install/samsungcmd_msgs;/home/handsome/ros_ws_test/install/rplidar_ros;/home/handsome/ros_ws_test/install/rp_action;/home/handsome/ros_ws_test/install/rp_action_msgs;/home/handsome/ros_ws_test/install/robot_scheduling_actions;/home/handsome/ros_ws_test/install/cellctrl_qtgui_bridge;/home/handsome/ros_ws_test/install/car_db_manager_qtgui;/home/handsome/ros_ws_test/install/car_db_manager_bridge;/home/handsome/ros_ws_test/install/car_db_manager_action;/home/handsome/ros_ws_test/install/ros_utility_tools;/home/handsome/ros_ws_test/install/robot_scheduling_server;/home/handsome/ros_ws_test/install/robot_scheduling_msgs;/home/handsome/ros_ws_test/install/robot_localization;/home/handsome/ros_ws_test/install/robot_control_msgs;/home/handsome/ros_ws_test/install/reset_location;/home/handsome/ros_ws_test/install/razor_imu_9dof;/home/handsome/ros_ws_test/install/pnp_rosplan;/home/handsome/ros_ws_test/install/pnp_ros;/home/handsome/ros_ws_test/install/pnp_msgs;/home/handsome/ros_ws_test/install/open_auto_dock;/home/handsome/ros_ws_test/install/open_auto_dock_msgs;/home/handsome/ros_ws_test/install/omron_os32c_driver;/home/handsome/ros_ws_test/install/dlux_plugins;/home/handsome/ros_ws_test/install/dlux_global_planner;/home/handsome/ros_ws_test/install/nav_grid_pub_sub;/home/handsome/ros_ws_test/install/dwb_critics;/home/handsome/ros_ws_test/install/nav_grid_iterators;/home/handsome/ros_ws_test/install/locomove_base;/home/handsome/ros_ws_test/install/locomotor;/home/handsome/ros_ws_test/install/nav_core_adapter;/home/handsome/ros_ws_test/install/dwb_plugins;/home/handsome/ros_ws_test/install/dwb_local_planner;/home/handsome/ros_ws_test/install/nav_2d_utils;/home/handsome/ros_ws_test/install/global_planner_tests;/home/handsome/ros_ws_test/install/costmap_queue;/home/handsome/ros_ws_test/install/nav_core2;/home/handsome/ros_ws_test/install/nav_grid;/home/handsome/ros_ws_test/install/actionlib_modules_msgs;/home/handsome/ros_ws_test/install/dwb_msgs;/home/handsome/ros_ws_test/install/mongodb_log;/home/handsome/ros_ws_test/install/mongodb_store;/home/handsome/ros_ws_test/install/mongodb_store_msgs;/home/handsome/ros_ws_test/install/ca_driver;/home/handsome/ros_ws_test/install/i_robot_stage;/home/handsome/ros_ws_test/install/i_robot_navigation;/home/handsome/ros_ws_test/install/cellctrl_control_msgs;/home/handsome/ros_ws_test/install/car_db_manager_msgs;/home/handsome/ros_ws_test/install/ca_tools;/home/handsome/ros_ws_test/install/ca_msgs;/home/handsome/ros_ws_test/install/ca_description;/home/handsome/ros_ws_test/install/botcmd_msgs;/opt/ros/melodic
-- Found PythonInterp: /usr/bin/python2 (found suitable version "2.7.17", minimum required is "2") 
-- Using PYTHON_EXECUTABLE: /usr/bin/python2
-- Using Debian Python package layout
-- Using empy: /usr/bin/empy
-- Using CATKIN_ENABLE_TESTING: ON
-- Call enable_testing()
-- Using CATKIN_TEST_RESULTS_DIR: /home/handsome/ros_ws_test/build/robot_scheduling_msgs/test_results
-- Found gtest sources under '/usr/src/googletest': gtests will be built
-- Found gmock sources under '/usr/src/googletest': gmock will be built
-- Found PythonInterp: /usr/bin/python2 (found version "2.7.17") 
-- Using Python nosetests: /usr/bin/nosetests-2.7
-- catkin 0.7.28
-- BUILD_SHARED_LIBS is on
-- Using these message generators: gencpp;geneus;genlisp;gennodejs;genpy
-- Generating .msg files for action robot_scheduling_msgs/robot_run_state /home/handsome/ros_ws_test/src/ros_base/robot_scheduling/robot_scheduling_msgs/action/robot_run_state.action
-- Generating .msg files for action robot_scheduling_msgs/robot_command /home/handsome/ros_ws_test/src/ros_base/robot_scheduling/robot_scheduling_msgs/action/robot_command.action
-- Generating .msg files for action robot_scheduling_msgs/pose_recognize /home/handsome/ros_ws_test/src/ros_base/robot_scheduling/robot_scheduling_msgs/action/pose_recognize.action
-- Generating .msg files for action robot_scheduling_msgs/pose_recognize_recovery /home/handsome/ros_ws_test/src/ros_base/robot_scheduling/robot_scheduling_msgs/action/pose_recognize_recovery.action
-- Generating .msg files for action robot_scheduling_msgs/pose_move_to /home/handsome/ros_ws_test/src/ros_base/robot_scheduling/robot_scheduling_msgs/action/pose_move_to.action
-- Generating .msg files for action robot_scheduling_msgs/pose_move_to_recovery /home/handsome/ros_ws_test/src/ros_base/robot_scheduling/robot_scheduling_msgs/action/pose_move_to_recovery.action
-- Generating .msg files for action robot_scheduling_msgs/dock_to /home/handsome/ros_ws_test/src/ros_base/robot_scheduling/robot_scheduling_msgs/action/dock_to.action
-- Generating .msg files for action robot_scheduling_msgs/dock_to_recovery /home/handsome/ros_ws_test/src/ros_base/robot_scheduling/robot_scheduling_msgs/action/dock_to_recovery.action
-- Generating .msg files for action robot_scheduling_msgs/undock_to /home/handsome/ros_ws_test/src/ros_base/robot_scheduling/robot_scheduling_msgs/action/undock_to.action
-- Generating .msg files for action robot_scheduling_msgs/undock_to_recovery /home/handsome/ros_ws_test/src/ros_base/robot_scheduling/robot_scheduling_msgs/action/undock_to_recovery.action
-- Generating .msg files for action robot_scheduling_msgs/self_turn_to /home/handsome/ros_ws_test/src/ros_base/robot_scheduling/robot_scheduling_msgs/action/self_turn_to.action
-- Generating .msg files for action robot_scheduling_msgs/self_turn_to_recovery /home/handsome/ros_ws_test/src/ros_base/robot_scheduling/robot_scheduling_msgs/action/self_turn_to_recovery.action
-- Generating .msg files for action robot_scheduling_msgs/controller_state_recovery /home/handsome/ros_ws_test/src/ros_base/robot_scheduling/robot_scheduling_msgs/action/controller_state_recovery.action
-- Generating .msg files for action robot_scheduling_msgs/power_charge /home/handsome/ros_ws_test/src/ros_base/robot_scheduling/robot_scheduling_msgs/action/power_charge.action
-- Generating .msg files for action robot_scheduling_msgs/power_charge_recovery /home/handsome/ros_ws_test/src/ros_base/robot_scheduling/robot_scheduling_msgs/action/power_charge_recovery.action
-- Generating .msg files for action robot_scheduling_msgs/db_process /home/handsome/ros_ws_test/src/ros_base/robot_scheduling/robot_scheduling_msgs/action/db_process.action
-- Generating .msg files for action robot_scheduling_msgs/db_process_recovery /home/handsome/ros_ws_test/src/ros_base/robot_scheduling/robot_scheduling_msgs/action/db_process_recovery.action
-- Generating .msg files for action robot_scheduling_msgs/worksheetrun /home/handsome/ros_ws_test/src/ros_base/robot_scheduling/robot_scheduling_msgs/action/worksheetrun.action
-- Generating .msg files for action robot_scheduling_msgs/time_wait /home/handsome/ros_ws_test/src/ros_base/robot_scheduling/robot_scheduling_msgs/action/time_wait.action
-- Generating .msg files for action robot_scheduling_msgs/function_run /home/handsome/ros_ws_test/src/ros_base/robot_scheduling/robot_scheduling_msgs/action/function_run.action
-- Generating .msg files for action robot_scheduling_msgs/function_run_recovery /home/handsome/ros_ws_test/src/ros_base/robot_scheduling/robot_scheduling_msgs/action/function_run_recovery.action
-- Generating .msg files for action robot_scheduling_msgs/interrupt_info /home/handsome/ros_ws_test/src/ros_base/robot_scheduling/robot_scheduling_msgs/action/interrupt_info.action
-- Generating .msg files for action robot_scheduling_msgs/robot_interface_params /home/handsome/ros_ws_test/src/ros_base/robot_scheduling/robot_scheduling_msgs/action/robot_interface_params.action
-- Generating .msg files for action robot_scheduling_msgs/robot_interface_process /home/handsome/ros_ws_test/src/ros_base/robot_scheduling/robot_scheduling_msgs/action/robot_interface_process.action
-- Configuring incomplete, errors occurred!
See also "/home/handsome/ros_ws_test/build/robot_scheduling_msgs/CMakeFiles/CMakeOutput.log".
See also "/home/handsome/ros_ws_test/build/robot_scheduling_msgs/CMakeFiles/CMakeError.log".
Makefile:3400: recipe for target 'cmake_check_build_system' failed
