[  0%] Built target actionlib_generate_messages_eus
[  0%] Built target nav_2d_msgs_generate_messages_nodejs
[  0%] Built target nav_2d_msgs_generate_messages_cpp
[  0%] Built target nav_msgs_generate_messages_nodejs
[  0%] Built target std_msgs_generate_messages_cpp
[  0%] Built target actionlib_msgs_generate_messages_lisp
[  0%] Built target actionlib_msgs_generate_messages_py
[  0%] Built target geometry_msgs_generate_messages_eus
[  0%] Built target rosgraph_msgs_generate_messages_cpp
[  0%] Built target roscpp_generate_messages_cpp
[  0%] Built target actionlib_generate_messages_cpp
[  0%] Built target roscpp_generate_messages_py
[  0%] Built target geometry_msgs_generate_messages_nodejs
[  0%] Built target geometry_msgs_generate_messages_py
[  0%] Built target nav_2d_msgs_generate_messages_eus
[  0%] Built target tf2_msgs_generate_messages_cpp
[  0%] Built target geometry_msgs_generate_messages_cpp
[  0%] Built target actionlib_generate_messages_lisp
[  0%] Built target geometry_msgs_generate_messages_lisp
[  0%] Built target tf2_msgs_generate_messages_py
[ 84%] Built target nav_grid_iterators
[ 84%] Built target tf2_msgs_generate_messages_nodejs
[ 84%] Built target sensor_msgs_generate_messages_nodejs
[ 84%] Built target std_msgs_generate_messages_py
[ 84%] Built target std_msgs_generate_messages_nodejs
[ 84%] Built target roscpp_generate_messages_nodejs
[ 84%] Built target std_msgs_generate_messages_lisp
[ 84%] Built target actionlib_msgs_generate_messages_nodejs
[ 84%] Built target roscpp_generate_messages_lisp
[ 84%] Built target std_msgs_generate_messages_eus
[ 84%] Built target nav_2d_msgs_generate_messages_lisp
[ 84%] Built target sensor_msgs_generate_messages_lisp
[ 84%] Built target tf2_msgs_generate_messages_eus
[ 84%] Built target nav_msgs_generate_messages_cpp
[ 84%] Built target nav_msgs_generate_messages_eus
[ 84%] Built target nav_msgs_generate_messages_lisp
[ 84%] Built target tf2_msgs_generate_messages_lisp
[ 84%] Built target nav_msgs_generate_messages_py
[ 84%] Built target actionlib_generate_messages_nodejs
[ 84%] Built target actionlib_generate_messages_py
[ 84%] Built target tf_generate_messages_cpp
[ 84%] Built target actionlib_msgs_generate_messages_cpp
[ 84%] Built target tf_generate_messages_eus
[ 84%] Built target tf_generate_messages_lisp
[ 84%] Built target tf_generate_messages_nodejs
[ 84%] Built target sensor_msgs_generate_messages_eus
[ 84%] Built target sensor_msgs_generate_messages_py
[ 84%] Built target tf_generate_messages_py
[ 84%] Built target sensor_msgs_generate_messages_cpp
[ 84%] Built target roscpp_generate_messages_eus
[ 84%] Built target actionlib_msgs_generate_messages_eus
[ 84%] Built target rosgraph_msgs_generate_messages_py
[ 84%] Built target rosgraph_msgs_generate_messages_nodejs
[ 84%] Built target rosgraph_msgs_generate_messages_eus
[ 84%] Built target rosgraph_msgs_generate_messages_lisp
[ 84%] Built target nav_2d_msgs_generate_messages_py
[100%] Built target demo
[ 11%] Built target gtest
[ 76%] Built target nav_grid_iterators
[ 88%] Built target line_tests
[100%] Built target utest
[100%] Built target tests
[  0%] Built target actionlib_msgs_generate_messages_py
[  0%] Built target actionlib_generate_messages_eus
[  0%] Built target actionlib_generate_messages_cpp
[  0%] Built target roscpp_generate_messages_py
[  0%] Built target geometry_msgs_generate_messages_lisp
[  0%] Built target geometry_msgs_generate_messages_nodejs
[  0%] Built target geometry_msgs_generate_messages_cpp
[  0%] Built target tf2_msgs_generate_messages_cpp
[  0%] Built target actionlib_generate_messages_lisp
[  0%] Built target geometry_msgs_generate_messages_py
[  0%] Built target nav_2d_msgs_generate_messages_eus
[  0%] Built target nav_2d_msgs_generate_messages_py
[  0%] Built target rosgraph_msgs_generate_messages_eus
[  0%] Built target nav_msgs_generate_messages_nodejs
[  0%] Built target rosgraph_msgs_generate_messages_lisp
[  0%] Built target roscpp_generate_messages_eus
[  0%] Built target rosgraph_msgs_generate_messages_py
[  0%] Built target actionlib_msgs_generate_messages_eus
[  0%] Built target actionlib_generate_messages_py
[ 61%] Built target tf2_msgs_generate_messages_py
[ 84%] Built target nav_grid_iterators
[ 84%] Built target tf2_msgs_generate_messages_nodejs
[ 84%] Built target sensor_msgs_generate_messages_nodejs
[ 84%] Built target rosgraph_msgs_generate_messages_nodejs
[ 84%] Built target std_msgs_generate_messages_nodejs
[ 84%] Built target std_msgs_generate_messages_lisp
[ 84%] Built target roscpp_generate_messages_nodejs
[ 84%] Built target actionlib_msgs_generate_messages_nodejs
[ 84%] Built target std_msgs_generate_messages_eus
[ 84%] Built target roscpp_generate_messages_lisp
[ 84%] Built target nav_2d_msgs_generate_messages_lisp
[ 84%] Built target sensor_msgs_generate_messages_lisp
[ 84%] Built target nav_msgs_generate_messages_cpp
[ 84%] Built target tf2_msgs_generate_messages_eus
[ 84%] Built target nav_msgs_generate_messages_eus
[ 84%] Built target nav_msgs_generate_messages_lisp
[ 84%] Built target tf2_msgs_generate_messages_lisp
[ 84%] Built target nav_msgs_generate_messages_py
[ 84%] Built target actionlib_generate_messages_nodejs
[ 84%] Built target std_msgs_generate_messages_py
[ 84%] Built target tf_generate_messages_cpp
[ 84%] Built target actionlib_msgs_generate_messages_cpp
[ 84%] Built target tf_generate_messages_eus
[ 84%] Built target tf_generate_messages_lisp
[ 84%] Built target tf_generate_messages_nodejs
[ 84%] Built target tf_generate_messages_py
[ 84%] Built target sensor_msgs_generate_messages_py
[ 84%] Built target std_msgs_generate_messages_cpp
[ 84%] Built target sensor_msgs_generate_messages_cpp
[ 84%] Built target sensor_msgs_generate_messages_eus
[ 84%] Built target nav_2d_msgs_generate_messages_cpp
[ 84%] Built target actionlib_msgs_generate_messages_lisp
[ 84%] Built target nav_2d_msgs_generate_messages_nodejs
[ 84%] Built target geometry_msgs_generate_messages_eus
[ 84%] Built target roscpp_generate_messages_cpp
[ 84%] Built target rosgraph_msgs_generate_messages_cpp
[100%] Built target demo
[36mInstall the project...[0m
-- Install configuration: ""
-- Up-to-date: /home/handsome/ros_ws_test/install/nav_grid_iterators/lib/pkgconfig/nav_grid_iterators.pc
-- Up-to-date: /home/handsome/ros_ws_test/install/nav_grid_iterators/share/nav_grid_iterators/cmake/nav_grid_iteratorsConfig.cmake
-- Up-to-date: /home/handsome/ros_ws_test/install/nav_grid_iterators/share/nav_grid_iterators/cmake/nav_grid_iteratorsConfig-version.cmake
-- Up-to-date: /home/handsome/ros_ws_test/install/nav_grid_iterators/share/nav_grid_iterators/package.xml
-- Up-to-date: /home/handsome/ros_ws_test/install/nav_grid_iterators/lib/libnav_grid_iterators.so
-- Up-to-date: /home/handsome/ros_ws_test/install/nav_grid_iterators/include/nav_grid_iterators
-- Up-to-date: /home/handsome/ros_ws_test/install/nav_grid_iterators/include/nav_grid_iterators/base_iterator.h
-- Up-to-date: /home/handsome/ros_ws_test/install/nav_grid_iterators/include/nav_grid_iterators/polygon_outline.h
-- Up-to-date: /home/handsome/ros_ws_test/install/nav_grid_iterators/include/nav_grid_iterators/whole_grid.h
-- Up-to-date: /home/handsome/ros_ws_test/install/nav_grid_iterators/include/nav_grid_iterators/iterators.h
-- Up-to-date: /home/handsome/ros_ws_test/install/nav_grid_iterators/include/nav_grid_iterators/line
-- Up-to-date: /home/handsome/ros_ws_test/install/nav_grid_iterators/include/nav_grid_iterators/line/abstract_line_iterator.h
-- Up-to-date: /home/handsome/ros_ws_test/install/nav_grid_iterators/include/nav_grid_iterators/line/ray_trace.h
-- Up-to-date: /home/handsome/ros_ws_test/install/nav_grid_iterators/include/nav_grid_iterators/line/bresenham.h
-- Up-to-date: /home/handsome/ros_ws_test/install/nav_grid_iterators/include/nav_grid_iterators/circle_fill.h
-- Up-to-date: /home/handsome/ros_ws_test/install/nav_grid_iterators/include/nav_grid_iterators/polygon_fill.h
-- Up-to-date: /home/handsome/ros_ws_test/install/nav_grid_iterators/include/nav_grid_iterators/sub_grid.h
-- Up-to-date: /home/handsome/ros_ws_test/install/nav_grid_iterators/include/nav_grid_iterators/circle_outline.h
-- Up-to-date: /home/handsome/ros_ws_test/install/nav_grid_iterators/include/nav_grid_iterators/line.h
-- Up-to-date: /home/handsome/ros_ws_test/install/nav_grid_iterators/include/nav_grid_iterators/spiral.h
