-- The C compiler identification is GNU 7.5.0
-- The CXX compiler identification is GNU 7.5.0
-- Check for working C compiler: /usr/bin/cc
-- Check for working C compiler: /usr/bin/cc -- works
-- Detecting C compiler ABI info
-- Detecting C compiler ABI info - done
-- Detecting C compile features
-- Detecting C compile features - done
-- Check for working CXX compiler: /usr/bin/c++
-- Check for working CXX compiler: /usr/bin/c++ -- works
-- Detecting CXX compiler ABI info
-- Detecting CXX compiler ABI info - done
-- Detecting CXX compile features
-- Detecting CXX compile features - done
-- Using CATKIN_DEVEL_PREFIX: /home/handsome/ros_ws_test/build/dwb_msgs/devel
-- Using CMAKE_PREFIX_PATH: /home/handsome/ros_ws_test/install/nav_2d_msgs;/home/handsome/ros_ws/install/yocs_cmd_vel_mux;/home/handsome/ros_ws/install/urdf_tutorial;/home/handsome/ros_ws/install/tuw_waypoint_to_spline_msgs;/home/handsome/ros_ws/install/tuw_multi_robot_router;/home/handsome/ros_ws/install/tuw_voronoi_graph;/home/handsome/ros_ws/install/tuw_vehicle_msgs;/home/handsome/ros_ws/install/tuw_order_planner;/home/handsome/ros_ws/install/tuw_object_rviz;/home/handsome/ros_ws/install/tuw_object_msgs;/home/handsome/ros_ws/install/tuw_nav_rviz;/home/handsome/ros_ws/install/tuw_multi_robot_local_behavior_controller;/home/handsome/ros_ws/install/tuw_multi_robot_ctrl;/home/handsome/ros_ws/install/tuw_nav_msgs;/home/handsome/ros_ws/install/tuw_multi_robot_rviz;/home/handsome/ros_ws/install/tuw_multi_robot_goal_generator;/home/handsome/ros_ws/install/robot_scheduling_utility;/home/handsome/ros_ws/install/robot_scheduling_actions;/home/handsome/ros_ws/install/actionlib_modules_bridge;/home/handsome/ros_ws/install/tuw_multi_robot_msgs;/home/handsome/ros_ws/install/tuw_multi_robot_demo;/home/handsome/ros_ws/install/tuw_local_controller_msgs;/home/handsome/ros_ws/install/tuw_geometry_rviz;/home/handsome/ros_ws/install/tuw_geometry_msgs;/home/handsome/ros_ws/install/tuw_geometry;/home/handsome/ros_ws/install/tuw_gazebo_msgs;/home/handsome/ros_ws/install/tuw_control;/home/handsome/ros_ws/install/tuw_airskin_msgs;/home/handsome/ros_ws/install/turtlebot_teleop;/home/handsome/ros_ws/install/tug_example_pnp_server;/home/handsome/ros_ws/install/tug_example_actions;/home/handsome/ros_ws/install/tug_example_msgs;/home/handsome/ros_ws/install/timed_roslaunch;/home/handsome/ros_ws/install/teb2_local_planner;/home/handsome/ros_ws/install/stated_roslaunch;/home/handsome/ros_ws/install/spatio_temporal_voxel_layer;/home/handsome/ros_ws/install/robot_udp_bridge;/home/handsome/ros_ws/install/robot_database_bridge;/home/handsome/ros_ws/install/samsungcmd_msgs;/home/handsome/ros_ws/install/rplidar_ros;/home/handsome/ros_ws/install/rp_action;/home/handsome/ros_ws/install/rp_action_msgs;/home/handsome/ros_ws/install/rosserial_xbee;/home/handsome/ros_ws/install/rosserial_windows;/home/handsome/ros_ws/install/rosserial_tivac;/home/handsome/ros_ws/install/rosserial_test;/home/handsome/ros_ws/install/rosserial_server;/home/handsome/ros_ws/install/rosserial_python;/home/handsome/ros_ws/install/rosserial_mbed;/home/handsome/ros_ws/install/rosserial_embeddedlinux;/home/handsome/ros_ws/install/rosserial_arduino;/home/handsome/ros_ws/install/rosserial_client;/home/handsome/ros_ws/install/rosserial_msgs;/home/handsome/ros_ws/install/cellctrl_qtgui_bridge;/home/handsome/ros_ws/install/car_db_manager_qtgui;/home/handsome/ros_ws/install/car_db_manager_bridge;/home/handsome/ros_ws/install/car_db_manager_action;/home/handsome/ros_ws/install/ros_utility_tools;/home/handsome/ros_ws/install/ros_package_test;/home/handsome/ros_ws/install/ros_package_manager;/home/handsome/ros_ws/install/robot_scheduling_server;/home/handsome/ros_ws/install/robot_scheduling_msgs;/home/handsome/ros_ws/install/robot_localization;/home/handsome/ros_ws/install/robot_control_msgs;/home/handsome/ros_ws/install/reset_location;/home/handsome/ros_ws/install/razor_imu_9dof;/home/handsome/ros_ws/install/pnp_rosplan;/home/handsome/ros_ws/install/actionlib_pnp_controller;/home/handsome/ros_ws/install/actionlib_modules_controller;/home/handsome/ros_ws/install/pnp_ros;/home/handsome/ros_ws/install/pnp_msgs;/home/handsome/ros_ws/install/open_auto_dock;/home/handsome/ros_ws/install/open_auto_dock_msgs;/home/handsome/ros_ws/install/omron_os32c_driver;/home/handsome/ros_ws/install/dlux_plugins;/home/handsome/ros_ws/install/dlux_global_planner;/home/handsome/ros_ws/install/nav_grid_pub_sub;/home/handsome/ros_ws/install/dwb_critics;/home/handsome/ros_ws/install/nav_grid_iterators;/home/handsome/ros_ws/install/locomove_base;/home/handsome/ros_ws/install/locomotor;/home/handsome/ros_ws/install/nav_core_adapter;/home/handsome/ros_ws/install/dwb_plugins;/home/handsome/ros_ws/install/dwb_local_planner;/home/handsome/ros_ws/install/nav_2d_utils;/home/handsome/ros_ws/install/global_planner_tests;/home/handsome/ros_ws/install/costmap_queue;/home/handsome/ros_ws/install/nav_core2;/home/handsome/ros_ws/install/nav_grid;/home/handsome/ros_ws/install/car_schedule_msgs;/home/handsome/ros_ws/install/actionlib_modules_msgs;/home/handsome/ros_ws/install/locomotor_msgs;/home/handsome/ros_ws/install/dwb_msgs;/home/handsome/ros_ws/install/nav_2d_msgs;/home/handsome/ros_ws/install/mongodb_log;/home/handsome/ros_ws/install/mongodb_store;/home/handsome/ros_ws/install/mongodb_store_msgs;/home/handsome/ros_ws/install/ca_driver;/home/handsome/ros_ws/install/libcreate;/home/handsome/ros_ws/install/i_robot_stage;/home/handsome/ros_ws/install/i_robot_navigation;/home/handsome/ros_ws/install/hyc_order_planner;/home/handsome/ros_ws/install/hyc_multi_robot_msgs;/home/handsome/ros_ws/install/fetch_open_auto_dock;/home/handsome/ros_ws/install/fetch_auto_dock_msgs;/home/handsome/ros_ws/install/change_teb2_max_vel_x_onfly;/home/handsome/ros_ws/install/cellctrl_control_msgs;/home/handsome/ros_ws/install/car_db_manager_msgs;/home/handsome/ros_ws/install/ca_msgs;/home/handsome/ros_ws/install/ca_description;/home/handsome/ros_ws/install/botcmd_msgs;/opt/ros/melodic
-- This workspace overlays: /home/handsome/ros_ws_test/install/nav_2d_msgs;/home/handsome/ros_ws/install/yocs_cmd_vel_mux;/home/handsome/ros_ws/install/urdf_tutorial;/home/handsome/ros_ws/install/tuw_waypoint_to_spline_msgs;/home/handsome/ros_ws/install/tuw_multi_robot_router;/home/handsome/ros_ws/install/tuw_voronoi_graph;/home/handsome/ros_ws/install/tuw_vehicle_msgs;/home/handsome/ros_ws/install/tuw_order_planner;/home/handsome/ros_ws/install/tuw_object_rviz;/home/handsome/ros_ws/install/tuw_object_msgs;/home/handsome/ros_ws/install/tuw_nav_rviz;/home/handsome/ros_ws/install/tuw_multi_robot_local_behavior_controller;/home/handsome/ros_ws/install/tuw_multi_robot_ctrl;/home/handsome/ros_ws/install/tuw_nav_msgs;/home/handsome/ros_ws/install/tuw_multi_robot_rviz;/home/handsome/ros_ws/install/tuw_multi_robot_goal_generator;/home/handsome/ros_ws/install/robot_scheduling_utility;/home/handsome/ros_ws/install/robot_scheduling_actions;/home/handsome/ros_ws/install/actionlib_modules_bridge;/home/handsome/ros_ws/install/tuw_multi_robot_msgs;/home/handsome/ros_ws/install/tuw_multi_robot_demo;/home/handsome/ros_ws/install/tuw_local_controller_msgs;/home/handsome/ros_ws/install/tuw_geometry_rviz;/home/handsome/ros_ws/install/tuw_geometry_msgs;/home/handsome/ros_ws/install/tuw_geometry;/home/handsome/ros_ws/install/tuw_gazebo_msgs;/home/handsome/ros_ws/install/tuw_control;/home/handsome/ros_ws/install/tuw_airskin_msgs;/home/handsome/ros_ws/install/turtlebot_teleop;/home/handsome/ros_ws/install/tug_example_pnp_server;/home/handsome/ros_ws/install/tug_example_actions;/home/handsome/ros_ws/install/tug_example_msgs;/home/handsome/ros_ws/install/timed_roslaunch;/home/handsome/ros_ws/install/teb2_local_planner;/home/handsome/ros_ws/install/stated_roslaunch;/home/handsome/ros_ws/install/spatio_temporal_voxel_layer;/home/handsome/ros_ws/install/robot_udp_bridge;/home/handsome/ros_ws/install/robot_database_bridge;/home/handsome/ros_ws/install/samsungcmd_msgs;/home/handsome/ros_ws/install/rplidar_ros;/home/handsome/ros_ws/install/rp_action;/home/handsome/ros_ws/install/rp_action_msgs;/home/handsome/ros_ws/install/rosserial_xbee;/home/handsome/ros_ws/install/rosserial_windows;/home/handsome/ros_ws/install/rosserial_tivac;/home/handsome/ros_ws/install/rosserial_test;/home/handsome/ros_ws/install/rosserial_server;/home/handsome/ros_ws/install/rosserial_python;/home/handsome/ros_ws/install/rosserial_mbed;/home/handsome/ros_ws/install/rosserial_embeddedlinux;/home/handsome/ros_ws/install/rosserial_arduino;/home/handsome/ros_ws/install/rosserial_client;/home/handsome/ros_ws/install/rosserial_msgs;/home/handsome/ros_ws/install/cellctrl_qtgui_bridge;/home/handsome/ros_ws/install/car_db_manager_qtgui;/home/handsome/ros_ws/install/car_db_manager_bridge;/home/handsome/ros_ws/install/car_db_manager_action;/home/handsome/ros_ws/install/ros_utility_tools;/home/handsome/ros_ws/install/ros_package_test;/home/handsome/ros_ws/install/ros_package_manager;/home/handsome/ros_ws/install/robot_scheduling_server;/home/handsome/ros_ws/install/robot_scheduling_msgs;/home/handsome/ros_ws/install/robot_localization;/home/handsome/ros_ws/install/robot_control_msgs;/home/handsome/ros_ws/install/reset_location;/home/handsome/ros_ws/install/razor_imu_9dof;/home/handsome/ros_ws/install/pnp_rosplan;/home/handsome/ros_ws/install/actionlib_pnp_controller;/home/handsome/ros_ws/install/actionlib_modules_controller;/home/handsome/ros_ws/install/pnp_ros;/home/handsome/ros_ws/install/pnp_msgs;/home/handsome/ros_ws/install/open_auto_dock;/home/handsome/ros_ws/install/open_auto_dock_msgs;/home/handsome/ros_ws/install/omron_os32c_driver;/home/handsome/ros_ws/install/dlux_plugins;/home/handsome/ros_ws/install/dlux_global_planner;/home/handsome/ros_ws/install/nav_grid_pub_sub;/home/handsome/ros_ws/install/dwb_critics;/home/handsome/ros_ws/install/nav_grid_iterators;/home/handsome/ros_ws/install/locomove_base;/home/handsome/ros_ws/install/locomotor;/home/handsome/ros_ws/install/nav_core_adapter;/home/handsome/ros_ws/install/dwb_plugins;/home/handsome/ros_ws/install/dwb_local_planner;/home/handsome/ros_ws/install/nav_2d_utils;/home/handsome/ros_ws/install/global_planner_tests;/home/handsome/ros_ws/install/costmap_queue;/home/handsome/ros_ws/install/nav_core2;/home/handsome/ros_ws/install/nav_grid;/home/handsome/ros_ws/install/car_schedule_msgs;/home/handsome/ros_ws/install/actionlib_modules_msgs;/home/handsome/ros_ws/install/locomotor_msgs;/home/handsome/ros_ws/install/dwb_msgs;/home/handsome/ros_ws/install/nav_2d_msgs;/home/handsome/ros_ws/install/mongodb_log;/home/handsome/ros_ws/install/mongodb_store;/home/handsome/ros_ws/install/mongodb_store_msgs;/home/handsome/ros_ws/install/ca_driver;/home/handsome/ros_ws/install/i_robot_stage;/home/handsome/ros_ws/install/i_robot_navigation;/home/handsome/ros_ws/install/hyc_order_planner;/home/handsome/ros_ws/install/hyc_multi_robot_msgs;/home/handsome/ros_ws/install/fetch_open_auto_dock;/home/handsome/ros_ws/install/fetch_auto_dock_msgs;/home/handsome/ros_ws/install/change_teb2_max_vel_x_onfly;/home/handsome/ros_ws/install/cellctrl_control_msgs;/home/handsome/ros_ws/install/car_db_manager_msgs;/home/handsome/ros_ws/install/ca_msgs;/home/handsome/ros_ws/install/ca_description;/home/handsome/ros_ws/install/botcmd_msgs;/opt/ros/melodic
-- Found PythonInterp: /usr/bin/python2 (found suitable version "2.7.17", minimum required is "2") 
-- Using PYTHON_EXECUTABLE: /usr/bin/python2
-- Using Debian Python package layout
-- Using empy: /usr/bin/empy
-- Using CATKIN_ENABLE_TESTING: ON
-- Call enable_testing()
-- Using CATKIN_TEST_RESULTS_DIR: /home/handsome/ros_ws_test/build/dwb_msgs/test_results
-- Found gtest sources under '/usr/src/googletest': gtests will be built
-- Found gmock sources under '/usr/src/googletest': gmock will be built
-- Found PythonInterp: /usr/bin/python2 (found version "2.7.17") 
-- Looking for pthread.h
-- Looking for pthread.h - found
-- Looking for pthread_create
-- Looking for pthread_create - not found
-- Looking for pthread_create in pthreads
-- Looking for pthread_create in pthreads - not found
-- Looking for pthread_create in pthread
-- Looking for pthread_create in pthread - found
-- Found Threads: TRUE  
-- Using Python nosetests: /usr/bin/nosetests-2.7
-- catkin 0.7.28
-- BUILD_SHARED_LIBS is on
-- Using these message generators: gencpp;geneus;genlisp;gennodejs;genpy
-- dwb_msgs: 4 messages, 5 services
-- Configuring done
-- Generating done
-- Build files have been written to: /home/handsome/ros_ws_test/build/dwb_msgs
[35m[1mScanning dependencies of target _dwb_msgs_generate_messages_check_deps_GenerateTrajectory[0m
[35m[1mScanning dependencies of target _dwb_msgs_generate_messages_check_deps_ScoreTrajectory[0m
[35m[1mScanning dependencies of target _dwb_msgs_generate_messages_check_deps_Trajectory2D[0m
[35m[1mScanning dependencies of target geometry_msgs_generate_messages_lisp[0m
[35m[1mScanning dependencies of target nav_2d_msgs_generate_messages_lisp[0m
[35m[1mScanning dependencies of target _dwb_msgs_generate_messages_check_deps_LocalPlanEvaluation[0m
[35m[1mScanning dependencies of target _dwb_msgs_generate_messages_check_deps_GenerateTwists[0m
[35m[1mScanning dependencies of target _dwb_msgs_generate_messages_check_deps_GetCriticScore[0m
[35m[1mScanning dependencies of target _dwb_msgs_generate_messages_check_deps_TrajectoryScore[0m
[35m[1mScanning dependencies of target _dwb_msgs_generate_messages_check_deps_CriticScore[0m
[35m[1mScanning dependencies of target _dwb_msgs_generate_messages_check_deps_DebugLocalPlan[0m
[35m[1mScanning dependencies of target nav_msgs_generate_messages_lisp[0m
[  0%] Built target nav_2d_msgs_generate_messages_lisp
[  0%] Built target geometry_msgs_generate_messages_lisp
[  0%] Built target nav_msgs_generate_messages_lisp
[35m[1mScanning dependencies of target nav_2d_msgs_generate_messages_eus[0m
[35m[1mScanning dependencies of target geometry_msgs_generate_messages_eus[0m
[  0%] Built target _dwb_msgs_generate_messages_check_deps_GetCriticScore
[  0%] Built target _dwb_msgs_generate_messages_check_deps_GenerateTrajectory
[  0%] Built target _dwb_msgs_generate_messages_check_deps_ScoreTrajectory
[  0%] Built target geometry_msgs_generate_messages_eus
[35m[1mScanning dependencies of target nav_msgs_generate_messages_eus[0m
[  0%] Built target _dwb_msgs_generate_messages_check_deps_DebugLocalPlan
[  0%] Built target nav_2d_msgs_generate_messages_eus
[  0%] Built target _dwb_msgs_generate_messages_check_deps_Trajectory2D
[  0%] Built target _dwb_msgs_generate_messages_check_deps_LocalPlanEvaluation
[35m[1mScanning dependencies of target nav_msgs_generate_messages_cpp[0m
[  0%] Built target _dwb_msgs_generate_messages_check_deps_GenerateTwists
[35m[1mScanning dependencies of target geometry_msgs_generate_messages_cpp[0m
[  0%] Built target _dwb_msgs_generate_messages_check_deps_TrajectoryScore
[35m[1mScanning dependencies of target nav_msgs_generate_messages_nodejs[0m
[  0%] Built target _dwb_msgs_generate_messages_check_deps_CriticScore
[35m[1mScanning dependencies of target nav_2d_msgs_generate_messages_cpp[0m
[35m[1mScanning dependencies of target nav_2d_msgs_generate_messages_nodejs[0m
[35m[1mScanning dependencies of target geometry_msgs_generate_messages_nodejs[0m
[  0%] Built target nav_msgs_generate_messages_eus
[35m[1mScanning dependencies of target nav_2d_msgs_generate_messages_py[0m
[35m[1mScanning dependencies of target geometry_msgs_generate_messages_py[0m
[35m[1mScanning dependencies of target nav_msgs_generate_messages_py[0m
[  0%] Built target nav_msgs_generate_messages_cpp
[  0%] Built target geometry_msgs_generate_messages_cpp
[  0%] Built target nav_msgs_generate_messages_nodejs
[35m[1mScanning dependencies of target dwb_msgs_generate_messages_lisp[0m
[  0%] Built target nav_2d_msgs_generate_messages_cpp
[  0%] Built target geometry_msgs_generate_messages_nodejs
[  2%] [34m[1mGenerating Lisp code from dwb_msgs/Trajectory2D.msg[0m
[  2%] Built target nav_2d_msgs_generate_messages_nodejs
[  2%] Built target nav_2d_msgs_generate_messages_py
[  2%] Built target nav_msgs_generate_messages_py
[35m[1mScanning dependencies of target dwb_msgs_generate_messages_eus[0m
[  2%] Built target geometry_msgs_generate_messages_py
[  4%] [34m[1mGenerating Lisp code from dwb_msgs/GetCriticScore.srv[0m
[  6%] [34m[1mGenerating Lisp code from dwb_msgs/CriticScore.msg[0m
[  8%] [34m[1mGenerating Lisp code from dwb_msgs/GenerateTwists.srv[0m
[ 12%] [34m[1mGenerating Lisp code from dwb_msgs/TrajectoryScore.msg[0m
[ 12%] [34m[1mGenerating Lisp code from dwb_msgs/LocalPlanEvaluation.msg[0m
[ 14%] [34m[1mGenerating Lisp code from dwb_msgs/DebugLocalPlan.srv[0m
[35m[1mScanning dependencies of target dwb_msgs_generate_messages_cpp[0m
[ 16%] [34m[1mGenerating Lisp code from dwb_msgs/ScoreTrajectory.srv[0m
[35m[1mScanning dependencies of target dwb_msgs_generate_messages_nodejs[0m
[ 18%] [34m[1mGenerating EusLisp code from dwb_msgs/Trajectory2D.msg[0m
[ 20%] [34m[1mGenerating Lisp code from dwb_msgs/GenerateTrajectory.srv[0m
[ 22%] [34m[1mGenerating C++ code from dwb_msgs/Trajectory2D.msg[0m
[ 25%] [34m[1mGenerating Javascript code from dwb_msgs/Trajectory2D.msg[0m
[ 27%] [34m[1mGenerating C++ code from dwb_msgs/TrajectoryScore.msg[0m
[ 29%] [34m[1mGenerating Javascript code from dwb_msgs/TrajectoryScore.msg[0m
[ 31%] [34m[1mGenerating Javascript code from dwb_msgs/CriticScore.msg[0m
[ 33%] [34m[1mGenerating C++ code from dwb_msgs/CriticScore.msg[0m
[ 35%] [34m[1mGenerating Javascript code from dwb_msgs/LocalPlanEvaluation.msg[0m
[ 37%] [34m[1mGenerating Javascript code from dwb_msgs/GetCriticScore.srv[0m
[ 39%] [34m[1mGenerating C++ code from dwb_msgs/LocalPlanEvaluation.msg[0m
[35m[1mScanning dependencies of target dwb_msgs_generate_messages_py[0m
[ 41%] [34m[1mGenerating EusLisp code from dwb_msgs/TrajectoryScore.msg[0m
[ 41%] Built target dwb_msgs_generate_messages_lisp
[ 43%] [34m[1mGenerating Javascript code from dwb_msgs/DebugLocalPlan.srv[0m
[ 45%] [34m[1mGenerating Python from MSG dwb_msgs/Trajectory2D[0m
[ 47%] [34m[1mGenerating Python from MSG dwb_msgs/CriticScore[0m
[ 50%] [34m[1mGenerating C++ code from dwb_msgs/GetCriticScore.srv[0m
[ 52%] [34m[1mGenerating Python from MSG dwb_msgs/TrajectoryScore[0m
[ 54%] [34m[1mGenerating Javascript code from dwb_msgs/GenerateTwists.srv[0m
[ 56%] [34m[1mGenerating Javascript code from dwb_msgs/GenerateTrajectory.srv[0m
[ 58%] [34m[1mGenerating C++ code from dwb_msgs/DebugLocalPlan.srv[0m
[ 60%] [34m[1mGenerating EusLisp code from dwb_msgs/CriticScore.msg[0m
[ 62%] [34m[1mGenerating Javascript code from dwb_msgs/ScoreTrajectory.srv[0m
[ 64%] [34m[1mGenerating C++ code from dwb_msgs/GenerateTwists.srv[0m
[ 66%] [34m[1mGenerating Python code from SRV dwb_msgs/GetCriticScore[0m
[ 68%] [34m[1mGenerating EusLisp code from dwb_msgs/DebugLocalPlan.srv[0m
[ 72%] [34m[1mGenerating EusLisp code from dwb_msgs/LocalPlanEvaluation.msg[0m
[ 70%] [34m[1mGenerating Python from MSG dwb_msgs/LocalPlanEvaluation[0m
[ 75%] [34m[1mGenerating EusLisp code from dwb_msgs/GetCriticScore.srv[0m
[ 77%] [34m[1mGenerating EusLisp code from dwb_msgs/GenerateTwists.srv[0m
[ 77%] Built target dwb_msgs_generate_messages_nodejs
[ 79%] [34m[1mGenerating Python code from SRV dwb_msgs/DebugLocalPlan[0m
[ 81%] [34m[1mGenerating C++ code from dwb_msgs/GenerateTrajectory.srv[0m
[ 83%] [34m[1mGenerating EusLisp code from dwb_msgs/GenerateTrajectory.srv[0m
[ 85%] [34m[1mGenerating EusLisp manifest code for dwb_msgs[0m
[ 87%] [34m[1mGenerating EusLisp code from dwb_msgs/ScoreTrajectory.srv[0m
[ 89%] [34m[1mGenerating C++ code from dwb_msgs/ScoreTrajectory.srv[0m
[ 91%] [34m[1mGenerating Python code from SRV dwb_msgs/GenerateTwists[0m
[ 93%] [34m[1mGenerating Python code from SRV dwb_msgs/GenerateTrajectory[0m
[ 95%] [34m[1mGenerating Python code from SRV dwb_msgs/ScoreTrajectory[0m
[ 97%] [34m[1mGenerating Python msg __init__.py for dwb_msgs[0m
[100%] [34m[1mGenerating Python srv __init__.py for dwb_msgs[0m
[100%] Built target dwb_msgs_generate_messages_cpp
[100%] Built target dwb_msgs_generate_messages_py
[100%] Built target dwb_msgs_generate_messages_eus
[35m[1mScanning dependencies of target dwb_msgs_generate_messages[0m
[100%] Built target dwb_msgs_generate_messages
[35m[1mScanning dependencies of target tests[0m
Built target tests
[  0%] Built target nav_msgs_generate_messages_lisp
[  0%] Built target geometry_msgs_generate_messages_lisp
[  0%] Built target nav_2d_msgs_generate_messages_lisp
[  0%] Built target _dwb_msgs_generate_messages_check_deps_TrajectoryScore
[  0%] Built target _dwb_msgs_generate_messages_check_deps_GetCriticScore
[  0%] Built target geometry_msgs_generate_messages_eus
[  0%] Built target _dwb_msgs_generate_messages_check_deps_GenerateTrajectory
[  0%] Built target nav_2d_msgs_generate_messages_eus
[  0%] Built target _dwb_msgs_generate_messages_check_deps_Trajectory2D
[  0%] Built target _dwb_msgs_generate_messages_check_deps_DebugLocalPlan
[  0%] Built target _dwb_msgs_generate_messages_check_deps_LocalPlanEvaluation
[  0%] Built target _dwb_msgs_generate_messages_check_deps_ScoreTrajectory
[  0%] Built target _dwb_msgs_generate_messages_check_deps_CriticScore
[  0%] Built target _dwb_msgs_generate_messages_check_deps_GenerateTwists
[  0%] Built target nav_msgs_generate_messages_eus
[  0%] Built target geometry_msgs_generate_messages_cpp
[  0%] Built target nav_2d_msgs_generate_messages_cpp
[  0%] Built target nav_2d_msgs_generate_messages_nodejs
[  0%] Built target nav_msgs_generate_messages_cpp
[  0%] Built target geometry_msgs_generate_messages_nodejs
[  0%] Built target geometry_msgs_generate_messages_py
[  0%] Built target nav_msgs_generate_messages_py
[  0%] Built target nav_2d_msgs_generate_messages_py
[  0%] Built target nav_msgs_generate_messages_nodejs
[ 20%] Built target dwb_msgs_generate_messages_eus
[ 39%] Built target dwb_msgs_generate_messages_lisp
[ 58%] Built target dwb_msgs_generate_messages_nodejs
[ 77%] Built target dwb_msgs_generate_messages_cpp
[100%] Built target dwb_msgs_generate_messages_py
[100%] Built target dwb_msgs_generate_messages
[36mInstall the project...[0m
-- Install configuration: ""
-- Installing: /home/handsome/ros_ws_test/install/dwb_msgs/share/dwb_msgs/msg/CriticScore.msg
-- Installing: /home/handsome/ros_ws_test/install/dwb_msgs/share/dwb_msgs/msg/LocalPlanEvaluation.msg
-- Installing: /home/handsome/ros_ws_test/install/dwb_msgs/share/dwb_msgs/msg/Trajectory2D.msg
-- Installing: /home/handsome/ros_ws_test/install/dwb_msgs/share/dwb_msgs/msg/TrajectoryScore.msg
-- Installing: /home/handsome/ros_ws_test/install/dwb_msgs/share/dwb_msgs/srv/DebugLocalPlan.srv
-- Installing: /home/handsome/ros_ws_test/install/dwb_msgs/share/dwb_msgs/srv/GenerateTrajectory.srv
-- Installing: /home/handsome/ros_ws_test/install/dwb_msgs/share/dwb_msgs/srv/GenerateTwists.srv
-- Installing: /home/handsome/ros_ws_test/install/dwb_msgs/share/dwb_msgs/srv/GetCriticScore.srv
-- Installing: /home/handsome/ros_ws_test/install/dwb_msgs/share/dwb_msgs/srv/ScoreTrajectory.srv
-- Installing: /home/handsome/ros_ws_test/install/dwb_msgs/share/dwb_msgs/cmake/dwb_msgs-msg-paths.cmake
-- Installing: /home/handsome/ros_ws_test/install/dwb_msgs/include/dwb_msgs
-- Installing: /home/handsome/ros_ws_test/install/dwb_msgs/include/dwb_msgs/DebugLocalPlan.h
-- Installing: /home/handsome/ros_ws_test/install/dwb_msgs/include/dwb_msgs/TrajectoryScore.h
-- Installing: /home/handsome/ros_ws_test/install/dwb_msgs/include/dwb_msgs/GenerateTwistsRequest.h
-- Installing: /home/handsome/ros_ws_test/install/dwb_msgs/include/dwb_msgs/GenerateTrajectory.h
-- Installing: /home/handsome/ros_ws_test/install/dwb_msgs/include/dwb_msgs/GenerateTrajectoryResponse.h
-- Installing: /home/handsome/ros_ws_test/install/dwb_msgs/include/dwb_msgs/LocalPlanEvaluation.h
-- Installing: /home/handsome/ros_ws_test/install/dwb_msgs/include/dwb_msgs/ScoreTrajectoryResponse.h
-- Installing: /home/handsome/ros_ws_test/install/dwb_msgs/include/dwb_msgs/DebugLocalPlanRequest.h
-- Installing: /home/handsome/ros_ws_test/install/dwb_msgs/include/dwb_msgs/GenerateTwistsResponse.h
-- Installing: /home/handsome/ros_ws_test/install/dwb_msgs/include/dwb_msgs/ScoreTrajectory.h
-- Installing: /home/handsome/ros_ws_test/install/dwb_msgs/include/dwb_msgs/GetCriticScore.h
-- Installing: /home/handsome/ros_ws_test/install/dwb_msgs/include/dwb_msgs/DebugLocalPlanResponse.h
-- Installing: /home/handsome/ros_ws_test/install/dwb_msgs/include/dwb_msgs/GetCriticScoreResponse.h
-- Installing: /home/handsome/ros_ws_test/install/dwb_msgs/include/dwb_msgs/GetCriticScoreRequest.h
-- Installing: /home/handsome/ros_ws_test/install/dwb_msgs/include/dwb_msgs/GenerateTwists.h
-- Installing: /home/handsome/ros_ws_test/install/dwb_msgs/include/dwb_msgs/GenerateTrajectoryRequest.h
-- Installing: /home/handsome/ros_ws_test/install/dwb_msgs/include/dwb_msgs/Trajectory2D.h
-- Installing: /home/handsome/ros_ws_test/install/dwb_msgs/include/dwb_msgs/ScoreTrajectoryRequest.h
-- Installing: /home/handsome/ros_ws_test/install/dwb_msgs/include/dwb_msgs/CriticScore.h
-- Installing: /home/handsome/ros_ws_test/install/dwb_msgs/share/roseus/ros/dwb_msgs
-- Installing: /home/handsome/ros_ws_test/install/dwb_msgs/share/roseus/ros/dwb_msgs/msg
-- Installing: /home/handsome/ros_ws_test/install/dwb_msgs/share/roseus/ros/dwb_msgs/msg/TrajectoryScore.l
-- Installing: /home/handsome/ros_ws_test/install/dwb_msgs/share/roseus/ros/dwb_msgs/msg/CriticScore.l
-- Installing: /home/handsome/ros_ws_test/install/dwb_msgs/share/roseus/ros/dwb_msgs/msg/Trajectory2D.l
-- Installing: /home/handsome/ros_ws_test/install/dwb_msgs/share/roseus/ros/dwb_msgs/msg/LocalPlanEvaluation.l
-- Installing: /home/handsome/ros_ws_test/install/dwb_msgs/share/roseus/ros/dwb_msgs/manifest.l
-- Installing: /home/handsome/ros_ws_test/install/dwb_msgs/share/roseus/ros/dwb_msgs/srv
-- Installing: /home/handsome/ros_ws_test/install/dwb_msgs/share/roseus/ros/dwb_msgs/srv/ScoreTrajectory.l
-- Installing: /home/handsome/ros_ws_test/install/dwb_msgs/share/roseus/ros/dwb_msgs/srv/GenerateTwists.l
-- Installing: /home/handsome/ros_ws_test/install/dwb_msgs/share/roseus/ros/dwb_msgs/srv/GenerateTrajectory.l
-- Installing: /home/handsome/ros_ws_test/install/dwb_msgs/share/roseus/ros/dwb_msgs/srv/GetCriticScore.l
-- Installing: /home/handsome/ros_ws_test/install/dwb_msgs/share/roseus/ros/dwb_msgs/srv/DebugLocalPlan.l
-- Installing: /home/handsome/ros_ws_test/install/dwb_msgs/share/common-lisp/ros/dwb_msgs
-- Installing: /home/handsome/ros_ws_test/install/dwb_msgs/share/common-lisp/ros/dwb_msgs/msg
-- Installing: /home/handsome/ros_ws_test/install/dwb_msgs/share/common-lisp/ros/dwb_msgs/msg/LocalPlanEvaluation.lisp
-- Installing: /home/handsome/ros_ws_test/install/dwb_msgs/share/common-lisp/ros/dwb_msgs/msg/Trajectory2D.lisp
-- Installing: /home/handsome/ros_ws_test/install/dwb_msgs/share/common-lisp/ros/dwb_msgs/msg/_package_CriticScore.lisp
-- Installing: /home/handsome/ros_ws_test/install/dwb_msgs/share/common-lisp/ros/dwb_msgs/msg/dwb_msgs-msg.asd
-- Installing: /home/handsome/ros_ws_test/install/dwb_msgs/share/common-lisp/ros/dwb_msgs/msg/_package.lisp
-- Installing: /home/handsome/ros_ws_test/install/dwb_msgs/share/common-lisp/ros/dwb_msgs/msg/_package_TrajectoryScore.lisp
-- Installing: /home/handsome/ros_ws_test/install/dwb_msgs/share/common-lisp/ros/dwb_msgs/msg/_package_Trajectory2D.lisp
-- Installing: /home/handsome/ros_ws_test/install/dwb_msgs/share/common-lisp/ros/dwb_msgs/msg/CriticScore.lisp
-- Installing: /home/handsome/ros_ws_test/install/dwb_msgs/share/common-lisp/ros/dwb_msgs/msg/_package_LocalPlanEvaluation.lisp
-- Installing: /home/handsome/ros_ws_test/install/dwb_msgs/share/common-lisp/ros/dwb_msgs/msg/TrajectoryScore.lisp
-- Installing: /home/handsome/ros_ws_test/install/dwb_msgs/share/common-lisp/ros/dwb_msgs/srv
-- Installing: /home/handsome/ros_ws_test/install/dwb_msgs/share/common-lisp/ros/dwb_msgs/srv/GenerateTrajectory.lisp
-- Installing: /home/handsome/ros_ws_test/install/dwb_msgs/share/common-lisp/ros/dwb_msgs/srv/_package_ScoreTrajectory.lisp
-- Installing: /home/handsome/ros_ws_test/install/dwb_msgs/share/common-lisp/ros/dwb_msgs/srv/_package_DebugLocalPlan.lisp
-- Installing: /home/handsome/ros_ws_test/install/dwb_msgs/share/common-lisp/ros/dwb_msgs/srv/_package_GetCriticScore.lisp
-- Installing: /home/handsome/ros_ws_test/install/dwb_msgs/share/common-lisp/ros/dwb_msgs/srv/_package_GenerateTrajectory.lisp
-- Installing: /home/handsome/ros_ws_test/install/dwb_msgs/share/common-lisp/ros/dwb_msgs/srv/_package_GenerateTwists.lisp
-- Installing: /home/handsome/ros_ws_test/install/dwb_msgs/share/common-lisp/ros/dwb_msgs/srv/GetCriticScore.lisp
-- Installing: /home/handsome/ros_ws_test/install/dwb_msgs/share/common-lisp/ros/dwb_msgs/srv/_package.lisp
-- Installing: /home/handsome/ros_ws_test/install/dwb_msgs/share/common-lisp/ros/dwb_msgs/srv/dwb_msgs-srv.asd
-- Installing: /home/handsome/ros_ws_test/install/dwb_msgs/share/common-lisp/ros/dwb_msgs/srv/GenerateTwists.lisp
-- Installing: /home/handsome/ros_ws_test/install/dwb_msgs/share/common-lisp/ros/dwb_msgs/srv/DebugLocalPlan.lisp
-- Installing: /home/handsome/ros_ws_test/install/dwb_msgs/share/common-lisp/ros/dwb_msgs/srv/ScoreTrajectory.lisp
-- Installing: /home/handsome/ros_ws_test/install/dwb_msgs/share/gennodejs/ros/dwb_msgs
-- Installing: /home/handsome/ros_ws_test/install/dwb_msgs/share/gennodejs/ros/dwb_msgs/msg
-- Installing: /home/handsome/ros_ws_test/install/dwb_msgs/share/gennodejs/ros/dwb_msgs/msg/CriticScore.js
-- Installing: /home/handsome/ros_ws_test/install/dwb_msgs/share/gennodejs/ros/dwb_msgs/msg/_index.js
-- Installing: /home/handsome/ros_ws_test/install/dwb_msgs/share/gennodejs/ros/dwb_msgs/msg/LocalPlanEvaluation.js
-- Installing: /home/handsome/ros_ws_test/install/dwb_msgs/share/gennodejs/ros/dwb_msgs/msg/Trajectory2D.js
-- Installing: /home/handsome/ros_ws_test/install/dwb_msgs/share/gennodejs/ros/dwb_msgs/msg/TrajectoryScore.js
-- Installing: /home/handsome/ros_ws_test/install/dwb_msgs/share/gennodejs/ros/dwb_msgs/_index.js
-- Installing: /home/handsome/ros_ws_test/install/dwb_msgs/share/gennodejs/ros/dwb_msgs/srv
-- Installing: /home/handsome/ros_ws_test/install/dwb_msgs/share/gennodejs/ros/dwb_msgs/srv/DebugLocalPlan.js
-- Installing: /home/handsome/ros_ws_test/install/dwb_msgs/share/gennodejs/ros/dwb_msgs/srv/_index.js
-- Installing: /home/handsome/ros_ws_test/install/dwb_msgs/share/gennodejs/ros/dwb_msgs/srv/ScoreTrajectory.js
-- Installing: /home/handsome/ros_ws_test/install/dwb_msgs/share/gennodejs/ros/dwb_msgs/srv/GenerateTrajectory.js
-- Installing: /home/handsome/ros_ws_test/install/dwb_msgs/share/gennodejs/ros/dwb_msgs/srv/GenerateTwists.js
-- Installing: /home/handsome/ros_ws_test/install/dwb_msgs/share/gennodejs/ros/dwb_msgs/srv/GetCriticScore.js
Listing /home/handsome/ros_ws_test/build/dwb_msgs/devel/lib/python2.7/dist-packages/dwb_msgs ...
Compiling /home/handsome/ros_ws_test/build/dwb_msgs/devel/lib/python2.7/dist-packages/dwb_msgs/__init__.py ...
Listing /home/handsome/ros_ws_test/build/dwb_msgs/devel/lib/python2.7/dist-packages/dwb_msgs/msg ...
Compiling /home/handsome/ros_ws_test/build/dwb_msgs/devel/lib/python2.7/dist-packages/dwb_msgs/msg/_CriticScore.py ...
Compiling /home/handsome/ros_ws_test/build/dwb_msgs/devel/lib/python2.7/dist-packages/dwb_msgs/msg/_LocalPlanEvaluation.py ...
Compiling /home/handsome/ros_ws_test/build/dwb_msgs/devel/lib/python2.7/dist-packages/dwb_msgs/msg/_Trajectory2D.py ...
Compiling /home/handsome/ros_ws_test/build/dwb_msgs/devel/lib/python2.7/dist-packages/dwb_msgs/msg/_TrajectoryScore.py ...
Compiling /home/handsome/ros_ws_test/build/dwb_msgs/devel/lib/python2.7/dist-packages/dwb_msgs/msg/__init__.py ...
Listing /home/handsome/ros_ws_test/build/dwb_msgs/devel/lib/python2.7/dist-packages/dwb_msgs/srv ...
Compiling /home/handsome/ros_ws_test/build/dwb_msgs/devel/lib/python2.7/dist-packages/dwb_msgs/srv/_DebugLocalPlan.py ...
Compiling /home/handsome/ros_ws_test/build/dwb_msgs/devel/lib/python2.7/dist-packages/dwb_msgs/srv/_GenerateTrajectory.py ...
Compiling /home/handsome/ros_ws_test/build/dwb_msgs/devel/lib/python2.7/dist-packages/dwb_msgs/srv/_GenerateTwists.py ...
Compiling /home/handsome/ros_ws_test/build/dwb_msgs/devel/lib/python2.7/dist-packages/dwb_msgs/srv/_GetCriticScore.py ...
Compiling /home/handsome/ros_ws_test/build/dwb_msgs/devel/lib/python2.7/dist-packages/dwb_msgs/srv/_ScoreTrajectory.py ...
Compiling /home/handsome/ros_ws_test/build/dwb_msgs/devel/lib/python2.7/dist-packages/dwb_msgs/srv/__init__.py ...
-- Installing: /home/handsome/ros_ws_test/install/dwb_msgs/lib/python2.7/dist-packages/dwb_msgs
-- Installing: /home/handsome/ros_ws_test/install/dwb_msgs/lib/python2.7/dist-packages/dwb_msgs/msg
-- Installing: /home/handsome/ros_ws_test/install/dwb_msgs/lib/python2.7/dist-packages/dwb_msgs/msg/_TrajectoryScore.pyc
-- Installing: /home/handsome/ros_ws_test/install/dwb_msgs/lib/python2.7/dist-packages/dwb_msgs/msg/_CriticScore.pyc
-- Installing: /home/handsome/ros_ws_test/install/dwb_msgs/lib/python2.7/dist-packages/dwb_msgs/msg/_LocalPlanEvaluation.pyc
-- Installing: /home/handsome/ros_ws_test/install/dwb_msgs/lib/python2.7/dist-packages/dwb_msgs/msg/_CriticScore.py
-- Installing: /home/handsome/ros_ws_test/install/dwb_msgs/lib/python2.7/dist-packages/dwb_msgs/msg/__init__.py
-- Installing: /home/handsome/ros_ws_test/install/dwb_msgs/lib/python2.7/dist-packages/dwb_msgs/msg/_Trajectory2D.pyc
-- Installing: /home/handsome/ros_ws_test/install/dwb_msgs/lib/python2.7/dist-packages/dwb_msgs/msg/_Trajectory2D.py
-- Installing: /home/handsome/ros_ws_test/install/dwb_msgs/lib/python2.7/dist-packages/dwb_msgs/msg/__init__.pyc
-- Installing: /home/handsome/ros_ws_test/install/dwb_msgs/lib/python2.7/dist-packages/dwb_msgs/msg/_TrajectoryScore.py
-- Installing: /home/handsome/ros_ws_test/install/dwb_msgs/lib/python2.7/dist-packages/dwb_msgs/msg/_LocalPlanEvaluation.py
-- Installing: /home/handsome/ros_ws_test/install/dwb_msgs/lib/python2.7/dist-packages/dwb_msgs/__init__.py
-- Installing: /home/handsome/ros_ws_test/install/dwb_msgs/lib/python2.7/dist-packages/dwb_msgs/srv
-- Installing: /home/handsome/ros_ws_test/install/dwb_msgs/lib/python2.7/dist-packages/dwb_msgs/srv/_GenerateTwists.py
-- Installing: /home/handsome/ros_ws_test/install/dwb_msgs/lib/python2.7/dist-packages/dwb_msgs/srv/__init__.py
-- Installing: /home/handsome/ros_ws_test/install/dwb_msgs/lib/python2.7/dist-packages/dwb_msgs/srv/_GetCriticScore.py
-- Installing: /home/handsome/ros_ws_test/install/dwb_msgs/lib/python2.7/dist-packages/dwb_msgs/srv/_DebugLocalPlan.pyc
-- Installing: /home/handsome/ros_ws_test/install/dwb_msgs/lib/python2.7/dist-packages/dwb_msgs/srv/_GetCriticScore.pyc
-- Installing: /home/handsome/ros_ws_test/install/dwb_msgs/lib/python2.7/dist-packages/dwb_msgs/srv/_GenerateTwists.pyc
-- Installing: /home/handsome/ros_ws_test/install/dwb_msgs/lib/python2.7/dist-packages/dwb_msgs/srv/_GenerateTrajectory.pyc
-- Installing: /home/handsome/ros_ws_test/install/dwb_msgs/lib/python2.7/dist-packages/dwb_msgs/srv/_DebugLocalPlan.py
-- Installing: /home/handsome/ros_ws_test/install/dwb_msgs/lib/python2.7/dist-packages/dwb_msgs/srv/__init__.pyc
-- Installing: /home/handsome/ros_ws_test/install/dwb_msgs/lib/python2.7/dist-packages/dwb_msgs/srv/_GenerateTrajectory.py
-- Installing: /home/handsome/ros_ws_test/install/dwb_msgs/lib/python2.7/dist-packages/dwb_msgs/srv/_ScoreTrajectory.pyc
-- Installing: /home/handsome/ros_ws_test/install/dwb_msgs/lib/python2.7/dist-packages/dwb_msgs/srv/_ScoreTrajectory.py
-- Installing: /home/handsome/ros_ws_test/install/dwb_msgs/lib/python2.7/dist-packages/dwb_msgs/__init__.pyc
-- Installing: /home/handsome/ros_ws_test/install/dwb_msgs/lib/pkgconfig/dwb_msgs.pc
-- Installing: /home/handsome/ros_ws_test/install/dwb_msgs/share/dwb_msgs/cmake/dwb_msgs-msg-extras.cmake
-- Installing: /home/handsome/ros_ws_test/install/dwb_msgs/share/dwb_msgs/cmake/dwb_msgsConfig.cmake
-- Installing: /home/handsome/ros_ws_test/install/dwb_msgs/share/dwb_msgs/cmake/dwb_msgsConfig-version.cmake
-- Installing: /home/handsome/ros_ws_test/install/dwb_msgs/share/dwb_msgs/package.xml
