[  0%] Built target std_msgs_generate_messages_py
[  0%] Built target _robot_scheduling_msgs_generate_messages_check_deps_function_runActionFeedback
[  0%] Built target _robot_scheduling_msgs_generate_messages_check_deps_undock_to_recoveryResult
[  0%] Built target _robot_scheduling_msgs_generate_messages_check_deps_pose_recognize_recoveryAction
[  0%] Built target _robot_scheduling_msgs_generate_messages_check_deps_time_waitAction
[  0%] Built target _robot_scheduling_msgs_generate_messages_check_deps_robot_run_stateFeedback
[  0%] Built target _robot_scheduling_msgs_generate_messages_check_deps_worksheetrunGoal
[  0%] Built target _robot_scheduling_msgs_generate_messages_check_deps_interrupt_infoAction
[  0%] Built target _robot_scheduling_msgs_generate_messages_check_deps_robot_run_stateActionGoal
[  0%] Built target _robot_scheduling_msgs_generate_messages_check_deps_function_run_recoveryGoal
[  0%] Built target _robot_scheduling_msgs_generate_messages_check_deps_pose_move_to_recoveryActionFeedback
[  0%] Built target _robot_scheduling_msgs_generate_messages_check_deps_db_process_recoveryActionResult
[  0%] Built target _robot_scheduling_msgs_generate_messages_check_deps_function_runActionResult
[  0%] Built target _robot_scheduling_msgs_generate_messages_check_deps_function_run_recoveryAction
[  0%] Built target _robot_scheduling_msgs_generate_messages_check_deps_undock_toFeedback
[  0%] Built target _robot_scheduling_msgs_generate_messages_check_deps_self_turn_toActionGoal
[  0%] Built target _robot_scheduling_msgs_generate_messages_check_deps_interrupt_infoActionFeedback
[  0%] Built target _robot_scheduling_msgs_generate_messages_check_deps_self_turn_toResult
[  0%] Built target _robot_scheduling_msgs_generate_messages_check_deps_dock_to_recoveryActionGoal
[  0%] Built target _robot_scheduling_msgs_generate_messages_check_deps_power_chargeAction
[  0%] Built target _robot_scheduling_msgs_generate_messages_check_deps_dock_toAction
[  0%] Built target locomotor_msgs_generate_messages_py
[  0%] Built target _robot_scheduling_msgs_generate_messages_check_deps_function_run_recoveryResult
[  0%] Built target _robot_scheduling_msgs_generate_messages_check_deps_pose_recognize_recoveryActionGoal
[  0%] Built target _robot_scheduling_msgs_generate_messages_check_deps_pose_recognize_recoveryGoal
[  0%] Built target _robot_scheduling_msgs_generate_messages_check_deps_controller_state_recoveryAction
[  0%] Built target _robot_scheduling_msgs_generate_messages_check_deps_worksheetrunActionResult
[  0%] Built target _robot_scheduling_msgs_generate_messages_check_deps_power_chargeFeedback
[  0%] Built target _robot_scheduling_msgs_generate_messages_check_deps_robot_run_stateActionResult
[  0%] Built target _robot_scheduling_msgs_generate_messages_check_deps_self_turn_to_recoveryActionGoal
[  0%] Built target _robot_scheduling_msgs_generate_messages_check_deps_worksheetrunAction
[  0%] Built target _robot_scheduling_msgs_generate_messages_check_deps_robot_run_stateAction
[  0%] Built target _robot_scheduling_msgs_generate_messages_check_deps_pose_recognize_recoveryFeedback
[  0%] Built target _robot_scheduling_msgs_generate_messages_check_deps_pose_move_toActionFeedback
[  0%] Built target _robot_scheduling_msgs_generate_messages_check_deps_pose_recognizeGoal
[  0%] Built target _robot_scheduling_msgs_generate_messages_check_deps_robot_run_stateActionFeedback
[  0%] Built target _robot_scheduling_msgs_generate_messages_check_deps_time_waitActionResult
[  0%] Built target _robot_scheduling_msgs_generate_messages_check_deps_action_command_cmd
[  0%] Built target _robot_scheduling_msgs_generate_messages_check_deps_pose_recognize_recoveryResult
[  0%] Built target _robot_scheduling_msgs_generate_messages_check_deps_time_waitActionFeedback
[  0%] Built target _robot_scheduling_msgs_generate_messages_check_deps_power_chargeActionFeedback
[  0%] Built target _robot_scheduling_msgs_generate_messages_check_deps_robot_commandActionFeedback
[  0%] Built target _robot_scheduling_msgs_generate_messages_check_deps_db_process_recoveryActionFeedback
[  0%] Built target _robot_scheduling_msgs_generate_messages_check_deps_function_run_recoveryActionResult
[  0%] Built target _robot_scheduling_msgs_generate_messages_check_deps_dock_toResult
[  0%] Built target _robot_scheduling_msgs_generate_messages_check_deps_robot_commandGoal
[  0%] Built target _robot_scheduling_msgs_generate_messages_check_deps_dock_to_recoveryFeedback
[  0%] Built target _robot_scheduling_msgs_generate_messages_check_deps_pose_move_toGoal
[  0%] Built target _robot_scheduling_msgs_generate_messages_check_deps_self_turn_to_recoveryActionFeedback
[  0%] Built target _robot_scheduling_msgs_generate_messages_check_deps_interrupt_infoActionGoal
[  0%] Built target _robot_scheduling_msgs_generate_messages_check_deps_robot_run_stateResult
[  0%] Built target _robot_scheduling_msgs_generate_messages_check_deps_pose_recognizeActionGoal
[  0%] Built target _robot_scheduling_msgs_generate_messages_check_deps_undock_toActionFeedback
[  0%] Built target _robot_scheduling_msgs_generate_messages_check_deps_pose_recognizeFeedback
[  0%] Built target _robot_scheduling_msgs_generate_messages_check_deps_db_processResult
[  0%] Built target _robot_scheduling_msgs_generate_messages_check_deps_db_processGoal
[  0%] Built target _robot_scheduling_msgs_generate_messages_check_deps_dock_to_recoveryGoal
[  0%] Built target _robot_scheduling_msgs_generate_messages_check_deps_db_processAction
[  0%] Built target _robot_scheduling_msgs_generate_messages_check_deps_time_waitFeedback
[  0%] Built target _robot_scheduling_msgs_generate_messages_check_deps_self_turn_toAction
[  0%] Built target _robot_scheduling_msgs_generate_messages_check_deps_controller_state_recoveryActionResult
[  0%] Built target _robot_scheduling_msgs_generate_messages_check_deps_dock_to_recoveryAction
[  0%] Built target _robot_scheduling_msgs_generate_messages_check_deps_self_turn_to_recoveryAction
[  0%] Built target _robot_scheduling_msgs_generate_messages_check_deps_undock_to_recoveryActionFeedback
[  0%] Built target _robot_scheduling_msgs_generate_messages_check_deps_self_turn_toFeedback
[  0%] Built target _robot_scheduling_msgs_generate_messages_check_deps_db_processActionFeedback
[  0%] Built target _robot_scheduling_msgs_generate_messages_check_deps_pose_move_toResult
[  0%] Built target _robot_scheduling_msgs_generate_messages_check_deps_dock_toActionFeedback
[  0%] Built target _robot_scheduling_msgs_generate_messages_check_deps_controller_state_recoveryFeedback
[  0%] Built target _robot_scheduling_msgs_generate_messages_check_deps_function_run_recoveryActionFeedback
[  0%] Built target _robot_scheduling_msgs_generate_messages_check_deps_self_turn_to_recoveryActionResult
[  0%] Built target _robot_scheduling_msgs_generate_messages_check_deps_robot_commandActionGoal
[  0%] Built target _robot_scheduling_msgs_generate_messages_check_deps_self_turn_to_recoveryFeedback
[  0%] Built target _robot_scheduling_msgs_generate_messages_check_deps_power_charge_recoveryResult
[  0%] Built target _robot_scheduling_msgs_generate_messages_check_deps_self_turn_to_recoveryGoal
[  0%] Built target _robot_scheduling_msgs_generate_messages_check_deps_robot_interface_paramsGoal
[  0%] Built target _robot_scheduling_msgs_generate_messages_check_deps_self_turn_toActionResult
[  0%] Built target _robot_scheduling_msgs_generate_messages_check_deps_dock_toActionResult
[  0%] Built target _robot_scheduling_msgs_generate_messages_check_deps_interrupt_infoGoal
[  0%] Built target _robot_scheduling_msgs_generate_messages_check_deps_undock_toAction
[  0%] Built target _robot_scheduling_msgs_generate_messages_check_deps_robot_commandAction
[  0%] Built target _robot_scheduling_msgs_generate_messages_check_deps_function_run_recoveryFeedback
[  0%] Built target _robot_scheduling_msgs_generate_messages_check_deps_pose_move_toActionResult
[  0%] Built target _robot_scheduling_msgs_generate_messages_check_deps_power_chargeActionResult
[  0%] Built target _robot_scheduling_msgs_generate_messages_check_deps_pose_move_toActionGoal
[  0%] Built target _robot_scheduling_msgs_generate_messages_check_deps_worksheetrunResult
[  0%] Built target _robot_scheduling_msgs_generate_messages_check_deps_dock_to_recoveryActionFeedback
[  0%] Built target _robot_scheduling_msgs_generate_messages_check_deps_db_processActionGoal
[  0%] Built target _robot_scheduling_msgs_generate_messages_check_deps_undock_to_recoveryGoal
[  0%] Built target _robot_scheduling_msgs_generate_messages_check_deps_db_process_recoveryFeedback
[  0%] Built target _robot_scheduling_msgs_generate_messages_check_deps_undock_to_recoveryActionResult
[  0%] Built target _robot_scheduling_msgs_generate_messages_check_deps_time_waitResult
[  0%] Built target _robot_scheduling_msgs_generate_messages_check_deps_robot_commandResult
[  0%] Built target _robot_scheduling_msgs_generate_messages_check_deps_robot_interface_paramsAction
[  0%] Built target actionlib_msgs_generate_messages_py
[  0%] Built target _robot_scheduling_msgs_generate_messages_check_deps_db_process_recoveryGoal
[  0%] Built target _robot_scheduling_msgs_generate_messages_check_deps_robot_interface_paramsActionGoal
[  0%] Built target _robot_scheduling_msgs_generate_messages_check_deps_robot_interface_paramsFeedback
[  0%] Built target _robot_scheduling_msgs_generate_messages_check_deps_power_chargeResult
[  0%] Built target _robot_scheduling_msgs_generate_messages_check_deps_undock_toResult
[  0%] Built target _robot_scheduling_msgs_generate_messages_check_deps_worksheetrunFeedback
[  0%] Built target geometry_msgs_generate_messages_py
[  0%] Built target _robot_scheduling_msgs_generate_messages_check_deps_power_charge_recoveryActionGoal
[  0%] Built target _robot_scheduling_msgs_generate_messages_check_deps_pose_move_to_recoveryActionGoal
[  0%] Built target std_srvs_generate_messages_py
[  0%] Built target _robot_scheduling_msgs_generate_messages_check_deps_interrupt_infoResult
[  0%] Built target _robot_scheduling_msgs_generate_messages_check_deps_robot_run_stateGoal
[  0%] Built target _robot_scheduling_msgs_generate_messages_check_deps_pose_recognizeAction
[  0%] Built target _robot_scheduling_msgs_generate_messages_check_deps_undock_to_recoveryFeedback
[  0%] Built target _robot_scheduling_msgs_generate_messages_check_deps_power_charge_recoveryActionResult
[  0%] Built target _robot_scheduling_msgs_generate_messages_check_deps_robot_commandFeedback
[  0%] Built target _robot_scheduling_msgs_generate_messages_check_deps_function_runGoal
[  0%] Built target _robot_scheduling_msgs_generate_messages_check_deps_pose_recognizeActionResult
[  0%] Built target _robot_scheduling_msgs_generate_messages_check_deps_power_charge_recoveryGoal
[  0%] Built target _robot_scheduling_msgs_generate_messages_check_deps_function_run_recoveryActionGoal
[  0%] Built target _robot_scheduling_msgs_generate_messages_check_deps_self_turn_toGoal
[  0%] Built target _robot_scheduling_msgs_generate_messages_check_deps_power_chargeActionGoal
[  0%] Built target _robot_scheduling_msgs_generate_messages_check_deps_pose_move_to_recoveryAction
[  0%] Built target _robot_scheduling_msgs_generate_messages_check_deps_pose_recognize_recoveryActionFeedback
[  0%] Built target _robot_scheduling_msgs_generate_messages_check_deps_db_processFeedback
[  0%] Built target _robot_scheduling_msgs_generate_messages_check_deps_controller_state_recoveryResult
[  0%] Built target _robot_scheduling_msgs_generate_messages_check_deps_interrupt_infoActionResult
[  0%] Built target _robot_scheduling_msgs_generate_messages_check_deps_undock_to_recoveryAction
[  0%] Built target _robot_scheduling_msgs_generate_messages_check_deps_robot_interface_paramsActionResult
[  0%] Built target _robot_scheduling_msgs_generate_messages_check_deps_db_process_recoveryActionGoal
[  0%] Built target _robot_scheduling_msgs_generate_messages_check_deps_pose_move_to_recoveryFeedback
[  0%] Built target _robot_scheduling_msgs_generate_messages_check_deps_pose_recognize_recoveryActionResult
[  0%] Built target _robot_scheduling_msgs_generate_messages_check_deps_self_turn_toActionFeedback
[  0%] Built target _robot_scheduling_msgs_generate_messages_check_deps_pose_move_to_recoveryGoal
[  0%] Built target _robot_scheduling_msgs_generate_messages_check_deps_dock_to_recoveryActionResult
[  0%] Built target _robot_scheduling_msgs_generate_messages_check_deps_pose_recognizeResult
[  0%] Built target _robot_scheduling_msgs_generate_messages_check_deps_power_charge_recoveryAction
[  0%] Built target _robot_scheduling_msgs_generate_messages_check_deps_time_waitGoal
[  0%] Built target _robot_scheduling_msgs_generate_messages_check_deps_power_charge_recoveryFeedback
[  0%] Built target _robot_scheduling_msgs_generate_messages_check_deps_robot_interface_paramsActionFeedback
[  0%] Built target _robot_scheduling_msgs_generate_messages_check_deps_controller_state_recoveryActionFeedback
[  0%] Built target _robot_scheduling_msgs_generate_messages_check_deps_pose_move_toAction
[  0%] Built target _robot_scheduling_msgs_generate_messages_check_deps_dock_to_recoveryResult
[  0%] Built target _robot_scheduling_msgs_generate_messages_check_deps_robot_commandActionResult
[  0%] Built target _robot_scheduling_msgs_generate_messages_check_deps_controller_state_recoveryGoal
[  0%] Built target _robot_scheduling_msgs_generate_messages_check_deps_worksheetrunActionFeedback
[  0%] Built target _robot_scheduling_msgs_generate_messages_check_deps_function_runAction
[  0%] Built target _robot_scheduling_msgs_generate_messages_check_deps_db_process_recoveryResult
[  0%] Built target _robot_scheduling_msgs_generate_messages_check_deps_function_runFeedback
[  0%] Built target _robot_scheduling_msgs_generate_messages_check_deps_dock_toFeedback
[  0%] Built target _robot_scheduling_msgs_generate_messages_check_deps_function_runActionGoal
[  0%] Built target _robot_scheduling_msgs_generate_messages_check_deps_undock_toActionResult
[  0%] Built target _robot_scheduling_msgs_generate_messages_check_deps_time_waitActionGoal
[  0%] Built target _robot_scheduling_msgs_generate_messages_check_deps_pose_move_toFeedback
[  0%] Built target _robot_scheduling_msgs_generate_messages_check_deps_controller_state_recoveryActionGoal
[  0%] Built target _robot_scheduling_msgs_generate_messages_check_deps_pose_recognizeActionFeedback
[  0%] Built target _robot_scheduling_msgs_generate_messages_check_deps_pose_move_to_recoveryActionResult
[  0%] Built target _robot_scheduling_msgs_generate_messages_check_deps_pose_move_to_recoveryResult
[  0%] Built target _robot_scheduling_msgs_generate_messages_check_deps_undock_toGoal
[  0%] Built target _robot_scheduling_msgs_generate_messages_check_deps_power_charge_recoveryActionFeedback
[  0%] Built target _robot_scheduling_msgs_generate_messages_check_deps_db_process_recoveryAction
[  0%] Built target _robot_scheduling_msgs_generate_messages_check_deps_interrupt_infoFeedback
[  0%] Built target geometry_msgs_generate_messages_nodejs
[  0%] Built target locomotor_msgs_generate_messages_nodejs
[  0%] Built target std_msgs_generate_messages_nodejs
[  0%] Built target std_srvs_generate_messages_nodejs
[  0%] Built target actionlib_msgs_generate_messages_nodejs
[  0%] Built target locomotor_msgs_generate_messages_lisp
[  0%] Built target std_srvs_generate_messages_lisp
[  0%] Built target std_msgs_generate_messages_lisp
[  0%] Built target actionlib_msgs_generate_messages_lisp
[  0%] Built target geometry_msgs_generate_messages_lisp
[  0%] Built target std_srvs_generate_messages_cpp
[  0%] Built target geometry_msgs_generate_messages_cpp
[  0%] Built target actionlib_msgs_generate_messages_cpp
[  0%] Built target std_msgs_generate_messages_cpp
[  0%] Built target locomotor_msgs_generate_messages_cpp
[  0%] Built target locomotor_msgs_generate_messages_eus
[  0%] Built target actionlib_msgs_generate_messages_eus
[  0%] Built target geometry_msgs_generate_messages_eus
[  0%] Built target std_srvs_generate_messages_eus
[  0%] Built target std_msgs_generate_messages_eus
[  0%] Built target _robot_scheduling_msgs_generate_messages_check_deps_robot_interface_paramsResult
[  0%] Built target _robot_scheduling_msgs_generate_messages_check_deps_function_runResult
[  0%] Built target _robot_scheduling_msgs_generate_messages_check_deps_db_processActionResult
[  0%] Built target _robot_scheduling_msgs_generate_messages_check_deps_power_chargeGoal
[  0%] Built target _robot_scheduling_msgs_generate_messages_check_deps_undock_toActionGoal
[  0%] Built target _robot_scheduling_msgs_generate_messages_check_deps_undock_to_recoveryActionGoal
[  0%] Built target _robot_scheduling_msgs_generate_messages_check_deps_worksheetrunActionGoal
[  0%] Built target _robot_scheduling_msgs_generate_messages_check_deps_dock_toGoal
[  0%] Built target _robot_scheduling_msgs_generate_messages_check_deps_dock_toActionGoal
[  0%] Built target _robot_scheduling_msgs_generate_messages_check_deps_self_turn_to_recoveryResult
[ 20%] Built target robot_scheduling_msgs_generate_messages_py
[ 40%] Built target robot_scheduling_msgs_generate_messages_eus
[ 59%] Built target robot_scheduling_msgs_generate_messages_cpp
[ 79%] Built target robot_scheduling_msgs_generate_messages_lisp
[100%] Built target robot_scheduling_msgs_generate_messages_nodejs
[100%] Built target robot_scheduling_msgs_generate_messages
