-- The C compiler identification is GNU 7.5.0
-- The CXX compiler identification is GNU 7.5.0
-- Check for working C compiler: /usr/bin/cc
-- Check for working C compiler: /usr/bin/cc -- works
-- Detecting C compiler ABI info
-- Detecting C compiler ABI info - done
-- Detecting C compile features
-- Detecting C compile features - done
-- Check for working CXX compiler: /usr/bin/c++
-- Check for working CXX compiler: /usr/bin/c++ -- works
-- Detecting CXX compiler ABI info
-- Detecting CXX compiler ABI info - done
-- Detecting CXX compile features
-- Detecting CXX compile features - done
-- Using CATKIN_DEVEL_PREFIX: /home/handsome/ros_ws_test/build/rp_action_msgs/devel
-- Using CMAKE_PREFIX_PATH: /home/handsome/ros_ws/install/yocs_cmd_vel_mux;/home/handsome/ros_ws/install/urdf_tutorial;/home/handsome/ros_ws/install/tuw_waypoint_to_spline_msgs;/home/handsome/ros_ws/install/tuw_multi_robot_router;/home/handsome/ros_ws/install/tuw_voronoi_graph;/home/handsome/ros_ws/install/tuw_vehicle_msgs;/home/handsome/ros_ws/install/tuw_order_planner;/home/handsome/ros_ws/install/tuw_object_rviz;/home/handsome/ros_ws/install/tuw_object_msgs;/home/handsome/ros_ws/install/tuw_nav_rviz;/home/handsome/ros_ws/install/tuw_multi_robot_local_behavior_controller;/home/handsome/ros_ws/install/tuw_multi_robot_ctrl;/home/handsome/ros_ws/install/tuw_nav_msgs;/home/handsome/ros_ws/install/tuw_multi_robot_rviz;/home/handsome/ros_ws/install/tuw_multi_robot_goal_generator;/home/handsome/ros_ws/install/robot_scheduling_utility;/home/handsome/ros_ws/install/robot_scheduling_actions;/home/handsome/ros_ws/install/actionlib_modules_bridge;/home/handsome/ros_ws/install/tuw_multi_robot_msgs;/home/handsome/ros_ws/install/tuw_multi_robot_demo;/home/handsome/ros_ws/install/tuw_local_controller_msgs;/home/handsome/ros_ws/install/tuw_geometry_rviz;/home/handsome/ros_ws/install/tuw_geometry_msgs;/home/handsome/ros_ws/install/tuw_geometry;/home/handsome/ros_ws/install/tuw_gazebo_msgs;/home/handsome/ros_ws/install/tuw_control;/home/handsome/ros_ws/install/tuw_airskin_msgs;/home/handsome/ros_ws/install/turtlebot_teleop;/home/handsome/ros_ws/install/tug_example_pnp_server;/home/handsome/ros_ws/install/tug_example_actions;/home/handsome/ros_ws/install/tug_example_msgs;/home/handsome/ros_ws/install/timed_roslaunch;/home/handsome/ros_ws/install/teb2_local_planner;/home/handsome/ros_ws/install/stated_roslaunch;/home/handsome/ros_ws/install/spatio_temporal_voxel_layer;/home/handsome/ros_ws/install/robot_udp_bridge;/home/handsome/ros_ws/install/robot_database_bridge;/home/handsome/ros_ws/install/samsungcmd_msgs;/home/handsome/ros_ws/install/rplidar_ros;/home/handsome/ros_ws/install/rp_action;/home/handsome/ros_ws/install/rp_action_msgs;/home/handsome/ros_ws/install/rosserial_xbee;/home/handsome/ros_ws/install/rosserial_windows;/home/handsome/ros_ws/install/rosserial_tivac;/home/handsome/ros_ws/install/rosserial_test;/home/handsome/ros_ws/install/rosserial_server;/home/handsome/ros_ws/install/rosserial_python;/home/handsome/ros_ws/install/rosserial_mbed;/home/handsome/ros_ws/install/rosserial_embeddedlinux;/home/handsome/ros_ws/install/rosserial_arduino;/home/handsome/ros_ws/install/rosserial_client;/home/handsome/ros_ws/install/rosserial_msgs;/home/handsome/ros_ws/install/cellctrl_qtgui_bridge;/home/handsome/ros_ws/install/car_db_manager_qtgui;/home/handsome/ros_ws/install/car_db_manager_bridge;/home/handsome/ros_ws/install/car_db_manager_action;/home/handsome/ros_ws/install/ros_utility_tools;/home/handsome/ros_ws/install/ros_package_test;/home/handsome/ros_ws/install/ros_package_manager;/home/handsome/ros_ws/install/robot_scheduling_server;/home/handsome/ros_ws/install/robot_scheduling_msgs;/home/handsome/ros_ws/install/robot_localization;/home/handsome/ros_ws/install/robot_control_msgs;/home/handsome/ros_ws/install/reset_location;/home/handsome/ros_ws/install/razor_imu_9dof;/home/handsome/ros_ws/install/pnp_rosplan;/home/handsome/ros_ws/install/actionlib_pnp_controller;/home/handsome/ros_ws/install/actionlib_modules_controller;/home/handsome/ros_ws/install/pnp_ros;/home/handsome/ros_ws/install/pnp_msgs;/home/handsome/ros_ws/install/open_auto_dock;/home/handsome/ros_ws/install/open_auto_dock_msgs;/home/handsome/ros_ws/install/omron_os32c_driver;/home/handsome/ros_ws/install/dlux_plugins;/home/handsome/ros_ws/install/dlux_global_planner;/home/handsome/ros_ws/install/nav_grid_pub_sub;/home/handsome/ros_ws/install/dwb_critics;/home/handsome/ros_ws/install/nav_grid_iterators;/home/handsome/ros_ws/install/locomove_base;/home/handsome/ros_ws/install/locomotor;/home/handsome/ros_ws/install/nav_core_adapter;/home/handsome/ros_ws/install/dwb_plugins;/home/handsome/ros_ws/install/dwb_local_planner;/home/handsome/ros_ws/install/nav_2d_utils;/home/handsome/ros_ws/install/global_planner_tests;/home/handsome/ros_ws/install/costmap_queue;/home/handsome/ros_ws/install/nav_core2;/home/handsome/ros_ws/install/nav_grid;/home/handsome/ros_ws/install/car_schedule_msgs;/home/handsome/ros_ws/install/actionlib_modules_msgs;/home/handsome/ros_ws/install/locomotor_msgs;/home/handsome/ros_ws/install/dwb_msgs;/home/handsome/ros_ws/install/nav_2d_msgs;/home/handsome/ros_ws/install/mongodb_log;/home/handsome/ros_ws/install/mongodb_store;/home/handsome/ros_ws/install/mongodb_store_msgs;/home/handsome/ros_ws/install/ca_driver;/home/handsome/ros_ws/install/libcreate;/home/handsome/ros_ws/install/i_robot_stage;/home/handsome/ros_ws/install/i_robot_navigation;/home/handsome/ros_ws/install/hyc_order_planner;/home/handsome/ros_ws/install/hyc_multi_robot_msgs;/home/handsome/ros_ws/install/fetch_open_auto_dock;/home/handsome/ros_ws/install/fetch_auto_dock_msgs;/home/handsome/ros_ws/install/change_teb2_max_vel_x_onfly;/home/handsome/ros_ws/install/cellctrl_control_msgs;/home/handsome/ros_ws/install/car_db_manager_msgs;/home/handsome/ros_ws/install/ca_msgs;/home/handsome/ros_ws/install/ca_description;/home/handsome/ros_ws/install/botcmd_msgs;/opt/ros/melodic
-- This workspace overlays: /home/handsome/ros_ws/install/yocs_cmd_vel_mux;/home/handsome/ros_ws/install/urdf_tutorial;/home/handsome/ros_ws/install/tuw_waypoint_to_spline_msgs;/home/handsome/ros_ws/install/tuw_multi_robot_router;/home/handsome/ros_ws/install/tuw_voronoi_graph;/home/handsome/ros_ws/install/tuw_vehicle_msgs;/home/handsome/ros_ws/install/tuw_order_planner;/home/handsome/ros_ws/install/tuw_object_rviz;/home/handsome/ros_ws/install/tuw_object_msgs;/home/handsome/ros_ws/install/tuw_nav_rviz;/home/handsome/ros_ws/install/tuw_multi_robot_local_behavior_controller;/home/handsome/ros_ws/install/tuw_multi_robot_ctrl;/home/handsome/ros_ws/install/tuw_nav_msgs;/home/handsome/ros_ws/install/tuw_multi_robot_rviz;/home/handsome/ros_ws/install/tuw_multi_robot_goal_generator;/home/handsome/ros_ws/install/robot_scheduling_utility;/home/handsome/ros_ws/install/robot_scheduling_actions;/home/handsome/ros_ws/install/actionlib_modules_bridge;/home/handsome/ros_ws/install/tuw_multi_robot_msgs;/home/handsome/ros_ws/install/tuw_multi_robot_demo;/home/handsome/ros_ws/install/tuw_local_controller_msgs;/home/handsome/ros_ws/install/tuw_geometry_rviz;/home/handsome/ros_ws/install/tuw_geometry_msgs;/home/handsome/ros_ws/install/tuw_geometry;/home/handsome/ros_ws/install/tuw_gazebo_msgs;/home/handsome/ros_ws/install/tuw_control;/home/handsome/ros_ws/install/tuw_airskin_msgs;/home/handsome/ros_ws/install/turtlebot_teleop;/home/handsome/ros_ws/install/tug_example_pnp_server;/home/handsome/ros_ws/install/tug_example_actions;/home/handsome/ros_ws/install/tug_example_msgs;/home/handsome/ros_ws/install/timed_roslaunch;/home/handsome/ros_ws/install/teb2_local_planner;/home/handsome/ros_ws/install/stated_roslaunch;/home/handsome/ros_ws/install/spatio_temporal_voxel_layer;/home/handsome/ros_ws/install/robot_udp_bridge;/home/handsome/ros_ws/install/robot_database_bridge;/home/handsome/ros_ws/install/samsungcmd_msgs;/home/handsome/ros_ws/install/rplidar_ros;/home/handsome/ros_ws/install/rp_action;/home/handsome/ros_ws/install/rp_action_msgs;/home/handsome/ros_ws/install/rosserial_xbee;/home/handsome/ros_ws/install/rosserial_windows;/home/handsome/ros_ws/install/rosserial_tivac;/home/handsome/ros_ws/install/rosserial_test;/home/handsome/ros_ws/install/rosserial_server;/home/handsome/ros_ws/install/rosserial_python;/home/handsome/ros_ws/install/rosserial_mbed;/home/handsome/ros_ws/install/rosserial_embeddedlinux;/home/handsome/ros_ws/install/rosserial_arduino;/home/handsome/ros_ws/install/rosserial_client;/home/handsome/ros_ws/install/rosserial_msgs;/home/handsome/ros_ws/install/cellctrl_qtgui_bridge;/home/handsome/ros_ws/install/car_db_manager_qtgui;/home/handsome/ros_ws/install/car_db_manager_bridge;/home/handsome/ros_ws/install/car_db_manager_action;/home/handsome/ros_ws/install/ros_utility_tools;/home/handsome/ros_ws/install/ros_package_test;/home/handsome/ros_ws/install/ros_package_manager;/home/handsome/ros_ws/install/robot_scheduling_server;/home/handsome/ros_ws/install/robot_scheduling_msgs;/home/handsome/ros_ws/install/robot_localization;/home/handsome/ros_ws/install/robot_control_msgs;/home/handsome/ros_ws/install/reset_location;/home/handsome/ros_ws/install/razor_imu_9dof;/home/handsome/ros_ws/install/pnp_rosplan;/home/handsome/ros_ws/install/actionlib_pnp_controller;/home/handsome/ros_ws/install/actionlib_modules_controller;/home/handsome/ros_ws/install/pnp_ros;/home/handsome/ros_ws/install/pnp_msgs;/home/handsome/ros_ws/install/open_auto_dock;/home/handsome/ros_ws/install/open_auto_dock_msgs;/home/handsome/ros_ws/install/omron_os32c_driver;/home/handsome/ros_ws/install/dlux_plugins;/home/handsome/ros_ws/install/dlux_global_planner;/home/handsome/ros_ws/install/nav_grid_pub_sub;/home/handsome/ros_ws/install/dwb_critics;/home/handsome/ros_ws/install/nav_grid_iterators;/home/handsome/ros_ws/install/locomove_base;/home/handsome/ros_ws/install/locomotor;/home/handsome/ros_ws/install/nav_core_adapter;/home/handsome/ros_ws/install/dwb_plugins;/home/handsome/ros_ws/install/dwb_local_planner;/home/handsome/ros_ws/install/nav_2d_utils;/home/handsome/ros_ws/install/global_planner_tests;/home/handsome/ros_ws/install/costmap_queue;/home/handsome/ros_ws/install/nav_core2;/home/handsome/ros_ws/install/nav_grid;/home/handsome/ros_ws/install/car_schedule_msgs;/home/handsome/ros_ws/install/actionlib_modules_msgs;/home/handsome/ros_ws/install/locomotor_msgs;/home/handsome/ros_ws/install/dwb_msgs;/home/handsome/ros_ws/install/nav_2d_msgs;/home/handsome/ros_ws/install/mongodb_log;/home/handsome/ros_ws/install/mongodb_store;/home/handsome/ros_ws/install/mongodb_store_msgs;/home/handsome/ros_ws/install/ca_driver;/home/handsome/ros_ws/install/i_robot_stage;/home/handsome/ros_ws/install/i_robot_navigation;/home/handsome/ros_ws/install/hyc_order_planner;/home/handsome/ros_ws/install/hyc_multi_robot_msgs;/home/handsome/ros_ws/install/fetch_open_auto_dock;/home/handsome/ros_ws/install/fetch_auto_dock_msgs;/home/handsome/ros_ws/install/change_teb2_max_vel_x_onfly;/home/handsome/ros_ws/install/cellctrl_control_msgs;/home/handsome/ros_ws/install/car_db_manager_msgs;/home/handsome/ros_ws/install/ca_msgs;/home/handsome/ros_ws/install/ca_description;/home/handsome/ros_ws/install/botcmd_msgs;/opt/ros/melodic
-- Found PythonInterp: /usr/bin/python2 (found suitable version "2.7.17", minimum required is "2") 
-- Using PYTHON_EXECUTABLE: /usr/bin/python2
-- Using Debian Python package layout
-- Using empy: /usr/bin/empy
-- Using CATKIN_ENABLE_TESTING: ON
-- Call enable_testing()
-- Using CATKIN_TEST_RESULTS_DIR: /home/handsome/ros_ws_test/build/rp_action_msgs/test_results
-- Found gtest sources under '/usr/src/googletest': gtests will be built
-- Found gmock sources under '/usr/src/googletest': gmock will be built
-- Found PythonInterp: /usr/bin/python2 (found version "2.7.17") 
-- Looking for pthread.h
-- Looking for pthread.h - found
-- Looking for pthread_create
-- Looking for pthread_create - not found
-- Looking for pthread_create in pthreads
-- Looking for pthread_create in pthreads - not found
-- Looking for pthread_create in pthread
-- Looking for pthread_create in pthread - found
-- Found Threads: TRUE  
-- Using Python nosetests: /usr/bin/nosetests-2.7
-- catkin 0.7.28
-- BUILD_SHARED_LIBS is on
-- Using these message generators: gencpp;geneus;genlisp;gennodejs;genpy
-- Generating .msg files for action rp_action_msgs/Turn /home/handsome/ros_ws_test/src/ros_base/PNPros/example/rp_action_msgs/action/Turn.action
Generating for action Turn
-- rp_action_msgs: 7 messages, 0 services
-- Configuring done
-- Generating done
-- Build files have been written to: /home/handsome/ros_ws_test/build/rp_action_msgs
[35m[1mScanning dependencies of target actionlib_msgs_generate_messages_cpp[0m
[35m[1mScanning dependencies of target _rp_action_msgs_generate_messages_check_deps_TurnAction[0m
[35m[1mScanning dependencies of target _rp_action_msgs_generate_messages_check_deps_TurnActionResult[0m
[35m[1mScanning dependencies of target _rp_action_msgs_generate_messages_check_deps_TurnResult[0m
[35m[1mScanning dependencies of target _rp_action_msgs_generate_messages_check_deps_TurnActionGoal[0m
[35m[1mScanning dependencies of target _rp_action_msgs_generate_messages_check_deps_TurnGoal[0m
[35m[1mScanning dependencies of target actionlib_msgs_generate_messages_eus[0m
[35m[1mScanning dependencies of target _rp_action_msgs_generate_messages_check_deps_TurnActionFeedback[0m
[35m[1mScanning dependencies of target actionlib_msgs_generate_messages_py[0m
[35m[1mScanning dependencies of target actionlib_msgs_generate_messages_lisp[0m
[35m[1mScanning dependencies of target _rp_action_msgs_generate_messages_check_deps_TurnFeedback[0m
[35m[1mScanning dependencies of target actionlib_msgs_generate_messages_nodejs[0m
[  0%] Built target actionlib_msgs_generate_messages_cpp
[  0%] Built target actionlib_msgs_generate_messages_nodejs
[  0%] Built target actionlib_msgs_generate_messages_py
[  0%] Built target actionlib_msgs_generate_messages_eus
[  0%] Built target actionlib_msgs_generate_messages_lisp
[  0%] Built target _rp_action_msgs_generate_messages_check_deps_TurnActionResult
[  0%] Built target _rp_action_msgs_generate_messages_check_deps_TurnAction
[  0%] Built target _rp_action_msgs_generate_messages_check_deps_TurnResult
[  0%] Built target _rp_action_msgs_generate_messages_check_deps_TurnFeedback
[  0%] Built target _rp_action_msgs_generate_messages_check_deps_TurnActionGoal
[  0%] Built target _rp_action_msgs_generate_messages_check_deps_TurnActionFeedback
[  0%] Built target _rp_action_msgs_generate_messages_check_deps_TurnGoal
[35m[1mScanning dependencies of target rp_action_msgs_generate_messages_py[0m
[35m[1mScanning dependencies of target rp_action_msgs_generate_messages_lisp[0m
[35m[1mScanning dependencies of target rp_action_msgs_generate_messages_cpp[0m
[35m[1mScanning dependencies of target rp_action_msgs_generate_messages_eus[0m
[35m[1mScanning dependencies of target rp_action_msgs_generate_messages_nodejs[0m
[  2%] [34m[1mGenerating Python from MSG rp_action_msgs/TurnFeedback[0m
[  5%] [34m[1mGenerating Python from MSG rp_action_msgs/TurnActionFeedback[0m
[  8%] [34m[1mGenerating Python from MSG rp_action_msgs/TurnGoal[0m
[ 10%] [34m[1mGenerating Lisp code from rp_action_msgs/TurnActionGoal.msg[0m
[ 13%] [34m[1mGenerating Python from MSG rp_action_msgs/TurnAction[0m
[ 16%] [34m[1mGenerating EusLisp code from rp_action_msgs/TurnActionGoal.msg[0m
[ 18%] [34m[1mGenerating C++ code from rp_action_msgs/TurnActionGoal.msg[0m
[ 21%] [34m[1mGenerating Python from MSG rp_action_msgs/TurnResult[0m
[ 24%] [34m[1mGenerating Python from MSG rp_action_msgs/TurnActionResult[0m
[ 27%] [34m[1mGenerating Python from MSG rp_action_msgs/TurnActionGoal[0m
[ 29%] [34m[1mGenerating Javascript code from rp_action_msgs/TurnActionGoal.msg[0m
[ 32%] [34m[1mGenerating Lisp code from rp_action_msgs/TurnFeedback.msg[0m
[ 35%] [34m[1mGenerating Lisp code from rp_action_msgs/TurnResult.msg[0m
[ 37%] [34m[1mGenerating Javascript code from rp_action_msgs/TurnResult.msg[0m
[ 40%] [34m[1mGenerating Javascript code from rp_action_msgs/TurnFeedback.msg[0m
[ 43%] [34m[1mGenerating Lisp code from rp_action_msgs/TurnActionResult.msg[0m
[ 45%] [34m[1mGenerating Javascript code from rp_action_msgs/TurnActionResult.msg[0m
[ 48%] [34m[1mGenerating Lisp code from rp_action_msgs/TurnActionFeedback.msg[0m
[ 51%] [34m[1mGenerating Javascript code from rp_action_msgs/TurnActionFeedback.msg[0m
[ 54%] [34m[1mGenerating EusLisp code from rp_action_msgs/TurnFeedback.msg[0m
[ 56%] [34m[1mGenerating Lisp code from rp_action_msgs/TurnGoal.msg[0m
[ 59%] [34m[1mGenerating Lisp code from rp_action_msgs/TurnAction.msg[0m
[ 62%] [34m[1mGenerating C++ code from rp_action_msgs/TurnResult.msg[0m
[ 64%] [34m[1mGenerating C++ code from rp_action_msgs/TurnFeedback.msg[0m
[ 67%] [34m[1mGenerating EusLisp code from rp_action_msgs/TurnResult.msg[0m
[ 70%] [34m[1mGenerating Python msg __init__.py for rp_action_msgs[0m
[ 72%] [34m[1mGenerating EusLisp code from rp_action_msgs/TurnActionResult.msg[0m
[ 75%] [34m[1mGenerating Javascript code from rp_action_msgs/TurnGoal.msg[0m
[ 78%] [34m[1mGenerating Javascript code from rp_action_msgs/TurnAction.msg[0m
[ 81%] [34m[1mGenerating C++ code from rp_action_msgs/TurnActionResult.msg[0m
[ 83%] [34m[1mGenerating EusLisp code from rp_action_msgs/TurnActionFeedback.msg[0m
[ 86%] [34m[1mGenerating EusLisp code from rp_action_msgs/TurnGoal.msg[0m
[ 86%] Built target rp_action_msgs_generate_messages_lisp
[ 89%] [34m[1mGenerating C++ code from rp_action_msgs/TurnActionFeedback.msg[0m
[ 91%] [34m[1mGenerating EusLisp code from rp_action_msgs/TurnAction.msg[0m
[ 91%] Built target rp_action_msgs_generate_messages_py
[ 94%] [34m[1mGenerating C++ code from rp_action_msgs/TurnGoal.msg[0m
[ 97%] [34m[1mGenerating C++ code from rp_action_msgs/TurnAction.msg[0m
[ 97%] Built target rp_action_msgs_generate_messages_nodejs
[100%] [34m[1mGenerating EusLisp manifest code for rp_action_msgs[0m
[100%] Built target rp_action_msgs_generate_messages_cpp
[100%] Built target rp_action_msgs_generate_messages_eus
[35m[1mScanning dependencies of target rp_action_msgs_generate_messages[0m
[100%] Built target rp_action_msgs_generate_messages
[35m[1mScanning dependencies of target tests[0m
Built target tests
[  0%] Built target actionlib_msgs_generate_messages_cpp
[  0%] Built target actionlib_msgs_generate_messages_py
[  0%] Built target actionlib_msgs_generate_messages_eus
[  0%] Built target actionlib_msgs_generate_messages_nodejs
[  0%] Built target actionlib_msgs_generate_messages_lisp
[  0%] Built target _rp_action_msgs_generate_messages_check_deps_TurnActionGoal
[  0%] Built target _rp_action_msgs_generate_messages_check_deps_TurnAction
[  0%] Built target _rp_action_msgs_generate_messages_check_deps_TurnActionResult
[  0%] Built target _rp_action_msgs_generate_messages_check_deps_TurnGoal
[  0%] Built target _rp_action_msgs_generate_messages_check_deps_TurnResult
[  0%] Built target _rp_action_msgs_generate_messages_check_deps_TurnActionFeedback
[  0%] Built target _rp_action_msgs_generate_messages_check_deps_TurnFeedback
[ 18%] Built target rp_action_msgs_generate_messages_lisp
[ 62%] Built target rp_action_msgs_generate_messages_eus
[ 62%] Built target rp_action_msgs_generate_messages_py
[ 81%] Built target rp_action_msgs_generate_messages_cpp
[100%] Built target rp_action_msgs_generate_messages_nodejs
[100%] Built target rp_action_msgs_generate_messages
[36mInstall the project...[0m
-- Install configuration: ""
-- Installing: /home/handsome/ros_ws_test/install/rp_action_msgs/share/rp_action_msgs/action/Turn.action
-- Installing: /home/handsome/ros_ws_test/install/rp_action_msgs/share/rp_action_msgs/msg/TurnAction.msg
-- Installing: /home/handsome/ros_ws_test/install/rp_action_msgs/share/rp_action_msgs/msg/TurnActionGoal.msg
-- Installing: /home/handsome/ros_ws_test/install/rp_action_msgs/share/rp_action_msgs/msg/TurnActionResult.msg
-- Installing: /home/handsome/ros_ws_test/install/rp_action_msgs/share/rp_action_msgs/msg/TurnActionFeedback.msg
-- Installing: /home/handsome/ros_ws_test/install/rp_action_msgs/share/rp_action_msgs/msg/TurnGoal.msg
-- Installing: /home/handsome/ros_ws_test/install/rp_action_msgs/share/rp_action_msgs/msg/TurnResult.msg
-- Installing: /home/handsome/ros_ws_test/install/rp_action_msgs/share/rp_action_msgs/msg/TurnFeedback.msg
-- Installing: /home/handsome/ros_ws_test/install/rp_action_msgs/share/rp_action_msgs/cmake/rp_action_msgs-msg-paths.cmake
-- Installing: /home/handsome/ros_ws_test/install/rp_action_msgs/include/rp_action_msgs
-- Installing: /home/handsome/ros_ws_test/install/rp_action_msgs/include/rp_action_msgs/TurnFeedback.h
-- Installing: /home/handsome/ros_ws_test/install/rp_action_msgs/include/rp_action_msgs/TurnResult.h
-- Installing: /home/handsome/ros_ws_test/install/rp_action_msgs/include/rp_action_msgs/TurnActionResult.h
-- Installing: /home/handsome/ros_ws_test/install/rp_action_msgs/include/rp_action_msgs/TurnActionGoal.h
-- Installing: /home/handsome/ros_ws_test/install/rp_action_msgs/include/rp_action_msgs/TurnAction.h
-- Installing: /home/handsome/ros_ws_test/install/rp_action_msgs/include/rp_action_msgs/TurnActionFeedback.h
-- Installing: /home/handsome/ros_ws_test/install/rp_action_msgs/include/rp_action_msgs/TurnGoal.h
-- Installing: /home/handsome/ros_ws_test/install/rp_action_msgs/share/roseus/ros/rp_action_msgs
-- Installing: /home/handsome/ros_ws_test/install/rp_action_msgs/share/roseus/ros/rp_action_msgs/msg
-- Installing: /home/handsome/ros_ws_test/install/rp_action_msgs/share/roseus/ros/rp_action_msgs/msg/TurnAction.l
-- Installing: /home/handsome/ros_ws_test/install/rp_action_msgs/share/roseus/ros/rp_action_msgs/msg/TurnActionGoal.l
-- Installing: /home/handsome/ros_ws_test/install/rp_action_msgs/share/roseus/ros/rp_action_msgs/msg/TurnResult.l
-- Installing: /home/handsome/ros_ws_test/install/rp_action_msgs/share/roseus/ros/rp_action_msgs/msg/TurnActionResult.l
-- Installing: /home/handsome/ros_ws_test/install/rp_action_msgs/share/roseus/ros/rp_action_msgs/msg/TurnActionFeedback.l
-- Installing: /home/handsome/ros_ws_test/install/rp_action_msgs/share/roseus/ros/rp_action_msgs/msg/TurnGoal.l
-- Installing: /home/handsome/ros_ws_test/install/rp_action_msgs/share/roseus/ros/rp_action_msgs/msg/TurnFeedback.l
-- Installing: /home/handsome/ros_ws_test/install/rp_action_msgs/share/roseus/ros/rp_action_msgs/manifest.l
-- Installing: /home/handsome/ros_ws_test/install/rp_action_msgs/share/common-lisp/ros/rp_action_msgs
-- Installing: /home/handsome/ros_ws_test/install/rp_action_msgs/share/common-lisp/ros/rp_action_msgs/msg
-- Installing: /home/handsome/ros_ws_test/install/rp_action_msgs/share/common-lisp/ros/rp_action_msgs/msg/TurnActionResult.lisp
-- Installing: /home/handsome/ros_ws_test/install/rp_action_msgs/share/common-lisp/ros/rp_action_msgs/msg/_package_TurnActionFeedback.lisp
-- Installing: /home/handsome/ros_ws_test/install/rp_action_msgs/share/common-lisp/ros/rp_action_msgs/msg/_package_TurnAction.lisp
-- Installing: /home/handsome/ros_ws_test/install/rp_action_msgs/share/common-lisp/ros/rp_action_msgs/msg/TurnActionGoal.lisp
-- Installing: /home/handsome/ros_ws_test/install/rp_action_msgs/share/common-lisp/ros/rp_action_msgs/msg/_package_TurnActionGoal.lisp
-- Installing: /home/handsome/ros_ws_test/install/rp_action_msgs/share/common-lisp/ros/rp_action_msgs/msg/TurnGoal.lisp
-- Installing: /home/handsome/ros_ws_test/install/rp_action_msgs/share/common-lisp/ros/rp_action_msgs/msg/_package_TurnActionResult.lisp
-- Installing: /home/handsome/ros_ws_test/install/rp_action_msgs/share/common-lisp/ros/rp_action_msgs/msg/TurnResult.lisp
-- Installing: /home/handsome/ros_ws_test/install/rp_action_msgs/share/common-lisp/ros/rp_action_msgs/msg/rp_action_msgs-msg.asd
-- Installing: /home/handsome/ros_ws_test/install/rp_action_msgs/share/common-lisp/ros/rp_action_msgs/msg/_package_TurnResult.lisp
-- Installing: /home/handsome/ros_ws_test/install/rp_action_msgs/share/common-lisp/ros/rp_action_msgs/msg/_package.lisp
-- Installing: /home/handsome/ros_ws_test/install/rp_action_msgs/share/common-lisp/ros/rp_action_msgs/msg/TurnAction.lisp
-- Installing: /home/handsome/ros_ws_test/install/rp_action_msgs/share/common-lisp/ros/rp_action_msgs/msg/TurnActionFeedback.lisp
-- Installing: /home/handsome/ros_ws_test/install/rp_action_msgs/share/common-lisp/ros/rp_action_msgs/msg/TurnFeedback.lisp
-- Installing: /home/handsome/ros_ws_test/install/rp_action_msgs/share/common-lisp/ros/rp_action_msgs/msg/_package_TurnFeedback.lisp
-- Installing: /home/handsome/ros_ws_test/install/rp_action_msgs/share/common-lisp/ros/rp_action_msgs/msg/_package_TurnGoal.lisp
-- Installing: /home/handsome/ros_ws_test/install/rp_action_msgs/share/gennodejs/ros/rp_action_msgs
-- Installing: /home/handsome/ros_ws_test/install/rp_action_msgs/share/gennodejs/ros/rp_action_msgs/msg
-- Installing: /home/handsome/ros_ws_test/install/rp_action_msgs/share/gennodejs/ros/rp_action_msgs/msg/_index.js
-- Installing: /home/handsome/ros_ws_test/install/rp_action_msgs/share/gennodejs/ros/rp_action_msgs/msg/TurnGoal.js
-- Installing: /home/handsome/ros_ws_test/install/rp_action_msgs/share/gennodejs/ros/rp_action_msgs/msg/TurnActionGoal.js
-- Installing: /home/handsome/ros_ws_test/install/rp_action_msgs/share/gennodejs/ros/rp_action_msgs/msg/TurnResult.js
-- Installing: /home/handsome/ros_ws_test/install/rp_action_msgs/share/gennodejs/ros/rp_action_msgs/msg/TurnActionFeedback.js
-- Installing: /home/handsome/ros_ws_test/install/rp_action_msgs/share/gennodejs/ros/rp_action_msgs/msg/TurnFeedback.js
-- Installing: /home/handsome/ros_ws_test/install/rp_action_msgs/share/gennodejs/ros/rp_action_msgs/msg/TurnActionResult.js
-- Installing: /home/handsome/ros_ws_test/install/rp_action_msgs/share/gennodejs/ros/rp_action_msgs/msg/TurnAction.js
-- Installing: /home/handsome/ros_ws_test/install/rp_action_msgs/share/gennodejs/ros/rp_action_msgs/_index.js
Listing /home/handsome/ros_ws_test/build/rp_action_msgs/devel/lib/python2.7/dist-packages/rp_action_msgs ...
Compiling /home/handsome/ros_ws_test/build/rp_action_msgs/devel/lib/python2.7/dist-packages/rp_action_msgs/__init__.py ...
Listing /home/handsome/ros_ws_test/build/rp_action_msgs/devel/lib/python2.7/dist-packages/rp_action_msgs/msg ...
Compiling /home/handsome/ros_ws_test/build/rp_action_msgs/devel/lib/python2.7/dist-packages/rp_action_msgs/msg/_TurnAction.py ...
Compiling /home/handsome/ros_ws_test/build/rp_action_msgs/devel/lib/python2.7/dist-packages/rp_action_msgs/msg/_TurnActionFeedback.py ...
Compiling /home/handsome/ros_ws_test/build/rp_action_msgs/devel/lib/python2.7/dist-packages/rp_action_msgs/msg/_TurnActionGoal.py ...
Compiling /home/handsome/ros_ws_test/build/rp_action_msgs/devel/lib/python2.7/dist-packages/rp_action_msgs/msg/_TurnActionResult.py ...
Compiling /home/handsome/ros_ws_test/build/rp_action_msgs/devel/lib/python2.7/dist-packages/rp_action_msgs/msg/_TurnFeedback.py ...
Compiling /home/handsome/ros_ws_test/build/rp_action_msgs/devel/lib/python2.7/dist-packages/rp_action_msgs/msg/_TurnGoal.py ...
Compiling /home/handsome/ros_ws_test/build/rp_action_msgs/devel/lib/python2.7/dist-packages/rp_action_msgs/msg/_TurnResult.py ...
Compiling /home/handsome/ros_ws_test/build/rp_action_msgs/devel/lib/python2.7/dist-packages/rp_action_msgs/msg/__init__.py ...
-- Installing: /home/handsome/ros_ws_test/install/rp_action_msgs/lib/python2.7/dist-packages/rp_action_msgs
-- Installing: /home/handsome/ros_ws_test/install/rp_action_msgs/lib/python2.7/dist-packages/rp_action_msgs/msg
-- Installing: /home/handsome/ros_ws_test/install/rp_action_msgs/lib/python2.7/dist-packages/rp_action_msgs/msg/_TurnFeedback.py
-- Installing: /home/handsome/ros_ws_test/install/rp_action_msgs/lib/python2.7/dist-packages/rp_action_msgs/msg/__init__.py
-- Installing: /home/handsome/ros_ws_test/install/rp_action_msgs/lib/python2.7/dist-packages/rp_action_msgs/msg/_TurnActionResult.pyc
-- Installing: /home/handsome/ros_ws_test/install/rp_action_msgs/lib/python2.7/dist-packages/rp_action_msgs/msg/_TurnActionGoal.pyc
-- Installing: /home/handsome/ros_ws_test/install/rp_action_msgs/lib/python2.7/dist-packages/rp_action_msgs/msg/_TurnActionResult.py
-- Installing: /home/handsome/ros_ws_test/install/rp_action_msgs/lib/python2.7/dist-packages/rp_action_msgs/msg/_TurnResult.py
-- Installing: /home/handsome/ros_ws_test/install/rp_action_msgs/lib/python2.7/dist-packages/rp_action_msgs/msg/_TurnGoal.py
-- Installing: /home/handsome/ros_ws_test/install/rp_action_msgs/lib/python2.7/dist-packages/rp_action_msgs/msg/_TurnActionFeedback.pyc
-- Installing: /home/handsome/ros_ws_test/install/rp_action_msgs/lib/python2.7/dist-packages/rp_action_msgs/msg/_TurnActionFeedback.py
-- Installing: /home/handsome/ros_ws_test/install/rp_action_msgs/lib/python2.7/dist-packages/rp_action_msgs/msg/_TurnAction.pyc
-- Installing: /home/handsome/ros_ws_test/install/rp_action_msgs/lib/python2.7/dist-packages/rp_action_msgs/msg/__init__.pyc
-- Installing: /home/handsome/ros_ws_test/install/rp_action_msgs/lib/python2.7/dist-packages/rp_action_msgs/msg/_TurnActionGoal.py
-- Installing: /home/handsome/ros_ws_test/install/rp_action_msgs/lib/python2.7/dist-packages/rp_action_msgs/msg/_TurnFeedback.pyc
-- Installing: /home/handsome/ros_ws_test/install/rp_action_msgs/lib/python2.7/dist-packages/rp_action_msgs/msg/_TurnResult.pyc
-- Installing: /home/handsome/ros_ws_test/install/rp_action_msgs/lib/python2.7/dist-packages/rp_action_msgs/msg/_TurnGoal.pyc
-- Installing: /home/handsome/ros_ws_test/install/rp_action_msgs/lib/python2.7/dist-packages/rp_action_msgs/msg/_TurnAction.py
-- Installing: /home/handsome/ros_ws_test/install/rp_action_msgs/lib/python2.7/dist-packages/rp_action_msgs/__init__.py
-- Installing: /home/handsome/ros_ws_test/install/rp_action_msgs/lib/python2.7/dist-packages/rp_action_msgs/__init__.pyc
-- Installing: /home/handsome/ros_ws_test/install/rp_action_msgs/lib/pkgconfig/rp_action_msgs.pc
-- Installing: /home/handsome/ros_ws_test/install/rp_action_msgs/share/rp_action_msgs/cmake/rp_action_msgs-msg-extras.cmake
-- Installing: /home/handsome/ros_ws_test/install/rp_action_msgs/share/rp_action_msgs/cmake/rp_action_msgsConfig.cmake
-- Installing: /home/handsome/ros_ws_test/install/rp_action_msgs/share/rp_action_msgs/cmake/rp_action_msgsConfig-version.cmake
-- Installing: /home/handsome/ros_ws_test/install/rp_action_msgs/share/rp_action_msgs/package.xml
