[0.149s] Invoking command in '/home/handsome/ros_ws_test/build/robot_scheduling_server': CMAKE_PREFIX_PATH=/home/handsome/ros_ws_test/install/robot_scheduling_msgs:/home/handsome/ros_ws_test/install/pnp_ros:/home/handsome/ros_ws_test/install/locomotor_msgs:/home/handsome/ros_ws_test/install/ros_utility_tools:/home/handsome/ros_ws_test/install/pnp_msgs:/home/handsome/ros_ws_test/install/nav_2d_msgs:${CMAKE_PREFIX_PATH} LD_LIBRARY_PATH=/home/handsome/ros_ws_test/install/pnp_ros/lib:/home/handsome/ros_ws_test/install/ros_utility_tools/lib:/home/handsome/ros_ws/install/yocs_cmd_vel_mux/lib:/home/handsome/ros_ws/install/tuw_multi_robot_router/lib:/home/handsome/ros_ws/install/tuw_voronoi_graph/lib:/home/handsome/ros_ws/install/tuw_vehicle_msgs/lib:/home/handsome/ros_ws/install/tuw_nav_rviz/lib:/home/handsome/ros_ws/install/tuw_multi_robot_local_behavior_controller/lib:/home/handsome/ros_ws/install/tuw_multi_robot_ctrl/lib:/home/handsome/ros_ws/install/tuw_nav_msgs/lib:/home/handsome/ros_ws/install/tuw_multi_robot_rviz/lib:/home/handsome/ros_ws/install/tuw_geometry_rviz/lib:/home/handsome/ros_ws/install/tuw_geometry_msgs/lib:/home/handsome/ros_ws/install/tuw_geometry/lib:/home/handsome/ros_ws/install/tuw_control/lib:/home/handsome/ros_ws/install/teb2_local_planner/lib:/home/handsome/ros_ws/install/spatio_temporal_voxel_layer/lib:/home/handsome/ros_ws/install/robot_database_bridge/lib:/home/handsome/ros_ws/install/ros_utility_tools/lib:/home/handsome/ros_ws/install/robot_localization/lib:/home/handsome/ros_ws/install/pnp_ros/lib:/home/handsome/ros_ws/install/omron_os32c_driver/lib:/home/handsome/ros_ws/install/dlux_plugins/lib:/home/handsome/ros_ws/install/dlux_global_planner/lib:/home/handsome/ros_ws/install/nav_grid_pub_sub/lib:/home/handsome/ros_ws/install/dwb_critics/lib:/home/handsome/ros_ws/install/nav_grid_iterators/lib:/home/handsome/ros_ws/install/locomotor/lib:/home/handsome/ros_ws/install/nav_core_adapter/lib:/home/handsome/ros_ws/install/dwb_plugins/lib:/home/handsome/ros_ws/install/dwb_local_planner/lib:/home/handsome/ros_ws/install/nav_2d_utils/lib:/home/handsome/ros_ws/install/global_planner_tests/lib:/home/handsome/ros_ws/install/costmap_queue/lib:/home/handsome/ros_ws/install/nav_core2/lib:/home/handsome/ros_ws/install/mongodb_store/lib:/home/handsome/ros_ws/install/libcreate/lib:/opt/ros/melodic/lib:/usr/local/lib PKG_CONFIG_PATH=/home/handsome/ros_ws_test/install/robot_scheduling_msgs/lib/x86_64-linux-gnu/pkgconfig:/home/handsome/ros_ws_test/install/robot_scheduling_msgs/lib/pkgconfig:/home/handsome/ros_ws_test/install/pnp_ros/lib/x86_64-linux-gnu/pkgconfig:/home/handsome/ros_ws_test/install/pnp_ros/lib/pkgconfig:/home/handsome/ros_ws_test/install/locomotor_msgs/lib/x86_64-linux-gnu/pkgconfig:/home/handsome/ros_ws_test/install/locomotor_msgs/lib/pkgconfig:/home/handsome/ros_ws_test/install/ros_utility_tools/lib/x86_64-linux-gnu/pkgconfig:/home/handsome/ros_ws_test/install/ros_utility_tools/lib/pkgconfig:/home/handsome/ros_ws_test/install/pnp_msgs/lib/x86_64-linux-gnu/pkgconfig:/home/handsome/ros_ws_test/install/pnp_msgs/lib/pkgconfig:/home/handsome/ros_ws_test/install/nav_2d_msgs/lib/x86_64-linux-gnu/pkgconfig:/home/handsome/ros_ws_test/install/nav_2d_msgs/lib/pkgconfig:${PKG_CONFIG_PATH} PYTHONPATH=/home/handsome/ros_ws_test/install/robot_scheduling_msgs/lib/python2.7/dist-packages:/home/handsome/ros_ws_test/install/locomotor_msgs/lib/python2.7/dist-packages:/home/handsome/ros_ws_test/install/pnp_msgs/lib/python2.7/dist-packages:/home/handsome/ros_ws_test/install/nav_2d_msgs/lib/python2.7/dist-packages:${PYTHONPATH} ROS_PACKAGE_PATH=/home/handsome/ros_ws_test/install/robot_scheduling_msgs/share:/home/handsome/ros_ws_test/install/pnp_ros/share:/home/handsome/ros_ws_test/install/locomotor_msgs/share:/home/handsome/ros_ws_test/install/ros_utility_tools/share:/home/handsome/ros_ws_test/install/pnp_msgs/share:/home/handsome/ros_ws_test/install/nav_2d_msgs/share:${ROS_PACKAGE_PATH} /usr/bin/cmake --build /home/handsome/ros_ws_test/build/robot_scheduling_server -- -j12 -l12
[0.224s] [35m[1mScanning dependencies of target robot_scheduling_server_node[0m
[0.342s] [  3%] [32mBuilding CXX object CMakeFiles/robot_scheduling_server_node.dir/src/robot_scheduling_pnp_server.cpp.o[0m
[0.346s] [  7%] [32mBuilding CXX object CMakeFiles/robot_scheduling_server_node.dir/src/robot_scheduling_pnp_params.cpp.o[0m
[0.347s] [ 11%] [32mBuilding CXX object CMakeFiles/robot_scheduling_server_node.dir/src/robot_scheduling_server.cpp.o[0m
[1.369s] [ 19%] [32mBuilding CXX object CMakeFiles/robot_scheduling_server_node.dir/src/public_actions/pose_move_to_ac.cpp.o[0m
[1.370s] [ 19%] [32mBuilding CXX object CMakeFiles/robot_scheduling_server_node.dir/src/public_actions/pose_move_to_recovery_ac.cpp.o[0m
[2.322s] [ 23%] [32mBuilding CXX object CMakeFiles/robot_scheduling_server_node.dir/src/public_actions/pose_recognize_ac.cpp.o[0m
[2.326s] [ 26%] [32mBuilding CXX object CMakeFiles/robot_scheduling_server_node.dir/src/public_actions/pose_recognize_recovery_ac.cpp.o[0m
[3.404s] [ 30%] [32mBuilding CXX object CMakeFiles/robot_scheduling_server_node.dir/src/private_actions/power_charge_recovery_ac.cpp.o[0m
[3.408s] [ 34%] [32mBuilding CXX object CMakeFiles/robot_scheduling_server_node.dir/src/public_actions/pose_turn_to_ac.cpp.o[0m
[12.156s] [ 38%] [32mBuilding CXX object CMakeFiles/robot_scheduling_server_node.dir/src/public_actions/db_process_recovery_ac.cpp.o[0m
[17.529s] [ 42%] [32mBuilding CXX object CMakeFiles/robot_scheduling_server_node.dir/src/public_actions/worksheetrun_ac.cpp.o[0m
[19.255s] In file included from [01m[K/opt/ros/melodic/include/ros/ros.h:40:0[m[K,
[19.255s]                  from [01m[K/home/handsome/ros_ws_test/src/ros_base/robot_scheduling/robot_scheduling_server/include/public_actions/worksheetrun_ac.h:4[m[K,
[19.255s]                  from [01m[K/home/handsome/ros_ws_test/src/ros_base/robot_scheduling/robot_scheduling_server/src/public_actions/worksheetrun_ac.cpp:1[m[K:
[19.255s] [01m[K/home/handsome/ros_ws_test/src/ros_base/robot_scheduling/robot_scheduling_server/src/public_actions/worksheetrun_ac.cpp:[m[K In member function ‘[01m[Kvoid worksheetrun_ac::do_worksheetrun_ac(const worksheetrunGoal&)[m[K’:
[19.256s] [01m[K/opt/ros/melodic/include/ros/console.h:348:176:[m[K [01;35m[Kwarning: [m[Kformat not a string literal and no format arguments [[01;35m[K-Wformat-security[m[K]
[19.256s]      ::ros::console::print(filter, __rosconsole_define_location__loc.logger_, __rosconsole_define_location__loc.level_, __FILE__, __LINE__, __ROSCONSOLE_FUNCTION__, __VA_ARGS__[01;35m[K)[m[K
[19.256s]                                                                                                                                                                                 [01;35m[K^[m[K
[19.256s] [01m[K/opt/ros/melodic/include/ros/console.h:351:5:[m[K [01;36m[Knote: [m[Kin expansion of macro ‘[01m[KROSCONSOLE_PRINT_AT_LOCATION_WITH_FILTER[m[K’
[19.256s]      [01;36m[KROSCONSOLE_PRINT_AT_LOCATION_WITH_FILTER[m[K(NULL, __VA_ARGS__)
[19.256s]      [01;36m[K^~~~~~~~~~~~~~~~~~~~~~~~~~~~~~~~~~~~~~~~[m[K
[19.256s] [01m[K/opt/ros/melodic/include/ros/console.h:387:7:[m[K [01;36m[Knote: [m[Kin expansion of macro ‘[01m[KROSCONSOLE_PRINT_AT_LOCATION[m[K’
[19.257s]        [01;36m[KROSCONSOLE_PRINT_AT_LOCATION[m[K(__VA_ARGS__); \
[19.257s]        [01;36m[K^~~~~~~~~~~~~~~~~~~~~~~~~~~~[m[K
[19.257s] [01m[K/opt/ros/melodic/include/ros/console.h:572:35:[m[K [01;36m[Knote: [m[Kin expansion of macro ‘[01m[KROS_LOG_COND[m[K’
[19.257s]  #define ROS_LOG(level, name, ...) [01;36m[KROS_LOG_COND[m[K(true, level, name, __VA_ARGS__)
[19.257s]                                    [01;36m[K^~~~~~~~~~~~[m[K
[19.257s] [01m[K/opt/ros/melodic/include/rosconsole/macros_generated.h:110:23:[m[K [01;36m[Knote: [m[Kin expansion of macro ‘[01m[KROS_LOG[m[K’
[19.257s]  #define ROS_INFO(...) [01;36m[KROS_LOG[m[K(::ros::console::levels::Info, ROSCONSOLE_DEFAULT_NAME, __VA_ARGS__)
[19.257s]                        [01;36m[K^~~~~~~[m[K
[19.258s] [01m[K/home/handsome/ros_ws_test/src/ros_base/robot_scheduling/robot_scheduling_server/src/public_actions/worksheetrun_ac.cpp:61:5:[m[K [01;36m[Knote: [m[Kin expansion of macro ‘[01m[KROS_INFO[m[K’
[19.258s]      [01;36m[KR[m[KOS_INFO(goal.cmd_data.c_str());
[19.258s]      [01;36m[K^[m[K
[19.547s] [ 46%] [32mBuilding CXX object CMakeFiles/robot_scheduling_server_node.dir/src/private_actions/robot_time_wait_ac.cpp.o[0m
[19.551s] [ 50%] [32mBuilding CXX object CMakeFiles/robot_scheduling_server_node.dir/src/public_actions/db_process_ac.cpp.o[0m
[20.576s] [ 53%] [32mBuilding CXX object CMakeFiles/robot_scheduling_server_node.dir/src/public_actions/undock_to_recovery_ac.cpp.o[0m
[20.577s] [ 57%] [32mBuilding CXX object CMakeFiles/robot_scheduling_server_node.dir/src/public_actions/undock_to_ac.cpp.o[0m
[21.662s] [ 61%] [32mBuilding CXX object CMakeFiles/robot_scheduling_server_node.dir/src/public_actions/dock_to_recovery_ac.cpp.o[0m
[21.666s] [ 65%] [32mBuilding CXX object CMakeFiles/robot_scheduling_server_node.dir/src/public_actions/dock_to_ac.cpp.o[0m
[22.748s] [ 69%] [32mBuilding CXX object CMakeFiles/robot_scheduling_server_node.dir/src/public_actions/pose_turn_to_recovery_ac.cpp.o[0m
[22.758s] [ 73%] [32mBuilding CXX object CMakeFiles/robot_scheduling_server_node.dir/src/private_actions/power_charge_ac.cpp.o[0m
[22.872s] In file included from [01m[K/opt/ros/melodic/include/ros/ros.h:40:0[m[K,
[22.872s]                  from [01m[K/home/handsome/ros_ws_test/src/ros_base/robot_scheduling/robot_scheduling_server/include/public_actions/db_process_ac.h:4[m[K,
[22.872s]                  from [01m[K/home/handsome/ros_ws_test/src/ros_base/robot_scheduling/robot_scheduling_server/src/public_actions/db_process_ac.cpp:1[m[K:
[22.872s] [01m[K/home/handsome/ros_ws_test/src/ros_base/robot_scheduling/robot_scheduling_server/src/public_actions/db_process_ac.cpp:[m[K In member function ‘[01m[Kvoid db_process_ac::do_db_process_ac(const db_processGoal&)[m[K’:
[22.873s] [01m[K/opt/ros/melodic/include/ros/console.h:348:176:[m[K [01;35m[Kwarning: [m[Kformat not a string literal and no format arguments [[01;35m[K-Wformat-security[m[K]
[22.873s]      ::ros::console::print(filter, __rosconsole_define_location__loc.logger_, __rosconsole_define_location__loc.level_, __FILE__, __LINE__, __ROSCONSOLE_FUNCTION__, __VA_ARGS__[01;35m[K)[m[K
[22.873s]                                                                                                                                                                                 [01;35m[K^[m[K
[22.874s] [01m[K/opt/ros/melodic/include/ros/console.h:351:5:[m[K [01;36m[Knote: [m[Kin expansion of macro ‘[01m[KROSCONSOLE_PRINT_AT_LOCATION_WITH_FILTER[m[K’
[22.874s]      [01;36m[KROSCONSOLE_PRINT_AT_LOCATION_WITH_FILTER[m[K(NULL, __VA_ARGS__)
[22.874s]      [01;36m[K^~~~~~~~~~~~~~~~~~~~~~~~~~~~~~~~~~~~~~~~[m[K
[22.874s] [01m[K/opt/ros/melodic/include/ros/console.h:387:7:[m[K [01;36m[Knote: [m[Kin expansion of macro ‘[01m[KROSCONSOLE_PRINT_AT_LOCATION[m[K’
[22.875s]        [01;36m[KROSCONSOLE_PRINT_AT_LOCATION[m[K(__VA_ARGS__); \
[22.875s]        [01;36m[K^~~~~~~~~~~~~~~~~~~~~~~~~~~~[m[K
[22.875s] [01m[K/opt/ros/melodic/include/ros/console.h:572:35:[m[K [01;36m[Knote: [m[Kin expansion of macro ‘[01m[KROS_LOG_COND[m[K’
[22.875s]  #define ROS_LOG(level, name, ...) [01;36m[KROS_LOG_COND[m[K(true, level, name, __VA_ARGS__)
[22.876s]                                    [01;36m[K^~~~~~~~~~~~[m[K
[22.876s] [01m[K/opt/ros/melodic/include/rosconsole/macros_generated.h:110:23:[m[K [01;36m[Knote: [m[Kin expansion of macro ‘[01m[KROS_LOG[m[K’
[22.876s]  #define ROS_INFO(...) [01;36m[KROS_LOG[m[K(::ros::console::levels::Info, ROSCONSOLE_DEFAULT_NAME, __VA_ARGS__)
[22.876s]                        [01;36m[K^~~~~~~[m[K
[22.877s] [01m[K/home/handsome/ros_ws_test/src/ros_base/robot_scheduling/robot_scheduling_server/src/public_actions/db_process_ac.cpp:60:5:[m[K [01;36m[Knote: [m[Kin expansion of macro ‘[01m[KROS_INFO[m[K’
[22.877s]      [01;36m[KR[m[KOS_INFO(goal.db_process_ac_name.c_str());
[22.877s]      [01;36m[K^[m[K
[22.878s] [01m[K/opt/ros/melodic/include/ros/console.h:348:176:[m[K [01;35m[Kwarning: [m[Kformat not a string literal and no format arguments [[01;35m[K-Wformat-security[m[K]
[22.878s]      ::ros::console::print(filter, __rosconsole_define_location__loc.logger_, __rosconsole_define_location__loc.level_, __FILE__, __LINE__, __ROSCONSOLE_FUNCTION__, __VA_ARGS__[01;35m[K)[m[K
[22.895s]                                                                                                                                                                                 [01;35m[K^[m[K
[22.895s] [01m[K/opt/ros/melodic/include/ros/console.h:351:5:[m[K [01;36m[Knote: [m[Kin expansion of macro ‘[01m[KROSCONSOLE_PRINT_AT_LOCATION_WITH_FILTER[m[K’
[22.896s]      [01;36m[KROSCONSOLE_PRINT_AT_LOCATION_WITH_FILTER[m[K(NULL, __VA_ARGS__)
[22.896s]      [01;36m[K^~~~~~~~~~~~~~~~~~~~~~~~~~~~~~~~~~~~~~~~[m[K
[22.896s] [01m[K/opt/ros/melodic/include/ros/console.h:387:7:[m[K [01;36m[Knote: [m[Kin expansion of macro ‘[01m[KROSCONSOLE_PRINT_AT_LOCATION[m[K’
[22.896s]        [01;36m[KROSCONSOLE_PRINT_AT_LOCATION[m[K(__VA_ARGS__); \
[22.897s]        [01;36m[K^~~~~~~~~~~~~~~~~~~~~~~~~~~~[m[K
[22.897s] [01m[K/opt/ros/melodic/include/ros/console.h:572:35:[m[K [01;36m[Knote: [m[Kin expansion of macro ‘[01m[KROS_LOG_COND[m[K’
[22.897s]  #define ROS_LOG(level, name, ...) [01;36m[KROS_LOG_COND[m[K(true, level, name, __VA_ARGS__)
[22.897s]                                    [01;36m[K^~~~~~~~~~~~[m[K
[22.898s] [01m[K/opt/ros/melodic/include/rosconsole/macros_generated.h:110:23:[m[K [01;36m[Knote: [m[Kin expansion of macro ‘[01m[KROS_LOG[m[K’
[22.898s]  #define ROS_INFO(...) [01;36m[KROS_LOG[m[K(::ros::console::levels::Info, ROSCONSOLE_DEFAULT_NAME, __VA_ARGS__)
[22.898s]                        [01;36m[K^~~~~~~[m[K
[22.898s] [01m[K/home/handsome/ros_ws_test/src/ros_base/robot_scheduling/robot_scheduling_server/src/public_actions/db_process_ac.cpp:67:5:[m[K [01;36m[Knote: [m[Kin expansion of macro ‘[01m[KROS_INFO[m[K’
[22.899s]      [01;36m[KR[m[KOS_INFO(goal.cmd_data.c_str());
[22.899s]      [01;36m[K^[m[K
[23.832s] [ 76%] [32mBuilding CXX object CMakeFiles/robot_scheduling_server_node.dir/src/private_actions/robot_command_ac.cpp.o[0m
[23.843s] [ 80%] [32mBuilding CXX object CMakeFiles/robot_scheduling_server_node.dir/src/private_actions/ctrl_state_recovery_ac.cpp.o[0m
[23.918s] [ 84%] [32mBuilding CXX object CMakeFiles/robot_scheduling_server_node.dir/src/private_actions/robot_run_state_ac.cpp.o[0m
[24.067s] [ 88%] [32mBuilding CXX object CMakeFiles/robot_scheduling_server_node.dir/src/public_actions/function_run_ac.cpp.o[0m
[29.254s] In file included from [01m[K/opt/ros/melodic/include/ros/ros.h:40:0[m[K,
[29.254s]                  from [01m[K/home/handsome/ros_ws_test/src/ros_base/robot_scheduling/robot_scheduling_server/include/public_actions/function_run_ac.h:4[m[K,
[29.254s]                  from [01m[K/home/handsome/ros_ws_test/src/ros_base/robot_scheduling/robot_scheduling_server/src/public_actions/function_run_ac.cpp:1[m[K:
[29.254s] [01m[K/home/handsome/ros_ws_test/src/ros_base/robot_scheduling/robot_scheduling_server/src/public_actions/function_run_ac.cpp:[m[K In member function ‘[01m[Kvoid function_run_ac::do_function_run_ac(const function_runGoal&)[m[K’:
[29.254s] [01m[K/opt/ros/melodic/include/ros/console.h:348:176:[m[K [01;35m[Kwarning: [m[Kformat not a string literal and no format arguments [[01;35m[K-Wformat-security[m[K]
[29.255s]      ::ros::console::print(filter, __rosconsole_define_location__loc.logger_, __rosconsole_define_location__loc.level_, __FILE__, __LINE__, __ROSCONSOLE_FUNCTION__, __VA_ARGS__[01;35m[K)[m[K
[29.255s]                                                                                                                                                                                 [01;35m[K^[m[K
[29.255s] [01m[K/opt/ros/melodic/include/ros/console.h:351:5:[m[K [01;36m[Knote: [m[Kin expansion of macro ‘[01m[KROSCONSOLE_PRINT_AT_LOCATION_WITH_FILTER[m[K’
[29.255s]      [01;36m[KROSCONSOLE_PRINT_AT_LOCATION_WITH_FILTER[m[K(NULL, __VA_ARGS__)
[29.255s]      [01;36m[K^~~~~~~~~~~~~~~~~~~~~~~~~~~~~~~~~~~~~~~~[m[K
[29.255s] [01m[K/opt/ros/melodic/include/ros/console.h:387:7:[m[K [01;36m[Knote: [m[Kin expansion of macro ‘[01m[KROSCONSOLE_PRINT_AT_LOCATION[m[K’
[29.255s]        [01;36m[KROSCONSOLE_PRINT_AT_LOCATION[m[K(__VA_ARGS__); \
[29.256s]        [01;36m[K^~~~~~~~~~~~~~~~~~~~~~~~~~~~[m[K
[29.256s] [01m[K/opt/ros/melodic/include/ros/console.h:572:35:[m[K [01;36m[Knote: [m[Kin expansion of macro ‘[01m[KROS_LOG_COND[m[K’
[29.256s]  #define ROS_LOG(level, name, ...) [01;36m[KROS_LOG_COND[m[K(true, level, name, __VA_ARGS__)
[29.256s]                                    [01;36m[K^~~~~~~~~~~~[m[K
[29.256s] [01m[K/opt/ros/melodic/include/rosconsole/macros_generated.h:110:23:[m[K [01;36m[Knote: [m[Kin expansion of macro ‘[01m[KROS_LOG[m[K’
[29.256s]  #define ROS_INFO(...) [01;36m[KROS_LOG[m[K(::ros::console::levels::Info, ROSCONSOLE_DEFAULT_NAME, __VA_ARGS__)
[29.256s]                        [01;36m[K^~~~~~~[m[K
[29.257s] [01m[K/home/handsome/ros_ws_test/src/ros_base/robot_scheduling/robot_scheduling_server/src/public_actions/function_run_ac.cpp:59:5:[m[K [01;36m[Knote: [m[Kin expansion of macro ‘[01m[KROS_INFO[m[K’
[29.257s]      [01;36m[KR[m[KOS_INFO(goal.cmd_data.c_str());
[29.257s]      [01;36m[K^[m[K
[34.180s] [ 92%] [32mBuilding CXX object CMakeFiles/robot_scheduling_server_node.dir/src/private_actions/robot_if_params_ac.cpp.o[0m
[38.196s] [ 96%] [32mBuilding CXX object CMakeFiles/robot_scheduling_server_node.dir/src/private_actions/interrupt_info_ac.cpp.o[0m
[42.542s] [100%] [32m[1mLinking CXX executable devel/lib/robot_scheduling_server/robot_scheduling_server_node[0m
[45.153s] [100%] Built target robot_scheduling_server_node
[45.170s] Invoked command in '/home/handsome/ros_ws_test/build/robot_scheduling_server' returned '0': CMAKE_PREFIX_PATH=/home/handsome/ros_ws_test/install/robot_scheduling_msgs:/home/handsome/ros_ws_test/install/pnp_ros:/home/handsome/ros_ws_test/install/locomotor_msgs:/home/handsome/ros_ws_test/install/ros_utility_tools:/home/handsome/ros_ws_test/install/pnp_msgs:/home/handsome/ros_ws_test/install/nav_2d_msgs:${CMAKE_PREFIX_PATH} LD_LIBRARY_PATH=/home/handsome/ros_ws_test/install/pnp_ros/lib:/home/handsome/ros_ws_test/install/ros_utility_tools/lib:/home/handsome/ros_ws/install/yocs_cmd_vel_mux/lib:/home/handsome/ros_ws/install/tuw_multi_robot_router/lib:/home/handsome/ros_ws/install/tuw_voronoi_graph/lib:/home/handsome/ros_ws/install/tuw_vehicle_msgs/lib:/home/handsome/ros_ws/install/tuw_nav_rviz/lib:/home/handsome/ros_ws/install/tuw_multi_robot_local_behavior_controller/lib:/home/handsome/ros_ws/install/tuw_multi_robot_ctrl/lib:/home/handsome/ros_ws/install/tuw_nav_msgs/lib:/home/handsome/ros_ws/install/tuw_multi_robot_rviz/lib:/home/handsome/ros_ws/install/tuw_geometry_rviz/lib:/home/handsome/ros_ws/install/tuw_geometry_msgs/lib:/home/handsome/ros_ws/install/tuw_geometry/lib:/home/handsome/ros_ws/install/tuw_control/lib:/home/handsome/ros_ws/install/teb2_local_planner/lib:/home/handsome/ros_ws/install/spatio_temporal_voxel_layer/lib:/home/handsome/ros_ws/install/robot_database_bridge/lib:/home/handsome/ros_ws/install/ros_utility_tools/lib:/home/handsome/ros_ws/install/robot_localization/lib:/home/handsome/ros_ws/install/pnp_ros/lib:/home/handsome/ros_ws/install/omron_os32c_driver/lib:/home/handsome/ros_ws/install/dlux_plugins/lib:/home/handsome/ros_ws/install/dlux_global_planner/lib:/home/handsome/ros_ws/install/nav_grid_pub_sub/lib:/home/handsome/ros_ws/install/dwb_critics/lib:/home/handsome/ros_ws/install/nav_grid_iterators/lib:/home/handsome/ros_ws/install/locomotor/lib:/home/handsome/ros_ws/install/nav_core_adapter/lib:/home/handsome/ros_ws/install/dwb_plugins/lib:/home/handsome/ros_ws/install/dwb_local_planner/lib:/home/handsome/ros_ws/install/nav_2d_utils/lib:/home/handsome/ros_ws/install/global_planner_tests/lib:/home/handsome/ros_ws/install/costmap_queue/lib:/home/handsome/ros_ws/install/nav_core2/lib:/home/handsome/ros_ws/install/mongodb_store/lib:/home/handsome/ros_ws/install/libcreate/lib:/opt/ros/melodic/lib:/usr/local/lib PKG_CONFIG_PATH=/home/handsome/ros_ws_test/install/robot_scheduling_msgs/lib/x86_64-linux-gnu/pkgconfig:/home/handsome/ros_ws_test/install/robot_scheduling_msgs/lib/pkgconfig:/home/handsome/ros_ws_test/install/pnp_ros/lib/x86_64-linux-gnu/pkgconfig:/home/handsome/ros_ws_test/install/pnp_ros/lib/pkgconfig:/home/handsome/ros_ws_test/install/locomotor_msgs/lib/x86_64-linux-gnu/pkgconfig:/home/handsome/ros_ws_test/install/locomotor_msgs/lib/pkgconfig:/home/handsome/ros_ws_test/install/ros_utility_tools/lib/x86_64-linux-gnu/pkgconfig:/home/handsome/ros_ws_test/install/ros_utility_tools/lib/pkgconfig:/home/handsome/ros_ws_test/install/pnp_msgs/lib/x86_64-linux-gnu/pkgconfig:/home/handsome/ros_ws_test/install/pnp_msgs/lib/pkgconfig:/home/handsome/ros_ws_test/install/nav_2d_msgs/lib/x86_64-linux-gnu/pkgconfig:/home/handsome/ros_ws_test/install/nav_2d_msgs/lib/pkgconfig:${PKG_CONFIG_PATH} PYTHONPATH=/home/handsome/ros_ws_test/install/robot_scheduling_msgs/lib/python2.7/dist-packages:/home/handsome/ros_ws_test/install/locomotor_msgs/lib/python2.7/dist-packages:/home/handsome/ros_ws_test/install/pnp_msgs/lib/python2.7/dist-packages:/home/handsome/ros_ws_test/install/nav_2d_msgs/lib/python2.7/dist-packages:${PYTHONPATH} ROS_PACKAGE_PATH=/home/handsome/ros_ws_test/install/robot_scheduling_msgs/share:/home/handsome/ros_ws_test/install/pnp_ros/share:/home/handsome/ros_ws_test/install/locomotor_msgs/share:/home/handsome/ros_ws_test/install/ros_utility_tools/share:/home/handsome/ros_ws_test/install/pnp_msgs/share:/home/handsome/ros_ws_test/install/nav_2d_msgs/share:${ROS_PACKAGE_PATH} /usr/bin/cmake --build /home/handsome/ros_ws_test/build/robot_scheduling_server -- -j12 -l12
[45.493s] Invoking command in '/home/handsome/ros_ws_test/build/robot_scheduling_server': CMAKE_PREFIX_PATH=/home/handsome/ros_ws_test/install/robot_scheduling_msgs:/home/handsome/ros_ws_test/install/pnp_ros:/home/handsome/ros_ws_test/install/locomotor_msgs:/home/handsome/ros_ws_test/install/ros_utility_tools:/home/handsome/ros_ws_test/install/pnp_msgs:/home/handsome/ros_ws_test/install/nav_2d_msgs:${CMAKE_PREFIX_PATH} LD_LIBRARY_PATH=/home/handsome/ros_ws_test/install/pnp_ros/lib:/home/handsome/ros_ws_test/install/ros_utility_tools/lib:/home/handsome/ros_ws/install/yocs_cmd_vel_mux/lib:/home/handsome/ros_ws/install/tuw_multi_robot_router/lib:/home/handsome/ros_ws/install/tuw_voronoi_graph/lib:/home/handsome/ros_ws/install/tuw_vehicle_msgs/lib:/home/handsome/ros_ws/install/tuw_nav_rviz/lib:/home/handsome/ros_ws/install/tuw_multi_robot_local_behavior_controller/lib:/home/handsome/ros_ws/install/tuw_multi_robot_ctrl/lib:/home/handsome/ros_ws/install/tuw_nav_msgs/lib:/home/handsome/ros_ws/install/tuw_multi_robot_rviz/lib:/home/handsome/ros_ws/install/tuw_geometry_rviz/lib:/home/handsome/ros_ws/install/tuw_geometry_msgs/lib:/home/handsome/ros_ws/install/tuw_geometry/lib:/home/handsome/ros_ws/install/tuw_control/lib:/home/handsome/ros_ws/install/teb2_local_planner/lib:/home/handsome/ros_ws/install/spatio_temporal_voxel_layer/lib:/home/handsome/ros_ws/install/robot_database_bridge/lib:/home/handsome/ros_ws/install/ros_utility_tools/lib:/home/handsome/ros_ws/install/robot_localization/lib:/home/handsome/ros_ws/install/pnp_ros/lib:/home/handsome/ros_ws/install/omron_os32c_driver/lib:/home/handsome/ros_ws/install/dlux_plugins/lib:/home/handsome/ros_ws/install/dlux_global_planner/lib:/home/handsome/ros_ws/install/nav_grid_pub_sub/lib:/home/handsome/ros_ws/install/dwb_critics/lib:/home/handsome/ros_ws/install/nav_grid_iterators/lib:/home/handsome/ros_ws/install/locomotor/lib:/home/handsome/ros_ws/install/nav_core_adapter/lib:/home/handsome/ros_ws/install/dwb_plugins/lib:/home/handsome/ros_ws/install/dwb_local_planner/lib:/home/handsome/ros_ws/install/nav_2d_utils/lib:/home/handsome/ros_ws/install/global_planner_tests/lib:/home/handsome/ros_ws/install/costmap_queue/lib:/home/handsome/ros_ws/install/nav_core2/lib:/home/handsome/ros_ws/install/mongodb_store/lib:/home/handsome/ros_ws/install/libcreate/lib:/opt/ros/melodic/lib:/usr/local/lib PKG_CONFIG_PATH=/home/handsome/ros_ws_test/install/robot_scheduling_msgs/lib/x86_64-linux-gnu/pkgconfig:/home/handsome/ros_ws_test/install/robot_scheduling_msgs/lib/pkgconfig:/home/handsome/ros_ws_test/install/pnp_ros/lib/x86_64-linux-gnu/pkgconfig:/home/handsome/ros_ws_test/install/pnp_ros/lib/pkgconfig:/home/handsome/ros_ws_test/install/locomotor_msgs/lib/x86_64-linux-gnu/pkgconfig:/home/handsome/ros_ws_test/install/locomotor_msgs/lib/pkgconfig:/home/handsome/ros_ws_test/install/ros_utility_tools/lib/x86_64-linux-gnu/pkgconfig:/home/handsome/ros_ws_test/install/ros_utility_tools/lib/pkgconfig:/home/handsome/ros_ws_test/install/pnp_msgs/lib/x86_64-linux-gnu/pkgconfig:/home/handsome/ros_ws_test/install/pnp_msgs/lib/pkgconfig:/home/handsome/ros_ws_test/install/nav_2d_msgs/lib/x86_64-linux-gnu/pkgconfig:/home/handsome/ros_ws_test/install/nav_2d_msgs/lib/pkgconfig:${PKG_CONFIG_PATH} PYTHONPATH=/home/handsome/ros_ws_test/install/robot_scheduling_msgs/lib/python2.7/dist-packages:/home/handsome/ros_ws_test/install/locomotor_msgs/lib/python2.7/dist-packages:/home/handsome/ros_ws_test/install/pnp_msgs/lib/python2.7/dist-packages:/home/handsome/ros_ws_test/install/nav_2d_msgs/lib/python2.7/dist-packages:${PYTHONPATH} ROS_PACKAGE_PATH=/home/handsome/ros_ws_test/install/robot_scheduling_msgs/share:/home/handsome/ros_ws_test/install/pnp_ros/share:/home/handsome/ros_ws_test/install/locomotor_msgs/share:/home/handsome/ros_ws_test/install/ros_utility_tools/share:/home/handsome/ros_ws_test/install/pnp_msgs/share:/home/handsome/ros_ws_test/install/nav_2d_msgs/share:${ROS_PACKAGE_PATH} /usr/bin/cmake --build /home/handsome/ros_ws_test/build/robot_scheduling_server --target tests -- -j12 -l12
[45.597s] [35m[1mScanning dependencies of target tests[0m
[45.614s] Built target tests
[45.638s] Invoked command in '/home/handsome/ros_ws_test/build/robot_scheduling_server' returned '0': CMAKE_PREFIX_PATH=/home/handsome/ros_ws_test/install/robot_scheduling_msgs:/home/handsome/ros_ws_test/install/pnp_ros:/home/handsome/ros_ws_test/install/locomotor_msgs:/home/handsome/ros_ws_test/install/ros_utility_tools:/home/handsome/ros_ws_test/install/pnp_msgs:/home/handsome/ros_ws_test/install/nav_2d_msgs:${CMAKE_PREFIX_PATH} LD_LIBRARY_PATH=/home/handsome/ros_ws_test/install/pnp_ros/lib:/home/handsome/ros_ws_test/install/ros_utility_tools/lib:/home/handsome/ros_ws/install/yocs_cmd_vel_mux/lib:/home/handsome/ros_ws/install/tuw_multi_robot_router/lib:/home/handsome/ros_ws/install/tuw_voronoi_graph/lib:/home/handsome/ros_ws/install/tuw_vehicle_msgs/lib:/home/handsome/ros_ws/install/tuw_nav_rviz/lib:/home/handsome/ros_ws/install/tuw_multi_robot_local_behavior_controller/lib:/home/handsome/ros_ws/install/tuw_multi_robot_ctrl/lib:/home/handsome/ros_ws/install/tuw_nav_msgs/lib:/home/handsome/ros_ws/install/tuw_multi_robot_rviz/lib:/home/handsome/ros_ws/install/tuw_geometry_rviz/lib:/home/handsome/ros_ws/install/tuw_geometry_msgs/lib:/home/handsome/ros_ws/install/tuw_geometry/lib:/home/handsome/ros_ws/install/tuw_control/lib:/home/handsome/ros_ws/install/teb2_local_planner/lib:/home/handsome/ros_ws/install/spatio_temporal_voxel_layer/lib:/home/handsome/ros_ws/install/robot_database_bridge/lib:/home/handsome/ros_ws/install/ros_utility_tools/lib:/home/handsome/ros_ws/install/robot_localization/lib:/home/handsome/ros_ws/install/pnp_ros/lib:/home/handsome/ros_ws/install/omron_os32c_driver/lib:/home/handsome/ros_ws/install/dlux_plugins/lib:/home/handsome/ros_ws/install/dlux_global_planner/lib:/home/handsome/ros_ws/install/nav_grid_pub_sub/lib:/home/handsome/ros_ws/install/dwb_critics/lib:/home/handsome/ros_ws/install/nav_grid_iterators/lib:/home/handsome/ros_ws/install/locomotor/lib:/home/handsome/ros_ws/install/nav_core_adapter/lib:/home/handsome/ros_ws/install/dwb_plugins/lib:/home/handsome/ros_ws/install/dwb_local_planner/lib:/home/handsome/ros_ws/install/nav_2d_utils/lib:/home/handsome/ros_ws/install/global_planner_tests/lib:/home/handsome/ros_ws/install/costmap_queue/lib:/home/handsome/ros_ws/install/nav_core2/lib:/home/handsome/ros_ws/install/mongodb_store/lib:/home/handsome/ros_ws/install/libcreate/lib:/opt/ros/melodic/lib:/usr/local/lib PKG_CONFIG_PATH=/home/handsome/ros_ws_test/install/robot_scheduling_msgs/lib/x86_64-linux-gnu/pkgconfig:/home/handsome/ros_ws_test/install/robot_scheduling_msgs/lib/pkgconfig:/home/handsome/ros_ws_test/install/pnp_ros/lib/x86_64-linux-gnu/pkgconfig:/home/handsome/ros_ws_test/install/pnp_ros/lib/pkgconfig:/home/handsome/ros_ws_test/install/locomotor_msgs/lib/x86_64-linux-gnu/pkgconfig:/home/handsome/ros_ws_test/install/locomotor_msgs/lib/pkgconfig:/home/handsome/ros_ws_test/install/ros_utility_tools/lib/x86_64-linux-gnu/pkgconfig:/home/handsome/ros_ws_test/install/ros_utility_tools/lib/pkgconfig:/home/handsome/ros_ws_test/install/pnp_msgs/lib/x86_64-linux-gnu/pkgconfig:/home/handsome/ros_ws_test/install/pnp_msgs/lib/pkgconfig:/home/handsome/ros_ws_test/install/nav_2d_msgs/lib/x86_64-linux-gnu/pkgconfig:/home/handsome/ros_ws_test/install/nav_2d_msgs/lib/pkgconfig:${PKG_CONFIG_PATH} PYTHONPATH=/home/handsome/ros_ws_test/install/robot_scheduling_msgs/lib/python2.7/dist-packages:/home/handsome/ros_ws_test/install/locomotor_msgs/lib/python2.7/dist-packages:/home/handsome/ros_ws_test/install/pnp_msgs/lib/python2.7/dist-packages:/home/handsome/ros_ws_test/install/nav_2d_msgs/lib/python2.7/dist-packages:${PYTHONPATH} ROS_PACKAGE_PATH=/home/handsome/ros_ws_test/install/robot_scheduling_msgs/share:/home/handsome/ros_ws_test/install/pnp_ros/share:/home/handsome/ros_ws_test/install/locomotor_msgs/share:/home/handsome/ros_ws_test/install/ros_utility_tools/share:/home/handsome/ros_ws_test/install/pnp_msgs/share:/home/handsome/ros_ws_test/install/nav_2d_msgs/share:${ROS_PACKAGE_PATH} /usr/bin/cmake --build /home/handsome/ros_ws_test/build/robot_scheduling_server --target tests -- -j12 -l12
[45.950s] Invoking command in '/home/handsome/ros_ws_test/build/robot_scheduling_server': CMAKE_PREFIX_PATH=/home/handsome/ros_ws_test/install/robot_scheduling_msgs:/home/handsome/ros_ws_test/install/pnp_ros:/home/handsome/ros_ws_test/install/locomotor_msgs:/home/handsome/ros_ws_test/install/ros_utility_tools:/home/handsome/ros_ws_test/install/pnp_msgs:/home/handsome/ros_ws_test/install/nav_2d_msgs:${CMAKE_PREFIX_PATH} LD_LIBRARY_PATH=/home/handsome/ros_ws_test/install/pnp_ros/lib:/home/handsome/ros_ws_test/install/ros_utility_tools/lib:/home/handsome/ros_ws/install/yocs_cmd_vel_mux/lib:/home/handsome/ros_ws/install/tuw_multi_robot_router/lib:/home/handsome/ros_ws/install/tuw_voronoi_graph/lib:/home/handsome/ros_ws/install/tuw_vehicle_msgs/lib:/home/handsome/ros_ws/install/tuw_nav_rviz/lib:/home/handsome/ros_ws/install/tuw_multi_robot_local_behavior_controller/lib:/home/handsome/ros_ws/install/tuw_multi_robot_ctrl/lib:/home/handsome/ros_ws/install/tuw_nav_msgs/lib:/home/handsome/ros_ws/install/tuw_multi_robot_rviz/lib:/home/handsome/ros_ws/install/tuw_geometry_rviz/lib:/home/handsome/ros_ws/install/tuw_geometry_msgs/lib:/home/handsome/ros_ws/install/tuw_geometry/lib:/home/handsome/ros_ws/install/tuw_control/lib:/home/handsome/ros_ws/install/teb2_local_planner/lib:/home/handsome/ros_ws/install/spatio_temporal_voxel_layer/lib:/home/handsome/ros_ws/install/robot_database_bridge/lib:/home/handsome/ros_ws/install/ros_utility_tools/lib:/home/handsome/ros_ws/install/robot_localization/lib:/home/handsome/ros_ws/install/pnp_ros/lib:/home/handsome/ros_ws/install/omron_os32c_driver/lib:/home/handsome/ros_ws/install/dlux_plugins/lib:/home/handsome/ros_ws/install/dlux_global_planner/lib:/home/handsome/ros_ws/install/nav_grid_pub_sub/lib:/home/handsome/ros_ws/install/dwb_critics/lib:/home/handsome/ros_ws/install/nav_grid_iterators/lib:/home/handsome/ros_ws/install/locomotor/lib:/home/handsome/ros_ws/install/nav_core_adapter/lib:/home/handsome/ros_ws/install/dwb_plugins/lib:/home/handsome/ros_ws/install/dwb_local_planner/lib:/home/handsome/ros_ws/install/nav_2d_utils/lib:/home/handsome/ros_ws/install/global_planner_tests/lib:/home/handsome/ros_ws/install/costmap_queue/lib:/home/handsome/ros_ws/install/nav_core2/lib:/home/handsome/ros_ws/install/mongodb_store/lib:/home/handsome/ros_ws/install/libcreate/lib:/opt/ros/melodic/lib:/usr/local/lib PKG_CONFIG_PATH=/home/handsome/ros_ws_test/install/robot_scheduling_msgs/lib/x86_64-linux-gnu/pkgconfig:/home/handsome/ros_ws_test/install/robot_scheduling_msgs/lib/pkgconfig:/home/handsome/ros_ws_test/install/pnp_ros/lib/x86_64-linux-gnu/pkgconfig:/home/handsome/ros_ws_test/install/pnp_ros/lib/pkgconfig:/home/handsome/ros_ws_test/install/locomotor_msgs/lib/x86_64-linux-gnu/pkgconfig:/home/handsome/ros_ws_test/install/locomotor_msgs/lib/pkgconfig:/home/handsome/ros_ws_test/install/ros_utility_tools/lib/x86_64-linux-gnu/pkgconfig:/home/handsome/ros_ws_test/install/ros_utility_tools/lib/pkgconfig:/home/handsome/ros_ws_test/install/pnp_msgs/lib/x86_64-linux-gnu/pkgconfig:/home/handsome/ros_ws_test/install/pnp_msgs/lib/pkgconfig:/home/handsome/ros_ws_test/install/nav_2d_msgs/lib/x86_64-linux-gnu/pkgconfig:/home/handsome/ros_ws_test/install/nav_2d_msgs/lib/pkgconfig:${PKG_CONFIG_PATH} PYTHONPATH=/home/handsome/ros_ws_test/install/robot_scheduling_msgs/lib/python2.7/dist-packages:/home/handsome/ros_ws_test/install/locomotor_msgs/lib/python2.7/dist-packages:/home/handsome/ros_ws_test/install/pnp_msgs/lib/python2.7/dist-packages:/home/handsome/ros_ws_test/install/nav_2d_msgs/lib/python2.7/dist-packages:${PYTHONPATH} ROS_PACKAGE_PATH=/home/handsome/ros_ws_test/install/robot_scheduling_msgs/share:/home/handsome/ros_ws_test/install/pnp_ros/share:/home/handsome/ros_ws_test/install/locomotor_msgs/share:/home/handsome/ros_ws_test/install/ros_utility_tools/share:/home/handsome/ros_ws_test/install/pnp_msgs/share:/home/handsome/ros_ws_test/install/nav_2d_msgs/share:${ROS_PACKAGE_PATH} /usr/bin/cmake --build /home/handsome/ros_ws_test/build/robot_scheduling_server --target install -- -j12 -l12
[46.117s] [100%] Built target robot_scheduling_server_node
[46.163s] [36mInstall the project...[0m
[46.179s] -- Install configuration: ""
[46.180s] -- Installing: /home/handsome/ros_ws_test/install/robot_scheduling_server/lib/pkgconfig/robot_scheduling_server.pc
[46.180s] -- Installing: /home/handsome/ros_ws_test/install/robot_scheduling_server/share/robot_scheduling_server/cmake/robot_scheduling_serverConfig.cmake
[46.180s] -- Installing: /home/handsome/ros_ws_test/install/robot_scheduling_server/share/robot_scheduling_server/cmake/robot_scheduling_serverConfig-version.cmake
[46.180s] -- Installing: /home/handsome/ros_ws_test/install/robot_scheduling_server/share/robot_scheduling_server/package.xml
[46.180s] -- Installing: /home/handsome/ros_ws_test/install/robot_scheduling_server/lib/robot_scheduling_server/robot_scheduling_server_node
[46.195s] -- Set runtime path of "/home/handsome/ros_ws_test/install/robot_scheduling_server/lib/robot_scheduling_server/robot_scheduling_server_node" to ""
[46.195s] -- Installing: /home/handsome/ros_ws_test/install/robot_scheduling_server/share/robot_scheduling_server/launch
[46.195s] -- Installing: /home/handsome/ros_ws_test/install/robot_scheduling_server/share/robot_scheduling_server/launch/robot_scheduling_server.launch
[46.196s] -- Installing: /home/handsome/ros_ws_test/install/robot_scheduling_server/share/robot_scheduling_server/launch/robot_scheduling_all.launch
[46.196s] -- Installing: /home/handsome/ros_ws_test/install/robot_scheduling_server/share/robot_scheduling_server/launch/cellctrl_database_bridge.launch
[46.196s] -- Installing: /home/handsome/ros_ws_test/install/robot_scheduling_server/share/robot_scheduling_server/plans
[46.196s] -- Installing: /home/handsome/ros_ws_test/install/robot_scheduling_server/share/robot_scheduling_server/plans/pnpCarMainDispatch.pnml
[46.196s] -- Installing: /home/handsome/ros_ws_test/install/robot_scheduling_server/share/robot_scheduling_server/plans/main
[46.197s] -- Installing: /home/handsome/ros_ws_test/install/robot_scheduling_server/share/robot_scheduling_server/plans/main/pnpModulePoseDock.pnml
[46.197s] -- Installing: /home/handsome/ros_ws_test/install/robot_scheduling_server/share/robot_scheduling_server/plans/main/pnpOperateRemote.pnml
[46.197s] -- Installing: /home/handsome/ros_ws_test/install/robot_scheduling_server/share/robot_scheduling_server/plans/main/pnpInit1SetParameter.pnml
[46.197s] -- Installing: /home/handsome/ros_ws_test/install/robot_scheduling_server/share/robot_scheduling_server/plans/main/pnpModuleTurn.pnml
[46.197s] -- Installing: /home/handsome/ros_ws_test/install/robot_scheduling_server/share/robot_scheduling_server/plans/main/pnpOperateManual.pnml
[46.198s] -- Installing: /home/handsome/ros_ws_test/install/robot_scheduling_server/share/robot_scheduling_server/plans/main/pnpSystemMain.pnml
[46.198s] -- Installing: /home/handsome/ros_ws_test/install/robot_scheduling_server/share/robot_scheduling_server/plans/main/pnpOperateAlarm.pnml
[46.198s] -- Installing: /home/handsome/ros_ws_test/install/robot_scheduling_server/share/robot_scheduling_server/plans/main/pnpChangeSystemStatus0.pnml
[46.198s] -- Installing: /home/handsome/ros_ws_test/install/robot_scheduling_server/share/robot_scheduling_server/plans/main/pnpInit1poseinit.pnml
[46.198s] -- Installing: /home/handsome/ros_ws_test/install/robot_scheduling_server/share/robot_scheduling_server/plans/main/pnpChangeSystemStatus2.pnml
[46.198s] -- Installing: /home/handsome/ros_ws_test/install/robot_scheduling_server/share/robot_scheduling_server/plans/main/pnpModuleDoFunction.pnml
[46.199s] -- Installing: /home/handsome/ros_ws_test/install/robot_scheduling_server/share/robot_scheduling_server/plans/main/pnpChangeSystemStatus1.pnml
[46.199s] -- Installing: /home/handsome/ros_ws_test/install/robot_scheduling_server/share/robot_scheduling_server/plans/main/pnpModuleMoveINT.pnml
[46.199s] -- Installing: /home/handsome/ros_ws_test/install/robot_scheduling_server/share/robot_scheduling_server/plans/main/pnpModuleBatteryCharge.pnml
[46.199s] -- Installing: /home/handsome/ros_ws_test/install/robot_scheduling_server/share/robot_scheduling_server/plans/main/pnpModuleWorkSheet.pnml
[46.199s] -- Installing: /home/handsome/ros_ws_test/install/robot_scheduling_server/share/robot_scheduling_server/plans/main/pnpOperatePause.pnml
[46.199s] -- Installing: /home/handsome/ros_ws_test/install/robot_scheduling_server/share/robot_scheduling_server/plans/main/pnpInit1StartUp.pnml
[46.199s] -- Installing: /home/handsome/ros_ws_test/install/robot_scheduling_server/share/robot_scheduling_server/plans/main/pnpPowerCharge.pnml
[46.199s] -- Installing: /home/handsome/ros_ws_test/install/robot_scheduling_server/share/robot_scheduling_server/plans/main/pnpStandbyAction.pnml
[46.199s] -- Installing: /home/handsome/ros_ws_test/install/robot_scheduling_server/share/robot_scheduling_server/plans/main/pnpOperateStandby.pnml
[46.200s] -- Installing: /home/handsome/ros_ws_test/install/robot_scheduling_server/share/robot_scheduling_server/plans/main/pnpModulePoseUnDock.pnml
[46.200s] -- Installing: /home/handsome/ros_ws_test/install/robot_scheduling_server/share/robot_scheduling_server/plans/main/pnpInit0PowerUp.pnml
[46.200s] -- Installing: /home/handsome/ros_ws_test/install/robot_scheduling_server/share/robot_scheduling_server/plans/main/pnpModuleMove.pnml
[46.200s] -- Installing: /home/handsome/ros_ws_test/install/robot_scheduling_server/share/robot_scheduling_server/plans/backup.zip
[46.200s] -- Installing: /home/handsome/ros_ws_test/install/robot_scheduling_server/share/robot_scheduling_server/plans/pnpCarMainDispatch_test_2.pnml
[46.200s] -- Installing: /home/handsome/ros_ws_test/install/robot_scheduling_server/share/robot_scheduling_server/plans/pnpCarUnknow.pnml
[46.201s] -- Installing: /home/handsome/ros_ws_test/install/robot_scheduling_server/share/robot_scheduling_server/plans/pnpPowerDock.pnml
[46.201s] -- Installing: /home/handsome/ros_ws_test/install/robot_scheduling_server/share/robot_scheduling_server/plans/pnpCarNone.pnml
[46.201s] -- Installing: /home/handsome/ros_ws_test/install/robot_scheduling_server/share/robot_scheduling_server/plans/pnpManual.pnml
[46.201s] -- Installing: /home/handsome/ros_ws_test/install/robot_scheduling_server/share/robot_scheduling_server/plans/car
[46.201s] -- Installing: /home/handsome/ros_ws_test/install/robot_scheduling_server/share/robot_scheduling_server/plans/car/pnpCarMainDispatch.pnml
[46.202s] -- Installing: /home/handsome/ros_ws_test/install/robot_scheduling_server/share/robot_scheduling_server/plans/car/png
[46.202s] -- Installing: /home/handsome/ros_ws_test/install/robot_scheduling_server/share/robot_scheduling_server/plans/car/png/pnpCarRemote.png
[46.202s] -- Installing: /home/handsome/ros_ws_test/install/robot_scheduling_server/share/robot_scheduling_server/plans/car/png/pnpPowerDock.png
[46.202s] -- Installing: /home/handsome/ros_ws_test/install/robot_scheduling_server/share/robot_scheduling_server/plans/car/png/pnpCarMainDispatch.png
[46.202s] -- Installing: /home/handsome/ros_ws_test/install/robot_scheduling_server/share/robot_scheduling_server/plans/car/png/pnpWorkSheet_config.pnml.png
[46.202s] -- Installing: /home/handsome/ros_ws_test/install/robot_scheduling_server/share/robot_scheduling_server/plans/car/png/hyc_action_dispatch_1.pdf
[46.203s] -- Installing: /home/handsome/ros_ws_test/install/robot_scheduling_server/share/robot_scheduling_server/plans/car/png/hyc_action_dispatch.pdf
[46.203s] -- Installing: /home/handsome/ros_ws_test/install/robot_scheduling_server/share/robot_scheduling_server/plans/car/png/pnpCarManual.png
[46.203s] -- Installing: /home/handsome/ros_ws_test/install/robot_scheduling_server/share/robot_scheduling_server/plans/car/png/pnpCarUnknow.png
[46.203s] -- Installing: /home/handsome/ros_ws_test/install/robot_scheduling_server/share/robot_scheduling_server/plans/car/png/pnpCarInitPose.png
[46.203s] -- Installing: /home/handsome/ros_ws_test/install/robot_scheduling_server/share/robot_scheduling_server/plans/car/png/pnpCarMainDispatch_test_2.png
[46.204s] -- Installing: /home/handsome/ros_ws_test/install/robot_scheduling_server/share/robot_scheduling_server/plans/car/png/pnpCarNone.png
[46.204s] -- Installing: /home/handsome/ros_ws_test/install/robot_scheduling_server/share/robot_scheduling_server/plans/car/png/pnpCarStandby.png
[46.204s] -- Installing: /home/handsome/ros_ws_test/install/robot_scheduling_server/share/robot_scheduling_server/plans/car/png/pnpWorkSheet_config.png
[46.204s] -- Installing: /home/handsome/ros_ws_test/install/robot_scheduling_server/share/robot_scheduling_server/plans/car/png/pnpWorkSheet_config.pnml.png.pnml
[46.204s] -- Installing: /home/handsome/ros_ws_test/install/robot_scheduling_server/share/robot_scheduling_server/plans/car/png/pnpCarControllerRetry.png
[46.204s] -- Installing: /home/handsome/ros_ws_test/install/robot_scheduling_server/share/robot_scheduling_server/plans/car/png/hyc_action_dispatch.odg
[46.205s] -- Installing: /home/handsome/ros_ws_test/install/robot_scheduling_server/share/robot_scheduling_server/plans/car/pnpCarUnknow.pnml
[46.205s] -- Installing: /home/handsome/ros_ws_test/install/robot_scheduling_server/share/robot_scheduling_server/plans/car/pnpPowerDock.pnml
[46.205s] -- Installing: /home/handsome/ros_ws_test/install/robot_scheduling_server/share/robot_scheduling_server/plans/car/pnpCarNone.pnml
[46.205s] -- Installing: /home/handsome/ros_ws_test/install/robot_scheduling_server/share/robot_scheduling_server/plans/car/pnpManual.pnml
[46.205s] -- Installing: /home/handsome/ros_ws_test/install/robot_scheduling_server/share/robot_scheduling_server/plans/car/pnpMoveToPark.pnml
[46.205s] -- Installing: /home/handsome/ros_ws_test/install/robot_scheduling_server/share/robot_scheduling_server/plans/car/pnpCarControllerRetry.pnml
[46.206s] -- Installing: /home/handsome/ros_ws_test/install/robot_scheduling_server/share/robot_scheduling_server/plans/car/pnpCarRemote.pnml
[46.206s] -- Installing: /home/handsome/ros_ws_test/install/robot_scheduling_server/share/robot_scheduling_server/plans/car/pnpCarStandby.pnml
[46.206s] -- Installing: /home/handsome/ros_ws_test/install/robot_scheduling_server/share/robot_scheduling_server/plans/car/pnpCarManual.pnml
[46.206s] -- Installing: /home/handsome/ros_ws_test/install/robot_scheduling_server/share/robot_scheduling_server/plans/car/pnpCarInitPose.pnml
[46.206s] -- Installing: /home/handsome/ros_ws_test/install/robot_scheduling_server/share/robot_scheduling_server/plans/pnpCarMainDispatch_test.pnml
[46.206s] -- Installing: /home/handsome/ros_ws_test/install/robot_scheduling_server/share/robot_scheduling_server/plans/pnpMoveToPark.pnml
[46.206s] -- Installing: /home/handsome/ros_ws_test/install/robot_scheduling_server/share/robot_scheduling_server/plans/pnpCarMainDispatch_1_test.pnml
[46.206s] -- Installing: /home/handsome/ros_ws_test/install/robot_scheduling_server/share/robot_scheduling_server/plans/pnpCarControllerRetry.pnml
[46.206s] -- Installing: /home/handsome/ros_ws_test/install/robot_scheduling_server/share/robot_scheduling_server/plans/pnpCarMainDispatch_test_2.png
[46.206s] -- Installing: /home/handsome/ros_ws_test/install/robot_scheduling_server/share/robot_scheduling_server/plans/pnpCarRemote.pnml
[46.207s] -- Installing: /home/handsome/ros_ws_test/install/robot_scheduling_server/share/robot_scheduling_server/plans/test
[46.207s] -- Installing: /home/handsome/ros_ws_test/install/robot_scheduling_server/share/robot_scheduling_server/plans/test/pnpMoveToArea1.pnml
[46.207s] -- Installing: /home/handsome/ros_ws_test/install/robot_scheduling_server/share/robot_scheduling_server/plans/test/pnpMoveToArea2.pnml
[46.207s] -- Installing: /home/handsome/ros_ws_test/install/robot_scheduling_server/share/robot_scheduling_server/plans/test/pnpMoveToTest.pnml
[46.207s] -- Installing: /home/handsome/ros_ws_test/install/robot_scheduling_server/share/robot_scheduling_server/plans/pnp_module
[46.208s] -- Installing: /home/handsome/ros_ws_test/install/robot_scheduling_server/share/robot_scheduling_server/plans/pnp_module/pnpModuleHomeMove.pnml
[46.208s] -- Installing: /home/handsome/ros_ws_test/install/robot_scheduling_server/share/robot_scheduling_server/plans/pnp_module/pnpModulePreDockMove.pnml
[46.208s] -- Installing: /home/handsome/ros_ws_test/install/robot_scheduling_server/share/robot_scheduling_server/plans/pnp_module/pnpModuleTurn.pnml
[46.208s] -- Installing: /home/handsome/ros_ws_test/install/robot_scheduling_server/share/robot_scheduling_server/plans/pnp_module/pnpModulePowerPreDockMove.pnml
[46.208s] -- Installing: /home/handsome/ros_ws_test/install/robot_scheduling_server/share/robot_scheduling_server/plans/pnp_module/pnpWorkSheetRun.pnml
[46.208s] -- Installing: /home/handsome/ros_ws_test/install/robot_scheduling_server/share/robot_scheduling_server/plans/pnp_module/system
[46.209s] -- Installing: /home/handsome/ros_ws_test/install/robot_scheduling_server/share/robot_scheduling_server/plans/pnp_module/system/pnpModuleMainDispatch.pnml
[46.209s] -- Installing: /home/handsome/ros_ws_test/install/robot_scheduling_server/share/robot_scheduling_server/plans/pnp_module/system/pnpModuleMoveINT.pnml
[46.209s] -- Installing: /home/handsome/ros_ws_test/install/robot_scheduling_server/share/robot_scheduling_server/plans/pnp_module/system/pnpModuleBatteryCharge.pnml
[46.209s] -- Installing: /home/handsome/ros_ws_test/install/robot_scheduling_server/share/robot_scheduling_server/plans/pnp_module/system/pnpModuleMove.pnml
[46.210s] -- Installing: /home/handsome/ros_ws_test/install/robot_scheduling_server/share/robot_scheduling_server/plans/pnp_module/pnpModuleParamsInitSet.pnml
[46.210s] -- Installing: /home/handsome/ros_ws_test/install/robot_scheduling_server/share/robot_scheduling_server/plans/pnp_module/pnpModuleCommonMove.pnml
[46.210s] -- Installing: /home/handsome/ros_ws_test/install/robot_scheduling_server/share/robot_scheduling_server/plans/pnp_module/png
[46.211s] -- Installing: /home/handsome/ros_ws_test/install/robot_scheduling_server/share/robot_scheduling_server/plans/pnp_module/png/pnpModuleSetStatus.png
[46.211s] -- Installing: /home/handsome/ros_ws_test/install/robot_scheduling_server/share/robot_scheduling_server/plans/pnp_module/png/pnpModulePostDockMove.png
[46.211s] -- Installing: /home/handsome/ros_ws_test/install/robot_scheduling_server/share/robot_scheduling_server/plans/pnp_module/png/pnpModuleDock.png
[46.211s] -- Installing: /home/handsome/ros_ws_test/install/robot_scheduling_server/share/robot_scheduling_server/plans/pnp_module/png/pnpModuleTurn.png.pnml
[46.211s] -- Installing: /home/handsome/ros_ws_test/install/robot_scheduling_server/share/robot_scheduling_server/plans/pnp_module/png/pnpModulePowerPreDockMove.png
[46.211s] -- Installing: /home/handsome/ros_ws_test/install/robot_scheduling_server/share/robot_scheduling_server/plans/pnp_module/png/pnpModuleHomeMove.png
[46.212s] -- Installing: /home/handsome/ros_ws_test/install/robot_scheduling_server/share/robot_scheduling_server/plans/pnp_module/png/pnpModulePowerPostUnDockMove.png
[46.212s] -- Installing: /home/handsome/ros_ws_test/install/robot_scheduling_server/share/robot_scheduling_server/plans/pnp_module/png/hyc_action_pnp_modules.odg
[46.212s] -- Installing: /home/handsome/ros_ws_test/install/robot_scheduling_server/share/robot_scheduling_server/plans/pnp_module/png/pnpModuleMoveINT.png
[46.213s] -- Installing: /home/handsome/ros_ws_test/install/robot_scheduling_server/share/robot_scheduling_server/plans/pnp_module/png/pnpModuleDoFunction.png
[46.213s] -- Installing: /home/handsome/ros_ws_test/install/robot_scheduling_server/share/robot_scheduling_server/plans/pnp_module/png/pnpModuleUnDock.png
[46.213s] -- Installing: /home/handsome/ros_ws_test/install/robot_scheduling_server/share/robot_scheduling_server/plans/pnp_module/png/pnpModuleMove.png
[46.213s] -- Installing: /home/handsome/ros_ws_test/install/robot_scheduling_server/share/robot_scheduling_server/plans/pnp_module/png/pnpModuleBatteryCharge.png
[46.213s] -- Installing: /home/handsome/ros_ws_test/install/robot_scheduling_server/share/robot_scheduling_server/plans/pnp_module/png/hyc_action_pnp_modules.pdf
[46.214s] -- Installing: /home/handsome/ros_ws_test/install/robot_scheduling_server/share/robot_scheduling_server/plans/pnp_module/png/pnpModulePowerPostUnDockMove.png.pnml
[46.214s] -- Installing: /home/handsome/ros_ws_test/install/robot_scheduling_server/share/robot_scheduling_server/plans/pnp_module/png/pnpModuleParamsInitSet.png.pnml
[46.214s] -- Installing: /home/handsome/ros_ws_test/install/robot_scheduling_server/share/robot_scheduling_server/plans/pnp_module/png/pnpModuleParamsInitSet.png
[46.214s] -- Installing: /home/handsome/ros_ws_test/install/robot_scheduling_server/share/robot_scheduling_server/plans/pnp_module/png/pnpModulePutInCharge.png
[46.214s] -- Installing: /home/handsome/ros_ws_test/install/robot_scheduling_server/share/robot_scheduling_server/plans/pnp_module/png/pnpWorkSheetRun.png
[46.214s] -- Installing: /home/handsome/ros_ws_test/install/robot_scheduling_server/share/robot_scheduling_server/plans/pnp_module/png/pnpModulePreDockMove.png
[46.215s] -- Installing: /home/handsome/ros_ws_test/install/robot_scheduling_server/share/robot_scheduling_server/plans/pnp_module/png/pnpModuleCommonMove.png
[46.215s] -- Installing: /home/handsome/ros_ws_test/install/robot_scheduling_server/share/robot_scheduling_server/plans/pnp_module/png/pnpModuleTurn.png
[46.215s] -- Installing: /home/handsome/ros_ws_test/install/robot_scheduling_server/share/robot_scheduling_server/plans/pnp_module/png/hyc_action_dispatch.odg
[46.215s] -- Installing: /home/handsome/ros_ws_test/install/robot_scheduling_server/share/robot_scheduling_server/plans/pnp_module/png/pnpModuleParkMove.png
[46.216s] -- Installing: /home/handsome/ros_ws_test/install/robot_scheduling_server/share/robot_scheduling_server/plans/pnp_module/pnpModuleUnDock.pnml
[46.216s] -- Installing: /home/handsome/ros_ws_test/install/robot_scheduling_server/share/robot_scheduling_server/plans/pnp_module/pnpModulePowerPostUnDockMove.pnml
[46.216s] -- Installing: /home/handsome/ros_ws_test/install/robot_scheduling_server/share/robot_scheduling_server/plans/pnp_module/pnpModulePutInCharge.pnml
[46.216s] -- Installing: /home/handsome/ros_ws_test/install/robot_scheduling_server/share/robot_scheduling_server/plans/pnp_module/pnpModuleSetStatus.pnml
[46.216s] -- Installing: /home/handsome/ros_ws_test/install/robot_scheduling_server/share/robot_scheduling_server/plans/pnp_module/pnpModuleParamsInitSet123.pnml
[46.217s] -- Installing: /home/handsome/ros_ws_test/install/robot_scheduling_server/share/robot_scheduling_server/plans/pnp_module/pnpModuleDoFunction.pnml
[46.217s] -- Installing: /home/handsome/ros_ws_test/install/robot_scheduling_server/share/robot_scheduling_server/plans/pnp_module/pnpModuleMoveINT.pnml
[46.217s] -- Installing: /home/handsome/ros_ws_test/install/robot_scheduling_server/share/robot_scheduling_server/plans/pnp_module/pnpModuleBatteryCharge.pnml
[46.217s] -- Installing: /home/handsome/ros_ws_test/install/robot_scheduling_server/share/robot_scheduling_server/plans/pnp_module/pnpModuleParkMove.pnml
[46.217s] -- Installing: /home/handsome/ros_ws_test/install/robot_scheduling_server/share/robot_scheduling_server/plans/pnp_module/pnpModulePostDockMove.pnml
[46.218s] -- Installing: /home/handsome/ros_ws_test/install/robot_scheduling_server/share/robot_scheduling_server/plans/pnp_module/pnpTest
[46.218s] -- Installing: /home/handsome/ros_ws_test/install/robot_scheduling_server/share/robot_scheduling_server/plans/pnp_module/pnpTest/pnpModulePreDockMove.pnml
[46.218s] -- Installing: /home/handsome/ros_ws_test/install/robot_scheduling_server/share/robot_scheduling_server/plans/pnp_module/pnpTest/pnpModuleParamsInitSet.pnml
[46.218s] -- Installing: /home/handsome/ros_ws_test/install/robot_scheduling_server/share/robot_scheduling_server/plans/pnp_module/pnpTest/pnpModuleTurnTest.pnml
[46.218s] -- Installing: /home/handsome/ros_ws_test/install/robot_scheduling_server/share/robot_scheduling_server/plans/pnp_module/pnpTest/pnpModuleSetStatus.pnml
[46.219s] -- Installing: /home/handsome/ros_ws_test/install/robot_scheduling_server/share/robot_scheduling_server/plans/pnp_module/pnpTest/pnpModuleMoveINT.pnml
[46.219s] -- Installing: /home/handsome/ros_ws_test/install/robot_scheduling_server/share/robot_scheduling_server/plans/pnp_module/pnpTest/pnpModuleParkMove.pnml
[46.219s] -- Installing: /home/handsome/ros_ws_test/install/robot_scheduling_server/share/robot_scheduling_server/plans/pnp_module/pnpModuleDock.pnml
[46.219s] -- Installing: /home/handsome/ros_ws_test/install/robot_scheduling_server/share/robot_scheduling_server/plans/pnp_module/pnpModuleMove.pnml
[46.219s] -- Installing: /home/handsome/ros_ws_test/install/robot_scheduling_server/share/robot_scheduling_server/plans/pnpCarStandby.pnml
[46.219s] -- Installing: /home/handsome/ros_ws_test/install/robot_scheduling_server/share/robot_scheduling_server/plans/pnpWorkSheet_config.pnml
[46.220s] -- Installing: /home/handsome/ros_ws_test/install/robot_scheduling_server/share/robot_scheduling_server/plans/pnpWorkSheet_test.pnml
[46.220s] -- Installing: /home/handsome/ros_ws_test/install/robot_scheduling_server/share/robot_scheduling_server/plans/pnpCarManual.pnml
[46.220s] -- Installing: /home/handsome/ros_ws_test/install/robot_scheduling_server/share/robot_scheduling_server/plans/pnpCarInitPose.pnml
[46.220s] -- Installing: /home/handsome/ros_ws_test/install/robot_scheduling_server/share/robot_scheduling_server/plans/backup
[46.221s] -- Installing: /home/handsome/ros_ws_test/install/robot_scheduling_server/share/robot_scheduling_server/plans/backup/exptest.pnml
[46.221s] -- Installing: /home/handsome/ros_ws_test/install/robot_scheduling_server/share/robot_scheduling_server/plans/backup/module
[46.221s] -- Installing: /home/handsome/ros_ws_test/install/robot_scheduling_server/share/robot_scheduling_server/plans/backup/module/pnpPreDock.pnml
[46.221s] -- Installing: /home/handsome/ros_ws_test/install/robot_scheduling_server/share/robot_scheduling_server/plans/backup/module/pnpAGVMoveTo.pnml
[46.221s] -- Installing: /home/handsome/ros_ws_test/install/robot_scheduling_server/share/robot_scheduling_server/plans/backup/module/pnpPreMission.pnml
[46.222s] -- Installing: /home/handsome/ros_ws_test/install/robot_scheduling_server/share/robot_scheduling_server/plans/backup/module/pnpPoseRecognize.pnml
[46.222s] -- Installing: /home/handsome/ros_ws_test/install/robot_scheduling_server/share/robot_scheduling_server/plans/backup/module/pnpPostMission.pnml
[46.222s] -- Installing: /home/handsome/ros_ws_test/install/robot_scheduling_server/share/robot_scheduling_server/plans/backup/module/pnp_main_sequence.pnml
[46.222s] -- Installing: /home/handsome/ros_ws_test/install/robot_scheduling_server/share/robot_scheduling_server/plans/backup/module/pnpInitial.pnml
[46.222s] -- Installing: /home/handsome/ros_ws_test/install/robot_scheduling_server/share/robot_scheduling_server/plans/backup/module/pnpMissionAGVMoveTo.pnml
[46.223s] -- Installing: /home/handsome/ros_ws_test/install/robot_scheduling_server/share/robot_scheduling_server/plans/backup/module/reference
[46.223s] -- Installing: /home/handsome/ros_ws_test/install/robot_scheduling_server/share/robot_scheduling_server/plans/backup/module/reference/pnp_template.pnml.png.pnml
[46.223s] -- Installing: /home/handsome/ros_ws_test/install/robot_scheduling_server/share/robot_scheduling_server/plans/backup/module/reference/pnp_template_new1.pnml
[46.223s] -- Installing: /home/handsome/ros_ws_test/install/robot_scheduling_server/share/robot_scheduling_server/plans/backup/module/reference/power_dock.pnml
[46.224s] -- Installing: /home/handsome/ros_ws_test/install/robot_scheduling_server/share/robot_scheduling_server/plans/backup/module/reference/pnp_template.png
[46.224s] -- Installing: /home/handsome/ros_ws_test/install/robot_scheduling_server/share/robot_scheduling_server/plans/backup/module/reference/pnp_template.pnml
[46.224s] -- Installing: /home/handsome/ros_ws_test/install/robot_scheduling_server/share/robot_scheduling_server/plans/backup/module/reference/pnp_template_new.png
[46.224s] -- Installing: /home/handsome/ros_ws_test/install/robot_scheduling_server/share/robot_scheduling_server/plans/backup/module/reference/pnp_main_sequence.png
[46.224s] -- Installing: /home/handsome/ros_ws_test/install/robot_scheduling_server/share/robot_scheduling_server/plans/backup/module/reference/pnp_template_new.pnml
[46.225s] -- Installing: /home/handsome/ros_ws_test/install/robot_scheduling_server/share/robot_scheduling_server/plans/backup/module/pnpPowerUndock.pnml
[46.225s] -- Installing: /home/handsome/ros_ws_test/install/robot_scheduling_server/share/robot_scheduling_server/plans/backup/module/pnpPowerDock.pnml
[46.225s] -- Installing: /home/handsome/ros_ws_test/install/robot_scheduling_server/share/robot_scheduling_server/plans/backup/module/pnpStandbySet.pnml
[46.225s] -- Installing: /home/handsome/ros_ws_test/install/robot_scheduling_server/share/robot_scheduling_server/plans/backup/module/pnpInitPosSet.pnml
[46.225s] -- Installing: /home/handsome/ros_ws_test/install/robot_scheduling_server/share/robot_scheduling_server/plans/backup/module/pnpMission.pnml
[46.226s] -- Installing: /home/handsome/ros_ws_test/install/robot_scheduling_server/share/robot_scheduling_server/plans/backup/module/pnpAGVStandby.pnml
[46.226s] -- Installing: /home/handsome/ros_ws_test/install/robot_scheduling_server/share/robot_scheduling_server/plans/backup/module/pnpMainctrlStatus.pnml
[46.226s] -- Installing: /home/handsome/ros_ws_test/install/robot_scheduling_server/share/robot_scheduling_server/plans/backup/module/pnpAGVMoveTo1.pnml
[46.226s] -- Installing: /home/handsome/ros_ws_test/install/robot_scheduling_server/share/robot_scheduling_server/plans/backup/module/pnpPowerPlugIn.pnml
[46.226s] -- Installing: /home/handsome/ros_ws_test/install/robot_scheduling_server/share/robot_scheduling_server/plans/backup/module/pnpAlarmSet.pnml
[46.227s] -- Installing: /home/handsome/ros_ws_test/install/robot_scheduling_server/share/robot_scheduling_server/plans/backup/module/pnpPostUndock.pnml
[46.227s] -- Installing: /home/handsome/ros_ws_test/install/robot_scheduling_server/share/robot_scheduling_server/plans/backup/module/pnpPowerPlugOut.pnml
[46.227s] -- Installing: /home/handsome/ros_ws_test/install/robot_scheduling_server/share/robot_scheduling_server/plans/backup/exppark.pnml
[46.227s] -- Installing: /home/handsome/ros_ws_test/install/robot_scheduling_server/share/robot_scheduling_server/plans/backup/fetch_box_plan.pnml.png.pnml
[46.228s] -- Installing: /home/handsome/ros_ws_test/install/robot_scheduling_server/share/robot_scheduling_server/plans/backup/webcharge.pnml
[46.228s] -- Installing: /home/handsome/ros_ws_test/install/robot_scheduling_server/share/robot_scheduling_server/plans/backup/jarp.properties
[46.228s] -- Installing: /home/handsome/ros_ws_test/install/robot_scheduling_server/share/robot_scheduling_server/plans/backup/webwait.pnml
[46.228s] -- Installing: /home/handsome/ros_ws_test/install/robot_scheduling_server/share/robot_scheduling_server/plans/backup/module_
[46.228s] -- Installing: /home/handsome/ros_ws_test/install/robot_scheduling_server/share/robot_scheduling_server/plans/backup/module_/pnpStatusDispatch3.pnml
[46.229s] -- Installing: /home/handsome/ros_ws_test/install/robot_scheduling_server/share/robot_scheduling_server/plans/backup/module_/pnpAGVMoveTo.pnml
[46.229s] -- Installing: /home/handsome/ros_ws_test/install/robot_scheduling_server/share/robot_scheduling_server/plans/backup/module_/pnpPoseRecognize.pnml
[46.229s] -- Installing: /home/handsome/ros_ws_test/install/robot_scheduling_server/share/robot_scheduling_server/plans/backup/module_/pnpStatusDispatch1.pnml
[46.229s] -- Installing: /home/handsome/ros_ws_test/install/robot_scheduling_server/share/robot_scheduling_server/plans/backup/module_/pnpStatusDispatch5.pnml
[46.229s] -- Installing: /home/handsome/ros_ws_test/install/robot_scheduling_server/share/robot_scheduling_server/plans/backup/module_/pnpStatusDispatch.pnml
[46.229s] -- Installing: /home/handsome/ros_ws_test/install/robot_scheduling_server/share/robot_scheduling_server/plans/backup/module_/pnpAGVStandby.pnml
[46.229s] -- Installing: /home/handsome/ros_ws_test/install/robot_scheduling_server/share/robot_scheduling_server/plans/backup/module_/pnpMainctrlStatus.pnml
[46.229s] -- Installing: /home/handsome/ros_ws_test/install/robot_scheduling_server/share/robot_scheduling_server/plans/backup/module_/pnpStatusDispatch2.pnml
[46.230s] -- Installing: /home/handsome/ros_ws_test/install/robot_scheduling_server/share/robot_scheduling_server/plans/backup/module_/pnpStatusDispatch4.pnml
[46.230s] -- Installing: /home/handsome/ros_ws_test/install/robot_scheduling_server/share/robot_scheduling_server/plans/backup/demol.pnml
[46.230s] -- Installing: /home/handsome/ros_ws_test/install/robot_scheduling_server/share/robot_scheduling_server/plans/backup/webreset.pnml
[46.230s] -- Installing: /home/handsome/ros_ws_test/install/robot_scheduling_server/share/robot_scheduling_server/plans/backup/expturn180.pnml
[46.230s] -- Installing: /home/handsome/ros_ws_test/install/robot_scheduling_server/share/robot_scheduling_server/plans/backup/run_jarp.sh
[46.231s] -- Installing: /home/handsome/ros_ws_test/install/robot_scheduling_server/share/robot_scheduling_server/plans/backup/stationa.pnml
[46.231s] -- Installing: /home/handsome/ros_ws_test/install/robot_scheduling_server/share/robot_scheduling_server/plans/backup/webunpark.pnml
[46.231s] -- Installing: /home/handsome/ros_ws_test/install/robot_scheduling_server/share/robot_scheduling_server/plans/backup/demo.pnml
[46.231s] -- Installing: /home/handsome/ros_ws_test/install/robot_scheduling_server/share/robot_scheduling_server/plans/backup/moveplan.pnml
[46.231s] -- Installing: /home/handsome/ros_ws_test/install/robot_scheduling_server/share/robot_scheduling_server/plans/backup/test.pnml
[46.231s] -- Installing: /home/handsome/ros_ws_test/install/robot_scheduling_server/share/robot_scheduling_server/plans/backup/demoEason.pnml
[46.231s] -- Installing: /home/handsome/ros_ws_test/install/robot_scheduling_server/share/robot_scheduling_server/plans/backup/skip.pnml
[46.231s] -- Installing: /home/handsome/ros_ws_test/install/robot_scheduling_server/share/robot_scheduling_server/plans/backup/ABloop.pnml
[46.231s] -- Installing: /home/handsome/ros_ws_test/install/robot_scheduling_server/share/robot_scheduling_server/plans/backup/webgo.pnml
[46.231s] -- Installing: /home/handsome/ros_ws_test/install/robot_scheduling_server/share/robot_scheduling_server/plans/backup/load.pnml
[46.232s] -- Installing: /home/handsome/ros_ws_test/install/robot_scheduling_server/share/robot_scheduling_server/plans/backup/webparkloop.pnml
[46.232s] -- Installing: /home/handsome/ros_ws_test/install/robot_scheduling_server/share/robot_scheduling_server/plans/backup/expdemo.pnml
[46.232s] -- Installing: /home/handsome/ros_ws_test/install/robot_scheduling_server/share/robot_scheduling_server/plans/backup/demou.pnml
[46.232s] -- Installing: /home/handsome/ros_ws_test/install/robot_scheduling_server/share/robot_scheduling_server/plans/backup/gor1.pnml
[46.232s] -- Installing: /home/handsome/ros_ws_test/install/robot_scheduling_server/share/robot_scheduling_server/plans/backup/expturn0.pnml
[46.232s] -- Installing: /home/handsome/ros_ws_test/install/robot_scheduling_server/share/robot_scheduling_server/plans/backup/short1.pnml
[46.232s] -- Installing: /home/handsome/ros_ws_test/install/robot_scheduling_server/share/robot_scheduling_server/plans/backup/example
[46.232s] -- Installing: /home/handsome/ros_ws_test/install/robot_scheduling_server/share/robot_scheduling_server/plans/backup/example/interrupt.pnml
[46.232s] -- Installing: /home/handsome/ros_ws_test/install/robot_scheduling_server/share/robot_scheduling_server/plans/backup/example/MultiRobot.png
[46.232s] -- Installing: /home/handsome/ros_ws_test/install/robot_scheduling_server/share/robot_scheduling_server/plans/backup/example/ending_plan.pnml
[46.232s] -- Installing: /home/handsome/ros_ws_test/install/robot_scheduling_server/share/robot_scheduling_server/plans/backup/example/sequence_loop.pnml
[46.233s] -- Installing: /home/handsome/ros_ws_test/install/robot_scheduling_server/share/robot_scheduling_server/plans/backup/example/sensing.png
[46.233s] -- Installing: /home/handsome/ros_ws_test/install/robot_scheduling_server/share/robot_scheduling_server/plans/backup/example/MultiRobot.pnml
[46.233s] -- Installing: /home/handsome/ros_ws_test/install/robot_scheduling_server/share/robot_scheduling_server/plans/backup/example/fork_join.png
[46.233s] -- Installing: /home/handsome/ros_ws_test/install/robot_scheduling_server/share/robot_scheduling_server/plans/backup/example/sensing.pnml
[46.233s] -- Installing: /home/handsome/ros_ws_test/install/robot_scheduling_server/share/robot_scheduling_server/plans/backup/example/interrupt.png
[46.233s] -- Installing: /home/handsome/ros_ws_test/install/robot_scheduling_server/share/robot_scheduling_server/plans/backup/example/fork_join.pnml
[46.234s] -- Installing: /home/handsome/ros_ws_test/install/robot_scheduling_server/share/robot_scheduling_server/plans/backup/example/sequence_loop.png
[46.234s] -- Installing: /home/handsome/ros_ws_test/install/robot_scheduling_server/share/robot_scheduling_server/plans/backup/loop1.pnml
[46.234s] -- Installing: /home/handsome/ros_ws_test/install/robot_scheduling_server/share/robot_scheduling_server/plans/backup/posAZ.pnml
[46.234s] -- Installing: /home/handsome/ros_ws_test/install/robot_scheduling_server/share/robot_scheduling_server/plans/backup/module_new
[46.235s] -- Installing: /home/handsome/ros_ws_test/install/robot_scheduling_server/share/robot_scheduling_server/plans/backup/module_new/pnpActionDispatch02.pnml
[46.237s] -- Installing: /home/handsome/ros_ws_test/install/robot_scheduling_server/share/robot_scheduling_server/plans/backup/module_new/pnpStatusDispatch01.pnml
[46.237s] -- Installing: /home/handsome/ros_ws_test/install/robot_scheduling_server/share/robot_scheduling_server/plans/backup/module_new/pnpActionDispatch06.pnml
[46.238s] -- Installing: /home/handsome/ros_ws_test/install/robot_scheduling_server/share/robot_scheduling_server/plans/backup/module_new/pnpStatusDispatch.pnml
[46.238s] -- Installing: /home/handsome/ros_ws_test/install/robot_scheduling_server/share/robot_scheduling_server/plans/backup/module_new/pnpActionDispatch01.pnml
[46.239s] -- Installing: /home/handsome/ros_ws_test/install/robot_scheduling_server/share/robot_scheduling_server/plans/backup/module_new/pnpStatusDispatch06 (copy).pnml
[46.239s] -- Installing: /home/handsome/ros_ws_test/install/robot_scheduling_server/share/robot_scheduling_server/plans/backup/module_new/pnpStatusDispatch04.pnml
[46.239s] -- Installing: /home/handsome/ros_ws_test/install/robot_scheduling_server/share/robot_scheduling_server/plans/backup/module_new/pnpActionUnknow.pnml
[46.240s] -- Installing: /home/handsome/ros_ws_test/install/robot_scheduling_server/share/robot_scheduling_server/plans/backup/module_new/pnpActionMainDispatch.pnml
[46.240s] -- Installing: /home/handsome/ros_ws_test/install/robot_scheduling_server/share/robot_scheduling_server/plans/backup/module_new/pnpActionDispatch05.pnml
[46.240s] -- Installing: /home/handsome/ros_ws_test/install/robot_scheduling_server/share/robot_scheduling_server/plans/backup/module_new/pnpStatusDispatch03.pnml
[46.240s] -- Installing: /home/handsome/ros_ws_test/install/robot_scheduling_server/share/robot_scheduling_server/plans/backup/module_new/pnpActionDispatch04.pnml
[46.241s] -- Installing: /home/handsome/ros_ws_test/install/robot_scheduling_server/share/robot_scheduling_server/plans/backup/module_new/pnpStatusDispatch02.pnml
[46.242s] -- Installing: /home/handsome/ros_ws_test/install/robot_scheduling_server/share/robot_scheduling_server/plans/backup/module_new/pnpStatusDispatch06.pnml
[46.243s] -- Installing: /home/handsome/ros_ws_test/install/robot_scheduling_server/share/robot_scheduling_server/plans/backup/module_new/pnpStatusDispatch05.pnml
[46.243s] -- Installing: /home/handsome/ros_ws_test/install/robot_scheduling_server/share/robot_scheduling_server/plans/backup/module_new/pnpActionDispatch03.pnml
[46.244s] -- Installing: /home/handsome/ros_ws_test/install/robot_scheduling_server/share/robot_scheduling_server/plans/backup/stationb.pnml
[46.244s] -- Installing: /home/handsome/ros_ws_test/install/robot_scheduling_server/share/robot_scheduling_server/plans/backup/loop.pnml
[46.244s] -- Installing: /home/handsome/ros_ws_test/install/robot_scheduling_server/share/robot_scheduling_server/plans/backup/plug.pnml
[46.245s] -- Installing: /home/handsome/ros_ws_test/install/robot_scheduling_server/share/robot_scheduling_server/plans/backup/dockloop.pnml
[46.245s] -- Installing: /home/handsome/ros_ws_test/install/robot_scheduling_server/share/robot_scheduling_server/plans/backup/fakecharge.pnml
[46.245s] -- Installing: /home/handsome/ros_ws_test/install/robot_scheduling_server/share/robot_scheduling_server/plans/backup/webpark.pnml
[46.247s] -- Installing: /home/handsome/ros_ws_test/install/robot_scheduling_server/share/robot_scheduling_server/plans/backup/webpid.pnml
[46.247s] -- Installing: /home/handsome/ros_ws_test/install/robot_scheduling_server/share/robot_scheduling_server/plans/pnpCarDatabase_Test.pnml
[46.248s] -- Installing: /home/handsome/ros_ws_test/install/robot_scheduling_server/include/robot_scheduling_server
[46.248s] -- Installing: /home/handsome/ros_ws_test/install/robot_scheduling_server/include/robot_scheduling_server/robot_scheduling_pnp_params.h
[46.248s] -- Installing: /home/handsome/ros_ws_test/install/robot_scheduling_server/include/robot_scheduling_server/public_actions
[46.249s] -- Installing: /home/handsome/ros_ws_test/install/robot_scheduling_server/include/robot_scheduling_server/public_actions/worksheetrun_ac.h
[46.249s] -- Installing: /home/handsome/ros_ws_test/install/robot_scheduling_server/include/robot_scheduling_server/public_actions/pose_turn_to_recovery_ac.h
[46.250s] -- Installing: /home/handsome/ros_ws_test/install/robot_scheduling_server/include/robot_scheduling_server/public_actions/undock_to_ac.h
[46.253s] -- Installing: /home/handsome/ros_ws_test/install/robot_scheduling_server/include/robot_scheduling_server/public_actions/pose_turn_to_ac.h
[46.253s] -- Installing: /home/handsome/ros_ws_test/install/robot_scheduling_server/include/robot_scheduling_server/public_actions/pose_move_to_ac.h
[46.254s] -- Installing: /home/handsome/ros_ws_test/install/robot_scheduling_server/include/robot_scheduling_server/public_actions/undock_to_recovery_ac.h
[46.254s] -- Installing: /home/handsome/ros_ws_test/install/robot_scheduling_server/include/robot_scheduling_server/public_actions/pose_move_to_recovery_ac.h
[46.254s] -- Installing: /home/handsome/ros_ws_test/install/robot_scheduling_server/include/robot_scheduling_server/public_actions/pose_move_to_recovery_ac (copy.txt
[46.254s] -- Installing: /home/handsome/ros_ws_test/install/robot_scheduling_server/include/robot_scheduling_server/public_actions/pose_recognize_ac.h
[46.255s] -- Installing: /home/handsome/ros_ws_test/install/robot_scheduling_server/include/robot_scheduling_server/public_actions/db_process_recovery_ac.h
[46.255s] -- Installing: /home/handsome/ros_ws_test/install/robot_scheduling_server/include/robot_scheduling_server/public_actions/dock_to_ac.h
[46.255s] -- Installing: /home/handsome/ros_ws_test/install/robot_scheduling_server/include/robot_scheduling_server/public_actions/dock_to_recovery_ac.h
[46.255s] -- Installing: /home/handsome/ros_ws_test/install/robot_scheduling_server/include/robot_scheduling_server/public_actions/function_run_ac.h
[46.255s] -- Installing: /home/handsome/ros_ws_test/install/robot_scheduling_server/include/robot_scheduling_server/public_actions/pose_recognize_recovery_ac.h
[46.255s] -- Installing: /home/handsome/ros_ws_test/install/robot_scheduling_server/include/robot_scheduling_server/public_actions/db_process_ac.h
[46.255s] -- Installing: /home/handsome/ros_ws_test/install/robot_scheduling_server/include/robot_scheduling_server/private_actions
[46.256s] -- Installing: /home/handsome/ros_ws_test/install/robot_scheduling_server/include/robot_scheduling_server/private_actions/robot_run_state_ac.h
[46.256s] -- Installing: /home/handsome/ros_ws_test/install/robot_scheduling_server/include/robot_scheduling_server/private_actions/robot_time_wait_ac.h
[46.256s] -- Installing: /home/handsome/ros_ws_test/install/robot_scheduling_server/include/robot_scheduling_server/private_actions/ctrl_state_recovery_ac.h
[46.256s] -- Installing: /home/handsome/ros_ws_test/install/robot_scheduling_server/include/robot_scheduling_server/private_actions/power_charge_recovery_ac.h
[46.256s] -- Installing: /home/handsome/ros_ws_test/install/robot_scheduling_server/include/robot_scheduling_server/private_actions/interrupt_info_ac.h
[46.256s] -- Installing: /home/handsome/ros_ws_test/install/robot_scheduling_server/include/robot_scheduling_server/private_actions/power_charge_ac.h
[46.257s] -- Installing: /home/handsome/ros_ws_test/install/robot_scheduling_server/include/robot_scheduling_server/private_actions/robot_if_params_ac.h
[46.257s] -- Installing: /home/handsome/ros_ws_test/install/robot_scheduling_server/include/robot_scheduling_server/private_actions/robot_command_ac.h
[46.257s] -- Installing: /home/handsome/ros_ws_test/install/robot_scheduling_server/include/robot_scheduling_server/robot_scheduling_pnp_server.h
[46.257s] -- Installing: /home/handsome/ros_ws_test/install/robot_scheduling_server/include/robot_scheduling_server/robot_scheduling_server.h
[46.258s] Invoked command in '/home/handsome/ros_ws_test/build/robot_scheduling_server' returned '0': CMAKE_PREFIX_PATH=/home/handsome/ros_ws_test/install/robot_scheduling_msgs:/home/handsome/ros_ws_test/install/pnp_ros:/home/handsome/ros_ws_test/install/locomotor_msgs:/home/handsome/ros_ws_test/install/ros_utility_tools:/home/handsome/ros_ws_test/install/pnp_msgs:/home/handsome/ros_ws_test/install/nav_2d_msgs:${CMAKE_PREFIX_PATH} LD_LIBRARY_PATH=/home/handsome/ros_ws_test/install/pnp_ros/lib:/home/handsome/ros_ws_test/install/ros_utility_tools/lib:/home/handsome/ros_ws/install/yocs_cmd_vel_mux/lib:/home/handsome/ros_ws/install/tuw_multi_robot_router/lib:/home/handsome/ros_ws/install/tuw_voronoi_graph/lib:/home/handsome/ros_ws/install/tuw_vehicle_msgs/lib:/home/handsome/ros_ws/install/tuw_nav_rviz/lib:/home/handsome/ros_ws/install/tuw_multi_robot_local_behavior_controller/lib:/home/handsome/ros_ws/install/tuw_multi_robot_ctrl/lib:/home/handsome/ros_ws/install/tuw_nav_msgs/lib:/home/handsome/ros_ws/install/tuw_multi_robot_rviz/lib:/home/handsome/ros_ws/install/tuw_geometry_rviz/lib:/home/handsome/ros_ws/install/tuw_geometry_msgs/lib:/home/handsome/ros_ws/install/tuw_geometry/lib:/home/handsome/ros_ws/install/tuw_control/lib:/home/handsome/ros_ws/install/teb2_local_planner/lib:/home/handsome/ros_ws/install/spatio_temporal_voxel_layer/lib:/home/handsome/ros_ws/install/robot_database_bridge/lib:/home/handsome/ros_ws/install/ros_utility_tools/lib:/home/handsome/ros_ws/install/robot_localization/lib:/home/handsome/ros_ws/install/pnp_ros/lib:/home/handsome/ros_ws/install/omron_os32c_driver/lib:/home/handsome/ros_ws/install/dlux_plugins/lib:/home/handsome/ros_ws/install/dlux_global_planner/lib:/home/handsome/ros_ws/install/nav_grid_pub_sub/lib:/home/handsome/ros_ws/install/dwb_critics/lib:/home/handsome/ros_ws/install/nav_grid_iterators/lib:/home/handsome/ros_ws/install/locomotor/lib:/home/handsome/ros_ws/install/nav_core_adapter/lib:/home/handsome/ros_ws/install/dwb_plugins/lib:/home/handsome/ros_ws/install/dwb_local_planner/lib:/home/handsome/ros_ws/install/nav_2d_utils/lib:/home/handsome/ros_ws/install/global_planner_tests/lib:/home/handsome/ros_ws/install/costmap_queue/lib:/home/handsome/ros_ws/install/nav_core2/lib:/home/handsome/ros_ws/install/mongodb_store/lib:/home/handsome/ros_ws/install/libcreate/lib:/opt/ros/melodic/lib:/usr/local/lib PKG_CONFIG_PATH=/home/handsome/ros_ws_test/install/robot_scheduling_msgs/lib/x86_64-linux-gnu/pkgconfig:/home/handsome/ros_ws_test/install/robot_scheduling_msgs/lib/pkgconfig:/home/handsome/ros_ws_test/install/pnp_ros/lib/x86_64-linux-gnu/pkgconfig:/home/handsome/ros_ws_test/install/pnp_ros/lib/pkgconfig:/home/handsome/ros_ws_test/install/locomotor_msgs/lib/x86_64-linux-gnu/pkgconfig:/home/handsome/ros_ws_test/install/locomotor_msgs/lib/pkgconfig:/home/handsome/ros_ws_test/install/ros_utility_tools/lib/x86_64-linux-gnu/pkgconfig:/home/handsome/ros_ws_test/install/ros_utility_tools/lib/pkgconfig:/home/handsome/ros_ws_test/install/pnp_msgs/lib/x86_64-linux-gnu/pkgconfig:/home/handsome/ros_ws_test/install/pnp_msgs/lib/pkgconfig:/home/handsome/ros_ws_test/install/nav_2d_msgs/lib/x86_64-linux-gnu/pkgconfig:/home/handsome/ros_ws_test/install/nav_2d_msgs/lib/pkgconfig:${PKG_CONFIG_PATH} PYTHONPATH=/home/handsome/ros_ws_test/install/robot_scheduling_msgs/lib/python2.7/dist-packages:/home/handsome/ros_ws_test/install/locomotor_msgs/lib/python2.7/dist-packages:/home/handsome/ros_ws_test/install/pnp_msgs/lib/python2.7/dist-packages:/home/handsome/ros_ws_test/install/nav_2d_msgs/lib/python2.7/dist-packages:${PYTHONPATH} ROS_PACKAGE_PATH=/home/handsome/ros_ws_test/install/robot_scheduling_msgs/share:/home/handsome/ros_ws_test/install/pnp_ros/share:/home/handsome/ros_ws_test/install/locomotor_msgs/share:/home/handsome/ros_ws_test/install/ros_utility_tools/share:/home/handsome/ros_ws_test/install/pnp_msgs/share:/home/handsome/ros_ws_test/install/nav_2d_msgs/share:${ROS_PACKAGE_PATH} /usr/bin/cmake --build /home/handsome/ros_ws_test/build/robot_scheduling_server --target install -- -j12 -l12
