[0.134s] Invoking command in '/home/handsome/ros_ws_test/build/nav_grid': /usr/bin/cmake --build /home/handsome/ros_ws_test/build/nav_grid -- -j12 -l12
[0.489s] Invoked command in '/home/handsome/ros_ws_test/build/nav_grid' returned '0': /usr/bin/cmake --build /home/handsome/ros_ws_test/build/nav_grid -- -j12 -l12
[1.911s] Invoking command in '/home/handsome/ros_ws_test/build/nav_grid': /usr/bin/cmake --build /home/handsome/ros_ws_test/build/nav_grid --target tests -- -j12 -l12
[2.799s] [ 50%] Built target gtest
[2.997s] [100%] Built target utest
[3.120s] [100%] Built target tests
[3.221s] Invoked command in '/home/handsome/ros_ws_test/build/nav_grid' returned '0': /usr/bin/cmake --build /home/handsome/ros_ws_test/build/nav_grid --target tests -- -j12 -l12
[3.549s] Invoking command in '/home/handsome/ros_ws_test/build/nav_grid': /usr/bin/cmake --build /home/handsome/ros_ws_test/build/nav_grid --target install -- -j12 -l12
[3.715s] [36mInstall the project...[0m
[3.776s] -- Install configuration: ""
[3.777s] -- Up-to-date: /home/handsome/ros_ws_test/install/nav_grid/lib/pkgconfig/nav_grid.pc
[3.777s] -- Up-to-date: /home/handsome/ros_ws_test/install/nav_grid/share/nav_grid/cmake/nav_gridConfig.cmake
[3.778s] -- Up-to-date: /home/handsome/ros_ws_test/install/nav_grid/share/nav_grid/cmake/nav_gridConfig-version.cmake
[3.778s] -- Up-to-date: /home/handsome/ros_ws_test/install/nav_grid/share/nav_grid/package.xml
[3.778s] -- Up-to-date: /home/handsome/ros_ws_test/install/nav_grid/include/nav_grid
[3.778s] -- Up-to-date: /home/handsome/ros_ws_test/install/nav_grid/include/nav_grid/index.h
[3.778s] -- Up-to-date: /home/handsome/ros_ws_test/install/nav_grid/include/nav_grid/nav_grid.h
[3.778s] -- Up-to-date: /home/handsome/ros_ws_test/install/nav_grid/include/nav_grid/nav_grid_info.h
[3.778s] -- Up-to-date: /home/handsome/ros_ws_test/install/nav_grid/include/nav_grid/vector_nav_grid.h
[3.778s] -- Up-to-date: /home/handsome/ros_ws_test/install/nav_grid/include/nav_grid/coordinate_conversion.h
[3.805s] Invoked command in '/home/handsome/ros_ws_test/build/nav_grid' returned '0': /usr/bin/cmake --build /home/handsome/ros_ws_test/build/nav_grid --target install -- -j12 -l12
