[0.074s] Invoking command in '/home/handsome/ros_ws_test/build/tug_example_msgs': /usr/bin/cmake --build /home/handsome/ros_ws_test/build/tug_example_msgs -- -j12 -l12
[0.562s] [  0%] Built target _tug_example_msgs_generate_messages_check_deps_TransportBoxActionResult
[0.571s] [  0%] Built target _tug_example_msgs_generate_messages_check_deps_RecoverNotFetchingBoxActionGoal
[0.629s] [  0%] Built target _tug_example_msgs_generate_messages_check_deps_TransportBoxGoal
[0.634s] [  0%] Built target _tug_example_msgs_generate_messages_check_deps_TransportBoxActionFeedback
[0.663s] [  0%] Built target _tug_example_msgs_generate_messages_check_deps_PutBoxFeedback
[0.673s] [  0%] Built target _tug_example_msgs_generate_messages_check_deps_RecoverTimedOutActionResult
[0.692s] [  0%] Built target _tug_example_msgs_generate_messages_check_deps_RecoverNotFetchingBoxActionFeedback
[0.721s] [  0%] Built target _tug_example_msgs_generate_messages_check_deps_RecoverTimedOutActionGoal
[0.733s] [  0%] Built target _tug_example_msgs_generate_messages_check_deps_TransportBoxAction
[0.733s] [  0%] Built target _tug_example_msgs_generate_messages_check_deps_TransportBoxActionGoal
[0.753s] [  0%] Built target _tug_example_msgs_generate_messages_check_deps_RecoverTimedOutResult
[0.783s] [  0%] Built target _tug_example_msgs_generate_messages_check_deps_RecoverTimedOutFeedback
[0.834s] [  0%] Built target actionlib_msgs_generate_messages_eus
[0.921s] [  0%] Built target _tug_example_msgs_generate_messages_check_deps_FetchBoxActionGoal
[1.015s] [  0%] Built target _tug_example_msgs_generate_messages_check_deps_FetchBoxActionResult
[1.026s] [  0%] Built target _tug_example_msgs_generate_messages_check_deps_FetchBoxGoal
[1.026s] [  0%] Built target _tug_example_msgs_generate_messages_check_deps_RecoverTimedOutAction
[1.058s] [  0%] Built target _tug_example_msgs_generate_messages_check_deps_FetchBoxAction
[1.079s] [  0%] Built target _tug_example_msgs_generate_messages_check_deps_RecoverNotFetchingBoxGoal
[1.112s] [  0%] Built target _tug_example_msgs_generate_messages_check_deps_PutBoxActionGoal
[1.173s] [  0%] Built target _tug_example_msgs_generate_messages_check_deps_PutBoxAction
[1.197s] [  0%] Built target _tug_example_msgs_generate_messages_check_deps_FetchBoxResult
[1.255s] [  0%] Built target _tug_example_msgs_generate_messages_check_deps_FetchBoxFeedback
[1.283s] [  0%] Built target _tug_example_msgs_generate_messages_check_deps_PutBoxGoal
[1.305s] [  0%] Built target _tug_example_msgs_generate_messages_check_deps_PutBoxResult
[1.322s] [  0%] Built target _tug_example_msgs_generate_messages_check_deps_RecoverTimedOutGoal
[1.324s] [  0%] Built target _tug_example_msgs_generate_messages_check_deps_RecoverNotFetchingBoxFeedback
[1.362s] [  0%] Built target _tug_example_msgs_generate_messages_check_deps_TransportBoxFeedback
[1.363s] [  0%] Built target _tug_example_msgs_generate_messages_check_deps_TransportBoxResult
[1.403s] [  0%] Built target _tug_example_msgs_generate_messages_check_deps_RecoverNotFetchingBoxAction
[1.474s] [  0%] Built target _tug_example_msgs_generate_messages_check_deps_PutBoxActionResult
[1.495s] [  0%] Built target actionlib_msgs_generate_messages_lisp
[1.509s] [  0%] Built target _tug_example_msgs_generate_messages_check_deps_PutBoxActionFeedback
[1.521s] [  0%] Built target actionlib_msgs_generate_messages_py
[1.559s] [  0%] Built target actionlib_msgs_generate_messages_nodejs
[1.574s] [  0%] Built target _tug_example_msgs_generate_messages_check_deps_RecoverTimedOutActionFeedback
[1.582s] [  0%] Built target _tug_example_msgs_generate_messages_check_deps_RecoverNotFetchingBoxActionResult
[1.648s] [  0%] Built target actionlib_msgs_generate_messages_cpp
[1.674s] [  0%] Built target _tug_example_msgs_generate_messages_check_deps_RecoverNotFetchingBoxResult
[1.719s] [  0%] Built target _tug_example_msgs_generate_messages_check_deps_FetchBoxActionFeedback
[1.887s] [ 20%] Built target tug_example_msgs_generate_messages_cpp
[1.900s] [ 60%] Built target tug_example_msgs_generate_messages_lisp
[1.900s] [ 60%] Built target tug_example_msgs_generate_messages_eus
[1.989s] [ 81%] Built target tug_example_msgs_generate_messages_py
[2.081s] [100%] Built target tug_example_msgs_generate_messages_nodejs
[2.252s] [100%] Built target tug_example_msgs_generate_messages
[2.341s] Invoked command in '/home/handsome/ros_ws_test/build/tug_example_msgs' returned '0': /usr/bin/cmake --build /home/handsome/ros_ws_test/build/tug_example_msgs -- -j12 -l12
[4.390s] Invoking command in '/home/handsome/ros_ws_test/build/tug_example_msgs': /usr/bin/cmake --build /home/handsome/ros_ws_test/build/tug_example_msgs --target tests -- -j12 -l12
[4.737s] Built target tests
[4.834s] Invoked command in '/home/handsome/ros_ws_test/build/tug_example_msgs' returned '0': /usr/bin/cmake --build /home/handsome/ros_ws_test/build/tug_example_msgs --target tests -- -j12 -l12
[5.400s] Invoking command in '/home/handsome/ros_ws_test/build/tug_example_msgs': /usr/bin/cmake --build /home/handsome/ros_ws_test/build/tug_example_msgs --target install -- -j12 -l12
[5.987s] [  0%] Built target _tug_example_msgs_generate_messages_check_deps_RecoverTimedOutActionResult
[6.004s] [  0%] Built target _tug_example_msgs_generate_messages_check_deps_TransportBoxActionResult
[6.012s] [  0%] Built target _tug_example_msgs_generate_messages_check_deps_RecoverTimedOutResult
[6.018s] [  0%] Built target _tug_example_msgs_generate_messages_check_deps_PutBoxFeedback
[6.019s] [  0%] Built target _tug_example_msgs_generate_messages_check_deps_RecoverTimedOutFeedback
[6.032s] [  0%] Built target _tug_example_msgs_generate_messages_check_deps_TransportBoxActionFeedback
[6.047s] [  0%] Built target _tug_example_msgs_generate_messages_check_deps_RecoverNotFetchingBoxActionFeedback
[6.053s] [  0%] Built target _tug_example_msgs_generate_messages_check_deps_RecoverTimedOutActionGoal
[6.053s] [  0%] Built target _tug_example_msgs_generate_messages_check_deps_TransportBoxAction
[6.070s] [  0%] Built target _tug_example_msgs_generate_messages_check_deps_TransportBoxActionGoal
[6.125s] [  0%] Built target _tug_example_msgs_generate_messages_check_deps_TransportBoxGoal
[6.147s] [  0%] Built target actionlib_msgs_generate_messages_eus
[6.169s] [  0%] Built target _tug_example_msgs_generate_messages_check_deps_RecoverNotFetchingBoxActionGoal
[6.309s] [  0%] Built target _tug_example_msgs_generate_messages_check_deps_FetchBoxActionGoal
[6.332s] [  0%] Built target _tug_example_msgs_generate_messages_check_deps_PutBoxActionGoal
[6.346s] [  0%] Built target _tug_example_msgs_generate_messages_check_deps_FetchBoxGoal
[6.372s] [  0%] Built target _tug_example_msgs_generate_messages_check_deps_FetchBoxResult
[6.373s] [  0%] Built target _tug_example_msgs_generate_messages_check_deps_PutBoxAction
[6.415s] [  0%] Built target _tug_example_msgs_generate_messages_check_deps_RecoverTimedOutAction
[6.423s] [  0%] Built target _tug_example_msgs_generate_messages_check_deps_FetchBoxActionResult
[6.425s] [  0%] Built target _tug_example_msgs_generate_messages_check_deps_RecoverNotFetchingBoxGoal
[6.435s] [  0%] Built target _tug_example_msgs_generate_messages_check_deps_FetchBoxAction
[6.456s] [  0%] Built target _tug_example_msgs_generate_messages_check_deps_RecoverNotFetchingBoxFeedback
[6.467s] [  0%] Built target _tug_example_msgs_generate_messages_check_deps_FetchBoxFeedback
[6.474s] [  0%] Built target _tug_example_msgs_generate_messages_check_deps_PutBoxGoal
[6.569s] [  0%] Built target _tug_example_msgs_generate_messages_check_deps_RecoverTimedOutGoal
[6.581s] [  0%] Built target actionlib_msgs_generate_messages_lisp
[6.585s] [  0%] Built target _tug_example_msgs_generate_messages_check_deps_TransportBoxResult
[6.626s] [  0%] Built target _tug_example_msgs_generate_messages_check_deps_TransportBoxFeedback
[6.647s] [  0%] Built target _tug_example_msgs_generate_messages_check_deps_RecoverNotFetchingBoxAction
[6.669s] [  0%] Built target _tug_example_msgs_generate_messages_check_deps_PutBoxResult
[6.675s] [  0%] Built target _tug_example_msgs_generate_messages_check_deps_PutBoxActionResult
[6.675s] [  0%] Built target _tug_example_msgs_generate_messages_check_deps_PutBoxActionFeedback
[6.675s] [  0%] Built target _tug_example_msgs_generate_messages_check_deps_RecoverNotFetchingBoxActionResult
[6.684s] [  0%] Built target _tug_example_msgs_generate_messages_check_deps_RecoverTimedOutActionFeedback
[6.687s] [  0%] Built target actionlib_msgs_generate_messages_nodejs
[6.690s] [  0%] Built target actionlib_msgs_generate_messages_cpp
[6.702s] [  0%] Built target actionlib_msgs_generate_messages_py
[6.702s] [  0%] Built target _tug_example_msgs_generate_messages_check_deps_RecoverNotFetchingBoxResult
[6.703s] [  0%] Built target _tug_example_msgs_generate_messages_check_deps_FetchBoxActionFeedback
[6.763s] [ 40%] Built target tug_example_msgs_generate_messages_cpp
[6.763s] [ 40%] Built target tug_example_msgs_generate_messages_eus
[6.764s] [ 61%] Built target tug_example_msgs_generate_messages_py
[6.764s] [ 81%] Built target tug_example_msgs_generate_messages_lisp
[6.772s] [100%] Built target tug_example_msgs_generate_messages_nodejs
[6.841s] [100%] Built target tug_example_msgs_generate_messages
[6.864s] [36mInstall the project...[0m
[6.864s] -- Install configuration: ""
[6.864s] -- Up-to-date: /home/handsome/ros_ws_test/install/tug_example_msgs/share/tug_example_msgs/action/FetchBox.action
[6.864s] -- Up-to-date: /home/handsome/ros_ws_test/install/tug_example_msgs/share/tug_example_msgs/action/TransportBox.action
[6.864s] -- Up-to-date: /home/handsome/ros_ws_test/install/tug_example_msgs/share/tug_example_msgs/action/RecoverNotFetchingBox.action
[6.864s] -- Up-to-date: /home/handsome/ros_ws_test/install/tug_example_msgs/share/tug_example_msgs/action/RecoverTimedOut.action
[6.865s] -- Up-to-date: /home/handsome/ros_ws_test/install/tug_example_msgs/share/tug_example_msgs/action/PutBox.action
[6.865s] -- Up-to-date: /home/handsome/ros_ws_test/install/tug_example_msgs/share/tug_example_msgs/msg/FetchBoxAction.msg
[6.865s] -- Up-to-date: /home/handsome/ros_ws_test/install/tug_example_msgs/share/tug_example_msgs/msg/FetchBoxActionGoal.msg
[6.865s] -- Up-to-date: /home/handsome/ros_ws_test/install/tug_example_msgs/share/tug_example_msgs/msg/FetchBoxActionResult.msg
[6.865s] -- Up-to-date: /home/handsome/ros_ws_test/install/tug_example_msgs/share/tug_example_msgs/msg/FetchBoxActionFeedback.msg
[6.865s] -- Up-to-date: /home/handsome/ros_ws_test/install/tug_example_msgs/share/tug_example_msgs/msg/FetchBoxGoal.msg
[6.866s] -- Up-to-date: /home/handsome/ros_ws_test/install/tug_example_msgs/share/tug_example_msgs/msg/FetchBoxResult.msg
[6.866s] -- Up-to-date: /home/handsome/ros_ws_test/install/tug_example_msgs/share/tug_example_msgs/msg/FetchBoxFeedback.msg
[6.867s] -- Up-to-date: /home/handsome/ros_ws_test/install/tug_example_msgs/share/tug_example_msgs/msg/TransportBoxAction.msg
[6.867s] -- Up-to-date: /home/handsome/ros_ws_test/install/tug_example_msgs/share/tug_example_msgs/msg/TransportBoxActionGoal.msg
[6.867s] -- Up-to-date: /home/handsome/ros_ws_test/install/tug_example_msgs/share/tug_example_msgs/msg/TransportBoxActionResult.msg
[6.867s] -- Up-to-date: /home/handsome/ros_ws_test/install/tug_example_msgs/share/tug_example_msgs/msg/TransportBoxActionFeedback.msg
[6.867s] -- Up-to-date: /home/handsome/ros_ws_test/install/tug_example_msgs/share/tug_example_msgs/msg/TransportBoxGoal.msg
[6.867s] -- Up-to-date: /home/handsome/ros_ws_test/install/tug_example_msgs/share/tug_example_msgs/msg/TransportBoxResult.msg
[6.867s] -- Up-to-date: /home/handsome/ros_ws_test/install/tug_example_msgs/share/tug_example_msgs/msg/TransportBoxFeedback.msg
[6.868s] -- Up-to-date: /home/handsome/ros_ws_test/install/tug_example_msgs/share/tug_example_msgs/msg/RecoverNotFetchingBoxAction.msg
[6.868s] -- Up-to-date: /home/handsome/ros_ws_test/install/tug_example_msgs/share/tug_example_msgs/msg/RecoverNotFetchingBoxActionGoal.msg
[6.870s] -- Up-to-date: /home/handsome/ros_ws_test/install/tug_example_msgs/share/tug_example_msgs/msg/RecoverNotFetchingBoxActionResult.msg
[6.870s] -- Up-to-date: /home/handsome/ros_ws_test/install/tug_example_msgs/share/tug_example_msgs/msg/RecoverNotFetchingBoxActionFeedback.msg
[6.870s] -- Up-to-date: /home/handsome/ros_ws_test/install/tug_example_msgs/share/tug_example_msgs/msg/RecoverNotFetchingBoxGoal.msg
[6.871s] -- Up-to-date: /home/handsome/ros_ws_test/install/tug_example_msgs/share/tug_example_msgs/msg/RecoverNotFetchingBoxResult.msg
[6.871s] -- Up-to-date: /home/handsome/ros_ws_test/install/tug_example_msgs/share/tug_example_msgs/msg/RecoverNotFetchingBoxFeedback.msg
[6.871s] -- Up-to-date: /home/handsome/ros_ws_test/install/tug_example_msgs/share/tug_example_msgs/msg/RecoverTimedOutAction.msg
[6.871s] -- Up-to-date: /home/handsome/ros_ws_test/install/tug_example_msgs/share/tug_example_msgs/msg/RecoverTimedOutActionGoal.msg
[6.871s] -- Up-to-date: /home/handsome/ros_ws_test/install/tug_example_msgs/share/tug_example_msgs/msg/RecoverTimedOutActionResult.msg
[6.871s] -- Up-to-date: /home/handsome/ros_ws_test/install/tug_example_msgs/share/tug_example_msgs/msg/RecoverTimedOutActionFeedback.msg
[6.871s] -- Up-to-date: /home/handsome/ros_ws_test/install/tug_example_msgs/share/tug_example_msgs/msg/RecoverTimedOutGoal.msg
[6.871s] -- Up-to-date: /home/handsome/ros_ws_test/install/tug_example_msgs/share/tug_example_msgs/msg/RecoverTimedOutResult.msg
[6.871s] -- Up-to-date: /home/handsome/ros_ws_test/install/tug_example_msgs/share/tug_example_msgs/msg/RecoverTimedOutFeedback.msg
[6.871s] -- Up-to-date: /home/handsome/ros_ws_test/install/tug_example_msgs/share/tug_example_msgs/msg/PutBoxAction.msg
[6.871s] -- Up-to-date: /home/handsome/ros_ws_test/install/tug_example_msgs/share/tug_example_msgs/msg/PutBoxActionGoal.msg
[6.871s] -- Up-to-date: /home/handsome/ros_ws_test/install/tug_example_msgs/share/tug_example_msgs/msg/PutBoxActionResult.msg
[6.871s] -- Up-to-date: /home/handsome/ros_ws_test/install/tug_example_msgs/share/tug_example_msgs/msg/PutBoxActionFeedback.msg
[6.872s] -- Up-to-date: /home/handsome/ros_ws_test/install/tug_example_msgs/share/tug_example_msgs/msg/PutBoxGoal.msg
[6.872s] -- Up-to-date: /home/handsome/ros_ws_test/install/tug_example_msgs/share/tug_example_msgs/msg/PutBoxResult.msg
[6.873s] -- Up-to-date: /home/handsome/ros_ws_test/install/tug_example_msgs/share/tug_example_msgs/msg/PutBoxFeedback.msg
[6.873s] -- Up-to-date: /home/handsome/ros_ws_test/install/tug_example_msgs/share/tug_example_msgs/cmake/tug_example_msgs-msg-paths.cmake
[6.874s] -- Up-to-date: /home/handsome/ros_ws_test/install/tug_example_msgs/include/tug_example_msgs
[6.879s] -- Up-to-date: /home/handsome/ros_ws_test/install/tug_example_msgs/include/tug_example_msgs/RecoverNotFetchingBoxActionGoal.h
[6.880s] -- Up-to-date: /home/handsome/ros_ws_test/install/tug_example_msgs/include/tug_example_msgs/RecoverNotFetchingBoxAction.h
[6.880s] -- Up-to-date: /home/handsome/ros_ws_test/install/tug_example_msgs/include/tug_example_msgs/RecoverNotFetchingBoxFeedback.h
[6.880s] -- Up-to-date: /home/handsome/ros_ws_test/install/tug_example_msgs/include/tug_example_msgs/FetchBoxResult.h
[6.881s] -- Up-to-date: /home/handsome/ros_ws_test/install/tug_example_msgs/include/tug_example_msgs/FetchBoxActionGoal.h
[6.881s] -- Up-to-date: /home/handsome/ros_ws_test/install/tug_example_msgs/include/tug_example_msgs/RecoverTimedOutGoal.h
[6.881s] -- Up-to-date: /home/handsome/ros_ws_test/install/tug_example_msgs/include/tug_example_msgs/FetchBoxGoal.h
[6.881s] -- Up-to-date: /home/handsome/ros_ws_test/install/tug_example_msgs/include/tug_example_msgs/TransportBoxActionGoal.h
[6.881s] -- Up-to-date: /home/handsome/ros_ws_test/install/tug_example_msgs/include/tug_example_msgs/TransportBoxResult.h
[6.881s] -- Up-to-date: /home/handsome/ros_ws_test/install/tug_example_msgs/include/tug_example_msgs/RecoverNotFetchingBoxResult.h
[6.881s] -- Up-to-date: /home/handsome/ros_ws_test/install/tug_example_msgs/include/tug_example_msgs/RecoverTimedOutFeedback.h
[6.881s] -- Up-to-date: /home/handsome/ros_ws_test/install/tug_example_msgs/include/tug_example_msgs/RecoverTimedOutActionGoal.h
[6.882s] -- Up-to-date: /home/handsome/ros_ws_test/install/tug_example_msgs/include/tug_example_msgs/TransportBoxActionResult.h
[6.882s] -- Up-to-date: /home/handsome/ros_ws_test/install/tug_example_msgs/include/tug_example_msgs/PutBoxActionFeedback.h
[6.882s] -- Up-to-date: /home/handsome/ros_ws_test/install/tug_example_msgs/include/tug_example_msgs/PutBoxAction.h
[6.882s] -- Up-to-date: /home/handsome/ros_ws_test/install/tug_example_msgs/include/tug_example_msgs/PutBoxResult.h
[6.883s] -- Up-to-date: /home/handsome/ros_ws_test/install/tug_example_msgs/include/tug_example_msgs/FetchBoxFeedback.h
[6.885s] -- Up-to-date: /home/handsome/ros_ws_test/install/tug_example_msgs/include/tug_example_msgs/TransportBoxFeedback.h
[6.885s] -- Up-to-date: /home/handsome/ros_ws_test/install/tug_example_msgs/include/tug_example_msgs/FetchBoxActionFeedback.h
[6.885s] -- Up-to-date: /home/handsome/ros_ws_test/install/tug_example_msgs/include/tug_example_msgs/PutBoxActionResult.h
[6.885s] -- Up-to-date: /home/handsome/ros_ws_test/install/tug_example_msgs/include/tug_example_msgs/RecoverNotFetchingBoxGoal.h
[6.885s] -- Up-to-date: /home/handsome/ros_ws_test/install/tug_example_msgs/include/tug_example_msgs/RecoverNotFetchingBoxActionFeedback.h
[6.885s] -- Up-to-date: /home/handsome/ros_ws_test/install/tug_example_msgs/include/tug_example_msgs/PutBoxActionGoal.h
[6.885s] -- Up-to-date: /home/handsome/ros_ws_test/install/tug_example_msgs/include/tug_example_msgs/PutBoxFeedback.h
[6.886s] -- Up-to-date: /home/handsome/ros_ws_test/install/tug_example_msgs/include/tug_example_msgs/TransportBoxGoal.h
[6.886s] -- Up-to-date: /home/handsome/ros_ws_test/install/tug_example_msgs/include/tug_example_msgs/PutBoxGoal.h
[6.886s] -- Up-to-date: /home/handsome/ros_ws_test/install/tug_example_msgs/include/tug_example_msgs/RecoverTimedOutResult.h
[6.886s] -- Up-to-date: /home/handsome/ros_ws_test/install/tug_example_msgs/include/tug_example_msgs/TransportBoxActionFeedback.h
[6.887s] -- Up-to-date: /home/handsome/ros_ws_test/install/tug_example_msgs/include/tug_example_msgs/RecoverTimedOutAction.h
[6.887s] -- Up-to-date: /home/handsome/ros_ws_test/install/tug_example_msgs/include/tug_example_msgs/RecoverTimedOutActionResult.h
[6.887s] -- Up-to-date: /home/handsome/ros_ws_test/install/tug_example_msgs/include/tug_example_msgs/FetchBoxActionResult.h
[6.887s] -- Up-to-date: /home/handsome/ros_ws_test/install/tug_example_msgs/include/tug_example_msgs/RecoverNotFetchingBoxActionResult.h
[6.887s] -- Up-to-date: /home/handsome/ros_ws_test/install/tug_example_msgs/include/tug_example_msgs/TransportBoxAction.h
[6.887s] -- Up-to-date: /home/handsome/ros_ws_test/install/tug_example_msgs/include/tug_example_msgs/FetchBoxAction.h
[6.887s] -- Up-to-date: /home/handsome/ros_ws_test/install/tug_example_msgs/include/tug_example_msgs/RecoverTimedOutActionFeedback.h
[6.887s] -- Up-to-date: /home/handsome/ros_ws_test/install/tug_example_msgs/share/roseus/ros/tug_example_msgs
[6.887s] -- Up-to-date: /home/handsome/ros_ws_test/install/tug_example_msgs/share/roseus/ros/tug_example_msgs/msg
[6.888s] -- Up-to-date: /home/handsome/ros_ws_test/install/tug_example_msgs/share/roseus/ros/tug_example_msgs/msg/TransportBoxFeedback.l
[6.888s] -- Up-to-date: /home/handsome/ros_ws_test/install/tug_example_msgs/share/roseus/ros/tug_example_msgs/msg/FetchBoxActionResult.l
[6.888s] -- Up-to-date: /home/handsome/ros_ws_test/install/tug_example_msgs/share/roseus/ros/tug_example_msgs/msg/PutBoxFeedback.l
[6.888s] -- Up-to-date: /home/handsome/ros_ws_test/install/tug_example_msgs/share/roseus/ros/tug_example_msgs/msg/PutBoxResult.l
[6.888s] -- Up-to-date: /home/handsome/ros_ws_test/install/tug_example_msgs/share/roseus/ros/tug_example_msgs/msg/RecoverTimedOutGoal.l
[6.888s] -- Up-to-date: /home/handsome/ros_ws_test/install/tug_example_msgs/share/roseus/ros/tug_example_msgs/msg/RecoverTimedOutActionGoal.l
[6.888s] -- Up-to-date: /home/handsome/ros_ws_test/install/tug_example_msgs/share/roseus/ros/tug_example_msgs/msg/RecoverNotFetchingBoxActionGoal.l
[6.889s] -- Up-to-date: /home/handsome/ros_ws_test/install/tug_example_msgs/share/roseus/ros/tug_example_msgs/msg/RecoverNotFetchingBoxAction.l
[6.889s] -- Up-to-date: /home/handsome/ros_ws_test/install/tug_example_msgs/share/roseus/ros/tug_example_msgs/msg/PutBoxAction.l
[6.889s] -- Up-to-date: /home/handsome/ros_ws_test/install/tug_example_msgs/share/roseus/ros/tug_example_msgs/msg/FetchBoxActionGoal.l
[6.890s] -- Up-to-date: /home/handsome/ros_ws_test/install/tug_example_msgs/share/roseus/ros/tug_example_msgs/msg/RecoverNotFetchingBoxFeedback.l
[6.890s] -- Up-to-date: /home/handsome/ros_ws_test/install/tug_example_msgs/share/roseus/ros/tug_example_msgs/msg/RecoverTimedOutActionResult.l
[6.890s] -- Up-to-date: /home/handsome/ros_ws_test/install/tug_example_msgs/share/roseus/ros/tug_example_msgs/msg/FetchBoxAction.l
[6.890s] -- Up-to-date: /home/handsome/ros_ws_test/install/tug_example_msgs/share/roseus/ros/tug_example_msgs/msg/TransportBoxActionResult.l
[6.890s] -- Up-to-date: /home/handsome/ros_ws_test/install/tug_example_msgs/share/roseus/ros/tug_example_msgs/msg/RecoverNotFetchingBoxResult.l
[6.890s] -- Up-to-date: /home/handsome/ros_ws_test/install/tug_example_msgs/share/roseus/ros/tug_example_msgs/msg/TransportBoxResult.l
[6.890s] -- Up-to-date: /home/handsome/ros_ws_test/install/tug_example_msgs/share/roseus/ros/tug_example_msgs/msg/FetchBoxGoal.l
[6.890s] -- Up-to-date: /home/handsome/ros_ws_test/install/tug_example_msgs/share/roseus/ros/tug_example_msgs/msg/TransportBoxActionFeedback.l
[6.890s] -- Up-to-date: /home/handsome/ros_ws_test/install/tug_example_msgs/share/roseus/ros/tug_example_msgs/msg/TransportBoxAction.l
[6.890s] -- Up-to-date: /home/handsome/ros_ws_test/install/tug_example_msgs/share/roseus/ros/tug_example_msgs/msg/RecoverTimedOutAction.l
[6.891s] -- Up-to-date: /home/handsome/ros_ws_test/install/tug_example_msgs/share/roseus/ros/tug_example_msgs/msg/PutBoxActionGoal.l
[6.891s] -- Up-to-date: /home/handsome/ros_ws_test/install/tug_example_msgs/share/roseus/ros/tug_example_msgs/msg/RecoverNotFetchingBoxActionResult.l
[6.891s] -- Up-to-date: /home/handsome/ros_ws_test/install/tug_example_msgs/share/roseus/ros/tug_example_msgs/msg/RecoverNotFetchingBoxActionFeedback.l
[6.891s] -- Up-to-date: /home/handsome/ros_ws_test/install/tug_example_msgs/share/roseus/ros/tug_example_msgs/msg/PutBoxGoal.l
[6.891s] -- Up-to-date: /home/handsome/ros_ws_test/install/tug_example_msgs/share/roseus/ros/tug_example_msgs/msg/RecoverTimedOutActionFeedback.l
[6.891s] -- Up-to-date: /home/handsome/ros_ws_test/install/tug_example_msgs/share/roseus/ros/tug_example_msgs/msg/PutBoxActionResult.l
[6.895s] -- Up-to-date: /home/handsome/ros_ws_test/install/tug_example_msgs/share/roseus/ros/tug_example_msgs/msg/TransportBoxActionGoal.l
[6.897s] -- Up-to-date: /home/handsome/ros_ws_test/install/tug_example_msgs/share/roseus/ros/tug_example_msgs/msg/PutBoxActionFeedback.l
[6.897s] -- Up-to-date: /home/handsome/ros_ws_test/install/tug_example_msgs/share/roseus/ros/tug_example_msgs/msg/TransportBoxGoal.l
[6.897s] -- Up-to-date: /home/handsome/ros_ws_test/install/tug_example_msgs/share/roseus/ros/tug_example_msgs/msg/FetchBoxActionFeedback.l
[6.897s] -- Up-to-date: /home/handsome/ros_ws_test/install/tug_example_msgs/share/roseus/ros/tug_example_msgs/msg/FetchBoxFeedback.l
[6.897s] -- Up-to-date: /home/handsome/ros_ws_test/install/tug_example_msgs/share/roseus/ros/tug_example_msgs/msg/RecoverNotFetchingBoxGoal.l
[6.897s] -- Up-to-date: /home/handsome/ros_ws_test/install/tug_example_msgs/share/roseus/ros/tug_example_msgs/msg/RecoverTimedOutResult.l
[6.898s] -- Up-to-date: /home/handsome/ros_ws_test/install/tug_example_msgs/share/roseus/ros/tug_example_msgs/msg/FetchBoxResult.l
[6.898s] -- Up-to-date: /home/handsome/ros_ws_test/install/tug_example_msgs/share/roseus/ros/tug_example_msgs/msg/RecoverTimedOutFeedback.l
[6.898s] -- Up-to-date: /home/handsome/ros_ws_test/install/tug_example_msgs/share/roseus/ros/tug_example_msgs/manifest.l
[6.899s] -- Up-to-date: /home/handsome/ros_ws_test/install/tug_example_msgs/share/common-lisp/ros/tug_example_msgs
[6.899s] -- Up-to-date: /home/handsome/ros_ws_test/install/tug_example_msgs/share/common-lisp/ros/tug_example_msgs/msg
[6.899s] -- Up-to-date: /home/handsome/ros_ws_test/install/tug_example_msgs/share/common-lisp/ros/tug_example_msgs/msg/_package_RecoverTimedOutAction.lisp
[6.899s] -- Up-to-date: /home/handsome/ros_ws_test/install/tug_example_msgs/share/common-lisp/ros/tug_example_msgs/msg/TransportBoxActionFeedback.lisp
[6.899s] -- Up-to-date: /home/handsome/ros_ws_test/install/tug_example_msgs/share/common-lisp/ros/tug_example_msgs/msg/TransportBoxActionResult.lisp
[6.899s] -- Up-to-date: /home/handsome/ros_ws_test/install/tug_example_msgs/share/common-lisp/ros/tug_example_msgs/msg/TransportBoxActionGoal.lisp
[6.899s] -- Up-to-date: /home/handsome/ros_ws_test/install/tug_example_msgs/share/common-lisp/ros/tug_example_msgs/msg/_package_TransportBoxGoal.lisp
[6.899s] -- Up-to-date: /home/handsome/ros_ws_test/install/tug_example_msgs/share/common-lisp/ros/tug_example_msgs/msg/_package_TransportBoxActionGoal.lisp
[6.900s] -- Up-to-date: /home/handsome/ros_ws_test/install/tug_example_msgs/share/common-lisp/ros/tug_example_msgs/msg/FetchBoxGoal.lisp
[6.900s] -- Up-to-date: /home/handsome/ros_ws_test/install/tug_example_msgs/share/common-lisp/ros/tug_example_msgs/msg/FetchBoxAction.lisp
[6.900s] -- Up-to-date: /home/handsome/ros_ws_test/install/tug_example_msgs/share/common-lisp/ros/tug_example_msgs/msg/_package_RecoverNotFetchingBoxFeedback.lisp
[6.900s] -- Up-to-date: /home/handsome/ros_ws_test/install/tug_example_msgs/share/common-lisp/ros/tug_example_msgs/msg/FetchBoxActionResult.lisp
[6.900s] -- Up-to-date: /home/handsome/ros_ws_test/install/tug_example_msgs/share/common-lisp/ros/tug_example_msgs/msg/_package_FetchBoxActionResult.lisp
[6.900s] -- Up-to-date: /home/handsome/ros_ws_test/install/tug_example_msgs/share/common-lisp/ros/tug_example_msgs/msg/_package_RecoverTimedOutFeedback.lisp
[6.901s] -- Up-to-date: /home/handsome/ros_ws_test/install/tug_example_msgs/share/common-lisp/ros/tug_example_msgs/msg/RecoverNotFetchingBoxActionFeedback.lisp
[6.901s] -- Up-to-date: /home/handsome/ros_ws_test/install/tug_example_msgs/share/common-lisp/ros/tug_example_msgs/msg/_package_PutBoxAction.lisp
[6.901s] -- Up-to-date: /home/handsome/ros_ws_test/install/tug_example_msgs/share/common-lisp/ros/tug_example_msgs/msg/RecoverNotFetchingBoxActionGoal.lisp
[6.902s] -- Up-to-date: /home/handsome/ros_ws_test/install/tug_example_msgs/share/common-lisp/ros/tug_example_msgs/msg/_package_PutBoxFeedback.lisp
[6.902s] -- Up-to-date: /home/handsome/ros_ws_test/install/tug_example_msgs/share/common-lisp/ros/tug_example_msgs/msg/_package_FetchBoxAction.lisp
[6.902s] -- Up-to-date: /home/handsome/ros_ws_test/install/tug_example_msgs/share/common-lisp/ros/tug_example_msgs/msg/RecoverTimedOutAction.lisp
[6.902s] -- Up-to-date: /home/handsome/ros_ws_test/install/tug_example_msgs/share/common-lisp/ros/tug_example_msgs/msg/_package_RecoverTimedOutResult.lisp
[6.902s] -- Up-to-date: /home/handsome/ros_ws_test/install/tug_example_msgs/share/common-lisp/ros/tug_example_msgs/msg/_package_PutBoxActionFeedback.lisp
[6.902s] -- Up-to-date: /home/handsome/ros_ws_test/install/tug_example_msgs/share/common-lisp/ros/tug_example_msgs/msg/_package_RecoverTimedOutActionGoal.lisp
[6.902s] -- Up-to-date: /home/handsome/ros_ws_test/install/tug_example_msgs/share/common-lisp/ros/tug_example_msgs/msg/_package_RecoverNotFetchingBoxActionResult.lisp
[6.903s] -- Up-to-date: /home/handsome/ros_ws_test/install/tug_example_msgs/share/common-lisp/ros/tug_example_msgs/msg/RecoverTimedOutActionResult.lisp
[6.903s] -- Up-to-date: /home/handsome/ros_ws_test/install/tug_example_msgs/share/common-lisp/ros/tug_example_msgs/msg/TransportBoxAction.lisp
[6.903s] -- Up-to-date: /home/handsome/ros_ws_test/install/tug_example_msgs/share/common-lisp/ros/tug_example_msgs/msg/RecoverTimedOutActionFeedback.lisp
[6.903s] -- Up-to-date: /home/handsome/ros_ws_test/install/tug_example_msgs/share/common-lisp/ros/tug_example_msgs/msg/RecoverNotFetchingBoxAction.lisp
[6.903s] -- Up-to-date: /home/handsome/ros_ws_test/install/tug_example_msgs/share/common-lisp/ros/tug_example_msgs/msg/RecoverTimedOutGoal.lisp
[6.903s] -- Up-to-date: /home/handsome/ros_ws_test/install/tug_example_msgs/share/common-lisp/ros/tug_example_msgs/msg/FetchBoxActionGoal.lisp
[6.903s] -- Up-to-date: /home/handsome/ros_ws_test/install/tug_example_msgs/share/common-lisp/ros/tug_example_msgs/msg/_package_RecoverNotFetchingBoxActionFeedback.lisp
[6.904s] -- Up-to-date: /home/handsome/ros_ws_test/install/tug_example_msgs/share/common-lisp/ros/tug_example_msgs/msg/RecoverTimedOutActionGoal.lisp
[6.904s] -- Up-to-date: /home/handsome/ros_ws_test/install/tug_example_msgs/share/common-lisp/ros/tug_example_msgs/msg/RecoverNotFetchingBoxResult.lisp
[6.904s] -- Up-to-date: /home/handsome/ros_ws_test/install/tug_example_msgs/share/common-lisp/ros/tug_example_msgs/msg/_package_PutBoxResult.lisp
[6.904s] -- Up-to-date: /home/handsome/ros_ws_test/install/tug_example_msgs/share/common-lisp/ros/tug_example_msgs/msg/_package.lisp
[6.905s] -- Up-to-date: /home/handsome/ros_ws_test/install/tug_example_msgs/share/common-lisp/ros/tug_example_msgs/msg/TransportBoxGoal.lisp
[6.905s] -- Up-to-date: /home/handsome/ros_ws_test/install/tug_example_msgs/share/common-lisp/ros/tug_example_msgs/msg/_package_FetchBoxActionGoal.lisp
[6.905s] -- Up-to-date: /home/handsome/ros_ws_test/install/tug_example_msgs/share/common-lisp/ros/tug_example_msgs/msg/_package_PutBoxActionResult.lisp
[6.905s] -- Up-to-date: /home/handsome/ros_ws_test/install/tug_example_msgs/share/common-lisp/ros/tug_example_msgs/msg/_package_FetchBoxActionFeedback.lisp
[6.905s] -- Up-to-date: /home/handsome/ros_ws_test/install/tug_example_msgs/share/common-lisp/ros/tug_example_msgs/msg/PutBoxAction.lisp
[6.905s] -- Up-to-date: /home/handsome/ros_ws_test/install/tug_example_msgs/share/common-lisp/ros/tug_example_msgs/msg/PutBoxActionGoal.lisp
[6.905s] -- Up-to-date: /home/handsome/ros_ws_test/install/tug_example_msgs/share/common-lisp/ros/tug_example_msgs/msg/PutBoxFeedback.lisp
[6.905s] -- Up-to-date: /home/handsome/ros_ws_test/install/tug_example_msgs/share/common-lisp/ros/tug_example_msgs/msg/FetchBoxFeedback.lisp
[6.905s] -- Up-to-date: /home/handsome/ros_ws_test/install/tug_example_msgs/share/common-lisp/ros/tug_example_msgs/msg/tug_example_msgs-msg.asd
[6.906s] -- Up-to-date: /home/handsome/ros_ws_test/install/tug_example_msgs/share/common-lisp/ros/tug_example_msgs/msg/RecoverTimedOutResult.lisp
[6.906s] -- Up-to-date: /home/handsome/ros_ws_test/install/tug_example_msgs/share/common-lisp/ros/tug_example_msgs/msg/RecoverNotFetchingBoxFeedback.lisp
[6.906s] -- Up-to-date: /home/handsome/ros_ws_test/install/tug_example_msgs/share/common-lisp/ros/tug_example_msgs/msg/_package_PutBoxGoal.lisp
[6.906s] -- Up-to-date: /home/handsome/ros_ws_test/install/tug_example_msgs/share/common-lisp/ros/tug_example_msgs/msg/RecoverNotFetchingBoxGoal.lisp
[6.906s] -- Up-to-date: /home/handsome/ros_ws_test/install/tug_example_msgs/share/common-lisp/ros/tug_example_msgs/msg/_package_RecoverNotFetchingBoxAction.lisp
[6.906s] -- Up-to-date: /home/handsome/ros_ws_test/install/tug_example_msgs/share/common-lisp/ros/tug_example_msgs/msg/TransportBoxResult.lisp
[6.906s] -- Up-to-date: /home/handsome/ros_ws_test/install/tug_example_msgs/share/common-lisp/ros/tug_example_msgs/msg/FetchBoxActionFeedback.lisp
[6.907s] -- Up-to-date: /home/handsome/ros_ws_test/install/tug_example_msgs/share/common-lisp/ros/tug_example_msgs/msg/_package_FetchBoxFeedback.lisp
[6.907s] -- Up-to-date: /home/handsome/ros_ws_test/install/tug_example_msgs/share/common-lisp/ros/tug_example_msgs/msg/_package_TransportBoxFeedback.lisp
[6.907s] -- Up-to-date: /home/handsome/ros_ws_test/install/tug_example_msgs/share/common-lisp/ros/tug_example_msgs/msg/_package_FetchBoxResult.lisp
[6.907s] -- Up-to-date: /home/handsome/ros_ws_test/install/tug_example_msgs/share/common-lisp/ros/tug_example_msgs/msg/TransportBoxFeedback.lisp
[6.908s] -- Up-to-date: /home/handsome/ros_ws_test/install/tug_example_msgs/share/common-lisp/ros/tug_example_msgs/msg/_package_FetchBoxGoal.lisp
[6.908s] -- Up-to-date: /home/handsome/ros_ws_test/install/tug_example_msgs/share/common-lisp/ros/tug_example_msgs/msg/_package_RecoverTimedOutGoal.lisp
[6.908s] -- Up-to-date: /home/handsome/ros_ws_test/install/tug_example_msgs/share/common-lisp/ros/tug_example_msgs/msg/PutBoxGoal.lisp
[6.908s] -- Up-to-date: /home/handsome/ros_ws_test/install/tug_example_msgs/share/common-lisp/ros/tug_example_msgs/msg/_package_TransportBoxActionFeedback.lisp
[6.908s] -- Up-to-date: /home/handsome/ros_ws_test/install/tug_example_msgs/share/common-lisp/ros/tug_example_msgs/msg/FetchBoxResult.lisp
[6.908s] -- Up-to-date: /home/handsome/ros_ws_test/install/tug_example_msgs/share/common-lisp/ros/tug_example_msgs/msg/_package_PutBoxActionGoal.lisp
[6.908s] -- Up-to-date: /home/handsome/ros_ws_test/install/tug_example_msgs/share/common-lisp/ros/tug_example_msgs/msg/_package_RecoverNotFetchingBoxActionGoal.lisp
[6.908s] -- Up-to-date: /home/handsome/ros_ws_test/install/tug_example_msgs/share/common-lisp/ros/tug_example_msgs/msg/RecoverNotFetchingBoxActionResult.lisp
[6.908s] -- Up-to-date: /home/handsome/ros_ws_test/install/tug_example_msgs/share/common-lisp/ros/tug_example_msgs/msg/PutBoxActionResult.lisp
[6.909s] -- Up-to-date: /home/handsome/ros_ws_test/install/tug_example_msgs/share/common-lisp/ros/tug_example_msgs/msg/PutBoxActionFeedback.lisp
[6.909s] -- Up-to-date: /home/handsome/ros_ws_test/install/tug_example_msgs/share/common-lisp/ros/tug_example_msgs/msg/RecoverTimedOutFeedback.lisp
[6.909s] -- Up-to-date: /home/handsome/ros_ws_test/install/tug_example_msgs/share/common-lisp/ros/tug_example_msgs/msg/_package_TransportBoxResult.lisp
[6.909s] -- Up-to-date: /home/handsome/ros_ws_test/install/tug_example_msgs/share/common-lisp/ros/tug_example_msgs/msg/_package_RecoverNotFetchingBoxGoal.lisp
[6.909s] -- Up-to-date: /home/handsome/ros_ws_test/install/tug_example_msgs/share/common-lisp/ros/tug_example_msgs/msg/_package_TransportBoxActionResult.lisp
[6.909s] -- Up-to-date: /home/handsome/ros_ws_test/install/tug_example_msgs/share/common-lisp/ros/tug_example_msgs/msg/_package_RecoverNotFetchingBoxResult.lisp
[6.909s] -- Up-to-date: /home/handsome/ros_ws_test/install/tug_example_msgs/share/common-lisp/ros/tug_example_msgs/msg/PutBoxResult.lisp
[6.909s] -- Up-to-date: /home/handsome/ros_ws_test/install/tug_example_msgs/share/common-lisp/ros/tug_example_msgs/msg/_package_RecoverTimedOutActionResult.lisp
[6.910s] -- Up-to-date: /home/handsome/ros_ws_test/install/tug_example_msgs/share/common-lisp/ros/tug_example_msgs/msg/_package_RecoverTimedOutActionFeedback.lisp
[6.910s] -- Up-to-date: /home/handsome/ros_ws_test/install/tug_example_msgs/share/common-lisp/ros/tug_example_msgs/msg/_package_TransportBoxAction.lisp
[6.910s] -- Up-to-date: /home/handsome/ros_ws_test/install/tug_example_msgs/share/gennodejs/ros/tug_example_msgs
[6.911s] -- Up-to-date: /home/handsome/ros_ws_test/install/tug_example_msgs/share/gennodejs/ros/tug_example_msgs/msg
[6.911s] -- Up-to-date: /home/handsome/ros_ws_test/install/tug_example_msgs/share/gennodejs/ros/tug_example_msgs/msg/RecoverNotFetchingBoxActionGoal.js
[6.911s] -- Up-to-date: /home/handsome/ros_ws_test/install/tug_example_msgs/share/gennodejs/ros/tug_example_msgs/msg/RecoverTimedOutActionGoal.js
[6.911s] -- Up-to-date: /home/handsome/ros_ws_test/install/tug_example_msgs/share/gennodejs/ros/tug_example_msgs/msg/TransportBoxGoal.js
[6.911s] -- Up-to-date: /home/handsome/ros_ws_test/install/tug_example_msgs/share/gennodejs/ros/tug_example_msgs/msg/FetchBoxGoal.js
[6.911s] -- Up-to-date: /home/handsome/ros_ws_test/install/tug_example_msgs/share/gennodejs/ros/tug_example_msgs/msg/PutBoxAction.js
[6.911s] -- Up-to-date: /home/handsome/ros_ws_test/install/tug_example_msgs/share/gennodejs/ros/tug_example_msgs/msg/FetchBoxActionFeedback.js
[6.911s] -- Up-to-date: /home/handsome/ros_ws_test/install/tug_example_msgs/share/gennodejs/ros/tug_example_msgs/msg/PutBoxActionFeedback.js
[6.912s] -- Up-to-date: /home/handsome/ros_ws_test/install/tug_example_msgs/share/gennodejs/ros/tug_example_msgs/msg/RecoverNotFetchingBoxActionResult.js
[6.912s] -- Up-to-date: /home/handsome/ros_ws_test/install/tug_example_msgs/share/gennodejs/ros/tug_example_msgs/msg/TransportBoxAction.js
[6.912s] -- Up-to-date: /home/handsome/ros_ws_test/install/tug_example_msgs/share/gennodejs/ros/tug_example_msgs/msg/RecoverNotFetchingBoxActionFeedback.js
[6.912s] -- Up-to-date: /home/handsome/ros_ws_test/install/tug_example_msgs/share/gennodejs/ros/tug_example_msgs/msg/PutBoxActionGoal.js
[6.912s] -- Up-to-date: /home/handsome/ros_ws_test/install/tug_example_msgs/share/gennodejs/ros/tug_example_msgs/msg/_index.js
[6.912s] -- Up-to-date: /home/handsome/ros_ws_test/install/tug_example_msgs/share/gennodejs/ros/tug_example_msgs/msg/RecoverNotFetchingBoxAction.js
[6.912s] -- Up-to-date: /home/handsome/ros_ws_test/install/tug_example_msgs/share/gennodejs/ros/tug_example_msgs/msg/RecoverNotFetchingBoxFeedback.js
[6.913s] -- Up-to-date: /home/handsome/ros_ws_test/install/tug_example_msgs/share/gennodejs/ros/tug_example_msgs/msg/PutBoxFeedback.js
[6.913s] -- Up-to-date: /home/handsome/ros_ws_test/install/tug_example_msgs/share/gennodejs/ros/tug_example_msgs/msg/FetchBoxResult.js
[6.920s] -- Up-to-date: /home/handsome/ros_ws_test/install/tug_example_msgs/share/gennodejs/ros/tug_example_msgs/msg/RecoverTimedOutAction.js
[6.923s] -- Up-to-date: /home/handsome/ros_ws_test/install/tug_example_msgs/share/gennodejs/ros/tug_example_msgs/msg/RecoverTimedOutGoal.js
[6.923s] -- Up-to-date: /home/handsome/ros_ws_test/install/tug_example_msgs/share/gennodejs/ros/tug_example_msgs/msg/TransportBoxResult.js
[6.924s] -- Up-to-date: /home/handsome/ros_ws_test/install/tug_example_msgs/share/gennodejs/ros/tug_example_msgs/msg/TransportBoxActionFeedback.js
[6.924s] -- Up-to-date: /home/handsome/ros_ws_test/install/tug_example_msgs/share/gennodejs/ros/tug_example_msgs/msg/RecoverTimedOutActionFeedback.js
[6.924s] -- Up-to-date: /home/handsome/ros_ws_test/install/tug_example_msgs/share/gennodejs/ros/tug_example_msgs/msg/RecoverTimedOutActionResult.js
[6.924s] -- Up-to-date: /home/handsome/ros_ws_test/install/tug_example_msgs/share/gennodejs/ros/tug_example_msgs/msg/PutBoxResult.js
[6.925s] -- Up-to-date: /home/handsome/ros_ws_test/install/tug_example_msgs/share/gennodejs/ros/tug_example_msgs/msg/FetchBoxAction.js
[6.925s] -- Up-to-date: /home/handsome/ros_ws_test/install/tug_example_msgs/share/gennodejs/ros/tug_example_msgs/msg/TransportBoxActionResult.js
[6.925s] -- Up-to-date: /home/handsome/ros_ws_test/install/tug_example_msgs/share/gennodejs/ros/tug_example_msgs/msg/RecoverNotFetchingBoxGoal.js
[6.926s] -- Up-to-date: /home/handsome/ros_ws_test/install/tug_example_msgs/share/gennodejs/ros/tug_example_msgs/msg/FetchBoxActionGoal.js
[6.926s] -- Up-to-date: /home/handsome/ros_ws_test/install/tug_example_msgs/share/gennodejs/ros/tug_example_msgs/msg/RecoverNotFetchingBoxResult.js
[6.926s] -- Up-to-date: /home/handsome/ros_ws_test/install/tug_example_msgs/share/gennodejs/ros/tug_example_msgs/msg/RecoverTimedOutFeedback.js
[6.926s] -- Up-to-date: /home/handsome/ros_ws_test/install/tug_example_msgs/share/gennodejs/ros/tug_example_msgs/msg/PutBoxActionResult.js
[6.926s] -- Up-to-date: /home/handsome/ros_ws_test/install/tug_example_msgs/share/gennodejs/ros/tug_example_msgs/msg/TransportBoxFeedback.js
[6.926s] -- Up-to-date: /home/handsome/ros_ws_test/install/tug_example_msgs/share/gennodejs/ros/tug_example_msgs/msg/RecoverTimedOutResult.js
[6.926s] -- Up-to-date: /home/handsome/ros_ws_test/install/tug_example_msgs/share/gennodejs/ros/tug_example_msgs/msg/PutBoxGoal.js
[6.927s] -- Up-to-date: /home/handsome/ros_ws_test/install/tug_example_msgs/share/gennodejs/ros/tug_example_msgs/msg/TransportBoxActionGoal.js
[6.927s] -- Up-to-date: /home/handsome/ros_ws_test/install/tug_example_msgs/share/gennodejs/ros/tug_example_msgs/msg/FetchBoxFeedback.js
[6.927s] -- Up-to-date: /home/handsome/ros_ws_test/install/tug_example_msgs/share/gennodejs/ros/tug_example_msgs/msg/FetchBoxActionResult.js
[6.927s] -- Up-to-date: /home/handsome/ros_ws_test/install/tug_example_msgs/share/gennodejs/ros/tug_example_msgs/_index.js
[6.934s] Listing /home/handsome/ros_ws_test/build/tug_example_msgs/devel/lib/python2.7/dist-packages/tug_example_msgs ...
[6.934s] Listing /home/handsome/ros_ws_test/build/tug_example_msgs/devel/lib/python2.7/dist-packages/tug_example_msgs/msg ...
[6.935s] -- Up-to-date: /home/handsome/ros_ws_test/install/tug_example_msgs/lib/python2.7/dist-packages/tug_example_msgs
[6.935s] -- Up-to-date: /home/handsome/ros_ws_test/install/tug_example_msgs/lib/python2.7/dist-packages/tug_example_msgs/msg
[6.935s] -- Up-to-date: /home/handsome/ros_ws_test/install/tug_example_msgs/lib/python2.7/dist-packages/tug_example_msgs/msg/_PutBoxResult.py
[6.935s] -- Up-to-date: /home/handsome/ros_ws_test/install/tug_example_msgs/lib/python2.7/dist-packages/tug_example_msgs/msg/_PutBoxFeedback.py
[6.935s] -- Up-to-date: /home/handsome/ros_ws_test/install/tug_example_msgs/lib/python2.7/dist-packages/tug_example_msgs/msg/_RecoverNotFetchingBoxActionResult.pyc
[6.935s] -- Up-to-date: /home/handsome/ros_ws_test/install/tug_example_msgs/lib/python2.7/dist-packages/tug_example_msgs/msg/_RecoverTimedOutGoal.py
[6.936s] -- Up-to-date: /home/handsome/ros_ws_test/install/tug_example_msgs/lib/python2.7/dist-packages/tug_example_msgs/msg/_RecoverNotFetchingBoxAction.py
[6.936s] -- Up-to-date: /home/handsome/ros_ws_test/install/tug_example_msgs/lib/python2.7/dist-packages/tug_example_msgs/msg/_TransportBoxResult.pyc
[6.936s] -- Up-to-date: /home/handsome/ros_ws_test/install/tug_example_msgs/lib/python2.7/dist-packages/tug_example_msgs/msg/_PutBoxActionResult.pyc
[6.936s] -- Up-to-date: /home/handsome/ros_ws_test/install/tug_example_msgs/lib/python2.7/dist-packages/tug_example_msgs/msg/_TransportBoxFeedback.pyc
[6.936s] -- Up-to-date: /home/handsome/ros_ws_test/install/tug_example_msgs/lib/python2.7/dist-packages/tug_example_msgs/msg/_RecoverTimedOutResult.py
[6.937s] -- Up-to-date: /home/handsome/ros_ws_test/install/tug_example_msgs/lib/python2.7/dist-packages/tug_example_msgs/msg/_RecoverTimedOutActionResult.pyc
[6.937s] -- Up-to-date: /home/handsome/ros_ws_test/install/tug_example_msgs/lib/python2.7/dist-packages/tug_example_msgs/msg/_RecoverNotFetchingBoxResult.pyc
[6.938s] -- Up-to-date: /home/handsome/ros_ws_test/install/tug_example_msgs/lib/python2.7/dist-packages/tug_example_msgs/msg/__init__.py
[6.938s] -- Up-to-date: /home/handsome/ros_ws_test/install/tug_example_msgs/lib/python2.7/dist-packages/tug_example_msgs/msg/_RecoverNotFetchingBoxActionFeedback.py
[6.938s] -- Up-to-date: /home/handsome/ros_ws_test/install/tug_example_msgs/lib/python2.7/dist-packages/tug_example_msgs/msg/_PutBoxGoal.pyc
[6.938s] -- Up-to-date: /home/handsome/ros_ws_test/install/tug_example_msgs/lib/python2.7/dist-packages/tug_example_msgs/msg/_TransportBoxAction.py
[6.938s] -- Up-to-date: /home/handsome/ros_ws_test/install/tug_example_msgs/lib/python2.7/dist-packages/tug_example_msgs/msg/_FetchBoxActionResult.py
[6.938s] -- Up-to-date: /home/handsome/ros_ws_test/install/tug_example_msgs/lib/python2.7/dist-packages/tug_example_msgs/msg/_FetchBoxResult.py
[6.938s] -- Up-to-date: /home/handsome/ros_ws_test/install/tug_example_msgs/lib/python2.7/dist-packages/tug_example_msgs/msg/_TransportBoxResult.py
[6.940s] -- Up-to-date: /home/handsome/ros_ws_test/install/tug_example_msgs/lib/python2.7/dist-packages/tug_example_msgs/msg/_TransportBoxActionGoal.pyc
[6.943s] -- Up-to-date: /home/handsome/ros_ws_test/install/tug_example_msgs/lib/python2.7/dist-packages/tug_example_msgs/msg/_TransportBoxActionFeedback.py
[6.944s] -- Up-to-date: /home/handsome/ros_ws_test/install/tug_example_msgs/lib/python2.7/dist-packages/tug_example_msgs/msg/_FetchBoxActionFeedback.pyc
[6.944s] -- Up-to-date: /home/handsome/ros_ws_test/install/tug_example_msgs/lib/python2.7/dist-packages/tug_example_msgs/msg/_PutBoxActionGoal.pyc
[6.945s] -- Up-to-date: /home/handsome/ros_ws_test/install/tug_example_msgs/lib/python2.7/dist-packages/tug_example_msgs/msg/_FetchBoxActionFeedback.py
[6.945s] -- Up-to-date: /home/handsome/ros_ws_test/install/tug_example_msgs/lib/python2.7/dist-packages/tug_example_msgs/msg/_RecoverNotFetchingBoxAction.pyc
[6.945s] -- Up-to-date: /home/handsome/ros_ws_test/install/tug_example_msgs/lib/python2.7/dist-packages/tug_example_msgs/msg/_TransportBoxGoal.pyc
[6.945s] -- Up-to-date: /home/handsome/ros_ws_test/install/tug_example_msgs/lib/python2.7/dist-packages/tug_example_msgs/msg/_RecoverNotFetchingBoxGoal.pyc
[6.946s] -- Up-to-date: /home/handsome/ros_ws_test/install/tug_example_msgs/lib/python2.7/dist-packages/tug_example_msgs/msg/_RecoverTimedOutActionFeedback.pyc
[6.946s] -- Up-to-date: /home/handsome/ros_ws_test/install/tug_example_msgs/lib/python2.7/dist-packages/tug_example_msgs/msg/_RecoverTimedOutAction.pyc
[6.946s] -- Up-to-date: /home/handsome/ros_ws_test/install/tug_example_msgs/lib/python2.7/dist-packages/tug_example_msgs/msg/_RecoverTimedOutFeedback.py
[6.947s] -- Up-to-date: /home/handsome/ros_ws_test/install/tug_example_msgs/lib/python2.7/dist-packages/tug_example_msgs/msg/_FetchBoxActionResult.pyc
[6.947s] -- Up-to-date: /home/handsome/ros_ws_test/install/tug_example_msgs/lib/python2.7/dist-packages/tug_example_msgs/msg/_FetchBoxFeedback.py
[6.947s] -- Up-to-date: /home/handsome/ros_ws_test/install/tug_example_msgs/lib/python2.7/dist-packages/tug_example_msgs/msg/_RecoverNotFetchingBoxFeedback.pyc
[6.947s] -- Up-to-date: /home/handsome/ros_ws_test/install/tug_example_msgs/lib/python2.7/dist-packages/tug_example_msgs/msg/_TransportBoxActionResult.pyc
[6.947s] -- Up-to-date: /home/handsome/ros_ws_test/install/tug_example_msgs/lib/python2.7/dist-packages/tug_example_msgs/msg/_RecoverTimedOutActionFeedback.py
[6.948s] -- Up-to-date: /home/handsome/ros_ws_test/install/tug_example_msgs/lib/python2.7/dist-packages/tug_example_msgs/msg/_RecoverNotFetchingBoxResult.py
[6.948s] -- Up-to-date: /home/handsome/ros_ws_test/install/tug_example_msgs/lib/python2.7/dist-packages/tug_example_msgs/msg/_FetchBoxResult.pyc
[6.948s] -- Up-to-date: /home/handsome/ros_ws_test/install/tug_example_msgs/lib/python2.7/dist-packages/tug_example_msgs/msg/_RecoverTimedOutAction.py
[6.948s] -- Up-to-date: /home/handsome/ros_ws_test/install/tug_example_msgs/lib/python2.7/dist-packages/tug_example_msgs/msg/_RecoverTimedOutGoal.pyc
[6.948s] -- Up-to-date: /home/handsome/ros_ws_test/install/tug_example_msgs/lib/python2.7/dist-packages/tug_example_msgs/msg/_FetchBoxGoal.py
[6.949s] -- Up-to-date: /home/handsome/ros_ws_test/install/tug_example_msgs/lib/python2.7/dist-packages/tug_example_msgs/msg/_FetchBoxGoal.pyc
[6.950s] -- Up-to-date: /home/handsome/ros_ws_test/install/tug_example_msgs/lib/python2.7/dist-packages/tug_example_msgs/msg/_RecoverNotFetchingBoxActionResult.py
[6.950s] -- Up-to-date: /home/handsome/ros_ws_test/install/tug_example_msgs/lib/python2.7/dist-packages/tug_example_msgs/msg/_RecoverTimedOutActionGoal.py
[6.950s] -- Up-to-date: /home/handsome/ros_ws_test/install/tug_example_msgs/lib/python2.7/dist-packages/tug_example_msgs/msg/_FetchBoxFeedback.pyc
[6.950s] -- Up-to-date: /home/handsome/ros_ws_test/install/tug_example_msgs/lib/python2.7/dist-packages/tug_example_msgs/msg/_FetchBoxActionGoal.pyc
[6.950s] -- Up-to-date: /home/handsome/ros_ws_test/install/tug_example_msgs/lib/python2.7/dist-packages/tug_example_msgs/msg/_FetchBoxAction.pyc
[6.950s] -- Up-to-date: /home/handsome/ros_ws_test/install/tug_example_msgs/lib/python2.7/dist-packages/tug_example_msgs/msg/_TransportBoxFeedback.py
[6.951s] -- Up-to-date: /home/handsome/ros_ws_test/install/tug_example_msgs/lib/python2.7/dist-packages/tug_example_msgs/msg/_FetchBoxActionGoal.py
[6.951s] -- Up-to-date: /home/handsome/ros_ws_test/install/tug_example_msgs/lib/python2.7/dist-packages/tug_example_msgs/msg/_PutBoxAction.pyc
[6.951s] -- Up-to-date: /home/handsome/ros_ws_test/install/tug_example_msgs/lib/python2.7/dist-packages/tug_example_msgs/msg/_RecoverTimedOutActionGoal.pyc
[6.951s] -- Up-to-date: /home/handsome/ros_ws_test/install/tug_example_msgs/lib/python2.7/dist-packages/tug_example_msgs/msg/_RecoverTimedOutActionResult.py
[6.951s] -- Up-to-date: /home/handsome/ros_ws_test/install/tug_example_msgs/lib/python2.7/dist-packages/tug_example_msgs/msg/_TransportBoxGoal.py
[6.952s] -- Up-to-date: /home/handsome/ros_ws_test/install/tug_example_msgs/lib/python2.7/dist-packages/tug_example_msgs/msg/_RecoverNotFetchingBoxGoal.py
[6.952s] -- Up-to-date: /home/handsome/ros_ws_test/install/tug_example_msgs/lib/python2.7/dist-packages/tug_example_msgs/msg/_PutBoxAction.py
[6.953s] -- Up-to-date: /home/handsome/ros_ws_test/install/tug_example_msgs/lib/python2.7/dist-packages/tug_example_msgs/msg/_PutBoxActionFeedback.py
[6.953s] -- Up-to-date: /home/handsome/ros_ws_test/install/tug_example_msgs/lib/python2.7/dist-packages/tug_example_msgs/msg/__init__.pyc
[6.953s] -- Up-to-date: /home/handsome/ros_ws_test/install/tug_example_msgs/lib/python2.7/dist-packages/tug_example_msgs/msg/_RecoverNotFetchingBoxFeedback.py
[6.953s] -- Up-to-date: /home/handsome/ros_ws_test/install/tug_example_msgs/lib/python2.7/dist-packages/tug_example_msgs/msg/_RecoverTimedOutFeedback.pyc
[6.953s] -- Up-to-date: /home/handsome/ros_ws_test/install/tug_example_msgs/lib/python2.7/dist-packages/tug_example_msgs/msg/_PutBoxActionFeedback.pyc
[6.953s] -- Up-to-date: /home/handsome/ros_ws_test/install/tug_example_msgs/lib/python2.7/dist-packages/tug_example_msgs/msg/_TransportBoxActionResult.py
[6.957s] -- Up-to-date: /home/handsome/ros_ws_test/install/tug_example_msgs/lib/python2.7/dist-packages/tug_example_msgs/msg/_PutBoxFeedback.pyc
[6.957s] -- Up-to-date: /home/handsome/ros_ws_test/install/tug_example_msgs/lib/python2.7/dist-packages/tug_example_msgs/msg/_PutBoxGoal.py
[6.957s] -- Up-to-date: /home/handsome/ros_ws_test/install/tug_example_msgs/lib/python2.7/dist-packages/tug_example_msgs/msg/_TransportBoxAction.pyc
[6.958s] -- Up-to-date: /home/handsome/ros_ws_test/install/tug_example_msgs/lib/python2.7/dist-packages/tug_example_msgs/msg/_FetchBoxAction.py
[6.958s] -- Up-to-date: /home/handsome/ros_ws_test/install/tug_example_msgs/lib/python2.7/dist-packages/tug_example_msgs/msg/_RecoverNotFetchingBoxActionFeedback.pyc
[6.958s] -- Up-to-date: /home/handsome/ros_ws_test/install/tug_example_msgs/lib/python2.7/dist-packages/tug_example_msgs/msg/_PutBoxActionGoal.py
[6.959s] -- Up-to-date: /home/handsome/ros_ws_test/install/tug_example_msgs/lib/python2.7/dist-packages/tug_example_msgs/msg/_RecoverNotFetchingBoxActionGoal.py
[6.959s] -- Up-to-date: /home/handsome/ros_ws_test/install/tug_example_msgs/lib/python2.7/dist-packages/tug_example_msgs/msg/_RecoverTimedOutResult.pyc
[6.959s] -- Up-to-date: /home/handsome/ros_ws_test/install/tug_example_msgs/lib/python2.7/dist-packages/tug_example_msgs/msg/_TransportBoxActionFeedback.pyc
[6.959s] -- Up-to-date: /home/handsome/ros_ws_test/install/tug_example_msgs/lib/python2.7/dist-packages/tug_example_msgs/msg/_TransportBoxActionGoal.py
[6.959s] -- Up-to-date: /home/handsome/ros_ws_test/install/tug_example_msgs/lib/python2.7/dist-packages/tug_example_msgs/msg/_RecoverNotFetchingBoxActionGoal.pyc
[6.959s] -- Up-to-date: /home/handsome/ros_ws_test/install/tug_example_msgs/lib/python2.7/dist-packages/tug_example_msgs/msg/_PutBoxResult.pyc
[6.960s] -- Up-to-date: /home/handsome/ros_ws_test/install/tug_example_msgs/lib/python2.7/dist-packages/tug_example_msgs/msg/_PutBoxActionResult.py
[6.961s] -- Up-to-date: /home/handsome/ros_ws_test/install/tug_example_msgs/lib/python2.7/dist-packages/tug_example_msgs/__init__.py
[6.962s] -- Up-to-date: /home/handsome/ros_ws_test/install/tug_example_msgs/lib/python2.7/dist-packages/tug_example_msgs/__init__.pyc
[6.962s] -- Up-to-date: /home/handsome/ros_ws_test/install/tug_example_msgs/lib/pkgconfig/tug_example_msgs.pc
[6.962s] -- Up-to-date: /home/handsome/ros_ws_test/install/tug_example_msgs/share/tug_example_msgs/cmake/tug_example_msgs-msg-extras.cmake
[6.963s] -- Up-to-date: /home/handsome/ros_ws_test/install/tug_example_msgs/share/tug_example_msgs/cmake/tug_example_msgsConfig.cmake
[6.963s] -- Up-to-date: /home/handsome/ros_ws_test/install/tug_example_msgs/share/tug_example_msgs/cmake/tug_example_msgsConfig-version.cmake
[6.964s] -- Up-to-date: /home/handsome/ros_ws_test/install/tug_example_msgs/share/tug_example_msgs/package.xml
[7.126s] Invoked command in '/home/handsome/ros_ws_test/build/tug_example_msgs' returned '0': /usr/bin/cmake --build /home/handsome/ros_ws_test/build/tug_example_msgs --target install -- -j12 -l12
