[0.179s] Invoking command in '/home/handsome/ros_ws_test/build/turtlebot_teleop': /usr/bin/cmake --build /home/handsome/ros_ws_test/build/turtlebot_teleop -- -j12 -l12
[0.657s] [100%] Built target turtlebot_teleop_joy
[0.713s] Invoked command in '/home/handsome/ros_ws_test/build/turtlebot_teleop' returned '0': /usr/bin/cmake --build /home/handsome/ros_ws_test/build/turtlebot_teleop -- -j12 -l12
[1.789s] Invoking command in '/home/handsome/ros_ws_test/build/turtlebot_teleop': /usr/bin/cmake --build /home/handsome/ros_ws_test/build/turtlebot_teleop --target tests -- -j12 -l12
[2.650s] Built target tests
[2.807s] Invoked command in '/home/handsome/ros_ws_test/build/turtlebot_teleop' returned '0': /usr/bin/cmake --build /home/handsome/ros_ws_test/build/turtlebot_teleop --target tests -- -j12 -l12
[3.706s] Invoking command in '/home/handsome/ros_ws_test/build/turtlebot_teleop': /usr/bin/cmake --build /home/handsome/ros_ws_test/build/turtlebot_teleop --target install -- -j12 -l12
[4.045s] [100%] Built target turtlebot_teleop_joy
[4.152s] [36mInstall the project...[0m
[4.186s] -- Install configuration: ""
[4.186s] -- Up-to-date: /home/handsome/ros_ws_test/install/turtlebot_teleop/lib/pkgconfig/turtlebot_teleop.pc
[4.188s] -- Up-to-date: /home/handsome/ros_ws_test/install/turtlebot_teleop/share/turtlebot_teleop/cmake/turtlebot_teleopConfig.cmake
[4.188s] -- Up-to-date: /home/handsome/ros_ws_test/install/turtlebot_teleop/share/turtlebot_teleop/cmake/turtlebot_teleopConfig-version.cmake
[4.188s] -- Up-to-date: /home/handsome/ros_ws_test/install/turtlebot_teleop/share/turtlebot_teleop/package.xml
[4.188s] -- Up-to-date: /home/handsome/ros_ws_test/install/turtlebot_teleop/lib/turtlebot_teleop/turtlebot_teleop_key
[4.188s] -- Up-to-date: /home/handsome/ros_ws_test/install/turtlebot_teleop/lib/turtlebot_teleop/turtlebot_teleop_joy
[4.189s] -- Up-to-date: /home/handsome/ros_ws_test/install/turtlebot_teleop/share/turtlebot_teleop/launch
[4.189s] -- Up-to-date: /home/handsome/ros_ws_test/install/turtlebot_teleop/share/turtlebot_teleop/launch/ps3_teleop.launch
[4.189s] -- Up-to-date: /home/handsome/ros_ws_test/install/turtlebot_teleop/share/turtlebot_teleop/launch/includes
[4.189s] -- Up-to-date: /home/handsome/ros_ws_test/install/turtlebot_teleop/share/turtlebot_teleop/launch/includes/velocity_smoother.launch.xml
[4.189s] -- Up-to-date: /home/handsome/ros_ws_test/install/turtlebot_teleop/share/turtlebot_teleop/launch/keyboard_teleop.launch
[4.189s] -- Up-to-date: /home/handsome/ros_ws_test/install/turtlebot_teleop/share/turtlebot_teleop/launch/logitech.launch
[4.189s] -- Up-to-date: /home/handsome/ros_ws_test/install/turtlebot_teleop/share/turtlebot_teleop/launch/xbox360_teleop.launch
[4.194s] Invoked command in '/home/handsome/ros_ws_test/build/turtlebot_teleop' returned '0': /usr/bin/cmake --build /home/handsome/ros_ws_test/build/turtlebot_teleop --target install -- -j12 -l12
