[0.087s] Invoking command in '/home/handsome/ros_ws_test/build/tug_example_msgs': /usr/bin/cmake --build /home/handsome/ros_ws_test/build/tug_example_msgs -- -j12 -l12
[0.533s] [  0%] Built target _tug_example_msgs_generate_messages_check_deps_TransportBoxAction
[0.540s] [  0%] Built target _tug_example_msgs_generate_messages_check_deps_RecoverNotFetchingBoxActionFeedback
[0.551s] [  0%] Built target _tug_example_msgs_generate_messages_check_deps_TransportBoxActionResult
[0.578s] [  0%] Built target _tug_example_msgs_generate_messages_check_deps_RecoverTimedOutActionResult
[0.578s] [  0%] Built target _tug_example_msgs_generate_messages_check_deps_RecoverTimedOutFeedback
[0.583s] [  0%] Built target _tug_example_msgs_generate_messages_check_deps_PutBoxFeedback
[0.599s] [  0%] Built target _tug_example_msgs_generate_messages_check_deps_RecoverNotFetchingBoxActionGoal
[0.601s] [  0%] Built target _tug_example_msgs_generate_messages_check_deps_TransportBoxActionGoal
[0.616s] [  0%] Built target _tug_example_msgs_generate_messages_check_deps_RecoverTimedOutActionGoal
[0.711s] [  0%] Built target _tug_example_msgs_generate_messages_check_deps_TransportBoxActionFeedback
[0.752s] [  0%] Built target _tug_example_msgs_generate_messages_check_deps_TransportBoxGoal
[0.799s] [  0%] Built target actionlib_msgs_generate_messages_eus
[0.828s] [  0%] Built target _tug_example_msgs_generate_messages_check_deps_RecoverTimedOutResult
[0.861s] [  0%] Built target _tug_example_msgs_generate_messages_check_deps_FetchBoxActionGoal
[0.898s] [  0%] Built target _tug_example_msgs_generate_messages_check_deps_RecoverNotFetchingBoxGoal
[0.956s] [  0%] Built target _tug_example_msgs_generate_messages_check_deps_PutBoxAction
[0.997s] [  0%] Built target _tug_example_msgs_generate_messages_check_deps_FetchBoxAction
[0.997s] [  0%] Built target _tug_example_msgs_generate_messages_check_deps_FetchBoxActionResult
[1.026s] [  0%] Built target _tug_example_msgs_generate_messages_check_deps_PutBoxActionGoal
[1.063s] [  0%] Built target _tug_example_msgs_generate_messages_check_deps_FetchBoxGoal
[1.076s] [  0%] Built target _tug_example_msgs_generate_messages_check_deps_RecoverNotFetchingBoxFeedback
[1.077s] [  0%] Built target _tug_example_msgs_generate_messages_check_deps_RecoverTimedOutAction
[1.078s] [  0%] Built target _tug_example_msgs_generate_messages_check_deps_FetchBoxResult
[1.191s] [  0%] Built target _tug_example_msgs_generate_messages_check_deps_FetchBoxFeedback
[1.203s] [  0%] Built target _tug_example_msgs_generate_messages_check_deps_PutBoxGoal
[1.236s] [  0%] Built target _tug_example_msgs_generate_messages_check_deps_TransportBoxFeedback
[1.255s] [  0%] Built target _tug_example_msgs_generate_messages_check_deps_RecoverTimedOutGoal
[1.280s] [  0%] Built target _tug_example_msgs_generate_messages_check_deps_TransportBoxResult
[1.306s] [  0%] Built target _tug_example_msgs_generate_messages_check_deps_PutBoxActionResult
[1.315s] [  0%] Built target _tug_example_msgs_generate_messages_check_deps_PutBoxResult
[1.337s] [  0%] Built target actionlib_msgs_generate_messages_py
[1.352s] [  0%] Built target actionlib_msgs_generate_messages_lisp
[1.353s] [  0%] Built target _tug_example_msgs_generate_messages_check_deps_RecoverNotFetchingBoxAction
[1.358s] [  0%] Built target _tug_example_msgs_generate_messages_check_deps_RecoverTimedOutActionFeedback
[1.411s] [  0%] Built target actionlib_msgs_generate_messages_nodejs
[1.420s] [  0%] Built target actionlib_msgs_generate_messages_cpp
[1.421s] [  0%] Built target _tug_example_msgs_generate_messages_check_deps_FetchBoxActionFeedback
[1.446s] [  0%] Built target _tug_example_msgs_generate_messages_check_deps_RecoverNotFetchingBoxActionResult
[1.482s] [  0%] Built target _tug_example_msgs_generate_messages_check_deps_PutBoxActionFeedback
[1.529s] [  0%] Built target _tug_example_msgs_generate_messages_check_deps_RecoverNotFetchingBoxResult
[1.712s] [ 20%] Built target tug_example_msgs_generate_messages_eus
[1.832s] [ 40%] Built target tug_example_msgs_generate_messages_cpp
[1.866s] [ 60%] Built target tug_example_msgs_generate_messages_nodejs
[1.884s] [ 80%] Built target tug_example_msgs_generate_messages_py
[1.940s] [100%] Built target tug_example_msgs_generate_messages_lisp
[2.337s] [100%] Built target tug_example_msgs_generate_messages
[2.499s] Invoked command in '/home/handsome/ros_ws_test/build/tug_example_msgs' returned '0': /usr/bin/cmake --build /home/handsome/ros_ws_test/build/tug_example_msgs -- -j12 -l12
[3.738s] Invoking command in '/home/handsome/ros_ws_test/build/tug_example_msgs': /usr/bin/cmake --build /home/handsome/ros_ws_test/build/tug_example_msgs --target tests -- -j12 -l12
[4.584s] Built target tests
[4.683s] Invoked command in '/home/handsome/ros_ws_test/build/tug_example_msgs' returned '0': /usr/bin/cmake --build /home/handsome/ros_ws_test/build/tug_example_msgs --target tests -- -j12 -l12
[6.602s] Invoking command in '/home/handsome/ros_ws_test/build/tug_example_msgs': /usr/bin/cmake --build /home/handsome/ros_ws_test/build/tug_example_msgs --target install -- -j12 -l12
[7.032s] [  0%] Built target _tug_example_msgs_generate_messages_check_deps_TransportBoxActionGoal
[7.088s] [  0%] Built target _tug_example_msgs_generate_messages_check_deps_TransportBoxAction
[7.101s] [  0%] Built target _tug_example_msgs_generate_messages_check_deps_PutBoxFeedback
[7.131s] [  0%] Built target _tug_example_msgs_generate_messages_check_deps_TransportBoxActionResult
[7.181s] [  0%] Built target _tug_example_msgs_generate_messages_check_deps_TransportBoxActionFeedback
[7.182s] [  0%] Built target _tug_example_msgs_generate_messages_check_deps_RecoverTimedOutFeedback
[7.190s] [  0%] Built target _tug_example_msgs_generate_messages_check_deps_RecoverNotFetchingBoxActionFeedback
[7.246s] [  0%] Built target _tug_example_msgs_generate_messages_check_deps_RecoverNotFetchingBoxActionGoal
[7.252s] [  0%] Built target _tug_example_msgs_generate_messages_check_deps_RecoverTimedOutResult
[7.252s] [  0%] Built target _tug_example_msgs_generate_messages_check_deps_RecoverTimedOutActionResult
[7.294s] [  0%] Built target _tug_example_msgs_generate_messages_check_deps_TransportBoxGoal
[7.359s] [  0%] Built target _tug_example_msgs_generate_messages_check_deps_RecoverTimedOutActionGoal
[7.359s] [  0%] Built target actionlib_msgs_generate_messages_eus
[7.375s] [  0%] Built target _tug_example_msgs_generate_messages_check_deps_FetchBoxActionResult
[7.377s] [  0%] Built target _tug_example_msgs_generate_messages_check_deps_FetchBoxActionGoal
[7.481s] [  0%] Built target _tug_example_msgs_generate_messages_check_deps_FetchBoxAction
[7.484s] [  0%] Built target _tug_example_msgs_generate_messages_check_deps_FetchBoxGoal
[7.500s] [  0%] Built target _tug_example_msgs_generate_messages_check_deps_PutBoxActionGoal
[7.534s] [  0%] Built target _tug_example_msgs_generate_messages_check_deps_FetchBoxResult
[7.583s] [  0%] Built target _tug_example_msgs_generate_messages_check_deps_RecoverTimedOutAction
[7.585s] [  0%] Built target _tug_example_msgs_generate_messages_check_deps_RecoverNotFetchingBoxGoal
[7.587s] [  0%] Built target _tug_example_msgs_generate_messages_check_deps_PutBoxAction
[7.600s] [  0%] Built target _tug_example_msgs_generate_messages_check_deps_RecoverNotFetchingBoxFeedback
[7.609s] [  0%] Built target _tug_example_msgs_generate_messages_check_deps_PutBoxGoal
[7.616s] [  0%] Built target _tug_example_msgs_generate_messages_check_deps_RecoverTimedOutGoal
[7.651s] [  0%] Built target _tug_example_msgs_generate_messages_check_deps_FetchBoxFeedback
[7.659s] [  0%] Built target _tug_example_msgs_generate_messages_check_deps_TransportBoxResult
[7.704s] [  0%] Built target _tug_example_msgs_generate_messages_check_deps_TransportBoxFeedback
[7.749s] [  0%] Built target actionlib_msgs_generate_messages_lisp
[7.775s] [  0%] Built target _tug_example_msgs_generate_messages_check_deps_PutBoxResult
[7.775s] [  0%] Built target actionlib_msgs_generate_messages_py
[7.778s] [  0%] Built target _tug_example_msgs_generate_messages_check_deps_RecoverNotFetchingBoxAction
[7.802s] [  0%] Built target _tug_example_msgs_generate_messages_check_deps_PutBoxActionResult
[7.802s] [  0%] Built target actionlib_msgs_generate_messages_nodejs
[7.808s] [  0%] Built target _tug_example_msgs_generate_messages_check_deps_PutBoxActionFeedback
[7.818s] [  0%] Built target _tug_example_msgs_generate_messages_check_deps_RecoverNotFetchingBoxActionResult
[7.833s] [  0%] Built target actionlib_msgs_generate_messages_cpp
[7.834s] [  0%] Built target _tug_example_msgs_generate_messages_check_deps_RecoverTimedOutActionFeedback
[7.865s] [  0%] Built target _tug_example_msgs_generate_messages_check_deps_FetchBoxActionFeedback
[7.866s] [  0%] Built target _tug_example_msgs_generate_messages_check_deps_RecoverNotFetchingBoxResult
[7.929s] [ 20%] Built target tug_example_msgs_generate_messages_eus
[7.934s] [ 41%] Built target tug_example_msgs_generate_messages_py
[7.937s] [ 60%] Built target tug_example_msgs_generate_messages_nodejs
[7.940s] [ 80%] Built target tug_example_msgs_generate_messages_lisp
[7.952s] [100%] Built target tug_example_msgs_generate_messages_cpp
[8.017s] [100%] Built target tug_example_msgs_generate_messages
[8.116s] [36mInstall the project...[0m
[8.183s] -- Install configuration: ""
[8.183s] -- Up-to-date: /home/handsome/ros_ws_test/install/tug_example_msgs/share/tug_example_msgs/action/FetchBox.action
[8.183s] -- Up-to-date: /home/handsome/ros_ws_test/install/tug_example_msgs/share/tug_example_msgs/action/TransportBox.action
[8.183s] -- Up-to-date: /home/handsome/ros_ws_test/install/tug_example_msgs/share/tug_example_msgs/action/RecoverNotFetchingBox.action
[8.184s] -- Up-to-date: /home/handsome/ros_ws_test/install/tug_example_msgs/share/tug_example_msgs/action/RecoverTimedOut.action
[8.184s] -- Up-to-date: /home/handsome/ros_ws_test/install/tug_example_msgs/share/tug_example_msgs/action/PutBox.action
[8.184s] -- Up-to-date: /home/handsome/ros_ws_test/install/tug_example_msgs/share/tug_example_msgs/msg/FetchBoxAction.msg
[8.184s] -- Up-to-date: /home/handsome/ros_ws_test/install/tug_example_msgs/share/tug_example_msgs/msg/FetchBoxActionGoal.msg
[8.184s] -- Up-to-date: /home/handsome/ros_ws_test/install/tug_example_msgs/share/tug_example_msgs/msg/FetchBoxActionResult.msg
[8.184s] -- Up-to-date: /home/handsome/ros_ws_test/install/tug_example_msgs/share/tug_example_msgs/msg/FetchBoxActionFeedback.msg
[8.184s] -- Up-to-date: /home/handsome/ros_ws_test/install/tug_example_msgs/share/tug_example_msgs/msg/FetchBoxGoal.msg
[8.185s] -- Up-to-date: /home/handsome/ros_ws_test/install/tug_example_msgs/share/tug_example_msgs/msg/FetchBoxResult.msg
[8.185s] -- Up-to-date: /home/handsome/ros_ws_test/install/tug_example_msgs/share/tug_example_msgs/msg/FetchBoxFeedback.msg
[8.186s] -- Up-to-date: /home/handsome/ros_ws_test/install/tug_example_msgs/share/tug_example_msgs/msg/TransportBoxAction.msg
[8.186s] -- Up-to-date: /home/handsome/ros_ws_test/install/tug_example_msgs/share/tug_example_msgs/msg/TransportBoxActionGoal.msg
[8.186s] -- Up-to-date: /home/handsome/ros_ws_test/install/tug_example_msgs/share/tug_example_msgs/msg/TransportBoxActionResult.msg
[8.186s] -- Up-to-date: /home/handsome/ros_ws_test/install/tug_example_msgs/share/tug_example_msgs/msg/TransportBoxActionFeedback.msg
[8.186s] -- Up-to-date: /home/handsome/ros_ws_test/install/tug_example_msgs/share/tug_example_msgs/msg/TransportBoxGoal.msg
[8.192s] -- Up-to-date: /home/handsome/ros_ws_test/install/tug_example_msgs/share/tug_example_msgs/msg/TransportBoxResult.msg
[8.193s] -- Up-to-date: /home/handsome/ros_ws_test/install/tug_example_msgs/share/tug_example_msgs/msg/TransportBoxFeedback.msg
[8.193s] -- Up-to-date: /home/handsome/ros_ws_test/install/tug_example_msgs/share/tug_example_msgs/msg/RecoverNotFetchingBoxAction.msg
[8.199s] -- Up-to-date: /home/handsome/ros_ws_test/install/tug_example_msgs/share/tug_example_msgs/msg/RecoverNotFetchingBoxActionGoal.msg
[8.201s] -- Up-to-date: /home/handsome/ros_ws_test/install/tug_example_msgs/share/tug_example_msgs/msg/RecoverNotFetchingBoxActionResult.msg
[8.201s] -- Up-to-date: /home/handsome/ros_ws_test/install/tug_example_msgs/share/tug_example_msgs/msg/RecoverNotFetchingBoxActionFeedback.msg
[8.201s] -- Up-to-date: /home/handsome/ros_ws_test/install/tug_example_msgs/share/tug_example_msgs/msg/RecoverNotFetchingBoxGoal.msg
[8.201s] -- Up-to-date: /home/handsome/ros_ws_test/install/tug_example_msgs/share/tug_example_msgs/msg/RecoverNotFetchingBoxResult.msg
[8.201s] -- Up-to-date: /home/handsome/ros_ws_test/install/tug_example_msgs/share/tug_example_msgs/msg/RecoverNotFetchingBoxFeedback.msg
[8.202s] -- Up-to-date: /home/handsome/ros_ws_test/install/tug_example_msgs/share/tug_example_msgs/msg/RecoverTimedOutAction.msg
[8.202s] -- Up-to-date: /home/handsome/ros_ws_test/install/tug_example_msgs/share/tug_example_msgs/msg/RecoverTimedOutActionGoal.msg
[8.203s] -- Up-to-date: /home/handsome/ros_ws_test/install/tug_example_msgs/share/tug_example_msgs/msg/RecoverTimedOutActionResult.msg
[8.203s] -- Up-to-date: /home/handsome/ros_ws_test/install/tug_example_msgs/share/tug_example_msgs/msg/RecoverTimedOutActionFeedback.msg
[8.203s] -- Up-to-date: /home/handsome/ros_ws_test/install/tug_example_msgs/share/tug_example_msgs/msg/RecoverTimedOutGoal.msg
[8.203s] -- Up-to-date: /home/handsome/ros_ws_test/install/tug_example_msgs/share/tug_example_msgs/msg/RecoverTimedOutResult.msg
[8.204s] -- Up-to-date: /home/handsome/ros_ws_test/install/tug_example_msgs/share/tug_example_msgs/msg/RecoverTimedOutFeedback.msg
[8.204s] -- Up-to-date: /home/handsome/ros_ws_test/install/tug_example_msgs/share/tug_example_msgs/msg/PutBoxAction.msg
[8.204s] -- Up-to-date: /home/handsome/ros_ws_test/install/tug_example_msgs/share/tug_example_msgs/msg/PutBoxActionGoal.msg
[8.204s] -- Up-to-date: /home/handsome/ros_ws_test/install/tug_example_msgs/share/tug_example_msgs/msg/PutBoxActionResult.msg
[8.204s] -- Up-to-date: /home/handsome/ros_ws_test/install/tug_example_msgs/share/tug_example_msgs/msg/PutBoxActionFeedback.msg
[8.204s] -- Up-to-date: /home/handsome/ros_ws_test/install/tug_example_msgs/share/tug_example_msgs/msg/PutBoxGoal.msg
[8.204s] -- Up-to-date: /home/handsome/ros_ws_test/install/tug_example_msgs/share/tug_example_msgs/msg/PutBoxResult.msg
[8.204s] -- Up-to-date: /home/handsome/ros_ws_test/install/tug_example_msgs/share/tug_example_msgs/msg/PutBoxFeedback.msg
[8.205s] -- Up-to-date: /home/handsome/ros_ws_test/install/tug_example_msgs/share/tug_example_msgs/cmake/tug_example_msgs-msg-paths.cmake
[8.205s] -- Up-to-date: /home/handsome/ros_ws_test/install/tug_example_msgs/include/tug_example_msgs
[8.205s] -- Up-to-date: /home/handsome/ros_ws_test/install/tug_example_msgs/include/tug_example_msgs/RecoverNotFetchingBoxActionGoal.h
[8.205s] -- Up-to-date: /home/handsome/ros_ws_test/install/tug_example_msgs/include/tug_example_msgs/RecoverNotFetchingBoxAction.h
[8.206s] -- Up-to-date: /home/handsome/ros_ws_test/install/tug_example_msgs/include/tug_example_msgs/RecoverNotFetchingBoxFeedback.h
[8.207s] -- Up-to-date: /home/handsome/ros_ws_test/install/tug_example_msgs/include/tug_example_msgs/FetchBoxResult.h
[8.208s] -- Up-to-date: /home/handsome/ros_ws_test/install/tug_example_msgs/include/tug_example_msgs/FetchBoxActionGoal.h
[8.209s] -- Up-to-date: /home/handsome/ros_ws_test/install/tug_example_msgs/include/tug_example_msgs/RecoverTimedOutGoal.h
[8.210s] -- Up-to-date: /home/handsome/ros_ws_test/install/tug_example_msgs/include/tug_example_msgs/FetchBoxGoal.h
[8.210s] -- Up-to-date: /home/handsome/ros_ws_test/install/tug_example_msgs/include/tug_example_msgs/TransportBoxActionGoal.h
[8.210s] -- Up-to-date: /home/handsome/ros_ws_test/install/tug_example_msgs/include/tug_example_msgs/TransportBoxResult.h
[8.211s] -- Up-to-date: /home/handsome/ros_ws_test/install/tug_example_msgs/include/tug_example_msgs/RecoverNotFetchingBoxResult.h
[8.211s] -- Up-to-date: /home/handsome/ros_ws_test/install/tug_example_msgs/include/tug_example_msgs/RecoverTimedOutFeedback.h
[8.212s] -- Up-to-date: /home/handsome/ros_ws_test/install/tug_example_msgs/include/tug_example_msgs/RecoverTimedOutActionGoal.h
[8.213s] -- Up-to-date: /home/handsome/ros_ws_test/install/tug_example_msgs/include/tug_example_msgs/TransportBoxActionResult.h
[8.213s] -- Up-to-date: /home/handsome/ros_ws_test/install/tug_example_msgs/include/tug_example_msgs/PutBoxActionFeedback.h
[8.213s] -- Up-to-date: /home/handsome/ros_ws_test/install/tug_example_msgs/include/tug_example_msgs/PutBoxAction.h
[8.213s] -- Up-to-date: /home/handsome/ros_ws_test/install/tug_example_msgs/include/tug_example_msgs/PutBoxResult.h
[8.213s] -- Up-to-date: /home/handsome/ros_ws_test/install/tug_example_msgs/include/tug_example_msgs/FetchBoxFeedback.h
[8.213s] -- Up-to-date: /home/handsome/ros_ws_test/install/tug_example_msgs/include/tug_example_msgs/TransportBoxFeedback.h
[8.213s] -- Up-to-date: /home/handsome/ros_ws_test/install/tug_example_msgs/include/tug_example_msgs/FetchBoxActionFeedback.h
[8.214s] -- Up-to-date: /home/handsome/ros_ws_test/install/tug_example_msgs/include/tug_example_msgs/PutBoxActionResult.h
[8.214s] -- Up-to-date: /home/handsome/ros_ws_test/install/tug_example_msgs/include/tug_example_msgs/RecoverNotFetchingBoxGoal.h
[8.214s] -- Up-to-date: /home/handsome/ros_ws_test/install/tug_example_msgs/include/tug_example_msgs/RecoverNotFetchingBoxActionFeedback.h
[8.214s] -- Up-to-date: /home/handsome/ros_ws_test/install/tug_example_msgs/include/tug_example_msgs/PutBoxActionGoal.h
[8.214s] -- Up-to-date: /home/handsome/ros_ws_test/install/tug_example_msgs/include/tug_example_msgs/PutBoxFeedback.h
[8.214s] -- Up-to-date: /home/handsome/ros_ws_test/install/tug_example_msgs/include/tug_example_msgs/TransportBoxGoal.h
[8.214s] -- Up-to-date: /home/handsome/ros_ws_test/install/tug_example_msgs/include/tug_example_msgs/PutBoxGoal.h
[8.214s] -- Up-to-date: /home/handsome/ros_ws_test/install/tug_example_msgs/include/tug_example_msgs/RecoverTimedOutResult.h
[8.215s] -- Up-to-date: /home/handsome/ros_ws_test/install/tug_example_msgs/include/tug_example_msgs/TransportBoxActionFeedback.h
[8.215s] -- Up-to-date: /home/handsome/ros_ws_test/install/tug_example_msgs/include/tug_example_msgs/RecoverTimedOutAction.h
[8.216s] -- Up-to-date: /home/handsome/ros_ws_test/install/tug_example_msgs/include/tug_example_msgs/RecoverTimedOutActionResult.h
[8.216s] -- Up-to-date: /home/handsome/ros_ws_test/install/tug_example_msgs/include/tug_example_msgs/FetchBoxActionResult.h
[8.216s] -- Up-to-date: /home/handsome/ros_ws_test/install/tug_example_msgs/include/tug_example_msgs/RecoverNotFetchingBoxActionResult.h
[8.216s] -- Up-to-date: /home/handsome/ros_ws_test/install/tug_example_msgs/include/tug_example_msgs/TransportBoxAction.h
[8.216s] -- Up-to-date: /home/handsome/ros_ws_test/install/tug_example_msgs/include/tug_example_msgs/FetchBoxAction.h
[8.216s] -- Up-to-date: /home/handsome/ros_ws_test/install/tug_example_msgs/include/tug_example_msgs/RecoverTimedOutActionFeedback.h
[8.216s] -- Up-to-date: /home/handsome/ros_ws_test/install/tug_example_msgs/share/roseus/ros/tug_example_msgs
[8.216s] -- Up-to-date: /home/handsome/ros_ws_test/install/tug_example_msgs/share/roseus/ros/tug_example_msgs/msg
[8.216s] -- Up-to-date: /home/handsome/ros_ws_test/install/tug_example_msgs/share/roseus/ros/tug_example_msgs/msg/TransportBoxFeedback.l
[8.216s] -- Up-to-date: /home/handsome/ros_ws_test/install/tug_example_msgs/share/roseus/ros/tug_example_msgs/msg/FetchBoxActionResult.l
[8.217s] -- Up-to-date: /home/handsome/ros_ws_test/install/tug_example_msgs/share/roseus/ros/tug_example_msgs/msg/PutBoxFeedback.l
[8.217s] -- Up-to-date: /home/handsome/ros_ws_test/install/tug_example_msgs/share/roseus/ros/tug_example_msgs/msg/PutBoxResult.l
[8.217s] -- Up-to-date: /home/handsome/ros_ws_test/install/tug_example_msgs/share/roseus/ros/tug_example_msgs/msg/RecoverTimedOutGoal.l
[8.217s] -- Up-to-date: /home/handsome/ros_ws_test/install/tug_example_msgs/share/roseus/ros/tug_example_msgs/msg/RecoverTimedOutActionGoal.l
[8.217s] -- Up-to-date: /home/handsome/ros_ws_test/install/tug_example_msgs/share/roseus/ros/tug_example_msgs/msg/RecoverNotFetchingBoxActionGoal.l
[8.217s] -- Up-to-date: /home/handsome/ros_ws_test/install/tug_example_msgs/share/roseus/ros/tug_example_msgs/msg/RecoverNotFetchingBoxAction.l
[8.217s] -- Up-to-date: /home/handsome/ros_ws_test/install/tug_example_msgs/share/roseus/ros/tug_example_msgs/msg/PutBoxAction.l
[8.218s] -- Up-to-date: /home/handsome/ros_ws_test/install/tug_example_msgs/share/roseus/ros/tug_example_msgs/msg/FetchBoxActionGoal.l
[8.218s] -- Up-to-date: /home/handsome/ros_ws_test/install/tug_example_msgs/share/roseus/ros/tug_example_msgs/msg/RecoverNotFetchingBoxFeedback.l
[8.218s] -- Up-to-date: /home/handsome/ros_ws_test/install/tug_example_msgs/share/roseus/ros/tug_example_msgs/msg/RecoverTimedOutActionResult.l
[8.219s] -- Up-to-date: /home/handsome/ros_ws_test/install/tug_example_msgs/share/roseus/ros/tug_example_msgs/msg/FetchBoxAction.l
[8.219s] -- Up-to-date: /home/handsome/ros_ws_test/install/tug_example_msgs/share/roseus/ros/tug_example_msgs/msg/TransportBoxActionResult.l
[8.219s] -- Up-to-date: /home/handsome/ros_ws_test/install/tug_example_msgs/share/roseus/ros/tug_example_msgs/msg/RecoverNotFetchingBoxResult.l
[8.219s] -- Up-to-date: /home/handsome/ros_ws_test/install/tug_example_msgs/share/roseus/ros/tug_example_msgs/msg/TransportBoxResult.l
[8.219s] -- Up-to-date: /home/handsome/ros_ws_test/install/tug_example_msgs/share/roseus/ros/tug_example_msgs/msg/FetchBoxGoal.l
[8.219s] -- Up-to-date: /home/handsome/ros_ws_test/install/tug_example_msgs/share/roseus/ros/tug_example_msgs/msg/TransportBoxActionFeedback.l
[8.219s] -- Up-to-date: /home/handsome/ros_ws_test/install/tug_example_msgs/share/roseus/ros/tug_example_msgs/msg/TransportBoxAction.l
[8.219s] -- Up-to-date: /home/handsome/ros_ws_test/install/tug_example_msgs/share/roseus/ros/tug_example_msgs/msg/RecoverTimedOutAction.l
[8.219s] -- Up-to-date: /home/handsome/ros_ws_test/install/tug_example_msgs/share/roseus/ros/tug_example_msgs/msg/PutBoxActionGoal.l
[8.220s] -- Up-to-date: /home/handsome/ros_ws_test/install/tug_example_msgs/share/roseus/ros/tug_example_msgs/msg/RecoverNotFetchingBoxActionResult.l
[8.220s] -- Up-to-date: /home/handsome/ros_ws_test/install/tug_example_msgs/share/roseus/ros/tug_example_msgs/msg/RecoverNotFetchingBoxActionFeedback.l
[8.220s] -- Up-to-date: /home/handsome/ros_ws_test/install/tug_example_msgs/share/roseus/ros/tug_example_msgs/msg/PutBoxGoal.l
[8.220s] -- Up-to-date: /home/handsome/ros_ws_test/install/tug_example_msgs/share/roseus/ros/tug_example_msgs/msg/RecoverTimedOutActionFeedback.l
[8.220s] -- Up-to-date: /home/handsome/ros_ws_test/install/tug_example_msgs/share/roseus/ros/tug_example_msgs/msg/PutBoxActionResult.l
[8.220s] -- Up-to-date: /home/handsome/ros_ws_test/install/tug_example_msgs/share/roseus/ros/tug_example_msgs/msg/TransportBoxActionGoal.l
[8.220s] -- Up-to-date: /home/handsome/ros_ws_test/install/tug_example_msgs/share/roseus/ros/tug_example_msgs/msg/PutBoxActionFeedback.l
[8.221s] -- Up-to-date: /home/handsome/ros_ws_test/install/tug_example_msgs/share/roseus/ros/tug_example_msgs/msg/TransportBoxGoal.l
[8.221s] -- Up-to-date: /home/handsome/ros_ws_test/install/tug_example_msgs/share/roseus/ros/tug_example_msgs/msg/FetchBoxActionFeedback.l
[8.221s] -- Up-to-date: /home/handsome/ros_ws_test/install/tug_example_msgs/share/roseus/ros/tug_example_msgs/msg/FetchBoxFeedback.l
[8.221s] -- Up-to-date: /home/handsome/ros_ws_test/install/tug_example_msgs/share/roseus/ros/tug_example_msgs/msg/RecoverNotFetchingBoxGoal.l
[8.222s] -- Up-to-date: /home/handsome/ros_ws_test/install/tug_example_msgs/share/roseus/ros/tug_example_msgs/msg/RecoverTimedOutResult.l
[8.222s] -- Up-to-date: /home/handsome/ros_ws_test/install/tug_example_msgs/share/roseus/ros/tug_example_msgs/msg/FetchBoxResult.l
[8.222s] -- Up-to-date: /home/handsome/ros_ws_test/install/tug_example_msgs/share/roseus/ros/tug_example_msgs/msg/RecoverTimedOutFeedback.l
[8.222s] -- Up-to-date: /home/handsome/ros_ws_test/install/tug_example_msgs/share/roseus/ros/tug_example_msgs/manifest.l
[8.222s] -- Up-to-date: /home/handsome/ros_ws_test/install/tug_example_msgs/share/common-lisp/ros/tug_example_msgs
[8.230s] -- Up-to-date: /home/handsome/ros_ws_test/install/tug_example_msgs/share/common-lisp/ros/tug_example_msgs/msg
[8.231s] -- Up-to-date: /home/handsome/ros_ws_test/install/tug_example_msgs/share/common-lisp/ros/tug_example_msgs/msg/_package_RecoverTimedOutAction.lisp
[8.231s] -- Up-to-date: /home/handsome/ros_ws_test/install/tug_example_msgs/share/common-lisp/ros/tug_example_msgs/msg/TransportBoxActionFeedback.lisp
[8.231s] -- Up-to-date: /home/handsome/ros_ws_test/install/tug_example_msgs/share/common-lisp/ros/tug_example_msgs/msg/TransportBoxActionResult.lisp
[8.231s] -- Up-to-date: /home/handsome/ros_ws_test/install/tug_example_msgs/share/common-lisp/ros/tug_example_msgs/msg/TransportBoxActionGoal.lisp
[8.232s] -- Up-to-date: /home/handsome/ros_ws_test/install/tug_example_msgs/share/common-lisp/ros/tug_example_msgs/msg/_package_TransportBoxGoal.lisp
[8.232s] -- Up-to-date: /home/handsome/ros_ws_test/install/tug_example_msgs/share/common-lisp/ros/tug_example_msgs/msg/_package_TransportBoxActionGoal.lisp
[8.232s] -- Up-to-date: /home/handsome/ros_ws_test/install/tug_example_msgs/share/common-lisp/ros/tug_example_msgs/msg/FetchBoxGoal.lisp
[8.232s] -- Up-to-date: /home/handsome/ros_ws_test/install/tug_example_msgs/share/common-lisp/ros/tug_example_msgs/msg/FetchBoxAction.lisp
[8.232s] -- Up-to-date: /home/handsome/ros_ws_test/install/tug_example_msgs/share/common-lisp/ros/tug_example_msgs/msg/_package_RecoverNotFetchingBoxFeedback.lisp
[8.232s] -- Up-to-date: /home/handsome/ros_ws_test/install/tug_example_msgs/share/common-lisp/ros/tug_example_msgs/msg/FetchBoxActionResult.lisp
[8.232s] -- Up-to-date: /home/handsome/ros_ws_test/install/tug_example_msgs/share/common-lisp/ros/tug_example_msgs/msg/_package_FetchBoxActionResult.lisp
[8.233s] -- Up-to-date: /home/handsome/ros_ws_test/install/tug_example_msgs/share/common-lisp/ros/tug_example_msgs/msg/_package_RecoverTimedOutFeedback.lisp
[8.233s] -- Up-to-date: /home/handsome/ros_ws_test/install/tug_example_msgs/share/common-lisp/ros/tug_example_msgs/msg/RecoverNotFetchingBoxActionFeedback.lisp
[8.233s] -- Up-to-date: /home/handsome/ros_ws_test/install/tug_example_msgs/share/common-lisp/ros/tug_example_msgs/msg/_package_PutBoxAction.lisp
[8.233s] -- Up-to-date: /home/handsome/ros_ws_test/install/tug_example_msgs/share/common-lisp/ros/tug_example_msgs/msg/RecoverNotFetchingBoxActionGoal.lisp
[8.234s] -- Up-to-date: /home/handsome/ros_ws_test/install/tug_example_msgs/share/common-lisp/ros/tug_example_msgs/msg/_package_PutBoxFeedback.lisp
[8.234s] -- Up-to-date: /home/handsome/ros_ws_test/install/tug_example_msgs/share/common-lisp/ros/tug_example_msgs/msg/_package_FetchBoxAction.lisp
[8.234s] -- Up-to-date: /home/handsome/ros_ws_test/install/tug_example_msgs/share/common-lisp/ros/tug_example_msgs/msg/RecoverTimedOutAction.lisp
[8.234s] -- Up-to-date: /home/handsome/ros_ws_test/install/tug_example_msgs/share/common-lisp/ros/tug_example_msgs/msg/_package_RecoverTimedOutResult.lisp
[8.234s] -- Up-to-date: /home/handsome/ros_ws_test/install/tug_example_msgs/share/common-lisp/ros/tug_example_msgs/msg/_package_PutBoxActionFeedback.lisp
[8.234s] -- Up-to-date: /home/handsome/ros_ws_test/install/tug_example_msgs/share/common-lisp/ros/tug_example_msgs/msg/_package_RecoverTimedOutActionGoal.lisp
[8.234s] -- Up-to-date: /home/handsome/ros_ws_test/install/tug_example_msgs/share/common-lisp/ros/tug_example_msgs/msg/_package_RecoverNotFetchingBoxActionResult.lisp
[8.234s] -- Up-to-date: /home/handsome/ros_ws_test/install/tug_example_msgs/share/common-lisp/ros/tug_example_msgs/msg/RecoverTimedOutActionResult.lisp
[8.235s] -- Up-to-date: /home/handsome/ros_ws_test/install/tug_example_msgs/share/common-lisp/ros/tug_example_msgs/msg/TransportBoxAction.lisp
[8.235s] -- Up-to-date: /home/handsome/ros_ws_test/install/tug_example_msgs/share/common-lisp/ros/tug_example_msgs/msg/RecoverTimedOutActionFeedback.lisp
[8.235s] -- Up-to-date: /home/handsome/ros_ws_test/install/tug_example_msgs/share/common-lisp/ros/tug_example_msgs/msg/RecoverNotFetchingBoxAction.lisp
[8.235s] -- Up-to-date: /home/handsome/ros_ws_test/install/tug_example_msgs/share/common-lisp/ros/tug_example_msgs/msg/RecoverTimedOutGoal.lisp
[8.235s] -- Up-to-date: /home/handsome/ros_ws_test/install/tug_example_msgs/share/common-lisp/ros/tug_example_msgs/msg/FetchBoxActionGoal.lisp
[8.235s] -- Up-to-date: /home/handsome/ros_ws_test/install/tug_example_msgs/share/common-lisp/ros/tug_example_msgs/msg/_package_RecoverNotFetchingBoxActionFeedback.lisp
[8.235s] -- Up-to-date: /home/handsome/ros_ws_test/install/tug_example_msgs/share/common-lisp/ros/tug_example_msgs/msg/RecoverTimedOutActionGoal.lisp
[8.235s] -- Up-to-date: /home/handsome/ros_ws_test/install/tug_example_msgs/share/common-lisp/ros/tug_example_msgs/msg/RecoverNotFetchingBoxResult.lisp
[8.236s] -- Up-to-date: /home/handsome/ros_ws_test/install/tug_example_msgs/share/common-lisp/ros/tug_example_msgs/msg/_package_PutBoxResult.lisp
[8.236s] -- Up-to-date: /home/handsome/ros_ws_test/install/tug_example_msgs/share/common-lisp/ros/tug_example_msgs/msg/_package.lisp
[8.236s] -- Up-to-date: /home/handsome/ros_ws_test/install/tug_example_msgs/share/common-lisp/ros/tug_example_msgs/msg/TransportBoxGoal.lisp
[8.236s] -- Up-to-date: /home/handsome/ros_ws_test/install/tug_example_msgs/share/common-lisp/ros/tug_example_msgs/msg/_package_FetchBoxActionGoal.lisp
[8.236s] -- Up-to-date: /home/handsome/ros_ws_test/install/tug_example_msgs/share/common-lisp/ros/tug_example_msgs/msg/_package_PutBoxActionResult.lisp
[8.236s] -- Up-to-date: /home/handsome/ros_ws_test/install/tug_example_msgs/share/common-lisp/ros/tug_example_msgs/msg/_package_FetchBoxActionFeedback.lisp
[8.237s] -- Up-to-date: /home/handsome/ros_ws_test/install/tug_example_msgs/share/common-lisp/ros/tug_example_msgs/msg/PutBoxAction.lisp
[8.237s] -- Up-to-date: /home/handsome/ros_ws_test/install/tug_example_msgs/share/common-lisp/ros/tug_example_msgs/msg/PutBoxActionGoal.lisp
[8.237s] -- Up-to-date: /home/handsome/ros_ws_test/install/tug_example_msgs/share/common-lisp/ros/tug_example_msgs/msg/PutBoxFeedback.lisp
[8.237s] -- Up-to-date: /home/handsome/ros_ws_test/install/tug_example_msgs/share/common-lisp/ros/tug_example_msgs/msg/FetchBoxFeedback.lisp
[8.237s] -- Up-to-date: /home/handsome/ros_ws_test/install/tug_example_msgs/share/common-lisp/ros/tug_example_msgs/msg/tug_example_msgs-msg.asd
[8.237s] -- Up-to-date: /home/handsome/ros_ws_test/install/tug_example_msgs/share/common-lisp/ros/tug_example_msgs/msg/RecoverTimedOutResult.lisp
[8.237s] -- Up-to-date: /home/handsome/ros_ws_test/install/tug_example_msgs/share/common-lisp/ros/tug_example_msgs/msg/RecoverNotFetchingBoxFeedback.lisp
[8.237s] -- Up-to-date: /home/handsome/ros_ws_test/install/tug_example_msgs/share/common-lisp/ros/tug_example_msgs/msg/_package_PutBoxGoal.lisp
[8.238s] -- Up-to-date: /home/handsome/ros_ws_test/install/tug_example_msgs/share/common-lisp/ros/tug_example_msgs/msg/RecoverNotFetchingBoxGoal.lisp
[8.238s] -- Up-to-date: /home/handsome/ros_ws_test/install/tug_example_msgs/share/common-lisp/ros/tug_example_msgs/msg/_package_RecoverNotFetchingBoxAction.lisp
[8.238s] -- Up-to-date: /home/handsome/ros_ws_test/install/tug_example_msgs/share/common-lisp/ros/tug_example_msgs/msg/TransportBoxResult.lisp
[8.238s] -- Up-to-date: /home/handsome/ros_ws_test/install/tug_example_msgs/share/common-lisp/ros/tug_example_msgs/msg/FetchBoxActionFeedback.lisp
[8.238s] -- Up-to-date: /home/handsome/ros_ws_test/install/tug_example_msgs/share/common-lisp/ros/tug_example_msgs/msg/_package_FetchBoxFeedback.lisp
[8.238s] -- Up-to-date: /home/handsome/ros_ws_test/install/tug_example_msgs/share/common-lisp/ros/tug_example_msgs/msg/_package_TransportBoxFeedback.lisp
[8.239s] -- Up-to-date: /home/handsome/ros_ws_test/install/tug_example_msgs/share/common-lisp/ros/tug_example_msgs/msg/_package_FetchBoxResult.lisp
[8.239s] -- Up-to-date: /home/handsome/ros_ws_test/install/tug_example_msgs/share/common-lisp/ros/tug_example_msgs/msg/TransportBoxFeedback.lisp
[8.240s] -- Up-to-date: /home/handsome/ros_ws_test/install/tug_example_msgs/share/common-lisp/ros/tug_example_msgs/msg/_package_FetchBoxGoal.lisp
[8.240s] -- Up-to-date: /home/handsome/ros_ws_test/install/tug_example_msgs/share/common-lisp/ros/tug_example_msgs/msg/_package_RecoverTimedOutGoal.lisp
[8.240s] -- Up-to-date: /home/handsome/ros_ws_test/install/tug_example_msgs/share/common-lisp/ros/tug_example_msgs/msg/PutBoxGoal.lisp
[8.240s] -- Up-to-date: /home/handsome/ros_ws_test/install/tug_example_msgs/share/common-lisp/ros/tug_example_msgs/msg/_package_TransportBoxActionFeedback.lisp
[8.240s] -- Up-to-date: /home/handsome/ros_ws_test/install/tug_example_msgs/share/common-lisp/ros/tug_example_msgs/msg/FetchBoxResult.lisp
[8.241s] -- Up-to-date: /home/handsome/ros_ws_test/install/tug_example_msgs/share/common-lisp/ros/tug_example_msgs/msg/_package_PutBoxActionGoal.lisp
[8.241s] -- Up-to-date: /home/handsome/ros_ws_test/install/tug_example_msgs/share/common-lisp/ros/tug_example_msgs/msg/_package_RecoverNotFetchingBoxActionGoal.lisp
[8.241s] -- Up-to-date: /home/handsome/ros_ws_test/install/tug_example_msgs/share/common-lisp/ros/tug_example_msgs/msg/RecoverNotFetchingBoxActionResult.lisp
[8.241s] -- Up-to-date: /home/handsome/ros_ws_test/install/tug_example_msgs/share/common-lisp/ros/tug_example_msgs/msg/PutBoxActionResult.lisp
[8.241s] -- Up-to-date: /home/handsome/ros_ws_test/install/tug_example_msgs/share/common-lisp/ros/tug_example_msgs/msg/PutBoxActionFeedback.lisp
[8.241s] -- Up-to-date: /home/handsome/ros_ws_test/install/tug_example_msgs/share/common-lisp/ros/tug_example_msgs/msg/RecoverTimedOutFeedback.lisp
[8.241s] -- Up-to-date: /home/handsome/ros_ws_test/install/tug_example_msgs/share/common-lisp/ros/tug_example_msgs/msg/_package_TransportBoxResult.lisp
[8.241s] -- Up-to-date: /home/handsome/ros_ws_test/install/tug_example_msgs/share/common-lisp/ros/tug_example_msgs/msg/_package_RecoverNotFetchingBoxGoal.lisp
[8.242s] -- Up-to-date: /home/handsome/ros_ws_test/install/tug_example_msgs/share/common-lisp/ros/tug_example_msgs/msg/_package_TransportBoxActionResult.lisp
[8.242s] -- Up-to-date: /home/handsome/ros_ws_test/install/tug_example_msgs/share/common-lisp/ros/tug_example_msgs/msg/_package_RecoverNotFetchingBoxResult.lisp
[8.242s] -- Up-to-date: /home/handsome/ros_ws_test/install/tug_example_msgs/share/common-lisp/ros/tug_example_msgs/msg/PutBoxResult.lisp
[8.242s] -- Up-to-date: /home/handsome/ros_ws_test/install/tug_example_msgs/share/common-lisp/ros/tug_example_msgs/msg/_package_RecoverTimedOutActionResult.lisp
[8.243s] -- Up-to-date: /home/handsome/ros_ws_test/install/tug_example_msgs/share/common-lisp/ros/tug_example_msgs/msg/_package_RecoverTimedOutActionFeedback.lisp
[8.243s] -- Up-to-date: /home/handsome/ros_ws_test/install/tug_example_msgs/share/common-lisp/ros/tug_example_msgs/msg/_package_TransportBoxAction.lisp
[8.243s] -- Up-to-date: /home/handsome/ros_ws_test/install/tug_example_msgs/share/gennodejs/ros/tug_example_msgs
[8.243s] -- Up-to-date: /home/handsome/ros_ws_test/install/tug_example_msgs/share/gennodejs/ros/tug_example_msgs/msg
[8.243s] -- Up-to-date: /home/handsome/ros_ws_test/install/tug_example_msgs/share/gennodejs/ros/tug_example_msgs/msg/RecoverNotFetchingBoxActionGoal.js
[8.243s] -- Up-to-date: /home/handsome/ros_ws_test/install/tug_example_msgs/share/gennodejs/ros/tug_example_msgs/msg/RecoverTimedOutActionGoal.js
[8.243s] -- Up-to-date: /home/handsome/ros_ws_test/install/tug_example_msgs/share/gennodejs/ros/tug_example_msgs/msg/TransportBoxGoal.js
[8.243s] -- Up-to-date: /home/handsome/ros_ws_test/install/tug_example_msgs/share/gennodejs/ros/tug_example_msgs/msg/FetchBoxGoal.js
[8.243s] -- Up-to-date: /home/handsome/ros_ws_test/install/tug_example_msgs/share/gennodejs/ros/tug_example_msgs/msg/PutBoxAction.js
[8.244s] -- Up-to-date: /home/handsome/ros_ws_test/install/tug_example_msgs/share/gennodejs/ros/tug_example_msgs/msg/FetchBoxActionFeedback.js
[8.244s] -- Up-to-date: /home/handsome/ros_ws_test/install/tug_example_msgs/share/gennodejs/ros/tug_example_msgs/msg/PutBoxActionFeedback.js
[8.244s] -- Up-to-date: /home/handsome/ros_ws_test/install/tug_example_msgs/share/gennodejs/ros/tug_example_msgs/msg/RecoverNotFetchingBoxActionResult.js
[8.244s] -- Up-to-date: /home/handsome/ros_ws_test/install/tug_example_msgs/share/gennodejs/ros/tug_example_msgs/msg/TransportBoxAction.js
[8.244s] -- Up-to-date: /home/handsome/ros_ws_test/install/tug_example_msgs/share/gennodejs/ros/tug_example_msgs/msg/RecoverNotFetchingBoxActionFeedback.js
[8.244s] -- Up-to-date: /home/handsome/ros_ws_test/install/tug_example_msgs/share/gennodejs/ros/tug_example_msgs/msg/PutBoxActionGoal.js
[8.244s] -- Up-to-date: /home/handsome/ros_ws_test/install/tug_example_msgs/share/gennodejs/ros/tug_example_msgs/msg/_index.js
[8.244s] -- Up-to-date: /home/handsome/ros_ws_test/install/tug_example_msgs/share/gennodejs/ros/tug_example_msgs/msg/RecoverNotFetchingBoxAction.js
[8.245s] -- Up-to-date: /home/handsome/ros_ws_test/install/tug_example_msgs/share/gennodejs/ros/tug_example_msgs/msg/RecoverNotFetchingBoxFeedback.js
[8.255s] -- Up-to-date: /home/handsome/ros_ws_test/install/tug_example_msgs/share/gennodejs/ros/tug_example_msgs/msg/PutBoxFeedback.js
[8.255s] -- Up-to-date: /home/handsome/ros_ws_test/install/tug_example_msgs/share/gennodejs/ros/tug_example_msgs/msg/FetchBoxResult.js
[8.255s] -- Up-to-date: /home/handsome/ros_ws_test/install/tug_example_msgs/share/gennodejs/ros/tug_example_msgs/msg/RecoverTimedOutAction.js
[8.255s] -- Up-to-date: /home/handsome/ros_ws_test/install/tug_example_msgs/share/gennodejs/ros/tug_example_msgs/msg/RecoverTimedOutGoal.js
[8.255s] -- Up-to-date: /home/handsome/ros_ws_test/install/tug_example_msgs/share/gennodejs/ros/tug_example_msgs/msg/TransportBoxResult.js
[8.256s] -- Up-to-date: /home/handsome/ros_ws_test/install/tug_example_msgs/share/gennodejs/ros/tug_example_msgs/msg/TransportBoxActionFeedback.js
[8.256s] -- Up-to-date: /home/handsome/ros_ws_test/install/tug_example_msgs/share/gennodejs/ros/tug_example_msgs/msg/RecoverTimedOutActionFeedback.js
[8.256s] -- Up-to-date: /home/handsome/ros_ws_test/install/tug_example_msgs/share/gennodejs/ros/tug_example_msgs/msg/RecoverTimedOutActionResult.js
[8.256s] -- Up-to-date: /home/handsome/ros_ws_test/install/tug_example_msgs/share/gennodejs/ros/tug_example_msgs/msg/PutBoxResult.js
[8.256s] -- Up-to-date: /home/handsome/ros_ws_test/install/tug_example_msgs/share/gennodejs/ros/tug_example_msgs/msg/FetchBoxAction.js
[8.256s] -- Up-to-date: /home/handsome/ros_ws_test/install/tug_example_msgs/share/gennodejs/ros/tug_example_msgs/msg/TransportBoxActionResult.js
[8.256s] -- Up-to-date: /home/handsome/ros_ws_test/install/tug_example_msgs/share/gennodejs/ros/tug_example_msgs/msg/RecoverNotFetchingBoxGoal.js
[8.256s] -- Up-to-date: /home/handsome/ros_ws_test/install/tug_example_msgs/share/gennodejs/ros/tug_example_msgs/msg/FetchBoxActionGoal.js
[8.257s] -- Up-to-date: /home/handsome/ros_ws_test/install/tug_example_msgs/share/gennodejs/ros/tug_example_msgs/msg/RecoverNotFetchingBoxResult.js
[8.257s] -- Up-to-date: /home/handsome/ros_ws_test/install/tug_example_msgs/share/gennodejs/ros/tug_example_msgs/msg/RecoverTimedOutFeedback.js
[8.257s] -- Up-to-date: /home/handsome/ros_ws_test/install/tug_example_msgs/share/gennodejs/ros/tug_example_msgs/msg/PutBoxActionResult.js
[8.257s] -- Up-to-date: /home/handsome/ros_ws_test/install/tug_example_msgs/share/gennodejs/ros/tug_example_msgs/msg/TransportBoxFeedback.js
[8.257s] -- Up-to-date: /home/handsome/ros_ws_test/install/tug_example_msgs/share/gennodejs/ros/tug_example_msgs/msg/RecoverTimedOutResult.js
[8.257s] -- Up-to-date: /home/handsome/ros_ws_test/install/tug_example_msgs/share/gennodejs/ros/tug_example_msgs/msg/PutBoxGoal.js
[8.257s] -- Up-to-date: /home/handsome/ros_ws_test/install/tug_example_msgs/share/gennodejs/ros/tug_example_msgs/msg/TransportBoxActionGoal.js
[8.257s] -- Up-to-date: /home/handsome/ros_ws_test/install/tug_example_msgs/share/gennodejs/ros/tug_example_msgs/msg/FetchBoxFeedback.js
[8.258s] -- Up-to-date: /home/handsome/ros_ws_test/install/tug_example_msgs/share/gennodejs/ros/tug_example_msgs/msg/FetchBoxActionResult.js
[8.258s] -- Up-to-date: /home/handsome/ros_ws_test/install/tug_example_msgs/share/gennodejs/ros/tug_example_msgs/_index.js
[8.342s] Listing /home/handsome/ros_ws_test/build/tug_example_msgs/devel/lib/python2.7/dist-packages/tug_example_msgs ...
[8.342s] Listing /home/handsome/ros_ws_test/build/tug_example_msgs/devel/lib/python2.7/dist-packages/tug_example_msgs/msg ...
[8.345s] -- Up-to-date: /home/handsome/ros_ws_test/install/tug_example_msgs/lib/python2.7/dist-packages/tug_example_msgs
[8.351s] -- Up-to-date: /home/handsome/ros_ws_test/install/tug_example_msgs/lib/python2.7/dist-packages/tug_example_msgs/msg
[8.351s] -- Up-to-date: /home/handsome/ros_ws_test/install/tug_example_msgs/lib/python2.7/dist-packages/tug_example_msgs/msg/_PutBoxResult.py
[8.356s] -- Up-to-date: /home/handsome/ros_ws_test/install/tug_example_msgs/lib/python2.7/dist-packages/tug_example_msgs/msg/_PutBoxFeedback.py
[8.356s] -- Up-to-date: /home/handsome/ros_ws_test/install/tug_example_msgs/lib/python2.7/dist-packages/tug_example_msgs/msg/_RecoverNotFetchingBoxActionResult.pyc
[8.357s] -- Up-to-date: /home/handsome/ros_ws_test/install/tug_example_msgs/lib/python2.7/dist-packages/tug_example_msgs/msg/_RecoverTimedOutGoal.py
[8.357s] -- Up-to-date: /home/handsome/ros_ws_test/install/tug_example_msgs/lib/python2.7/dist-packages/tug_example_msgs/msg/_RecoverNotFetchingBoxAction.py
[8.357s] -- Up-to-date: /home/handsome/ros_ws_test/install/tug_example_msgs/lib/python2.7/dist-packages/tug_example_msgs/msg/_TransportBoxResult.pyc
[8.358s] -- Up-to-date: /home/handsome/ros_ws_test/install/tug_example_msgs/lib/python2.7/dist-packages/tug_example_msgs/msg/_PutBoxActionResult.pyc
[8.359s] -- Up-to-date: /home/handsome/ros_ws_test/install/tug_example_msgs/lib/python2.7/dist-packages/tug_example_msgs/msg/_TransportBoxFeedback.pyc
[8.359s] -- Up-to-date: /home/handsome/ros_ws_test/install/tug_example_msgs/lib/python2.7/dist-packages/tug_example_msgs/msg/_RecoverTimedOutResult.py
[8.360s] -- Up-to-date: /home/handsome/ros_ws_test/install/tug_example_msgs/lib/python2.7/dist-packages/tug_example_msgs/msg/_RecoverTimedOutActionResult.pyc
[8.362s] -- Up-to-date: /home/handsome/ros_ws_test/install/tug_example_msgs/lib/python2.7/dist-packages/tug_example_msgs/msg/_RecoverNotFetchingBoxResult.pyc
[8.374s] -- Up-to-date: /home/handsome/ros_ws_test/install/tug_example_msgs/lib/python2.7/dist-packages/tug_example_msgs/msg/__init__.py
[8.374s] -- Up-to-date: /home/handsome/ros_ws_test/install/tug_example_msgs/lib/python2.7/dist-packages/tug_example_msgs/msg/_RecoverNotFetchingBoxActionFeedback.py
[8.374s] -- Up-to-date: /home/handsome/ros_ws_test/install/tug_example_msgs/lib/python2.7/dist-packages/tug_example_msgs/msg/_PutBoxGoal.pyc
[8.374s] -- Up-to-date: /home/handsome/ros_ws_test/install/tug_example_msgs/lib/python2.7/dist-packages/tug_example_msgs/msg/_TransportBoxAction.py
[8.374s] -- Up-to-date: /home/handsome/ros_ws_test/install/tug_example_msgs/lib/python2.7/dist-packages/tug_example_msgs/msg/_FetchBoxActionResult.py
[8.375s] -- Up-to-date: /home/handsome/ros_ws_test/install/tug_example_msgs/lib/python2.7/dist-packages/tug_example_msgs/msg/_FetchBoxResult.py
[8.375s] -- Up-to-date: /home/handsome/ros_ws_test/install/tug_example_msgs/lib/python2.7/dist-packages/tug_example_msgs/msg/_TransportBoxResult.py
[8.375s] -- Up-to-date: /home/handsome/ros_ws_test/install/tug_example_msgs/lib/python2.7/dist-packages/tug_example_msgs/msg/_TransportBoxActionGoal.pyc
[8.376s] -- Up-to-date: /home/handsome/ros_ws_test/install/tug_example_msgs/lib/python2.7/dist-packages/tug_example_msgs/msg/_TransportBoxActionFeedback.py
[8.376s] -- Up-to-date: /home/handsome/ros_ws_test/install/tug_example_msgs/lib/python2.7/dist-packages/tug_example_msgs/msg/_FetchBoxActionFeedback.pyc
[8.376s] -- Up-to-date: /home/handsome/ros_ws_test/install/tug_example_msgs/lib/python2.7/dist-packages/tug_example_msgs/msg/_PutBoxActionGoal.pyc
[8.376s] -- Up-to-date: /home/handsome/ros_ws_test/install/tug_example_msgs/lib/python2.7/dist-packages/tug_example_msgs/msg/_FetchBoxActionFeedback.py
[8.376s] -- Up-to-date: /home/handsome/ros_ws_test/install/tug_example_msgs/lib/python2.7/dist-packages/tug_example_msgs/msg/_RecoverNotFetchingBoxAction.pyc
[8.377s] -- Up-to-date: /home/handsome/ros_ws_test/install/tug_example_msgs/lib/python2.7/dist-packages/tug_example_msgs/msg/_TransportBoxGoal.pyc
[8.377s] -- Up-to-date: /home/handsome/ros_ws_test/install/tug_example_msgs/lib/python2.7/dist-packages/tug_example_msgs/msg/_RecoverNotFetchingBoxGoal.pyc
[8.377s] -- Up-to-date: /home/handsome/ros_ws_test/install/tug_example_msgs/lib/python2.7/dist-packages/tug_example_msgs/msg/_RecoverTimedOutActionFeedback.pyc
[8.377s] -- Up-to-date: /home/handsome/ros_ws_test/install/tug_example_msgs/lib/python2.7/dist-packages/tug_example_msgs/msg/_RecoverTimedOutAction.pyc
[8.377s] -- Up-to-date: /home/handsome/ros_ws_test/install/tug_example_msgs/lib/python2.7/dist-packages/tug_example_msgs/msg/_RecoverTimedOutFeedback.py
[8.377s] -- Up-to-date: /home/handsome/ros_ws_test/install/tug_example_msgs/lib/python2.7/dist-packages/tug_example_msgs/msg/_FetchBoxActionResult.pyc
[8.378s] -- Up-to-date: /home/handsome/ros_ws_test/install/tug_example_msgs/lib/python2.7/dist-packages/tug_example_msgs/msg/_FetchBoxFeedback.py
[8.378s] -- Up-to-date: /home/handsome/ros_ws_test/install/tug_example_msgs/lib/python2.7/dist-packages/tug_example_msgs/msg/_RecoverNotFetchingBoxFeedback.pyc
[8.378s] -- Up-to-date: /home/handsome/ros_ws_test/install/tug_example_msgs/lib/python2.7/dist-packages/tug_example_msgs/msg/_TransportBoxActionResult.pyc
[8.378s] -- Up-to-date: /home/handsome/ros_ws_test/install/tug_example_msgs/lib/python2.7/dist-packages/tug_example_msgs/msg/_RecoverTimedOutActionFeedback.py
[8.379s] -- Up-to-date: /home/handsome/ros_ws_test/install/tug_example_msgs/lib/python2.7/dist-packages/tug_example_msgs/msg/_RecoverNotFetchingBoxResult.py
[8.379s] -- Up-to-date: /home/handsome/ros_ws_test/install/tug_example_msgs/lib/python2.7/dist-packages/tug_example_msgs/msg/_FetchBoxResult.pyc
[8.379s] -- Up-to-date: /home/handsome/ros_ws_test/install/tug_example_msgs/lib/python2.7/dist-packages/tug_example_msgs/msg/_RecoverTimedOutAction.py
[8.380s] -- Up-to-date: /home/handsome/ros_ws_test/install/tug_example_msgs/lib/python2.7/dist-packages/tug_example_msgs/msg/_RecoverTimedOutGoal.pyc
[8.380s] -- Up-to-date: /home/handsome/ros_ws_test/install/tug_example_msgs/lib/python2.7/dist-packages/tug_example_msgs/msg/_FetchBoxGoal.py
[8.380s] -- Up-to-date: /home/handsome/ros_ws_test/install/tug_example_msgs/lib/python2.7/dist-packages/tug_example_msgs/msg/_FetchBoxGoal.pyc
[8.380s] -- Up-to-date: /home/handsome/ros_ws_test/install/tug_example_msgs/lib/python2.7/dist-packages/tug_example_msgs/msg/_RecoverNotFetchingBoxActionResult.py
[8.380s] -- Up-to-date: /home/handsome/ros_ws_test/install/tug_example_msgs/lib/python2.7/dist-packages/tug_example_msgs/msg/_RecoverTimedOutActionGoal.py
[8.381s] -- Up-to-date: /home/handsome/ros_ws_test/install/tug_example_msgs/lib/python2.7/dist-packages/tug_example_msgs/msg/_FetchBoxFeedback.pyc
[8.381s] -- Up-to-date: /home/handsome/ros_ws_test/install/tug_example_msgs/lib/python2.7/dist-packages/tug_example_msgs/msg/_FetchBoxActionGoal.pyc
[8.381s] -- Up-to-date: /home/handsome/ros_ws_test/install/tug_example_msgs/lib/python2.7/dist-packages/tug_example_msgs/msg/_FetchBoxAction.pyc
[8.381s] -- Up-to-date: /home/handsome/ros_ws_test/install/tug_example_msgs/lib/python2.7/dist-packages/tug_example_msgs/msg/_TransportBoxFeedback.py
[8.381s] -- Up-to-date: /home/handsome/ros_ws_test/install/tug_example_msgs/lib/python2.7/dist-packages/tug_example_msgs/msg/_FetchBoxActionGoal.py
[8.381s] -- Up-to-date: /home/handsome/ros_ws_test/install/tug_example_msgs/lib/python2.7/dist-packages/tug_example_msgs/msg/_PutBoxAction.pyc
[8.382s] -- Up-to-date: /home/handsome/ros_ws_test/install/tug_example_msgs/lib/python2.7/dist-packages/tug_example_msgs/msg/_RecoverTimedOutActionGoal.pyc
[8.382s] -- Up-to-date: /home/handsome/ros_ws_test/install/tug_example_msgs/lib/python2.7/dist-packages/tug_example_msgs/msg/_RecoverTimedOutActionResult.py
[8.382s] -- Up-to-date: /home/handsome/ros_ws_test/install/tug_example_msgs/lib/python2.7/dist-packages/tug_example_msgs/msg/_TransportBoxGoal.py
[8.382s] -- Up-to-date: /home/handsome/ros_ws_test/install/tug_example_msgs/lib/python2.7/dist-packages/tug_example_msgs/msg/_RecoverNotFetchingBoxGoal.py
[8.382s] -- Up-to-date: /home/handsome/ros_ws_test/install/tug_example_msgs/lib/python2.7/dist-packages/tug_example_msgs/msg/_PutBoxAction.py
[8.388s] -- Up-to-date: /home/handsome/ros_ws_test/install/tug_example_msgs/lib/python2.7/dist-packages/tug_example_msgs/msg/_PutBoxActionFeedback.py
[8.388s] -- Up-to-date: /home/handsome/ros_ws_test/install/tug_example_msgs/lib/python2.7/dist-packages/tug_example_msgs/msg/__init__.pyc
[8.389s] -- Up-to-date: /home/handsome/ros_ws_test/install/tug_example_msgs/lib/python2.7/dist-packages/tug_example_msgs/msg/_RecoverNotFetchingBoxFeedback.py
[8.389s] -- Up-to-date: /home/handsome/ros_ws_test/install/tug_example_msgs/lib/python2.7/dist-packages/tug_example_msgs/msg/_RecoverTimedOutFeedback.pyc
[8.389s] -- Up-to-date: /home/handsome/ros_ws_test/install/tug_example_msgs/lib/python2.7/dist-packages/tug_example_msgs/msg/_PutBoxActionFeedback.pyc
[8.389s] -- Up-to-date: /home/handsome/ros_ws_test/install/tug_example_msgs/lib/python2.7/dist-packages/tug_example_msgs/msg/_TransportBoxActionResult.py
[8.389s] -- Up-to-date: /home/handsome/ros_ws_test/install/tug_example_msgs/lib/python2.7/dist-packages/tug_example_msgs/msg/_PutBoxFeedback.pyc
[8.389s] -- Up-to-date: /home/handsome/ros_ws_test/install/tug_example_msgs/lib/python2.7/dist-packages/tug_example_msgs/msg/_PutBoxGoal.py
[8.390s] -- Up-to-date: /home/handsome/ros_ws_test/install/tug_example_msgs/lib/python2.7/dist-packages/tug_example_msgs/msg/_TransportBoxAction.pyc
[8.390s] -- Up-to-date: /home/handsome/ros_ws_test/install/tug_example_msgs/lib/python2.7/dist-packages/tug_example_msgs/msg/_FetchBoxAction.py
[8.390s] -- Up-to-date: /home/handsome/ros_ws_test/install/tug_example_msgs/lib/python2.7/dist-packages/tug_example_msgs/msg/_RecoverNotFetchingBoxActionFeedback.pyc
[8.390s] -- Up-to-date: /home/handsome/ros_ws_test/install/tug_example_msgs/lib/python2.7/dist-packages/tug_example_msgs/msg/_PutBoxActionGoal.py
[8.390s] -- Up-to-date: /home/handsome/ros_ws_test/install/tug_example_msgs/lib/python2.7/dist-packages/tug_example_msgs/msg/_RecoverNotFetchingBoxActionGoal.py
[8.390s] -- Up-to-date: /home/handsome/ros_ws_test/install/tug_example_msgs/lib/python2.7/dist-packages/tug_example_msgs/msg/_RecoverTimedOutResult.pyc
[8.390s] -- Up-to-date: /home/handsome/ros_ws_test/install/tug_example_msgs/lib/python2.7/dist-packages/tug_example_msgs/msg/_TransportBoxActionFeedback.pyc
[8.391s] -- Up-to-date: /home/handsome/ros_ws_test/install/tug_example_msgs/lib/python2.7/dist-packages/tug_example_msgs/msg/_TransportBoxActionGoal.py
[8.391s] -- Up-to-date: /home/handsome/ros_ws_test/install/tug_example_msgs/lib/python2.7/dist-packages/tug_example_msgs/msg/_RecoverNotFetchingBoxActionGoal.pyc
[8.391s] -- Up-to-date: /home/handsome/ros_ws_test/install/tug_example_msgs/lib/python2.7/dist-packages/tug_example_msgs/msg/_PutBoxResult.pyc
[8.391s] -- Up-to-date: /home/handsome/ros_ws_test/install/tug_example_msgs/lib/python2.7/dist-packages/tug_example_msgs/msg/_PutBoxActionResult.py
[8.391s] -- Up-to-date: /home/handsome/ros_ws_test/install/tug_example_msgs/lib/python2.7/dist-packages/tug_example_msgs/__init__.py
[8.391s] -- Up-to-date: /home/handsome/ros_ws_test/install/tug_example_msgs/lib/python2.7/dist-packages/tug_example_msgs/__init__.pyc
[8.392s] -- Up-to-date: /home/handsome/ros_ws_test/install/tug_example_msgs/lib/pkgconfig/tug_example_msgs.pc
[8.392s] -- Up-to-date: /home/handsome/ros_ws_test/install/tug_example_msgs/share/tug_example_msgs/cmake/tug_example_msgs-msg-extras.cmake
[8.392s] -- Up-to-date: /home/handsome/ros_ws_test/install/tug_example_msgs/share/tug_example_msgs/cmake/tug_example_msgsConfig.cmake
[8.393s] -- Up-to-date: /home/handsome/ros_ws_test/install/tug_example_msgs/share/tug_example_msgs/cmake/tug_example_msgsConfig-version.cmake
[8.393s] -- Up-to-date: /home/handsome/ros_ws_test/install/tug_example_msgs/share/tug_example_msgs/package.xml
[8.444s] Invoked command in '/home/handsome/ros_ws_test/build/tug_example_msgs' returned '0': /usr/bin/cmake --build /home/handsome/ros_ws_test/build/tug_example_msgs --target install -- -j12 -l12
