In file included from [01m[K/home/handsome/ros_ws_test/build/car_db_manager_qtgui/include/car_db_manager/controller/../../../../../src/ros_base/car_data_management/car_db_manager_qtgui/include/car_db_manager/controller/ros_controlmodel.h:48:0[m[K,
                 from [01m[K/home/handsome/ros_ws_test/build/car_db_manager_qtgui/include/car_db_manager/controller/moc_ros_controlmodel.cpp:9[m[K:
[01m[K/home/handsome/ros_ws_test/install/ros_utility_tools/include/ros_utility_tools/table_mongodbstore_client.h:[m[K In member function ‘[01m[Kbool table_mongodbstore_client<MsgType, MsgType_req, MsgType_resp>::mongo_table_Insert(const boost::shared_ptr<X>&)[m[K’:
[01m[K/home/handsome/ros_ws_test/install/ros_utility_tools/include/ros_utility_tools/table_mongodbstore_client.h:96:27:[m[K [01;35m[Kwarning: [m[Kthere are no arguments to ‘[01m[Kget_Now_LocalTime[m[K’ that depend on a template parameter, so a declaration of ‘[01m[Kget_Now_LocalTime[m[K’ must be available [[01;35m[K-fpermissive[m[K]
    (*_data).update_time = [01;35m[Kget_Now_LocalTime[m[K();  //-- from tools
                           [01;35m[K^~~~~~~~~~~~~~~~~[m[K
[01m[K/home/handsome/ros_ws_test/install/ros_utility_tools/include/ros_utility_tools/table_mongodbstore_client.h:[m[K In member function ‘[01m[Kbool table_mongodbstore_client<MsgType, MsgType_req, MsgType_resp>::mongo_table_modify(const boost::shared_ptr<X>&)[m[K’:
[01m[K/home/handsome/ros_ws_test/install/ros_utility_tools/include/ros_utility_tools/table_mongodbstore_client.h:107:27:[m[K [01;35m[Kwarning: [m[Kthere are no arguments to ‘[01m[Kget_Now_LocalTime[m[K’ that depend on a template parameter, so a declaration of ‘[01m[Kget_Now_LocalTime[m[K’ must be available [[01;35m[K-fpermissive[m[K]
    (*_data).update_time = [01;35m[Kget_Now_LocalTime[m[K();
                           [01;35m[K^~~~~~~~~~~~~~~~~[m[K
[01m[K/home/handsome/ros_ws_test/install/ros_utility_tools/include/ros_utility_tools/table_mongodbstore_client.h:[m[K In member function ‘[01m[Kbool table_mongodbstore_client<MsgType, MsgType_req, MsgType_resp>::response_table_data_Query(std::__cxx11::string, std::__cxx11::string, std::__cxx11::string, MsgType_resp&)[m[K’:
[01m[K/home/handsome/ros_ws_test/install/ros_utility_tools/include/ros_utility_tools/table_mongodbstore_client.h:391:16:[m[K [01;35m[Kwarning: [m[Kthere are no arguments to ‘[01m[Kstrtoint[m[K’ that depend on a template parameter, so a declaration of ‘[01m[Kstrtoint[m[K’ must be available [[01;35m[K-fpermissive[m[K]
    int _type = [01;35m[Kstrtoint[m[K(base_index,-1); //-- search type
                [01;35m[K^~~~~~~~[m[K
[01m[K/home/handsome/ros_ws_test/install/ros_utility_tools/include/ros_utility_tools/table_mongodbstore_client.h:[m[K In member function ‘[01m[Kbool table_mongodbstore_client<MsgType, MsgType_req, MsgType_resp>::srv_Eval_db_table_srv_service(MsgType_req&, MsgType_resp&)[m[K’:
[01m[K/home/handsome/ros_ws_test/install/ros_utility_tools/include/ros_utility_tools/table_mongodbstore_client.h:470:25:[m[K [01;35m[Kwarning: [m[Kthere are no arguments to ‘[01m[Kconvert_str[m[K’ that depend on a template parameter, so a declaration of ‘[01m[Kconvert_str[m[K’ must be available [[01;35m[K-fpermissive[m[K]
       resp.error_code = [01;35m[Kconvert_str[m[K((int)table_srv_error_type) ;
                         [01;35m[K^~~~~~~~~~~[m[K
[01m[K/home/handsome/ros_ws_test/install/ros_utility_tools/include/ros_utility_tools/table_mongodbstore_client.h:479:25:[m[K [01;35m[Kwarning: [m[Kthere are no arguments to ‘[01m[Kconvert_str[m[K’ that depend on a template parameter, so a declaration of ‘[01m[Kconvert_str[m[K’ must be available [[01;35m[K-fpermissive[m[K]
       resp.error_code = [01;35m[Kconvert_str[m[K((int)table_srv_error_type) ;
                         [01;35m[K^~~~~~~~~~~[m[K
[01m[K/home/handsome/ros_ws_test/install/ros_utility_tools/include/ros_utility_tools/table_mongodbstore_client.h:487:25:[m[K [01;35m[Kwarning: [m[Kthere are no arguments to ‘[01m[Kconvert_str[m[K’ that depend on a template parameter, so a declaration of ‘[01m[Kconvert_str[m[K’ must be available [[01;35m[K-fpermissive[m[K]
       resp.error_code = [01;35m[Kconvert_str[m[K((int)edb_tb_err_type_none) ;
                         [01;35m[K^~~~~~~~~~~[m[K
[01m[K/home/handsome/ros_ws_test/install/ros_utility_tools/include/ros_utility_tools/table_mongodbstore_client.h:504:25:[m[K [01;35m[Kwarning: [m[Kthere are no arguments to ‘[01m[Kconvert_str[m[K’ that depend on a template parameter, so a declaration of ‘[01m[Kconvert_str[m[K’ must be available [[01;35m[K-fpermissive[m[K]
       resp.error_code = [01;35m[Kconvert_str[m[K((int)edb_tb_err_type_none) ;
                         [01;35m[K^~~~~~~~~~~[m[K
[01m[K/home/handsome/ros_ws_test/install/ros_utility_tools/include/ros_utility_tools/table_mongodbstore_client.h:509:25:[m[K [01;35m[Kwarning: [m[Kthere are no arguments to ‘[01m[Kconvert_str[m[K’ that depend on a template parameter, so a declaration of ‘[01m[Kconvert_str[m[K’ must be available [[01;35m[K-fpermissive[m[K]
       resp.error_code = [01;35m[Kconvert_str[m[K((int)table_srv_error_type) ;
                         [01;35m[K^~~~~~~~~~~[m[K
[01m[K/home/handsome/ros_ws_test/install/ros_utility_tools/include/ros_utility_tools/table_mongodbstore_client.h:520:25:[m[K [01;35m[Kwarning: [m[Kthere are no arguments to ‘[01m[Kconvert_str[m[K’ that depend on a template parameter, so a declaration of ‘[01m[Kconvert_str[m[K’ must be available [[01;35m[K-fpermissive[m[K]
       resp.error_code = [01;35m[Kconvert_str[m[K((int)edb_tb_err_type_none) ;
                         [01;35m[K^~~~~~~~~~~[m[K
[01m[K/home/handsome/ros_ws_test/install/ros_utility_tools/include/ros_utility_tools/table_mongodbstore_client.h:525:25:[m[K [01;35m[Kwarning: [m[Kthere are no arguments to ‘[01m[Kconvert_str[m[K’ that depend on a template parameter, so a declaration of ‘[01m[Kconvert_str[m[K’ must be available [[01;35m[K-fpermissive[m[K]
       resp.error_code = [01;35m[Kconvert_str[m[K((int)table_srv_error_type) ;
                         [01;35m[K^~~~~~~~~~~[m[K
[01m[K/home/handsome/ros_ws_test/install/ros_utility_tools/include/ros_utility_tools/table_mongodbstore_client.h:533:24:[m[K [01;35m[Kwarning: [m[Kthere are no arguments to ‘[01m[Kconvert_str[m[K’ that depend on a template parameter, so a declaration of ‘[01m[Kconvert_str[m[K’ must be available [[01;35m[K-fpermissive[m[K]
      resp.error_code = [01;35m[Kconvert_str[m[K((int)edb_tb_err_type_none) ;
                        [01;35m[K^~~~~~~~~~~[m[K
In file included from [01m[K/home/handsome/ros_ws_test/src/ros_base/car_data_management/car_db_manager_qtgui/include/car_db_manager/controller/ros_controlmodel.h:48:0[m[K,
                 from [01m[K/home/handsome/ros_ws_test/src/ros_base/car_data_management/car_db_manager_qtgui/include/car_db_manager/app_form/frmdb_basetable.h:9[m[K,
                 from [01m[K/home/handsome/ros_ws_test/src/ros_base/car_data_management/car_db_manager_qtgui/src/app_form/frmdb_basetable.cpp:1[m[K:
[01m[K/home/handsome/ros_ws_test/install/ros_utility_tools/include/ros_utility_tools/table_mongodbstore_client.h:[m[K In member function ‘[01m[Kbool table_mongodbstore_client<MsgType, MsgType_req, MsgType_resp>::mongo_table_Insert(const boost::shared_ptr<X>&)[m[K’:
[01m[K/home/handsome/ros_ws_test/install/ros_utility_tools/include/ros_utility_tools/table_mongodbstore_client.h:96:27:[m[K [01;35m[Kwarning: [m[Kthere are no arguments to ‘[01m[Kget_Now_LocalTime[m[K’ that depend on a template parameter, so a declaration of ‘[01m[Kget_Now_LocalTime[m[K’ must be available [[01;35m[K-fpermissive[m[K]
    (*_data).update_time = [01;35m[Kget_Now_LocalTime[m[K();  //-- from tools
                           [01;35m[K^~~~~~~~~~~~~~~~~[m[K
[01m[K/home/handsome/ros_ws_test/install/ros_utility_tools/include/ros_utility_tools/table_mongodbstore_client.h:[m[K In member function ‘[01m[Kbool table_mongodbstore_client<MsgType, MsgType_req, MsgType_resp>::mongo_table_modify(const boost::shared_ptr<X>&)[m[K’:
[01m[K/home/handsome/ros_ws_test/install/ros_utility_tools/include/ros_utility_tools/table_mongodbstore_client.h:107:27:[m[K [01;35m[Kwarning: [m[Kthere are no arguments to ‘[01m[Kget_Now_LocalTime[m[K’ that depend on a template parameter, so a declaration of ‘[01m[Kget_Now_LocalTime[m[K’ must be available [[01;35m[K-fpermissive[m[K]
    (*_data).update_time = [01;35m[Kget_Now_LocalTime[m[K();
                           [01;35m[K^~~~~~~~~~~~~~~~~[m[K
[01m[K/home/handsome/ros_ws_test/install/ros_utility_tools/include/ros_utility_tools/table_mongodbstore_client.h:[m[K In member function ‘[01m[Kbool table_mongodbstore_client<MsgType, MsgType_req, MsgType_resp>::response_table_data_Query(std::__cxx11::string, std::__cxx11::string, std::__cxx11::string, MsgType_resp&)[m[K’:
[01m[K/home/handsome/ros_ws_test/install/ros_utility_tools/include/ros_utility_tools/table_mongodbstore_client.h:391:16:[m[K [01;35m[Kwarning: [m[Kthere are no arguments to ‘[01m[Kstrtoint[m[K’ that depend on a template parameter, so a declaration of ‘[01m[Kstrtoint[m[K’ must be available [[01;35m[K-fpermissive[m[K]
    int _type = [01;35m[Kstrtoint[m[K(base_index,-1); //-- search type
                [01;35m[K^~~~~~~~[m[K
[01m[K/home/handsome/ros_ws_test/install/ros_utility_tools/include/ros_utility_tools/table_mongodbstore_client.h:[m[K In member function ‘[01m[Kbool table_mongodbstore_client<MsgType, MsgType_req, MsgType_resp>::srv_Eval_db_table_srv_service(MsgType_req&, MsgType_resp&)[m[K’:
[01m[K/home/handsome/ros_ws_test/install/ros_utility_tools/include/ros_utility_tools/table_mongodbstore_client.h:470:25:[m[K [01;35m[Kwarning: [m[Kthere are no arguments to ‘[01m[Kconvert_str[m[K’ that depend on a template parameter, so a declaration of ‘[01m[Kconvert_str[m[K’ must be available [[01;35m[K-fpermissive[m[K]
       resp.error_code = [01;35m[Kconvert_str[m[K((int)table_srv_error_type) ;
                         [01;35m[K^~~~~~~~~~~[m[K
[01m[K/home/handsome/ros_ws_test/install/ros_utility_tools/include/ros_utility_tools/table_mongodbstore_client.h:479:25:[m[K [01;35m[Kwarning: [m[Kthere are no arguments to ‘[01m[Kconvert_str[m[K’ that depend on a template parameter, so a declaration of ‘[01m[Kconvert_str[m[K’ must be available [[01;35m[K-fpermissive[m[K]
       resp.error_code = [01;35m[Kconvert_str[m[K((int)table_srv_error_type) ;
                         [01;35m[K^~~~~~~~~~~[m[K
[01m[K/home/handsome/ros_ws_test/install/ros_utility_tools/include/ros_utility_tools/table_mongodbstore_client.h:487:25:[m[K [01;35m[Kwarning: [m[Kthere are no arguments to ‘[01m[Kconvert_str[m[K’ that depend on a template parameter, so a declaration of ‘[01m[Kconvert_str[m[K’ must be available [[01;35m[K-fpermissive[m[K]
       resp.error_code = [01;35m[Kconvert_str[m[K((int)edb_tb_err_type_none) ;
                         [01;35m[K^~~~~~~~~~~[m[K
[01m[K/home/handsome/ros_ws_test/install/ros_utility_tools/include/ros_utility_tools/table_mongodbstore_client.h:504:25:[m[K [01;35m[Kwarning: [m[Kthere are no arguments to ‘[01m[Kconvert_str[m[K’ that depend on a template parameter, so a declaration of ‘[01m[Kconvert_str[m[K’ must be available [[01;35m[K-fpermissive[m[K]
       resp.error_code = [01;35m[Kconvert_str[m[K((int)edb_tb_err_type_none) ;
                         [01;35m[K^~~~~~~~~~~[m[K
[01m[K/home/handsome/ros_ws_test/install/ros_utility_tools/include/ros_utility_tools/table_mongodbstore_client.h:509:25:[m[K [01;35m[Kwarning: [m[Kthere are no arguments to ‘[01m[Kconvert_str[m[K’ that depend on a template parameter, so a declaration of ‘[01m[Kconvert_str[m[K’ must be available [[01;35m[K-fpermissive[m[K]
       resp.error_code = [01;35m[Kconvert_str[m[K((int)table_srv_error_type) ;
                         [01;35m[K^~~~~~~~~~~[m[K
[01m[K/home/handsome/ros_ws_test/install/ros_utility_tools/include/ros_utility_tools/table_mongodbstore_client.h:520:25:[m[K [01;35m[Kwarning: [m[Kthere are no arguments to ‘[01m[Kconvert_str[m[K’ that depend on a template parameter, so a declaration of ‘[01m[Kconvert_str[m[K’ must be available [[01;35m[K-fpermissive[m[K]
       resp.error_code = [01;35m[Kconvert_str[m[K((int)edb_tb_err_type_none) ;
                         [01;35m[K^~~~~~~~~~~[m[K
[01m[K/home/handsome/ros_ws_test/install/ros_utility_tools/include/ros_utility_tools/table_mongodbstore_client.h:525:25:[m[K [01;35m[Kwarning: [m[Kthere are no arguments to ‘[01m[Kconvert_str[m[K’ that depend on a template parameter, so a declaration of ‘[01m[Kconvert_str[m[K’ must be available [[01;35m[K-fpermissive[m[K]
       resp.error_code = [01;35m[Kconvert_str[m[K((int)table_srv_error_type) ;
                         [01;35m[K^~~~~~~~~~~[m[K
[01m[K/home/handsome/ros_ws_test/install/ros_utility_tools/include/ros_utility_tools/table_mongodbstore_client.h:533:24:[m[K [01;35m[Kwarning: [m[Kthere are no arguments to ‘[01m[Kconvert_str[m[K’ that depend on a template parameter, so a declaration of ‘[01m[Kconvert_str[m[K’ must be available [[01;35m[K-fpermissive[m[K]
      resp.error_code = [01;35m[Kconvert_str[m[K((int)edb_tb_err_type_none) ;
                        [01;35m[K^~~~~~~~~~~[m[K
In file included from [01m[K/home/handsome/ros_ws_test/src/ros_base/car_data_management/car_db_manager_qtgui/include/car_db_manager/controller/ros_control_related.h:18:0[m[K,
                 from [01m[K/home/handsome/ros_ws_test/build/car_db_manager_qtgui/include/car_db_manager/app_form/../../../../../src/ros_base/car_data_management/car_db_manager_qtgui/include/car_db_manager/app_form/frmdb_relatetable.h:10[m[K,
                 from [01m[K/home/handsome/ros_ws_test/build/car_db_manager_qtgui/include/car_db_manager/app_form/moc_frmdb_relatetable.cpp:9[m[K:
[01m[K/home/handsome/ros_ws_test/install/ros_utility_tools/include/ros_utility_tools/table_mongodbstore_client.h:[m[K In member function ‘[01m[Kbool table_mongodbstore_client<MsgType, MsgType_req, MsgType_resp>::mongo_table_Insert(const boost::shared_ptr<X>&)[m[K’:
[01m[K/home/handsome/ros_ws_test/install/ros_utility_tools/include/ros_utility_tools/table_mongodbstore_client.h:96:27:[m[K [01;35m[Kwarning: [m[Kthere are no arguments to ‘[01m[Kget_Now_LocalTime[m[K’ that depend on a template parameter, so a declaration of ‘[01m[Kget_Now_LocalTime[m[K’ must be available [[01;35m[K-fpermissive[m[K]
    (*_data).update_time = [01;35m[Kget_Now_LocalTime[m[K();  //-- from tools
                           [01;35m[K^~~~~~~~~~~~~~~~~[m[K
[01m[K/home/handsome/ros_ws_test/install/ros_utility_tools/include/ros_utility_tools/table_mongodbstore_client.h:[m[K In member function ‘[01m[Kbool table_mongodbstore_client<MsgType, MsgType_req, MsgType_resp>::mongo_table_modify(const boost::shared_ptr<X>&)[m[K’:
[01m[K/home/handsome/ros_ws_test/install/ros_utility_tools/include/ros_utility_tools/table_mongodbstore_client.h:107:27:[m[K [01;35m[Kwarning: [m[Kthere are no arguments to ‘[01m[Kget_Now_LocalTime[m[K’ that depend on a template parameter, so a declaration of ‘[01m[Kget_Now_LocalTime[m[K’ must be available [[01;35m[K-fpermissive[m[K]
    (*_data).update_time = [01;35m[Kget_Now_LocalTime[m[K();
                           [01;35m[K^~~~~~~~~~~~~~~~~[m[K
[01m[K/home/handsome/ros_ws_test/install/ros_utility_tools/include/ros_utility_tools/table_mongodbstore_client.h:[m[K In member function ‘[01m[Kbool table_mongodbstore_client<MsgType, MsgType_req, MsgType_resp>::response_table_data_Query(std::__cxx11::string, std::__cxx11::string, std::__cxx11::string, MsgType_resp&)[m[K’:
[01m[K/home/handsome/ros_ws_test/install/ros_utility_tools/include/ros_utility_tools/table_mongodbstore_client.h:391:16:[m[K [01;35m[Kwarning: [m[Kthere are no arguments to ‘[01m[Kstrtoint[m[K’ that depend on a template parameter, so a declaration of ‘[01m[Kstrtoint[m[K’ must be available [[01;35m[K-fpermissive[m[K]
    int _type = [01;35m[Kstrtoint[m[K(base_index,-1); //-- search type
                [01;35m[K^~~~~~~~[m[K
[01m[K/home/handsome/ros_ws_test/install/ros_utility_tools/include/ros_utility_tools/table_mongodbstore_client.h:[m[K In member function ‘[01m[Kbool table_mongodbstore_client<MsgType, MsgType_req, MsgType_resp>::srv_Eval_db_table_srv_service(MsgType_req&, MsgType_resp&)[m[K’:
[01m[K/home/handsome/ros_ws_test/install/ros_utility_tools/include/ros_utility_tools/table_mongodbstore_client.h:470:25:[m[K [01;35m[Kwarning: [m[Kthere are no arguments to ‘[01m[Kconvert_str[m[K’ that depend on a template parameter, so a declaration of ‘[01m[Kconvert_str[m[K’ must be available [[01;35m[K-fpermissive[m[K]
       resp.error_code = [01;35m[Kconvert_str[m[K((int)table_srv_error_type) ;
                         [01;35m[K^~~~~~~~~~~[m[K
[01m[K/home/handsome/ros_ws_test/install/ros_utility_tools/include/ros_utility_tools/table_mongodbstore_client.h:479:25:[m[K [01;35m[Kwarning: [m[Kthere are no arguments to ‘[01m[Kconvert_str[m[K’ that depend on a template parameter, so a declaration of ‘[01m[Kconvert_str[m[K’ must be available [[01;35m[K-fpermissive[m[K]
       resp.error_code = [01;35m[Kconvert_str[m[K((int)table_srv_error_type) ;
                         [01;35m[K^~~~~~~~~~~[m[K
[01m[K/home/handsome/ros_ws_test/install/ros_utility_tools/include/ros_utility_tools/table_mongodbstore_client.h:487:25:[m[K [01;35m[Kwarning: [m[Kthere are no arguments to ‘[01m[Kconvert_str[m[K’ that depend on a template parameter, so a declaration of ‘[01m[Kconvert_str[m[K’ must be available [[01;35m[K-fpermissive[m[K]
       resp.error_code = [01;35m[Kconvert_str[m[K((int)edb_tb_err_type_none) ;
                         [01;35m[K^~~~~~~~~~~[m[K
[01m[K/home/handsome/ros_ws_test/install/ros_utility_tools/include/ros_utility_tools/table_mongodbstore_client.h:504:25:[m[K [01;35m[Kwarning: [m[Kthere are no arguments to ‘[01m[Kconvert_str[m[K’ that depend on a template parameter, so a declaration of ‘[01m[Kconvert_str[m[K’ must be available [[01;35m[K-fpermissive[m[K]
       resp.error_code = [01;35m[Kconvert_str[m[K((int)edb_tb_err_type_none) ;
                         [01;35m[K^~~~~~~~~~~[m[K
[01m[K/home/handsome/ros_ws_test/install/ros_utility_tools/include/ros_utility_tools/table_mongodbstore_client.h:509:25:[m[K [01;35m[Kwarning: [m[Kthere are no arguments to ‘[01m[Kconvert_str[m[K’ that depend on a template parameter, so a declaration of ‘[01m[Kconvert_str[m[K’ must be available [[01;35m[K-fpermissive[m[K]
       resp.error_code = [01;35m[Kconvert_str[m[K((int)table_srv_error_type) ;
                         [01;35m[K^~~~~~~~~~~[m[K
[01m[K/home/handsome/ros_ws_test/install/ros_utility_tools/include/ros_utility_tools/table_mongodbstore_client.h:520:25:[m[K [01;35m[Kwarning: [m[Kthere are no arguments to ‘[01m[Kconvert_str[m[K’ that depend on a template parameter, so a declaration of ‘[01m[Kconvert_str[m[K’ must be available [[01;35m[K-fpermissive[m[K]
       resp.error_code = [01;35m[Kconvert_str[m[K((int)edb_tb_err_type_none) ;
                         [01;35m[K^~~~~~~~~~~[m[K
[01m[K/home/handsome/ros_ws_test/install/ros_utility_tools/include/ros_utility_tools/table_mongodbstore_client.h:525:25:[m[K [01;35m[Kwarning: [m[Kthere are no arguments to ‘[01m[Kconvert_str[m[K’ that depend on a template parameter, so a declaration of ‘[01m[Kconvert_str[m[K’ must be available [[01;35m[K-fpermissive[m[K]
       resp.error_code = [01;35m[Kconvert_str[m[K((int)table_srv_error_type) ;
                         [01;35m[K^~~~~~~~~~~[m[K
[01m[K/home/handsome/ros_ws_test/install/ros_utility_tools/include/ros_utility_tools/table_mongodbstore_client.h:533:24:[m[K [01;35m[Kwarning: [m[Kthere are no arguments to ‘[01m[Kconvert_str[m[K’ that depend on a template parameter, so a declaration of ‘[01m[Kconvert_str[m[K’ must be available [[01;35m[K-fpermissive[m[K]
      resp.error_code = [01;35m[Kconvert_str[m[K((int)edb_tb_err_type_none) ;
                        [01;35m[K^~~~~~~~~~~[m[K
In file included from [01m[K/home/handsome/ros_ws_test/src/ros_base/car_data_management/car_db_manager_qtgui/include/car_db_manager/controller/ros_controlmodel.h:48:0[m[K,
                 from [01m[K/home/handsome/ros_ws_test/src/ros_base/car_data_management/car_db_manager_qtgui/src/controller/ros_controlmodel.cpp:1[m[K:
[01m[K/home/handsome/ros_ws_test/install/ros_utility_tools/include/ros_utility_tools/table_mongodbstore_client.h:[m[K In member function ‘[01m[Kbool table_mongodbstore_client<MsgType, MsgType_req, MsgType_resp>::mongo_table_Insert(const boost::shared_ptr<X>&)[m[K’:
[01m[K/home/handsome/ros_ws_test/install/ros_utility_tools/include/ros_utility_tools/table_mongodbstore_client.h:96:27:[m[K [01;35m[Kwarning: [m[Kthere are no arguments to ‘[01m[Kget_Now_LocalTime[m[K’ that depend on a template parameter, so a declaration of ‘[01m[Kget_Now_LocalTime[m[K’ must be available [[01;35m[K-fpermissive[m[K]
    (*_data).update_time = [01;35m[Kget_Now_LocalTime[m[K();  //-- from tools
                           [01;35m[K^~~~~~~~~~~~~~~~~[m[K
[01m[K/home/handsome/ros_ws_test/install/ros_utility_tools/include/ros_utility_tools/table_mongodbstore_client.h:[m[K In member function ‘[01m[Kbool table_mongodbstore_client<MsgType, MsgType_req, MsgType_resp>::mongo_table_modify(const boost::shared_ptr<X>&)[m[K’:
[01m[K/home/handsome/ros_ws_test/install/ros_utility_tools/include/ros_utility_tools/table_mongodbstore_client.h:107:27:[m[K [01;35m[Kwarning: [m[Kthere are no arguments to ‘[01m[Kget_Now_LocalTime[m[K’ that depend on a template parameter, so a declaration of ‘[01m[Kget_Now_LocalTime[m[K’ must be available [[01;35m[K-fpermissive[m[K]
    (*_data).update_time = [01;35m[Kget_Now_LocalTime[m[K();
                           [01;35m[K^~~~~~~~~~~~~~~~~[m[K
[01m[K/home/handsome/ros_ws_test/install/ros_utility_tools/include/ros_utility_tools/table_mongodbstore_client.h:[m[K In member function ‘[01m[Kbool table_mongodbstore_client<MsgType, MsgType_req, MsgType_resp>::response_table_data_Query(std::__cxx11::string, std::__cxx11::string, std::__cxx11::string, MsgType_resp&)[m[K’:
[01m[K/home/handsome/ros_ws_test/install/ros_utility_tools/include/ros_utility_tools/table_mongodbstore_client.h:391:16:[m[K [01;35m[Kwarning: [m[Kthere are no arguments to ‘[01m[Kstrtoint[m[K’ that depend on a template parameter, so a declaration of ‘[01m[Kstrtoint[m[K’ must be available [[01;35m[K-fpermissive[m[K]
    int _type = [01;35m[Kstrtoint[m[K(base_index,-1); //-- search type
                [01;35m[K^~~~~~~~[m[K
[01m[K/home/handsome/ros_ws_test/install/ros_utility_tools/include/ros_utility_tools/table_mongodbstore_client.h:[m[K In member function ‘[01m[Kbool table_mongodbstore_client<MsgType, MsgType_req, MsgType_resp>::srv_Eval_db_table_srv_service(MsgType_req&, MsgType_resp&)[m[K’:
[01m[K/home/handsome/ros_ws_test/install/ros_utility_tools/include/ros_utility_tools/table_mongodbstore_client.h:470:25:[m[K [01;35m[Kwarning: [m[Kthere are no arguments to ‘[01m[Kconvert_str[m[K’ that depend on a template parameter, so a declaration of ‘[01m[Kconvert_str[m[K’ must be available [[01;35m[K-fpermissive[m[K]
       resp.error_code = [01;35m[Kconvert_str[m[K((int)table_srv_error_type) ;
                         [01;35m[K^~~~~~~~~~~[m[K
[01m[K/home/handsome/ros_ws_test/install/ros_utility_tools/include/ros_utility_tools/table_mongodbstore_client.h:479:25:[m[K [01;35m[Kwarning: [m[Kthere are no arguments to ‘[01m[Kconvert_str[m[K’ that depend on a template parameter, so a declaration of ‘[01m[Kconvert_str[m[K’ must be available [[01;35m[K-fpermissive[m[K]
       resp.error_code = [01;35m[Kconvert_str[m[K((int)table_srv_error_type) ;
                         [01;35m[K^~~~~~~~~~~[m[K
[01m[K/home/handsome/ros_ws_test/install/ros_utility_tools/include/ros_utility_tools/table_mongodbstore_client.h:487:25:[m[K [01;35m[Kwarning: [m[Kthere are no arguments to ‘[01m[Kconvert_str[m[K’ that depend on a template parameter, so a declaration of ‘[01m[Kconvert_str[m[K’ must be available [[01;35m[K-fpermissive[m[K]
       resp.error_code = [01;35m[Kconvert_str[m[K((int)edb_tb_err_type_none) ;
                         [01;35m[K^~~~~~~~~~~[m[K
[01m[K/home/handsome/ros_ws_test/install/ros_utility_tools/include/ros_utility_tools/table_mongodbstore_client.h:504:25:[m[K [01;35m[Kwarning: [m[Kthere are no arguments to ‘[01m[Kconvert_str[m[K’ that depend on a template parameter, so a declaration of ‘[01m[Kconvert_str[m[K’ must be available [[01;35m[K-fpermissive[m[K]
       resp.error_code = [01;35m[Kconvert_str[m[K((int)edb_tb_err_type_none) ;
                         [01;35m[K^~~~~~~~~~~[m[K
[01m[K/home/handsome/ros_ws_test/install/ros_utility_tools/include/ros_utility_tools/table_mongodbstore_client.h:509:25:[m[K [01;35m[Kwarning: [m[Kthere are no arguments to ‘[01m[Kconvert_str[m[K’ that depend on a template parameter, so a declaration of ‘[01m[Kconvert_str[m[K’ must be available [[01;35m[K-fpermissive[m[K]
       resp.error_code = [01;35m[Kconvert_str[m[K((int)table_srv_error_type) ;
                         [01;35m[K^~~~~~~~~~~[m[K
[01m[K/home/handsome/ros_ws_test/install/ros_utility_tools/include/ros_utility_tools/table_mongodbstore_client.h:520:25:[m[K [01;35m[Kwarning: [m[Kthere are no arguments to ‘[01m[Kconvert_str[m[K’ that depend on a template parameter, so a declaration of ‘[01m[Kconvert_str[m[K’ must be available [[01;35m[K-fpermissive[m[K]
       resp.error_code = [01;35m[Kconvert_str[m[K((int)edb_tb_err_type_none) ;
                         [01;35m[K^~~~~~~~~~~[m[K
[01m[K/home/handsome/ros_ws_test/install/ros_utility_tools/include/ros_utility_tools/table_mongodbstore_client.h:525:25:[m[K [01;35m[Kwarning: [m[Kthere are no arguments to ‘[01m[Kconvert_str[m[K’ that depend on a template parameter, so a declaration of ‘[01m[Kconvert_str[m[K’ must be available [[01;35m[K-fpermissive[m[K]
       resp.error_code = [01;35m[Kconvert_str[m[K((int)table_srv_error_type) ;
                         [01;35m[K^~~~~~~~~~~[m[K
[01m[K/home/handsome/ros_ws_test/install/ros_utility_tools/include/ros_utility_tools/table_mongodbstore_client.h:533:24:[m[K [01;35m[Kwarning: [m[Kthere are no arguments to ‘[01m[Kconvert_str[m[K’ that depend on a template parameter, so a declaration of ‘[01m[Kconvert_str[m[K’ must be available [[01;35m[K-fpermissive[m[K]
      resp.error_code = [01;35m[Kconvert_str[m[K((int)edb_tb_err_type_none) ;
                        [01;35m[K^~~~~~~~~~~[m[K
In file included from [01m[K/home/handsome/ros_ws_test/src/ros_base/car_data_management/car_db_manager_qtgui/include/car_db_manager/controller/ros_controlmodel.h:48:0[m[K,
                 from [01m[K/home/handsome/ros_ws_test/src/ros_base/car_data_management/car_db_manager_qtgui/include/car_db_manager/car_db_manager_qtgui_bridge.h:5[m[K,
                 from [01m[K/home/handsome/ros_ws_test/src/ros_base/car_data_management/car_db_manager_qtgui/src/car_db_manager_qtgui_bridge.cpp:1[m[K:
[01m[K/home/handsome/ros_ws_test/install/ros_utility_tools/include/ros_utility_tools/table_mongodbstore_client.h:[m[K In member function ‘[01m[Kbool table_mongodbstore_client<MsgType, MsgType_req, MsgType_resp>::mongo_table_Insert(const boost::shared_ptr<X>&)[m[K’:
[01m[K/home/handsome/ros_ws_test/install/ros_utility_tools/include/ros_utility_tools/table_mongodbstore_client.h:96:27:[m[K [01;35m[Kwarning: [m[Kthere are no arguments to ‘[01m[Kget_Now_LocalTime[m[K’ that depend on a template parameter, so a declaration of ‘[01m[Kget_Now_LocalTime[m[K’ must be available [[01;35m[K-fpermissive[m[K]
    (*_data).update_time = [01;35m[Kget_Now_LocalTime[m[K();  //-- from tools
                           [01;35m[K^~~~~~~~~~~~~~~~~[m[K
[01m[K/home/handsome/ros_ws_test/install/ros_utility_tools/include/ros_utility_tools/table_mongodbstore_client.h:[m[K In member function ‘[01m[Kbool table_mongodbstore_client<MsgType, MsgType_req, MsgType_resp>::mongo_table_modify(const boost::shared_ptr<X>&)[m[K’:
[01m[K/home/handsome/ros_ws_test/install/ros_utility_tools/include/ros_utility_tools/table_mongodbstore_client.h:107:27:[m[K [01;35m[Kwarning: [m[Kthere are no arguments to ‘[01m[Kget_Now_LocalTime[m[K’ that depend on a template parameter, so a declaration of ‘[01m[Kget_Now_LocalTime[m[K’ must be available [[01;35m[K-fpermissive[m[K]
    (*_data).update_time = [01;35m[Kget_Now_LocalTime[m[K();
                           [01;35m[K^~~~~~~~~~~~~~~~~[m[K
[01m[K/home/handsome/ros_ws_test/install/ros_utility_tools/include/ros_utility_tools/table_mongodbstore_client.h:[m[K In member function ‘[01m[Kbool table_mongodbstore_client<MsgType, MsgType_req, MsgType_resp>::response_table_data_Query(std::__cxx11::string, std::__cxx11::string, std::__cxx11::string, MsgType_resp&)[m[K’:
[01m[K/home/handsome/ros_ws_test/install/ros_utility_tools/include/ros_utility_tools/table_mongodbstore_client.h:391:16:[m[K [01;35m[Kwarning: [m[Kthere are no arguments to ‘[01m[Kstrtoint[m[K’ that depend on a template parameter, so a declaration of ‘[01m[Kstrtoint[m[K’ must be available [[01;35m[K-fpermissive[m[K]
    int _type = [01;35m[Kstrtoint[m[K(base_index,-1); //-- search type
                [01;35m[K^~~~~~~~[m[K
[01m[K/home/handsome/ros_ws_test/install/ros_utility_tools/include/ros_utility_tools/table_mongodbstore_client.h:[m[K In member function ‘[01m[Kbool table_mongodbstore_client<MsgType, MsgType_req, MsgType_resp>::srv_Eval_db_table_srv_service(MsgType_req&, MsgType_resp&)[m[K’:
[01m[K/home/handsome/ros_ws_test/install/ros_utility_tools/include/ros_utility_tools/table_mongodbstore_client.h:470:25:[m[K [01;35m[Kwarning: [m[Kthere are no arguments to ‘[01m[Kconvert_str[m[K’ that depend on a template parameter, so a declaration of ‘[01m[Kconvert_str[m[K’ must be available [[01;35m[K-fpermissive[m[K]
       resp.error_code = [01;35m[Kconvert_str[m[K((int)table_srv_error_type) ;
                         [01;35m[K^~~~~~~~~~~[m[K
[01m[K/home/handsome/ros_ws_test/install/ros_utility_tools/include/ros_utility_tools/table_mongodbstore_client.h:479:25:[m[K [01;35m[Kwarning: [m[Kthere are no arguments to ‘[01m[Kconvert_str[m[K’ that depend on a template parameter, so a declaration of ‘[01m[Kconvert_str[m[K’ must be available [[01;35m[K-fpermissive[m[K]
       resp.error_code = [01;35m[Kconvert_str[m[K((int)table_srv_error_type) ;
                         [01;35m[K^~~~~~~~~~~[m[K
[01m[K/home/handsome/ros_ws_test/install/ros_utility_tools/include/ros_utility_tools/table_mongodbstore_client.h:487:25:[m[K [01;35m[Kwarning: [m[Kthere are no arguments to ‘[01m[Kconvert_str[m[K’ that depend on a template parameter, so a declaration of ‘[01m[Kconvert_str[m[K’ must be available [[01;35m[K-fpermissive[m[K]
       resp.error_code = [01;35m[Kconvert_str[m[K((int)edb_tb_err_type_none) ;
                         [01;35m[K^~~~~~~~~~~[m[K
[01m[K/home/handsome/ros_ws_test/install/ros_utility_tools/include/ros_utility_tools/table_mongodbstore_client.h:504:25:[m[K [01;35m[Kwarning: [m[Kthere are no arguments to ‘[01m[Kconvert_str[m[K’ that depend on a template parameter, so a declaration of ‘[01m[Kconvert_str[m[K’ must be available [[01;35m[K-fpermissive[m[K]
       resp.error_code = [01;35m[Kconvert_str[m[K((int)edb_tb_err_type_none) ;
                         [01;35m[K^~~~~~~~~~~[m[K
[01m[K/home/handsome/ros_ws_test/install/ros_utility_tools/include/ros_utility_tools/table_mongodbstore_client.h:509:25:[m[K [01;35m[Kwarning: [m[Kthere are no arguments to ‘[01m[Kconvert_str[m[K’ that depend on a template parameter, so a declaration of ‘[01m[Kconvert_str[m[K’ must be available [[01;35m[K-fpermissive[m[K]
       resp.error_code = [01;35m[Kconvert_str[m[K((int)table_srv_error_type) ;
                         [01;35m[K^~~~~~~~~~~[m[K
[01m[K/home/handsome/ros_ws_test/install/ros_utility_tools/include/ros_utility_tools/table_mongodbstore_client.h:520:25:[m[K [01;35m[Kwarning: [m[Kthere are no arguments to ‘[01m[Kconvert_str[m[K’ that depend on a template parameter, so a declaration of ‘[01m[Kconvert_str[m[K’ must be available [[01;35m[K-fpermissive[m[K]
       resp.error_code = [01;35m[Kconvert_str[m[K((int)edb_tb_err_type_none) ;
                         [01;35m[K^~~~~~~~~~~[m[K
[01m[K/home/handsome/ros_ws_test/install/ros_utility_tools/include/ros_utility_tools/table_mongodbstore_client.h:525:25:[m[K [01;35m[Kwarning: [m[Kthere are no arguments to ‘[01m[Kconvert_str[m[K’ that depend on a template parameter, so a declaration of ‘[01m[Kconvert_str[m[K’ must be available [[01;35m[K-fpermissive[m[K]
       resp.error_code = [01;35m[Kconvert_str[m[K((int)table_srv_error_type) ;
                         [01;35m[K^~~~~~~~~~~[m[K
[01m[K/home/handsome/ros_ws_test/install/ros_utility_tools/include/ros_utility_tools/table_mongodbstore_client.h:533:24:[m[K [01;35m[Kwarning: [m[Kthere are no arguments to ‘[01m[Kconvert_str[m[K’ that depend on a template parameter, so a declaration of ‘[01m[Kconvert_str[m[K’ must be available [[01;35m[K-fpermissive[m[K]
      resp.error_code = [01;35m[Kconvert_str[m[K((int)edb_tb_err_type_none) ;
                        [01;35m[K^~~~~~~~~~~[m[K
In file included from [01m[K/home/handsome/ros_ws_test/src/ros_base/car_data_management/car_db_manager_qtgui/include/car_db_manager/controller/ros_controlmodel.h:48:0[m[K,
                 from [01m[K/home/handsome/ros_ws_test/build/car_db_manager_qtgui/include/car_db_manager/app_form/../../../../../src/ros_base/car_data_management/car_db_manager_qtgui/include/car_db_manager/app_form/frmdb_basetable.h:9[m[K,
                 from [01m[K/home/handsome/ros_ws_test/build/car_db_manager_qtgui/include/car_db_manager/app_form/moc_frmdb_basetable.cpp:9[m[K:
[01m[K/home/handsome/ros_ws_test/install/ros_utility_tools/include/ros_utility_tools/table_mongodbstore_client.h:[m[K In member function ‘[01m[Kbool table_mongodbstore_client<MsgType, MsgType_req, MsgType_resp>::mongo_table_Insert(const boost::shared_ptr<X>&)[m[K’:
[01m[K/home/handsome/ros_ws_test/install/ros_utility_tools/include/ros_utility_tools/table_mongodbstore_client.h:96:27:[m[K [01;35m[Kwarning: [m[Kthere are no arguments to ‘[01m[Kget_Now_LocalTime[m[K’ that depend on a template parameter, so a declaration of ‘[01m[Kget_Now_LocalTime[m[K’ must be available [[01;35m[K-fpermissive[m[K]
    (*_data).update_time = [01;35m[Kget_Now_LocalTime[m[K();  //-- from tools
                           [01;35m[K^~~~~~~~~~~~~~~~~[m[K
[01m[K/home/handsome/ros_ws_test/install/ros_utility_tools/include/ros_utility_tools/table_mongodbstore_client.h:[m[K In member function ‘[01m[Kbool table_mongodbstore_client<MsgType, MsgType_req, MsgType_resp>::mongo_table_modify(const boost::shared_ptr<X>&)[m[K’:
[01m[K/home/handsome/ros_ws_test/install/ros_utility_tools/include/ros_utility_tools/table_mongodbstore_client.h:107:27:[m[K [01;35m[Kwarning: [m[Kthere are no arguments to ‘[01m[Kget_Now_LocalTime[m[K’ that depend on a template parameter, so a declaration of ‘[01m[Kget_Now_LocalTime[m[K’ must be available [[01;35m[K-fpermissive[m[K]
    (*_data).update_time = [01;35m[Kget_Now_LocalTime[m[K();
                           [01;35m[K^~~~~~~~~~~~~~~~~[m[K
[01m[K/home/handsome/ros_ws_test/install/ros_utility_tools/include/ros_utility_tools/table_mongodbstore_client.h:[m[K In member function ‘[01m[Kbool table_mongodbstore_client<MsgType, MsgType_req, MsgType_resp>::response_table_data_Query(std::__cxx11::string, std::__cxx11::string, std::__cxx11::string, MsgType_resp&)[m[K’:
[01m[K/home/handsome/ros_ws_test/install/ros_utility_tools/include/ros_utility_tools/table_mongodbstore_client.h:391:16:[m[K [01;35m[Kwarning: [m[Kthere are no arguments to ‘[01m[Kstrtoint[m[K’ that depend on a template parameter, so a declaration of ‘[01m[Kstrtoint[m[K’ must be available [[01;35m[K-fpermissive[m[K]
    int _type = [01;35m[Kstrtoint[m[K(base_index,-1); //-- search type
                [01;35m[K^~~~~~~~[m[K
[01m[K/home/handsome/ros_ws_test/install/ros_utility_tools/include/ros_utility_tools/table_mongodbstore_client.h:[m[K In member function ‘[01m[Kbool table_mongodbstore_client<MsgType, MsgType_req, MsgType_resp>::srv_Eval_db_table_srv_service(MsgType_req&, MsgType_resp&)[m[K’:
[01m[K/home/handsome/ros_ws_test/install/ros_utility_tools/include/ros_utility_tools/table_mongodbstore_client.h:470:25:[m[K [01;35m[Kwarning: [m[Kthere are no arguments to ‘[01m[Kconvert_str[m[K’ that depend on a template parameter, so a declaration of ‘[01m[Kconvert_str[m[K’ must be available [[01;35m[K-fpermissive[m[K]
       resp.error_code = [01;35m[Kconvert_str[m[K((int)table_srv_error_type) ;
                         [01;35m[K^~~~~~~~~~~[m[K
[01m[K/home/handsome/ros_ws_test/install/ros_utility_tools/include/ros_utility_tools/table_mongodbstore_client.h:479:25:[m[K [01;35m[Kwarning: [m[Kthere are no arguments to ‘[01m[Kconvert_str[m[K’ that depend on a template parameter, so a declaration of ‘[01m[Kconvert_str[m[K’ must be available [[01;35m[K-fpermissive[m[K]
       resp.error_code = [01;35m[Kconvert_str[m[K((int)table_srv_error_type) ;
                         [01;35m[K^~~~~~~~~~~[m[K
[01m[K/home/handsome/ros_ws_test/install/ros_utility_tools/include/ros_utility_tools/table_mongodbstore_client.h:487:25:[m[K [01;35m[Kwarning: [m[Kthere are no arguments to ‘[01m[Kconvert_str[m[K’ that depend on a template parameter, so a declaration of ‘[01m[Kconvert_str[m[K’ must be available [[01;35m[K-fpermissive[m[K]
       resp.error_code = [01;35m[Kconvert_str[m[K((int)edb_tb_err_type_none) ;
                         [01;35m[K^~~~~~~~~~~[m[K
[01m[K/home/handsome/ros_ws_test/install/ros_utility_tools/include/ros_utility_tools/table_mongodbstore_client.h:504:25:[m[K [01;35m[Kwarning: [m[Kthere are no arguments to ‘[01m[Kconvert_str[m[K’ that depend on a template parameter, so a declaration of ‘[01m[Kconvert_str[m[K’ must be available [[01;35m[K-fpermissive[m[K]
       resp.error_code = [01;35m[Kconvert_str[m[K((int)edb_tb_err_type_none) ;
                         [01;35m[K^~~~~~~~~~~[m[K
[01m[K/home/handsome/ros_ws_test/install/ros_utility_tools/include/ros_utility_tools/table_mongodbstore_client.h:509:25:[m[K [01;35m[Kwarning: [m[Kthere are no arguments to ‘[01m[Kconvert_str[m[K’ that depend on a template parameter, so a declaration of ‘[01m[Kconvert_str[m[K’ must be available [[01;35m[K-fpermissive[m[K]
       resp.error_code = [01;35m[Kconvert_str[m[K((int)table_srv_error_type) ;
                         [01;35m[K^~~~~~~~~~~[m[K
[01m[K/home/handsome/ros_ws_test/install/ros_utility_tools/include/ros_utility_tools/table_mongodbstore_client.h:520:25:[m[K [01;35m[Kwarning: [m[Kthere are no arguments to ‘[01m[Kconvert_str[m[K’ that depend on a template parameter, so a declaration of ‘[01m[Kconvert_str[m[K’ must be available [[01;35m[K-fpermissive[m[K]
       resp.error_code = [01;35m[Kconvert_str[m[K((int)edb_tb_err_type_none) ;
                         [01;35m[K^~~~~~~~~~~[m[K
[01m[K/home/handsome/ros_ws_test/install/ros_utility_tools/include/ros_utility_tools/table_mongodbstore_client.h:525:25:[m[K [01;35m[Kwarning: [m[Kthere are no arguments to ‘[01m[Kconvert_str[m[K’ that depend on a template parameter, so a declaration of ‘[01m[Kconvert_str[m[K’ must be available [[01;35m[K-fpermissive[m[K]
       resp.error_code = [01;35m[Kconvert_str[m[K((int)table_srv_error_type) ;
                         [01;35m[K^~~~~~~~~~~[m[K
[01m[K/home/handsome/ros_ws_test/install/ros_utility_tools/include/ros_utility_tools/table_mongodbstore_client.h:533:24:[m[K [01;35m[Kwarning: [m[Kthere are no arguments to ‘[01m[Kconvert_str[m[K’ that depend on a template parameter, so a declaration of ‘[01m[Kconvert_str[m[K’ must be available [[01;35m[K-fpermissive[m[K]
      resp.error_code = [01;35m[Kconvert_str[m[K((int)edb_tb_err_type_none) ;
                        [01;35m[K^~~~~~~~~~~[m[K
In file included from [01m[K/home/handsome/ros_ws_test/src/ros_base/car_data_management/car_db_manager_qtgui/include/car_db_manager/controller/ros_controlmodel.h:48:0[m[K,
                 from [01m[K/home/handsome/ros_ws_test/src/ros_base/car_data_management/car_db_manager_qtgui/include/car_db_manager/app_form/frmdb_basetable.h:9[m[K,
                 from [01m[K/home/handsome/ros_ws_test/src/ros_base/car_data_management/car_db_manager_qtgui/include/car_db_manager/mainwindow.h:6[m[K,
                 from [01m[K/home/handsome/ros_ws_test/src/ros_base/car_data_management/car_db_manager_qtgui/src/mainwindow.cpp:1[m[K:
[01m[K/home/handsome/ros_ws_test/install/ros_utility_tools/include/ros_utility_tools/table_mongodbstore_client.h:[m[K In member function ‘[01m[Kbool table_mongodbstore_client<MsgType, MsgType_req, MsgType_resp>::mongo_table_Insert(const boost::shared_ptr<X>&)[m[K’:
[01m[K/home/handsome/ros_ws_test/install/ros_utility_tools/include/ros_utility_tools/table_mongodbstore_client.h:96:27:[m[K [01;35m[Kwarning: [m[Kthere are no arguments to ‘[01m[Kget_Now_LocalTime[m[K’ that depend on a template parameter, so a declaration of ‘[01m[Kget_Now_LocalTime[m[K’ must be available [[01;35m[K-fpermissive[m[K]
    (*_data).update_time = [01;35m[Kget_Now_LocalTime[m[K();  //-- from tools
                           [01;35m[K^~~~~~~~~~~~~~~~~[m[K
[01m[K/home/handsome/ros_ws_test/install/ros_utility_tools/include/ros_utility_tools/table_mongodbstore_client.h:[m[K In member function ‘[01m[Kbool table_mongodbstore_client<MsgType, MsgType_req, MsgType_resp>::mongo_table_modify(const boost::shared_ptr<X>&)[m[K’:
[01m[K/home/handsome/ros_ws_test/install/ros_utility_tools/include/ros_utility_tools/table_mongodbstore_client.h:107:27:[m[K [01;35m[Kwarning: [m[Kthere are no arguments to ‘[01m[Kget_Now_LocalTime[m[K’ that depend on a template parameter, so a declaration of ‘[01m[Kget_Now_LocalTime[m[K’ must be available [[01;35m[K-fpermissive[m[K]
    (*_data).update_time = [01;35m[Kget_Now_LocalTime[m[K();
                           [01;35m[K^~~~~~~~~~~~~~~~~[m[K
[01m[K/home/handsome/ros_ws_test/install/ros_utility_tools/include/ros_utility_tools/table_mongodbstore_client.h:[m[K In member function ‘[01m[Kbool table_mongodbstore_client<MsgType, MsgType_req, MsgType_resp>::response_table_data_Query(std::__cxx11::string, std::__cxx11::string, std::__cxx11::string, MsgType_resp&)[m[K’:
[01m[K/home/handsome/ros_ws_test/install/ros_utility_tools/include/ros_utility_tools/table_mongodbstore_client.h:391:16:[m[K [01;35m[Kwarning: [m[Kthere are no arguments to ‘[01m[Kstrtoint[m[K’ that depend on a template parameter, so a declaration of ‘[01m[Kstrtoint[m[K’ must be available [[01;35m[K-fpermissive[m[K]
    int _type = [01;35m[Kstrtoint[m[K(base_index,-1); //-- search type
                [01;35m[K^~~~~~~~[m[K
[01m[K/home/handsome/ros_ws_test/install/ros_utility_tools/include/ros_utility_tools/table_mongodbstore_client.h:[m[K In member function ‘[01m[Kbool table_mongodbstore_client<MsgType, MsgType_req, MsgType_resp>::srv_Eval_db_table_srv_service(MsgType_req&, MsgType_resp&)[m[K’:
[01m[K/home/handsome/ros_ws_test/install/ros_utility_tools/include/ros_utility_tools/table_mongodbstore_client.h:470:25:[m[K [01;35m[Kwarning: [m[Kthere are no arguments to ‘[01m[Kconvert_str[m[K’ that depend on a template parameter, so a declaration of ‘[01m[Kconvert_str[m[K’ must be available [[01;35m[K-fpermissive[m[K]
       resp.error_code = [01;35m[Kconvert_str[m[K((int)table_srv_error_type) ;
                         [01;35m[K^~~~~~~~~~~[m[K
[01m[K/home/handsome/ros_ws_test/install/ros_utility_tools/include/ros_utility_tools/table_mongodbstore_client.h:479:25:[m[K [01;35m[Kwarning: [m[Kthere are no arguments to ‘[01m[Kconvert_str[m[K’ that depend on a template parameter, so a declaration of ‘[01m[Kconvert_str[m[K’ must be available [[01;35m[K-fpermissive[m[K]
       resp.error_code = [01;35m[Kconvert_str[m[K((int)table_srv_error_type) ;
                         [01;35m[K^~~~~~~~~~~[m[K
[01m[K/home/handsome/ros_ws_test/install/ros_utility_tools/include/ros_utility_tools/table_mongodbstore_client.h:487:25:[m[K [01;35m[Kwarning: [m[Kthere are no arguments to ‘[01m[Kconvert_str[m[K’ that depend on a template parameter, so a declaration of ‘[01m[Kconvert_str[m[K’ must be available [[01;35m[K-fpermissive[m[K]
       resp.error_code = [01;35m[Kconvert_str[m[K((int)edb_tb_err_type_none) ;
                         [01;35m[K^~~~~~~~~~~[m[K
[01m[K/home/handsome/ros_ws_test/install/ros_utility_tools/include/ros_utility_tools/table_mongodbstore_client.h:504:25:[m[K [01;35m[Kwarning: [m[Kthere are no arguments to ‘[01m[Kconvert_str[m[K’ that depend on a template parameter, so a declaration of ‘[01m[Kconvert_str[m[K’ must be available [[01;35m[K-fpermissive[m[K]
       resp.error_code = [01;35m[Kconvert_str[m[K((int)edb_tb_err_type_none) ;
                         [01;35m[K^~~~~~~~~~~[m[K
[01m[K/home/handsome/ros_ws_test/install/ros_utility_tools/include/ros_utility_tools/table_mongodbstore_client.h:509:25:[m[K [01;35m[Kwarning: [m[Kthere are no arguments to ‘[01m[Kconvert_str[m[K’ that depend on a template parameter, so a declaration of ‘[01m[Kconvert_str[m[K’ must be available [[01;35m[K-fpermissive[m[K]
       resp.error_code = [01;35m[Kconvert_str[m[K((int)table_srv_error_type) ;
                         [01;35m[K^~~~~~~~~~~[m[K
[01m[K/home/handsome/ros_ws_test/install/ros_utility_tools/include/ros_utility_tools/table_mongodbstore_client.h:520:25:[m[K [01;35m[Kwarning: [m[Kthere are no arguments to ‘[01m[Kconvert_str[m[K’ that depend on a template parameter, so a declaration of ‘[01m[Kconvert_str[m[K’ must be available [[01;35m[K-fpermissive[m[K]
       resp.error_code = [01;35m[Kconvert_str[m[K((int)edb_tb_err_type_none) ;
                         [01;35m[K^~~~~~~~~~~[m[K
[01m[K/home/handsome/ros_ws_test/install/ros_utility_tools/include/ros_utility_tools/table_mongodbstore_client.h:525:25:[m[K [01;35m[Kwarning: [m[Kthere are no arguments to ‘[01m[Kconvert_str[m[K’ that depend on a template parameter, so a declaration of ‘[01m[Kconvert_str[m[K’ must be available [[01;35m[K-fpermissive[m[K]
       resp.error_code = [01;35m[Kconvert_str[m[K((int)table_srv_error_type) ;
                         [01;35m[K^~~~~~~~~~~[m[K
[01m[K/home/handsome/ros_ws_test/install/ros_utility_tools/include/ros_utility_tools/table_mongodbstore_client.h:533:24:[m[K [01;35m[Kwarning: [m[Kthere are no arguments to ‘[01m[Kconvert_str[m[K’ that depend on a template parameter, so a declaration of ‘[01m[Kconvert_str[m[K’ must be available [[01;35m[K-fpermissive[m[K]
      resp.error_code = [01;35m[Kconvert_str[m[K((int)edb_tb_err_type_none) ;
                        [01;35m[K^~~~~~~~~~~[m[K
In file included from [01m[K/home/handsome/ros_ws_test/src/ros_base/car_data_management/car_db_manager_qtgui/include/car_db_manager/controller/ros_controlmodel.h:48:0[m[K,
                 from [01m[K/home/handsome/ros_ws_test/build/car_db_manager_qtgui/include/car_db_manager/../../../../src/ros_base/car_data_management/car_db_manager_qtgui/include/car_db_manager/app_form/frmdb_basetable.h:9[m[K,
                 from [01m[K/home/handsome/ros_ws_test/build/car_db_manager_qtgui/include/car_db_manager/../../../../src/ros_base/car_data_management/car_db_manager_qtgui/include/car_db_manager/mainwindow.h:6[m[K,
                 from [01m[K/home/handsome/ros_ws_test/build/car_db_manager_qtgui/include/car_db_manager/moc_mainwindow.cpp:9[m[K:
[01m[K/home/handsome/ros_ws_test/install/ros_utility_tools/include/ros_utility_tools/table_mongodbstore_client.h:[m[K In member function ‘[01m[Kbool table_mongodbstore_client<MsgType, MsgType_req, MsgType_resp>::mongo_table_Insert(const boost::shared_ptr<X>&)[m[K’:
[01m[K/home/handsome/ros_ws_test/install/ros_utility_tools/include/ros_utility_tools/table_mongodbstore_client.h:96:27:[m[K [01;35m[Kwarning: [m[Kthere are no arguments to ‘[01m[Kget_Now_LocalTime[m[K’ that depend on a template parameter, so a declaration of ‘[01m[Kget_Now_LocalTime[m[K’ must be available [[01;35m[K-fpermissive[m[K]
    (*_data).update_time = [01;35m[Kget_Now_LocalTime[m[K();  //-- from tools
                           [01;35m[K^~~~~~~~~~~~~~~~~[m[K
[01m[K/home/handsome/ros_ws_test/install/ros_utility_tools/include/ros_utility_tools/table_mongodbstore_client.h:[m[K In member function ‘[01m[Kbool table_mongodbstore_client<MsgType, MsgType_req, MsgType_resp>::mongo_table_modify(const boost::shared_ptr<X>&)[m[K’:
[01m[K/home/handsome/ros_ws_test/install/ros_utility_tools/include/ros_utility_tools/table_mongodbstore_client.h:107:27:[m[K [01;35m[Kwarning: [m[Kthere are no arguments to ‘[01m[Kget_Now_LocalTime[m[K’ that depend on a template parameter, so a declaration of ‘[01m[Kget_Now_LocalTime[m[K’ must be available [[01;35m[K-fpermissive[m[K]
    (*_data).update_time = [01;35m[Kget_Now_LocalTime[m[K();
                           [01;35m[K^~~~~~~~~~~~~~~~~[m[K
[01m[K/home/handsome/ros_ws_test/install/ros_utility_tools/include/ros_utility_tools/table_mongodbstore_client.h:[m[K In member function ‘[01m[Kbool table_mongodbstore_client<MsgType, MsgType_req, MsgType_resp>::response_table_data_Query(std::__cxx11::string, std::__cxx11::string, std::__cxx11::string, MsgType_resp&)[m[K’:
[01m[K/home/handsome/ros_ws_test/install/ros_utility_tools/include/ros_utility_tools/table_mongodbstore_client.h:391:16:[m[K [01;35m[Kwarning: [m[Kthere are no arguments to ‘[01m[Kstrtoint[m[K’ that depend on a template parameter, so a declaration of ‘[01m[Kstrtoint[m[K’ must be available [[01;35m[K-fpermissive[m[K]
    int _type = [01;35m[Kstrtoint[m[K(base_index,-1); //-- search type
                [01;35m[K^~~~~~~~[m[K
[01m[K/home/handsome/ros_ws_test/install/ros_utility_tools/include/ros_utility_tools/table_mongodbstore_client.h:[m[K In member function ‘[01m[Kbool table_mongodbstore_client<MsgType, MsgType_req, MsgType_resp>::srv_Eval_db_table_srv_service(MsgType_req&, MsgType_resp&)[m[K’:
[01m[K/home/handsome/ros_ws_test/install/ros_utility_tools/include/ros_utility_tools/table_mongodbstore_client.h:470:25:[m[K [01;35m[Kwarning: [m[Kthere are no arguments to ‘[01m[Kconvert_str[m[K’ that depend on a template parameter, so a declaration of ‘[01m[Kconvert_str[m[K’ must be available [[01;35m[K-fpermissive[m[K]
       resp.error_code = [01;35m[Kconvert_str[m[K((int)table_srv_error_type) ;
                         [01;35m[K^~~~~~~~~~~[m[K
[01m[K/home/handsome/ros_ws_test/install/ros_utility_tools/include/ros_utility_tools/table_mongodbstore_client.h:479:25:[m[K [01;35m[Kwarning: [m[Kthere are no arguments to ‘[01m[Kconvert_str[m[K’ that depend on a template parameter, so a declaration of ‘[01m[Kconvert_str[m[K’ must be available [[01;35m[K-fpermissive[m[K]
       resp.error_code = [01;35m[Kconvert_str[m[K((int)table_srv_error_type) ;
                         [01;35m[K^~~~~~~~~~~[m[K
[01m[K/home/handsome/ros_ws_test/install/ros_utility_tools/include/ros_utility_tools/table_mongodbstore_client.h:487:25:[m[K [01;35m[Kwarning: [m[Kthere are no arguments to ‘[01m[Kconvert_str[m[K’ that depend on a template parameter, so a declaration of ‘[01m[Kconvert_str[m[K’ must be available [[01;35m[K-fpermissive[m[K]
       resp.error_code = [01;35m[Kconvert_str[m[K((int)edb_tb_err_type_none) ;
                         [01;35m[K^~~~~~~~~~~[m[K
[01m[K/home/handsome/ros_ws_test/install/ros_utility_tools/include/ros_utility_tools/table_mongodbstore_client.h:504:25:[m[K [01;35m[Kwarning: [m[Kthere are no arguments to ‘[01m[Kconvert_str[m[K’ that depend on a template parameter, so a declaration of ‘[01m[Kconvert_str[m[K’ must be available [[01;35m[K-fpermissive[m[K]
       resp.error_code = [01;35m[Kconvert_str[m[K((int)edb_tb_err_type_none) ;
                         [01;35m[K^~~~~~~~~~~[m[K
[01m[K/home/handsome/ros_ws_test/install/ros_utility_tools/include/ros_utility_tools/table_mongodbstore_client.h:509:25:[m[K [01;35m[Kwarning: [m[Kthere are no arguments to ‘[01m[Kconvert_str[m[K’ that depend on a template parameter, so a declaration of ‘[01m[Kconvert_str[m[K’ must be available [[01;35m[K-fpermissive[m[K]
       resp.error_code = [01;35m[Kconvert_str[m[K((int)table_srv_error_type) ;
                         [01;35m[K^~~~~~~~~~~[m[K
[01m[K/home/handsome/ros_ws_test/install/ros_utility_tools/include/ros_utility_tools/table_mongodbstore_client.h:520:25:[m[K [01;35m[Kwarning: [m[Kthere are no arguments to ‘[01m[Kconvert_str[m[K’ that depend on a template parameter, so a declaration of ‘[01m[Kconvert_str[m[K’ must be available [[01;35m[K-fpermissive[m[K]
       resp.error_code = [01;35m[Kconvert_str[m[K((int)edb_tb_err_type_none) ;
                         [01;35m[K^~~~~~~~~~~[m[K
[01m[K/home/handsome/ros_ws_test/install/ros_utility_tools/include/ros_utility_tools/table_mongodbstore_client.h:525:25:[m[K [01;35m[Kwarning: [m[Kthere are no arguments to ‘[01m[Kconvert_str[m[K’ that depend on a template parameter, so a declaration of ‘[01m[Kconvert_str[m[K’ must be available [[01;35m[K-fpermissive[m[K]
       resp.error_code = [01;35m[Kconvert_str[m[K((int)table_srv_error_type) ;
                         [01;35m[K^~~~~~~~~~~[m[K
[01m[K/home/handsome/ros_ws_test/install/ros_utility_tools/include/ros_utility_tools/table_mongodbstore_client.h:533:24:[m[K [01;35m[Kwarning: [m[Kthere are no arguments to ‘[01m[Kconvert_str[m[K’ that depend on a template parameter, so a declaration of ‘[01m[Kconvert_str[m[K’ must be available [[01;35m[K-fpermissive[m[K]
      resp.error_code = [01;35m[Kconvert_str[m[K((int)edb_tb_err_type_none) ;
                        [01;35m[K^~~~~~~~~~~[m[K
In file included from [01m[K/home/handsome/ros_ws_test/src/ros_base/car_data_management/car_db_manager_qtgui/include/car_db_manager/controller/ros_control_related.h:18:0[m[K,
                 from [01m[K/home/handsome/ros_ws_test/src/ros_base/car_data_management/car_db_manager_qtgui/include/car_db_manager/app_form/frmdb_relatetable.h:10[m[K,
                 from [01m[K/home/handsome/ros_ws_test/src/ros_base/car_data_management/car_db_manager_qtgui/src/app_form/frmdb_relatetable.cpp:1[m[K:
[01m[K/home/handsome/ros_ws_test/install/ros_utility_tools/include/ros_utility_tools/table_mongodbstore_client.h:[m[K In member function ‘[01m[Kbool table_mongodbstore_client<MsgType, MsgType_req, MsgType_resp>::mongo_table_Insert(const boost::shared_ptr<X>&)[m[K’:
[01m[K/home/handsome/ros_ws_test/install/ros_utility_tools/include/ros_utility_tools/table_mongodbstore_client.h:96:27:[m[K [01;35m[Kwarning: [m[Kthere are no arguments to ‘[01m[Kget_Now_LocalTime[m[K’ that depend on a template parameter, so a declaration of ‘[01m[Kget_Now_LocalTime[m[K’ must be available [[01;35m[K-fpermissive[m[K]
    (*_data).update_time = [01;35m[Kget_Now_LocalTime[m[K();  //-- from tools
                           [01;35m[K^~~~~~~~~~~~~~~~~[m[K
[01m[K/home/handsome/ros_ws_test/install/ros_utility_tools/include/ros_utility_tools/table_mongodbstore_client.h:[m[K In member function ‘[01m[Kbool table_mongodbstore_client<MsgType, MsgType_req, MsgType_resp>::mongo_table_modify(const boost::shared_ptr<X>&)[m[K’:
[01m[K/home/handsome/ros_ws_test/install/ros_utility_tools/include/ros_utility_tools/table_mongodbstore_client.h:107:27:[m[K [01;35m[Kwarning: [m[Kthere are no arguments to ‘[01m[Kget_Now_LocalTime[m[K’ that depend on a template parameter, so a declaration of ‘[01m[Kget_Now_LocalTime[m[K’ must be available [[01;35m[K-fpermissive[m[K]
    (*_data).update_time = [01;35m[Kget_Now_LocalTime[m[K();
                           [01;35m[K^~~~~~~~~~~~~~~~~[m[K
[01m[K/home/handsome/ros_ws_test/install/ros_utility_tools/include/ros_utility_tools/table_mongodbstore_client.h:[m[K In member function ‘[01m[Kbool table_mongodbstore_client<MsgType, MsgType_req, MsgType_resp>::response_table_data_Query(std::__cxx11::string, std::__cxx11::string, std::__cxx11::string, MsgType_resp&)[m[K’:
[01m[K/home/handsome/ros_ws_test/install/ros_utility_tools/include/ros_utility_tools/table_mongodbstore_client.h:391:16:[m[K [01;35m[Kwarning: [m[Kthere are no arguments to ‘[01m[Kstrtoint[m[K’ that depend on a template parameter, so a declaration of ‘[01m[Kstrtoint[m[K’ must be available [[01;35m[K-fpermissive[m[K]
    int _type = [01;35m[Kstrtoint[m[K(base_index,-1); //-- search type
                [01;35m[K^~~~~~~~[m[K
[01m[K/home/handsome/ros_ws_test/install/ros_utility_tools/include/ros_utility_tools/table_mongodbstore_client.h:[m[K In member function ‘[01m[Kbool table_mongodbstore_client<MsgType, MsgType_req, MsgType_resp>::srv_Eval_db_table_srv_service(MsgType_req&, MsgType_resp&)[m[K’:
[01m[K/home/handsome/ros_ws_test/install/ros_utility_tools/include/ros_utility_tools/table_mongodbstore_client.h:470:25:[m[K [01;35m[Kwarning: [m[Kthere are no arguments to ‘[01m[Kconvert_str[m[K’ that depend on a template parameter, so a declaration of ‘[01m[Kconvert_str[m[K’ must be available [[01;35m[K-fpermissive[m[K]
       resp.error_code = [01;35m[Kconvert_str[m[K((int)table_srv_error_type) ;
                         [01;35m[K^~~~~~~~~~~[m[K
[01m[K/home/handsome/ros_ws_test/install/ros_utility_tools/include/ros_utility_tools/table_mongodbstore_client.h:479:25:[m[K [01;35m[Kwarning: [m[Kthere are no arguments to ‘[01m[Kconvert_str[m[K’ that depend on a template parameter, so a declaration of ‘[01m[Kconvert_str[m[K’ must be available [[01;35m[K-fpermissive[m[K]
       resp.error_code = [01;35m[Kconvert_str[m[K((int)table_srv_error_type) ;
                         [01;35m[K^~~~~~~~~~~[m[K
[01m[K/home/handsome/ros_ws_test/install/ros_utility_tools/include/ros_utility_tools/table_mongodbstore_client.h:487:25:[m[K [01;35m[Kwarning: [m[Kthere are no arguments to ‘[01m[Kconvert_str[m[K’ that depend on a template parameter, so a declaration of ‘[01m[Kconvert_str[m[K’ must be available [[01;35m[K-fpermissive[m[K]
       resp.error_code = [01;35m[Kconvert_str[m[K((int)edb_tb_err_type_none) ;
                         [01;35m[K^~~~~~~~~~~[m[K
[01m[K/home/handsome/ros_ws_test/install/ros_utility_tools/include/ros_utility_tools/table_mongodbstore_client.h:504:25:[m[K [01;35m[Kwarning: [m[Kthere are no arguments to ‘[01m[Kconvert_str[m[K’ that depend on a template parameter, so a declaration of ‘[01m[Kconvert_str[m[K’ must be available [[01;35m[K-fpermissive[m[K]
       resp.error_code = [01;35m[Kconvert_str[m[K((int)edb_tb_err_type_none) ;
                         [01;35m[K^~~~~~~~~~~[m[K
[01m[K/home/handsome/ros_ws_test/install/ros_utility_tools/include/ros_utility_tools/table_mongodbstore_client.h:509:25:[m[K [01;35m[Kwarning: [m[Kthere are no arguments to ‘[01m[Kconvert_str[m[K’ that depend on a template parameter, so a declaration of ‘[01m[Kconvert_str[m[K’ must be available [[01;35m[K-fpermissive[m[K]
       resp.error_code = [01;35m[Kconvert_str[m[K((int)table_srv_error_type) ;
                         [01;35m[K^~~~~~~~~~~[m[K
[01m[K/home/handsome/ros_ws_test/install/ros_utility_tools/include/ros_utility_tools/table_mongodbstore_client.h:520:25:[m[K [01;35m[Kwarning: [m[Kthere are no arguments to ‘[01m[Kconvert_str[m[K’ that depend on a template parameter, so a declaration of ‘[01m[Kconvert_str[m[K’ must be available [[01;35m[K-fpermissive[m[K]
       resp.error_code = [01;35m[Kconvert_str[m[K((int)edb_tb_err_type_none) ;
                         [01;35m[K^~~~~~~~~~~[m[K
[01m[K/home/handsome/ros_ws_test/install/ros_utility_tools/include/ros_utility_tools/table_mongodbstore_client.h:525:25:[m[K [01;35m[Kwarning: [m[Kthere are no arguments to ‘[01m[Kconvert_str[m[K’ that depend on a template parameter, so a declaration of ‘[01m[Kconvert_str[m[K’ must be available [[01;35m[K-fpermissive[m[K]
       resp.error_code = [01;35m[Kconvert_str[m[K((int)table_srv_error_type) ;
                         [01;35m[K^~~~~~~~~~~[m[K
[01m[K/home/handsome/ros_ws_test/install/ros_utility_tools/include/ros_utility_tools/table_mongodbstore_client.h:533:24:[m[K [01;35m[Kwarning: [m[Kthere are no arguments to ‘[01m[Kconvert_str[m[K’ that depend on a template parameter, so a declaration of ‘[01m[Kconvert_str[m[K’ must be available [[01;35m[K-fpermissive[m[K]
      resp.error_code = [01;35m[Kconvert_str[m[K((int)edb_tb_err_type_none) ;
                        [01;35m[K^~~~~~~~~~~[m[K
