[35m[1mScanning dependencies of target robot_scheduling_server_node[0m
[  3%] [32mBuilding CXX object CMakeFiles/robot_scheduling_server_node.dir/src/robot_scheduling_pnp_server.cpp.o[0m
[  7%] [32m[1mLinking CXX executable devel/lib/robot_scheduling_server/robot_scheduling_server_node[0m
[100%] Built target robot_scheduling_server_node
Built target tests
[100%] Built target robot_scheduling_server_node
[36mInstall the project...[0m
-- Install configuration: ""
-- Up-to-date: /home/handsome/ros_ws_test/install/robot_scheduling_server/lib/pkgconfig/robot_scheduling_server.pc
-- Up-to-date: /home/handsome/ros_ws_test/install/robot_scheduling_server/share/robot_scheduling_server/cmake/robot_scheduling_serverConfig.cmake
-- Up-to-date: /home/handsome/ros_ws_test/install/robot_scheduling_server/share/robot_scheduling_server/cmake/robot_scheduling_serverConfig-version.cmake
-- Up-to-date: /home/handsome/ros_ws_test/install/robot_scheduling_server/share/robot_scheduling_server/package.xml
-- Installing: /home/handsome/ros_ws_test/install/robot_scheduling_server/lib/robot_scheduling_server/robot_scheduling_server_node
-- Set runtime path of "/home/handsome/ros_ws_test/install/robot_scheduling_server/lib/robot_scheduling_server/robot_scheduling_server_node" to ""
-- Up-to-date: /home/handsome/ros_ws_test/install/robot_scheduling_server/share/robot_scheduling_server/launch
-- Up-to-date: /home/handsome/ros_ws_test/install/robot_scheduling_server/share/robot_scheduling_server/launch/robot_scheduling_server.launch
-- Up-to-date: /home/handsome/ros_ws_test/install/robot_scheduling_server/share/robot_scheduling_server/launch/robot_scheduling_all.launch
-- Up-to-date: /home/handsome/ros_ws_test/install/robot_scheduling_server/share/robot_scheduling_server/launch/cellctrl_database_bridge.launch
-- Up-to-date: /home/handsome/ros_ws_test/install/robot_scheduling_server/share/robot_scheduling_server/plans
-- Up-to-date: /home/handsome/ros_ws_test/install/robot_scheduling_server/share/robot_scheduling_server/plans/pnpCarMainDispatch.pnml
-- Up-to-date: /home/handsome/ros_ws_test/install/robot_scheduling_server/share/robot_scheduling_server/plans/main
-- Up-to-date: /home/handsome/ros_ws_test/install/robot_scheduling_server/share/robot_scheduling_server/plans/main/pnpModulePoseDock.pnml
-- Up-to-date: /home/handsome/ros_ws_test/install/robot_scheduling_server/share/robot_scheduling_server/plans/main/pnpOperateRemote.pnml
-- Up-to-date: /home/handsome/ros_ws_test/install/robot_scheduling_server/share/robot_scheduling_server/plans/main/pnpInit1SetParameter.pnml
-- Up-to-date: /home/handsome/ros_ws_test/install/robot_scheduling_server/share/robot_scheduling_server/plans/main/pnpModuleWorkSheet.png
-- Up-to-date: /home/handsome/ros_ws_test/install/robot_scheduling_server/share/robot_scheduling_server/plans/main/pnpModuleTurn.pnml
-- Up-to-date: /home/handsome/ros_ws_test/install/robot_scheduling_server/share/robot_scheduling_server/plans/main/pnpOperateManual.pnml
-- Up-to-date: /home/handsome/ros_ws_test/install/robot_scheduling_server/share/robot_scheduling_server/plans/main/pnpModuleTurnTest.pnml
-- Up-to-date: /home/handsome/ros_ws_test/install/robot_scheduling_server/share/robot_scheduling_server/plans/main/pnpOperatePause1.pnml
-- Up-to-date: /home/handsome/ros_ws_test/install/robot_scheduling_server/share/robot_scheduling_server/plans/main/pnpModuleDoFunction.png
-- Up-to-date: /home/handsome/ros_ws_test/install/robot_scheduling_server/share/robot_scheduling_server/plans/main/pnpSystemMain.pnml
-- Up-to-date: /home/handsome/ros_ws_test/install/robot_scheduling_server/share/robot_scheduling_server/plans/main/pnpOperateAlarm.pnml
-- Up-to-date: /home/handsome/ros_ws_test/install/robot_scheduling_server/share/robot_scheduling_server/plans/main/pnpChangeSystemStatus0.pnml
-- Up-to-date: /home/handsome/ros_ws_test/install/robot_scheduling_server/share/robot_scheduling_server/plans/main/pnpInit1poseinit.pnml
-- Up-to-date: /home/handsome/ros_ws_test/install/robot_scheduling_server/share/robot_scheduling_server/plans/main/pnpChangeSystemStatus2.pnml
-- Up-to-date: /home/handsome/ros_ws_test/install/robot_scheduling_server/share/robot_scheduling_server/plans/main/pnpWorkSheetTurn (copy).pnml
-- Up-to-date: /home/handsome/ros_ws_test/install/robot_scheduling_server/share/robot_scheduling_server/plans/main/pnpSystemMainTest.pnml
-- Up-to-date: /home/handsome/ros_ws_test/install/robot_scheduling_server/share/robot_scheduling_server/plans/main/pnpPlanToEnd.pnml
-- Up-to-date: /home/handsome/ros_ws_test/install/robot_scheduling_server/share/robot_scheduling_server/plans/main/pnpModuleDoFunction.pnml
-- Up-to-date: /home/handsome/ros_ws_test/install/robot_scheduling_server/share/robot_scheduling_server/plans/main/pnpChangeSystemStatus1.pnml
-- Up-to-date: /home/handsome/ros_ws_test/install/robot_scheduling_server/share/robot_scheduling_server/plans/main/pnpModuleTurn_old.pnml
-- Up-to-date: /home/handsome/ros_ws_test/install/robot_scheduling_server/share/robot_scheduling_server/plans/main/pnpSystemMain.png
-- Up-to-date: /home/handsome/ros_ws_test/install/robot_scheduling_server/share/robot_scheduling_server/plans/main/pnpModuleMoveINT.pnml
-- Up-to-date: /home/handsome/ros_ws_test/install/robot_scheduling_server/share/robot_scheduling_server/plans/main/pnpPlanToExec.pnml
-- Up-to-date: /home/handsome/ros_ws_test/install/robot_scheduling_server/share/robot_scheduling_server/plans/main/pnpModuleBatteryCharge.pnml
-- Up-to-date: /home/handsome/ros_ws_test/install/robot_scheduling_server/share/robot_scheduling_server/plans/main/pnpModuleWorkSheet.pnml
-- Up-to-date: /home/handsome/ros_ws_test/install/robot_scheduling_server/share/robot_scheduling_server/plans/main/pnpOperatePause.pnml
-- Up-to-date: /home/handsome/ros_ws_test/install/robot_scheduling_server/share/robot_scheduling_server/plans/main/pnpOperateManual1.pnml
-- Up-to-date: /home/handsome/ros_ws_test/install/robot_scheduling_server/share/robot_scheduling_server/plans/main/pnpInit1StartUp.pnml
-- Up-to-date: /home/handsome/ros_ws_test/install/robot_scheduling_server/share/robot_scheduling_server/plans/main/pnpPowerCharge.pnml
-- Up-to-date: /home/handsome/ros_ws_test/install/robot_scheduling_server/share/robot_scheduling_server/plans/main/pnpStandbyAction.pnml
-- Up-to-date: /home/handsome/ros_ws_test/install/robot_scheduling_server/share/robot_scheduling_server/plans/main/pnpModuleTurn.png
-- Up-to-date: /home/handsome/ros_ws_test/install/robot_scheduling_server/share/robot_scheduling_server/plans/main/pnpOperateStandby.pnml
-- Up-to-date: /home/handsome/ros_ws_test/install/robot_scheduling_server/share/robot_scheduling_server/plans/main/pnpModulePoseUnDock.pnml
-- Up-to-date: /home/handsome/ros_ws_test/install/robot_scheduling_server/share/robot_scheduling_server/plans/main/pnpWorkSheetTurn.pnml
-- Up-to-date: /home/handsome/ros_ws_test/install/robot_scheduling_server/share/robot_scheduling_server/plans/main/pnpInit0PowerUp.pnml
-- Up-to-date: /home/handsome/ros_ws_test/install/robot_scheduling_server/share/robot_scheduling_server/plans/main/pnpModuleMove.pnml
-- Up-to-date: /home/handsome/ros_ws_test/install/robot_scheduling_server/share/robot_scheduling_server/plans/backup.zip
-- Up-to-date: /home/handsome/ros_ws_test/install/robot_scheduling_server/share/robot_scheduling_server/plans/pnpCarMainDispatch_test_2.pnml
-- Up-to-date: /home/handsome/ros_ws_test/install/robot_scheduling_server/share/robot_scheduling_server/plans/pnpCarUnknow.pnml
-- Up-to-date: /home/handsome/ros_ws_test/install/robot_scheduling_server/share/robot_scheduling_server/plans/pnpPowerDock.pnml
-- Up-to-date: /home/handsome/ros_ws_test/install/robot_scheduling_server/share/robot_scheduling_server/plans/pnpCarNone.pnml
-- Up-to-date: /home/handsome/ros_ws_test/install/robot_scheduling_server/share/robot_scheduling_server/plans/pnpManual.pnml
-- Up-to-date: /home/handsome/ros_ws_test/install/robot_scheduling_server/share/robot_scheduling_server/plans/car
-- Up-to-date: /home/handsome/ros_ws_test/install/robot_scheduling_server/share/robot_scheduling_server/plans/car/pnpCarMainDispatch.pnml
-- Up-to-date: /home/handsome/ros_ws_test/install/robot_scheduling_server/share/robot_scheduling_server/plans/car/png
-- Up-to-date: /home/handsome/ros_ws_test/install/robot_scheduling_server/share/robot_scheduling_server/plans/car/png/pnpCarRemote.png
-- Up-to-date: /home/handsome/ros_ws_test/install/robot_scheduling_server/share/robot_scheduling_server/plans/car/png/pnpPowerDock.png
-- Up-to-date: /home/handsome/ros_ws_test/install/robot_scheduling_server/share/robot_scheduling_server/plans/car/png/pnpCarMainDispatch.png
-- Up-to-date: /home/handsome/ros_ws_test/install/robot_scheduling_server/share/robot_scheduling_server/plans/car/png/pnpWorkSheet_config.pnml.png
-- Up-to-date: /home/handsome/ros_ws_test/install/robot_scheduling_server/share/robot_scheduling_server/plans/car/png/hyc_action_dispatch_1.pdf
-- Up-to-date: /home/handsome/ros_ws_test/install/robot_scheduling_server/share/robot_scheduling_server/plans/car/png/hyc_action_dispatch.pdf
-- Up-to-date: /home/handsome/ros_ws_test/install/robot_scheduling_server/share/robot_scheduling_server/plans/car/png/pnpCarManual.png
-- Up-to-date: /home/handsome/ros_ws_test/install/robot_scheduling_server/share/robot_scheduling_server/plans/car/png/pnpCarUnknow.png
-- Up-to-date: /home/handsome/ros_ws_test/install/robot_scheduling_server/share/robot_scheduling_server/plans/car/png/pnpCarInitPose.png
-- Up-to-date: /home/handsome/ros_ws_test/install/robot_scheduling_server/share/robot_scheduling_server/plans/car/png/pnpCarMainDispatch_test_2.png
-- Up-to-date: /home/handsome/ros_ws_test/install/robot_scheduling_server/share/robot_scheduling_server/plans/car/png/pnpCarNone.png
-- Up-to-date: /home/handsome/ros_ws_test/install/robot_scheduling_server/share/robot_scheduling_server/plans/car/png/pnpCarStandby.png
-- Up-to-date: /home/handsome/ros_ws_test/install/robot_scheduling_server/share/robot_scheduling_server/plans/car/png/pnpWorkSheet_config.png
-- Up-to-date: /home/handsome/ros_ws_test/install/robot_scheduling_server/share/robot_scheduling_server/plans/car/png/pnpWorkSheet_config.pnml.png.pnml
-- Up-to-date: /home/handsome/ros_ws_test/install/robot_scheduling_server/share/robot_scheduling_server/plans/car/png/pnpCarControllerRetry.png
-- Up-to-date: /home/handsome/ros_ws_test/install/robot_scheduling_server/share/robot_scheduling_server/plans/car/png/hyc_action_dispatch.odg
-- Up-to-date: /home/handsome/ros_ws_test/install/robot_scheduling_server/share/robot_scheduling_server/plans/car/pnpCarUnknow.pnml
-- Up-to-date: /home/handsome/ros_ws_test/install/robot_scheduling_server/share/robot_scheduling_server/plans/car/pnpPowerDock.pnml
-- Up-to-date: /home/handsome/ros_ws_test/install/robot_scheduling_server/share/robot_scheduling_server/plans/car/pnpCarNone.pnml
-- Up-to-date: /home/handsome/ros_ws_test/install/robot_scheduling_server/share/robot_scheduling_server/plans/car/pnpManual.pnml
-- Up-to-date: /home/handsome/ros_ws_test/install/robot_scheduling_server/share/robot_scheduling_server/plans/car/pnpMoveToPark.pnml
-- Up-to-date: /home/handsome/ros_ws_test/install/robot_scheduling_server/share/robot_scheduling_server/plans/car/pnpCarControllerRetry.pnml
-- Up-to-date: /home/handsome/ros_ws_test/install/robot_scheduling_server/share/robot_scheduling_server/plans/car/pnpCarRemote.pnml
-- Up-to-date: /home/handsome/ros_ws_test/install/robot_scheduling_server/share/robot_scheduling_server/plans/car/pnpCarStandby.pnml
-- Up-to-date: /home/handsome/ros_ws_test/install/robot_scheduling_server/share/robot_scheduling_server/plans/car/pnpCarManual.pnml
-- Up-to-date: /home/handsome/ros_ws_test/install/robot_scheduling_server/share/robot_scheduling_server/plans/car/pnpCarInitPose.pnml
-- Up-to-date: /home/handsome/ros_ws_test/install/robot_scheduling_server/share/robot_scheduling_server/plans/pnpCarMainDispatch_test.pnml
-- Up-to-date: /home/handsome/ros_ws_test/install/robot_scheduling_server/share/robot_scheduling_server/plans/pnpMoveToPark.pnml
-- Up-to-date: /home/handsome/ros_ws_test/install/robot_scheduling_server/share/robot_scheduling_server/plans/pnpCarMainDispatch_1_test.pnml
-- Up-to-date: /home/handsome/ros_ws_test/install/robot_scheduling_server/share/robot_scheduling_server/plans/pnpCarControllerRetry.pnml
-- Up-to-date: /home/handsome/ros_ws_test/install/robot_scheduling_server/share/robot_scheduling_server/plans/main (copy)
-- Up-to-date: /home/handsome/ros_ws_test/install/robot_scheduling_server/share/robot_scheduling_server/plans/main (copy)/pnpModulePoseDock.pnml
-- Up-to-date: /home/handsome/ros_ws_test/install/robot_scheduling_server/share/robot_scheduling_server/plans/main (copy)/pnpOperateRemote.pnml
-- Up-to-date: /home/handsome/ros_ws_test/install/robot_scheduling_server/share/robot_scheduling_server/plans/main (copy)/pnpInit1SetParameter.pnml
-- Up-to-date: /home/handsome/ros_ws_test/install/robot_scheduling_server/share/robot_scheduling_server/plans/main (copy)/pnpModuleTurn.pnml
-- Up-to-date: /home/handsome/ros_ws_test/install/robot_scheduling_server/share/robot_scheduling_server/plans/main (copy)/pnpOperateManual.pnml
-- Up-to-date: /home/handsome/ros_ws_test/install/robot_scheduling_server/share/robot_scheduling_server/plans/main (copy)/pnpSystemMain.pnml
-- Up-to-date: /home/handsome/ros_ws_test/install/robot_scheduling_server/share/robot_scheduling_server/plans/main (copy)/pnpOperateAlarm.pnml
-- Up-to-date: /home/handsome/ros_ws_test/install/robot_scheduling_server/share/robot_scheduling_server/plans/main (copy)/pnpChangeSystemStatus0.pnml
-- Up-to-date: /home/handsome/ros_ws_test/install/robot_scheduling_server/share/robot_scheduling_server/plans/main (copy)/pnpInit1poseinit.pnml
-- Up-to-date: /home/handsome/ros_ws_test/install/robot_scheduling_server/share/robot_scheduling_server/plans/main (copy)/pnpChangeSystemStatus2.pnml
-- Up-to-date: /home/handsome/ros_ws_test/install/robot_scheduling_server/share/robot_scheduling_server/plans/main (copy)/pnpPlanToEnd.pnml
-- Up-to-date: /home/handsome/ros_ws_test/install/robot_scheduling_server/share/robot_scheduling_server/plans/main (copy)/pnpModuleDoFunction.pnml
-- Up-to-date: /home/handsome/ros_ws_test/install/robot_scheduling_server/share/robot_scheduling_server/plans/main (copy)/pnpChangeSystemStatus1.pnml
-- Up-to-date: /home/handsome/ros_ws_test/install/robot_scheduling_server/share/robot_scheduling_server/plans/main (copy)/pnpModuleMoveINT.pnml
-- Up-to-date: /home/handsome/ros_ws_test/install/robot_scheduling_server/share/robot_scheduling_server/plans/main (copy)/pnpPlanToExec.pnml
-- Up-to-date: /home/handsome/ros_ws_test/install/robot_scheduling_server/share/robot_scheduling_server/plans/main (copy)/pnpModuleBatteryCharge.pnml
-- Up-to-date: /home/handsome/ros_ws_test/install/robot_scheduling_server/share/robot_scheduling_server/plans/main (copy)/pnpModuleWorkSheet.pnml
-- Up-to-date: /home/handsome/ros_ws_test/install/robot_scheduling_server/share/robot_scheduling_server/plans/main (copy)/pnpOperatePause.pnml
-- Up-to-date: /home/handsome/ros_ws_test/install/robot_scheduling_server/share/robot_scheduling_server/plans/main (copy)/pnpOperateManual1.pnml
-- Up-to-date: /home/handsome/ros_ws_test/install/robot_scheduling_server/share/robot_scheduling_server/plans/main (copy)/pnpInit1StartUp.pnml
-- Up-to-date: /home/handsome/ros_ws_test/install/robot_scheduling_server/share/robot_scheduling_server/plans/main (copy)/pnpPowerCharge.pnml
-- Up-to-date: /home/handsome/ros_ws_test/install/robot_scheduling_server/share/robot_scheduling_server/plans/main (copy)/pnpStandbyAction.pnml
-- Up-to-date: /home/handsome/ros_ws_test/install/robot_scheduling_server/share/robot_scheduling_server/plans/main (copy)/pnpOperateStandby.pnml
-- Up-to-date: /home/handsome/ros_ws_test/install/robot_scheduling_server/share/robot_scheduling_server/plans/main (copy)/pnpModulePoseUnDock.pnml
-- Up-to-date: /home/handsome/ros_ws_test/install/robot_scheduling_server/share/robot_scheduling_server/plans/main (copy)/pnpInit0PowerUp.pnml
-- Up-to-date: /home/handsome/ros_ws_test/install/robot_scheduling_server/share/robot_scheduling_server/plans/main (copy)/pnpModuleMove.pnml
-- Up-to-date: /home/handsome/ros_ws_test/install/robot_scheduling_server/share/robot_scheduling_server/plans/pnpCarMainDispatch_test_2.png
-- Up-to-date: /home/handsome/ros_ws_test/install/robot_scheduling_server/share/robot_scheduling_server/plans/pnpCarRemote.pnml
-- Up-to-date: /home/handsome/ros_ws_test/install/robot_scheduling_server/share/robot_scheduling_server/plans/test
-- Up-to-date: /home/handsome/ros_ws_test/install/robot_scheduling_server/share/robot_scheduling_server/plans/test/pnpMoveToArea1.pnml
-- Up-to-date: /home/handsome/ros_ws_test/install/robot_scheduling_server/share/robot_scheduling_server/plans/test/pnpMoveToArea2.pnml
-- Up-to-date: /home/handsome/ros_ws_test/install/robot_scheduling_server/share/robot_scheduling_server/plans/test/pnpMoveToTest.pnml
-- Up-to-date: /home/handsome/ros_ws_test/install/robot_scheduling_server/share/robot_scheduling_server/plans/pnp_module
-- Up-to-date: /home/handsome/ros_ws_test/install/robot_scheduling_server/share/robot_scheduling_server/plans/pnp_module/pnpModuleHomeMove.pnml
-- Up-to-date: /home/handsome/ros_ws_test/install/robot_scheduling_server/share/robot_scheduling_server/plans/pnp_module/pnpModulePreDockMove.pnml
-- Up-to-date: /home/handsome/ros_ws_test/install/robot_scheduling_server/share/robot_scheduling_server/plans/pnp_module/pnpModuleTurn.pnml
-- Up-to-date: /home/handsome/ros_ws_test/install/robot_scheduling_server/share/robot_scheduling_server/plans/pnp_module/pnpModulePowerPreDockMove.pnml
-- Up-to-date: /home/handsome/ros_ws_test/install/robot_scheduling_server/share/robot_scheduling_server/plans/pnp_module/pnpWorkSheetRun.pnml
-- Up-to-date: /home/handsome/ros_ws_test/install/robot_scheduling_server/share/robot_scheduling_server/plans/pnp_module/system
-- Up-to-date: /home/handsome/ros_ws_test/install/robot_scheduling_server/share/robot_scheduling_server/plans/pnp_module/system/pnpModuleMainDispatch.pnml
-- Up-to-date: /home/handsome/ros_ws_test/install/robot_scheduling_server/share/robot_scheduling_server/plans/pnp_module/system/pnpModuleMoveINT.pnml
-- Up-to-date: /home/handsome/ros_ws_test/install/robot_scheduling_server/share/robot_scheduling_server/plans/pnp_module/system/pnpModuleBatteryCharge.pnml
-- Up-to-date: /home/handsome/ros_ws_test/install/robot_scheduling_server/share/robot_scheduling_server/plans/pnp_module/system/pnpModuleMove.pnml
-- Up-to-date: /home/handsome/ros_ws_test/install/robot_scheduling_server/share/robot_scheduling_server/plans/pnp_module/pnpModuleParamsInitSet.pnml
-- Up-to-date: /home/handsome/ros_ws_test/install/robot_scheduling_server/share/robot_scheduling_server/plans/pnp_module/pnpModuleCommonMove.pnml
-- Up-to-date: /home/handsome/ros_ws_test/install/robot_scheduling_server/share/robot_scheduling_server/plans/pnp_module/png
-- Up-to-date: /home/handsome/ros_ws_test/install/robot_scheduling_server/share/robot_scheduling_server/plans/pnp_module/png/pnpModuleSetStatus.png
-- Up-to-date: /home/handsome/ros_ws_test/install/robot_scheduling_server/share/robot_scheduling_server/plans/pnp_module/png/pnpModulePostDockMove.png
-- Up-to-date: /home/handsome/ros_ws_test/install/robot_scheduling_server/share/robot_scheduling_server/plans/pnp_module/png/pnpModuleDock.png
-- Up-to-date: /home/handsome/ros_ws_test/install/robot_scheduling_server/share/robot_scheduling_server/plans/pnp_module/png/pnpModuleTurn.png.pnml
-- Up-to-date: /home/handsome/ros_ws_test/install/robot_scheduling_server/share/robot_scheduling_server/plans/pnp_module/png/pnpModulePowerPreDockMove.png
-- Up-to-date: /home/handsome/ros_ws_test/install/robot_scheduling_server/share/robot_scheduling_server/plans/pnp_module/png/pnpModuleHomeMove.png
-- Up-to-date: /home/handsome/ros_ws_test/install/robot_scheduling_server/share/robot_scheduling_server/plans/pnp_module/png/pnpModulePowerPostUnDockMove.png
-- Up-to-date: /home/handsome/ros_ws_test/install/robot_scheduling_server/share/robot_scheduling_server/plans/pnp_module/png/hyc_action_pnp_modules.odg
-- Up-to-date: /home/handsome/ros_ws_test/install/robot_scheduling_server/share/robot_scheduling_server/plans/pnp_module/png/pnpModuleMoveINT.png
-- Up-to-date: /home/handsome/ros_ws_test/install/robot_scheduling_server/share/robot_scheduling_server/plans/pnp_module/png/pnpModuleDoFunction.png
-- Up-to-date: /home/handsome/ros_ws_test/install/robot_scheduling_server/share/robot_scheduling_server/plans/pnp_module/png/pnpModuleUnDock.png
-- Up-to-date: /home/handsome/ros_ws_test/install/robot_scheduling_server/share/robot_scheduling_server/plans/pnp_module/png/pnpModuleMove.png
-- Up-to-date: /home/handsome/ros_ws_test/install/robot_scheduling_server/share/robot_scheduling_server/plans/pnp_module/png/pnpModuleBatteryCharge.png
-- Up-to-date: /home/handsome/ros_ws_test/install/robot_scheduling_server/share/robot_scheduling_server/plans/pnp_module/png/hyc_action_pnp_modules.pdf
-- Up-to-date: /home/handsome/ros_ws_test/install/robot_scheduling_server/share/robot_scheduling_server/plans/pnp_module/png/pnpModulePowerPostUnDockMove.png.pnml
-- Up-to-date: /home/handsome/ros_ws_test/install/robot_scheduling_server/share/robot_scheduling_server/plans/pnp_module/png/pnpModuleParamsInitSet.png.pnml
-- Up-to-date: /home/handsome/ros_ws_test/install/robot_scheduling_server/share/robot_scheduling_server/plans/pnp_module/png/pnpModuleParamsInitSet.png
-- Up-to-date: /home/handsome/ros_ws_test/install/robot_scheduling_server/share/robot_scheduling_server/plans/pnp_module/png/pnpModulePutInCharge.png
-- Up-to-date: /home/handsome/ros_ws_test/install/robot_scheduling_server/share/robot_scheduling_server/plans/pnp_module/png/pnpWorkSheetRun.png
-- Up-to-date: /home/handsome/ros_ws_test/install/robot_scheduling_server/share/robot_scheduling_server/plans/pnp_module/png/pnpModulePreDockMove.png
-- Up-to-date: /home/handsome/ros_ws_test/install/robot_scheduling_server/share/robot_scheduling_server/plans/pnp_module/png/pnpModuleCommonMove.png
-- Up-to-date: /home/handsome/ros_ws_test/install/robot_scheduling_server/share/robot_scheduling_server/plans/pnp_module/png/pnpModuleTurn.png
-- Up-to-date: /home/handsome/ros_ws_test/install/robot_scheduling_server/share/robot_scheduling_server/plans/pnp_module/png/hyc_action_dispatch.odg
-- Up-to-date: /home/handsome/ros_ws_test/install/robot_scheduling_server/share/robot_scheduling_server/plans/pnp_module/png/pnpModuleParkMove.png
-- Up-to-date: /home/handsome/ros_ws_test/install/robot_scheduling_server/share/robot_scheduling_server/plans/pnp_module/pnpModuleUnDock.pnml
-- Up-to-date: /home/handsome/ros_ws_test/install/robot_scheduling_server/share/robot_scheduling_server/plans/pnp_module/pnpModulePowerPostUnDockMove.pnml
-- Up-to-date: /home/handsome/ros_ws_test/install/robot_scheduling_server/share/robot_scheduling_server/plans/pnp_module/pnpModulePutInCharge.pnml
-- Up-to-date: /home/handsome/ros_ws_test/install/robot_scheduling_server/share/robot_scheduling_server/plans/pnp_module/pnpModuleSetStatus.pnml
-- Up-to-date: /home/handsome/ros_ws_test/install/robot_scheduling_server/share/robot_scheduling_server/plans/pnp_module/pnpModuleParamsInitSet123.pnml
-- Up-to-date: /home/handsome/ros_ws_test/install/robot_scheduling_server/share/robot_scheduling_server/plans/pnp_module/pnpModuleDoFunction.pnml
-- Up-to-date: /home/handsome/ros_ws_test/install/robot_scheduling_server/share/robot_scheduling_server/plans/pnp_module/pnpModuleMoveINT.pnml
-- Up-to-date: /home/handsome/ros_ws_test/install/robot_scheduling_server/share/robot_scheduling_server/plans/pnp_module/pnpModuleBatteryCharge.pnml
-- Up-to-date: /home/handsome/ros_ws_test/install/robot_scheduling_server/share/robot_scheduling_server/plans/pnp_module/pnpModuleParkMove.pnml
-- Up-to-date: /home/handsome/ros_ws_test/install/robot_scheduling_server/share/robot_scheduling_server/plans/pnp_module/pnpModulePostDockMove.pnml
-- Up-to-date: /home/handsome/ros_ws_test/install/robot_scheduling_server/share/robot_scheduling_server/plans/pnp_module/pnpTest
-- Up-to-date: /home/handsome/ros_ws_test/install/robot_scheduling_server/share/robot_scheduling_server/plans/pnp_module/pnpTest/pnpModulePreDockMove.pnml
-- Up-to-date: /home/handsome/ros_ws_test/install/robot_scheduling_server/share/robot_scheduling_server/plans/pnp_module/pnpTest/pnpModuleParamsInitSet.pnml
-- Up-to-date: /home/handsome/ros_ws_test/install/robot_scheduling_server/share/robot_scheduling_server/plans/pnp_module/pnpTest/pnpModuleTurnTest.pnml
-- Up-to-date: /home/handsome/ros_ws_test/install/robot_scheduling_server/share/robot_scheduling_server/plans/pnp_module/pnpTest/pnpModuleSetStatus.pnml
-- Up-to-date: /home/handsome/ros_ws_test/install/robot_scheduling_server/share/robot_scheduling_server/plans/pnp_module/pnpTest/pnpModuleMoveINT.pnml
-- Up-to-date: /home/handsome/ros_ws_test/install/robot_scheduling_server/share/robot_scheduling_server/plans/pnp_module/pnpTest/pnpModuleParkMove.pnml
-- Up-to-date: /home/handsome/ros_ws_test/install/robot_scheduling_server/share/robot_scheduling_server/plans/pnp_module/pnpModuleDock.pnml
-- Up-to-date: /home/handsome/ros_ws_test/install/robot_scheduling_server/share/robot_scheduling_server/plans/pnp_module/pnpModuleMove.pnml
-- Up-to-date: /home/handsome/ros_ws_test/install/robot_scheduling_server/share/robot_scheduling_server/plans/pnpCarStandby.pnml
-- Up-to-date: /home/handsome/ros_ws_test/install/robot_scheduling_server/share/robot_scheduling_server/plans/pnpWorkSheet_config.pnml
-- Up-to-date: /home/handsome/ros_ws_test/install/robot_scheduling_server/share/robot_scheduling_server/plans/pnpWorkSheet_test.pnml
-- Up-to-date: /home/handsome/ros_ws_test/install/robot_scheduling_server/share/robot_scheduling_server/plans/pnpCarManual.pnml
-- Up-to-date: /home/handsome/ros_ws_test/install/robot_scheduling_server/share/robot_scheduling_server/plans/pnpCarInitPose.pnml
-- Up-to-date: /home/handsome/ros_ws_test/install/robot_scheduling_server/share/robot_scheduling_server/plans/backup
-- Up-to-date: /home/handsome/ros_ws_test/install/robot_scheduling_server/share/robot_scheduling_server/plans/backup/exptest.pnml
-- Up-to-date: /home/handsome/ros_ws_test/install/robot_scheduling_server/share/robot_scheduling_server/plans/backup/module
-- Up-to-date: /home/handsome/ros_ws_test/install/robot_scheduling_server/share/robot_scheduling_server/plans/backup/module/pnpPreDock.pnml
-- Up-to-date: /home/handsome/ros_ws_test/install/robot_scheduling_server/share/robot_scheduling_server/plans/backup/module/pnpAGVMoveTo.pnml
-- Up-to-date: /home/handsome/ros_ws_test/install/robot_scheduling_server/share/robot_scheduling_server/plans/backup/module/pnpPreMission.pnml
-- Up-to-date: /home/handsome/ros_ws_test/install/robot_scheduling_server/share/robot_scheduling_server/plans/backup/module/pnpPoseRecognize.pnml
-- Up-to-date: /home/handsome/ros_ws_test/install/robot_scheduling_server/share/robot_scheduling_server/plans/backup/module/pnpPostMission.pnml
-- Up-to-date: /home/handsome/ros_ws_test/install/robot_scheduling_server/share/robot_scheduling_server/plans/backup/module/pnp_main_sequence.pnml
-- Up-to-date: /home/handsome/ros_ws_test/install/robot_scheduling_server/share/robot_scheduling_server/plans/backup/module/pnpInitial.pnml
-- Up-to-date: /home/handsome/ros_ws_test/install/robot_scheduling_server/share/robot_scheduling_server/plans/backup/module/pnpMissionAGVMoveTo.pnml
-- Up-to-date: /home/handsome/ros_ws_test/install/robot_scheduling_server/share/robot_scheduling_server/plans/backup/module/reference
-- Up-to-date: /home/handsome/ros_ws_test/install/robot_scheduling_server/share/robot_scheduling_server/plans/backup/module/reference/pnp_template.pnml.png.pnml
-- Up-to-date: /home/handsome/ros_ws_test/install/robot_scheduling_server/share/robot_scheduling_server/plans/backup/module/reference/pnp_template_new1.pnml
-- Up-to-date: /home/handsome/ros_ws_test/install/robot_scheduling_server/share/robot_scheduling_server/plans/backup/module/reference/power_dock.pnml
-- Up-to-date: /home/handsome/ros_ws_test/install/robot_scheduling_server/share/robot_scheduling_server/plans/backup/module/reference/pnp_template.png
-- Up-to-date: /home/handsome/ros_ws_test/install/robot_scheduling_server/share/robot_scheduling_server/plans/backup/module/reference/pnp_template.pnml
-- Up-to-date: /home/handsome/ros_ws_test/install/robot_scheduling_server/share/robot_scheduling_server/plans/backup/module/reference/pnp_template_new.png
-- Up-to-date: /home/handsome/ros_ws_test/install/robot_scheduling_server/share/robot_scheduling_server/plans/backup/module/reference/pnp_main_sequence.png
-- Up-to-date: /home/handsome/ros_ws_test/install/robot_scheduling_server/share/robot_scheduling_server/plans/backup/module/reference/pnp_template_new.pnml
-- Up-to-date: /home/handsome/ros_ws_test/install/robot_scheduling_server/share/robot_scheduling_server/plans/backup/module/pnpPowerUndock.pnml
-- Up-to-date: /home/handsome/ros_ws_test/install/robot_scheduling_server/share/robot_scheduling_server/plans/backup/module/pnpPowerDock.pnml
-- Up-to-date: /home/handsome/ros_ws_test/install/robot_scheduling_server/share/robot_scheduling_server/plans/backup/module/pnpStandbySet.pnml
-- Up-to-date: /home/handsome/ros_ws_test/install/robot_scheduling_server/share/robot_scheduling_server/plans/backup/module/pnpInitPosSet.pnml
-- Up-to-date: /home/handsome/ros_ws_test/install/robot_scheduling_server/share/robot_scheduling_server/plans/backup/module/pnpMission.pnml
-- Up-to-date: /home/handsome/ros_ws_test/install/robot_scheduling_server/share/robot_scheduling_server/plans/backup/module/pnpAGVStandby.pnml
-- Up-to-date: /home/handsome/ros_ws_test/install/robot_scheduling_server/share/robot_scheduling_server/plans/backup/module/pnpMainctrlStatus.pnml
-- Up-to-date: /home/handsome/ros_ws_test/install/robot_scheduling_server/share/robot_scheduling_server/plans/backup/module/pnpAGVMoveTo1.pnml
-- Up-to-date: /home/handsome/ros_ws_test/install/robot_scheduling_server/share/robot_scheduling_server/plans/backup/module/pnpPowerPlugIn.pnml
-- Up-to-date: /home/handsome/ros_ws_test/install/robot_scheduling_server/share/robot_scheduling_server/plans/backup/module/pnpAlarmSet.pnml
-- Up-to-date: /home/handsome/ros_ws_test/install/robot_scheduling_server/share/robot_scheduling_server/plans/backup/module/pnpPostUndock.pnml
-- Up-to-date: /home/handsome/ros_ws_test/install/robot_scheduling_server/share/robot_scheduling_server/plans/backup/module/pnpPowerPlugOut.pnml
-- Up-to-date: /home/handsome/ros_ws_test/install/robot_scheduling_server/share/robot_scheduling_server/plans/backup/exppark.pnml
-- Up-to-date: /home/handsome/ros_ws_test/install/robot_scheduling_server/share/robot_scheduling_server/plans/backup/fetch_box_plan.pnml.png.pnml
-- Up-to-date: /home/handsome/ros_ws_test/install/robot_scheduling_server/share/robot_scheduling_server/plans/backup/webcharge.pnml
-- Up-to-date: /home/handsome/ros_ws_test/install/robot_scheduling_server/share/robot_scheduling_server/plans/backup/jarp.properties
-- Up-to-date: /home/handsome/ros_ws_test/install/robot_scheduling_server/share/robot_scheduling_server/plans/backup/webwait.pnml
-- Up-to-date: /home/handsome/ros_ws_test/install/robot_scheduling_server/share/robot_scheduling_server/plans/backup/module_
-- Up-to-date: /home/handsome/ros_ws_test/install/robot_scheduling_server/share/robot_scheduling_server/plans/backup/module_/pnpStatusDispatch3.pnml
-- Up-to-date: /home/handsome/ros_ws_test/install/robot_scheduling_server/share/robot_scheduling_server/plans/backup/module_/pnpAGVMoveTo.pnml
-- Up-to-date: /home/handsome/ros_ws_test/install/robot_scheduling_server/share/robot_scheduling_server/plans/backup/module_/pnpPoseRecognize.pnml
-- Up-to-date: /home/handsome/ros_ws_test/install/robot_scheduling_server/share/robot_scheduling_server/plans/backup/module_/pnpStatusDispatch1.pnml
-- Up-to-date: /home/handsome/ros_ws_test/install/robot_scheduling_server/share/robot_scheduling_server/plans/backup/module_/pnpStatusDispatch5.pnml
-- Up-to-date: /home/handsome/ros_ws_test/install/robot_scheduling_server/share/robot_scheduling_server/plans/backup/module_/pnpStatusDispatch.pnml
-- Up-to-date: /home/handsome/ros_ws_test/install/robot_scheduling_server/share/robot_scheduling_server/plans/backup/module_/pnpAGVStandby.pnml
-- Up-to-date: /home/handsome/ros_ws_test/install/robot_scheduling_server/share/robot_scheduling_server/plans/backup/module_/pnpMainctrlStatus.pnml
-- Up-to-date: /home/handsome/ros_ws_test/install/robot_scheduling_server/share/robot_scheduling_server/plans/backup/module_/pnpStatusDispatch2.pnml
-- Up-to-date: /home/handsome/ros_ws_test/install/robot_scheduling_server/share/robot_scheduling_server/plans/backup/module_/pnpStatusDispatch4.pnml
-- Up-to-date: /home/handsome/ros_ws_test/install/robot_scheduling_server/share/robot_scheduling_server/plans/backup/demol.pnml
-- Up-to-date: /home/handsome/ros_ws_test/install/robot_scheduling_server/share/robot_scheduling_server/plans/backup/webreset.pnml
-- Up-to-date: /home/handsome/ros_ws_test/install/robot_scheduling_server/share/robot_scheduling_server/plans/backup/expturn180.pnml
-- Up-to-date: /home/handsome/ros_ws_test/install/robot_scheduling_server/share/robot_scheduling_server/plans/backup/run_jarp.sh
-- Up-to-date: /home/handsome/ros_ws_test/install/robot_scheduling_server/share/robot_scheduling_server/plans/backup/stationa.pnml
-- Up-to-date: /home/handsome/ros_ws_test/install/robot_scheduling_server/share/robot_scheduling_server/plans/backup/webunpark.pnml
-- Up-to-date: /home/handsome/ros_ws_test/install/robot_scheduling_server/share/robot_scheduling_server/plans/backup/demo.pnml
-- Up-to-date: /home/handsome/ros_ws_test/install/robot_scheduling_server/share/robot_scheduling_server/plans/backup/moveplan.pnml
-- Up-to-date: /home/handsome/ros_ws_test/install/robot_scheduling_server/share/robot_scheduling_server/plans/backup/test.pnml
-- Up-to-date: /home/handsome/ros_ws_test/install/robot_scheduling_server/share/robot_scheduling_server/plans/backup/demoEason.pnml
-- Up-to-date: /home/handsome/ros_ws_test/install/robot_scheduling_server/share/robot_scheduling_server/plans/backup/skip.pnml
-- Up-to-date: /home/handsome/ros_ws_test/install/robot_scheduling_server/share/robot_scheduling_server/plans/backup/ABloop.pnml
-- Up-to-date: /home/handsome/ros_ws_test/install/robot_scheduling_server/share/robot_scheduling_server/plans/backup/webgo.pnml
-- Up-to-date: /home/handsome/ros_ws_test/install/robot_scheduling_server/share/robot_scheduling_server/plans/backup/load.pnml
-- Up-to-date: /home/handsome/ros_ws_test/install/robot_scheduling_server/share/robot_scheduling_server/plans/backup/webparkloop.pnml
-- Up-to-date: /home/handsome/ros_ws_test/install/robot_scheduling_server/share/robot_scheduling_server/plans/backup/expdemo.pnml
-- Up-to-date: /home/handsome/ros_ws_test/install/robot_scheduling_server/share/robot_scheduling_server/plans/backup/demou.pnml
-- Up-to-date: /home/handsome/ros_ws_test/install/robot_scheduling_server/share/robot_scheduling_server/plans/backup/gor1.pnml
-- Up-to-date: /home/handsome/ros_ws_test/install/robot_scheduling_server/share/robot_scheduling_server/plans/backup/expturn0.pnml
-- Up-to-date: /home/handsome/ros_ws_test/install/robot_scheduling_server/share/robot_scheduling_server/plans/backup/short1.pnml
-- Up-to-date: /home/handsome/ros_ws_test/install/robot_scheduling_server/share/robot_scheduling_server/plans/backup/example
-- Up-to-date: /home/handsome/ros_ws_test/install/robot_scheduling_server/share/robot_scheduling_server/plans/backup/example/interrupt.pnml
-- Up-to-date: /home/handsome/ros_ws_test/install/robot_scheduling_server/share/robot_scheduling_server/plans/backup/example/MultiRobot.png
-- Up-to-date: /home/handsome/ros_ws_test/install/robot_scheduling_server/share/robot_scheduling_server/plans/backup/example/ending_plan.pnml
-- Up-to-date: /home/handsome/ros_ws_test/install/robot_scheduling_server/share/robot_scheduling_server/plans/backup/example/sequence_loop.pnml
-- Up-to-date: /home/handsome/ros_ws_test/install/robot_scheduling_server/share/robot_scheduling_server/plans/backup/example/sensing.png
-- Up-to-date: /home/handsome/ros_ws_test/install/robot_scheduling_server/share/robot_scheduling_server/plans/backup/example/MultiRobot.pnml
-- Up-to-date: /home/handsome/ros_ws_test/install/robot_scheduling_server/share/robot_scheduling_server/plans/backup/example/fork_join.png
-- Up-to-date: /home/handsome/ros_ws_test/install/robot_scheduling_server/share/robot_scheduling_server/plans/backup/example/sensing.pnml
-- Up-to-date: /home/handsome/ros_ws_test/install/robot_scheduling_server/share/robot_scheduling_server/plans/backup/example/interrupt.png
-- Up-to-date: /home/handsome/ros_ws_test/install/robot_scheduling_server/share/robot_scheduling_server/plans/backup/example/fork_join.pnml
-- Up-to-date: /home/handsome/ros_ws_test/install/robot_scheduling_server/share/robot_scheduling_server/plans/backup/example/sequence_loop.png
-- Up-to-date: /home/handsome/ros_ws_test/install/robot_scheduling_server/share/robot_scheduling_server/plans/backup/loop1.pnml
-- Up-to-date: /home/handsome/ros_ws_test/install/robot_scheduling_server/share/robot_scheduling_server/plans/backup/posAZ.pnml
-- Up-to-date: /home/handsome/ros_ws_test/install/robot_scheduling_server/share/robot_scheduling_server/plans/backup/module_new
-- Up-to-date: /home/handsome/ros_ws_test/install/robot_scheduling_server/share/robot_scheduling_server/plans/backup/module_new/pnpActionDispatch02.pnml
-- Up-to-date: /home/handsome/ros_ws_test/install/robot_scheduling_server/share/robot_scheduling_server/plans/backup/module_new/pnpStatusDispatch01.pnml
-- Up-to-date: /home/handsome/ros_ws_test/install/robot_scheduling_server/share/robot_scheduling_server/plans/backup/module_new/pnpActionDispatch06.pnml
-- Up-to-date: /home/handsome/ros_ws_test/install/robot_scheduling_server/share/robot_scheduling_server/plans/backup/module_new/pnpStatusDispatch.pnml
-- Up-to-date: /home/handsome/ros_ws_test/install/robot_scheduling_server/share/robot_scheduling_server/plans/backup/module_new/pnpActionDispatch01.pnml
-- Up-to-date: /home/handsome/ros_ws_test/install/robot_scheduling_server/share/robot_scheduling_server/plans/backup/module_new/pnpStatusDispatch06 (copy).pnml
-- Up-to-date: /home/handsome/ros_ws_test/install/robot_scheduling_server/share/robot_scheduling_server/plans/backup/module_new/pnpStatusDispatch04.pnml
-- Up-to-date: /home/handsome/ros_ws_test/install/robot_scheduling_server/share/robot_scheduling_server/plans/backup/module_new/pnpActionUnknow.pnml
-- Up-to-date: /home/handsome/ros_ws_test/install/robot_scheduling_server/share/robot_scheduling_server/plans/backup/module_new/pnpActionMainDispatch.pnml
-- Up-to-date: /home/handsome/ros_ws_test/install/robot_scheduling_server/share/robot_scheduling_server/plans/backup/module_new/pnpActionDispatch05.pnml
-- Up-to-date: /home/handsome/ros_ws_test/install/robot_scheduling_server/share/robot_scheduling_server/plans/backup/module_new/pnpStatusDispatch03.pnml
-- Up-to-date: /home/handsome/ros_ws_test/install/robot_scheduling_server/share/robot_scheduling_server/plans/backup/module_new/pnpActionDispatch04.pnml
-- Up-to-date: /home/handsome/ros_ws_test/install/robot_scheduling_server/share/robot_scheduling_server/plans/backup/module_new/pnpStatusDispatch02.pnml
-- Up-to-date: /home/handsome/ros_ws_test/install/robot_scheduling_server/share/robot_scheduling_server/plans/backup/module_new/pnpStatusDispatch06.pnml
-- Up-to-date: /home/handsome/ros_ws_test/install/robot_scheduling_server/share/robot_scheduling_server/plans/backup/module_new/pnpStatusDispatch05.pnml
-- Up-to-date: /home/handsome/ros_ws_test/install/robot_scheduling_server/share/robot_scheduling_server/plans/backup/module_new/pnpActionDispatch03.pnml
-- Up-to-date: /home/handsome/ros_ws_test/install/robot_scheduling_server/share/robot_scheduling_server/plans/backup/stationb.pnml
-- Up-to-date: /home/handsome/ros_ws_test/install/robot_scheduling_server/share/robot_scheduling_server/plans/backup/loop.pnml
-- Up-to-date: /home/handsome/ros_ws_test/install/robot_scheduling_server/share/robot_scheduling_server/plans/backup/plug.pnml
-- Up-to-date: /home/handsome/ros_ws_test/install/robot_scheduling_server/share/robot_scheduling_server/plans/backup/dockloop.pnml
-- Up-to-date: /home/handsome/ros_ws_test/install/robot_scheduling_server/share/robot_scheduling_server/plans/backup/fakecharge.pnml
-- Up-to-date: /home/handsome/ros_ws_test/install/robot_scheduling_server/share/robot_scheduling_server/plans/backup/webpark.pnml
-- Up-to-date: /home/handsome/ros_ws_test/install/robot_scheduling_server/share/robot_scheduling_server/plans/backup/webpid.pnml
-- Up-to-date: /home/handsome/ros_ws_test/install/robot_scheduling_server/share/robot_scheduling_server/plans/pnpCarDatabase_Test.pnml
-- Up-to-date: /home/handsome/ros_ws_test/install/robot_scheduling_server/share/robot_scheduling_server/plans/main_back
-- Up-to-date: /home/handsome/ros_ws_test/install/robot_scheduling_server/share/robot_scheduling_server/plans/main_back/pnpModulePoseDock.pnml
-- Up-to-date: /home/handsome/ros_ws_test/install/robot_scheduling_server/share/robot_scheduling_server/plans/main_back/pnpOperateRemote.pnml
-- Up-to-date: /home/handsome/ros_ws_test/install/robot_scheduling_server/share/robot_scheduling_server/plans/main_back/pnpInit1SetParameter.pnml
-- Up-to-date: /home/handsome/ros_ws_test/install/robot_scheduling_server/share/robot_scheduling_server/plans/main_back/pnpModuleWorkSheet.png
-- Up-to-date: /home/handsome/ros_ws_test/install/robot_scheduling_server/share/robot_scheduling_server/plans/main_back/pnpModuleTurn.pnml
-- Up-to-date: /home/handsome/ros_ws_test/install/robot_scheduling_server/share/robot_scheduling_server/plans/main_back/pnpOperateManual.pnml
-- Up-to-date: /home/handsome/ros_ws_test/install/robot_scheduling_server/share/robot_scheduling_server/plans/main_back/pnpModuleTurnTest.pnml
-- Up-to-date: /home/handsome/ros_ws_test/install/robot_scheduling_server/share/robot_scheduling_server/plans/main_back/pnpModuleDoFunction.png
-- Up-to-date: /home/handsome/ros_ws_test/install/robot_scheduling_server/share/robot_scheduling_server/plans/main_back/pnpSystemMain.pnml
-- Up-to-date: /home/handsome/ros_ws_test/install/robot_scheduling_server/share/robot_scheduling_server/plans/main_back/pnpOperateAlarm.pnml
-- Up-to-date: /home/handsome/ros_ws_test/install/robot_scheduling_server/share/robot_scheduling_server/plans/main_back/pnpChangeSystemStatus0.pnml
-- Up-to-date: /home/handsome/ros_ws_test/install/robot_scheduling_server/share/robot_scheduling_server/plans/main_back/pnpInit1poseinit.pnml
-- Up-to-date: /home/handsome/ros_ws_test/install/robot_scheduling_server/share/robot_scheduling_server/plans/main_back/pnpChangeSystemStatus2.pnml
-- Up-to-date: /home/handsome/ros_ws_test/install/robot_scheduling_server/share/robot_scheduling_server/plans/main_back/pnpSystemMainTest.pnml
-- Up-to-date: /home/handsome/ros_ws_test/install/robot_scheduling_server/share/robot_scheduling_server/plans/main_back/pnpPlanToEnd.pnml
-- Up-to-date: /home/handsome/ros_ws_test/install/robot_scheduling_server/share/robot_scheduling_server/plans/main_back/pnpModuleDoFunction.pnml
-- Up-to-date: /home/handsome/ros_ws_test/install/robot_scheduling_server/share/robot_scheduling_server/plans/main_back/pnpChangeSystemStatus1.pnml
-- Up-to-date: /home/handsome/ros_ws_test/install/robot_scheduling_server/share/robot_scheduling_server/plans/main_back/pnpSystemMain.png
-- Up-to-date: /home/handsome/ros_ws_test/install/robot_scheduling_server/share/robot_scheduling_server/plans/main_back/pnpModuleMoveINT.pnml
-- Up-to-date: /home/handsome/ros_ws_test/install/robot_scheduling_server/share/robot_scheduling_server/plans/main_back/pnpPlanToExec.pnml
-- Up-to-date: /home/handsome/ros_ws_test/install/robot_scheduling_server/share/robot_scheduling_server/plans/main_back/pnpModuleBatteryCharge.pnml
-- Up-to-date: /home/handsome/ros_ws_test/install/robot_scheduling_server/share/robot_scheduling_server/plans/main_back/pnpModuleWorkSheet.pnml
-- Up-to-date: /home/handsome/ros_ws_test/install/robot_scheduling_server/share/robot_scheduling_server/plans/main_back/pnpOperatePause.pnml
-- Up-to-date: /home/handsome/ros_ws_test/install/robot_scheduling_server/share/robot_scheduling_server/plans/main_back/pnpOperateManual1.pnml
-- Up-to-date: /home/handsome/ros_ws_test/install/robot_scheduling_server/share/robot_scheduling_server/plans/main_back/pnpInit1StartUp.pnml
-- Up-to-date: /home/handsome/ros_ws_test/install/robot_scheduling_server/share/robot_scheduling_server/plans/main_back/pnpPowerCharge.pnml
-- Up-to-date: /home/handsome/ros_ws_test/install/robot_scheduling_server/share/robot_scheduling_server/plans/main_back/pnpStandbyAction.pnml
-- Up-to-date: /home/handsome/ros_ws_test/install/robot_scheduling_server/share/robot_scheduling_server/plans/main_back/pnpModuleTurn.png
-- Up-to-date: /home/handsome/ros_ws_test/install/robot_scheduling_server/share/robot_scheduling_server/plans/main_back/pnpOperateStandby.pnml
-- Up-to-date: /home/handsome/ros_ws_test/install/robot_scheduling_server/share/robot_scheduling_server/plans/main_back/pnpModulePoseUnDock.pnml
-- Up-to-date: /home/handsome/ros_ws_test/install/robot_scheduling_server/share/robot_scheduling_server/plans/main_back/pnpWorkSheetTurn.pnml
-- Up-to-date: /home/handsome/ros_ws_test/install/robot_scheduling_server/share/robot_scheduling_server/plans/main_back/pnpInit0PowerUp.pnml
-- Up-to-date: /home/handsome/ros_ws_test/install/robot_scheduling_server/share/robot_scheduling_server/plans/main_back/pnpModuleMove.pnml
-- Up-to-date: /home/handsome/ros_ws_test/install/robot_scheduling_server/include/robot_scheduling_server
-- Up-to-date: /home/handsome/ros_ws_test/install/robot_scheduling_server/include/robot_scheduling_server/robot_scheduling_pnp_params.h
-- Up-to-date: /home/handsome/ros_ws_test/install/robot_scheduling_server/include/robot_scheduling_server/public_actions
-- Up-to-date: /home/handsome/ros_ws_test/install/robot_scheduling_server/include/robot_scheduling_server/public_actions/worksheetrun_ac.h
-- Up-to-date: /home/handsome/ros_ws_test/install/robot_scheduling_server/include/robot_scheduling_server/public_actions/pose_turn_to_recovery_ac.h
-- Up-to-date: /home/handsome/ros_ws_test/install/robot_scheduling_server/include/robot_scheduling_server/public_actions/undock_to_ac.h
-- Up-to-date: /home/handsome/ros_ws_test/install/robot_scheduling_server/include/robot_scheduling_server/public_actions/pose_turn_to_ac.h
-- Up-to-date: /home/handsome/ros_ws_test/install/robot_scheduling_server/include/robot_scheduling_server/public_actions/pose_move_to_ac.h
-- Up-to-date: /home/handsome/ros_ws_test/install/robot_scheduling_server/include/robot_scheduling_server/public_actions/undock_to_recovery_ac.h
-- Up-to-date: /home/handsome/ros_ws_test/install/robot_scheduling_server/include/robot_scheduling_server/public_actions/pose_move_to_recovery_ac.h
-- Up-to-date: /home/handsome/ros_ws_test/install/robot_scheduling_server/include/robot_scheduling_server/public_actions/pose_move_to_recovery_ac (copy.txt
-- Up-to-date: /home/handsome/ros_ws_test/install/robot_scheduling_server/include/robot_scheduling_server/public_actions/pose_recognize_ac.h
-- Up-to-date: /home/handsome/ros_ws_test/install/robot_scheduling_server/include/robot_scheduling_server/public_actions/db_process_recovery_ac.h
-- Up-to-date: /home/handsome/ros_ws_test/install/robot_scheduling_server/include/robot_scheduling_server/public_actions/function_run_recovery_ac.h
-- Up-to-date: /home/handsome/ros_ws_test/install/robot_scheduling_server/include/robot_scheduling_server/public_actions/dock_to_ac.h
-- Up-to-date: /home/handsome/ros_ws_test/install/robot_scheduling_server/include/robot_scheduling_server/public_actions/dock_to_recovery_ac.h
-- Up-to-date: /home/handsome/ros_ws_test/install/robot_scheduling_server/include/robot_scheduling_server/public_actions/function_run_ac.h
-- Up-to-date: /home/handsome/ros_ws_test/install/robot_scheduling_server/include/robot_scheduling_server/public_actions/pose_recognize_recovery_ac.h
-- Up-to-date: /home/handsome/ros_ws_test/install/robot_scheduling_server/include/robot_scheduling_server/public_actions/db_process_ac.h
-- Up-to-date: /home/handsome/ros_ws_test/install/robot_scheduling_server/include/robot_scheduling_server/private_actions
-- Up-to-date: /home/handsome/ros_ws_test/install/robot_scheduling_server/include/robot_scheduling_server/private_actions/robot_run_state_ac.h
-- Up-to-date: /home/handsome/ros_ws_test/install/robot_scheduling_server/include/robot_scheduling_server/private_actions/robot_if_process_ac.h
-- Up-to-date: /home/handsome/ros_ws_test/install/robot_scheduling_server/include/robot_scheduling_server/private_actions/robot_time_wait_ac.h
-- Up-to-date: /home/handsome/ros_ws_test/install/robot_scheduling_server/include/robot_scheduling_server/private_actions/ctrl_state_recovery_ac.h
-- Up-to-date: /home/handsome/ros_ws_test/install/robot_scheduling_server/include/robot_scheduling_server/private_actions/power_charge_recovery_ac.h
-- Up-to-date: /home/handsome/ros_ws_test/install/robot_scheduling_server/include/robot_scheduling_server/private_actions/robot_if_proc_upper_ac.h
-- Up-to-date: /home/handsome/ros_ws_test/install/robot_scheduling_server/include/robot_scheduling_server/private_actions/robot_if_proc_lower_ac.h
-- Up-to-date: /home/handsome/ros_ws_test/install/robot_scheduling_server/include/robot_scheduling_server/private_actions/interrupt_info_ac.h
-- Up-to-date: /home/handsome/ros_ws_test/install/robot_scheduling_server/include/robot_scheduling_server/private_actions/power_charge_ac.h
-- Up-to-date: /home/handsome/ros_ws_test/install/robot_scheduling_server/include/robot_scheduling_server/private_actions/robot_if_params_ac.h
-- Up-to-date: /home/handsome/ros_ws_test/install/robot_scheduling_server/include/robot_scheduling_server/private_actions/robot_command_ac.h
-- Up-to-date: /home/handsome/ros_ws_test/install/robot_scheduling_server/include/robot_scheduling_server/robot_scheduling_pnp_server.h
-- Up-to-date: /home/handsome/ros_ws_test/install/robot_scheduling_server/include/robot_scheduling_server/robot_scheduling_server.h
