-- Using CATKIN_DEVEL_PREFIX: /home/handsome/ros_ws/src/ros_base/build/omron_os32c_driver/devel
-- Using CMAKE_PREFIX_PATH: /opt/ros/melodic
-- This workspace overlays: /opt/ros/melodic
-- Found PythonInterp: /usr/bin/python2 (found suitable version "2.7.15", minimum required is "2") 
-- Using PYTHON_EXECUTABLE: /usr/bin/python2
-- Using Debian Python package layout
-- Using empy: /usr/bin/empy
-- Using CATKIN_ENABLE_TESTING: ON
-- Call enable_testing()
-- Using CATKIN_TEST_RESULTS_DIR: /home/handsome/ros_ws/src/ros_base/build/omron_os32c_driver/test_results
-- Found gmock sources under '/usr/src/googletest': gmock will be built
-- Found PythonInterp: /usr/bin/python2 (found version "2.7.15") 
-- Found gtest sources under '/usr/src/googletest': gtests will be built
-- Using Python nosetests: /usr/bin/nosetests-2.7
-- catkin 0.7.17
-- BUILD_SHARED_LIBS is on
-- Boost version: 1.65.1
-- Found the following Boost libraries:
--   system
-- Configuring done
-- Generating done
-- Build files have been written to: /home/handsome/ros_ws/src/ros_base/build/omron_os32c_driver
[ 16%] [32mBuilding CXX object CMakeFiles/scanner_node.dir/src/scanner_node.cpp.o[0m
[ 33%] [32mBuilding CXX object CMakeFiles/omron_os32c.dir/src/os32c.cpp.o[0m
[ 50%] [32m[1mLinking CXX executable devel/lib/omron_os32c_driver/scanner_node[0m
[ 50%] Built target scanner_node
[ 66%] [32m[1mLinking CXX shared library devel/lib/libomron_os32c.so[0m
[ 66%] Built target omron_os32c
[ 83%] [32mBuilding CXX object CMakeFiles/omron_os32c_node.dir/src/os32c_node.cpp.o[0m
[100%] [32m[1mLinking CXX executable devel/lib/omron_os32c_driver/omron_os32c_node[0m
[100%] Built target omron_os32c_node
[  9%] [32mBuilding CXX object gtest/googlemock/gtest/CMakeFiles/gtest.dir/src/gtest-all.cc.o[0m
[ 27%] Built target omron_os32c
[ 36%] [32m[1mLinking CXX shared library libgtest.so[0m
[ 36%] Built target gtest
[ 54%] [32mBuilding CXX object CMakeFiles/omron_os32c_driver-test.dir/test/measurement_report_header_test.cpp.o[0m
[ 54%] [32mBuilding CXX object CMakeFiles/omron_os32c_driver-test.dir/test/measurement_report_config_test.cpp.o[0m
[ 63%] [32mBuilding CXX object CMakeFiles/omron_os32c_driver-test.dir/test/test_main.cpp.o[0m
[ 72%] [32mBuilding CXX object CMakeFiles/omron_os32c_driver-test.dir/test/range_and_reflectance_measurement_test.cpp.o[0m
[ 81%] [32mBuilding CXX object CMakeFiles/omron_os32c_driver-test.dir/test/measurement_report_test.cpp.o[0m
[ 90%] [32mBuilding CXX object CMakeFiles/omron_os32c_driver-test.dir/test/os32c_test.cpp.o[0m
CMakeFiles/omron_os32c_driver-test.dir/build.make:158: recipe for target 'CMakeFiles/omron_os32c_driver-test.dir/test/os32c_test.cpp.o' failed
CMakeFiles/Makefile2:68: recipe for target 'CMakeFiles/omron_os32c_driver-test.dir/all' failed
CMakeFiles/Makefile2:274: recipe for target 'CMakeFiles/tests.dir/rule' failed
Makefile:253: recipe for target 'tests' failed
