[0.102s] Invoking command in '/home/handsome/ros_ws_test/build/omron_os32c_driver': /usr/bin/cmake --build /home/handsome/ros_ws_test/build/omron_os32c_driver -- -j12 -l12
[0.408s] [ 33%] Built target scanner_node
[0.415s] [ 66%] Built target omron_os32c
[0.485s] [100%] Built target omron_os32c_node
[0.548s] Invoked command in '/home/handsome/ros_ws_test/build/omron_os32c_driver' returned '0': /usr/bin/cmake --build /home/handsome/ros_ws_test/build/omron_os32c_driver -- -j12 -l12
[1.761s] Invoking command in '/home/handsome/ros_ws_test/build/omron_os32c_driver': /usr/bin/cmake --build /home/handsome/ros_ws_test/build/omron_os32c_driver --target tests -- -j12 -l12
[2.100s] [ 18%] Built target gtest
[2.233s] [ 36%] Built target omron_os32c
[2.401s] [100%] Built target omron_os32c_driver-test
[2.509s] [100%] Built target tests
[2.681s] Invoked command in '/home/handsome/ros_ws_test/build/omron_os32c_driver' returned '0': /usr/bin/cmake --build /home/handsome/ros_ws_test/build/omron_os32c_driver --target tests -- -j12 -l12
[4.084s] Invoking command in '/home/handsome/ros_ws_test/build/omron_os32c_driver': /usr/bin/cmake --build /home/handsome/ros_ws_test/build/omron_os32c_driver --target install -- -j12 -l12
[4.637s] [ 33%] Built target omron_os32c
[4.673s] [ 66%] Built target scanner_node
[4.943s] [100%] Built target omron_os32c_node
[5.147s] [36mInstall the project...[0m
[5.269s] -- Install configuration: ""
[5.269s] -- Up-to-date: /home/handsome/ros_ws_test/install/omron_os32c_driver/lib/pkgconfig/omron_os32c_driver.pc
[5.270s] -- Up-to-date: /home/handsome/ros_ws_test/install/omron_os32c_driver/share/omron_os32c_driver/cmake/omron_os32c_driverConfig.cmake
[5.270s] -- Up-to-date: /home/handsome/ros_ws_test/install/omron_os32c_driver/share/omron_os32c_driver/cmake/omron_os32c_driverConfig-version.cmake
[5.271s] -- Up-to-date: /home/handsome/ros_ws_test/install/omron_os32c_driver/share/omron_os32c_driver/package.xml
[5.271s] -- Up-to-date: /home/handsome/ros_ws_test/install/omron_os32c_driver/lib/libomron_os32c.so
[5.272s] -- Up-to-date: /home/handsome/ros_ws_test/install/omron_os32c_driver/lib/omron_os32c_driver/omron_os32c_node
[5.277s] -- Up-to-date: /home/handsome/ros_ws_test/install/omron_os32c_driver/lib/omron_os32c_driver/scanner_node
[5.278s] -- Up-to-date: /home/handsome/ros_ws_test/install/omron_os32c_driver/include/omron_os32c_driver
[5.279s] -- Up-to-date: /home/handsome/ros_ws_test/install/omron_os32c_driver/include/omron_os32c_driver/measurement_report_header.h
[5.279s] -- Up-to-date: /home/handsome/ros_ws_test/install/omron_os32c_driver/include/omron_os32c_driver/measurement_report.h
[5.279s] -- Up-to-date: /home/handsome/ros_ws_test/install/omron_os32c_driver/include/omron_os32c_driver/measurement_report_config.h
[5.280s] -- Up-to-date: /home/handsome/ros_ws_test/install/omron_os32c_driver/include/omron_os32c_driver/range_and_reflectance_measurement.h
[5.280s] -- Up-to-date: /home/handsome/ros_ws_test/install/omron_os32c_driver/include/omron_os32c_driver/os32c.h
[5.280s] -- Up-to-date: /home/handsome/ros_ws_test/install/omron_os32c_driver/share/omron_os32c_driver/launch
[5.280s] -- Up-to-date: /home/handsome/ros_ws_test/install/omron_os32c_driver/share/omron_os32c_driver/launch/os32c.launch
[5.294s] Invoked command in '/home/handsome/ros_ws_test/build/omron_os32c_driver' returned '0': /usr/bin/cmake --build /home/handsome/ros_ws_test/build/omron_os32c_driver --target install -- -j12 -l12
