[0.086s] Invoking command in '/home/handsome/ros_ws_test/build/locomotor_msgs': CMAKE_PREFIX_PATH=/home/handsome/ros_ws_test/install/nav_2d_msgs:${CMAKE_PREFIX_PATH} PKG_CONFIG_PATH=/home/handsome/ros_ws_test/install/nav_2d_msgs/lib/x86_64-linux-gnu/pkgconfig:/home/handsome/ros_ws_test/install/nav_2d_msgs/lib/pkgconfig:${PKG_CONFIG_PATH} PYTHONPATH=/home/handsome/ros_ws_test/install/nav_2d_msgs/lib/python2.7/dist-packages:${PYTHONPATH} ROS_PACKAGE_PATH=/home/handsome/ros_ws_test/install/nav_2d_msgs/share:${ROS_PACKAGE_PATH} /usr/bin/cmake /home/handsome/ros_ws_test/src/ros_base/robot_navigation/locomotor_msgs -DCATKIN_INSTALL_INTO_PREFIX_ROOT=0 -DCMAKE_INSTALL_PREFIX=/home/handsome/ros_ws_test/install/locomotor_msgs
[0.230s] -- The C compiler identification is GNU 7.5.0
[0.362s] -- The CXX compiler identification is GNU 7.5.0
[0.374s] -- Check for working C compiler: /usr/bin/cc
[0.538s] -- Check for working C compiler: /usr/bin/cc -- works
[0.540s] -- Detecting C compiler ABI info
[0.706s] -- Detecting C compiler ABI info - done
[0.722s] -- Detecting C compile features
[1.218s] -- Detecting C compile features - done
[1.223s] -- Check for working CXX compiler: /usr/bin/c++
[1.408s] -- Check for working CXX compiler: /usr/bin/c++ -- works
[1.409s] -- Detecting CXX compiler ABI info
[1.597s] -- Detecting CXX compiler ABI info - done
[1.614s] -- Detecting CXX compile features
[2.393s] -- Detecting CXX compile features - done
[2.412s] -- Using CATKIN_DEVEL_PREFIX: /home/handsome/ros_ws_test/build/locomotor_msgs/devel
[2.412s] -- Using CMAKE_PREFIX_PATH: /home/handsome/ros_ws_test/install/nav_2d_msgs;/home/handsome/ros_ws/install/yocs_cmd_vel_mux;/home/handsome/ros_ws/install/urdf_tutorial;/home/handsome/ros_ws/install/tuw_waypoint_to_spline_msgs;/home/handsome/ros_ws/install/tuw_multi_robot_router;/home/handsome/ros_ws/install/tuw_voronoi_graph;/home/handsome/ros_ws/install/tuw_vehicle_msgs;/home/handsome/ros_ws/install/tuw_order_planner;/home/handsome/ros_ws/install/tuw_object_rviz;/home/handsome/ros_ws/install/tuw_object_msgs;/home/handsome/ros_ws/install/tuw_nav_rviz;/home/handsome/ros_ws/install/tuw_multi_robot_local_behavior_controller;/home/handsome/ros_ws/install/tuw_multi_robot_ctrl;/home/handsome/ros_ws/install/tuw_nav_msgs;/home/handsome/ros_ws/install/tuw_multi_robot_rviz;/home/handsome/ros_ws/install/tuw_multi_robot_goal_generator;/home/handsome/ros_ws/install/robot_scheduling_utility;/home/handsome/ros_ws/install/robot_scheduling_actions;/home/handsome/ros_ws/install/actionlib_modules_bridge;/home/handsome/ros_ws/install/tuw_multi_robot_msgs;/home/handsome/ros_ws/install/tuw_multi_robot_demo;/home/handsome/ros_ws/install/tuw_local_controller_msgs;/home/handsome/ros_ws/install/tuw_geometry_rviz;/home/handsome/ros_ws/install/tuw_geometry_msgs;/home/handsome/ros_ws/install/tuw_geometry;/home/handsome/ros_ws/install/tuw_gazebo_msgs;/home/handsome/ros_ws/install/tuw_control;/home/handsome/ros_ws/install/tuw_airskin_msgs;/home/handsome/ros_ws/install/turtlebot_teleop;/home/handsome/ros_ws/install/tug_example_pnp_server;/home/handsome/ros_ws/install/tug_example_actions;/home/handsome/ros_ws/install/tug_example_msgs;/home/handsome/ros_ws/install/timed_roslaunch;/home/handsome/ros_ws/install/teb2_local_planner;/home/handsome/ros_ws/install/stated_roslaunch;/home/handsome/ros_ws/install/spatio_temporal_voxel_layer;/home/handsome/ros_ws/install/robot_udp_bridge;/home/handsome/ros_ws/install/robot_database_bridge;/home/handsome/ros_ws/install/samsungcmd_msgs;/home/handsome/ros_ws/install/rplidar_ros;/home/handsome/ros_ws/install/rp_action;/home/handsome/ros_ws/install/rp_action_msgs;/home/handsome/ros_ws/install/rosserial_xbee;/home/handsome/ros_ws/install/rosserial_windows;/home/handsome/ros_ws/install/rosserial_tivac;/home/handsome/ros_ws/install/rosserial_test;/home/handsome/ros_ws/install/rosserial_server;/home/handsome/ros_ws/install/rosserial_python;/home/handsome/ros_ws/install/rosserial_mbed;/home/handsome/ros_ws/install/rosserial_embeddedlinux;/home/handsome/ros_ws/install/rosserial_arduino;/home/handsome/ros_ws/install/rosserial_client;/home/handsome/ros_ws/install/rosserial_msgs;/home/handsome/ros_ws/install/cellctrl_qtgui_bridge;/home/handsome/ros_ws/install/car_db_manager_qtgui;/home/handsome/ros_ws/install/car_db_manager_bridge;/home/handsome/ros_ws/install/car_db_manager_action;/home/handsome/ros_ws/install/ros_utility_tools;/home/handsome/ros_ws/install/ros_package_test;/home/handsome/ros_ws/install/ros_package_manager;/home/handsome/ros_ws/install/robot_scheduling_server;/home/handsome/ros_ws/install/robot_scheduling_msgs;/home/handsome/ros_ws/install/robot_localization;/home/handsome/ros_ws/install/robot_control_msgs;/home/handsome/ros_ws/install/reset_location;/home/handsome/ros_ws/install/razor_imu_9dof;/home/handsome/ros_ws/install/pnp_rosplan;/home/handsome/ros_ws/install/actionlib_pnp_controller;/home/handsome/ros_ws/install/actionlib_modules_controller;/home/handsome/ros_ws/install/pnp_ros;/home/handsome/ros_ws/install/pnp_msgs;/home/handsome/ros_ws/install/open_auto_dock;/home/handsome/ros_ws/install/open_auto_dock_msgs;/home/handsome/ros_ws/install/omron_os32c_driver;/home/handsome/ros_ws/install/dlux_plugins;/home/handsome/ros_ws/install/dlux_global_planner;/home/handsome/ros_ws/install/nav_grid_pub_sub;/home/handsome/ros_ws/install/dwb_critics;/home/handsome/ros_ws/install/nav_grid_iterators;/home/handsome/ros_ws/install/locomove_base;/home/handsome/ros_ws/install/locomotor;/home/handsome/ros_ws/install/nav_core_adapter;/home/handsome/ros_ws/install/dwb_plugins;/home/handsome/ros_ws/install/dwb_local_planner;/home/handsome/ros_ws/install/nav_2d_utils;/home/handsome/ros_ws/install/global_planner_tests;/home/handsome/ros_ws/install/costmap_queue;/home/handsome/ros_ws/install/nav_core2;/home/handsome/ros_ws/install/nav_grid;/home/handsome/ros_ws/install/car_schedule_msgs;/home/handsome/ros_ws/install/actionlib_modules_msgs;/home/handsome/ros_ws/install/locomotor_msgs;/home/handsome/ros_ws/install/dwb_msgs;/home/handsome/ros_ws/install/nav_2d_msgs;/home/handsome/ros_ws/install/mongodb_log;/home/handsome/ros_ws/install/mongodb_store;/home/handsome/ros_ws/install/mongodb_store_msgs;/home/handsome/ros_ws/install/ca_driver;/home/handsome/ros_ws/install/libcreate;/home/handsome/ros_ws/install/i_robot_stage;/home/handsome/ros_ws/install/i_robot_navigation;/home/handsome/ros_ws/install/hyc_order_planner;/home/handsome/ros_ws/install/hyc_multi_robot_msgs;/home/handsome/ros_ws/install/fetch_open_auto_dock;/home/handsome/ros_ws/install/fetch_auto_dock_msgs;/home/handsome/ros_ws/install/change_teb2_max_vel_x_onfly;/home/handsome/ros_ws/install/cellctrl_control_msgs;/home/handsome/ros_ws/install/car_db_manager_msgs;/home/handsome/ros_ws/install/ca_msgs;/home/handsome/ros_ws/install/ca_description;/home/handsome/ros_ws/install/botcmd_msgs;/opt/ros/melodic
[2.421s] -- This workspace overlays: /home/handsome/ros_ws_test/install/nav_2d_msgs;/home/handsome/ros_ws/install/yocs_cmd_vel_mux;/home/handsome/ros_ws/install/urdf_tutorial;/home/handsome/ros_ws/install/tuw_waypoint_to_spline_msgs;/home/handsome/ros_ws/install/tuw_multi_robot_router;/home/handsome/ros_ws/install/tuw_voronoi_graph;/home/handsome/ros_ws/install/tuw_vehicle_msgs;/home/handsome/ros_ws/install/tuw_order_planner;/home/handsome/ros_ws/install/tuw_object_rviz;/home/handsome/ros_ws/install/tuw_object_msgs;/home/handsome/ros_ws/install/tuw_nav_rviz;/home/handsome/ros_ws/install/tuw_multi_robot_local_behavior_controller;/home/handsome/ros_ws/install/tuw_multi_robot_ctrl;/home/handsome/ros_ws/install/tuw_nav_msgs;/home/handsome/ros_ws/install/tuw_multi_robot_rviz;/home/handsome/ros_ws/install/tuw_multi_robot_goal_generator;/home/handsome/ros_ws/install/robot_scheduling_utility;/home/handsome/ros_ws/install/robot_scheduling_actions;/home/handsome/ros_ws/install/actionlib_modules_bridge;/home/handsome/ros_ws/install/tuw_multi_robot_msgs;/home/handsome/ros_ws/install/tuw_multi_robot_demo;/home/handsome/ros_ws/install/tuw_local_controller_msgs;/home/handsome/ros_ws/install/tuw_geometry_rviz;/home/handsome/ros_ws/install/tuw_geometry_msgs;/home/handsome/ros_ws/install/tuw_geometry;/home/handsome/ros_ws/install/tuw_gazebo_msgs;/home/handsome/ros_ws/install/tuw_control;/home/handsome/ros_ws/install/tuw_airskin_msgs;/home/handsome/ros_ws/install/turtlebot_teleop;/home/handsome/ros_ws/install/tug_example_pnp_server;/home/handsome/ros_ws/install/tug_example_actions;/home/handsome/ros_ws/install/tug_example_msgs;/home/handsome/ros_ws/install/timed_roslaunch;/home/handsome/ros_ws/install/teb2_local_planner;/home/handsome/ros_ws/install/stated_roslaunch;/home/handsome/ros_ws/install/spatio_temporal_voxel_layer;/home/handsome/ros_ws/install/robot_udp_bridge;/home/handsome/ros_ws/install/robot_database_bridge;/home/handsome/ros_ws/install/samsungcmd_msgs;/home/handsome/ros_ws/install/rplidar_ros;/home/handsome/ros_ws/install/rp_action;/home/handsome/ros_ws/install/rp_action_msgs;/home/handsome/ros_ws/install/rosserial_xbee;/home/handsome/ros_ws/install/rosserial_windows;/home/handsome/ros_ws/install/rosserial_tivac;/home/handsome/ros_ws/install/rosserial_test;/home/handsome/ros_ws/install/rosserial_server;/home/handsome/ros_ws/install/rosserial_python;/home/handsome/ros_ws/install/rosserial_mbed;/home/handsome/ros_ws/install/rosserial_embeddedlinux;/home/handsome/ros_ws/install/rosserial_arduino;/home/handsome/ros_ws/install/rosserial_client;/home/handsome/ros_ws/install/rosserial_msgs;/home/handsome/ros_ws/install/cellctrl_qtgui_bridge;/home/handsome/ros_ws/install/car_db_manager_qtgui;/home/handsome/ros_ws/install/car_db_manager_bridge;/home/handsome/ros_ws/install/car_db_manager_action;/home/handsome/ros_ws/install/ros_utility_tools;/home/handsome/ros_ws/install/ros_package_test;/home/handsome/ros_ws/install/ros_package_manager;/home/handsome/ros_ws/install/robot_scheduling_server;/home/handsome/ros_ws/install/robot_scheduling_msgs;/home/handsome/ros_ws/install/robot_localization;/home/handsome/ros_ws/install/robot_control_msgs;/home/handsome/ros_ws/install/reset_location;/home/handsome/ros_ws/install/razor_imu_9dof;/home/handsome/ros_ws/install/pnp_rosplan;/home/handsome/ros_ws/install/actionlib_pnp_controller;/home/handsome/ros_ws/install/actionlib_modules_controller;/home/handsome/ros_ws/install/pnp_ros;/home/handsome/ros_ws/install/pnp_msgs;/home/handsome/ros_ws/install/open_auto_dock;/home/handsome/ros_ws/install/open_auto_dock_msgs;/home/handsome/ros_ws/install/omron_os32c_driver;/home/handsome/ros_ws/install/dlux_plugins;/home/handsome/ros_ws/install/dlux_global_planner;/home/handsome/ros_ws/install/nav_grid_pub_sub;/home/handsome/ros_ws/install/dwb_critics;/home/handsome/ros_ws/install/nav_grid_iterators;/home/handsome/ros_ws/install/locomove_base;/home/handsome/ros_ws/install/locomotor;/home/handsome/ros_ws/install/nav_core_adapter;/home/handsome/ros_ws/install/dwb_plugins;/home/handsome/ros_ws/install/dwb_local_planner;/home/handsome/ros_ws/install/nav_2d_utils;/home/handsome/ros_ws/install/global_planner_tests;/home/handsome/ros_ws/install/costmap_queue;/home/handsome/ros_ws/install/nav_core2;/home/handsome/ros_ws/install/nav_grid;/home/handsome/ros_ws/install/car_schedule_msgs;/home/handsome/ros_ws/install/actionlib_modules_msgs;/home/handsome/ros_ws/install/locomotor_msgs;/home/handsome/ros_ws/install/dwb_msgs;/home/handsome/ros_ws/install/nav_2d_msgs;/home/handsome/ros_ws/install/mongodb_log;/home/handsome/ros_ws/install/mongodb_store;/home/handsome/ros_ws/install/mongodb_store_msgs;/home/handsome/ros_ws/install/ca_driver;/home/handsome/ros_ws/install/i_robot_stage;/home/handsome/ros_ws/install/i_robot_navigation;/home/handsome/ros_ws/install/hyc_order_planner;/home/handsome/ros_ws/install/hyc_multi_robot_msgs;/home/handsome/ros_ws/install/fetch_open_auto_dock;/home/handsome/ros_ws/install/fetch_auto_dock_msgs;/home/handsome/ros_ws/install/change_teb2_max_vel_x_onfly;/home/handsome/ros_ws/install/cellctrl_control_msgs;/home/handsome/ros_ws/install/car_db_manager_msgs;/home/handsome/ros_ws/install/ca_msgs;/home/handsome/ros_ws/install/ca_description;/home/handsome/ros_ws/install/botcmd_msgs;/opt/ros/melodic
[2.473s] -- Found PythonInterp: /usr/bin/python2 (found suitable version "2.7.17", minimum required is "2") 
[2.473s] -- Using PYTHON_EXECUTABLE: /usr/bin/python2
[2.477s] -- Using Debian Python package layout
[2.477s] -- Using empy: /usr/bin/empy
[2.782s] -- Using CATKIN_ENABLE_TESTING: ON
[2.782s] -- Call enable_testing()
[2.786s] -- Using CATKIN_TEST_RESULTS_DIR: /home/handsome/ros_ws_test/build/locomotor_msgs/test_results
[2.858s] -- Found gtest sources under '/usr/src/googletest': gtests will be built
[2.858s] -- Found gmock sources under '/usr/src/googletest': gmock will be built
[2.903s] -- Found PythonInterp: /usr/bin/python2 (found version "2.7.17") 
[2.905s] -- Looking for pthread.h
[3.073s] -- Looking for pthread.h - found
[3.074s] -- Looking for pthread_create
[3.247s] -- Looking for pthread_create - not found
[3.248s] -- Looking for pthread_create in pthreads
[3.397s] -- Looking for pthread_create in pthreads - not found
[3.398s] -- Looking for pthread_create in pthread
[3.559s] -- Looking for pthread_create in pthread - found
[3.561s] -- Found Threads: TRUE  
[3.575s] -- Using Python nosetests: /usr/bin/nosetests-2.7
[3.697s] -- catkin 0.7.28
[3.698s] -- BUILD_SHARED_LIBS is on
[4.306s] -- Using these message generators: gencpp;geneus;genlisp;gennodejs;genpy
[4.536s] -- Generating .msg files for action locomotor_msgs/NavigateToPose /home/handsome/ros_ws_test/src/ros_base/robot_navigation/locomotor_msgs/action/NavigateToPose.action
[4.607s] Generating for action NavigateToPose
[4.973s] -- locomotor_msgs: 9 messages, 0 services
[5.355s] -- Configuring done
[5.418s] -- Generating done
[5.431s] -- Build files have been written to: /home/handsome/ros_ws_test/build/locomotor_msgs
[5.440s] Invoked command in '/home/handsome/ros_ws_test/build/locomotor_msgs' returned '0': CMAKE_PREFIX_PATH=/home/handsome/ros_ws_test/install/nav_2d_msgs:${CMAKE_PREFIX_PATH} PKG_CONFIG_PATH=/home/handsome/ros_ws_test/install/nav_2d_msgs/lib/x86_64-linux-gnu/pkgconfig:/home/handsome/ros_ws_test/install/nav_2d_msgs/lib/pkgconfig:${PKG_CONFIG_PATH} PYTHONPATH=/home/handsome/ros_ws_test/install/nav_2d_msgs/lib/python2.7/dist-packages:${PYTHONPATH} ROS_PACKAGE_PATH=/home/handsome/ros_ws_test/install/nav_2d_msgs/share:${ROS_PACKAGE_PATH} /usr/bin/cmake /home/handsome/ros_ws_test/src/ros_base/robot_navigation/locomotor_msgs -DCATKIN_INSTALL_INTO_PREFIX_ROOT=0 -DCMAKE_INSTALL_PREFIX=/home/handsome/ros_ws_test/install/locomotor_msgs
[5.445s] Invoking command in '/home/handsome/ros_ws_test/build/locomotor_msgs': CMAKE_PREFIX_PATH=/home/handsome/ros_ws_test/install/nav_2d_msgs:${CMAKE_PREFIX_PATH} PKG_CONFIG_PATH=/home/handsome/ros_ws_test/install/nav_2d_msgs/lib/x86_64-linux-gnu/pkgconfig:/home/handsome/ros_ws_test/install/nav_2d_msgs/lib/pkgconfig:${PKG_CONFIG_PATH} PYTHONPATH=/home/handsome/ros_ws_test/install/nav_2d_msgs/lib/python2.7/dist-packages:${PYTHONPATH} ROS_PACKAGE_PATH=/home/handsome/ros_ws_test/install/nav_2d_msgs/share:${ROS_PACKAGE_PATH} /usr/bin/cmake --build /home/handsome/ros_ws_test/build/locomotor_msgs -- -j12 -l12
[5.559s] [35m[1mScanning dependencies of target _locomotor_msgs_generate_messages_check_deps_NavigationState[0m
[5.683s] [  0%] Built target _locomotor_msgs_generate_messages_check_deps_NavigationState
[5.719s] [35m[1mScanning dependencies of target actionlib_msgs_generate_messages_py[0m
[5.746s] [  0%] Built target actionlib_msgs_generate_messages_py
[5.773s] [35m[1mScanning dependencies of target nav_2d_msgs_generate_messages_py[0m
[5.815s] [  0%] Built target nav_2d_msgs_generate_messages_py
[5.843s] [35m[1mScanning dependencies of target actionlib_msgs_generate_messages_lisp[0m
[5.877s] [  0%] Built target actionlib_msgs_generate_messages_lisp
[5.906s] [35m[1mScanning dependencies of target nav_2d_msgs_generate_messages_lisp[0m
[5.934s] [  0%] Built target nav_2d_msgs_generate_messages_lisp
[5.961s] [35m[1mScanning dependencies of target nav_2d_msgs_generate_messages_eus[0m
[5.989s] [  0%] Built target nav_2d_msgs_generate_messages_eus
[6.017s] [35m[1mScanning dependencies of target actionlib_msgs_generate_messages_eus[0m
[6.045s] [  0%] Built target actionlib_msgs_generate_messages_eus
[6.075s] [35m[1mScanning dependencies of target actionlib_msgs_generate_messages_nodejs[0m
[6.105s] [  0%] Built target actionlib_msgs_generate_messages_nodejs
[6.135s] [35m[1mScanning dependencies of target nav_2d_msgs_generate_messages_nodejs[0m
[6.164s] [  0%] Built target nav_2d_msgs_generate_messages_nodejs
[6.191s] [35m[1mScanning dependencies of target _locomotor_msgs_generate_messages_check_deps_NavigateToPoseActionResult[0m
[6.311s] [  0%] Built target _locomotor_msgs_generate_messages_check_deps_NavigateToPoseActionResult
[6.348s] [35m[1mScanning dependencies of target _locomotor_msgs_generate_messages_check_deps_NavigateToPoseActionGoal[0m
[6.461s] [  0%] Built target _locomotor_msgs_generate_messages_check_deps_NavigateToPoseActionGoal
[6.490s] [35m[1mScanning dependencies of target _locomotor_msgs_generate_messages_check_deps_NavigateToPoseGoal[0m
[6.615s] [  0%] Built target _locomotor_msgs_generate_messages_check_deps_NavigateToPoseGoal
[6.645s] [35m[1mScanning dependencies of target _locomotor_msgs_generate_messages_check_deps_NavigateToPoseResult[0m
[6.758s] [  0%] Built target _locomotor_msgs_generate_messages_check_deps_NavigateToPoseResult
[6.786s] [35m[1mScanning dependencies of target _locomotor_msgs_generate_messages_check_deps_NavigateToPoseFeedback[0m
[6.903s] [  0%] Built target _locomotor_msgs_generate_messages_check_deps_NavigateToPoseFeedback
[6.930s] [35m[1mScanning dependencies of target actionlib_msgs_generate_messages_cpp[0m
[6.959s] [  0%] Built target actionlib_msgs_generate_messages_cpp
[6.987s] [35m[1mScanning dependencies of target _locomotor_msgs_generate_messages_check_deps_NavigateToPoseActionFeedback[0m
[7.098s] [  0%] Built target _locomotor_msgs_generate_messages_check_deps_NavigateToPoseActionFeedback
[7.130s] [35m[1mScanning dependencies of target _locomotor_msgs_generate_messages_check_deps_ResultCode[0m
[7.243s] [  0%] Built target _locomotor_msgs_generate_messages_check_deps_ResultCode
[7.276s] [35m[1mScanning dependencies of target nav_2d_msgs_generate_messages_cpp[0m
[7.308s] [  0%] Built target nav_2d_msgs_generate_messages_cpp
[7.340s] [35m[1mScanning dependencies of target _locomotor_msgs_generate_messages_check_deps_NavigateToPoseAction[0m
[7.464s] [  0%] Built target _locomotor_msgs_generate_messages_check_deps_NavigateToPoseAction
[7.495s] [35m[1mScanning dependencies of target locomotor_msgs_generate_messages_cpp[0m
[7.525s] [  2%] [34m[1mGenerating C++ code from locomotor_msgs/NavigateToPoseResult.msg[0m
[7.828s] [  4%] [34m[1mGenerating C++ code from locomotor_msgs/NavigateToPoseActionGoal.msg[0m
[8.034s] [  6%] [34m[1mGenerating C++ code from locomotor_msgs/NavigationState.msg[0m
[8.418s] [  8%] [34m[1mGenerating C++ code from locomotor_msgs/NavigateToPoseAction.msg[0m
[8.742s] [ 10%] [34m[1mGenerating C++ code from locomotor_msgs/NavigateToPoseGoal.msg[0m
[9.091s] [ 12%] [34m[1mGenerating C++ code from locomotor_msgs/NavigateToPoseFeedback.msg[0m
[9.472s] [ 14%] [34m[1mGenerating C++ code from locomotor_msgs/NavigateToPoseActionResult.msg[0m
[9.791s] [ 17%] [34m[1mGenerating C++ code from locomotor_msgs/NavigateToPoseActionFeedback.msg[0m
[10.111s] [ 19%] [34m[1mGenerating C++ code from locomotor_msgs/ResultCode.msg[0m
[10.401s] [ 19%] Built target locomotor_msgs_generate_messages_cpp
[10.419s] [35m[1mScanning dependencies of target locomotor_msgs_generate_messages_nodejs[0m
[10.438s] [ 21%] [34m[1mGenerating Javascript code from locomotor_msgs/NavigateToPoseResult.msg[0m
[10.556s] [ 23%] [34m[1mGenerating Javascript code from locomotor_msgs/NavigationState.msg[0m
[10.645s] [ 25%] [34m[1mGenerating Javascript code from locomotor_msgs/NavigateToPoseActionGoal.msg[0m
[10.751s] [ 27%] [34m[1mGenerating Javascript code from locomotor_msgs/NavigateToPoseAction.msg[0m
[10.863s] [ 29%] [34m[1mGenerating Javascript code from locomotor_msgs/NavigateToPoseGoal.msg[0m
[10.983s] [ 31%] [34m[1mGenerating Javascript code from locomotor_msgs/NavigateToPoseFeedback.msg[0m
[11.083s] [ 34%] [34m[1mGenerating Javascript code from locomotor_msgs/NavigateToPoseActionResult.msg[0m
[11.166s] [ 36%] [34m[1mGenerating Javascript code from locomotor_msgs/NavigateToPoseActionFeedback.msg[0m
[11.288s] [ 38%] [34m[1mGenerating Javascript code from locomotor_msgs/ResultCode.msg[0m
[11.408s] [ 38%] Built target locomotor_msgs_generate_messages_nodejs
[11.434s] [35m[1mScanning dependencies of target locomotor_msgs_generate_messages_eus[0m
[11.462s] [ 40%] [34m[1mGenerating EusLisp code from locomotor_msgs/NavigateToPoseResult.msg[0m
[11.623s] [ 42%] [34m[1mGenerating EusLisp manifest code for locomotor_msgs[0m
[13.216s] [ 44%] [34m[1mGenerating EusLisp code from locomotor_msgs/NavigationState.msg[0m
[13.382s] [ 46%] [34m[1mGenerating EusLisp code from locomotor_msgs/NavigateToPoseActionGoal.msg[0m
[13.534s] [ 48%] [34m[1mGenerating EusLisp code from locomotor_msgs/NavigateToPoseAction.msg[0m
[13.673s] [ 51%] [34m[1mGenerating EusLisp code from locomotor_msgs/NavigateToPoseGoal.msg[0m
[13.833s] [ 53%] [34m[1mGenerating EusLisp code from locomotor_msgs/NavigateToPoseFeedback.msg[0m
[13.987s] [ 55%] [34m[1mGenerating EusLisp code from locomotor_msgs/NavigateToPoseActionResult.msg[0m
[14.116s] [ 57%] [34m[1mGenerating EusLisp code from locomotor_msgs/NavigateToPoseActionFeedback.msg[0m
[14.252s] [ 59%] [34m[1mGenerating EusLisp code from locomotor_msgs/ResultCode.msg[0m
[14.376s] [ 59%] Built target locomotor_msgs_generate_messages_eus
[14.401s] [35m[1mScanning dependencies of target locomotor_msgs_generate_messages_lisp[0m
[14.420s] [ 61%] [34m[1mGenerating Lisp code from locomotor_msgs/NavigateToPoseResult.msg[0m
[14.524s] [ 63%] [34m[1mGenerating Lisp code from locomotor_msgs/NavigationState.msg[0m
[14.637s] [ 65%] [34m[1mGenerating Lisp code from locomotor_msgs/NavigateToPoseActionGoal.msg[0m
[14.724s] [ 68%] [34m[1mGenerating Lisp code from locomotor_msgs/NavigateToPoseAction.msg[0m
[14.820s] [ 70%] [34m[1mGenerating Lisp code from locomotor_msgs/NavigateToPoseGoal.msg[0m
[14.931s] [ 72%] [34m[1mGenerating Lisp code from locomotor_msgs/NavigateToPoseFeedback.msg[0m
[15.024s] [ 74%] [34m[1mGenerating Lisp code from locomotor_msgs/NavigateToPoseActionResult.msg[0m
[15.142s] [ 76%] [34m[1mGenerating Lisp code from locomotor_msgs/NavigateToPoseActionFeedback.msg[0m
[15.262s] [ 78%] [34m[1mGenerating Lisp code from locomotor_msgs/ResultCode.msg[0m
[15.383s] [ 78%] Built target locomotor_msgs_generate_messages_lisp
[15.407s] [35m[1mScanning dependencies of target locomotor_msgs_generate_messages_py[0m
[15.427s] [ 80%] [34m[1mGenerating Python from MSG locomotor_msgs/NavigateToPoseResult[0m
[15.647s] [ 82%] [34m[1mGenerating Python from MSG locomotor_msgs/NavigationState[0m
[15.830s] [ 85%] [34m[1mGenerating Python from MSG locomotor_msgs/NavigateToPoseActionGoal[0m
[16.005s] [ 87%] [34m[1mGenerating Python from MSG locomotor_msgs/NavigateToPoseAction[0m
[16.230s] [ 89%] [34m[1mGenerating Python from MSG locomotor_msgs/NavigateToPoseGoal[0m
[16.422s] [ 91%] [34m[1mGenerating Python from MSG locomotor_msgs/NavigateToPoseFeedback[0m
[16.589s] [ 93%] [34m[1mGenerating Python from MSG locomotor_msgs/NavigateToPoseActionResult[0m
[16.738s] [ 95%] [34m[1mGenerating Python from MSG locomotor_msgs/NavigateToPoseActionFeedback[0m
[16.950s] [ 97%] [34m[1mGenerating Python from MSG locomotor_msgs/ResultCode[0m
[17.113s] [100%] [34m[1mGenerating Python msg __init__.py for locomotor_msgs[0m
[17.333s] [100%] Built target locomotor_msgs_generate_messages_py
[17.358s] [35m[1mScanning dependencies of target locomotor_msgs_generate_messages[0m
[17.383s] [100%] Built target locomotor_msgs_generate_messages
