-- The C compiler identification is GNU 7.5.0
-- The CXX compiler identification is GNU 7.5.0
-- Check for working C compiler: /usr/bin/cc
-- Check for working C compiler: /usr/bin/cc -- works
-- Detecting C compiler ABI info
-- Detecting C compiler ABI info - done
-- Detecting C compile features
-- Detecting C compile features - done
-- Check for working CXX compiler: /usr/bin/c++
-- Check for working CXX compiler: /usr/bin/c++ -- works
-- Detecting CXX compiler ABI info
-- Detecting CXX compiler ABI info - done
-- Detecting CXX compile features
-- Detecting CXX compile features - done
-- Using CATKIN_DEVEL_PREFIX: /home/handsome/ros_ws_test/build/dwb_plugins/devel
-- Using CMAKE_PREFIX_PATH: /home/handsome/ros_ws_test/install/dwb_local_planner;/home/handsome/ros_ws_test/install/nav_2d_utils;/home/handsome/ros_ws_test/install/nav_core2;/home/handsome/ros_ws_test/install/dwb_msgs;/home/handsome/ros_ws_test/install/nav_grid;/home/handsome/ros_ws_test/install/nav_2d_msgs;/home/handsome/ros_ws/install/yocs_cmd_vel_mux;/home/handsome/ros_ws/install/urdf_tutorial;/home/handsome/ros_ws/install/tuw_waypoint_to_spline_msgs;/home/handsome/ros_ws/install/tuw_multi_robot_router;/home/handsome/ros_ws/install/tuw_voronoi_graph;/home/handsome/ros_ws/install/tuw_vehicle_msgs;/home/handsome/ros_ws/install/tuw_order_planner;/home/handsome/ros_ws/install/tuw_object_rviz;/home/handsome/ros_ws/install/tuw_object_msgs;/home/handsome/ros_ws/install/tuw_nav_rviz;/home/handsome/ros_ws/install/tuw_multi_robot_local_behavior_controller;/home/handsome/ros_ws/install/tuw_multi_robot_ctrl;/home/handsome/ros_ws/install/tuw_nav_msgs;/home/handsome/ros_ws/install/tuw_multi_robot_rviz;/home/handsome/ros_ws/install/tuw_multi_robot_goal_generator;/home/handsome/ros_ws/install/robot_scheduling_utility;/home/handsome/ros_ws/install/robot_scheduling_actions;/home/handsome/ros_ws/install/actionlib_modules_bridge;/home/handsome/ros_ws/install/tuw_multi_robot_msgs;/home/handsome/ros_ws/install/tuw_multi_robot_demo;/home/handsome/ros_ws/install/tuw_local_controller_msgs;/home/handsome/ros_ws/install/tuw_geometry_rviz;/home/handsome/ros_ws/install/tuw_geometry_msgs;/home/handsome/ros_ws/install/tuw_geometry;/home/handsome/ros_ws/install/tuw_gazebo_msgs;/home/handsome/ros_ws/install/tuw_control;/home/handsome/ros_ws/install/tuw_airskin_msgs;/home/handsome/ros_ws/install/turtlebot_teleop;/home/handsome/ros_ws/install/tug_example_pnp_server;/home/handsome/ros_ws/install/tug_example_actions;/home/handsome/ros_ws/install/tug_example_msgs;/home/handsome/ros_ws/install/timed_roslaunch;/home/handsome/ros_ws/install/teb2_local_planner;/home/handsome/ros_ws/install/stated_roslaunch;/home/handsome/ros_ws/install/spatio_temporal_voxel_layer;/home/handsome/ros_ws/install/robot_udp_bridge;/home/handsome/ros_ws/install/robot_database_bridge;/home/handsome/ros_ws/install/samsungcmd_msgs;/home/handsome/ros_ws/install/rplidar_ros;/home/handsome/ros_ws/install/rp_action;/home/handsome/ros_ws/install/rp_action_msgs;/home/handsome/ros_ws/install/rosserial_xbee;/home/handsome/ros_ws/install/rosserial_windows;/home/handsome/ros_ws/install/rosserial_tivac;/home/handsome/ros_ws/install/rosserial_test;/home/handsome/ros_ws/install/rosserial_server;/home/handsome/ros_ws/install/rosserial_python;/home/handsome/ros_ws/install/rosserial_mbed;/home/handsome/ros_ws/install/rosserial_embeddedlinux;/home/handsome/ros_ws/install/rosserial_arduino;/home/handsome/ros_ws/install/rosserial_client;/home/handsome/ros_ws/install/rosserial_msgs;/home/handsome/ros_ws/install/cellctrl_qtgui_bridge;/home/handsome/ros_ws/install/car_db_manager_qtgui;/home/handsome/ros_ws/install/car_db_manager_bridge;/home/handsome/ros_ws/install/car_db_manager_action;/home/handsome/ros_ws/install/ros_utility_tools;/home/handsome/ros_ws/install/ros_package_test;/home/handsome/ros_ws/install/ros_package_manager;/home/handsome/ros_ws/install/robot_scheduling_server;/home/handsome/ros_ws/install/robot_scheduling_msgs;/home/handsome/ros_ws/install/robot_localization;/home/handsome/ros_ws/install/robot_control_msgs;/home/handsome/ros_ws/install/reset_location;/home/handsome/ros_ws/install/razor_imu_9dof;/home/handsome/ros_ws/install/pnp_rosplan;/home/handsome/ros_ws/install/actionlib_pnp_controller;/home/handsome/ros_ws/install/actionlib_modules_controller;/home/handsome/ros_ws/install/pnp_ros;/home/handsome/ros_ws/install/pnp_msgs;/home/handsome/ros_ws/install/open_auto_dock;/home/handsome/ros_ws/install/open_auto_dock_msgs;/home/handsome/ros_ws/install/omron_os32c_driver;/home/handsome/ros_ws/install/dlux_plugins;/home/handsome/ros_ws/install/dlux_global_planner;/home/handsome/ros_ws/install/nav_grid_pub_sub;/home/handsome/ros_ws/install/dwb_critics;/home/handsome/ros_ws/install/nav_grid_iterators;/home/handsome/ros_ws/install/locomove_base;/home/handsome/ros_ws/install/locomotor;/home/handsome/ros_ws/install/nav_core_adapter;/home/handsome/ros_ws/install/dwb_plugins;/home/handsome/ros_ws/install/dwb_local_planner;/home/handsome/ros_ws/install/nav_2d_utils;/home/handsome/ros_ws/install/global_planner_tests;/home/handsome/ros_ws/install/costmap_queue;/home/handsome/ros_ws/install/nav_core2;/home/handsome/ros_ws/install/nav_grid;/home/handsome/ros_ws/install/car_schedule_msgs;/home/handsome/ros_ws/install/actionlib_modules_msgs;/home/handsome/ros_ws/install/locomotor_msgs;/home/handsome/ros_ws/install/dwb_msgs;/home/handsome/ros_ws/install/nav_2d_msgs;/home/handsome/ros_ws/install/mongodb_log;/home/handsome/ros_ws/install/mongodb_store;/home/handsome/ros_ws/install/mongodb_store_msgs;/home/handsome/ros_ws/install/ca_driver;/home/handsome/ros_ws/install/libcreate;/home/handsome/ros_ws/install/i_robot_stage;/home/handsome/ros_ws/install/i_robot_navigation;/home/handsome/ros_ws/install/hyc_order_planner;/home/handsome/ros_ws/install/hyc_multi_robot_msgs;/home/handsome/ros_ws/install/fetch_open_auto_dock;/home/handsome/ros_ws/install/fetch_auto_dock_msgs;/home/handsome/ros_ws/install/change_teb2_max_vel_x_onfly;/home/handsome/ros_ws/install/cellctrl_control_msgs;/home/handsome/ros_ws/install/car_db_manager_msgs;/home/handsome/ros_ws/install/ca_msgs;/home/handsome/ros_ws/install/ca_description;/home/handsome/ros_ws/install/botcmd_msgs;/opt/ros/melodic
-- This workspace overlays: /home/handsome/ros_ws_test/install/dwb_local_planner;/home/handsome/ros_ws_test/install/nav_2d_utils;/home/handsome/ros_ws_test/install/nav_core2;/home/handsome/ros_ws_test/install/dwb_msgs;/home/handsome/ros_ws_test/install/nav_grid;/home/handsome/ros_ws_test/install/nav_2d_msgs;/home/handsome/ros_ws/install/yocs_cmd_vel_mux;/home/handsome/ros_ws/install/urdf_tutorial;/home/handsome/ros_ws/install/tuw_waypoint_to_spline_msgs;/home/handsome/ros_ws/install/tuw_multi_robot_router;/home/handsome/ros_ws/install/tuw_voronoi_graph;/home/handsome/ros_ws/install/tuw_vehicle_msgs;/home/handsome/ros_ws/install/tuw_order_planner;/home/handsome/ros_ws/install/tuw_object_rviz;/home/handsome/ros_ws/install/tuw_object_msgs;/home/handsome/ros_ws/install/tuw_nav_rviz;/home/handsome/ros_ws/install/tuw_multi_robot_local_behavior_controller;/home/handsome/ros_ws/install/tuw_multi_robot_ctrl;/home/handsome/ros_ws/install/tuw_nav_msgs;/home/handsome/ros_ws/install/tuw_multi_robot_rviz;/home/handsome/ros_ws/install/tuw_multi_robot_goal_generator;/home/handsome/ros_ws/install/robot_scheduling_utility;/home/handsome/ros_ws/install/robot_scheduling_actions;/home/handsome/ros_ws/install/actionlib_modules_bridge;/home/handsome/ros_ws/install/tuw_multi_robot_msgs;/home/handsome/ros_ws/install/tuw_multi_robot_demo;/home/handsome/ros_ws/install/tuw_local_controller_msgs;/home/handsome/ros_ws/install/tuw_geometry_rviz;/home/handsome/ros_ws/install/tuw_geometry_msgs;/home/handsome/ros_ws/install/tuw_geometry;/home/handsome/ros_ws/install/tuw_gazebo_msgs;/home/handsome/ros_ws/install/tuw_control;/home/handsome/ros_ws/install/tuw_airskin_msgs;/home/handsome/ros_ws/install/turtlebot_teleop;/home/handsome/ros_ws/install/tug_example_pnp_server;/home/handsome/ros_ws/install/tug_example_actions;/home/handsome/ros_ws/install/tug_example_msgs;/home/handsome/ros_ws/install/timed_roslaunch;/home/handsome/ros_ws/install/teb2_local_planner;/home/handsome/ros_ws/install/stated_roslaunch;/home/handsome/ros_ws/install/spatio_temporal_voxel_layer;/home/handsome/ros_ws/install/robot_udp_bridge;/home/handsome/ros_ws/install/robot_database_bridge;/home/handsome/ros_ws/install/samsungcmd_msgs;/home/handsome/ros_ws/install/rplidar_ros;/home/handsome/ros_ws/install/rp_action;/home/handsome/ros_ws/install/rp_action_msgs;/home/handsome/ros_ws/install/rosserial_xbee;/home/handsome/ros_ws/install/rosserial_windows;/home/handsome/ros_ws/install/rosserial_tivac;/home/handsome/ros_ws/install/rosserial_test;/home/handsome/ros_ws/install/rosserial_server;/home/handsome/ros_ws/install/rosserial_python;/home/handsome/ros_ws/install/rosserial_mbed;/home/handsome/ros_ws/install/rosserial_embeddedlinux;/home/handsome/ros_ws/install/rosserial_arduino;/home/handsome/ros_ws/install/rosserial_client;/home/handsome/ros_ws/install/rosserial_msgs;/home/handsome/ros_ws/install/cellctrl_qtgui_bridge;/home/handsome/ros_ws/install/car_db_manager_qtgui;/home/handsome/ros_ws/install/car_db_manager_bridge;/home/handsome/ros_ws/install/car_db_manager_action;/home/handsome/ros_ws/install/ros_utility_tools;/home/handsome/ros_ws/install/ros_package_test;/home/handsome/ros_ws/install/ros_package_manager;/home/handsome/ros_ws/install/robot_scheduling_server;/home/handsome/ros_ws/install/robot_scheduling_msgs;/home/handsome/ros_ws/install/robot_localization;/home/handsome/ros_ws/install/robot_control_msgs;/home/handsome/ros_ws/install/reset_location;/home/handsome/ros_ws/install/razor_imu_9dof;/home/handsome/ros_ws/install/pnp_rosplan;/home/handsome/ros_ws/install/actionlib_pnp_controller;/home/handsome/ros_ws/install/actionlib_modules_controller;/home/handsome/ros_ws/install/pnp_ros;/home/handsome/ros_ws/install/pnp_msgs;/home/handsome/ros_ws/install/open_auto_dock;/home/handsome/ros_ws/install/open_auto_dock_msgs;/home/handsome/ros_ws/install/omron_os32c_driver;/home/handsome/ros_ws/install/dlux_plugins;/home/handsome/ros_ws/install/dlux_global_planner;/home/handsome/ros_ws/install/nav_grid_pub_sub;/home/handsome/ros_ws/install/dwb_critics;/home/handsome/ros_ws/install/nav_grid_iterators;/home/handsome/ros_ws/install/locomove_base;/home/handsome/ros_ws/install/locomotor;/home/handsome/ros_ws/install/nav_core_adapter;/home/handsome/ros_ws/install/dwb_plugins;/home/handsome/ros_ws/install/dwb_local_planner;/home/handsome/ros_ws/install/nav_2d_utils;/home/handsome/ros_ws/install/global_planner_tests;/home/handsome/ros_ws/install/costmap_queue;/home/handsome/ros_ws/install/nav_core2;/home/handsome/ros_ws/install/nav_grid;/home/handsome/ros_ws/install/car_schedule_msgs;/home/handsome/ros_ws/install/actionlib_modules_msgs;/home/handsome/ros_ws/install/locomotor_msgs;/home/handsome/ros_ws/install/dwb_msgs;/home/handsome/ros_ws/install/nav_2d_msgs;/home/handsome/ros_ws/install/mongodb_log;/home/handsome/ros_ws/install/mongodb_store;/home/handsome/ros_ws/install/mongodb_store_msgs;/home/handsome/ros_ws/install/ca_driver;/home/handsome/ros_ws/install/i_robot_stage;/home/handsome/ros_ws/install/i_robot_navigation;/home/handsome/ros_ws/install/hyc_order_planner;/home/handsome/ros_ws/install/hyc_multi_robot_msgs;/home/handsome/ros_ws/install/fetch_open_auto_dock;/home/handsome/ros_ws/install/fetch_auto_dock_msgs;/home/handsome/ros_ws/install/change_teb2_max_vel_x_onfly;/home/handsome/ros_ws/install/cellctrl_control_msgs;/home/handsome/ros_ws/install/car_db_manager_msgs;/home/handsome/ros_ws/install/ca_msgs;/home/handsome/ros_ws/install/ca_description;/home/handsome/ros_ws/install/botcmd_msgs;/opt/ros/melodic
-- Found PythonInterp: /usr/bin/python2 (found suitable version "2.7.17", minimum required is "2") 
-- Using PYTHON_EXECUTABLE: /usr/bin/python2
-- Using Debian Python package layout
-- Using empy: /usr/bin/empy
-- Using CATKIN_ENABLE_TESTING: ON
-- Call enable_testing()
-- Using CATKIN_TEST_RESULTS_DIR: /home/handsome/ros_ws_test/build/dwb_plugins/test_results
-- Found gtest sources under '/usr/src/googletest': gtests will be built
-- Found gmock sources under '/usr/src/googletest': gmock will be built
-- Found PythonInterp: /usr/bin/python2 (found version "2.7.17") 
-- Looking for pthread.h
-- Looking for pthread.h - found
-- Looking for pthread_create
-- Looking for pthread_create - not found
-- Looking for pthread_create in pthreads
-- Looking for pthread_create in pthreads - not found
-- Looking for pthread_create in pthread
-- Looking for pthread_create in pthread - found
-- Found Threads: TRUE  
-- Using Python nosetests: /usr/bin/nosetests-2.7
-- catkin 0.7.28
-- BUILD_SHARED_LIBS is on
-- Using these message generators: gencpp;geneus;genlisp;gennodejs;genpy
-- Configuring done
-- Generating done
-- Build files have been written to: /home/handsome/ros_ws_test/build/dwb_plugins
[35m[1mScanning dependencies of target dynamic_reconfigure_gencfg[0m
[  0%] Built target dynamic_reconfigure_gencfg
[35m[1mScanning dependencies of target std_msgs_generate_messages_nodejs[0m
[  0%] Built target std_msgs_generate_messages_nodejs
[35m[1mScanning dependencies of target dwb_plugins_gencfg[0m
[ 10%] [34m[1mGenerating dynamic reconfigure files from cfg/KinematicParams.cfg: /home/handsome/ros_ws_test/build/dwb_plugins/devel/include/dwb_plugins/KinematicParamsConfig.h /home/handsome/ros_ws_test/build/dwb_plugins/devel/lib/python2.7/dist-packages/dwb_plugins/cfg/KinematicParamsConfig.py[0m
Generating reconfiguration files for KinematicParams in dwb_plugins
Wrote header file in /home/handsome/ros_ws_test/build/dwb_plugins/devel/include/dwb_plugins/KinematicParamsConfig.h
[ 10%] Built target dwb_plugins_gencfg
[35m[1mScanning dependencies of target actionlib_msgs_generate_messages_nodejs[0m
[ 10%] Built target actionlib_msgs_generate_messages_nodejs
[35m[1mScanning dependencies of target dwb_msgs_generate_messages_cpp[0m
[ 10%] Built target dwb_msgs_generate_messages_cpp
[35m[1mScanning dependencies of target roscpp_generate_messages_lisp[0m
[ 10%] Built target roscpp_generate_messages_lisp
[35m[1mScanning dependencies of target dwb_msgs_generate_messages_nodejs[0m
[ 10%] Built target dwb_msgs_generate_messages_nodejs
[35m[1mScanning dependencies of target dwb_msgs_generate_messages_py[0m
[ 10%] Built target dwb_msgs_generate_messages_py
[35m[1mScanning dependencies of target nav_msgs_generate_messages_nodejs[0m
[ 10%] Built target nav_msgs_generate_messages_nodejs
[35m[1mScanning dependencies of target geometry_msgs_generate_messages_lisp[0m
[ 10%] Built target geometry_msgs_generate_messages_lisp
[35m[1mScanning dependencies of target nav_2d_msgs_generate_messages_nodejs[0m
[ 10%] Built target nav_2d_msgs_generate_messages_nodejs
[35m[1mScanning dependencies of target nav_2d_msgs_generate_messages_cpp[0m
[ 10%] Built target nav_2d_msgs_generate_messages_cpp
[35m[1mScanning dependencies of target nav_msgs_generate_messages_cpp[0m
[ 10%] Built target nav_msgs_generate_messages_cpp
[35m[1mScanning dependencies of target nav_2d_msgs_generate_messages_lisp[0m
[ 10%] Built target nav_2d_msgs_generate_messages_lisp
[35m[1mScanning dependencies of target sensor_msgs_generate_messages_lisp[0m
[ 10%] Built target sensor_msgs_generate_messages_lisp
[35m[1mScanning dependencies of target tf2_msgs_generate_messages_cpp[0m
[ 10%] Built target tf2_msgs_generate_messages_cpp
[35m[1mScanning dependencies of target nav_msgs_generate_messages_lisp[0m
[ 10%] Built target nav_msgs_generate_messages_lisp
[35m[1mScanning dependencies of target dwb_msgs_generate_messages_lisp[0m
[ 10%] Built target dwb_msgs_generate_messages_lisp
[35m[1mScanning dependencies of target tf_generate_messages_lisp[0m
[ 10%] Built target tf_generate_messages_lisp
[35m[1mScanning dependencies of target dwb_msgs_generate_messages_eus[0m
[ 10%] Built target dwb_msgs_generate_messages_eus
[35m[1mScanning dependencies of target std_msgs_generate_messages_cpp[0m
[ 10%] Built target std_msgs_generate_messages_cpp
[35m[1mScanning dependencies of target std_msgs_generate_messages_eus[0m
[ 10%] Built target std_msgs_generate_messages_eus
[35m[1mScanning dependencies of target visualization_msgs_generate_messages_lisp[0m
[ 10%] Built target visualization_msgs_generate_messages_lisp
[35m[1mScanning dependencies of target visualization_msgs_generate_messages_nodejs[0m
[ 10%] Built target visualization_msgs_generate_messages_nodejs
[35m[1mScanning dependencies of target geometry_msgs_generate_messages_eus[0m
[ 10%] Built target geometry_msgs_generate_messages_eus
[35m[1mScanning dependencies of target std_msgs_generate_messages_lisp[0m
[ 10%] Built target std_msgs_generate_messages_lisp
[35m[1mScanning dependencies of target roscpp_generate_messages_nodejs[0m
[ 10%] Built target roscpp_generate_messages_nodejs
[35m[1mScanning dependencies of target geometry_msgs_generate_messages_nodejs[0m
[ 10%] Built target geometry_msgs_generate_messages_nodejs
[35m[1mScanning dependencies of target geometry_msgs_generate_messages_py[0m
[ 10%] Built target geometry_msgs_generate_messages_py
[35m[1mScanning dependencies of target actionlib_generate_messages_eus[0m
[ 10%] Built target actionlib_generate_messages_eus
[35m[1mScanning dependencies of target geometry_msgs_generate_messages_cpp[0m
[ 10%] Built target geometry_msgs_generate_messages_cpp
[35m[1mScanning dependencies of target actionlib_generate_messages_lisp[0m
[ 10%] Built target actionlib_generate_messages_lisp
[35m[1mScanning dependencies of target roscpp_generate_messages_py[0m
[ 10%] Built target roscpp_generate_messages_py
[35m[1mScanning dependencies of target nav_2d_msgs_generate_messages_py[0m
[ 10%] Built target nav_2d_msgs_generate_messages_py
[35m[1mScanning dependencies of target rosgraph_msgs_generate_messages_eus[0m
[ 10%] Built target rosgraph_msgs_generate_messages_eus
[35m[1mScanning dependencies of target rosgraph_msgs_generate_messages_lisp[0m
[ 10%] Built target rosgraph_msgs_generate_messages_lisp
[35m[1mScanning dependencies of target rosgraph_msgs_generate_messages_nodejs[0m
[ 10%] Built target rosgraph_msgs_generate_messages_nodejs
[35m[1mScanning dependencies of target actionlib_msgs_generate_messages_eus[0m
[ 10%] Built target actionlib_msgs_generate_messages_eus
[35m[1mScanning dependencies of target roscpp_generate_messages_eus[0m
[ 10%] Built target roscpp_generate_messages_eus
[35m[1mScanning dependencies of target rosgraph_msgs_generate_messages_py[0m
[ 10%] Built target rosgraph_msgs_generate_messages_py
[35m[1mScanning dependencies of target actionlib_generate_messages_py[0m
[ 10%] Built target actionlib_generate_messages_py
[35m[1mScanning dependencies of target tf2_msgs_generate_messages_py[0m
[ 10%] Built target tf2_msgs_generate_messages_py
[35m[1mScanning dependencies of target tf2_msgs_generate_messages_nodejs[0m
[ 10%] Built target tf2_msgs_generate_messages_nodejs
[35m[1mScanning dependencies of target actionlib_generate_messages_nodejs[0m
[ 10%] Built target actionlib_generate_messages_nodejs
[35m[1mScanning dependencies of target tf_generate_messages_cpp[0m
[ 10%] Built target tf_generate_messages_cpp
[35m[1mScanning dependencies of target actionlib_msgs_generate_messages_cpp[0m
[ 10%] Built target actionlib_msgs_generate_messages_cpp
[35m[1mScanning dependencies of target tf_generate_messages_eus[0m
[ 10%] Built target tf_generate_messages_eus
[35m[1mScanning dependencies of target tf_generate_messages_nodejs[0m
[ 10%] Built target tf_generate_messages_nodejs
[35m[1mScanning dependencies of target dynamic_reconfigure_generate_messages_cpp[0m
[ 10%] Built target dynamic_reconfigure_generate_messages_cpp
[35m[1mScanning dependencies of target tf_generate_messages_py[0m
[ 10%] Built target tf_generate_messages_py
[35m[1mScanning dependencies of target sensor_msgs_generate_messages_py[0m
[ 10%] Built target sensor_msgs_generate_messages_py
[35m[1mScanning dependencies of target sensor_msgs_generate_messages_cpp[0m
[ 10%] Built target sensor_msgs_generate_messages_cpp
[35m[1mScanning dependencies of target nav_msgs_generate_messages_eus[0m
[ 10%] Built target nav_msgs_generate_messages_eus
[35m[1mScanning dependencies of target tf2_msgs_generate_messages_eus[0m
[ 10%] Built target tf2_msgs_generate_messages_eus
[35m[1mScanning dependencies of target visualization_msgs_generate_messages_cpp[0m
[ 10%] Built target visualization_msgs_generate_messages_cpp
[35m[1mScanning dependencies of target visualization_msgs_generate_messages_eus[0m
[ 10%] Built target visualization_msgs_generate_messages_eus
[35m[1mScanning dependencies of target visualization_msgs_generate_messages_py[0m
[ 10%] Built target visualization_msgs_generate_messages_py
[35m[1mScanning dependencies of target dynamic_reconfigure_generate_messages_nodejs[0m
[ 10%] Built target dynamic_reconfigure_generate_messages_nodejs
[35m[1mScanning dependencies of target dynamic_reconfigure_generate_messages_eus[0m
[ 10%] Built target dynamic_reconfigure_generate_messages_eus
[35m[1mScanning dependencies of target dynamic_reconfigure_generate_messages_lisp[0m
[ 10%] Built target dynamic_reconfigure_generate_messages_lisp
[35m[1mScanning dependencies of target dynamic_reconfigure_generate_messages_py[0m
[ 10%] Built target dynamic_reconfigure_generate_messages_py
[35m[1mScanning dependencies of target nav_msgs_generate_messages_py[0m
[ 10%] Built target nav_msgs_generate_messages_py
[35m[1mScanning dependencies of target tf2_msgs_generate_messages_lisp[0m
[ 10%] Built target tf2_msgs_generate_messages_lisp
[35m[1mScanning dependencies of target std_msgs_generate_messages_py[0m
[ 10%] Built target std_msgs_generate_messages_py
[35m[1mScanning dependencies of target rosgraph_msgs_generate_messages_cpp[0m
[ 10%] Built target rosgraph_msgs_generate_messages_cpp
[35m[1mScanning dependencies of target nav_2d_msgs_generate_messages_eus[0m
[ 10%] Built target nav_2d_msgs_generate_messages_eus
[35m[1mScanning dependencies of target sensor_msgs_generate_messages_nodejs[0m
[ 10%] Built target sensor_msgs_generate_messages_nodejs
[35m[1mScanning dependencies of target roscpp_generate_messages_cpp[0m
[ 10%] Built target roscpp_generate_messages_cpp
[35m[1mScanning dependencies of target actionlib_generate_messages_cpp[0m
[ 10%] Built target actionlib_generate_messages_cpp
[35m[1mScanning dependencies of target actionlib_msgs_generate_messages_lisp[0m
[ 10%] Built target actionlib_msgs_generate_messages_lisp
[35m[1mScanning dependencies of target actionlib_msgs_generate_messages_py[0m
[ 10%] Built target actionlib_msgs_generate_messages_py
[35m[1mScanning dependencies of target sensor_msgs_generate_messages_eus[0m
[ 10%] Built target sensor_msgs_generate_messages_eus
[35m[1mScanning dependencies of target _catkin_empty_exported_target[0m
[ 10%] Built target _catkin_empty_exported_target
[35m[1mScanning dependencies of target standard_traj_generator[0m
[ 20%] [32mBuilding CXX object CMakeFiles/standard_traj_generator.dir/src/standard_traj_generator.cpp.o[0m
[ 30%] [32mBuilding CXX object CMakeFiles/standard_traj_generator.dir/src/xy_theta_iterator.cpp.o[0m
[ 40%] [32mBuilding CXX object CMakeFiles/standard_traj_generator.dir/src/kinematic_parameters.cpp.o[0m
[ 50%] [32mBuilding CXX object CMakeFiles/standard_traj_generator.dir/src/limited_accel_generator.cpp.o[0m
[ 60%] [32m[1mLinking CXX shared library devel/lib/libstandard_traj_generator.so[0m
[ 60%] Built target standard_traj_generator
[35m[1mScanning dependencies of target simple_goal_checker[0m
[ 70%] [32mBuilding CXX object CMakeFiles/simple_goal_checker.dir/src/simple_goal_checker.cpp.o[0m
[ 80%] [32m[1mLinking CXX shared library devel/lib/libsimple_goal_checker.so[0m
[ 80%] Built target simple_goal_checker
[35m[1mScanning dependencies of target stopped_goal_checker[0m
[ 90%] [32mBuilding CXX object CMakeFiles/stopped_goal_checker.dir/src/stopped_goal_checker.cpp.o[0m
[100%] [32m[1mLinking CXX shared library devel/lib/libstopped_goal_checker.so[0m
[100%] Built target stopped_goal_checker
[35m[1mScanning dependencies of target gtest[0m
[  5%] [32mBuilding CXX object gtest/googlemock/gtest/CMakeFiles/gtest.dir/src/gtest-all.cc.o[0m
[ 11%] [32m[1mLinking CXX shared library libgtest.so[0m
[ 11%] Built target gtest
[ 11%] Built target std_msgs_generate_messages_py
[ 11%] Built target std_msgs_generate_messages_nodejs
[ 16%] Built target dwb_plugins_gencfg
[ 16%] Built target actionlib_msgs_generate_messages_nodejs
[ 16%] Built target dwb_msgs_generate_messages_cpp
[ 16%] Built target roscpp_generate_messages_lisp
[ 16%] Built target dwb_msgs_generate_messages_nodejs
[ 16%] Built target dwb_msgs_generate_messages_py
[ 16%] Built target nav_msgs_generate_messages_nodejs
[ 16%] Built target geometry_msgs_generate_messages_lisp
[ 16%] Built target nav_2d_msgs_generate_messages_nodejs
[ 16%] Built target nav_2d_msgs_generate_messages_cpp
[ 16%] Built target nav_msgs_generate_messages_cpp
[ 16%] Built target nav_2d_msgs_generate_messages_lisp
[ 16%] Built target sensor_msgs_generate_messages_lisp
[ 16%] Built target tf2_msgs_generate_messages_cpp
[ 16%] Built target nav_msgs_generate_messages_lisp
[ 16%] Built target dwb_msgs_generate_messages_lisp
[ 16%] Built target tf_generate_messages_lisp
[ 16%] Built target dwb_msgs_generate_messages_eus
[ 16%] Built target std_msgs_generate_messages_cpp
[ 16%] Built target std_msgs_generate_messages_eus
[ 16%] Built target visualization_msgs_generate_messages_lisp
[ 16%] Built target visualization_msgs_generate_messages_nodejs
[ 16%] Built target geometry_msgs_generate_messages_eus
[ 16%] Built target std_msgs_generate_messages_lisp
[ 16%] Built target roscpp_generate_messages_nodejs
[ 16%] Built target geometry_msgs_generate_messages_nodejs
[ 16%] Built target geometry_msgs_generate_messages_py
[ 16%] Built target actionlib_generate_messages_eus
[ 16%] Built target geometry_msgs_generate_messages_cpp
[ 16%] Built target actionlib_generate_messages_lisp
[ 16%] Built target roscpp_generate_messages_py
[ 16%] Built target nav_2d_msgs_generate_messages_py
[ 16%] Built target rosgraph_msgs_generate_messages_eus
[ 16%] Built target rosgraph_msgs_generate_messages_lisp
[ 16%] Built target rosgraph_msgs_generate_messages_nodejs
[ 16%] Built target actionlib_msgs_generate_messages_eus
[ 16%] Built target roscpp_generate_messages_eus
[ 16%] Built target rosgraph_msgs_generate_messages_py
[ 16%] Built target actionlib_generate_messages_py
[ 16%] Built target tf2_msgs_generate_messages_py
[ 16%] Built target tf2_msgs_generate_messages_nodejs
[ 16%] Built target actionlib_generate_messages_nodejs
[ 16%] Built target tf_generate_messages_cpp
[ 16%] Built target actionlib_msgs_generate_messages_cpp
[ 16%] Built target tf_generate_messages_eus
[ 16%] Built target tf_generate_messages_nodejs
[ 16%] Built target dynamic_reconfigure_generate_messages_cpp
[ 16%] Built target tf_generate_messages_py
[ 16%] Built target sensor_msgs_generate_messages_py
[ 16%] Built target sensor_msgs_generate_messages_cpp
[ 16%] Built target nav_msgs_generate_messages_eus
[ 16%] Built target tf2_msgs_generate_messages_eus
[ 16%] Built target visualization_msgs_generate_messages_cpp
[ 16%] Built target visualization_msgs_generate_messages_eus
[ 16%] Built target visualization_msgs_generate_messages_py
[ 16%] Built target dynamic_reconfigure_generate_messages_nodejs
[ 16%] Built target dynamic_reconfigure_generate_messages_eus
[ 16%] Built target dynamic_reconfigure_generate_messages_lisp
[ 16%] Built target dynamic_reconfigure_generate_messages_py
[ 16%] Built target nav_msgs_generate_messages_py
[ 16%] Built target tf2_msgs_generate_messages_lisp
[35m[1mScanning dependencies of target vtest[0m
[ 22%] [32mBuilding CXX object CMakeFiles/vtest.dir/test/velocity_iterator_test.cpp.o[0m
[ 27%] [32m[1mLinking CXX executable devel/lib/dwb_plugins/vtest[0m
[ 27%] Built target vtest
[ 27%] Built target rosgraph_msgs_generate_messages_cpp
[ 27%] Built target nav_2d_msgs_generate_messages_eus
[ 27%] Built target sensor_msgs_generate_messages_nodejs
[ 27%] Built target roscpp_generate_messages_cpp
[ 27%] Built target actionlib_generate_messages_cpp
[ 27%] Built target actionlib_msgs_generate_messages_lisp
[ 27%] Built target actionlib_msgs_generate_messages_py
[ 27%] Built target sensor_msgs_generate_messages_eus
[ 27%] Built target _catkin_empty_exported_target
[ 27%] Built target dynamic_reconfigure_gencfg
[ 55%] Built target standard_traj_generator
[ 66%] Built target simple_goal_checker
[35m[1mScanning dependencies of target twist_gen_test[0m
[ 72%] [32mBuilding CXX object CMakeFiles/twist_gen_test.dir/test/twist_gen.cpp.o[0m
[ 77%] [32m[1mLinking CXX executable devel/lib/dwb_plugins/twist_gen_test[0m
[ 77%] Built target twist_gen_test
[ 88%] Built target stopped_goal_checker
[35m[1mScanning dependencies of target goal_checker[0m
[ 94%] [32mBuilding CXX object CMakeFiles/goal_checker.dir/test/goal_checker.cpp.o[0m
[100%] [32m[1mLinking CXX executable devel/lib/dwb_plugins/goal_checker[0m
[100%] Built target goal_checker
[35m[1mScanning dependencies of target tests[0m
[100%] Built target tests
[  0%] Built target actionlib_msgs_generate_messages_py
[  0%] Built target _catkin_empty_exported_target
[  0%] Built target sensor_msgs_generate_messages_eus
[  0%] Built target dynamic_reconfigure_gencfg
[  0%] Built target std_msgs_generate_messages_nodejs
[ 10%] Built target dwb_plugins_gencfg
[ 10%] Built target dwb_msgs_generate_messages_cpp
[ 10%] Built target actionlib_msgs_generate_messages_nodejs
[ 10%] Built target roscpp_generate_messages_lisp
[ 10%] Built target dwb_msgs_generate_messages_nodejs
[ 10%] Built target dwb_msgs_generate_messages_py
[ 10%] Built target nav_msgs_generate_messages_nodejs
[ 10%] Built target geometry_msgs_generate_messages_lisp
[ 10%] Built target nav_2d_msgs_generate_messages_nodejs
[ 10%] Built target nav_2d_msgs_generate_messages_cpp
[ 10%] Built target nav_msgs_generate_messages_cpp
[ 10%] Built target nav_2d_msgs_generate_messages_lisp
[ 10%] Built target sensor_msgs_generate_messages_lisp
[ 10%] Built target tf2_msgs_generate_messages_cpp
[ 10%] Built target nav_msgs_generate_messages_lisp
[ 10%] Built target dwb_msgs_generate_messages_lisp
[ 10%] Built target tf_generate_messages_lisp
[ 10%] Built target dwb_msgs_generate_messages_eus
[ 10%] Built target std_msgs_generate_messages_cpp
[ 10%] Built target visualization_msgs_generate_messages_lisp
[ 10%] Built target std_msgs_generate_messages_eus
[ 10%] Built target visualization_msgs_generate_messages_nodejs
[ 10%] Built target geometry_msgs_generate_messages_eus
[ 10%] Built target std_msgs_generate_messages_py
[ 10%] Built target std_msgs_generate_messages_lisp
[ 10%] Built target geometry_msgs_generate_messages_nodejs
[ 10%] Built target roscpp_generate_messages_nodejs
[ 10%] Built target geometry_msgs_generate_messages_py
[ 10%] Built target rosgraph_msgs_generate_messages_cpp
[ 10%] Built target actionlib_generate_messages_eus
[ 10%] Built target geometry_msgs_generate_messages_cpp
[ 10%] Built target actionlib_generate_messages_lisp
[ 10%] Built target roscpp_generate_messages_py
[ 10%] Built target nav_2d_msgs_generate_messages_py
[ 10%] Built target rosgraph_msgs_generate_messages_eus
[ 10%] Built target rosgraph_msgs_generate_messages_lisp
[ 10%] Built target nav_2d_msgs_generate_messages_eus
[ 10%] Built target rosgraph_msgs_generate_messages_nodejs
[ 10%] Built target roscpp_generate_messages_eus
[ 10%] Built target actionlib_generate_messages_py
[ 10%] Built target rosgraph_msgs_generate_messages_py
[ 10%] Built target tf2_msgs_generate_messages_py
[ 10%] Built target tf2_msgs_generate_messages_nodejs
[ 10%] Built target actionlib_generate_messages_nodejs
[ 10%] Built target tf_generate_messages_cpp
[ 10%] Built target actionlib_msgs_generate_messages_cpp
[ 10%] Built target tf_generate_messages_eus
[ 10%] Built target tf_generate_messages_nodejs
[ 10%] Built target dynamic_reconfigure_generate_messages_cpp
[ 10%] Built target actionlib_msgs_generate_messages_eus
[ 10%] Built target sensor_msgs_generate_messages_py
[ 10%] Built target sensor_msgs_generate_messages_cpp
[ 10%] Built target tf2_msgs_generate_messages_eus
[ 10%] Built target nav_msgs_generate_messages_eus
[ 10%] Built target visualization_msgs_generate_messages_cpp
[ 10%] Built target visualization_msgs_generate_messages_eus
[ 10%] Built target visualization_msgs_generate_messages_py
[ 10%] Built target dynamic_reconfigure_generate_messages_nodejs
[ 10%] Built target dynamic_reconfigure_generate_messages_eus
[ 10%] Built target dynamic_reconfigure_generate_messages_lisp
[ 10%] Built target dynamic_reconfigure_generate_messages_py
[ 10%] Built target nav_msgs_generate_messages_py
[ 10%] Built target tf2_msgs_generate_messages_lisp
[ 10%] Built target roscpp_generate_messages_cpp
[ 10%] Built target tf_generate_messages_py
[ 10%] Built target sensor_msgs_generate_messages_nodejs
[ 10%] Built target actionlib_generate_messages_cpp
[ 10%] Built target actionlib_msgs_generate_messages_lisp
[ 30%] Built target simple_goal_checker
[ 80%] Built target standard_traj_generator
[100%] Built target stopped_goal_checker
[36mInstall the project...[0m
-- Install configuration: ""
-- Installing: /home/handsome/ros_ws_test/install/dwb_plugins/include/dwb_plugins/KinematicParamsConfig.h
-- Installing: /home/handsome/ros_ws_test/install/dwb_plugins/lib/python2.7/dist-packages/dwb_plugins/__init__.py
Listing /home/handsome/ros_ws_test/build/dwb_plugins/devel/lib/python2.7/dist-packages/dwb_plugins/cfg ...
Compiling /home/handsome/ros_ws_test/build/dwb_plugins/devel/lib/python2.7/dist-packages/dwb_plugins/cfg/KinematicParamsConfig.py ...
Compiling /home/handsome/ros_ws_test/build/dwb_plugins/devel/lib/python2.7/dist-packages/dwb_plugins/cfg/__init__.py ...
-- Installing: /home/handsome/ros_ws_test/install/dwb_plugins/lib/python2.7/dist-packages/dwb_plugins/cfg
-- Installing: /home/handsome/ros_ws_test/install/dwb_plugins/lib/python2.7/dist-packages/dwb_plugins/cfg/KinematicParamsConfig.py
-- Installing: /home/handsome/ros_ws_test/install/dwb_plugins/lib/python2.7/dist-packages/dwb_plugins/cfg/__init__.py
-- Installing: /home/handsome/ros_ws_test/install/dwb_plugins/lib/python2.7/dist-packages/dwb_plugins/cfg/__init__.pyc
-- Installing: /home/handsome/ros_ws_test/install/dwb_plugins/lib/python2.7/dist-packages/dwb_plugins/cfg/KinematicParamsConfig.pyc
-- Installing: /home/handsome/ros_ws_test/install/dwb_plugins/lib/pkgconfig/dwb_plugins.pc
-- Installing: /home/handsome/ros_ws_test/install/dwb_plugins/share/dwb_plugins/cmake/dwb_pluginsConfig.cmake
-- Installing: /home/handsome/ros_ws_test/install/dwb_plugins/share/dwb_plugins/cmake/dwb_pluginsConfig-version.cmake
-- Installing: /home/handsome/ros_ws_test/install/dwb_plugins/share/dwb_plugins/package.xml
-- Installing: /home/handsome/ros_ws_test/install/dwb_plugins/lib/libsimple_goal_checker.so
-- Set runtime path of "/home/handsome/ros_ws_test/install/dwb_plugins/lib/libsimple_goal_checker.so" to ""
-- Installing: /home/handsome/ros_ws_test/install/dwb_plugins/lib/libstopped_goal_checker.so
-- Set runtime path of "/home/handsome/ros_ws_test/install/dwb_plugins/lib/libstopped_goal_checker.so" to ""
-- Installing: /home/handsome/ros_ws_test/install/dwb_plugins/lib/libstandard_traj_generator.so
-- Set runtime path of "/home/handsome/ros_ws_test/install/dwb_plugins/lib/libstandard_traj_generator.so" to ""
-- Up-to-date: /home/handsome/ros_ws_test/install/dwb_plugins/include/dwb_plugins
-- Installing: /home/handsome/ros_ws_test/install/dwb_plugins/include/dwb_plugins/limited_accel_generator.h
-- Installing: /home/handsome/ros_ws_test/install/dwb_plugins/include/dwb_plugins/stopped_goal_checker.h
-- Installing: /home/handsome/ros_ws_test/install/dwb_plugins/include/dwb_plugins/simple_goal_checker.h
-- Installing: /home/handsome/ros_ws_test/install/dwb_plugins/include/dwb_plugins/one_d_velocity_iterator.h
-- Installing: /home/handsome/ros_ws_test/install/dwb_plugins/include/dwb_plugins/kinematic_parameters.h
-- Installing: /home/handsome/ros_ws_test/install/dwb_plugins/include/dwb_plugins/velocity_iterator.h
-- Installing: /home/handsome/ros_ws_test/install/dwb_plugins/include/dwb_plugins/standard_traj_generator.h
-- Installing: /home/handsome/ros_ws_test/install/dwb_plugins/include/dwb_plugins/xy_theta_iterator.h
-- Installing: /home/handsome/ros_ws_test/install/dwb_plugins/share/dwb_plugins/plugins.xml
