[35m[1mScanning dependencies of target std_msgs_generate_messages_cpp[0m
[35m[1mScanning dependencies of target std_msgs_generate_messages_lisp[0m
[35m[1mScanning dependencies of target _mongodb_store_generate_messages_check_deps_MongoFind[0m
[35m[1mScanning dependencies of target gtest[0m
[35m[1mScanning dependencies of target _mongodb_store_generate_messages_check_deps_GetParam[0m
[35m[1mScanning dependencies of target std_msgs_generate_messages_py[0m
[35m[1mScanning dependencies of target _mongodb_store_generate_messages_check_deps_SetParam[0m
[35m[1mScanning dependencies of target _mongodb_store_generate_messages_check_deps_MongoInsert[0m
[35m[1mScanning dependencies of target _mongodb_store_generate_messages_check_deps_MongoUpdate[0m
[35m[1mScanning dependencies of target std_msgs_generate_messages_nodejs[0m
[35m[1mScanning dependencies of target std_msgs_generate_messages_eus[0m
[35m[1mScanning dependencies of target mongodb_store_msgs_generate_messages_cpp[0m
[  0%] Built target std_msgs_generate_messages_cpp
[  0%] Built target std_msgs_generate_messages_nodejs
[  0%] Built target std_msgs_generate_messages_py
[  0%] Built target std_msgs_generate_messages_lisp
[  2%] [32mBuilding CXX object gtest/googlemock/gtest/CMakeFiles/gtest.dir/src/gtest-all.cc.o[0m
[  2%] Built target mongodb_store_msgs_generate_messages_cpp
[  2%] Built target std_msgs_generate_messages_eus
[  2%] Built target _mongodb_store_generate_messages_check_deps_MongoInsert
[35m[1mScanning dependencies of target message_store[0m
[  2%] Built target _mongodb_store_generate_messages_check_deps_SetParam
[  2%] Built target _mongodb_store_generate_messages_check_deps_MongoFind
[  2%] Built target _mongodb_store_generate_messages_check_deps_MongoUpdate
[  2%] Built target _mongodb_store_generate_messages_check_deps_GetParam
[  5%] [32mBuilding CXX object CMakeFiles/message_store.dir/src/message_store.cpp.o[0m
[35m[1mScanning dependencies of target mongodb_store_generate_messages_cpp[0m
[35m[1mScanning dependencies of target mongodb_store_generate_messages_eus[0m
[35m[1mScanning dependencies of target mongodb_store_generate_messages_py[0m
[35m[1mScanning dependencies of target mongodb_store_generate_messages_lisp[0m
[35m[1mScanning dependencies of target mongodb_store_generate_messages_nodejs[0m
[  8%] [34m[1mGenerating EusLisp code from mongodb_store/MongoFind.srv[0m
[ 10%] [34m[1mGenerating C++ code from mongodb_store/GetParam.srv[0m
[ 13%] [34m[1mGenerating C++ code from mongodb_store/SetParam.srv[0m
[ 16%] [34m[1mGenerating C++ code from mongodb_store/MongoFind.srv[0m
[ 18%] [34m[1mGenerating EusLisp code from mongodb_store/SetParam.srv[0m
[ 21%] [34m[1mGenerating Lisp code from mongodb_store/MongoFind.srv[0m
[ 24%] [34m[1mGenerating Python code from SRV mongodb_store/MongoFind[0m
[ 27%] [34m[1mGenerating C++ code from mongodb_store/MongoUpdate.srv[0m
[ 29%] [34m[1mGenerating C++ code from mongodb_store/MongoInsert.srv[0m
[ 32%] [34m[1mGenerating Javascript code from mongodb_store/MongoFind.srv[0m
[ 35%] [34m[1mGenerating Javascript code from mongodb_store/SetParam.srv[0m
[ 40%] [34m[1mGenerating Python code from SRV mongodb_store/SetParam[0m
[ 40%] [34m[1mGenerating Lisp code from mongodb_store/SetParam.srv[0m
[ 43%] [34m[1mGenerating EusLisp code from mongodb_store/MongoInsert.srv[0m
[ 45%] [34m[1mGenerating EusLisp code from mongodb_store/GetParam.srv[0m
[ 48%] [34m[1mGenerating EusLisp manifest code for mongodb_store[0m
[ 51%] [34m[1mGenerating EusLisp code from mongodb_store/MongoUpdate.srv[0m
[ 54%] [34m[1mGenerating Python code from SRV mongodb_store/MongoInsert[0m
[ 56%] [34m[1mGenerating Lisp code from mongodb_store/MongoInsert.srv[0m
[ 59%] [34m[1mGenerating Javascript code from mongodb_store/MongoInsert.srv[0m
[ 62%] [34m[1mGenerating Python code from SRV mongodb_store/GetParam[0m
[ 64%] [34m[1mGenerating Python code from SRV mongodb_store/MongoUpdate[0m
[ 67%] [34m[1mGenerating Lisp code from mongodb_store/GetParam.srv[0m
[ 70%] [34m[1mGenerating Lisp code from mongodb_store/MongoUpdate.srv[0m
[ 72%] [34m[1mGenerating Javascript code from mongodb_store/GetParam.srv[0m
[ 75%] [34m[1mGenerating Javascript code from mongodb_store/MongoUpdate.srv[0m
[ 75%] Built target mongodb_store_generate_messages_lisp
[ 75%] Built target mongodb_store_generate_messages_cpp
[ 75%] Built target mongodb_store_generate_messages_nodejs
[ 78%] [34m[1mGenerating Python srv __init__.py for mongodb_store[0m
[ 78%] Built target mongodb_store_generate_messages_py
[ 81%] [32m[1mLinking CXX shared library devel/lib/libmessage_store.so[0m
[ 81%] Built target mongodb_store_generate_messages_eus
[35m[1mScanning dependencies of target mongodb_store_generate_messages[0m
[ 81%] Built target message_store
[ 81%] Built target mongodb_store_generate_messages
[35m[1mScanning dependencies of target example_multi_event_log[0m
[35m[1mScanning dependencies of target example_mongodb_store_cpp_client[0m
[ 83%] [32mBuilding CXX object CMakeFiles/example_mongodb_store_cpp_client.dir/src/example_mongodb_store_cpp_client.cpp.o[0m
[ 86%] [32mBuilding CXX object CMakeFiles/example_multi_event_log.dir/src/example_multi_event_log.cpp.o[0m
[ 89%] [32m[1mLinking CXX shared library libgtest.so[0m
[ 89%] Built target gtest
[35m[1mScanning dependencies of target message_store_cpp_test[0m
[ 91%] [32mBuilding CXX object CMakeFiles/message_store_cpp_test.dir/tests/message_store_cpp_test.cpp.o[0m
[ 94%] [32m[1mLinking CXX executable devel/lib/mongodb_store/example_mongodb_store_cpp_client[0m
[ 97%] [32m[1mLinking CXX executable devel/lib/mongodb_store/example_multi_event_log[0m
[ 97%] Built target example_mongodb_store_cpp_client
[ 97%] Built target example_multi_event_log
[100%] [32m[1mLinking CXX executable devel/lib/mongodb_store/message_store_cpp_test[0m
[100%] Built target message_store_cpp_test
[35m[1mScanning dependencies of target tests[0m
Built target tests
[  0%] Built target std_msgs_generate_messages_lisp
[  0%] Built target std_msgs_generate_messages_py
[  0%] Built target mongodb_store_msgs_generate_messages_cpp
[  5%] Built target gtest
[  5%] Built target std_msgs_generate_messages_cpp
[  5%] Built target std_msgs_generate_messages_nodejs
[  5%] Built target std_msgs_generate_messages_eus
[  5%] Built target _mongodb_store_generate_messages_check_deps_SetParam
[  5%] Built target _mongodb_store_generate_messages_check_deps_MongoUpdate
[ 10%] Built target message_store
[ 10%] Built target _mongodb_store_generate_messages_check_deps_MongoFind
[ 10%] Built target _mongodb_store_generate_messages_check_deps_MongoInsert
[ 10%] Built target _mongodb_store_generate_messages_check_deps_GetParam
[ 16%] Built target example_mongodb_store_cpp_client
[ 29%] Built target mongodb_store_generate_messages_nodejs
[ 45%] Built target mongodb_store_generate_messages_py
[ 51%] Built target message_store_cpp_test
[ 64%] Built target mongodb_store_generate_messages_cpp
[ 81%] Built target example_multi_event_log
[ 86%] Built target mongodb_store_generate_messages_eus
[100%] Built target mongodb_store_generate_messages_lisp
[100%] Built target mongodb_store_generate_messages
[36mInstall the project...[0m
-- Install configuration: ""
+ cd /home/handsome/ros_ws_test/src/ros_base/mongodb_store/mongodb_store
+ mkdir -p /home/handsome/ros_ws_test/install/mongodb_store/lib/python2.7/dist-packages
+ /usr/bin/env PYTHONPATH=/home/handsome/ros_ws_test/install/mongodb_store/lib/python2.7/dist-packages:/home/handsome/ros_ws_test/build/mongodb_store/lib/python2.7/dist-packages:/home/handsome/ros_ws_test/install/mongodb_store_msgs/lib/python2.7/dist-packages:/home/handsome/ros_ws/install/yocs_cmd_vel_mux/lib/python2.7/dist-packages:/home/handsome/ros_ws/install/tuw_waypoint_to_spline_msgs/lib/python2.7/dist-packages:/home/handsome/ros_ws/install/tuw_multi_robot_router/lib/python2.7/dist-packages:/home/handsome/ros_ws/install/tuw_vehicle_msgs/lib/python2.7/dist-packages:/home/handsome/ros_ws/install/tuw_object_msgs/lib/python2.7/dist-packages:/home/handsome/ros_ws/install/tuw_nav_msgs/lib/python2.7/dist-packages:/home/handsome/ros_ws/install/tuw_multi_robot_msgs/lib/python2.7/dist-packages:/home/handsome/ros_ws/install/tuw_local_controller_msgs/lib/python2.7/dist-packages:/home/handsome/ros_ws/install/tuw_geometry_msgs/lib/python2.7/dist-packages:/home/handsome/ros_ws/install/tuw_geometry/lib/python2.7/dist-packages:/home/handsome/ros_ws/install/tuw_gazebo_msgs/lib/python2.7/dist-packages:/home/handsome/ros_ws/install/tuw_control/lib/python2.7/dist-packages:/home/handsome/ros_ws/install/tuw_airskin_msgs/lib/python2.7/dist-packages:/home/handsome/ros_ws/install/tug_example_msgs/lib/python2.7/dist-packages:/home/handsome/ros_ws/install/teb2_local_planner/lib/python2.7/dist-packages:/home/handsome/ros_ws/install/spatio_temporal_voxel_layer/lib/python2.7/dist-packages:/home/handsome/ros_ws/install/samsungcmd_msgs/lib/python2.7/dist-packages:/home/handsome/ros_ws/install/rp_action_msgs/lib/python2.7/dist-packages:/home/handsome/ros_ws/install/rosserial_xbee/lib/python2.7/dist-packages:/home/handsome/ros_ws/install/rosserial_python/lib/python2.7/dist-packages:/home/handsome/ros_ws/install/rosserial_mbed/lib/python2.7/dist-packages:/home/handsome/ros_ws/install/rosserial_arduino/lib/python2.7/dist-packages:/home/handsome/ros_ws/install/rosserial_client/lib/python2.7/dist-packages:/home/handsome/ros_ws/install/rosserial_msgs/lib/python2.7/dist-packages:/home/handsome/ros_ws/install/robot_scheduling_msgs/lib/python2.7/dist-packages:/home/handsome/ros_ws/install/robot_localization/lib/python2.7/dist-packages:/home/handsome/ros_ws/install/robot_control_msgs/lib/python2.7/dist-packages:/home/handsome/ros_ws/install/reset_location/lib/python2.7/dist-packages:/home/handsome/ros_ws/install/razor_imu_9dof/lib/python2.7/dist-packages:/home/handsome/ros_ws/install/pnp_msgs/lib/python2.7/dist-packages:/home/handsome/ros_ws/install/open_auto_dock_msgs/lib/python2.7/dist-packages:/home/handsome/ros_ws/install/dwb_plugins/lib/python2.7/dist-packages:/home/handsome/ros_ws/install/car_schedule_msgs/lib/python2.7/dist-packages:/home/handsome/ros_ws/install/actionlib_modules_msgs/lib/python2.7/dist-packages:/home/handsome/ros_ws/install/locomotor_msgs/lib/python2.7/dist-packages:/home/handsome/ros_ws/install/dwb_msgs/lib/python2.7/dist-packages:/home/handsome/ros_ws/install/nav_2d_msgs/lib/python2.7/dist-packages:/home/handsome/ros_ws/install/mongodb_store/lib/python2.7/dist-packages:/home/handsome/ros_ws/install/mongodb_store_msgs/lib/python2.7/dist-packages:/home/handsome/ros_ws/install/hyc_multi_robot_msgs/lib/python2.7/dist-packages:/home/handsome/ros_ws/install/fetch_auto_dock_msgs/lib/python2.7/dist-packages:/home/handsome/ros_ws/install/cellctrl_control_msgs/lib/python2.7/dist-packages:/home/handsome/ros_ws/install/car_db_manager_msgs/lib/python2.7/dist-packages:/home/handsome/ros_ws/install/ca_msgs/lib/python2.7/dist-packages:/home/handsome/ros_ws/install/botcmd_msgs/lib/python2.7/dist-packages:/opt/ros/melodic/lib/python2.7/dist-packages CATKIN_BINARY_DIR=/home/handsome/ros_ws_test/build/mongodb_store /usr/bin/python2 /home/handsome/ros_ws_test/src/ros_base/mongodb_store/mongodb_store/setup.py build --build-base /home/handsome/ros_ws_test/build/mongodb_store install --root=/ --install-layout=deb --prefix=/home/handsome/ros_ws_test/install/mongodb_store --install-scripts=/home/handsome/ros_ws_test/install/mongodb_store/bin
running build
running build_py
creating /home/handsome/ros_ws_test/build/mongodb_store/lib.linux-x86_64-2.7
creating /home/handsome/ros_ws_test/build/mongodb_store/lib.linux-x86_64-2.7/mongodb_store
copying src/mongodb_store/__init__.py -> /home/handsome/ros_ws_test/build/mongodb_store/lib.linux-x86_64-2.7/mongodb_store
copying src/mongodb_store/util.py -> /home/handsome/ros_ws_test/build/mongodb_store/lib.linux-x86_64-2.7/mongodb_store
copying src/mongodb_store/message_store.py -> /home/handsome/ros_ws_test/build/mongodb_store/lib.linux-x86_64-2.7/mongodb_store
running install
running install_lib
creating /home/handsome/ros_ws_test/install/mongodb_store/lib/python2.7/dist-packages/mongodb_store
copying /home/handsome/ros_ws_test/build/mongodb_store/lib.linux-x86_64-2.7/mongodb_store/__init__.py -> /home/handsome/ros_ws_test/install/mongodb_store/lib/python2.7/dist-packages/mongodb_store
copying /home/handsome/ros_ws_test/build/mongodb_store/lib.linux-x86_64-2.7/mongodb_store/util.py -> /home/handsome/ros_ws_test/install/mongodb_store/lib/python2.7/dist-packages/mongodb_store
copying /home/handsome/ros_ws_test/build/mongodb_store/lib.linux-x86_64-2.7/mongodb_store/message_store.py -> /home/handsome/ros_ws_test/install/mongodb_store/lib/python2.7/dist-packages/mongodb_store
byte-compiling /home/handsome/ros_ws_test/install/mongodb_store/lib/python2.7/dist-packages/mongodb_store/__init__.py to __init__.pyc
byte-compiling /home/handsome/ros_ws_test/install/mongodb_store/lib/python2.7/dist-packages/mongodb_store/util.py to util.pyc
byte-compiling /home/handsome/ros_ws_test/install/mongodb_store/lib/python2.7/dist-packages/mongodb_store/message_store.py to message_store.pyc
running install_egg_info
Writing /home/handsome/ros_ws_test/install/mongodb_store/lib/python2.7/dist-packages/mongodb_store-0.5.0.egg-info
-- Installing: /home/handsome/ros_ws_test/install/mongodb_store/share/mongodb_store/srv/GetParam.srv
-- Installing: /home/handsome/ros_ws_test/install/mongodb_store/share/mongodb_store/srv/SetParam.srv
-- Installing: /home/handsome/ros_ws_test/install/mongodb_store/share/mongodb_store/srv/MongoFind.srv
-- Installing: /home/handsome/ros_ws_test/install/mongodb_store/share/mongodb_store/srv/MongoUpdate.srv
-- Installing: /home/handsome/ros_ws_test/install/mongodb_store/share/mongodb_store/srv/MongoInsert.srv
-- Installing: /home/handsome/ros_ws_test/install/mongodb_store/share/mongodb_store/cmake/mongodb_store-msg-paths.cmake
-- Installing: /home/handsome/ros_ws_test/install/mongodb_store/include/mongodb_store
-- Installing: /home/handsome/ros_ws_test/install/mongodb_store/include/mongodb_store/MongoFind.h
-- Installing: /home/handsome/ros_ws_test/install/mongodb_store/include/mongodb_store/MongoUpdate.h
-- Installing: /home/handsome/ros_ws_test/install/mongodb_store/include/mongodb_store/GetParamResponse.h
-- Installing: /home/handsome/ros_ws_test/install/mongodb_store/include/mongodb_store/MongoInsertResponse.h
-- Installing: /home/handsome/ros_ws_test/install/mongodb_store/include/mongodb_store/SetParamRequest.h
-- Installing: /home/handsome/ros_ws_test/install/mongodb_store/include/mongodb_store/MongoUpdateRequest.h
-- Installing: /home/handsome/ros_ws_test/install/mongodb_store/include/mongodb_store/MongoFindResponse.h
-- Installing: /home/handsome/ros_ws_test/install/mongodb_store/include/mongodb_store/SetParam.h
-- Installing: /home/handsome/ros_ws_test/install/mongodb_store/include/mongodb_store/SetParamResponse.h
-- Installing: /home/handsome/ros_ws_test/install/mongodb_store/include/mongodb_store/GetParam.h
-- Installing: /home/handsome/ros_ws_test/install/mongodb_store/include/mongodb_store/GetParamRequest.h
-- Installing: /home/handsome/ros_ws_test/install/mongodb_store/include/mongodb_store/MongoFindRequest.h
-- Installing: /home/handsome/ros_ws_test/install/mongodb_store/include/mongodb_store/MongoInsertRequest.h
-- Installing: /home/handsome/ros_ws_test/install/mongodb_store/include/mongodb_store/MongoUpdateResponse.h
-- Installing: /home/handsome/ros_ws_test/install/mongodb_store/include/mongodb_store/MongoInsert.h
-- Installing: /home/handsome/ros_ws_test/install/mongodb_store/share/roseus/ros/mongodb_store
-- Installing: /home/handsome/ros_ws_test/install/mongodb_store/share/roseus/ros/mongodb_store/manifest.l
-- Installing: /home/handsome/ros_ws_test/install/mongodb_store/share/roseus/ros/mongodb_store/srv
-- Installing: /home/handsome/ros_ws_test/install/mongodb_store/share/roseus/ros/mongodb_store/srv/MongoInsert.l
-- Installing: /home/handsome/ros_ws_test/install/mongodb_store/share/roseus/ros/mongodb_store/srv/GetParam.l
-- Installing: /home/handsome/ros_ws_test/install/mongodb_store/share/roseus/ros/mongodb_store/srv/SetParam.l
-- Installing: /home/handsome/ros_ws_test/install/mongodb_store/share/roseus/ros/mongodb_store/srv/MongoFind.l
-- Installing: /home/handsome/ros_ws_test/install/mongodb_store/share/roseus/ros/mongodb_store/srv/MongoUpdate.l
-- Installing: /home/handsome/ros_ws_test/install/mongodb_store/share/common-lisp/ros/mongodb_store
-- Installing: /home/handsome/ros_ws_test/install/mongodb_store/share/common-lisp/ros/mongodb_store/srv
-- Installing: /home/handsome/ros_ws_test/install/mongodb_store/share/common-lisp/ros/mongodb_store/srv/_package_MongoInsert.lisp
-- Installing: /home/handsome/ros_ws_test/install/mongodb_store/share/common-lisp/ros/mongodb_store/srv/SetParam.lisp
-- Installing: /home/handsome/ros_ws_test/install/mongodb_store/share/common-lisp/ros/mongodb_store/srv/_package_MongoUpdate.lisp
-- Installing: /home/handsome/ros_ws_test/install/mongodb_store/share/common-lisp/ros/mongodb_store/srv/_package_MongoFind.lisp
-- Installing: /home/handsome/ros_ws_test/install/mongodb_store/share/common-lisp/ros/mongodb_store/srv/GetParam.lisp
-- Installing: /home/handsome/ros_ws_test/install/mongodb_store/share/common-lisp/ros/mongodb_store/srv/_package.lisp
-- Installing: /home/handsome/ros_ws_test/install/mongodb_store/share/common-lisp/ros/mongodb_store/srv/MongoUpdate.lisp
-- Installing: /home/handsome/ros_ws_test/install/mongodb_store/share/common-lisp/ros/mongodb_store/srv/mongodb_store-srv.asd
-- Installing: /home/handsome/ros_ws_test/install/mongodb_store/share/common-lisp/ros/mongodb_store/srv/_package_GetParam.lisp
-- Installing: /home/handsome/ros_ws_test/install/mongodb_store/share/common-lisp/ros/mongodb_store/srv/_package_SetParam.lisp
-- Installing: /home/handsome/ros_ws_test/install/mongodb_store/share/common-lisp/ros/mongodb_store/srv/MongoFind.lisp
-- Installing: /home/handsome/ros_ws_test/install/mongodb_store/share/common-lisp/ros/mongodb_store/srv/MongoInsert.lisp
-- Installing: /home/handsome/ros_ws_test/install/mongodb_store/share/gennodejs/ros/mongodb_store
-- Installing: /home/handsome/ros_ws_test/install/mongodb_store/share/gennodejs/ros/mongodb_store/_index.js
-- Installing: /home/handsome/ros_ws_test/install/mongodb_store/share/gennodejs/ros/mongodb_store/srv
-- Installing: /home/handsome/ros_ws_test/install/mongodb_store/share/gennodejs/ros/mongodb_store/srv/MongoUpdate.js
-- Installing: /home/handsome/ros_ws_test/install/mongodb_store/share/gennodejs/ros/mongodb_store/srv/MongoFind.js
-- Installing: /home/handsome/ros_ws_test/install/mongodb_store/share/gennodejs/ros/mongodb_store/srv/_index.js
-- Installing: /home/handsome/ros_ws_test/install/mongodb_store/share/gennodejs/ros/mongodb_store/srv/MongoInsert.js
-- Installing: /home/handsome/ros_ws_test/install/mongodb_store/share/gennodejs/ros/mongodb_store/srv/GetParam.js
-- Installing: /home/handsome/ros_ws_test/install/mongodb_store/share/gennodejs/ros/mongodb_store/srv/SetParam.js
Listing /home/handsome/ros_ws_test/build/mongodb_store/devel/lib/python2.7/dist-packages/mongodb_store ...
Compiling /home/handsome/ros_ws_test/build/mongodb_store/devel/lib/python2.7/dist-packages/mongodb_store/__init__.py ...
Listing /home/handsome/ros_ws_test/build/mongodb_store/devel/lib/python2.7/dist-packages/mongodb_store/srv ...
Compiling /home/handsome/ros_ws_test/build/mongodb_store/devel/lib/python2.7/dist-packages/mongodb_store/srv/_GetParam.py ...
Compiling /home/handsome/ros_ws_test/build/mongodb_store/devel/lib/python2.7/dist-packages/mongodb_store/srv/_MongoFind.py ...
Compiling /home/handsome/ros_ws_test/build/mongodb_store/devel/lib/python2.7/dist-packages/mongodb_store/srv/_MongoInsert.py ...
Compiling /home/handsome/ros_ws_test/build/mongodb_store/devel/lib/python2.7/dist-packages/mongodb_store/srv/_MongoUpdate.py ...
Compiling /home/handsome/ros_ws_test/build/mongodb_store/devel/lib/python2.7/dist-packages/mongodb_store/srv/_SetParam.py ...
Compiling /home/handsome/ros_ws_test/build/mongodb_store/devel/lib/python2.7/dist-packages/mongodb_store/srv/__init__.py ...
-- Up-to-date: /home/handsome/ros_ws_test/install/mongodb_store/lib/python2.7/dist-packages/mongodb_store
-- Installing: /home/handsome/ros_ws_test/install/mongodb_store/lib/python2.7/dist-packages/mongodb_store/srv
-- Installing: /home/handsome/ros_ws_test/install/mongodb_store/lib/python2.7/dist-packages/mongodb_store/srv/_MongoUpdate.pyc
-- Installing: /home/handsome/ros_ws_test/install/mongodb_store/lib/python2.7/dist-packages/mongodb_store/srv/_SetParam.py
-- Installing: /home/handsome/ros_ws_test/install/mongodb_store/lib/python2.7/dist-packages/mongodb_store/srv/_MongoFind.pyc
-- Installing: /home/handsome/ros_ws_test/install/mongodb_store/lib/python2.7/dist-packages/mongodb_store/srv/_MongoInsert.pyc
-- Installing: /home/handsome/ros_ws_test/install/mongodb_store/lib/python2.7/dist-packages/mongodb_store/srv/_GetParam.pyc
-- Installing: /home/handsome/ros_ws_test/install/mongodb_store/lib/python2.7/dist-packages/mongodb_store/srv/_GetParam.py
-- Installing: /home/handsome/ros_ws_test/install/mongodb_store/lib/python2.7/dist-packages/mongodb_store/srv/_MongoFind.py
-- Installing: /home/handsome/ros_ws_test/install/mongodb_store/lib/python2.7/dist-packages/mongodb_store/srv/_MongoUpdate.py
-- Installing: /home/handsome/ros_ws_test/install/mongodb_store/lib/python2.7/dist-packages/mongodb_store/srv/_SetParam.pyc
-- Installing: /home/handsome/ros_ws_test/install/mongodb_store/lib/python2.7/dist-packages/mongodb_store/srv/_MongoInsert.py
-- Up-to-date: /home/handsome/ros_ws_test/install/mongodb_store/lib/python2.7/dist-packages/mongodb_store
-- Up-to-date: /home/handsome/ros_ws_test/install/mongodb_store/lib/python2.7/dist-packages/mongodb_store/srv
-- Installing: /home/handsome/ros_ws_test/install/mongodb_store/lib/python2.7/dist-packages/mongodb_store/srv/__init__.py
-- Installing: /home/handsome/ros_ws_test/install/mongodb_store/lib/python2.7/dist-packages/mongodb_store/srv/__init__.pyc
-- Installing: /home/handsome/ros_ws_test/install/mongodb_store/lib/pkgconfig/mongodb_store.pc
-- Installing: /home/handsome/ros_ws_test/install/mongodb_store/share/mongodb_store/cmake/mongodb_store-msg-extras.cmake
-- Installing: /home/handsome/ros_ws_test/install/mongodb_store/share/mongodb_store/cmake/mongodb_storeConfig.cmake
-- Installing: /home/handsome/ros_ws_test/install/mongodb_store/share/mongodb_store/cmake/mongodb_storeConfig-version.cmake
-- Installing: /home/handsome/ros_ws_test/install/mongodb_store/share/mongodb_store/package.xml
-- Installing: /home/handsome/ros_ws_test/install/mongodb_store/lib/mongodb_store
-- Installing: /home/handsome/ros_ws_test/install/mongodb_store/lib/mongodb_store/config_manager.py
-- Installing: /home/handsome/ros_ws_test/install/mongodb_store/lib/mongodb_store/replicator_client.py
-- Installing: /home/handsome/ros_ws_test/install/mongodb_store/lib/mongodb_store/replicator_node.py
-- Installing: /home/handsome/ros_ws_test/install/mongodb_store/lib/mongodb_store/mongodb_play.py
-- Installing: /home/handsome/ros_ws_test/install/mongodb_store/lib/mongodb_store/message_store_node.py
-- Installing: /home/handsome/ros_ws_test/install/mongodb_store/lib/mongodb_store/example_message_store_client.py
-- Installing: /home/handsome/ros_ws_test/install/mongodb_store/lib/mongodb_store/mongodb_server.py
-- Installing: /home/handsome/ros_ws_test/install/mongodb_store/lib/mongodb_store/mongo_bridge.py
-- Installing: /home/handsome/ros_ws_test/install/mongodb_store/lib/mongodb_store/example_multi_event_log.py
-- Installing: /home/handsome/ros_ws_test/install/mongodb_store/share/mongodb_store/launch
-- Installing: /home/handsome/ros_ws_test/install/mongodb_store/share/mongodb_store/launch/mongodb_store_inc.launch
-- Installing: /home/handsome/ros_ws_test/install/mongodb_store/share/mongodb_store/launch/mongodb_store.launch
-- Installing: /home/handsome/ros_ws_test/install/mongodb_store/share/mongodb_store/launch/_mongodb_store.launch
-- Up-to-date: /home/handsome/ros_ws_test/install/mongodb_store/include/mongodb_store
-- Installing: /home/handsome/ros_ws_test/install/mongodb_store/include/mongodb_store/message_store.h
-- Installing: /home/handsome/ros_ws_test/install/mongodb_store/include/mongodb_store/util.h
-- Installing: /home/handsome/ros_ws_test/install/mongodb_store/lib/mongodb_store/example_mongodb_store_cpp_client
-- Set runtime path of "/home/handsome/ros_ws_test/install/mongodb_store/lib/mongodb_store/example_mongodb_store_cpp_client" to ""
-- Installing: /home/handsome/ros_ws_test/install/mongodb_store/lib/mongodb_store/example_multi_event_log
-- Set runtime path of "/home/handsome/ros_ws_test/install/mongodb_store/lib/mongodb_store/example_multi_event_log" to ""
-- Installing: /home/handsome/ros_ws_test/install/mongodb_store/lib/libmessage_store.so
-- Set runtime path of "/home/handsome/ros_ws_test/install/mongodb_store/lib/libmessage_store.so" to ""
