[  0%] Built target actionlib_msgs_generate_messages_py
[  0%] Built target std_msgs_generate_messages_py
[  0%] Built target geometry_msgs_generate_messages_py
[  0%] Built target _cellctrl_control_msgs_generate_messages_check_deps_base_cell_controller
[  0%] Built target _cellctrl_control_msgs_generate_messages_check_deps_cell_agv_imu
[  0%] Built target _cellctrl_control_msgs_generate_messages_check_deps_cell_alarmhistory_cmd
[  0%] Built target _cellctrl_control_msgs_generate_messages_check_deps_cell_operatehistory_cmd
[  0%] Built target _cellctrl_control_msgs_generate_messages_check_deps_cell_maintainhistory
[  0%] Built target _cellctrl_control_msgs_generate_messages_check_deps_cell_base_device
[  0%] Built target _cellctrl_control_msgs_generate_messages_check_deps_cell_base_maintain
[  0%] Built target _cellctrl_control_msgs_generate_messages_check_deps_cell_base_mcfunction_cmd
[  0%] Built target _cellctrl_control_msgs_generate_messages_check_deps_cell_battery_caculate_cmd
[  0%] Built target _cellctrl_control_msgs_generate_messages_check_deps_cell_base_operate
[  0%] Built target _cellctrl_control_msgs_generate_messages_check_deps_cell_agv_main_cmd
[  0%] Built target _cellctrl_control_msgs_generate_messages_check_deps_cell_work_stationitems
[  0%] Built target _cellctrl_control_msgs_generate_messages_check_deps_cell_agv_basetype_cmd
[  0%] Built target _cellctrl_control_msgs_generate_messages_check_deps_cell_agv_lidar
[  0%] Built target _cellctrl_control_msgs_generate_messages_check_deps_cell_work_ordergoods_cmd
[  0%] Built target _cellctrl_control_msgs_generate_messages_check_deps_cell_agv_motor
[  0%] Built target _cellctrl_control_msgs_generate_messages_check_deps_cell_agv_battery_cmd
[  0%] Built target _cellctrl_control_msgs_generate_messages_check_deps_cell_agv_camera_cmd
[  0%] Built target _cellctrl_control_msgs_generate_messages_check_deps_cell_work_orderitems_cmd
[  0%] Built target _cellctrl_control_msgs_generate_messages_check_deps_cell_work_ordergoods
[  0%] Built target _cellctrl_control_msgs_generate_messages_check_deps_cell_alarmhistory
[  0%] Built target _cellctrl_control_msgs_generate_messages_check_deps_cell_battery_caculate
[  0%] Built target _cellctrl_control_msgs_generate_messages_check_deps_cell_battery_remain_cmd
[  0%] Built target std_srvs_generate_messages_py
[  0%] Built target _cellctrl_control_msgs_generate_messages_check_deps_cell_agv_basetypeitems_cmd
[  0%] Built target _cellctrl_control_msgs_generate_messages_check_deps_cell_base_device_cmd
[  0%] Built target _cellctrl_control_msgs_generate_messages_check_deps_cell_agv_camera
[  0%] Built target _cellctrl_control_msgs_generate_messages_check_deps_cell_agv_basetypeitems
[  0%] Built target _cellctrl_control_msgs_generate_messages_check_deps_cell_work_stations_cmd
[  0%] Built target _cellctrl_control_msgs_generate_messages_check_deps_cell_work_stations
[  0%] Built target _cellctrl_control_msgs_generate_messages_check_deps_cell_operatehistory
[  0%] Built target _cellctrl_control_msgs_generate_messages_check_deps_cell_base_mcfunction
[  0%] Built target _cellctrl_control_msgs_generate_messages_check_deps_cell_base_alarm
[  0%] Built target _cellctrl_control_msgs_generate_messages_check_deps_base_cell_controller_cmd
[  0%] Built target _cellctrl_control_msgs_generate_messages_check_deps_cell_agv_lidar_cmd
[  0%] Built target _cellctrl_control_msgs_generate_messages_check_deps_cell_battery_remain
[  0%] Built target _cellctrl_control_msgs_generate_messages_check_deps_cell_work_order_cmd
[  0%] Built target _cellctrl_control_msgs_generate_messages_check_deps_cell_base_alarm_cmd
[  0%] Built target _cellctrl_control_msgs_generate_messages_check_deps_cell_base_transfer_cmd
[  0%] Built target _cellctrl_control_msgs_generate_messages_check_deps_cell_base_transfer
[  0%] Built target _cellctrl_control_msgs_generate_messages_check_deps_cell_work_order
[  0%] Built target _cellctrl_control_msgs_generate_messages_check_deps_cell_agv_battery
[  0%] Built target _cellctrl_control_msgs_generate_messages_check_deps_cell_work_orderitems
[  0%] Built target _cellctrl_control_msgs_generate_messages_check_deps_cell_agv_basetype
[  0%] Built target std_srvs_generate_messages_eus
[  0%] Built target _cellctrl_control_msgs_generate_messages_check_deps_cell_agv_imu_cmd
[  0%] Built target geometry_msgs_generate_messages_eus
[  0%] Built target _cellctrl_control_msgs_generate_messages_check_deps_cell_base_maintain_cmd
[  0%] Built target actionlib_msgs_generate_messages_eus
[  0%] Built target _cellctrl_control_msgs_generate_messages_check_deps_cell_agv_motor_cmd
[  0%] Built target std_msgs_generate_messages_eus
[  0%] Built target _cellctrl_control_msgs_generate_messages_check_deps_cell_base_operate_cmd
[  0%] Built target _cellctrl_control_msgs_generate_messages_check_deps_cell_agv_main
[  0%] Built target _cellctrl_control_msgs_generate_messages_check_deps_cell_work_stationitems_cmd
[  0%] Built target std_msgs_generate_messages_cpp
[  0%] Built target geometry_msgs_generate_messages_cpp
[  0%] Built target std_srvs_generate_messages_cpp
[  0%] Built target actionlib_msgs_generate_messages_nodejs
[  0%] Built target actionlib_msgs_generate_messages_cpp
[  0%] Built target std_srvs_generate_messages_nodejs
[  0%] Built target actionlib_msgs_generate_messages_lisp
[  0%] Built target _cellctrl_control_msgs_generate_messages_check_deps_cell_maintainhistory_cmd
[  0%] Built target std_msgs_generate_messages_nodejs
[  0%] Built target geometry_msgs_generate_messages_nodejs
[  0%] Built target geometry_msgs_generate_messages_lisp
[  0%] Built target std_msgs_generate_messages_lisp
[  0%] Built target std_srvs_generate_messages_lisp
[ 20%] Built target cellctrl_control_msgs_generate_messages_py
[ 38%] Built target cellctrl_control_msgs_generate_messages_cpp
[ 60%] Built target cellctrl_control_msgs_generate_messages_eus
[ 80%] Built target cellctrl_control_msgs_generate_messages_nodejs
[100%] Built target cellctrl_control_msgs_generate_messages_lisp
[100%] Built target cellctrl_control_msgs_generate_messages
Built target tests
[  0%] Built target geometry_msgs_generate_messages_py
[  0%] Built target actionlib_msgs_generate_messages_py
[  0%] Built target std_msgs_generate_messages_py
[  0%] Built target _cellctrl_control_msgs_generate_messages_check_deps_cell_maintainhistory
[  0%] Built target _cellctrl_control_msgs_generate_messages_check_deps_cell_base_maintain
[  0%] Built target _cellctrl_control_msgs_generate_messages_check_deps_base_cell_controller
[  0%] Built target _cellctrl_control_msgs_generate_messages_check_deps_cell_agv_imu
[  0%] Built target _cellctrl_control_msgs_generate_messages_check_deps_cell_base_device
[  0%] Built target _cellctrl_control_msgs_generate_messages_check_deps_cell_operatehistory_cmd
[  0%] Built target _cellctrl_control_msgs_generate_messages_check_deps_cell_base_mcfunction_cmd
[  0%] Built target _cellctrl_control_msgs_generate_messages_check_deps_cell_battery_caculate_cmd
[  0%] Built target _cellctrl_control_msgs_generate_messages_check_deps_cell_alarmhistory_cmd
[  0%] Built target _cellctrl_control_msgs_generate_messages_check_deps_cell_agv_main_cmd
[  0%] Built target _cellctrl_control_msgs_generate_messages_check_deps_cell_work_stationitems
[  0%] Built target _cellctrl_control_msgs_generate_messages_check_deps_cell_base_operate
[  0%] Built target _cellctrl_control_msgs_generate_messages_check_deps_cell_work_orderitems_cmd
[  0%] Built target _cellctrl_control_msgs_generate_messages_check_deps_cell_agv_basetype_cmd
[  0%] Built target _cellctrl_control_msgs_generate_messages_check_deps_cell_alarmhistory
[  0%] Built target _cellctrl_control_msgs_generate_messages_check_deps_cell_agv_lidar
[  0%] Built target _cellctrl_control_msgs_generate_messages_check_deps_cell_work_ordergoods
[  0%] Built target _cellctrl_control_msgs_generate_messages_check_deps_cell_agv_battery_cmd
[  0%] Built target _cellctrl_control_msgs_generate_messages_check_deps_cell_agv_camera_cmd
[  0%] Built target _cellctrl_control_msgs_generate_messages_check_deps_cell_agv_motor
[  0%] Built target _cellctrl_control_msgs_generate_messages_check_deps_cell_work_ordergoods_cmd
[  0%] Built target _cellctrl_control_msgs_generate_messages_check_deps_cell_agv_basetypeitems_cmd
[  0%] Built target _cellctrl_control_msgs_generate_messages_check_deps_cell_battery_remain_cmd
[  0%] Built target _cellctrl_control_msgs_generate_messages_check_deps_cell_battery_caculate
[  0%] Built target std_srvs_generate_messages_py
[  0%] Built target _cellctrl_control_msgs_generate_messages_check_deps_cell_agv_camera
[  0%] Built target _cellctrl_control_msgs_generate_messages_check_deps_cell_operatehistory
[  0%] Built target _cellctrl_control_msgs_generate_messages_check_deps_cell_work_stations_cmd
[  0%] Built target _cellctrl_control_msgs_generate_messages_check_deps_cell_base_device_cmd
[  0%] Built target _cellctrl_control_msgs_generate_messages_check_deps_cell_work_stations
[  0%] Built target _cellctrl_control_msgs_generate_messages_check_deps_cell_base_mcfunction
[  0%] Built target _cellctrl_control_msgs_generate_messages_check_deps_cell_agv_basetypeitems
[  0%] Built target _cellctrl_control_msgs_generate_messages_check_deps_cell_base_alarm
[  0%] Built target _cellctrl_control_msgs_generate_messages_check_deps_cell_work_order_cmd
[  0%] Built target _cellctrl_control_msgs_generate_messages_check_deps_cell_battery_remain
[  0%] Built target _cellctrl_control_msgs_generate_messages_check_deps_base_cell_controller_cmd
[  0%] Built target _cellctrl_control_msgs_generate_messages_check_deps_cell_base_transfer
[  0%] Built target _cellctrl_control_msgs_generate_messages_check_deps_cell_base_transfer_cmd
[  0%] Built target _cellctrl_control_msgs_generate_messages_check_deps_cell_agv_lidar_cmd
[  0%] Built target _cellctrl_control_msgs_generate_messages_check_deps_cell_work_order
[  0%] Built target _cellctrl_control_msgs_generate_messages_check_deps_cell_base_alarm_cmd
[  0%] Built target _cellctrl_control_msgs_generate_messages_check_deps_cell_agv_basetype
[  0%] Built target _cellctrl_control_msgs_generate_messages_check_deps_cell_agv_imu_cmd
[  0%] Built target _cellctrl_control_msgs_generate_messages_check_deps_cell_work_orderitems
[  0%] Built target _cellctrl_control_msgs_generate_messages_check_deps_cell_agv_battery
[  0%] Built target _cellctrl_control_msgs_generate_messages_check_deps_cell_base_operate_cmd
[  0%] Built target _cellctrl_control_msgs_generate_messages_check_deps_cell_base_maintain_cmd
[  0%] Built target _cellctrl_control_msgs_generate_messages_check_deps_cell_agv_motor_cmd
[  0%] Built target geometry_msgs_generate_messages_eus
[  0%] Built target geometry_msgs_generate_messages_cpp
[  0%] Built target std_srvs_generate_messages_eus
[  0%] Built target std_msgs_generate_messages_eus
[  0%] Built target actionlib_msgs_generate_messages_eus
[  0%] Built target std_msgs_generate_messages_cpp
[  0%] Built target _cellctrl_control_msgs_generate_messages_check_deps_cell_work_stationitems_cmd
[  0%] Built target _cellctrl_control_msgs_generate_messages_check_deps_cell_maintainhistory_cmd
[  0%] Built target std_srvs_generate_messages_nodejs
[  0%] Built target std_srvs_generate_messages_cpp
[  0%] Built target _cellctrl_control_msgs_generate_messages_check_deps_cell_agv_main
[  0%] Built target actionlib_msgs_generate_messages_nodejs
[  0%] Built target std_msgs_generate_messages_nodejs
[  0%] Built target actionlib_msgs_generate_messages_cpp
[  0%] Built target actionlib_msgs_generate_messages_lisp
[  0%] Built target geometry_msgs_generate_messages_nodejs
[  0%] Built target std_srvs_generate_messages_lisp
[  0%] Built target geometry_msgs_generate_messages_lisp
[  0%] Built target std_msgs_generate_messages_lisp
[ 20%] Built target cellctrl_control_msgs_generate_messages_py
[ 41%] Built target cellctrl_control_msgs_generate_messages_eus
[ 61%] Built target cellctrl_control_msgs_generate_messages_nodejs
[ 80%] Built target cellctrl_control_msgs_generate_messages_cpp
[100%] Built target cellctrl_control_msgs_generate_messages_lisp
[100%] Built target cellctrl_control_msgs_generate_messages
[36mInstall the project...[0m
-- Install configuration: ""
-- Up-to-date: /home/handsome/ros_ws_test/install/cellctrl_control_msgs/share/cellctrl_control_msgs/msg/cell_base_device.msg
-- Up-to-date: /home/handsome/ros_ws_test/install/cellctrl_control_msgs/share/cellctrl_control_msgs/msg/cell_base_transfer.msg
-- Up-to-date: /home/handsome/ros_ws_test/install/cellctrl_control_msgs/share/cellctrl_control_msgs/msg/cell_base_mcfunction.msg
-- Up-to-date: /home/handsome/ros_ws_test/install/cellctrl_control_msgs/share/cellctrl_control_msgs/msg/cell_base_alarm.msg
-- Up-to-date: /home/handsome/ros_ws_test/install/cellctrl_control_msgs/share/cellctrl_control_msgs/msg/cell_base_maintain.msg
-- Up-to-date: /home/handsome/ros_ws_test/install/cellctrl_control_msgs/share/cellctrl_control_msgs/msg/cell_base_operate.msg
-- Up-to-date: /home/handsome/ros_ws_test/install/cellctrl_control_msgs/share/cellctrl_control_msgs/msg/base_cell_controller.msg
-- Up-to-date: /home/handsome/ros_ws_test/install/cellctrl_control_msgs/share/cellctrl_control_msgs/msg/cell_agv_basetype.msg
-- Up-to-date: /home/handsome/ros_ws_test/install/cellctrl_control_msgs/share/cellctrl_control_msgs/msg/cell_agv_basetypeitems.msg
-- Up-to-date: /home/handsome/ros_ws_test/install/cellctrl_control_msgs/share/cellctrl_control_msgs/msg/cell_work_order.msg
-- Up-to-date: /home/handsome/ros_ws_test/install/cellctrl_control_msgs/share/cellctrl_control_msgs/msg/cell_work_ordergoods.msg
-- Up-to-date: /home/handsome/ros_ws_test/install/cellctrl_control_msgs/share/cellctrl_control_msgs/msg/cell_work_orderitems.msg
-- Up-to-date: /home/handsome/ros_ws_test/install/cellctrl_control_msgs/share/cellctrl_control_msgs/msg/cell_work_stations.msg
-- Up-to-date: /home/handsome/ros_ws_test/install/cellctrl_control_msgs/share/cellctrl_control_msgs/msg/cell_work_stationitems.msg
-- Up-to-date: /home/handsome/ros_ws_test/install/cellctrl_control_msgs/share/cellctrl_control_msgs/msg/cell_agv_main.msg
-- Up-to-date: /home/handsome/ros_ws_test/install/cellctrl_control_msgs/share/cellctrl_control_msgs/msg/cell_agv_motor.msg
-- Up-to-date: /home/handsome/ros_ws_test/install/cellctrl_control_msgs/share/cellctrl_control_msgs/msg/cell_agv_imu.msg
-- Up-to-date: /home/handsome/ros_ws_test/install/cellctrl_control_msgs/share/cellctrl_control_msgs/msg/cell_agv_lidar.msg
-- Up-to-date: /home/handsome/ros_ws_test/install/cellctrl_control_msgs/share/cellctrl_control_msgs/msg/cell_agv_camera.msg
-- Up-to-date: /home/handsome/ros_ws_test/install/cellctrl_control_msgs/share/cellctrl_control_msgs/msg/cell_agv_battery.msg
-- Up-to-date: /home/handsome/ros_ws_test/install/cellctrl_control_msgs/share/cellctrl_control_msgs/msg/cell_battery_caculate.msg
-- Up-to-date: /home/handsome/ros_ws_test/install/cellctrl_control_msgs/share/cellctrl_control_msgs/msg/cell_battery_remain.msg
-- Up-to-date: /home/handsome/ros_ws_test/install/cellctrl_control_msgs/share/cellctrl_control_msgs/msg/cell_alarmhistory.msg
-- Up-to-date: /home/handsome/ros_ws_test/install/cellctrl_control_msgs/share/cellctrl_control_msgs/msg/cell_maintainhistory.msg
-- Up-to-date: /home/handsome/ros_ws_test/install/cellctrl_control_msgs/share/cellctrl_control_msgs/msg/cell_operatehistory.msg
-- Up-to-date: /home/handsome/ros_ws_test/install/cellctrl_control_msgs/share/cellctrl_control_msgs/srv/cell_base_device_cmd.srv
-- Up-to-date: /home/handsome/ros_ws_test/install/cellctrl_control_msgs/share/cellctrl_control_msgs/srv/cell_base_transfer_cmd.srv
-- Up-to-date: /home/handsome/ros_ws_test/install/cellctrl_control_msgs/share/cellctrl_control_msgs/srv/cell_base_mcfunction_cmd.srv
-- Up-to-date: /home/handsome/ros_ws_test/install/cellctrl_control_msgs/share/cellctrl_control_msgs/srv/cell_base_alarm_cmd.srv
-- Up-to-date: /home/handsome/ros_ws_test/install/cellctrl_control_msgs/share/cellctrl_control_msgs/srv/cell_base_maintain_cmd.srv
-- Up-to-date: /home/handsome/ros_ws_test/install/cellctrl_control_msgs/share/cellctrl_control_msgs/srv/cell_base_operate_cmd.srv
-- Up-to-date: /home/handsome/ros_ws_test/install/cellctrl_control_msgs/share/cellctrl_control_msgs/srv/base_cell_controller_cmd.srv
-- Up-to-date: /home/handsome/ros_ws_test/install/cellctrl_control_msgs/share/cellctrl_control_msgs/srv/cell_agv_basetype_cmd.srv
-- Up-to-date: /home/handsome/ros_ws_test/install/cellctrl_control_msgs/share/cellctrl_control_msgs/srv/cell_agv_basetypeitems_cmd.srv
-- Up-to-date: /home/handsome/ros_ws_test/install/cellctrl_control_msgs/share/cellctrl_control_msgs/srv/cell_work_order_cmd.srv
-- Up-to-date: /home/handsome/ros_ws_test/install/cellctrl_control_msgs/share/cellctrl_control_msgs/srv/cell_work_ordergoods_cmd.srv
-- Up-to-date: /home/handsome/ros_ws_test/install/cellctrl_control_msgs/share/cellctrl_control_msgs/srv/cell_work_orderitems_cmd.srv
-- Up-to-date: /home/handsome/ros_ws_test/install/cellctrl_control_msgs/share/cellctrl_control_msgs/srv/cell_work_stations_cmd.srv
-- Up-to-date: /home/handsome/ros_ws_test/install/cellctrl_control_msgs/share/cellctrl_control_msgs/srv/cell_work_stationitems_cmd.srv
-- Up-to-date: /home/handsome/ros_ws_test/install/cellctrl_control_msgs/share/cellctrl_control_msgs/srv/cell_agv_main_cmd.srv
-- Up-to-date: /home/handsome/ros_ws_test/install/cellctrl_control_msgs/share/cellctrl_control_msgs/srv/cell_agv_motor_cmd.srv
-- Up-to-date: /home/handsome/ros_ws_test/install/cellctrl_control_msgs/share/cellctrl_control_msgs/srv/cell_agv_imu_cmd.srv
-- Up-to-date: /home/handsome/ros_ws_test/install/cellctrl_control_msgs/share/cellctrl_control_msgs/srv/cell_agv_lidar_cmd.srv
-- Up-to-date: /home/handsome/ros_ws_test/install/cellctrl_control_msgs/share/cellctrl_control_msgs/srv/cell_agv_camera_cmd.srv
-- Up-to-date: /home/handsome/ros_ws_test/install/cellctrl_control_msgs/share/cellctrl_control_msgs/srv/cell_agv_battery_cmd.srv
-- Up-to-date: /home/handsome/ros_ws_test/install/cellctrl_control_msgs/share/cellctrl_control_msgs/srv/cell_battery_caculate_cmd.srv
-- Up-to-date: /home/handsome/ros_ws_test/install/cellctrl_control_msgs/share/cellctrl_control_msgs/srv/cell_battery_remain_cmd.srv
-- Up-to-date: /home/handsome/ros_ws_test/install/cellctrl_control_msgs/share/cellctrl_control_msgs/srv/cell_alarmhistory_cmd.srv
-- Up-to-date: /home/handsome/ros_ws_test/install/cellctrl_control_msgs/share/cellctrl_control_msgs/srv/cell_maintainhistory_cmd.srv
-- Up-to-date: /home/handsome/ros_ws_test/install/cellctrl_control_msgs/share/cellctrl_control_msgs/srv/cell_operatehistory_cmd.srv
-- Up-to-date: /home/handsome/ros_ws_test/install/cellctrl_control_msgs/share/cellctrl_control_msgs/cmake/cellctrl_control_msgs-msg-paths.cmake
-- Up-to-date: /home/handsome/ros_ws_test/install/cellctrl_control_msgs/include/cellctrl_control_msgs
-- Up-to-date: /home/handsome/ros_ws_test/install/cellctrl_control_msgs/include/cellctrl_control_msgs/cell_maintainhistory_cmd.h
-- Up-to-date: /home/handsome/ros_ws_test/install/cellctrl_control_msgs/include/cellctrl_control_msgs/cell_base_operate_cmdRequest.h
-- Up-to-date: /home/handsome/ros_ws_test/install/cellctrl_control_msgs/include/cellctrl_control_msgs/cell_agv_main_cmdResponse.h
-- Up-to-date: /home/handsome/ros_ws_test/install/cellctrl_control_msgs/include/cellctrl_control_msgs/cell_agv_camera_cmdRequest.h
-- Up-to-date: /home/handsome/ros_ws_test/install/cellctrl_control_msgs/include/cellctrl_control_msgs/cell_agv_imu.h
-- Up-to-date: /home/handsome/ros_ws_test/install/cellctrl_control_msgs/include/cellctrl_control_msgs/cell_work_stationitems.h
-- Up-to-date: /home/handsome/ros_ws_test/install/cellctrl_control_msgs/include/cellctrl_control_msgs/cell_base_maintain_cmdResponse.h
-- Up-to-date: /home/handsome/ros_ws_test/install/cellctrl_control_msgs/include/cellctrl_control_msgs/cell_agv_basetype_cmdResponse.h
-- Up-to-date: /home/handsome/ros_ws_test/install/cellctrl_control_msgs/include/cellctrl_control_msgs/cell_work_stationitems_cmdResponse.h
-- Up-to-date: /home/handsome/ros_ws_test/install/cellctrl_control_msgs/include/cellctrl_control_msgs/cell_agv_lidar.h
-- Up-to-date: /home/handsome/ros_ws_test/install/cellctrl_control_msgs/include/cellctrl_control_msgs/cell_agv_camera.h
-- Up-to-date: /home/handsome/ros_ws_test/install/cellctrl_control_msgs/include/cellctrl_control_msgs/cell_agv_camera_cmd.h
-- Up-to-date: /home/handsome/ros_ws_test/install/cellctrl_control_msgs/include/cellctrl_control_msgs/cell_operatehistory_cmd.h
-- Up-to-date: /home/handsome/ros_ws_test/install/cellctrl_control_msgs/include/cellctrl_control_msgs/cell_agv_battery_cmdResponse.h
-- Up-to-date: /home/handsome/ros_ws_test/install/cellctrl_control_msgs/include/cellctrl_control_msgs/cell_agv_basetypeitems.h
-- Up-to-date: /home/handsome/ros_ws_test/install/cellctrl_control_msgs/include/cellctrl_control_msgs/cell_operatehistory_cmdResponse.h
-- Up-to-date: /home/handsome/ros_ws_test/install/cellctrl_control_msgs/include/cellctrl_control_msgs/cell_maintainhistory.h
-- Up-to-date: /home/handsome/ros_ws_test/install/cellctrl_control_msgs/include/cellctrl_control_msgs/cell_agv_motor_cmdRequest.h
-- Up-to-date: /home/handsome/ros_ws_test/install/cellctrl_control_msgs/include/cellctrl_control_msgs/cell_work_ordergoods_cmdResponse.h
-- Up-to-date: /home/handsome/ros_ws_test/install/cellctrl_control_msgs/include/cellctrl_control_msgs/base_cell_controller_cmd.h
-- Up-to-date: /home/handsome/ros_ws_test/install/cellctrl_control_msgs/include/cellctrl_control_msgs/cell_alarmhistory.h
-- Up-to-date: /home/handsome/ros_ws_test/install/cellctrl_control_msgs/include/cellctrl_control_msgs/cell_base_alarm_cmdRequest.h
-- Up-to-date: /home/handsome/ros_ws_test/install/cellctrl_control_msgs/include/cellctrl_control_msgs/cell_work_ordergoods_cmdRequest.h
-- Up-to-date: /home/handsome/ros_ws_test/install/cellctrl_control_msgs/include/cellctrl_control_msgs/cell_work_order_cmdRequest.h
-- Up-to-date: /home/handsome/ros_ws_test/install/cellctrl_control_msgs/include/cellctrl_control_msgs/cell_agv_battery_cmd.h
-- Up-to-date: /home/handsome/ros_ws_test/install/cellctrl_control_msgs/include/cellctrl_control_msgs/cell_agv_battery.h
-- Up-to-date: /home/handsome/ros_ws_test/install/cellctrl_control_msgs/include/cellctrl_control_msgs/cell_alarmhistory_cmdResponse.h
-- Up-to-date: /home/handsome/ros_ws_test/install/cellctrl_control_msgs/include/cellctrl_control_msgs/cell_alarmhistory_cmd.h
-- Up-to-date: /home/handsome/ros_ws_test/install/cellctrl_control_msgs/include/cellctrl_control_msgs/cell_base_alarm.h
-- Up-to-date: /home/handsome/ros_ws_test/install/cellctrl_control_msgs/include/cellctrl_control_msgs/cell_operatehistory.h
-- Up-to-date: /home/handsome/ros_ws_test/install/cellctrl_control_msgs/include/cellctrl_control_msgs/cell_work_stationitems_cmd.h
-- Up-to-date: /home/handsome/ros_ws_test/install/cellctrl_control_msgs/include/cellctrl_control_msgs/cell_agv_imu_cmdResponse.h
-- Up-to-date: /home/handsome/ros_ws_test/install/cellctrl_control_msgs/include/cellctrl_control_msgs/cell_battery_caculate_cmdResponse.h
-- Up-to-date: /home/handsome/ros_ws_test/install/cellctrl_control_msgs/include/cellctrl_control_msgs/cell_agv_motor.h
-- Up-to-date: /home/handsome/ros_ws_test/install/cellctrl_control_msgs/include/cellctrl_control_msgs/cell_work_orderitems_cmd.h
-- Up-to-date: /home/handsome/ros_ws_test/install/cellctrl_control_msgs/include/cellctrl_control_msgs/base_cell_controller_cmdRequest.h
-- Up-to-date: /home/handsome/ros_ws_test/install/cellctrl_control_msgs/include/cellctrl_control_msgs/cell_base_mcfunction_cmdRequest.h
-- Up-to-date: /home/handsome/ros_ws_test/install/cellctrl_control_msgs/include/cellctrl_control_msgs/cell_agv_motor_cmdResponse.h
-- Up-to-date: /home/handsome/ros_ws_test/install/cellctrl_control_msgs/include/cellctrl_control_msgs/cell_battery_caculate_cmdRequest.h
-- Up-to-date: /home/handsome/ros_ws_test/install/cellctrl_control_msgs/include/cellctrl_control_msgs/cell_maintainhistory_cmdRequest.h
-- Up-to-date: /home/handsome/ros_ws_test/install/cellctrl_control_msgs/include/cellctrl_control_msgs/cell_base_mcfunction_cmdResponse.h
-- Up-to-date: /home/handsome/ros_ws_test/install/cellctrl_control_msgs/include/cellctrl_control_msgs/cell_battery_remain_cmdRequest.h
-- Up-to-date: /home/handsome/ros_ws_test/install/cellctrl_control_msgs/include/cellctrl_control_msgs/cell_work_orderitems_cmdResponse.h
-- Up-to-date: /home/handsome/ros_ws_test/install/cellctrl_control_msgs/include/cellctrl_control_msgs/cell_base_device_cmd.h
-- Up-to-date: /home/handsome/ros_ws_test/install/cellctrl_control_msgs/include/cellctrl_control_msgs/cell_base_device_cmdResponse.h
-- Up-to-date: /home/handsome/ros_ws_test/install/cellctrl_control_msgs/include/cellctrl_control_msgs/cell_base_operate_cmdResponse.h
-- Up-to-date: /home/handsome/ros_ws_test/install/cellctrl_control_msgs/include/cellctrl_control_msgs/cell_base_transfer_cmdResponse.h
-- Up-to-date: /home/handsome/ros_ws_test/install/cellctrl_control_msgs/include/cellctrl_control_msgs/cell_agv_main_cmd.h
-- Up-to-date: /home/handsome/ros_ws_test/install/cellctrl_control_msgs/include/cellctrl_control_msgs/cell_work_stations_cmdResponse.h
-- Up-to-date: /home/handsome/ros_ws_test/install/cellctrl_control_msgs/include/cellctrl_control_msgs/cell_agv_basetypeitems_cmd.h
-- Up-to-date: /home/handsome/ros_ws_test/install/cellctrl_control_msgs/include/cellctrl_control_msgs/cell_work_orderitems_cmdRequest.h
-- Up-to-date: /home/handsome/ros_ws_test/install/cellctrl_control_msgs/include/cellctrl_control_msgs/cell_agv_basetypeitems_cmdResponse.h
-- Up-to-date: /home/handsome/ros_ws_test/install/cellctrl_control_msgs/include/cellctrl_control_msgs/cell_operatehistory_cmdRequest.h
-- Up-to-date: /home/handsome/ros_ws_test/install/cellctrl_control_msgs/include/cellctrl_control_msgs/cell_agv_lidar_cmdRequest.h
-- Up-to-date: /home/handsome/ros_ws_test/install/cellctrl_control_msgs/include/cellctrl_control_msgs/cell_work_ordergoods_cmd.h
-- Up-to-date: /home/handsome/ros_ws_test/install/cellctrl_control_msgs/include/cellctrl_control_msgs/cell_work_stationitems_cmdRequest.h
-- Up-to-date: /home/handsome/ros_ws_test/install/cellctrl_control_msgs/include/cellctrl_control_msgs/cell_work_stations_cmdRequest.h
-- Up-to-date: /home/handsome/ros_ws_test/install/cellctrl_control_msgs/include/cellctrl_control_msgs/cell_battery_caculate_cmd.h
-- Up-to-date: /home/handsome/ros_ws_test/install/cellctrl_control_msgs/include/cellctrl_control_msgs/cell_battery_caculate.h
-- Up-to-date: /home/handsome/ros_ws_test/install/cellctrl_control_msgs/include/cellctrl_control_msgs/cell_base_maintain.h
-- Up-to-date: /home/handsome/ros_ws_test/install/cellctrl_control_msgs/include/cellctrl_control_msgs/base_cell_controller.h
-- Up-to-date: /home/handsome/ros_ws_test/install/cellctrl_control_msgs/include/cellctrl_control_msgs/cell_agv_basetype_cmd.h
-- Up-to-date: /home/handsome/ros_ws_test/install/cellctrl_control_msgs/include/cellctrl_control_msgs/cell_base_transfer_cmdRequest.h
-- Up-to-date: /home/handsome/ros_ws_test/install/cellctrl_control_msgs/include/cellctrl_control_msgs/cell_agv_lidar_cmd.h
-- Up-to-date: /home/handsome/ros_ws_test/install/cellctrl_control_msgs/include/cellctrl_control_msgs/cell_base_mcfunction.h
-- Up-to-date: /home/handsome/ros_ws_test/install/cellctrl_control_msgs/include/cellctrl_control_msgs/cell_work_stations_cmd.h
-- Up-to-date: /home/handsome/ros_ws_test/install/cellctrl_control_msgs/include/cellctrl_control_msgs/base_cell_controller_cmdResponse.h
-- Up-to-date: /home/handsome/ros_ws_test/install/cellctrl_control_msgs/include/cellctrl_control_msgs/cell_base_operate_cmd.h
-- Up-to-date: /home/handsome/ros_ws_test/install/cellctrl_control_msgs/include/cellctrl_control_msgs/cell_battery_remain.h
-- Up-to-date: /home/handsome/ros_ws_test/install/cellctrl_control_msgs/include/cellctrl_control_msgs/cell_agv_motor_cmd.h
-- Up-to-date: /home/handsome/ros_ws_test/install/cellctrl_control_msgs/include/cellctrl_control_msgs/cell_base_operate.h
-- Up-to-date: /home/handsome/ros_ws_test/install/cellctrl_control_msgs/include/cellctrl_control_msgs/cell_agv_basetype_cmdRequest.h
-- Up-to-date: /home/handsome/ros_ws_test/install/cellctrl_control_msgs/include/cellctrl_control_msgs/cell_agv_imu_cmd.h
-- Up-to-date: /home/handsome/ros_ws_test/install/cellctrl_control_msgs/include/cellctrl_control_msgs/cell_work_order.h
-- Up-to-date: /home/handsome/ros_ws_test/install/cellctrl_control_msgs/include/cellctrl_control_msgs/cell_work_order_cmd.h
-- Up-to-date: /home/handsome/ros_ws_test/install/cellctrl_control_msgs/include/cellctrl_control_msgs/cell_work_ordergoods.h
-- Up-to-date: /home/handsome/ros_ws_test/install/cellctrl_control_msgs/include/cellctrl_control_msgs/cell_maintainhistory_cmdResponse.h
-- Up-to-date: /home/handsome/ros_ws_test/install/cellctrl_control_msgs/include/cellctrl_control_msgs/cell_work_stations.h
-- Up-to-date: /home/handsome/ros_ws_test/install/cellctrl_control_msgs/include/cellctrl_control_msgs/cell_agv_basetypeitems_cmdRequest.h
-- Up-to-date: /home/handsome/ros_ws_test/install/cellctrl_control_msgs/include/cellctrl_control_msgs/cell_base_maintain_cmdRequest.h
-- Up-to-date: /home/handsome/ros_ws_test/install/cellctrl_control_msgs/include/cellctrl_control_msgs/cell_base_transfer_cmd.h
-- Up-to-date: /home/handsome/ros_ws_test/install/cellctrl_control_msgs/include/cellctrl_control_msgs/cell_agv_lidar_cmdResponse.h
-- Up-to-date: /home/handsome/ros_ws_test/install/cellctrl_control_msgs/include/cellctrl_control_msgs/cell_base_mcfunction_cmd.h
-- Up-to-date: /home/handsome/ros_ws_test/install/cellctrl_control_msgs/include/cellctrl_control_msgs/cell_agv_battery_cmdRequest.h
-- Up-to-date: /home/handsome/ros_ws_test/install/cellctrl_control_msgs/include/cellctrl_control_msgs/cell_base_device_cmdRequest.h
-- Up-to-date: /home/handsome/ros_ws_test/install/cellctrl_control_msgs/include/cellctrl_control_msgs/cell_agv_basetype.h
-- Up-to-date: /home/handsome/ros_ws_test/install/cellctrl_control_msgs/include/cellctrl_control_msgs/cell_base_alarm_cmd.h
-- Up-to-date: /home/handsome/ros_ws_test/install/cellctrl_control_msgs/include/cellctrl_control_msgs/cell_base_transfer.h
-- Up-to-date: /home/handsome/ros_ws_test/install/cellctrl_control_msgs/include/cellctrl_control_msgs/cell_base_alarm_cmdResponse.h
-- Up-to-date: /home/handsome/ros_ws_test/install/cellctrl_control_msgs/include/cellctrl_control_msgs/cell_base_maintain_cmd.h
-- Up-to-date: /home/handsome/ros_ws_test/install/cellctrl_control_msgs/include/cellctrl_control_msgs/cell_agv_main.h
-- Up-to-date: /home/handsome/ros_ws_test/install/cellctrl_control_msgs/include/cellctrl_control_msgs/cell_agv_camera_cmdResponse.h
-- Up-to-date: /home/handsome/ros_ws_test/install/cellctrl_control_msgs/include/cellctrl_control_msgs/cell_work_order_cmdResponse.h
-- Up-to-date: /home/handsome/ros_ws_test/install/cellctrl_control_msgs/include/cellctrl_control_msgs/cell_alarmhistory_cmdRequest.h
-- Up-to-date: /home/handsome/ros_ws_test/install/cellctrl_control_msgs/include/cellctrl_control_msgs/cell_battery_remain_cmd.h
-- Up-to-date: /home/handsome/ros_ws_test/install/cellctrl_control_msgs/include/cellctrl_control_msgs/cell_battery_remain_cmdResponse.h
-- Up-to-date: /home/handsome/ros_ws_test/install/cellctrl_control_msgs/include/cellctrl_control_msgs/cell_agv_main_cmdRequest.h
-- Up-to-date: /home/handsome/ros_ws_test/install/cellctrl_control_msgs/include/cellctrl_control_msgs/cell_work_orderitems.h
-- Up-to-date: /home/handsome/ros_ws_test/install/cellctrl_control_msgs/include/cellctrl_control_msgs/cell_base_device.h
-- Up-to-date: /home/handsome/ros_ws_test/install/cellctrl_control_msgs/include/cellctrl_control_msgs/cell_agv_imu_cmdRequest.h
-- Up-to-date: /home/handsome/ros_ws_test/install/cellctrl_control_msgs/share/roseus/ros/cellctrl_control_msgs
-- Up-to-date: /home/handsome/ros_ws_test/install/cellctrl_control_msgs/share/roseus/ros/cellctrl_control_msgs/msg
-- Up-to-date: /home/handsome/ros_ws_test/install/cellctrl_control_msgs/share/roseus/ros/cellctrl_control_msgs/msg/cell_agv_lidar.l
-- Up-to-date: /home/handsome/ros_ws_test/install/cellctrl_control_msgs/share/roseus/ros/cellctrl_control_msgs/msg/cell_battery_caculate.l
-- Up-to-date: /home/handsome/ros_ws_test/install/cellctrl_control_msgs/share/roseus/ros/cellctrl_control_msgs/msg/cell_agv_main.l
-- Up-to-date: /home/handsome/ros_ws_test/install/cellctrl_control_msgs/share/roseus/ros/cellctrl_control_msgs/msg/cell_base_alarm.l
-- Up-to-date: /home/handsome/ros_ws_test/install/cellctrl_control_msgs/share/roseus/ros/cellctrl_control_msgs/msg/cell_maintainhistory.l
-- Up-to-date: /home/handsome/ros_ws_test/install/cellctrl_control_msgs/share/roseus/ros/cellctrl_control_msgs/msg/base_cell_controller.l
-- Up-to-date: /home/handsome/ros_ws_test/install/cellctrl_control_msgs/share/roseus/ros/cellctrl_control_msgs/msg/cell_operatehistory.l
-- Up-to-date: /home/handsome/ros_ws_test/install/cellctrl_control_msgs/share/roseus/ros/cellctrl_control_msgs/msg/cell_work_orderitems.l
-- Up-to-date: /home/handsome/ros_ws_test/install/cellctrl_control_msgs/share/roseus/ros/cellctrl_control_msgs/msg/cell_base_mcfunction.l
-- Up-to-date: /home/handsome/ros_ws_test/install/cellctrl_control_msgs/share/roseus/ros/cellctrl_control_msgs/msg/cell_work_stations.l
-- Up-to-date: /home/handsome/ros_ws_test/install/cellctrl_control_msgs/share/roseus/ros/cellctrl_control_msgs/msg/cell_base_transfer.l
-- Up-to-date: /home/handsome/ros_ws_test/install/cellctrl_control_msgs/share/roseus/ros/cellctrl_control_msgs/msg/cell_battery_remain.l
-- Up-to-date: /home/handsome/ros_ws_test/install/cellctrl_control_msgs/share/roseus/ros/cellctrl_control_msgs/msg/cell_work_ordergoods.l
-- Up-to-date: /home/handsome/ros_ws_test/install/cellctrl_control_msgs/share/roseus/ros/cellctrl_control_msgs/msg/cell_work_stationitems.l
-- Up-to-date: /home/handsome/ros_ws_test/install/cellctrl_control_msgs/share/roseus/ros/cellctrl_control_msgs/msg/cell_agv_battery.l
-- Up-to-date: /home/handsome/ros_ws_test/install/cellctrl_control_msgs/share/roseus/ros/cellctrl_control_msgs/msg/cell_agv_motor.l
-- Up-to-date: /home/handsome/ros_ws_test/install/cellctrl_control_msgs/share/roseus/ros/cellctrl_control_msgs/msg/cell_base_device.l
-- Up-to-date: /home/handsome/ros_ws_test/install/cellctrl_control_msgs/share/roseus/ros/cellctrl_control_msgs/msg/cell_agv_imu.l
-- Up-to-date: /home/handsome/ros_ws_test/install/cellctrl_control_msgs/share/roseus/ros/cellctrl_control_msgs/msg/cell_alarmhistory.l
-- Up-to-date: /home/handsome/ros_ws_test/install/cellctrl_control_msgs/share/roseus/ros/cellctrl_control_msgs/msg/cell_agv_basetypeitems.l
-- Up-to-date: /home/handsome/ros_ws_test/install/cellctrl_control_msgs/share/roseus/ros/cellctrl_control_msgs/msg/cell_agv_basetype.l
-- Up-to-date: /home/handsome/ros_ws_test/install/cellctrl_control_msgs/share/roseus/ros/cellctrl_control_msgs/msg/cell_agv_camera.l
-- Up-to-date: /home/handsome/ros_ws_test/install/cellctrl_control_msgs/share/roseus/ros/cellctrl_control_msgs/msg/cell_work_order.l
-- Up-to-date: /home/handsome/ros_ws_test/install/cellctrl_control_msgs/share/roseus/ros/cellctrl_control_msgs/msg/cell_base_operate.l
-- Up-to-date: /home/handsome/ros_ws_test/install/cellctrl_control_msgs/share/roseus/ros/cellctrl_control_msgs/msg/cell_base_maintain.l
-- Up-to-date: /home/handsome/ros_ws_test/install/cellctrl_control_msgs/share/roseus/ros/cellctrl_control_msgs/manifest.l
-- Up-to-date: /home/handsome/ros_ws_test/install/cellctrl_control_msgs/share/roseus/ros/cellctrl_control_msgs/srv
-- Up-to-date: /home/handsome/ros_ws_test/install/cellctrl_control_msgs/share/roseus/ros/cellctrl_control_msgs/srv/base_cell_controller_cmd.l
-- Up-to-date: /home/handsome/ros_ws_test/install/cellctrl_control_msgs/share/roseus/ros/cellctrl_control_msgs/srv/cell_work_order_cmd.l
-- Up-to-date: /home/handsome/ros_ws_test/install/cellctrl_control_msgs/share/roseus/ros/cellctrl_control_msgs/srv/cell_work_stationitems_cmd.l
-- Up-to-date: /home/handsome/ros_ws_test/install/cellctrl_control_msgs/share/roseus/ros/cellctrl_control_msgs/srv/cell_work_ordergoods_cmd.l
-- Up-to-date: /home/handsome/ros_ws_test/install/cellctrl_control_msgs/share/roseus/ros/cellctrl_control_msgs/srv/cell_agv_main_cmd.l
-- Up-to-date: /home/handsome/ros_ws_test/install/cellctrl_control_msgs/share/roseus/ros/cellctrl_control_msgs/srv/cell_maintainhistory_cmd.l
-- Up-to-date: /home/handsome/ros_ws_test/install/cellctrl_control_msgs/share/roseus/ros/cellctrl_control_msgs/srv/cell_agv_battery_cmd.l
-- Up-to-date: /home/handsome/ros_ws_test/install/cellctrl_control_msgs/share/roseus/ros/cellctrl_control_msgs/srv/cell_agv_camera_cmd.l
-- Up-to-date: /home/handsome/ros_ws_test/install/cellctrl_control_msgs/share/roseus/ros/cellctrl_control_msgs/srv/cell_base_mcfunction_cmd.l
-- Up-to-date: /home/handsome/ros_ws_test/install/cellctrl_control_msgs/share/roseus/ros/cellctrl_control_msgs/srv/cell_agv_basetype_cmd.l
-- Up-to-date: /home/handsome/ros_ws_test/install/cellctrl_control_msgs/share/roseus/ros/cellctrl_control_msgs/srv/cell_base_operate_cmd.l
-- Up-to-date: /home/handsome/ros_ws_test/install/cellctrl_control_msgs/share/roseus/ros/cellctrl_control_msgs/srv/cell_agv_lidar_cmd.l
-- Up-to-date: /home/handsome/ros_ws_test/install/cellctrl_control_msgs/share/roseus/ros/cellctrl_control_msgs/srv/cell_work_orderitems_cmd.l
-- Up-to-date: /home/handsome/ros_ws_test/install/cellctrl_control_msgs/share/roseus/ros/cellctrl_control_msgs/srv/cell_operatehistory_cmd.l
-- Up-to-date: /home/handsome/ros_ws_test/install/cellctrl_control_msgs/share/roseus/ros/cellctrl_control_msgs/srv/cell_alarmhistory_cmd.l
-- Up-to-date: /home/handsome/ros_ws_test/install/cellctrl_control_msgs/share/roseus/ros/cellctrl_control_msgs/srv/cell_base_maintain_cmd.l
-- Up-to-date: /home/handsome/ros_ws_test/install/cellctrl_control_msgs/share/roseus/ros/cellctrl_control_msgs/srv/cell_battery_remain_cmd.l
-- Up-to-date: /home/handsome/ros_ws_test/install/cellctrl_control_msgs/share/roseus/ros/cellctrl_control_msgs/srv/cell_work_stations_cmd.l
-- Up-to-date: /home/handsome/ros_ws_test/install/cellctrl_control_msgs/share/roseus/ros/cellctrl_control_msgs/srv/cell_battery_caculate_cmd.l
-- Up-to-date: /home/handsome/ros_ws_test/install/cellctrl_control_msgs/share/roseus/ros/cellctrl_control_msgs/srv/cell_base_device_cmd.l
-- Up-to-date: /home/handsome/ros_ws_test/install/cellctrl_control_msgs/share/roseus/ros/cellctrl_control_msgs/srv/cell_agv_imu_cmd.l
-- Up-to-date: /home/handsome/ros_ws_test/install/cellctrl_control_msgs/share/roseus/ros/cellctrl_control_msgs/srv/cell_base_alarm_cmd.l
-- Up-to-date: /home/handsome/ros_ws_test/install/cellctrl_control_msgs/share/roseus/ros/cellctrl_control_msgs/srv/cell_agv_basetypeitems_cmd.l
-- Up-to-date: /home/handsome/ros_ws_test/install/cellctrl_control_msgs/share/roseus/ros/cellctrl_control_msgs/srv/cell_agv_motor_cmd.l
-- Up-to-date: /home/handsome/ros_ws_test/install/cellctrl_control_msgs/share/roseus/ros/cellctrl_control_msgs/srv/cell_base_transfer_cmd.l
-- Up-to-date: /home/handsome/ros_ws_test/install/cellctrl_control_msgs/share/common-lisp/ros/cellctrl_control_msgs
-- Up-to-date: /home/handsome/ros_ws_test/install/cellctrl_control_msgs/share/common-lisp/ros/cellctrl_control_msgs/msg
-- Up-to-date: /home/handsome/ros_ws_test/install/cellctrl_control_msgs/share/common-lisp/ros/cellctrl_control_msgs/msg/cell_work_orderitems.lisp
-- Up-to-date: /home/handsome/ros_ws_test/install/cellctrl_control_msgs/share/common-lisp/ros/cellctrl_control_msgs/msg/_package_cell_alarmhistory.lisp
-- Up-to-date: /home/handsome/ros_ws_test/install/cellctrl_control_msgs/share/common-lisp/ros/cellctrl_control_msgs/msg/cell_agv_lidar.lisp
-- Up-to-date: /home/handsome/ros_ws_test/install/cellctrl_control_msgs/share/common-lisp/ros/cellctrl_control_msgs/msg/_package_cell_agv_basetypeitems.lisp
-- Up-to-date: /home/handsome/ros_ws_test/install/cellctrl_control_msgs/share/common-lisp/ros/cellctrl_control_msgs/msg/cellctrl_control_msgs-msg.asd
-- Up-to-date: /home/handsome/ros_ws_test/install/cellctrl_control_msgs/share/common-lisp/ros/cellctrl_control_msgs/msg/_package_cell_agv_basetype.lisp
-- Up-to-date: /home/handsome/ros_ws_test/install/cellctrl_control_msgs/share/common-lisp/ros/cellctrl_control_msgs/msg/_package_cell_maintainhistory.lisp
-- Up-to-date: /home/handsome/ros_ws_test/install/cellctrl_control_msgs/share/common-lisp/ros/cellctrl_control_msgs/msg/_package_cell_base_alarm.lisp
-- Up-to-date: /home/handsome/ros_ws_test/install/cellctrl_control_msgs/share/common-lisp/ros/cellctrl_control_msgs/msg/cell_base_maintain.lisp
-- Up-to-date: /home/handsome/ros_ws_test/install/cellctrl_control_msgs/share/common-lisp/ros/cellctrl_control_msgs/msg/cell_base_transfer.lisp
-- Up-to-date: /home/handsome/ros_ws_test/install/cellctrl_control_msgs/share/common-lisp/ros/cellctrl_control_msgs/msg/_package_cell_agv_lidar.lisp
-- Up-to-date: /home/handsome/ros_ws_test/install/cellctrl_control_msgs/share/common-lisp/ros/cellctrl_control_msgs/msg/_package_cell_base_transfer.lisp
-- Up-to-date: /home/handsome/ros_ws_test/install/cellctrl_control_msgs/share/common-lisp/ros/cellctrl_control_msgs/msg/cell_maintainhistory.lisp
-- Up-to-date: /home/handsome/ros_ws_test/install/cellctrl_control_msgs/share/common-lisp/ros/cellctrl_control_msgs/msg/_package_cell_base_mcfunction.lisp
-- Up-to-date: /home/handsome/ros_ws_test/install/cellctrl_control_msgs/share/common-lisp/ros/cellctrl_control_msgs/msg/_package_cell_base_operate.lisp
-- Up-to-date: /home/handsome/ros_ws_test/install/cellctrl_control_msgs/share/common-lisp/ros/cellctrl_control_msgs/msg/_package_cell_battery_caculate.lisp
-- Up-to-date: /home/handsome/ros_ws_test/install/cellctrl_control_msgs/share/common-lisp/ros/cellctrl_control_msgs/msg/_package_cell_base_device.lisp
-- Up-to-date: /home/handsome/ros_ws_test/install/cellctrl_control_msgs/share/common-lisp/ros/cellctrl_control_msgs/msg/cell_alarmhistory.lisp
-- Up-to-date: /home/handsome/ros_ws_test/install/cellctrl_control_msgs/share/common-lisp/ros/cellctrl_control_msgs/msg/_package_cell_battery_remain.lisp
-- Up-to-date: /home/handsome/ros_ws_test/install/cellctrl_control_msgs/share/common-lisp/ros/cellctrl_control_msgs/msg/cell_base_operate.lisp
-- Up-to-date: /home/handsome/ros_ws_test/install/cellctrl_control_msgs/share/common-lisp/ros/cellctrl_control_msgs/msg/cell_work_order.lisp
-- Up-to-date: /home/handsome/ros_ws_test/install/cellctrl_control_msgs/share/common-lisp/ros/cellctrl_control_msgs/msg/cell_work_stations.lisp
-- Up-to-date: /home/handsome/ros_ws_test/install/cellctrl_control_msgs/share/common-lisp/ros/cellctrl_control_msgs/msg/_package_cell_work_orderitems.lisp
-- Up-to-date: /home/handsome/ros_ws_test/install/cellctrl_control_msgs/share/common-lisp/ros/cellctrl_control_msgs/msg/_package_cell_agv_battery.lisp
-- Up-to-date: /home/handsome/ros_ws_test/install/cellctrl_control_msgs/share/common-lisp/ros/cellctrl_control_msgs/msg/_package_cell_agv_imu.lisp
-- Up-to-date: /home/handsome/ros_ws_test/install/cellctrl_control_msgs/share/common-lisp/ros/cellctrl_control_msgs/msg/cell_work_ordergoods.lisp
-- Up-to-date: /home/handsome/ros_ws_test/install/cellctrl_control_msgs/share/common-lisp/ros/cellctrl_control_msgs/msg/_package_cell_agv_motor.lisp
-- Up-to-date: /home/handsome/ros_ws_test/install/cellctrl_control_msgs/share/common-lisp/ros/cellctrl_control_msgs/msg/_package.lisp
-- Up-to-date: /home/handsome/ros_ws_test/install/cellctrl_control_msgs/share/common-lisp/ros/cellctrl_control_msgs/msg/cell_agv_main.lisp
-- Up-to-date: /home/handsome/ros_ws_test/install/cellctrl_control_msgs/share/common-lisp/ros/cellctrl_control_msgs/msg/cell_base_mcfunction.lisp
-- Up-to-date: /home/handsome/ros_ws_test/install/cellctrl_control_msgs/share/common-lisp/ros/cellctrl_control_msgs/msg/_package_cell_operatehistory.lisp
-- Up-to-date: /home/handsome/ros_ws_test/install/cellctrl_control_msgs/share/common-lisp/ros/cellctrl_control_msgs/msg/cell_operatehistory.lisp
-- Up-to-date: /home/handsome/ros_ws_test/install/cellctrl_control_msgs/share/common-lisp/ros/cellctrl_control_msgs/msg/cell_base_device.lisp
-- Up-to-date: /home/handsome/ros_ws_test/install/cellctrl_control_msgs/share/common-lisp/ros/cellctrl_control_msgs/msg/_package_cell_agv_camera.lisp
-- Up-to-date: /home/handsome/ros_ws_test/install/cellctrl_control_msgs/share/common-lisp/ros/cellctrl_control_msgs/msg/_package_cell_base_maintain.lisp
-- Up-to-date: /home/handsome/ros_ws_test/install/cellctrl_control_msgs/share/common-lisp/ros/cellctrl_control_msgs/msg/_package_base_cell_controller.lisp
-- Up-to-date: /home/handsome/ros_ws_test/install/cellctrl_control_msgs/share/common-lisp/ros/cellctrl_control_msgs/msg/cell_agv_basetype.lisp
-- Up-to-date: /home/handsome/ros_ws_test/install/cellctrl_control_msgs/share/common-lisp/ros/cellctrl_control_msgs/msg/cell_agv_motor.lisp
-- Up-to-date: /home/handsome/ros_ws_test/install/cellctrl_control_msgs/share/common-lisp/ros/cellctrl_control_msgs/msg/cell_base_alarm.lisp
-- Up-to-date: /home/handsome/ros_ws_test/install/cellctrl_control_msgs/share/common-lisp/ros/cellctrl_control_msgs/msg/cell_battery_caculate.lisp
-- Up-to-date: /home/handsome/ros_ws_test/install/cellctrl_control_msgs/share/common-lisp/ros/cellctrl_control_msgs/msg/_package_cell_agv_main.lisp
-- Up-to-date: /home/handsome/ros_ws_test/install/cellctrl_control_msgs/share/common-lisp/ros/cellctrl_control_msgs/msg/cell_agv_basetypeitems.lisp
-- Up-to-date: /home/handsome/ros_ws_test/install/cellctrl_control_msgs/share/common-lisp/ros/cellctrl_control_msgs/msg/cell_agv_battery.lisp
-- Up-to-date: /home/handsome/ros_ws_test/install/cellctrl_control_msgs/share/common-lisp/ros/cellctrl_control_msgs/msg/_package_cell_work_stationitems.lisp
-- Up-to-date: /home/handsome/ros_ws_test/install/cellctrl_control_msgs/share/common-lisp/ros/cellctrl_control_msgs/msg/cell_work_stationitems.lisp
-- Up-to-date: /home/handsome/ros_ws_test/install/cellctrl_control_msgs/share/common-lisp/ros/cellctrl_control_msgs/msg/cell_agv_imu.lisp
-- Up-to-date: /home/handsome/ros_ws_test/install/cellctrl_control_msgs/share/common-lisp/ros/cellctrl_control_msgs/msg/_package_cell_work_ordergoods.lisp
-- Up-to-date: /home/handsome/ros_ws_test/install/cellctrl_control_msgs/share/common-lisp/ros/cellctrl_control_msgs/msg/cell_agv_camera.lisp
-- Up-to-date: /home/handsome/ros_ws_test/install/cellctrl_control_msgs/share/common-lisp/ros/cellctrl_control_msgs/msg/_package_cell_work_order.lisp
-- Up-to-date: /home/handsome/ros_ws_test/install/cellctrl_control_msgs/share/common-lisp/ros/cellctrl_control_msgs/msg/_package_cell_work_stations.lisp
-- Up-to-date: /home/handsome/ros_ws_test/install/cellctrl_control_msgs/share/common-lisp/ros/cellctrl_control_msgs/msg/cell_battery_remain.lisp
-- Up-to-date: /home/handsome/ros_ws_test/install/cellctrl_control_msgs/share/common-lisp/ros/cellctrl_control_msgs/msg/base_cell_controller.lisp
-- Up-to-date: /home/handsome/ros_ws_test/install/cellctrl_control_msgs/share/common-lisp/ros/cellctrl_control_msgs/srv
-- Up-to-date: /home/handsome/ros_ws_test/install/cellctrl_control_msgs/share/common-lisp/ros/cellctrl_control_msgs/srv/cell_work_ordergoods_cmd.lisp
-- Up-to-date: /home/handsome/ros_ws_test/install/cellctrl_control_msgs/share/common-lisp/ros/cellctrl_control_msgs/srv/cell_agv_motor_cmd.lisp
-- Up-to-date: /home/handsome/ros_ws_test/install/cellctrl_control_msgs/share/common-lisp/ros/cellctrl_control_msgs/srv/_package_cell_work_order_cmd.lisp
-- Up-to-date: /home/handsome/ros_ws_test/install/cellctrl_control_msgs/share/common-lisp/ros/cellctrl_control_msgs/srv/_package_cell_agv_camera_cmd.lisp
-- Up-to-date: /home/handsome/ros_ws_test/install/cellctrl_control_msgs/share/common-lisp/ros/cellctrl_control_msgs/srv/cell_agv_lidar_cmd.lisp
-- Up-to-date: /home/handsome/ros_ws_test/install/cellctrl_control_msgs/share/common-lisp/ros/cellctrl_control_msgs/srv/_package_cell_base_operate_cmd.lisp
-- Up-to-date: /home/handsome/ros_ws_test/install/cellctrl_control_msgs/share/common-lisp/ros/cellctrl_control_msgs/srv/_package_cell_alarmhistory_cmd.lisp
-- Up-to-date: /home/handsome/ros_ws_test/install/cellctrl_control_msgs/share/common-lisp/ros/cellctrl_control_msgs/srv/cell_base_alarm_cmd.lisp
-- Up-to-date: /home/handsome/ros_ws_test/install/cellctrl_control_msgs/share/common-lisp/ros/cellctrl_control_msgs/srv/_package_base_cell_controller_cmd.lisp
-- Up-to-date: /home/handsome/ros_ws_test/install/cellctrl_control_msgs/share/common-lisp/ros/cellctrl_control_msgs/srv/cell_base_maintain_cmd.lisp
-- Up-to-date: /home/handsome/ros_ws_test/install/cellctrl_control_msgs/share/common-lisp/ros/cellctrl_control_msgs/srv/_package_cell_agv_main_cmd.lisp
-- Up-to-date: /home/handsome/ros_ws_test/install/cellctrl_control_msgs/share/common-lisp/ros/cellctrl_control_msgs/srv/_package_cell_base_mcfunction_cmd.lisp
-- Up-to-date: /home/handsome/ros_ws_test/install/cellctrl_control_msgs/share/common-lisp/ros/cellctrl_control_msgs/srv/_package_cell_battery_remain_cmd.lisp
-- Up-to-date: /home/handsome/ros_ws_test/install/cellctrl_control_msgs/share/common-lisp/ros/cellctrl_control_msgs/srv/_package_cell_agv_basetype_cmd.lisp
-- Up-to-date: /home/handsome/ros_ws_test/install/cellctrl_control_msgs/share/common-lisp/ros/cellctrl_control_msgs/srv/cell_agv_basetype_cmd.lisp
-- Up-to-date: /home/handsome/ros_ws_test/install/cellctrl_control_msgs/share/common-lisp/ros/cellctrl_control_msgs/srv/cell_agv_battery_cmd.lisp
-- Up-to-date: /home/handsome/ros_ws_test/install/cellctrl_control_msgs/share/common-lisp/ros/cellctrl_control_msgs/srv/_package_cell_work_orderitems_cmd.lisp
-- Up-to-date: /home/handsome/ros_ws_test/install/cellctrl_control_msgs/share/common-lisp/ros/cellctrl_control_msgs/srv/_package_cell_agv_battery_cmd.lisp
-- Up-to-date: /home/handsome/ros_ws_test/install/cellctrl_control_msgs/share/common-lisp/ros/cellctrl_control_msgs/srv/_package_cell_work_stations_cmd.lisp
-- Up-to-date: /home/handsome/ros_ws_test/install/cellctrl_control_msgs/share/common-lisp/ros/cellctrl_control_msgs/srv/cellctrl_control_msgs-srv.asd
-- Up-to-date: /home/handsome/ros_ws_test/install/cellctrl_control_msgs/share/common-lisp/ros/cellctrl_control_msgs/srv/_package_cell_base_maintain_cmd.lisp
-- Up-to-date: /home/handsome/ros_ws_test/install/cellctrl_control_msgs/share/common-lisp/ros/cellctrl_control_msgs/srv/_package_cell_base_device_cmd.lisp
-- Up-to-date: /home/handsome/ros_ws_test/install/cellctrl_control_msgs/share/common-lisp/ros/cellctrl_control_msgs/srv/cell_base_device_cmd.lisp
-- Up-to-date: /home/handsome/ros_ws_test/install/cellctrl_control_msgs/share/common-lisp/ros/cellctrl_control_msgs/srv/cell_work_stations_cmd.lisp
-- Up-to-date: /home/handsome/ros_ws_test/install/cellctrl_control_msgs/share/common-lisp/ros/cellctrl_control_msgs/srv/_package.lisp
-- Up-to-date: /home/handsome/ros_ws_test/install/cellctrl_control_msgs/share/common-lisp/ros/cellctrl_control_msgs/srv/cell_agv_basetypeitems_cmd.lisp
-- Up-to-date: /home/handsome/ros_ws_test/install/cellctrl_control_msgs/share/common-lisp/ros/cellctrl_control_msgs/srv/_package_cell_agv_basetypeitems_cmd.lisp
-- Up-to-date: /home/handsome/ros_ws_test/install/cellctrl_control_msgs/share/common-lisp/ros/cellctrl_control_msgs/srv/_package_cell_battery_caculate_cmd.lisp
-- Up-to-date: /home/handsome/ros_ws_test/install/cellctrl_control_msgs/share/common-lisp/ros/cellctrl_control_msgs/srv/_package_cell_base_alarm_cmd.lisp
-- Up-to-date: /home/handsome/ros_ws_test/install/cellctrl_control_msgs/share/common-lisp/ros/cellctrl_control_msgs/srv/cell_operatehistory_cmd.lisp
-- Up-to-date: /home/handsome/ros_ws_test/install/cellctrl_control_msgs/share/common-lisp/ros/cellctrl_control_msgs/srv/cell_base_operate_cmd.lisp
-- Up-to-date: /home/handsome/ros_ws_test/install/cellctrl_control_msgs/share/common-lisp/ros/cellctrl_control_msgs/srv/cell_battery_caculate_cmd.lisp
-- Up-to-date: /home/handsome/ros_ws_test/install/cellctrl_control_msgs/share/common-lisp/ros/cellctrl_control_msgs/srv/cell_battery_remain_cmd.lisp
-- Up-to-date: /home/handsome/ros_ws_test/install/cellctrl_control_msgs/share/common-lisp/ros/cellctrl_control_msgs/srv/_package_cell_agv_lidar_cmd.lisp
-- Up-to-date: /home/handsome/ros_ws_test/install/cellctrl_control_msgs/share/common-lisp/ros/cellctrl_control_msgs/srv/cell_agv_imu_cmd.lisp
-- Up-to-date: /home/handsome/ros_ws_test/install/cellctrl_control_msgs/share/common-lisp/ros/cellctrl_control_msgs/srv/base_cell_controller_cmd.lisp
-- Up-to-date: /home/handsome/ros_ws_test/install/cellctrl_control_msgs/share/common-lisp/ros/cellctrl_control_msgs/srv/_package_cell_work_ordergoods_cmd.lisp
-- Up-to-date: /home/handsome/ros_ws_test/install/cellctrl_control_msgs/share/common-lisp/ros/cellctrl_control_msgs/srv/cell_work_stationitems_cmd.lisp
-- Up-to-date: /home/handsome/ros_ws_test/install/cellctrl_control_msgs/share/common-lisp/ros/cellctrl_control_msgs/srv/_package_cell_agv_motor_cmd.lisp
-- Up-to-date: /home/handsome/ros_ws_test/install/cellctrl_control_msgs/share/common-lisp/ros/cellctrl_control_msgs/srv/cell_base_transfer_cmd.lisp
-- Up-to-date: /home/handsome/ros_ws_test/install/cellctrl_control_msgs/share/common-lisp/ros/cellctrl_control_msgs/srv/cell_work_order_cmd.lisp
-- Up-to-date: /home/handsome/ros_ws_test/install/cellctrl_control_msgs/share/common-lisp/ros/cellctrl_control_msgs/srv/_package_cell_work_stationitems_cmd.lisp
-- Up-to-date: /home/handsome/ros_ws_test/install/cellctrl_control_msgs/share/common-lisp/ros/cellctrl_control_msgs/srv/_package_cell_maintainhistory_cmd.lisp
-- Up-to-date: /home/handsome/ros_ws_test/install/cellctrl_control_msgs/share/common-lisp/ros/cellctrl_control_msgs/srv/cell_maintainhistory_cmd.lisp
-- Up-to-date: /home/handsome/ros_ws_test/install/cellctrl_control_msgs/share/common-lisp/ros/cellctrl_control_msgs/srv/cell_agv_camera_cmd.lisp
-- Up-to-date: /home/handsome/ros_ws_test/install/cellctrl_control_msgs/share/common-lisp/ros/cellctrl_control_msgs/srv/_package_cell_operatehistory_cmd.lisp
-- Up-to-date: /home/handsome/ros_ws_test/install/cellctrl_control_msgs/share/common-lisp/ros/cellctrl_control_msgs/srv/cell_work_orderitems_cmd.lisp
-- Up-to-date: /home/handsome/ros_ws_test/install/cellctrl_control_msgs/share/common-lisp/ros/cellctrl_control_msgs/srv/cell_agv_main_cmd.lisp
-- Up-to-date: /home/handsome/ros_ws_test/install/cellctrl_control_msgs/share/common-lisp/ros/cellctrl_control_msgs/srv/_package_cell_agv_imu_cmd.lisp
-- Up-to-date: /home/handsome/ros_ws_test/install/cellctrl_control_msgs/share/common-lisp/ros/cellctrl_control_msgs/srv/cell_alarmhistory_cmd.lisp
-- Up-to-date: /home/handsome/ros_ws_test/install/cellctrl_control_msgs/share/common-lisp/ros/cellctrl_control_msgs/srv/_package_cell_base_transfer_cmd.lisp
-- Up-to-date: /home/handsome/ros_ws_test/install/cellctrl_control_msgs/share/common-lisp/ros/cellctrl_control_msgs/srv/cell_base_mcfunction_cmd.lisp
-- Up-to-date: /home/handsome/ros_ws_test/install/cellctrl_control_msgs/share/gennodejs/ros/cellctrl_control_msgs
-- Up-to-date: /home/handsome/ros_ws_test/install/cellctrl_control_msgs/share/gennodejs/ros/cellctrl_control_msgs/msg
-- Up-to-date: /home/handsome/ros_ws_test/install/cellctrl_control_msgs/share/gennodejs/ros/cellctrl_control_msgs/msg/cell_base_maintain.js
-- Up-to-date: /home/handsome/ros_ws_test/install/cellctrl_control_msgs/share/gennodejs/ros/cellctrl_control_msgs/msg/cell_base_operate.js
-- Up-to-date: /home/handsome/ros_ws_test/install/cellctrl_control_msgs/share/gennodejs/ros/cellctrl_control_msgs/msg/cell_agv_camera.js
-- Up-to-date: /home/handsome/ros_ws_test/install/cellctrl_control_msgs/share/gennodejs/ros/cellctrl_control_msgs/msg/cell_agv_battery.js
-- Up-to-date: /home/handsome/ros_ws_test/install/cellctrl_control_msgs/share/gennodejs/ros/cellctrl_control_msgs/msg/cell_agv_basetypeitems.js
-- Up-to-date: /home/handsome/ros_ws_test/install/cellctrl_control_msgs/share/gennodejs/ros/cellctrl_control_msgs/msg/cell_base_mcfunction.js
-- Up-to-date: /home/handsome/ros_ws_test/install/cellctrl_control_msgs/share/gennodejs/ros/cellctrl_control_msgs/msg/_index.js
-- Up-to-date: /home/handsome/ros_ws_test/install/cellctrl_control_msgs/share/gennodejs/ros/cellctrl_control_msgs/msg/cell_operatehistory.js
-- Up-to-date: /home/handsome/ros_ws_test/install/cellctrl_control_msgs/share/gennodejs/ros/cellctrl_control_msgs/msg/cell_maintainhistory.js
-- Up-to-date: /home/handsome/ros_ws_test/install/cellctrl_control_msgs/share/gennodejs/ros/cellctrl_control_msgs/msg/cell_work_stations.js
-- Up-to-date: /home/handsome/ros_ws_test/install/cellctrl_control_msgs/share/gennodejs/ros/cellctrl_control_msgs/msg/cell_agv_lidar.js
-- Up-to-date: /home/handsome/ros_ws_test/install/cellctrl_control_msgs/share/gennodejs/ros/cellctrl_control_msgs/msg/cell_battery_caculate.js
-- Up-to-date: /home/handsome/ros_ws_test/install/cellctrl_control_msgs/share/gennodejs/ros/cellctrl_control_msgs/msg/cell_work_ordergoods.js
-- Up-to-date: /home/handsome/ros_ws_test/install/cellctrl_control_msgs/share/gennodejs/ros/cellctrl_control_msgs/msg/cell_base_transfer.js
-- Up-to-date: /home/handsome/ros_ws_test/install/cellctrl_control_msgs/share/gennodejs/ros/cellctrl_control_msgs/msg/cell_base_alarm.js
-- Up-to-date: /home/handsome/ros_ws_test/install/cellctrl_control_msgs/share/gennodejs/ros/cellctrl_control_msgs/msg/cell_battery_remain.js
-- Up-to-date: /home/handsome/ros_ws_test/install/cellctrl_control_msgs/share/gennodejs/ros/cellctrl_control_msgs/msg/cell_agv_basetype.js
-- Up-to-date: /home/handsome/ros_ws_test/install/cellctrl_control_msgs/share/gennodejs/ros/cellctrl_control_msgs/msg/cell_alarmhistory.js
-- Up-to-date: /home/handsome/ros_ws_test/install/cellctrl_control_msgs/share/gennodejs/ros/cellctrl_control_msgs/msg/cell_agv_main.js
-- Up-to-date: /home/handsome/ros_ws_test/install/cellctrl_control_msgs/share/gennodejs/ros/cellctrl_control_msgs/msg/cell_base_device.js
-- Up-to-date: /home/handsome/ros_ws_test/install/cellctrl_control_msgs/share/gennodejs/ros/cellctrl_control_msgs/msg/base_cell_controller.js
-- Up-to-date: /home/handsome/ros_ws_test/install/cellctrl_control_msgs/share/gennodejs/ros/cellctrl_control_msgs/msg/cell_work_stationitems.js
-- Up-to-date: /home/handsome/ros_ws_test/install/cellctrl_control_msgs/share/gennodejs/ros/cellctrl_control_msgs/msg/cell_agv_motor.js
-- Up-to-date: /home/handsome/ros_ws_test/install/cellctrl_control_msgs/share/gennodejs/ros/cellctrl_control_msgs/msg/cell_agv_imu.js
-- Up-to-date: /home/handsome/ros_ws_test/install/cellctrl_control_msgs/share/gennodejs/ros/cellctrl_control_msgs/msg/cell_work_order.js
-- Up-to-date: /home/handsome/ros_ws_test/install/cellctrl_control_msgs/share/gennodejs/ros/cellctrl_control_msgs/msg/cell_work_orderitems.js
-- Up-to-date: /home/handsome/ros_ws_test/install/cellctrl_control_msgs/share/gennodejs/ros/cellctrl_control_msgs/_index.js
-- Up-to-date: /home/handsome/ros_ws_test/install/cellctrl_control_msgs/share/gennodejs/ros/cellctrl_control_msgs/srv
-- Up-to-date: /home/handsome/ros_ws_test/install/cellctrl_control_msgs/share/gennodejs/ros/cellctrl_control_msgs/srv/cell_maintainhistory_cmd.js
-- Up-to-date: /home/handsome/ros_ws_test/install/cellctrl_control_msgs/share/gennodejs/ros/cellctrl_control_msgs/srv/cell_operatehistory_cmd.js
-- Up-to-date: /home/handsome/ros_ws_test/install/cellctrl_control_msgs/share/gennodejs/ros/cellctrl_control_msgs/srv/cell_base_alarm_cmd.js
-- Up-to-date: /home/handsome/ros_ws_test/install/cellctrl_control_msgs/share/gennodejs/ros/cellctrl_control_msgs/srv/cell_agv_main_cmd.js
-- Up-to-date: /home/handsome/ros_ws_test/install/cellctrl_control_msgs/share/gennodejs/ros/cellctrl_control_msgs/srv/cell_base_device_cmd.js
-- Up-to-date: /home/handsome/ros_ws_test/install/cellctrl_control_msgs/share/gennodejs/ros/cellctrl_control_msgs/srv/_index.js
-- Up-to-date: /home/handsome/ros_ws_test/install/cellctrl_control_msgs/share/gennodejs/ros/cellctrl_control_msgs/srv/cell_work_stationitems_cmd.js
-- Up-to-date: /home/handsome/ros_ws_test/install/cellctrl_control_msgs/share/gennodejs/ros/cellctrl_control_msgs/srv/cell_base_mcfunction_cmd.js
-- Up-to-date: /home/handsome/ros_ws_test/install/cellctrl_control_msgs/share/gennodejs/ros/cellctrl_control_msgs/srv/cell_work_ordergoods_cmd.js
-- Up-to-date: /home/handsome/ros_ws_test/install/cellctrl_control_msgs/share/gennodejs/ros/cellctrl_control_msgs/srv/cell_agv_basetype_cmd.js
-- Up-to-date: /home/handsome/ros_ws_test/install/cellctrl_control_msgs/share/gennodejs/ros/cellctrl_control_msgs/srv/cell_agv_basetypeitems_cmd.js
-- Up-to-date: /home/handsome/ros_ws_test/install/cellctrl_control_msgs/share/gennodejs/ros/cellctrl_control_msgs/srv/cell_base_operate_cmd.js
-- Up-to-date: /home/handsome/ros_ws_test/install/cellctrl_control_msgs/share/gennodejs/ros/cellctrl_control_msgs/srv/base_cell_controller_cmd.js
-- Up-to-date: /home/handsome/ros_ws_test/install/cellctrl_control_msgs/share/gennodejs/ros/cellctrl_control_msgs/srv/cell_base_maintain_cmd.js
-- Up-to-date: /home/handsome/ros_ws_test/install/cellctrl_control_msgs/share/gennodejs/ros/cellctrl_control_msgs/srv/cell_work_stations_cmd.js
-- Up-to-date: /home/handsome/ros_ws_test/install/cellctrl_control_msgs/share/gennodejs/ros/cellctrl_control_msgs/srv/cell_battery_caculate_cmd.js
-- Up-to-date: /home/handsome/ros_ws_test/install/cellctrl_control_msgs/share/gennodejs/ros/cellctrl_control_msgs/srv/cell_work_orderitems_cmd.js
-- Up-to-date: /home/handsome/ros_ws_test/install/cellctrl_control_msgs/share/gennodejs/ros/cellctrl_control_msgs/srv/cell_work_order_cmd.js
-- Up-to-date: /home/handsome/ros_ws_test/install/cellctrl_control_msgs/share/gennodejs/ros/cellctrl_control_msgs/srv/cell_alarmhistory_cmd.js
-- Up-to-date: /home/handsome/ros_ws_test/install/cellctrl_control_msgs/share/gennodejs/ros/cellctrl_control_msgs/srv/cell_battery_remain_cmd.js
-- Up-to-date: /home/handsome/ros_ws_test/install/cellctrl_control_msgs/share/gennodejs/ros/cellctrl_control_msgs/srv/cell_agv_imu_cmd.js
-- Up-to-date: /home/handsome/ros_ws_test/install/cellctrl_control_msgs/share/gennodejs/ros/cellctrl_control_msgs/srv/cell_agv_battery_cmd.js
-- Up-to-date: /home/handsome/ros_ws_test/install/cellctrl_control_msgs/share/gennodejs/ros/cellctrl_control_msgs/srv/cell_agv_motor_cmd.js
-- Up-to-date: /home/handsome/ros_ws_test/install/cellctrl_control_msgs/share/gennodejs/ros/cellctrl_control_msgs/srv/cell_base_transfer_cmd.js
-- Up-to-date: /home/handsome/ros_ws_test/install/cellctrl_control_msgs/share/gennodejs/ros/cellctrl_control_msgs/srv/cell_agv_camera_cmd.js
-- Up-to-date: /home/handsome/ros_ws_test/install/cellctrl_control_msgs/share/gennodejs/ros/cellctrl_control_msgs/srv/cell_agv_lidar_cmd.js
Listing /home/handsome/ros_ws_test/build/cellctrl_control_msgs/devel/lib/python2.7/dist-packages/cellctrl_control_msgs ...
Listing /home/handsome/ros_ws_test/build/cellctrl_control_msgs/devel/lib/python2.7/dist-packages/cellctrl_control_msgs/msg ...
Listing /home/handsome/ros_ws_test/build/cellctrl_control_msgs/devel/lib/python2.7/dist-packages/cellctrl_control_msgs/srv ...
-- Up-to-date: /home/handsome/ros_ws_test/install/cellctrl_control_msgs/lib/python2.7/dist-packages/cellctrl_control_msgs
-- Up-to-date: /home/handsome/ros_ws_test/install/cellctrl_control_msgs/lib/python2.7/dist-packages/cellctrl_control_msgs/msg
-- Up-to-date: /home/handsome/ros_ws_test/install/cellctrl_control_msgs/lib/python2.7/dist-packages/cellctrl_control_msgs/msg/_cell_work_order.pyc
-- Up-to-date: /home/handsome/ros_ws_test/install/cellctrl_control_msgs/lib/python2.7/dist-packages/cellctrl_control_msgs/msg/_cell_agv_motor.py
-- Up-to-date: /home/handsome/ros_ws_test/install/cellctrl_control_msgs/lib/python2.7/dist-packages/cellctrl_control_msgs/msg/_cell_agv_basetypeitems.pyc
-- Up-to-date: /home/handsome/ros_ws_test/install/cellctrl_control_msgs/lib/python2.7/dist-packages/cellctrl_control_msgs/msg/_cell_work_orderitems.pyc
-- Up-to-date: /home/handsome/ros_ws_test/install/cellctrl_control_msgs/lib/python2.7/dist-packages/cellctrl_control_msgs/msg/_cell_agv_camera.py
-- Up-to-date: /home/handsome/ros_ws_test/install/cellctrl_control_msgs/lib/python2.7/dist-packages/cellctrl_control_msgs/msg/_cell_base_operate.py
-- Up-to-date: /home/handsome/ros_ws_test/install/cellctrl_control_msgs/lib/python2.7/dist-packages/cellctrl_control_msgs/msg/_cell_agv_basetype.py
-- Up-to-date: /home/handsome/ros_ws_test/install/cellctrl_control_msgs/lib/python2.7/dist-packages/cellctrl_control_msgs/msg/_cell_agv_imu.pyc
-- Up-to-date: /home/handsome/ros_ws_test/install/cellctrl_control_msgs/lib/python2.7/dist-packages/cellctrl_control_msgs/msg/_cell_agv_motor.pyc
-- Up-to-date: /home/handsome/ros_ws_test/install/cellctrl_control_msgs/lib/python2.7/dist-packages/cellctrl_control_msgs/msg/_cell_maintainhistory.py
-- Up-to-date: /home/handsome/ros_ws_test/install/cellctrl_control_msgs/lib/python2.7/dist-packages/cellctrl_control_msgs/msg/_cell_battery_remain.pyc
-- Up-to-date: /home/handsome/ros_ws_test/install/cellctrl_control_msgs/lib/python2.7/dist-packages/cellctrl_control_msgs/msg/_cell_operatehistory.py
-- Up-to-date: /home/handsome/ros_ws_test/install/cellctrl_control_msgs/lib/python2.7/dist-packages/cellctrl_control_msgs/msg/__init__.py
-- Up-to-date: /home/handsome/ros_ws_test/install/cellctrl_control_msgs/lib/python2.7/dist-packages/cellctrl_control_msgs/msg/_cell_work_stations.pyc
-- Up-to-date: /home/handsome/ros_ws_test/install/cellctrl_control_msgs/lib/python2.7/dist-packages/cellctrl_control_msgs/msg/_cell_work_ordergoods.pyc
-- Up-to-date: /home/handsome/ros_ws_test/install/cellctrl_control_msgs/lib/python2.7/dist-packages/cellctrl_control_msgs/msg/_cell_battery_caculate.pyc
-- Up-to-date: /home/handsome/ros_ws_test/install/cellctrl_control_msgs/lib/python2.7/dist-packages/cellctrl_control_msgs/msg/_cell_agv_battery.pyc
-- Up-to-date: /home/handsome/ros_ws_test/install/cellctrl_control_msgs/lib/python2.7/dist-packages/cellctrl_control_msgs/msg/_cell_base_device.pyc
-- Up-to-date: /home/handsome/ros_ws_test/install/cellctrl_control_msgs/lib/python2.7/dist-packages/cellctrl_control_msgs/msg/_cell_base_alarm.pyc
-- Up-to-date: /home/handsome/ros_ws_test/install/cellctrl_control_msgs/lib/python2.7/dist-packages/cellctrl_control_msgs/msg/_cell_base_operate.pyc
-- Up-to-date: /home/handsome/ros_ws_test/install/cellctrl_control_msgs/lib/python2.7/dist-packages/cellctrl_control_msgs/msg/_cell_maintainhistory.pyc
-- Up-to-date: /home/handsome/ros_ws_test/install/cellctrl_control_msgs/lib/python2.7/dist-packages/cellctrl_control_msgs/msg/_cell_agv_basetype.pyc
-- Up-to-date: /home/handsome/ros_ws_test/install/cellctrl_control_msgs/lib/python2.7/dist-packages/cellctrl_control_msgs/msg/_cell_agv_main.pyc
-- Up-to-date: /home/handsome/ros_ws_test/install/cellctrl_control_msgs/lib/python2.7/dist-packages/cellctrl_control_msgs/msg/_cell_alarmhistory.py
-- Up-to-date: /home/handsome/ros_ws_test/install/cellctrl_control_msgs/lib/python2.7/dist-packages/cellctrl_control_msgs/msg/_cell_battery_caculate.py
-- Up-to-date: /home/handsome/ros_ws_test/install/cellctrl_control_msgs/lib/python2.7/dist-packages/cellctrl_control_msgs/msg/_cell_base_maintain.py
-- Up-to-date: /home/handsome/ros_ws_test/install/cellctrl_control_msgs/lib/python2.7/dist-packages/cellctrl_control_msgs/msg/_cell_operatehistory.pyc
-- Up-to-date: /home/handsome/ros_ws_test/install/cellctrl_control_msgs/lib/python2.7/dist-packages/cellctrl_control_msgs/msg/_cell_work_stationitems.py
-- Up-to-date: /home/handsome/ros_ws_test/install/cellctrl_control_msgs/lib/python2.7/dist-packages/cellctrl_control_msgs/msg/_cell_work_stationitems.pyc
-- Up-to-date: /home/handsome/ros_ws_test/install/cellctrl_control_msgs/lib/python2.7/dist-packages/cellctrl_control_msgs/msg/_base_cell_controller.pyc
-- Up-to-date: /home/handsome/ros_ws_test/install/cellctrl_control_msgs/lib/python2.7/dist-packages/cellctrl_control_msgs/msg/_cell_agv_camera.pyc
-- Up-to-date: /home/handsome/ros_ws_test/install/cellctrl_control_msgs/lib/python2.7/dist-packages/cellctrl_control_msgs/msg/_cell_work_orderitems.py
-- Up-to-date: /home/handsome/ros_ws_test/install/cellctrl_control_msgs/lib/python2.7/dist-packages/cellctrl_control_msgs/msg/_cell_base_maintain.pyc
-- Up-to-date: /home/handsome/ros_ws_test/install/cellctrl_control_msgs/lib/python2.7/dist-packages/cellctrl_control_msgs/msg/_cell_base_mcfunction.pyc
-- Up-to-date: /home/handsome/ros_ws_test/install/cellctrl_control_msgs/lib/python2.7/dist-packages/cellctrl_control_msgs/msg/_cell_agv_imu.py
-- Up-to-date: /home/handsome/ros_ws_test/install/cellctrl_control_msgs/lib/python2.7/dist-packages/cellctrl_control_msgs/msg/_cell_agv_battery.py
-- Up-to-date: /home/handsome/ros_ws_test/install/cellctrl_control_msgs/lib/python2.7/dist-packages/cellctrl_control_msgs/msg/_cell_base_device.py
-- Up-to-date: /home/handsome/ros_ws_test/install/cellctrl_control_msgs/lib/python2.7/dist-packages/cellctrl_control_msgs/msg/_cell_battery_remain.py
-- Up-to-date: /home/handsome/ros_ws_test/install/cellctrl_control_msgs/lib/python2.7/dist-packages/cellctrl_control_msgs/msg/_cell_base_transfer.py
-- Up-to-date: /home/handsome/ros_ws_test/install/cellctrl_control_msgs/lib/python2.7/dist-packages/cellctrl_control_msgs/msg/_cell_base_mcfunction.py
-- Up-to-date: /home/handsome/ros_ws_test/install/cellctrl_control_msgs/lib/python2.7/dist-packages/cellctrl_control_msgs/msg/_cell_work_order.py
-- Up-to-date: /home/handsome/ros_ws_test/install/cellctrl_control_msgs/lib/python2.7/dist-packages/cellctrl_control_msgs/msg/_cell_base_transfer.pyc
-- Up-to-date: /home/handsome/ros_ws_test/install/cellctrl_control_msgs/lib/python2.7/dist-packages/cellctrl_control_msgs/msg/_cell_work_stations.py
-- Up-to-date: /home/handsome/ros_ws_test/install/cellctrl_control_msgs/lib/python2.7/dist-packages/cellctrl_control_msgs/msg/_cell_agv_main.py
-- Up-to-date: /home/handsome/ros_ws_test/install/cellctrl_control_msgs/lib/python2.7/dist-packages/cellctrl_control_msgs/msg/_base_cell_controller.py
-- Up-to-date: /home/handsome/ros_ws_test/install/cellctrl_control_msgs/lib/python2.7/dist-packages/cellctrl_control_msgs/msg/_cell_work_ordergoods.py
-- Up-to-date: /home/handsome/ros_ws_test/install/cellctrl_control_msgs/lib/python2.7/dist-packages/cellctrl_control_msgs/msg/_cell_agv_lidar.pyc
-- Up-to-date: /home/handsome/ros_ws_test/install/cellctrl_control_msgs/lib/python2.7/dist-packages/cellctrl_control_msgs/msg/__init__.pyc
-- Up-to-date: /home/handsome/ros_ws_test/install/cellctrl_control_msgs/lib/python2.7/dist-packages/cellctrl_control_msgs/msg/_cell_base_alarm.py
-- Up-to-date: /home/handsome/ros_ws_test/install/cellctrl_control_msgs/lib/python2.7/dist-packages/cellctrl_control_msgs/msg/_cell_alarmhistory.pyc
-- Up-to-date: /home/handsome/ros_ws_test/install/cellctrl_control_msgs/lib/python2.7/dist-packages/cellctrl_control_msgs/msg/_cell_agv_basetypeitems.py
-- Up-to-date: /home/handsome/ros_ws_test/install/cellctrl_control_msgs/lib/python2.7/dist-packages/cellctrl_control_msgs/msg/_cell_agv_lidar.py
-- Up-to-date: /home/handsome/ros_ws_test/install/cellctrl_control_msgs/lib/python2.7/dist-packages/cellctrl_control_msgs/__init__.py
-- Up-to-date: /home/handsome/ros_ws_test/install/cellctrl_control_msgs/lib/python2.7/dist-packages/cellctrl_control_msgs/srv
-- Up-to-date: /home/handsome/ros_ws_test/install/cellctrl_control_msgs/lib/python2.7/dist-packages/cellctrl_control_msgs/srv/_cell_base_mcfunction_cmd.py
-- Up-to-date: /home/handsome/ros_ws_test/install/cellctrl_control_msgs/lib/python2.7/dist-packages/cellctrl_control_msgs/srv/_cell_agv_basetype_cmd.py
-- Up-to-date: /home/handsome/ros_ws_test/install/cellctrl_control_msgs/lib/python2.7/dist-packages/cellctrl_control_msgs/srv/_cell_agv_basetype_cmd.pyc
-- Up-to-date: /home/handsome/ros_ws_test/install/cellctrl_control_msgs/lib/python2.7/dist-packages/cellctrl_control_msgs/srv/_cell_work_stationitems_cmd.py
-- Up-to-date: /home/handsome/ros_ws_test/install/cellctrl_control_msgs/lib/python2.7/dist-packages/cellctrl_control_msgs/srv/_cell_battery_caculate_cmd.pyc
-- Up-to-date: /home/handsome/ros_ws_test/install/cellctrl_control_msgs/lib/python2.7/dist-packages/cellctrl_control_msgs/srv/_cell_agv_main_cmd.py
-- Up-to-date: /home/handsome/ros_ws_test/install/cellctrl_control_msgs/lib/python2.7/dist-packages/cellctrl_control_msgs/srv/_cell_work_order_cmd.pyc
-- Up-to-date: /home/handsome/ros_ws_test/install/cellctrl_control_msgs/lib/python2.7/dist-packages/cellctrl_control_msgs/srv/_cell_base_device_cmd.py
-- Up-to-date: /home/handsome/ros_ws_test/install/cellctrl_control_msgs/lib/python2.7/dist-packages/cellctrl_control_msgs/srv/__init__.py
-- Up-to-date: /home/handsome/ros_ws_test/install/cellctrl_control_msgs/lib/python2.7/dist-packages/cellctrl_control_msgs/srv/_cell_agv_camera_cmd.pyc
-- Up-to-date: /home/handsome/ros_ws_test/install/cellctrl_control_msgs/lib/python2.7/dist-packages/cellctrl_control_msgs/srv/_cell_work_stationitems_cmd.pyc
-- Up-to-date: /home/handsome/ros_ws_test/install/cellctrl_control_msgs/lib/python2.7/dist-packages/cellctrl_control_msgs/srv/_cell_battery_caculate_cmd.py
-- Up-to-date: /home/handsome/ros_ws_test/install/cellctrl_control_msgs/lib/python2.7/dist-packages/cellctrl_control_msgs/srv/_cell_alarmhistory_cmd.py
-- Up-to-date: /home/handsome/ros_ws_test/install/cellctrl_control_msgs/lib/python2.7/dist-packages/cellctrl_control_msgs/srv/_cell_operatehistory_cmd.py
-- Up-to-date: /home/handsome/ros_ws_test/install/cellctrl_control_msgs/lib/python2.7/dist-packages/cellctrl_control_msgs/srv/_cell_base_mcfunction_cmd.pyc
-- Up-to-date: /home/handsome/ros_ws_test/install/cellctrl_control_msgs/lib/python2.7/dist-packages/cellctrl_control_msgs/srv/_cell_agv_lidar_cmd.py
-- Up-to-date: /home/handsome/ros_ws_test/install/cellctrl_control_msgs/lib/python2.7/dist-packages/cellctrl_control_msgs/srv/_cell_base_operate_cmd.py
-- Up-to-date: /home/handsome/ros_ws_test/install/cellctrl_control_msgs/lib/python2.7/dist-packages/cellctrl_control_msgs/srv/_cell_base_transfer_cmd.py
-- Up-to-date: /home/handsome/ros_ws_test/install/cellctrl_control_msgs/lib/python2.7/dist-packages/cellctrl_control_msgs/srv/_cell_agv_motor_cmd.py
-- Up-to-date: /home/handsome/ros_ws_test/install/cellctrl_control_msgs/lib/python2.7/dist-packages/cellctrl_control_msgs/srv/_cell_work_stations_cmd.pyc
-- Up-to-date: /home/handsome/ros_ws_test/install/cellctrl_control_msgs/lib/python2.7/dist-packages/cellctrl_control_msgs/srv/_cell_base_maintain_cmd.py
-- Up-to-date: /home/handsome/ros_ws_test/install/cellctrl_control_msgs/lib/python2.7/dist-packages/cellctrl_control_msgs/srv/_cell_agv_basetypeitems_cmd.pyc
-- Up-to-date: /home/handsome/ros_ws_test/install/cellctrl_control_msgs/lib/python2.7/dist-packages/cellctrl_control_msgs/srv/_cell_operatehistory_cmd.pyc
-- Up-to-date: /home/handsome/ros_ws_test/install/cellctrl_control_msgs/lib/python2.7/dist-packages/cellctrl_control_msgs/srv/_cell_base_device_cmd.pyc
-- Up-to-date: /home/handsome/ros_ws_test/install/cellctrl_control_msgs/lib/python2.7/dist-packages/cellctrl_control_msgs/srv/_cell_work_orderitems_cmd.py
-- Up-to-date: /home/handsome/ros_ws_test/install/cellctrl_control_msgs/lib/python2.7/dist-packages/cellctrl_control_msgs/srv/_cell_agv_battery_cmd.pyc
-- Up-to-date: /home/handsome/ros_ws_test/install/cellctrl_control_msgs/lib/python2.7/dist-packages/cellctrl_control_msgs/srv/_cell_base_maintain_cmd.pyc
-- Up-to-date: /home/handsome/ros_ws_test/install/cellctrl_control_msgs/lib/python2.7/dist-packages/cellctrl_control_msgs/srv/_cell_agv_imu_cmd.pyc
-- Up-to-date: /home/handsome/ros_ws_test/install/cellctrl_control_msgs/lib/python2.7/dist-packages/cellctrl_control_msgs/srv/_cell_work_ordergoods_cmd.py
-- Up-to-date: /home/handsome/ros_ws_test/install/cellctrl_control_msgs/lib/python2.7/dist-packages/cellctrl_control_msgs/srv/_cell_work_orderitems_cmd.pyc
-- Up-to-date: /home/handsome/ros_ws_test/install/cellctrl_control_msgs/lib/python2.7/dist-packages/cellctrl_control_msgs/srv/_cell_base_alarm_cmd.pyc
-- Up-to-date: /home/handsome/ros_ws_test/install/cellctrl_control_msgs/lib/python2.7/dist-packages/cellctrl_control_msgs/srv/_cell_maintainhistory_cmd.py
-- Up-to-date: /home/handsome/ros_ws_test/install/cellctrl_control_msgs/lib/python2.7/dist-packages/cellctrl_control_msgs/srv/_cell_base_transfer_cmd.pyc
-- Up-to-date: /home/handsome/ros_ws_test/install/cellctrl_control_msgs/lib/python2.7/dist-packages/cellctrl_control_msgs/srv/_base_cell_controller_cmd.py
-- Up-to-date: /home/handsome/ros_ws_test/install/cellctrl_control_msgs/lib/python2.7/dist-packages/cellctrl_control_msgs/srv/_cell_alarmhistory_cmd.pyc
-- Up-to-date: /home/handsome/ros_ws_test/install/cellctrl_control_msgs/lib/python2.7/dist-packages/cellctrl_control_msgs/srv/_cell_agv_lidar_cmd.pyc
-- Up-to-date: /home/handsome/ros_ws_test/install/cellctrl_control_msgs/lib/python2.7/dist-packages/cellctrl_control_msgs/srv/_cell_work_order_cmd.py
-- Up-to-date: /home/handsome/ros_ws_test/install/cellctrl_control_msgs/lib/python2.7/dist-packages/cellctrl_control_msgs/srv/_cell_agv_imu_cmd.py
-- Up-to-date: /home/handsome/ros_ws_test/install/cellctrl_control_msgs/lib/python2.7/dist-packages/cellctrl_control_msgs/srv/_cell_agv_camera_cmd.py
-- Up-to-date: /home/handsome/ros_ws_test/install/cellctrl_control_msgs/lib/python2.7/dist-packages/cellctrl_control_msgs/srv/_cell_work_ordergoods_cmd.pyc
-- Up-to-date: /home/handsome/ros_ws_test/install/cellctrl_control_msgs/lib/python2.7/dist-packages/cellctrl_control_msgs/srv/_cell_base_operate_cmd.pyc
-- Up-to-date: /home/handsome/ros_ws_test/install/cellctrl_control_msgs/lib/python2.7/dist-packages/cellctrl_control_msgs/srv/_base_cell_controller_cmd.pyc
-- Up-to-date: /home/handsome/ros_ws_test/install/cellctrl_control_msgs/lib/python2.7/dist-packages/cellctrl_control_msgs/srv/__init__.pyc
-- Up-to-date: /home/handsome/ros_ws_test/install/cellctrl_control_msgs/lib/python2.7/dist-packages/cellctrl_control_msgs/srv/_cell_battery_remain_cmd.py
-- Up-to-date: /home/handsome/ros_ws_test/install/cellctrl_control_msgs/lib/python2.7/dist-packages/cellctrl_control_msgs/srv/_cell_agv_basetypeitems_cmd.py
-- Up-to-date: /home/handsome/ros_ws_test/install/cellctrl_control_msgs/lib/python2.7/dist-packages/cellctrl_control_msgs/srv/_cell_agv_battery_cmd.py
-- Up-to-date: /home/handsome/ros_ws_test/install/cellctrl_control_msgs/lib/python2.7/dist-packages/cellctrl_control_msgs/srv/_cell_work_stations_cmd.py
-- Up-to-date: /home/handsome/ros_ws_test/install/cellctrl_control_msgs/lib/python2.7/dist-packages/cellctrl_control_msgs/srv/_cell_battery_remain_cmd.pyc
-- Up-to-date: /home/handsome/ros_ws_test/install/cellctrl_control_msgs/lib/python2.7/dist-packages/cellctrl_control_msgs/srv/_cell_agv_motor_cmd.pyc
-- Up-to-date: /home/handsome/ros_ws_test/install/cellctrl_control_msgs/lib/python2.7/dist-packages/cellctrl_control_msgs/srv/_cell_maintainhistory_cmd.pyc
-- Up-to-date: /home/handsome/ros_ws_test/install/cellctrl_control_msgs/lib/python2.7/dist-packages/cellctrl_control_msgs/srv/_cell_agv_main_cmd.pyc
-- Up-to-date: /home/handsome/ros_ws_test/install/cellctrl_control_msgs/lib/python2.7/dist-packages/cellctrl_control_msgs/srv/_cell_base_alarm_cmd.py
-- Up-to-date: /home/handsome/ros_ws_test/install/cellctrl_control_msgs/lib/python2.7/dist-packages/cellctrl_control_msgs/__init__.pyc
-- Up-to-date: /home/handsome/ros_ws_test/install/cellctrl_control_msgs/lib/pkgconfig/cellctrl_control_msgs.pc
-- Up-to-date: /home/handsome/ros_ws_test/install/cellctrl_control_msgs/share/cellctrl_control_msgs/cmake/cellctrl_control_msgs-msg-extras.cmake
-- Up-to-date: /home/handsome/ros_ws_test/install/cellctrl_control_msgs/share/cellctrl_control_msgs/cmake/cellctrl_control_msgsConfig.cmake
-- Up-to-date: /home/handsome/ros_ws_test/install/cellctrl_control_msgs/share/cellctrl_control_msgs/cmake/cellctrl_control_msgsConfig-version.cmake
-- Up-to-date: /home/handsome/ros_ws_test/install/cellctrl_control_msgs/share/cellctrl_control_msgs/package.xml
