Determining if the pthread_create exist failed with the following output:
Change Dir: /home/handsome/ros_ws_test/build/teb2_local_planner/CMakeFiles/CMakeTmp

Run Build Command:"/usr/bin/make" "cmTC_fd55b/fast"
/usr/bin/make -f CMakeFiles/cmTC_fd55b.dir/build.make CMakeFiles/cmTC_fd55b.dir/build
make[1]: Entering directory '/home/handsome/ros_ws_test/build/teb2_local_planner/CMakeFiles/CMakeTmp'
Building C object CMakeFiles/cmTC_fd55b.dir/CheckSymbolExists.c.o
/usr/bin/cc    -o CMakeFiles/cmTC_fd55b.dir/CheckSymbolExists.c.o   -c /home/handsome/ros_ws_test/build/teb2_local_planner/CMakeFiles/CMakeTmp/CheckSymbolExists.c
Linking C executable cmTC_fd55b
/usr/bin/cmake -E cmake_link_script CMakeFiles/cmTC_fd55b.dir/link.txt --verbose=1
/usr/bin/cc      -rdynamic CMakeFiles/cmTC_fd55b.dir/CheckSymbolExists.c.o  -o cmTC_fd55b 
CMakeFiles/cmTC_fd55b.dir/CheckSymbolExists.c.o: In function `main':
CheckSymbolExists.c:(.text+0x1b): undefined reference to `pthread_create'
collect2: error: ld returned 1 exit status
CMakeFiles/cmTC_fd55b.dir/build.make:97: recipe for target 'cmTC_fd55b' failed
make[1]: *** [cmTC_fd55b] Error 1
make[1]: Leaving directory '/home/handsome/ros_ws_test/build/teb2_local_planner/CMakeFiles/CMakeTmp'
Makefile:126: recipe for target 'cmTC_fd55b/fast' failed
make: *** [cmTC_fd55b/fast] Error 2

File /home/handsome/ros_ws_test/build/teb2_local_planner/CMakeFiles/CMakeTmp/CheckSymbolExists.c:
/* */
#include <pthread.h>

int main(int argc, char** argv)
{
  (void)argv;
#ifndef pthread_create
  return ((int*)(&pthread_create))[argc];
#else
  (void)argc;
  return 0;
#endif
}

Determining if the function pthread_create exists in the pthreads failed with the following output:
Change Dir: /home/handsome/ros_ws_test/build/teb2_local_planner/CMakeFiles/CMakeTmp

Run Build Command:"/usr/bin/make" "cmTC_4b9bc/fast"
/usr/bin/make -f CMakeFiles/cmTC_4b9bc.dir/build.make CMakeFiles/cmTC_4b9bc.dir/build
make[1]: Entering directory '/home/handsome/ros_ws_test/build/teb2_local_planner/CMakeFiles/CMakeTmp'
Building C object CMakeFiles/cmTC_4b9bc.dir/CheckFunctionExists.c.o
/usr/bin/cc   -DCHECK_FUNCTION_EXISTS=pthread_create   -o CMakeFiles/cmTC_4b9bc.dir/CheckFunctionExists.c.o   -c /usr/share/cmake-3.10/Modules/CheckFunctionExists.c
Linking C executable cmTC_4b9bc
/usr/bin/cmake -E cmake_link_script CMakeFiles/cmTC_4b9bc.dir/link.txt --verbose=1
/usr/bin/cc  -DCHECK_FUNCTION_EXISTS=pthread_create    -rdynamic CMakeFiles/cmTC_4b9bc.dir/CheckFunctionExists.c.o  -o cmTC_4b9bc -lpthreads 
/usr/bin/ld: cannot find -lpthreads
collect2: error: ld returned 1 exit status
CMakeFiles/cmTC_4b9bc.dir/build.make:97: recipe for target 'cmTC_4b9bc' failed
make[1]: *** [cmTC_4b9bc] Error 1
make[1]: Leaving directory '/home/handsome/ros_ws_test/build/teb2_local_planner/CMakeFiles/CMakeTmp'
Makefile:126: recipe for target 'cmTC_4b9bc/fast' failed
make: *** [cmTC_4b9bc/fast] Error 2


