[0.099s] Invoking command in '/home/handsome/ros_ws_test/build/libcreate': /usr/bin/cmake --build /home/handsome/ros_ws_test/build/libcreate -- -j12 -l12
[0.837s] [ 33%] Built target create
[1.325s] [ 41%] Built target bumpers
[1.325s] [ 50%] Built target play_song
[1.326s] [ 58%] Built target battery_level
[1.430s] [ 66%] Built target leds
[1.464s] [ 75%] Built target cliffs
[1.476s] [ 83%] Built target wheeldrop
[1.482s] [ 91%] Built target drive_circle
[1.524s] [100%] Built target packets
[1.563s] Invoked command in '/home/handsome/ros_ws_test/build/libcreate' returned '0': /usr/bin/cmake --build /home/handsome/ros_ws_test/build/libcreate -- -j12 -l12
[3.104s] Invoking command in '/home/handsome/ros_ws_test/build/libcreate': /usr/bin/cmake --build /home/handsome/ros_ws_test/build/libcreate --target install -- -j12 -l12
[3.320s] [ 33%] Built target create
[3.400s] [ 41%] Built target wheeldrop
[3.403s] [ 50%] Built target drive_circle
[3.405s] [ 58%] Built target battery_level
[3.412s] [ 66%] Built target bumpers
[3.420s] [ 75%] Built target cliffs
[3.421s] [ 83%] Built target leds
[3.428s] [ 91%] Built target play_song
[3.428s] [100%] Built target packets
[3.478s] [36mInstall the project...[0m
[3.501s] -- Install configuration: ""
[3.501s] -- Up-to-date: /home/handsome/ros_ws_test/install/libcreate/lib/libcreate.so
[3.502s] -- Up-to-date: /home/handsome/ros_ws_test/install/libcreate/include
[3.502s] -- Up-to-date: /home/handsome/ros_ws_test/install/libcreate/include/create
[3.502s] -- Up-to-date: /home/handsome/ros_ws_test/install/libcreate/include/create/packet.h
[3.502s] -- Up-to-date: /home/handsome/ros_ws_test/install/libcreate/include/create/types.h
[3.502s] -- Up-to-date: /home/handsome/ros_ws_test/install/libcreate/include/create/data.h
[3.503s] -- Up-to-date: /home/handsome/ros_ws_test/install/libcreate/include/create/create.h
[3.503s] -- Up-to-date: /home/handsome/ros_ws_test/install/libcreate/include/create/serial_stream.h
[3.504s] -- Up-to-date: /home/handsome/ros_ws_test/install/libcreate/include/create/serial.h
[3.504s] -- Up-to-date: /home/handsome/ros_ws_test/install/libcreate/include/create/util.h
[3.504s] -- Up-to-date: /home/handsome/ros_ws_test/install/libcreate/include/create/serial_query.h
[3.504s] -- Up-to-date: /home/handsome/ros_ws_test/install/libcreate/lib/cmake/libcreate/libcreate-config.cmake
[3.504s] -- Up-to-date: /home/handsome/ros_ws_test/install/libcreate/lib/cmake/libcreate/libcreate-config-version.cmake
[3.504s] -- Up-to-date: /home/handsome/ros_ws_test/install/libcreate/lib/cmake/libcreate/libcreate-targets.cmake
[3.505s] -- Up-to-date: /home/handsome/ros_ws_test/install/libcreate/lib/cmake/libcreate/libcreate-targets-noconfig.cmake
[3.505s] -- Up-to-date: /home/handsome/ros_ws_test/install/libcreate/share/libcreate/package.xml
[3.540s] Invoked command in '/home/handsome/ros_ws_test/build/libcreate' returned '0': /usr/bin/cmake --build /home/handsome/ros_ws_test/build/libcreate --target install -- -j12 -l12
