-- Using CATKIN_DEVEL_PREFIX: /home/handsome/ros_ws_test/build/robot_scheduling_actions/devel
-- Using CMAKE_PREFIX_PATH: /home/handsome/ros_ws_test/install/robot_scheduling_msgs;/home/handsome/ros_ws_test/install/pnp_ros;/home/handsome/ros_ws_test/install/locomotor_msgs;/home/handsome/ros_ws_test/install/ros_utility_tools;/home/handsome/ros_ws_test/install/reset_location;/home/handsome/ros_ws_test/install/pnp_msgs;/home/handsome/ros_ws_test/install/open_auto_dock_msgs;/home/handsome/ros_ws_test/install/nav_2d_msgs;/home/handsome/ros_ws_test/install/car_db_manager_msgs;/home/handsome/ros_ws_test/install/botcmd_msgs;/home/handsome/ros_ws_test/install/yocs_cmd_vel_mux;/home/handsome/ros_ws_test/install/turtlebot_teleop;/home/handsome/ros_ws_test/install/tug_example_pnp_server;/home/handsome/ros_ws_test/install/tug_example_actions;/home/handsome/ros_ws_test/install/tug_example_msgs;/home/handsome/ros_ws_test/install/timed_roslaunch;/home/handsome/ros_ws_test/install/teb2_local_planner;/home/handsome/ros_ws_test/install/stated_roslaunch;/home/handsome/ros_ws_test/install/spatio_temporal_voxel_layer;/home/handsome/ros_ws_test/install/robot_udp_bridge;/home/handsome/ros_ws_test/install/robot_database_bridge;/home/handsome/ros_ws_test/install/samsungcmd_msgs;/home/handsome/ros_ws_test/install/rplidar_ros;/home/handsome/ros_ws_test/install/rp_action;/home/handsome/ros_ws_test/install/rp_action_msgs;/home/handsome/ros_ws_test/install/robot_scheduling_actions;/home/handsome/ros_ws_test/install/cellctrl_qtgui_bridge;/home/handsome/ros_ws_test/install/car_db_manager_qtgui;/home/handsome/ros_ws_test/install/car_db_manager_bridge;/home/handsome/ros_ws_test/install/car_db_manager_action;/home/handsome/ros_ws_test/install/robot_scheduling_server;/home/handsome/ros_ws_test/install/robot_localization;/home/handsome/ros_ws_test/install/robot_control_msgs;/home/handsome/ros_ws_test/install/razor_imu_9dof;/home/handsome/ros_ws_test/install/pnp_rosplan;/home/handsome/ros_ws_test/install/open_auto_dock;/home/handsome/ros_ws_test/install/omron_os32c_driver;/home/handsome/ros_ws_test/install/dlux_plugins;/home/handsome/ros_ws_test/install/dlux_global_planner;/home/handsome/ros_ws_test/install/nav_grid_pub_sub;/home/handsome/ros_ws_test/install/dwb_critics;/home/handsome/ros_ws_test/install/nav_grid_iterators;/home/handsome/ros_ws_test/install/locomove_base;/home/handsome/ros_ws_test/install/locomotor;/home/handsome/ros_ws_test/install/nav_core_adapter;/home/handsome/ros_ws_test/install/dwb_plugins;/home/handsome/ros_ws_test/install/dwb_local_planner;/home/handsome/ros_ws_test/install/nav_2d_utils;/home/handsome/ros_ws_test/install/global_planner_tests;/home/handsome/ros_ws_test/install/costmap_queue;/home/handsome/ros_ws_test/install/nav_core2;/home/handsome/ros_ws_test/install/nav_grid;/home/handsome/ros_ws_test/install/actionlib_modules_msgs;/home/handsome/ros_ws_test/install/dwb_msgs;/home/handsome/ros_ws_test/install/mongodb_log;/home/handsome/ros_ws_test/install/mongodb_store;/home/handsome/ros_ws_test/install/mongodb_store_msgs;/home/handsome/ros_ws_test/install/ca_driver;/home/handsome/ros_ws_test/install/libcreate;/home/handsome/ros_ws_test/install/i_robot_stage;/home/handsome/ros_ws_test/install/i_robot_navigation;/home/handsome/ros_ws_test/install/cellctrl_control_msgs;/home/handsome/ros_ws_test/install/ca_tools;/home/handsome/ros_ws_test/install/ca_msgs;/home/handsome/ros_ws_test/install/ca_description;/opt/ros/melodic
-- This workspace overlays: /home/handsome/ros_ws_test/install/robot_scheduling_msgs;/home/handsome/ros_ws_test/install/pnp_ros;/home/handsome/ros_ws_test/install/locomotor_msgs;/home/handsome/ros_ws_test/install/ros_utility_tools;/home/handsome/ros_ws_test/install/reset_location;/home/handsome/ros_ws_test/install/pnp_msgs;/home/handsome/ros_ws_test/install/open_auto_dock_msgs;/home/handsome/ros_ws_test/install/nav_2d_msgs;/home/handsome/ros_ws_test/install/car_db_manager_msgs;/home/handsome/ros_ws_test/install/botcmd_msgs;/home/handsome/ros_ws_test/install/yocs_cmd_vel_mux;/home/handsome/ros_ws_test/install/turtlebot_teleop;/home/handsome/ros_ws_test/install/tug_example_pnp_server;/home/handsome/ros_ws_test/install/tug_example_actions;/home/handsome/ros_ws_test/install/tug_example_msgs;/home/handsome/ros_ws_test/install/timed_roslaunch;/home/handsome/ros_ws_test/install/teb2_local_planner;/home/handsome/ros_ws_test/install/stated_roslaunch;/home/handsome/ros_ws_test/install/spatio_temporal_voxel_layer;/home/handsome/ros_ws_test/install/robot_udp_bridge;/home/handsome/ros_ws_test/install/robot_database_bridge;/home/handsome/ros_ws_test/install/samsungcmd_msgs;/home/handsome/ros_ws_test/install/rplidar_ros;/home/handsome/ros_ws_test/install/rp_action;/home/handsome/ros_ws_test/install/rp_action_msgs;/home/handsome/ros_ws_test/install/robot_scheduling_actions;/home/handsome/ros_ws_test/install/cellctrl_qtgui_bridge;/home/handsome/ros_ws_test/install/car_db_manager_qtgui;/home/handsome/ros_ws_test/install/car_db_manager_bridge;/home/handsome/ros_ws_test/install/car_db_manager_action;/home/handsome/ros_ws_test/install/robot_scheduling_server;/home/handsome/ros_ws_test/install/robot_localization;/home/handsome/ros_ws_test/install/robot_control_msgs;/home/handsome/ros_ws_test/install/razor_imu_9dof;/home/handsome/ros_ws_test/install/pnp_rosplan;/home/handsome/ros_ws_test/install/open_auto_dock;/home/handsome/ros_ws_test/install/omron_os32c_driver;/home/handsome/ros_ws_test/install/dlux_plugins;/home/handsome/ros_ws_test/install/dlux_global_planner;/home/handsome/ros_ws_test/install/nav_grid_pub_sub;/home/handsome/ros_ws_test/install/dwb_critics;/home/handsome/ros_ws_test/install/nav_grid_iterators;/home/handsome/ros_ws_test/install/locomove_base;/home/handsome/ros_ws_test/install/locomotor;/home/handsome/ros_ws_test/install/nav_core_adapter;/home/handsome/ros_ws_test/install/dwb_plugins;/home/handsome/ros_ws_test/install/dwb_local_planner;/home/handsome/ros_ws_test/install/nav_2d_utils;/home/handsome/ros_ws_test/install/global_planner_tests;/home/handsome/ros_ws_test/install/costmap_queue;/home/handsome/ros_ws_test/install/nav_core2;/home/handsome/ros_ws_test/install/nav_grid;/home/handsome/ros_ws_test/install/actionlib_modules_msgs;/home/handsome/ros_ws_test/install/dwb_msgs;/home/handsome/ros_ws_test/install/mongodb_log;/home/handsome/ros_ws_test/install/mongodb_store;/home/handsome/ros_ws_test/install/mongodb_store_msgs;/home/handsome/ros_ws_test/install/ca_driver;/home/handsome/ros_ws_test/install/i_robot_stage;/home/handsome/ros_ws_test/install/i_robot_navigation;/home/handsome/ros_ws_test/install/cellctrl_control_msgs;/home/handsome/ros_ws_test/install/ca_tools;/home/handsome/ros_ws_test/install/ca_msgs;/home/handsome/ros_ws_test/install/ca_description;/opt/ros/melodic
-- Found PythonInterp: /usr/bin/python2 (found suitable version "2.7.17", minimum required is "2") 
-- Using PYTHON_EXECUTABLE: /usr/bin/python2
-- Using Debian Python package layout
-- Using empy: /usr/bin/empy
-- Using CATKIN_ENABLE_TESTING: ON
-- Call enable_testing()
-- Using CATKIN_TEST_RESULTS_DIR: /home/handsome/ros_ws_test/build/robot_scheduling_actions/test_results
-- Found gtest sources under '/usr/src/googletest': gtests will be built
-- Found gmock sources under '/usr/src/googletest': gmock will be built
-- Found PythonInterp: /usr/bin/python2 (found version "2.7.17") 
-- Using Python nosetests: /usr/bin/nosetests-2.7
-- catkin 0.7.28
-- BUILD_SHARED_LIBS is on
-- Using these message generators: gencpp;geneus;genlisp;gennodejs;genpy
-- Configuring done
-- Generating done
-- Build files have been written to: /home/handsome/ros_ws_test/build/robot_scheduling_actions
[35m[1mScanning dependencies of target robot_scheduling_actions_node[0m
[ 15%] [32mBuilding CXX object CMakeFiles/robot_scheduling_actions_node.dir/src/robot_scheduling_actions.cpp.o[0m
[ 15%] [32mBuilding CXX object CMakeFiles/robot_scheduling_actions_node.dir/src/private_actions/robot_power_charge_action.cpp.o[0m
[ 15%] [32mBuilding CXX object CMakeFiles/robot_scheduling_actions_node.dir/src/public_actions/dock_to_action.cpp.o[0m
[ 21%] [32mBuilding CXX object CMakeFiles/robot_scheduling_actions_node.dir/src/public_actions/undock_to_action.cpp.o[0m
[01m[K/home/handsome/ros_ws_test/src/ros_base/robot_scheduling/robot_scheduling_actions/src/private_actions/robot_power_charge_action.cpp:[m[K In member function ‘[01m[Kvoid robot_power_charge_action::power_charge_CB(const power_chargeGoalConstPtr&)[m[K’:
[01m[K/home/handsome/ros_ws_test/src/ros_base/robot_scheduling/robot_scheduling_actions/src/private_actions/robot_power_charge_action.cpp:62:32:[m[K [01;31m[Kerror: [m[K‘[01m[Kaction_command_cmd[m[K’ is not a member of ‘[01m[Krobot_scheduling_msgs[m[K’
         robot_scheduling_msgs::[01;31m[Kaction_command_cmd[m[K _cmd ;
                                [01;31m[K^~~~~~~~~~~~~~~~~~[m[K
[01m[K/home/handsome/ros_ws_test/src/ros_base/robot_scheduling/robot_scheduling_actions/src/private_actions/robot_power_charge_action.cpp:63:9:[m[K [01;31m[Kerror: [m[K‘[01m[K_cmd[m[K’ was not declared in this scope
         [01;31m[K_cmd[m[K.request.cmd_id = (int)command_id_set ;
         [01;31m[K^~~~[m[K
[01m[K/home/handsome/ros_ws_test/src/ros_base/robot_scheduling/robot_scheduling_actions/src/private_actions/robot_power_charge_action.cpp:63:9:[m[K [01;36m[Knote: [m[Ksuggested alternative: ‘[01m[Kbcmp[m[K’
         [01;36m[K_cmd[m[K.request.cmd_id = (int)command_id_set ;
         [01;36m[K^~~~[m[K
         [32m[Kbcmp[m[K
[01m[K/home/handsome/ros_ws_test/src/ros_base/robot_scheduling/robot_scheduling_actions/src/private_actions/robot_power_charge_action.cpp:70:42:[m[K [01;31m[Kerror: [m[K‘[01m[Kclass robot_scheduling_service[m[K’ has no member named ‘[01m[Kcall_service_to_controller[m[K’; did you mean ‘[01m[Kcall_service_to_host[m[K’?
         bool bRet = scheduling_service_->[01;31m[Kcall_service_to_controller[m[K(_cmd.request,_cmd.response);
                                          [01;31m[K^~~~~~~~~~~~~~~~~~~~~~~~~~[m[K
                                          [32m[Kcall_service_to_host[m[K
[01m[K/home/handsome/ros_ws_test/src/ros_base/robot_scheduling/robot_scheduling_actions/src/private_actions/robot_power_charge_action.cpp:85:37:[m[K [01;31m[Kerror: [m[K‘[01m[Kclass robot_scheduling_service[m[K’ has no member named ‘[01m[Kcall_service_to_controller[m[K’; did you mean ‘[01m[Kcall_service_to_host[m[K’?
         bRet = scheduling_service_->[01;31m[Kcall_service_to_controller[m[K(_cmd.request,_cmd.response);
                                     [01;31m[K^~~~~~~~~~~~~~~~~~~~~~~~~~[m[K
                                     [32m[Kcall_service_to_host[m[K
[01m[K/home/handsome/ros_ws_test/src/ros_base/robot_scheduling/robot_scheduling_actions/src/private_actions/robot_power_charge_action.cpp:99:37:[m[K [01;31m[Kerror: [m[K‘[01m[Kclass robot_scheduling_service[m[K’ has no member named ‘[01m[Kcall_service_to_controller[m[K’; did you mean ‘[01m[Kcall_service_to_host[m[K’?
         bRet = scheduling_service_->[01;31m[Kcall_service_to_controller[m[K(_cmd.request,_cmd.response);
                                     [01;31m[K^~~~~~~~~~~~~~~~~~~~~~~~~~[m[K
                                     [32m[Kcall_service_to_host[m[K
[01m[K/home/handsome/ros_ws_test/src/ros_base/robot_scheduling/robot_scheduling_actions/src/private_actions/robot_power_charge_action.cpp:118:37:[m[K [01;31m[Kerror: [m[K‘[01m[Kclass robot_scheduling_service[m[K’ has no member named ‘[01m[Kcall_service_to_controller[m[K’; did you mean ‘[01m[Kcall_service_to_host[m[K’?
         bRet = scheduling_service_->[01;31m[Kcall_service_to_controller[m[K(_cmd.request,_cmd.response);
                                     [01;31m[K^~~~~~~~~~~~~~~~~~~~~~~~~~[m[K
                                     [32m[Kcall_service_to_host[m[K
[01m[K/home/handsome/ros_ws_test/src/ros_base/robot_scheduling/robot_scheduling_actions/src/private_actions/robot_power_charge_action.cpp:148:57:[m[K [01;31m[Kerror: [m[K‘[01m[Kclass robot_scheduling_service[m[K’ has no member named ‘[01m[Kcall_service_to_controller[m[K’; did you mean ‘[01m[Kcall_service_to_host[m[K’?
                             bRet = scheduling_service_->[01;31m[Kcall_service_to_controller[m[K(_cmd.request,_cmd.response);
                                                         [01;31m[K^~~~~~~~~~~~~~~~~~~~~~~~~~[m[K
                                                         [32m[Kcall_service_to_host[m[K
[01m[K/home/handsome/ros_ws_test/src/ros_base/robot_scheduling/robot_scheduling_actions/src/private_actions/robot_power_charge_action.cpp:174:37:[m[K [01;31m[Kerror: [m[K‘[01m[Kclass robot_scheduling_service[m[K’ has no member named ‘[01m[Kcall_service_to_controller[m[K’; did you mean ‘[01m[Kcall_service_to_host[m[K’?
         bRet = scheduling_service_->[01;31m[Kcall_service_to_controller[m[K(_cmd.request,_cmd.response);
                                     [01;31m[K^~~~~~~~~~~~~~~~~~~~~~~~~~[m[K
                                     [32m[Kcall_service_to_host[m[K
make[2]: *** [CMakeFiles/robot_scheduling_actions_node.dir/src/private_actions/robot_power_charge_action.cpp.o] Error 1
make[2]: *** Waiting for unfinished jobs....
CMakeFiles/robot_scheduling_actions_node.dir/build.make:422: recipe for target 'CMakeFiles/robot_scheduling_actions_node.dir/src/private_actions/robot_power_charge_action.cpp.o' failed
CMakeFiles/Makefile2:227: recipe for target 'CMakeFiles/robot_scheduling_actions_node.dir/all' failed
make[1]: *** [CMakeFiles/robot_scheduling_actions_node.dir/all] Error 2
Makefile:140: recipe for target 'all' failed
make: *** [all] Error 2
