[0.073s] Invoking command in '/home/handsome/ros_ws_test/build/libcreate': /usr/bin/cmake /home/handsome/ros_ws_test/src/ros_base/i_robot/libcreate -DCMAKE_INSTALL_PREFIX=/home/handsome/ros_ws_test/install/libcreate
[0.506s] -- The C compiler identification is GNU 7.5.0
[0.895s] -- The CXX compiler identification is GNU 7.5.0
[0.907s] -- Check for working C compiler: /usr/bin/cc
[1.094s] -- Check for working C compiler: /usr/bin/cc -- works
[1.095s] -- Detecting C compiler ABI info
[1.272s] -- Detecting C compiler ABI info - done
[1.294s] -- Detecting C compile features
[1.840s] -- Detecting C compile features - done
[1.853s] -- Check for working CXX compiler: /usr/bin/c++
[2.048s] -- Check for working CXX compiler: /usr/bin/c++ -- works
[2.049s] -- Detecting CXX compiler ABI info
[2.244s] -- Detecting CXX compiler ABI info - done
[2.268s] -- Detecting CXX compile features
[3.132s] -- Detecting CXX compile features - done
[3.524s] -- Looking for pthread.h
[3.713s] -- Looking for pthread.h - found
[3.715s] -- Looking for pthread_create
[3.886s] -- Looking for pthread_create - not found
[3.887s] -- Looking for pthread_create in pthreads
[4.045s] -- Looking for pthread_create in pthreads - not found
[4.046s] -- Looking for pthread_create in pthread
[4.198s] -- Looking for pthread_create in pthread - found
[4.200s] -- Found Threads: TRUE  
[4.275s] -- Boost version: 1.65.1
[4.275s] -- Found the following Boost libraries:
[4.275s] --   system
[4.275s] --   thread
[4.275s] --   chrono
[4.275s] --   date_time
[4.276s] --   atomic
[4.315s] -- Could NOT find GTest (missing: GTEST_LIBRARY GTEST_MAIN_LIBRARY) 
[4.316s] No GTest installation found. Skipping tests.
[4.316s] -- Configuring done
[4.354s] -- Generating done
[4.359s] -- Build files have been written to: /home/handsome/ros_ws_test/build/libcreate
[4.366s] Invoked command in '/home/handsome/ros_ws_test/build/libcreate' returned '0': /usr/bin/cmake /home/handsome/ros_ws_test/src/ros_base/i_robot/libcreate -DCMAKE_INSTALL_PREFIX=/home/handsome/ros_ws_test/install/libcreate
[4.368s] Invoking command in '/home/handsome/ros_ws_test/build/libcreate': /usr/bin/cmake --build /home/handsome/ros_ws_test/build/libcreate -- -j12 -l12
[4.494s] [35m[1mScanning dependencies of target create[0m
[4.535s] [  4%] [32mBuilding CXX object CMakeFiles/create.dir/src/types.cpp.o[0m
[4.537s] [  8%] [32mBuilding CXX object CMakeFiles/create.dir/src/create.cpp.o[0m
[4.538s] [ 12%] [32mBuilding CXX object CMakeFiles/create.dir/src/data.cpp.o[0m
[4.558s] [ 16%] [32mBuilding CXX object CMakeFiles/create.dir/src/serial.cpp.o[0m
[4.564s] [ 20%] [32mBuilding CXX object CMakeFiles/create.dir/src/serial_query.cpp.o[0m
[4.570s] [ 25%] [32mBuilding CXX object CMakeFiles/create.dir/src/serial_stream.cpp.o[0m
[4.570s] [ 29%] [32mBuilding CXX object CMakeFiles/create.dir/src/packet.cpp.o[0m
[18.169s] [ 33%] [32m[1mLinking CXX shared library libcreate.so[0m
[19.315s] [ 33%] Built target create
[19.445s] [35m[1mScanning dependencies of target wheeldrop[0m
[19.617s] [ 37%] [32mBuilding CXX object CMakeFiles/wheeldrop.dir/examples/wheeldrop.cpp.o[0m
[25.588s] [ 41%] [32m[1mLinking CXX executable wheeldrop[0m
[25.838s] [ 41%] Built target wheeldrop
[25.871s] [35m[1mScanning dependencies of target cliffs[0m
[25.906s] [ 45%] [32mBuilding CXX object CMakeFiles/cliffs.dir/examples/cliffs.cpp.o[0m
[30.454s] [ 50%] [32m[1mLinking CXX executable cliffs[0m
[30.680s] [ 50%] Built target cliffs
[30.708s] [35m[1mScanning dependencies of target bumpers[0m
[30.737s] [ 54%] [32mBuilding CXX object CMakeFiles/bumpers.dir/examples/bumpers.cpp.o[0m
[35.255s] [ 58%] [32m[1mLinking CXX executable bumpers[0m
[35.492s] [ 58%] Built target bumpers
[35.522s] [35m[1mScanning dependencies of target leds[0m
[35.553s] [ 62%] [32mBuilding CXX object CMakeFiles/leds.dir/examples/leds.cpp.o[0m
[40.029s] [ 66%] [32m[1mLinking CXX executable leds[0m
[40.188s] [ 66%] Built target leds
[40.213s] [35m[1mScanning dependencies of target drive_circle[0m
[40.240s] [ 70%] [32mBuilding CXX object CMakeFiles/drive_circle.dir/examples/drive_circle.cpp.o[0m
[43.681s] [ 75%] [32m[1mLinking CXX executable drive_circle[0m
[43.842s] [ 75%] Built target drive_circle
[43.866s] [35m[1mScanning dependencies of target battery_level[0m
[43.890s] [ 79%] [32mBuilding CXX object CMakeFiles/battery_level.dir/examples/battery_level.cpp.o[0m
[46.997s] [ 83%] [32m[1mLinking CXX executable battery_level[0m
[47.150s] [ 83%] Built target battery_level
[47.173s] [35m[1mScanning dependencies of target packets[0m
[47.200s] [ 87%] [32mBuilding CXX object CMakeFiles/packets.dir/examples/packets.cpp.o[0m
[50.079s] [ 91%] [32m[1mLinking CXX executable packets[0m
[50.220s] [ 91%] Built target packets
[50.241s] [35m[1mScanning dependencies of target play_song[0m
[50.266s] [ 95%] [32mBuilding CXX object CMakeFiles/play_song.dir/examples/play_song.cpp.o[0m
[53.067s] [100%] [32m[1mLinking CXX executable play_song[0m
[53.185s] [100%] Built target play_song
