[35m[1mScanning dependencies of target robot_scheduling_actions_node[0m
[ 42%] [32mBuilding CXX object CMakeFiles/robot_scheduling_actions_node.dir/src/private_actions/robot_run_state_action.cpp.o[0m
[ 42%] [32mBuilding CXX object CMakeFiles/robot_scheduling_actions_node.dir/src/robot_scheduling_actions.cpp.o[0m
[ 42%] [32mBuilding CXX object CMakeFiles/robot_scheduling_actions_node.dir/src/robot_scheduling_service.cpp.o[0m
[01m[K/home/handsome/ros_ws_test/src/ros_base/robot_scheduling/robot_scheduling_actions/src/robot_scheduling_service.cpp:[m[K In member function ‘[01m[Kbool robot_scheduling_service::srv_Eval_service_for_lower(robot_scheduling_msgs::lower_if_command::Request&, robot_scheduling_msgs::lower_if_command::Response&)[m[K’:
[01m[K/home/handsome/ros_ws_test/src/ros_base/robot_scheduling/robot_scheduling_actions/src/robot_scheduling_service.cpp:112:60:[m[K [01;31m[Kerror: [m[Kno matching function for call to ‘[01m[Kstd::__cxx11::basic_string<char>::push_back(std::__cxx11::string)[m[K’
             resp.result_data.push_back(convert_str(_status)[01;31m[K)[m[K;
                                                            [01;31m[K^[m[K
In file included from [01m[K/usr/include/c++/7/string:52:0[m[K,
                 from [01m[K/opt/ros/melodic/include/ros/platform.h:38[m[K,
                 from [01m[K/opt/ros/melodic/include/ros/time.h:53[m[K,
                 from [01m[K/opt/ros/melodic/include/ros/ros.h:38[m[K,
                 from [01m[K/home/handsome/ros_ws_test/src/ros_base/robot_scheduling/robot_scheduling_actions/include/robot_scheduling_service.h:3[m[K,
                 from [01m[K/home/handsome/ros_ws_test/src/ros_base/robot_scheduling/robot_scheduling_actions/src/robot_scheduling_service.cpp:1[m[K:
[01m[K/usr/include/c++/7/bits/basic_string.h:1339:7:[m[K [01;36m[Knote: [m[Kcandidate: void std::__cxx11::basic_string<_CharT, _Traits, _Alloc>::push_back(_CharT) [with _CharT = char; _Traits = std::char_traits<char>; _Alloc = std::allocator<char>]
       [01;36m[Kpush_back[m[K(_CharT __c)
       [01;36m[K^~~~~~~~~[m[K
[01m[K/usr/include/c++/7/bits/basic_string.h:1339:7:[m[K [01;36m[Knote: [m[K  no known conversion for argument 1 from ‘[01m[Kstd::__cxx11::string {aka std::__cxx11::basic_string<char>}[m[K’ to ‘[01m[Kchar[m[K’
CMakeFiles/robot_scheduling_actions_node.dir/build.make:110: recipe for target 'CMakeFiles/robot_scheduling_actions_node.dir/src/robot_scheduling_service.cpp.o' failed
make[2]: *** [CMakeFiles/robot_scheduling_actions_node.dir/src/robot_scheduling_service.cpp.o] Error 1
make[2]: *** Waiting for unfinished jobs....
make[1]: *** [CMakeFiles/robot_scheduling_actions_node.dir/all] Error 2
CMakeFiles/Makefile2:227: recipe for target 'CMakeFiles/robot_scheduling_actions_node.dir/all' failed
Makefile:140: recipe for target 'all' failed
make: *** [all] Error 2
