[0.089s] Invoking command in '/home/handsome/ros_ws_test/build/teb2_local_planner': CMAKE_PREFIX_PATH=/home/handsome/ros_ws_test/install/nav_core_adapter:/home/handsome/ros_ws_test/install/nav_2d_utils:/home/handsome/ros_ws_test/install/nav_core2:/home/handsome/ros_ws_test/install/nav_grid:/home/handsome/ros_ws_test/install/nav_2d_msgs:${CMAKE_PREFIX_PATH} LD_LIBRARY_PATH=/home/handsome/ros_ws_test/install/nav_core_adapter/lib:/home/handsome/ros_ws_test/install/nav_2d_utils/lib:/home/handsome/ros_ws_test/install/nav_core2/lib:/home/handsome/ros_ws/install/yocs_cmd_vel_mux/lib:/home/handsome/ros_ws/install/tuw_multi_robot_router/lib:/home/handsome/ros_ws/install/tuw_voronoi_graph/lib:/home/handsome/ros_ws/install/tuw_vehicle_msgs/lib:/home/handsome/ros_ws/install/tuw_nav_rviz/lib:/home/handsome/ros_ws/install/tuw_multi_robot_local_behavior_controller/lib:/home/handsome/ros_ws/install/tuw_multi_robot_ctrl/lib:/home/handsome/ros_ws/install/tuw_nav_msgs/lib:/home/handsome/ros_ws/install/tuw_multi_robot_rviz/lib:/home/handsome/ros_ws/install/tuw_geometry_rviz/lib:/home/handsome/ros_ws/install/tuw_geometry_msgs/lib:/home/handsome/ros_ws/install/tuw_geometry/lib:/home/handsome/ros_ws/install/tuw_control/lib:/home/handsome/ros_ws/install/teb2_local_planner/lib:/home/handsome/ros_ws/install/spatio_temporal_voxel_layer/lib:/home/handsome/ros_ws/install/robot_database_bridge/lib:/home/handsome/ros_ws/install/ros_utility_tools/lib:/home/handsome/ros_ws/install/robot_localization/lib:/home/handsome/ros_ws/install/pnp_ros/lib:/home/handsome/ros_ws/install/omron_os32c_driver/lib:/home/handsome/ros_ws/install/dlux_plugins/lib:/home/handsome/ros_ws/install/dlux_global_planner/lib:/home/handsome/ros_ws/install/nav_grid_pub_sub/lib:/home/handsome/ros_ws/install/dwb_critics/lib:/home/handsome/ros_ws/install/nav_grid_iterators/lib:/home/handsome/ros_ws/install/locomotor/lib:/home/handsome/ros_ws/install/nav_core_adapter/lib:/home/handsome/ros_ws/install/dwb_plugins/lib:/home/handsome/ros_ws/install/dwb_local_planner/lib:/home/handsome/ros_ws/install/nav_2d_utils/lib:/home/handsome/ros_ws/install/global_planner_tests/lib:/home/handsome/ros_ws/install/costmap_queue/lib:/home/handsome/ros_ws/install/nav_core2/lib:/home/handsome/ros_ws/install/mongodb_store/lib:/home/handsome/ros_ws/install/libcreate/lib:/opt/ros/melodic/lib:/usr/local/lib PKG_CONFIG_PATH=/home/handsome/ros_ws_test/install/nav_core_adapter/lib/x86_64-linux-gnu/pkgconfig:/home/handsome/ros_ws_test/install/nav_core_adapter/lib/pkgconfig:/home/handsome/ros_ws_test/install/nav_2d_utils/lib/x86_64-linux-gnu/pkgconfig:/home/handsome/ros_ws_test/install/nav_2d_utils/lib/pkgconfig:/home/handsome/ros_ws_test/install/nav_core2/lib/x86_64-linux-gnu/pkgconfig:/home/handsome/ros_ws_test/install/nav_core2/lib/pkgconfig:/home/handsome/ros_ws_test/install/nav_grid/lib/x86_64-linux-gnu/pkgconfig:/home/handsome/ros_ws_test/install/nav_grid/lib/pkgconfig:/home/handsome/ros_ws_test/install/nav_2d_msgs/lib/x86_64-linux-gnu/pkgconfig:/home/handsome/ros_ws_test/install/nav_2d_msgs/lib/pkgconfig:${PKG_CONFIG_PATH} PYTHONPATH=/home/handsome/ros_ws_test/install/nav_2d_msgs/lib/python2.7/dist-packages:${PYTHONPATH} ROS_PACKAGE_PATH=/home/handsome/ros_ws_test/install/nav_core_adapter/share:/home/handsome/ros_ws_test/install/nav_2d_utils/share:/home/handsome/ros_ws_test/install/nav_core2/share:/home/handsome/ros_ws_test/install/nav_grid/share:/home/handsome/ros_ws_test/install/nav_2d_msgs/share:${ROS_PACKAGE_PATH} /usr/bin/cmake /home/handsome/ros_ws_test/src/ros_base/teb2_local_planner -DCATKIN_INSTALL_INTO_PREFIX_ROOT=0 -DCMAKE_INSTALL_PREFIX=/home/handsome/ros_ws_test/install/teb2_local_planner
[0.151s] -- The C compiler identification is GNU 7.5.0
[0.212s] -- The CXX compiler identification is GNU 7.5.0
[0.218s] -- Check for working C compiler: /usr/bin/cc
[0.289s] -- Check for working C compiler: /usr/bin/cc -- works
[0.290s] -- Detecting C compiler ABI info
[0.362s] -- Detecting C compiler ABI info - done
[0.369s] -- Detecting C compile features
[0.590s] -- Detecting C compile features - done
[0.592s] -- Check for working CXX compiler: /usr/bin/c++
[0.672s] -- Check for working CXX compiler: /usr/bin/c++ -- works
[0.672s] -- Detecting CXX compiler ABI info
[0.755s] -- Detecting CXX compiler ABI info - done
[0.763s] -- Detecting CXX compile features
[1.127s] -- Detecting CXX compile features - done
[1.136s] -- Using CATKIN_DEVEL_PREFIX: /home/handsome/ros_ws_test/build/teb2_local_planner/devel
[1.137s] -- Using CMAKE_PREFIX_PATH: /home/handsome/ros_ws_test/install/nav_core_adapter;/home/handsome/ros_ws_test/install/nav_2d_utils;/home/handsome/ros_ws_test/install/nav_core2;/home/handsome/ros_ws_test/install/nav_grid;/home/handsome/ros_ws_test/install/nav_2d_msgs;/home/handsome/ros_ws/install/yocs_cmd_vel_mux;/home/handsome/ros_ws/install/urdf_tutorial;/home/handsome/ros_ws/install/tuw_waypoint_to_spline_msgs;/home/handsome/ros_ws/install/tuw_multi_robot_router;/home/handsome/ros_ws/install/tuw_voronoi_graph;/home/handsome/ros_ws/install/tuw_vehicle_msgs;/home/handsome/ros_ws/install/tuw_order_planner;/home/handsome/ros_ws/install/tuw_object_rviz;/home/handsome/ros_ws/install/tuw_object_msgs;/home/handsome/ros_ws/install/tuw_nav_rviz;/home/handsome/ros_ws/install/tuw_multi_robot_local_behavior_controller;/home/handsome/ros_ws/install/tuw_multi_robot_ctrl;/home/handsome/ros_ws/install/tuw_nav_msgs;/home/handsome/ros_ws/install/tuw_multi_robot_rviz;/home/handsome/ros_ws/install/tuw_multi_robot_goal_generator;/home/handsome/ros_ws/install/robot_scheduling_utility;/home/handsome/ros_ws/install/robot_scheduling_actions;/home/handsome/ros_ws/install/actionlib_modules_bridge;/home/handsome/ros_ws/install/tuw_multi_robot_msgs;/home/handsome/ros_ws/install/tuw_multi_robot_demo;/home/handsome/ros_ws/install/tuw_local_controller_msgs;/home/handsome/ros_ws/install/tuw_geometry_rviz;/home/handsome/ros_ws/install/tuw_geometry_msgs;/home/handsome/ros_ws/install/tuw_geometry;/home/handsome/ros_ws/install/tuw_gazebo_msgs;/home/handsome/ros_ws/install/tuw_control;/home/handsome/ros_ws/install/tuw_airskin_msgs;/home/handsome/ros_ws/install/turtlebot_teleop;/home/handsome/ros_ws/install/tug_example_pnp_server;/home/handsome/ros_ws/install/tug_example_actions;/home/handsome/ros_ws/install/tug_example_msgs;/home/handsome/ros_ws/install/timed_roslaunch;/home/handsome/ros_ws/install/teb2_local_planner;/home/handsome/ros_ws/install/stated_roslaunch;/home/handsome/ros_ws/install/spatio_temporal_voxel_layer;/home/handsome/ros_ws/install/robot_udp_bridge;/home/handsome/ros_ws/install/robot_database_bridge;/home/handsome/ros_ws/install/samsungcmd_msgs;/home/handsome/ros_ws/install/rplidar_ros;/home/handsome/ros_ws/install/rp_action;/home/handsome/ros_ws/install/rp_action_msgs;/home/handsome/ros_ws/install/rosserial_xbee;/home/handsome/ros_ws/install/rosserial_windows;/home/handsome/ros_ws/install/rosserial_tivac;/home/handsome/ros_ws/install/rosserial_test;/home/handsome/ros_ws/install/rosserial_server;/home/handsome/ros_ws/install/rosserial_python;/home/handsome/ros_ws/install/rosserial_mbed;/home/handsome/ros_ws/install/rosserial_embeddedlinux;/home/handsome/ros_ws/install/rosserial_arduino;/home/handsome/ros_ws/install/rosserial_client;/home/handsome/ros_ws/install/rosserial_msgs;/home/handsome/ros_ws/install/cellctrl_qtgui_bridge;/home/handsome/ros_ws/install/car_db_manager_qtgui;/home/handsome/ros_ws/install/car_db_manager_bridge;/home/handsome/ros_ws/install/car_db_manager_action;/home/handsome/ros_ws/install/ros_utility_tools;/home/handsome/ros_ws/install/ros_package_test;/home/handsome/ros_ws/install/ros_package_manager;/home/handsome/ros_ws/install/robot_scheduling_server;/home/handsome/ros_ws/install/robot_scheduling_msgs;/home/handsome/ros_ws/install/robot_localization;/home/handsome/ros_ws/install/robot_control_msgs;/home/handsome/ros_ws/install/reset_location;/home/handsome/ros_ws/install/razor_imu_9dof;/home/handsome/ros_ws/install/pnp_rosplan;/home/handsome/ros_ws/install/actionlib_pnp_controller;/home/handsome/ros_ws/install/actionlib_modules_controller;/home/handsome/ros_ws/install/pnp_ros;/home/handsome/ros_ws/install/pnp_msgs;/home/handsome/ros_ws/install/open_auto_dock;/home/handsome/ros_ws/install/open_auto_dock_msgs;/home/handsome/ros_ws/install/omron_os32c_driver;/home/handsome/ros_ws/install/dlux_plugins;/home/handsome/ros_ws/install/dlux_global_planner;/home/handsome/ros_ws/install/nav_grid_pub_sub;/home/handsome/ros_ws/install/dwb_critics;/home/handsome/ros_ws/install/nav_grid_iterators;/home/handsome/ros_ws/install/locomove_base;/home/handsome/ros_ws/install/locomotor;/home/handsome/ros_ws/install/nav_core_adapter;/home/handsome/ros_ws/install/dwb_plugins;/home/handsome/ros_ws/install/dwb_local_planner;/home/handsome/ros_ws/install/nav_2d_utils;/home/handsome/ros_ws/install/global_planner_tests;/home/handsome/ros_ws/install/costmap_queue;/home/handsome/ros_ws/install/nav_core2;/home/handsome/ros_ws/install/nav_grid;/home/handsome/ros_ws/install/car_schedule_msgs;/home/handsome/ros_ws/install/actionlib_modules_msgs;/home/handsome/ros_ws/install/locomotor_msgs;/home/handsome/ros_ws/install/dwb_msgs;/home/handsome/ros_ws/install/nav_2d_msgs;/home/handsome/ros_ws/install/mongodb_log;/home/handsome/ros_ws/install/mongodb_store;/home/handsome/ros_ws/install/mongodb_store_msgs;/home/handsome/ros_ws/install/ca_driver;/home/handsome/ros_ws/install/libcreate;/home/handsome/ros_ws/install/i_robot_stage;/home/handsome/ros_ws/install/i_robot_navigation;/home/handsome/ros_ws/install/hyc_order_planner;/home/handsome/ros_ws/install/hyc_multi_robot_msgs;/home/handsome/ros_ws/install/fetch_open_auto_dock;/home/handsome/ros_ws/install/fetch_auto_dock_msgs;/home/handsome/ros_ws/install/change_teb2_max_vel_x_onfly;/home/handsome/ros_ws/install/cellctrl_control_msgs;/home/handsome/ros_ws/install/car_db_manager_msgs;/home/handsome/ros_ws/install/ca_msgs;/home/handsome/ros_ws/install/ca_description;/home/handsome/ros_ws/install/botcmd_msgs;/opt/ros/melodic
[1.140s] -- This workspace overlays: /home/handsome/ros_ws_test/install/nav_core_adapter;/home/handsome/ros_ws_test/install/nav_2d_utils;/home/handsome/ros_ws_test/install/nav_core2;/home/handsome/ros_ws_test/install/nav_grid;/home/handsome/ros_ws_test/install/nav_2d_msgs;/home/handsome/ros_ws/install/yocs_cmd_vel_mux;/home/handsome/ros_ws/install/urdf_tutorial;/home/handsome/ros_ws/install/tuw_waypoint_to_spline_msgs;/home/handsome/ros_ws/install/tuw_multi_robot_router;/home/handsome/ros_ws/install/tuw_voronoi_graph;/home/handsome/ros_ws/install/tuw_vehicle_msgs;/home/handsome/ros_ws/install/tuw_order_planner;/home/handsome/ros_ws/install/tuw_object_rviz;/home/handsome/ros_ws/install/tuw_object_msgs;/home/handsome/ros_ws/install/tuw_nav_rviz;/home/handsome/ros_ws/install/tuw_multi_robot_local_behavior_controller;/home/handsome/ros_ws/install/tuw_multi_robot_ctrl;/home/handsome/ros_ws/install/tuw_nav_msgs;/home/handsome/ros_ws/install/tuw_multi_robot_rviz;/home/handsome/ros_ws/install/tuw_multi_robot_goal_generator;/home/handsome/ros_ws/install/robot_scheduling_utility;/home/handsome/ros_ws/install/robot_scheduling_actions;/home/handsome/ros_ws/install/actionlib_modules_bridge;/home/handsome/ros_ws/install/tuw_multi_robot_msgs;/home/handsome/ros_ws/install/tuw_multi_robot_demo;/home/handsome/ros_ws/install/tuw_local_controller_msgs;/home/handsome/ros_ws/install/tuw_geometry_rviz;/home/handsome/ros_ws/install/tuw_geometry_msgs;/home/handsome/ros_ws/install/tuw_geometry;/home/handsome/ros_ws/install/tuw_gazebo_msgs;/home/handsome/ros_ws/install/tuw_control;/home/handsome/ros_ws/install/tuw_airskin_msgs;/home/handsome/ros_ws/install/turtlebot_teleop;/home/handsome/ros_ws/install/tug_example_pnp_server;/home/handsome/ros_ws/install/tug_example_actions;/home/handsome/ros_ws/install/tug_example_msgs;/home/handsome/ros_ws/install/timed_roslaunch;/home/handsome/ros_ws/install/teb2_local_planner;/home/handsome/ros_ws/install/stated_roslaunch;/home/handsome/ros_ws/install/spatio_temporal_voxel_layer;/home/handsome/ros_ws/install/robot_udp_bridge;/home/handsome/ros_ws/install/robot_database_bridge;/home/handsome/ros_ws/install/samsungcmd_msgs;/home/handsome/ros_ws/install/rplidar_ros;/home/handsome/ros_ws/install/rp_action;/home/handsome/ros_ws/install/rp_action_msgs;/home/handsome/ros_ws/install/rosserial_xbee;/home/handsome/ros_ws/install/rosserial_windows;/home/handsome/ros_ws/install/rosserial_tivac;/home/handsome/ros_ws/install/rosserial_test;/home/handsome/ros_ws/install/rosserial_server;/home/handsome/ros_ws/install/rosserial_python;/home/handsome/ros_ws/install/rosserial_mbed;/home/handsome/ros_ws/install/rosserial_embeddedlinux;/home/handsome/ros_ws/install/rosserial_arduino;/home/handsome/ros_ws/install/rosserial_client;/home/handsome/ros_ws/install/rosserial_msgs;/home/handsome/ros_ws/install/cellctrl_qtgui_bridge;/home/handsome/ros_ws/install/car_db_manager_qtgui;/home/handsome/ros_ws/install/car_db_manager_bridge;/home/handsome/ros_ws/install/car_db_manager_action;/home/handsome/ros_ws/install/ros_utility_tools;/home/handsome/ros_ws/install/ros_package_test;/home/handsome/ros_ws/install/ros_package_manager;/home/handsome/ros_ws/install/robot_scheduling_server;/home/handsome/ros_ws/install/robot_scheduling_msgs;/home/handsome/ros_ws/install/robot_localization;/home/handsome/ros_ws/install/robot_control_msgs;/home/handsome/ros_ws/install/reset_location;/home/handsome/ros_ws/install/razor_imu_9dof;/home/handsome/ros_ws/install/pnp_rosplan;/home/handsome/ros_ws/install/actionlib_pnp_controller;/home/handsome/ros_ws/install/actionlib_modules_controller;/home/handsome/ros_ws/install/pnp_ros;/home/handsome/ros_ws/install/pnp_msgs;/home/handsome/ros_ws/install/open_auto_dock;/home/handsome/ros_ws/install/open_auto_dock_msgs;/home/handsome/ros_ws/install/omron_os32c_driver;/home/handsome/ros_ws/install/dlux_plugins;/home/handsome/ros_ws/install/dlux_global_planner;/home/handsome/ros_ws/install/nav_grid_pub_sub;/home/handsome/ros_ws/install/dwb_critics;/home/handsome/ros_ws/install/nav_grid_iterators;/home/handsome/ros_ws/install/locomove_base;/home/handsome/ros_ws/install/locomotor;/home/handsome/ros_ws/install/nav_core_adapter;/home/handsome/ros_ws/install/dwb_plugins;/home/handsome/ros_ws/install/dwb_local_planner;/home/handsome/ros_ws/install/nav_2d_utils;/home/handsome/ros_ws/install/global_planner_tests;/home/handsome/ros_ws/install/costmap_queue;/home/handsome/ros_ws/install/nav_core2;/home/handsome/ros_ws/install/nav_grid;/home/handsome/ros_ws/install/car_schedule_msgs;/home/handsome/ros_ws/install/actionlib_modules_msgs;/home/handsome/ros_ws/install/locomotor_msgs;/home/handsome/ros_ws/install/dwb_msgs;/home/handsome/ros_ws/install/nav_2d_msgs;/home/handsome/ros_ws/install/mongodb_log;/home/handsome/ros_ws/install/mongodb_store;/home/handsome/ros_ws/install/mongodb_store_msgs;/home/handsome/ros_ws/install/ca_driver;/home/handsome/ros_ws/install/i_robot_stage;/home/handsome/ros_ws/install/i_robot_navigation;/home/handsome/ros_ws/install/hyc_order_planner;/home/handsome/ros_ws/install/hyc_multi_robot_msgs;/home/handsome/ros_ws/install/fetch_open_auto_dock;/home/handsome/ros_ws/install/fetch_auto_dock_msgs;/home/handsome/ros_ws/install/change_teb2_max_vel_x_onfly;/home/handsome/ros_ws/install/cellctrl_control_msgs;/home/handsome/ros_ws/install/car_db_manager_msgs;/home/handsome/ros_ws/install/ca_msgs;/home/handsome/ros_ws/install/ca_description;/home/handsome/ros_ws/install/botcmd_msgs;/opt/ros/melodic
[1.164s] -- Found PythonInterp: /usr/bin/python2 (found suitable version "2.7.17", minimum required is "2") 
[1.164s] -- Using PYTHON_EXECUTABLE: /usr/bin/python2
[1.164s] -- Using Debian Python package layout
[1.165s] -- Using empy: /usr/bin/empy
[1.294s] -- Using CATKIN_ENABLE_TESTING: ON
[1.295s] -- Call enable_testing()
[1.297s] -- Using CATKIN_TEST_RESULTS_DIR: /home/handsome/ros_ws_test/build/teb2_local_planner/test_results
[1.330s] -- Found gtest sources under '/usr/src/googletest': gtests will be built
[1.330s] -- Found gmock sources under '/usr/src/googletest': gmock will be built
[1.352s] -- Found PythonInterp: /usr/bin/python2 (found version "2.7.17") 
[1.352s] -- Looking for pthread.h
[1.428s] -- Looking for pthread.h - found
[1.428s] -- Looking for pthread_create
[1.503s] -- Looking for pthread_create - not found
[1.503s] -- Looking for pthread_create in pthreads
[1.565s] -- Looking for pthread_create in pthreads - not found
[1.565s] -- Looking for pthread_create in pthread
[1.637s] -- Looking for pthread_create in pthread - found
[1.638s] -- Found Threads: TRUE  
[1.643s] -- Using Python nosetests: /usr/bin/nosetests-2.7
[1.700s] -- catkin 0.7.28
[1.700s] -- BUILD_SHARED_LIBS is on
[2.190s] -- Using these message generators: gencpp;geneus;genlisp;gennodejs;genpy
[2.821s] -- System: Linux-5.4.0-42-generic
[2.822s] -- /opt/ros/melodic/share/cmake_modules/cmake/../../../share/cmake_modules/cmake/Modules;/home/handsome/ros_ws_test/src/ros_base/teb2_local_planner/cmake_modules
[3.043s] -- Boost version: 1.65.1
[3.043s] -- Found the following Boost libraries:
[3.043s] --   system
[3.043s] --   thread
[3.044s] --   graph
[3.044s] --   chrono
[3.044s] --   date_time
[3.044s] --   atomic
[3.056s] -- Found SuiteSparse
[3.057s] -- Searching for g2o ...
[3.060s] -- Found g2o headers in: /opt/ros/melodic/include/g2o
[3.079s] -- Found libg2o: /opt/ros/melodic/lib/libg2o_csparse_extension.so;/opt/ros/melodic/lib/libg2o_core.so;/opt/ros/melodic/lib/libg2o_stuff.so;/opt/ros/melodic/lib/libg2o_types_slam2d.so;/opt/ros/melodic/lib/libg2o_types_slam3d.so;/opt/ros/melodic/lib/libg2o_solver_cholmod.so;/opt/ros/melodic/lib/libg2o_solver_pcg.so;/opt/ros/melodic/lib/libg2o_solver_csparse.so;/opt/ros/melodic/lib/libg2o_incremental.so
[3.084s] -- Performing Test COMPILER_SUPPORTS_CXX11
[3.201s] -- Performing Test COMPILER_SUPPORTS_CXX11 - Success
[3.206s] -- Performing Test COMPILER_SUPPORTS_CXX0X
[3.323s] -- Performing Test COMPILER_SUPPORTS_CXX0X - Success
[3.510s] -- teb2_local_planner: 3 messages, 0 services
[3.798s] -- Configuring done
[3.901s] -- Generating done
[3.912s] -- Build files have been written to: /home/handsome/ros_ws_test/build/teb2_local_planner
[3.920s] Invoked command in '/home/handsome/ros_ws_test/build/teb2_local_planner' returned '0': CMAKE_PREFIX_PATH=/home/handsome/ros_ws_test/install/nav_core_adapter:/home/handsome/ros_ws_test/install/nav_2d_utils:/home/handsome/ros_ws_test/install/nav_core2:/home/handsome/ros_ws_test/install/nav_grid:/home/handsome/ros_ws_test/install/nav_2d_msgs:${CMAKE_PREFIX_PATH} LD_LIBRARY_PATH=/home/handsome/ros_ws_test/install/nav_core_adapter/lib:/home/handsome/ros_ws_test/install/nav_2d_utils/lib:/home/handsome/ros_ws_test/install/nav_core2/lib:/home/handsome/ros_ws/install/yocs_cmd_vel_mux/lib:/home/handsome/ros_ws/install/tuw_multi_robot_router/lib:/home/handsome/ros_ws/install/tuw_voronoi_graph/lib:/home/handsome/ros_ws/install/tuw_vehicle_msgs/lib:/home/handsome/ros_ws/install/tuw_nav_rviz/lib:/home/handsome/ros_ws/install/tuw_multi_robot_local_behavior_controller/lib:/home/handsome/ros_ws/install/tuw_multi_robot_ctrl/lib:/home/handsome/ros_ws/install/tuw_nav_msgs/lib:/home/handsome/ros_ws/install/tuw_multi_robot_rviz/lib:/home/handsome/ros_ws/install/tuw_geometry_rviz/lib:/home/handsome/ros_ws/install/tuw_geometry_msgs/lib:/home/handsome/ros_ws/install/tuw_geometry/lib:/home/handsome/ros_ws/install/tuw_control/lib:/home/handsome/ros_ws/install/teb2_local_planner/lib:/home/handsome/ros_ws/install/spatio_temporal_voxel_layer/lib:/home/handsome/ros_ws/install/robot_database_bridge/lib:/home/handsome/ros_ws/install/ros_utility_tools/lib:/home/handsome/ros_ws/install/robot_localization/lib:/home/handsome/ros_ws/install/pnp_ros/lib:/home/handsome/ros_ws/install/omron_os32c_driver/lib:/home/handsome/ros_ws/install/dlux_plugins/lib:/home/handsome/ros_ws/install/dlux_global_planner/lib:/home/handsome/ros_ws/install/nav_grid_pub_sub/lib:/home/handsome/ros_ws/install/dwb_critics/lib:/home/handsome/ros_ws/install/nav_grid_iterators/lib:/home/handsome/ros_ws/install/locomotor/lib:/home/handsome/ros_ws/install/nav_core_adapter/lib:/home/handsome/ros_ws/install/dwb_plugins/lib:/home/handsome/ros_ws/install/dwb_local_planner/lib:/home/handsome/ros_ws/install/nav_2d_utils/lib:/home/handsome/ros_ws/install/global_planner_tests/lib:/home/handsome/ros_ws/install/costmap_queue/lib:/home/handsome/ros_ws/install/nav_core2/lib:/home/handsome/ros_ws/install/mongodb_store/lib:/home/handsome/ros_ws/install/libcreate/lib:/opt/ros/melodic/lib:/usr/local/lib PKG_CONFIG_PATH=/home/handsome/ros_ws_test/install/nav_core_adapter/lib/x86_64-linux-gnu/pkgconfig:/home/handsome/ros_ws_test/install/nav_core_adapter/lib/pkgconfig:/home/handsome/ros_ws_test/install/nav_2d_utils/lib/x86_64-linux-gnu/pkgconfig:/home/handsome/ros_ws_test/install/nav_2d_utils/lib/pkgconfig:/home/handsome/ros_ws_test/install/nav_core2/lib/x86_64-linux-gnu/pkgconfig:/home/handsome/ros_ws_test/install/nav_core2/lib/pkgconfig:/home/handsome/ros_ws_test/install/nav_grid/lib/x86_64-linux-gnu/pkgconfig:/home/handsome/ros_ws_test/install/nav_grid/lib/pkgconfig:/home/handsome/ros_ws_test/install/nav_2d_msgs/lib/x86_64-linux-gnu/pkgconfig:/home/handsome/ros_ws_test/install/nav_2d_msgs/lib/pkgconfig:${PKG_CONFIG_PATH} PYTHONPATH=/home/handsome/ros_ws_test/install/nav_2d_msgs/lib/python2.7/dist-packages:${PYTHONPATH} ROS_PACKAGE_PATH=/home/handsome/ros_ws_test/install/nav_core_adapter/share:/home/handsome/ros_ws_test/install/nav_2d_utils/share:/home/handsome/ros_ws_test/install/nav_core2/share:/home/handsome/ros_ws_test/install/nav_grid/share:/home/handsome/ros_ws_test/install/nav_2d_msgs/share:${ROS_PACKAGE_PATH} /usr/bin/cmake /home/handsome/ros_ws_test/src/ros_base/teb2_local_planner -DCATKIN_INSTALL_INTO_PREFIX_ROOT=0 -DCMAKE_INSTALL_PREFIX=/home/handsome/ros_ws_test/install/teb2_local_planner
[3.922s] Invoking command in '/home/handsome/ros_ws_test/build/teb2_local_planner': CMAKE_PREFIX_PATH=/home/handsome/ros_ws_test/install/nav_core_adapter:/home/handsome/ros_ws_test/install/nav_2d_utils:/home/handsome/ros_ws_test/install/nav_core2:/home/handsome/ros_ws_test/install/nav_grid:/home/handsome/ros_ws_test/install/nav_2d_msgs:${CMAKE_PREFIX_PATH} LD_LIBRARY_PATH=/home/handsome/ros_ws_test/install/nav_core_adapter/lib:/home/handsome/ros_ws_test/install/nav_2d_utils/lib:/home/handsome/ros_ws_test/install/nav_core2/lib:/home/handsome/ros_ws/install/yocs_cmd_vel_mux/lib:/home/handsome/ros_ws/install/tuw_multi_robot_router/lib:/home/handsome/ros_ws/install/tuw_voronoi_graph/lib:/home/handsome/ros_ws/install/tuw_vehicle_msgs/lib:/home/handsome/ros_ws/install/tuw_nav_rviz/lib:/home/handsome/ros_ws/install/tuw_multi_robot_local_behavior_controller/lib:/home/handsome/ros_ws/install/tuw_multi_robot_ctrl/lib:/home/handsome/ros_ws/install/tuw_nav_msgs/lib:/home/handsome/ros_ws/install/tuw_multi_robot_rviz/lib:/home/handsome/ros_ws/install/tuw_geometry_rviz/lib:/home/handsome/ros_ws/install/tuw_geometry_msgs/lib:/home/handsome/ros_ws/install/tuw_geometry/lib:/home/handsome/ros_ws/install/tuw_control/lib:/home/handsome/ros_ws/install/teb2_local_planner/lib:/home/handsome/ros_ws/install/spatio_temporal_voxel_layer/lib:/home/handsome/ros_ws/install/robot_database_bridge/lib:/home/handsome/ros_ws/install/ros_utility_tools/lib:/home/handsome/ros_ws/install/robot_localization/lib:/home/handsome/ros_ws/install/pnp_ros/lib:/home/handsome/ros_ws/install/omron_os32c_driver/lib:/home/handsome/ros_ws/install/dlux_plugins/lib:/home/handsome/ros_ws/install/dlux_global_planner/lib:/home/handsome/ros_ws/install/nav_grid_pub_sub/lib:/home/handsome/ros_ws/install/dwb_critics/lib:/home/handsome/ros_ws/install/nav_grid_iterators/lib:/home/handsome/ros_ws/install/locomotor/lib:/home/handsome/ros_ws/install/nav_core_adapter/lib:/home/handsome/ros_ws/install/dwb_plugins/lib:/home/handsome/ros_ws/install/dwb_local_planner/lib:/home/handsome/ros_ws/install/nav_2d_utils/lib:/home/handsome/ros_ws/install/global_planner_tests/lib:/home/handsome/ros_ws/install/costmap_queue/lib:/home/handsome/ros_ws/install/nav_core2/lib:/home/handsome/ros_ws/install/mongodb_store/lib:/home/handsome/ros_ws/install/libcreate/lib:/opt/ros/melodic/lib:/usr/local/lib PKG_CONFIG_PATH=/home/handsome/ros_ws_test/install/nav_core_adapter/lib/x86_64-linux-gnu/pkgconfig:/home/handsome/ros_ws_test/install/nav_core_adapter/lib/pkgconfig:/home/handsome/ros_ws_test/install/nav_2d_utils/lib/x86_64-linux-gnu/pkgconfig:/home/handsome/ros_ws_test/install/nav_2d_utils/lib/pkgconfig:/home/handsome/ros_ws_test/install/nav_core2/lib/x86_64-linux-gnu/pkgconfig:/home/handsome/ros_ws_test/install/nav_core2/lib/pkgconfig:/home/handsome/ros_ws_test/install/nav_grid/lib/x86_64-linux-gnu/pkgconfig:/home/handsome/ros_ws_test/install/nav_grid/lib/pkgconfig:/home/handsome/ros_ws_test/install/nav_2d_msgs/lib/x86_64-linux-gnu/pkgconfig:/home/handsome/ros_ws_test/install/nav_2d_msgs/lib/pkgconfig:${PKG_CONFIG_PATH} PYTHONPATH=/home/handsome/ros_ws_test/install/nav_2d_msgs/lib/python2.7/dist-packages:${PYTHONPATH} ROS_PACKAGE_PATH=/home/handsome/ros_ws_test/install/nav_core_adapter/share:/home/handsome/ros_ws_test/install/nav_2d_utils/share:/home/handsome/ros_ws_test/install/nav_core2/share:/home/handsome/ros_ws_test/install/nav_grid/share:/home/handsome/ros_ws_test/install/nav_2d_msgs/share:${ROS_PACKAGE_PATH} /usr/bin/cmake --build /home/handsome/ros_ws_test/build/teb2_local_planner -- -j12 -l12
[4.004s] [35m[1mScanning dependencies of target _teb2_local_planner_generate_messages_check_deps_FeedbackMsg[0m
[4.005s] [35m[1mScanning dependencies of target geometry_msgs_generate_messages_cpp[0m
[4.006s] [35m[1mScanning dependencies of target costmap_converter_generate_messages_cpp[0m
[4.006s] [35m[1mScanning dependencies of target _teb2_local_planner_generate_messages_check_deps_TrajectoryPointMsg[0m
[4.006s] [35m[1mScanning dependencies of target std_msgs_generate_messages_cpp[0m
[4.007s] [35m[1mScanning dependencies of target costmap_converter_generate_messages_nodejs[0m
[4.011s] [35m[1mScanning dependencies of target teb2_local_planner_gencfg[0m
[4.012s] [35m[1mScanning dependencies of target _teb2_local_planner_generate_messages_check_deps_TrajectoryMsg[0m
[4.016s] [35m[1mScanning dependencies of target std_msgs_generate_messages_nodejs[0m
[4.031s] [  0%] Built target geometry_msgs_generate_messages_cpp
[4.032s] [  0%] Built target costmap_converter_generate_messages_cpp
[4.032s] [  0%] Built target std_msgs_generate_messages_cpp
[4.034s] [  0%] Built target costmap_converter_generate_messages_nodejs
[4.039s] [  3%] [34m[1mGenerating dynamic reconfigure files from cfg/Teb2LocalPlannerReconfigure.cfg: /home/handsome/ros_ws_test/build/teb2_local_planner/devel/include/teb2_local_planner/Teb2LocalPlannerReconfigureConfig.h /home/handsome/ros_ws_test/build/teb2_local_planner/devel/lib/python2.7/dist-packages/teb2_local_planner/cfg/Teb2LocalPlannerReconfigureConfig.py[0m
[4.057s] [  3%] Built target std_msgs_generate_messages_nodejs
[4.060s] [35m[1mScanning dependencies of target geometry_msgs_generate_messages_lisp[0m
[4.060s] [35m[1mScanning dependencies of target geometry_msgs_generate_messages_nodejs[0m
[4.062s] [35m[1mScanning dependencies of target costmap_converter_generate_messages_lisp[0m
[4.062s] [35m[1mScanning dependencies of target std_msgs_generate_messages_eus[0m
[4.086s] [35m[1mScanning dependencies of target geometry_msgs_generate_messages_eus[0m
[4.089s] [  3%] Built target geometry_msgs_generate_messages_lisp
[4.092s] [  3%] Built target std_msgs_generate_messages_eus
[4.097s] [  3%] Built target geometry_msgs_generate_messages_nodejs
[4.115s] [  3%] Built target geometry_msgs_generate_messages_eus
[4.118s] [  3%] Built target costmap_converter_generate_messages_lisp
[4.121s] [  3%] Built target _teb2_local_planner_generate_messages_check_deps_FeedbackMsg
[4.121s] [  3%] Built target _teb2_local_planner_generate_messages_check_deps_TrajectoryPointMsg
[4.121s] [35m[1mScanning dependencies of target geometry_msgs_generate_messages_py[0m
[4.121s] [35m[1mScanning dependencies of target costmap_converter_generate_messages_py[0m
[4.122s] [35m[1mScanning dependencies of target std_msgs_generate_messages_py[0m
[4.137s] [  3%] Built target _teb2_local_planner_generate_messages_check_deps_TrajectoryMsg
[4.140s] [35m[1mScanning dependencies of target costmap_converter_generate_messages_eus[0m
[4.148s] [  3%] Built target costmap_converter_generate_messages_py
[4.148s] [  3%] Built target std_msgs_generate_messages_py
[4.149s] [35m[1mScanning dependencies of target std_msgs_generate_messages_lisp[0m
[4.149s] [  3%] Built target geometry_msgs_generate_messages_py
[4.163s] [  3%] Built target costmap_converter_generate_messages_eus
[4.164s] [35m[1mScanning dependencies of target teb2_local_planner_generate_messages_nodejs[0m
[4.165s] [35m[1mScanning dependencies of target teb2_local_planner_generate_messages_cpp[0m
[4.174s] [  3%] Built target std_msgs_generate_messages_lisp
[4.175s] [35m[1mScanning dependencies of target teb2_local_planner_generate_messages_py[0m
[4.192s] [  6%] [34m[1mGenerating C++ code from teb2_local_planner/TrajectoryPointMsg.msg[0m
[4.192s] [35m[1mScanning dependencies of target teb2_local_planner_generate_messages_eus[0m
[4.193s] [ 10%] [34m[1mGenerating C++ code from teb2_local_planner/FeedbackMsg.msg[0m
[4.194s] [ 13%] [34m[1mGenerating Javascript code from teb2_local_planner/TrajectoryPointMsg.msg[0m
[4.195s] [ 16%] [34m[1mGenerating Javascript code from teb2_local_planner/TrajectoryMsg.msg[0m
[4.197s] [ 20%] [34m[1mGenerating Javascript code from teb2_local_planner/FeedbackMsg.msg[0m
[4.200s] [ 23%] [34m[1mGenerating C++ code from teb2_local_planner/TrajectoryMsg.msg[0m
[4.214s] Generating reconfiguration files for Teb2LocalPlannerReconfigure in teb2_local_planner
[4.218s] [35m[1mScanning dependencies of target teb2_local_planner_generate_messages_lisp[0m
[4.225s] [ 26%] [34m[1mGenerating Python from MSG teb2_local_planner/FeedbackMsg[0m
[4.227s] [ 30%] [34m[1mGenerating Python from MSG teb2_local_planner/TrajectoryMsg[0m
[4.233s] [ 33%] [34m[1mGenerating Python from MSG teb2_local_planner/TrajectoryPointMsg[0m
[4.237s] Wrote header file in /home/handsome/ros_ws_test/build/teb2_local_planner/devel/include/teb2_local_planner/Teb2LocalPlannerReconfigureConfig.h
[4.243s] [ 36%] [34m[1mGenerating EusLisp code from teb2_local_planner/TrajectoryPointMsg.msg[0m
[4.344s] [ 40%] [34m[1mGenerating Lisp code from teb2_local_planner/TrajectoryPointMsg.msg[0m
[4.353s] [ 43%] [34m[1mGenerating EusLisp code from teb2_local_planner/TrajectoryMsg.msg[0m
[4.366s] [ 43%] Built target teb2_local_planner_generate_messages_nodejs
[4.379s] [ 46%] [34m[1mGenerating EusLisp code from teb2_local_planner/FeedbackMsg.msg[0m
[4.459s] [ 50%] [34m[1mGenerating EusLisp manifest code for teb2_local_planner[0m
[4.523s] [ 50%] Built target teb2_local_planner_gencfg
[4.538s] [ 53%] [34m[1mGenerating Lisp code from teb2_local_planner/FeedbackMsg.msg[0m
[4.546s] [ 56%] [34m[1mGenerating Lisp code from teb2_local_planner/TrajectoryMsg.msg[0m
[4.560s] [ 56%] Built target teb2_local_planner_generate_messages_cpp
[4.589s] [35m[1mScanning dependencies of target teb2_local_planner[0m
[4.624s] [ 60%] [34m[1mGenerating Python msg __init__.py for teb2_local_planner[0m
[4.669s] [ 60%] Built target teb2_local_planner_generate_messages_lisp
[4.773s] [ 60%] Built target teb2_local_planner_generate_messages_py
[4.817s] [ 63%] [32mBuilding CXX object CMakeFiles/teb2_local_planner.dir/src/timed_elastic_band.cpp.o[0m
[4.820s] [ 66%] [32mBuilding CXX object CMakeFiles/teb2_local_planner.dir/src/optimal_planner.cpp.o[0m
[4.820s] [ 70%] [32mBuilding CXX object CMakeFiles/teb2_local_planner.dir/src/visualization.cpp.o[0m
[4.822s] [ 73%] [32mBuilding CXX object CMakeFiles/teb2_local_planner.dir/src/obstacles.cpp.o[0m
[4.822s] [ 76%] [32mBuilding CXX object CMakeFiles/teb2_local_planner.dir/src/recovery_behaviors.cpp.o[0m
[4.824s] [ 80%] [32mBuilding CXX object CMakeFiles/teb2_local_planner.dir/src/teb2_config.cpp.o[0m
[4.831s] [ 83%] [32mBuilding CXX object CMakeFiles/teb2_local_planner.dir/src/homotopy_class_planner.cpp.o[0m
[6.311s] [ 83%] Built target teb2_local_planner_generate_messages_eus
[6.339s] [35m[1mScanning dependencies of target teb2_local_planner_generate_messages[0m
[6.369s] [ 83%] Built target teb2_local_planner_generate_messages
[7.601s] [ 90%] [32mBuilding CXX object CMakeFiles/teb2_local_planner.dir/src/teb2_local_planner_ros.cpp.o[0m
[7.601s] [ 90%] [32mBuilding CXX object CMakeFiles/teb2_local_planner.dir/src/graph_search.cpp.o[0m
[42.313s] [ 93%] [32m[1mLinking CXX shared library devel/lib/libteb2_local_planner.so[0m
[42.564s] [ 93%] Built target teb2_local_planner
[42.577s] [35m[1mScanning dependencies of target test_optim_node[0m
[42.646s] [ 96%] [32mBuilding CXX object CMakeFiles/test_optim_node.dir/src/test_optim_node.cpp.o[0m
[58.915s] [100%] [32m[1mLinking CXX executable devel/lib/teb2_local_planner/test_optim_node[0m
[59.108s] [100%] Built target test_optim_node
[59.120s] Invoked command in '/home/handsome/ros_ws_test/build/teb2_local_planner' returned '0': CMAKE_PREFIX_PATH=/home/handsome/ros_ws_test/install/nav_core_adapter:/home/handsome/ros_ws_test/install/nav_2d_utils:/home/handsome/ros_ws_test/install/nav_core2:/home/handsome/ros_ws_test/install/nav_grid:/home/handsome/ros_ws_test/install/nav_2d_msgs:${CMAKE_PREFIX_PATH} LD_LIBRARY_PATH=/home/handsome/ros_ws_test/install/nav_core_adapter/lib:/home/handsome/ros_ws_test/install/nav_2d_utils/lib:/home/handsome/ros_ws_test/install/nav_core2/lib:/home/handsome/ros_ws/install/yocs_cmd_vel_mux/lib:/home/handsome/ros_ws/install/tuw_multi_robot_router/lib:/home/handsome/ros_ws/install/tuw_voronoi_graph/lib:/home/handsome/ros_ws/install/tuw_vehicle_msgs/lib:/home/handsome/ros_ws/install/tuw_nav_rviz/lib:/home/handsome/ros_ws/install/tuw_multi_robot_local_behavior_controller/lib:/home/handsome/ros_ws/install/tuw_multi_robot_ctrl/lib:/home/handsome/ros_ws/install/tuw_nav_msgs/lib:/home/handsome/ros_ws/install/tuw_multi_robot_rviz/lib:/home/handsome/ros_ws/install/tuw_geometry_rviz/lib:/home/handsome/ros_ws/install/tuw_geometry_msgs/lib:/home/handsome/ros_ws/install/tuw_geometry/lib:/home/handsome/ros_ws/install/tuw_control/lib:/home/handsome/ros_ws/install/teb2_local_planner/lib:/home/handsome/ros_ws/install/spatio_temporal_voxel_layer/lib:/home/handsome/ros_ws/install/robot_database_bridge/lib:/home/handsome/ros_ws/install/ros_utility_tools/lib:/home/handsome/ros_ws/install/robot_localization/lib:/home/handsome/ros_ws/install/pnp_ros/lib:/home/handsome/ros_ws/install/omron_os32c_driver/lib:/home/handsome/ros_ws/install/dlux_plugins/lib:/home/handsome/ros_ws/install/dlux_global_planner/lib:/home/handsome/ros_ws/install/nav_grid_pub_sub/lib:/home/handsome/ros_ws/install/dwb_critics/lib:/home/handsome/ros_ws/install/nav_grid_iterators/lib:/home/handsome/ros_ws/install/locomotor/lib:/home/handsome/ros_ws/install/nav_core_adapter/lib:/home/handsome/ros_ws/install/dwb_plugins/lib:/home/handsome/ros_ws/install/dwb_local_planner/lib:/home/handsome/ros_ws/install/nav_2d_utils/lib:/home/handsome/ros_ws/install/global_planner_tests/lib:/home/handsome/ros_ws/install/costmap_queue/lib:/home/handsome/ros_ws/install/nav_core2/lib:/home/handsome/ros_ws/install/mongodb_store/lib:/home/handsome/ros_ws/install/libcreate/lib:/opt/ros/melodic/lib:/usr/local/lib PKG_CONFIG_PATH=/home/handsome/ros_ws_test/install/nav_core_adapter/lib/x86_64-linux-gnu/pkgconfig:/home/handsome/ros_ws_test/install/nav_core_adapter/lib/pkgconfig:/home/handsome/ros_ws_test/install/nav_2d_utils/lib/x86_64-linux-gnu/pkgconfig:/home/handsome/ros_ws_test/install/nav_2d_utils/lib/pkgconfig:/home/handsome/ros_ws_test/install/nav_core2/lib/x86_64-linux-gnu/pkgconfig:/home/handsome/ros_ws_test/install/nav_core2/lib/pkgconfig:/home/handsome/ros_ws_test/install/nav_grid/lib/x86_64-linux-gnu/pkgconfig:/home/handsome/ros_ws_test/install/nav_grid/lib/pkgconfig:/home/handsome/ros_ws_test/install/nav_2d_msgs/lib/x86_64-linux-gnu/pkgconfig:/home/handsome/ros_ws_test/install/nav_2d_msgs/lib/pkgconfig:${PKG_CONFIG_PATH} PYTHONPATH=/home/handsome/ros_ws_test/install/nav_2d_msgs/lib/python2.7/dist-packages:${PYTHONPATH} ROS_PACKAGE_PATH=/home/handsome/ros_ws_test/install/nav_core_adapter/share:/home/handsome/ros_ws_test/install/nav_2d_utils/share:/home/handsome/ros_ws_test/install/nav_core2/share:/home/handsome/ros_ws_test/install/nav_grid/share:/home/handsome/ros_ws_test/install/nav_2d_msgs/share:${ROS_PACKAGE_PATH} /usr/bin/cmake --build /home/handsome/ros_ws_test/build/teb2_local_planner -- -j12 -l12
[59.558s] Invoking command in '/home/handsome/ros_ws_test/build/teb2_local_planner': CMAKE_PREFIX_PATH=/home/handsome/ros_ws_test/install/nav_core_adapter:/home/handsome/ros_ws_test/install/nav_2d_utils:/home/handsome/ros_ws_test/install/nav_core2:/home/handsome/ros_ws_test/install/nav_grid:/home/handsome/ros_ws_test/install/nav_2d_msgs:${CMAKE_PREFIX_PATH} LD_LIBRARY_PATH=/home/handsome/ros_ws_test/install/nav_core_adapter/lib:/home/handsome/ros_ws_test/install/nav_2d_utils/lib:/home/handsome/ros_ws_test/install/nav_core2/lib:/home/handsome/ros_ws/install/yocs_cmd_vel_mux/lib:/home/handsome/ros_ws/install/tuw_multi_robot_router/lib:/home/handsome/ros_ws/install/tuw_voronoi_graph/lib:/home/handsome/ros_ws/install/tuw_vehicle_msgs/lib:/home/handsome/ros_ws/install/tuw_nav_rviz/lib:/home/handsome/ros_ws/install/tuw_multi_robot_local_behavior_controller/lib:/home/handsome/ros_ws/install/tuw_multi_robot_ctrl/lib:/home/handsome/ros_ws/install/tuw_nav_msgs/lib:/home/handsome/ros_ws/install/tuw_multi_robot_rviz/lib:/home/handsome/ros_ws/install/tuw_geometry_rviz/lib:/home/handsome/ros_ws/install/tuw_geometry_msgs/lib:/home/handsome/ros_ws/install/tuw_geometry/lib:/home/handsome/ros_ws/install/tuw_control/lib:/home/handsome/ros_ws/install/teb2_local_planner/lib:/home/handsome/ros_ws/install/spatio_temporal_voxel_layer/lib:/home/handsome/ros_ws/install/robot_database_bridge/lib:/home/handsome/ros_ws/install/ros_utility_tools/lib:/home/handsome/ros_ws/install/robot_localization/lib:/home/handsome/ros_ws/install/pnp_ros/lib:/home/handsome/ros_ws/install/omron_os32c_driver/lib:/home/handsome/ros_ws/install/dlux_plugins/lib:/home/handsome/ros_ws/install/dlux_global_planner/lib:/home/handsome/ros_ws/install/nav_grid_pub_sub/lib:/home/handsome/ros_ws/install/dwb_critics/lib:/home/handsome/ros_ws/install/nav_grid_iterators/lib:/home/handsome/ros_ws/install/locomotor/lib:/home/handsome/ros_ws/install/nav_core_adapter/lib:/home/handsome/ros_ws/install/dwb_plugins/lib:/home/handsome/ros_ws/install/dwb_local_planner/lib:/home/handsome/ros_ws/install/nav_2d_utils/lib:/home/handsome/ros_ws/install/global_planner_tests/lib:/home/handsome/ros_ws/install/costmap_queue/lib:/home/handsome/ros_ws/install/nav_core2/lib:/home/handsome/ros_ws/install/mongodb_store/lib:/home/handsome/ros_ws/install/libcreate/lib:/opt/ros/melodic/lib:/usr/local/lib PKG_CONFIG_PATH=/home/handsome/ros_ws_test/install/nav_core_adapter/lib/x86_64-linux-gnu/pkgconfig:/home/handsome/ros_ws_test/install/nav_core_adapter/lib/pkgconfig:/home/handsome/ros_ws_test/install/nav_2d_utils/lib/x86_64-linux-gnu/pkgconfig:/home/handsome/ros_ws_test/install/nav_2d_utils/lib/pkgconfig:/home/handsome/ros_ws_test/install/nav_core2/lib/x86_64-linux-gnu/pkgconfig:/home/handsome/ros_ws_test/install/nav_core2/lib/pkgconfig:/home/handsome/ros_ws_test/install/nav_grid/lib/x86_64-linux-gnu/pkgconfig:/home/handsome/ros_ws_test/install/nav_grid/lib/pkgconfig:/home/handsome/ros_ws_test/install/nav_2d_msgs/lib/x86_64-linux-gnu/pkgconfig:/home/handsome/ros_ws_test/install/nav_2d_msgs/lib/pkgconfig:${PKG_CONFIG_PATH} PYTHONPATH=/home/handsome/ros_ws_test/install/nav_2d_msgs/lib/python2.7/dist-packages:${PYTHONPATH} ROS_PACKAGE_PATH=/home/handsome/ros_ws_test/install/nav_core_adapter/share:/home/handsome/ros_ws_test/install/nav_2d_utils/share:/home/handsome/ros_ws_test/install/nav_core2/share:/home/handsome/ros_ws_test/install/nav_grid/share:/home/handsome/ros_ws_test/install/nav_2d_msgs/share:${ROS_PACKAGE_PATH} /usr/bin/cmake --build /home/handsome/ros_ws_test/build/teb2_local_planner --target tests -- -j12 -l12
[59.667s] [35m[1mScanning dependencies of target tests[0m
[59.679s] Built target tests
[59.691s] Invoked command in '/home/handsome/ros_ws_test/build/teb2_local_planner' returned '0': CMAKE_PREFIX_PATH=/home/handsome/ros_ws_test/install/nav_core_adapter:/home/handsome/ros_ws_test/install/nav_2d_utils:/home/handsome/ros_ws_test/install/nav_core2:/home/handsome/ros_ws_test/install/nav_grid:/home/handsome/ros_ws_test/install/nav_2d_msgs:${CMAKE_PREFIX_PATH} LD_LIBRARY_PATH=/home/handsome/ros_ws_test/install/nav_core_adapter/lib:/home/handsome/ros_ws_test/install/nav_2d_utils/lib:/home/handsome/ros_ws_test/install/nav_core2/lib:/home/handsome/ros_ws/install/yocs_cmd_vel_mux/lib:/home/handsome/ros_ws/install/tuw_multi_robot_router/lib:/home/handsome/ros_ws/install/tuw_voronoi_graph/lib:/home/handsome/ros_ws/install/tuw_vehicle_msgs/lib:/home/handsome/ros_ws/install/tuw_nav_rviz/lib:/home/handsome/ros_ws/install/tuw_multi_robot_local_behavior_controller/lib:/home/handsome/ros_ws/install/tuw_multi_robot_ctrl/lib:/home/handsome/ros_ws/install/tuw_nav_msgs/lib:/home/handsome/ros_ws/install/tuw_multi_robot_rviz/lib:/home/handsome/ros_ws/install/tuw_geometry_rviz/lib:/home/handsome/ros_ws/install/tuw_geometry_msgs/lib:/home/handsome/ros_ws/install/tuw_geometry/lib:/home/handsome/ros_ws/install/tuw_control/lib:/home/handsome/ros_ws/install/teb2_local_planner/lib:/home/handsome/ros_ws/install/spatio_temporal_voxel_layer/lib:/home/handsome/ros_ws/install/robot_database_bridge/lib:/home/handsome/ros_ws/install/ros_utility_tools/lib:/home/handsome/ros_ws/install/robot_localization/lib:/home/handsome/ros_ws/install/pnp_ros/lib:/home/handsome/ros_ws/install/omron_os32c_driver/lib:/home/handsome/ros_ws/install/dlux_plugins/lib:/home/handsome/ros_ws/install/dlux_global_planner/lib:/home/handsome/ros_ws/install/nav_grid_pub_sub/lib:/home/handsome/ros_ws/install/dwb_critics/lib:/home/handsome/ros_ws/install/nav_grid_iterators/lib:/home/handsome/ros_ws/install/locomotor/lib:/home/handsome/ros_ws/install/nav_core_adapter/lib:/home/handsome/ros_ws/install/dwb_plugins/lib:/home/handsome/ros_ws/install/dwb_local_planner/lib:/home/handsome/ros_ws/install/nav_2d_utils/lib:/home/handsome/ros_ws/install/global_planner_tests/lib:/home/handsome/ros_ws/install/costmap_queue/lib:/home/handsome/ros_ws/install/nav_core2/lib:/home/handsome/ros_ws/install/mongodb_store/lib:/home/handsome/ros_ws/install/libcreate/lib:/opt/ros/melodic/lib:/usr/local/lib PKG_CONFIG_PATH=/home/handsome/ros_ws_test/install/nav_core_adapter/lib/x86_64-linux-gnu/pkgconfig:/home/handsome/ros_ws_test/install/nav_core_adapter/lib/pkgconfig:/home/handsome/ros_ws_test/install/nav_2d_utils/lib/x86_64-linux-gnu/pkgconfig:/home/handsome/ros_ws_test/install/nav_2d_utils/lib/pkgconfig:/home/handsome/ros_ws_test/install/nav_core2/lib/x86_64-linux-gnu/pkgconfig:/home/handsome/ros_ws_test/install/nav_core2/lib/pkgconfig:/home/handsome/ros_ws_test/install/nav_grid/lib/x86_64-linux-gnu/pkgconfig:/home/handsome/ros_ws_test/install/nav_grid/lib/pkgconfig:/home/handsome/ros_ws_test/install/nav_2d_msgs/lib/x86_64-linux-gnu/pkgconfig:/home/handsome/ros_ws_test/install/nav_2d_msgs/lib/pkgconfig:${PKG_CONFIG_PATH} PYTHONPATH=/home/handsome/ros_ws_test/install/nav_2d_msgs/lib/python2.7/dist-packages:${PYTHONPATH} ROS_PACKAGE_PATH=/home/handsome/ros_ws_test/install/nav_core_adapter/share:/home/handsome/ros_ws_test/install/nav_2d_utils/share:/home/handsome/ros_ws_test/install/nav_core2/share:/home/handsome/ros_ws_test/install/nav_grid/share:/home/handsome/ros_ws_test/install/nav_2d_msgs/share:${ROS_PACKAGE_PATH} /usr/bin/cmake --build /home/handsome/ros_ws_test/build/teb2_local_planner --target tests -- -j12 -l12
[60.048s] Invoking command in '/home/handsome/ros_ws_test/build/teb2_local_planner': CMAKE_PREFIX_PATH=/home/handsome/ros_ws_test/install/nav_core_adapter:/home/handsome/ros_ws_test/install/nav_2d_utils:/home/handsome/ros_ws_test/install/nav_core2:/home/handsome/ros_ws_test/install/nav_grid:/home/handsome/ros_ws_test/install/nav_2d_msgs:${CMAKE_PREFIX_PATH} LD_LIBRARY_PATH=/home/handsome/ros_ws_test/install/nav_core_adapter/lib:/home/handsome/ros_ws_test/install/nav_2d_utils/lib:/home/handsome/ros_ws_test/install/nav_core2/lib:/home/handsome/ros_ws/install/yocs_cmd_vel_mux/lib:/home/handsome/ros_ws/install/tuw_multi_robot_router/lib:/home/handsome/ros_ws/install/tuw_voronoi_graph/lib:/home/handsome/ros_ws/install/tuw_vehicle_msgs/lib:/home/handsome/ros_ws/install/tuw_nav_rviz/lib:/home/handsome/ros_ws/install/tuw_multi_robot_local_behavior_controller/lib:/home/handsome/ros_ws/install/tuw_multi_robot_ctrl/lib:/home/handsome/ros_ws/install/tuw_nav_msgs/lib:/home/handsome/ros_ws/install/tuw_multi_robot_rviz/lib:/home/handsome/ros_ws/install/tuw_geometry_rviz/lib:/home/handsome/ros_ws/install/tuw_geometry_msgs/lib:/home/handsome/ros_ws/install/tuw_geometry/lib:/home/handsome/ros_ws/install/tuw_control/lib:/home/handsome/ros_ws/install/teb2_local_planner/lib:/home/handsome/ros_ws/install/spatio_temporal_voxel_layer/lib:/home/handsome/ros_ws/install/robot_database_bridge/lib:/home/handsome/ros_ws/install/ros_utility_tools/lib:/home/handsome/ros_ws/install/robot_localization/lib:/home/handsome/ros_ws/install/pnp_ros/lib:/home/handsome/ros_ws/install/omron_os32c_driver/lib:/home/handsome/ros_ws/install/dlux_plugins/lib:/home/handsome/ros_ws/install/dlux_global_planner/lib:/home/handsome/ros_ws/install/nav_grid_pub_sub/lib:/home/handsome/ros_ws/install/dwb_critics/lib:/home/handsome/ros_ws/install/nav_grid_iterators/lib:/home/handsome/ros_ws/install/locomotor/lib:/home/handsome/ros_ws/install/nav_core_adapter/lib:/home/handsome/ros_ws/install/dwb_plugins/lib:/home/handsome/ros_ws/install/dwb_local_planner/lib:/home/handsome/ros_ws/install/nav_2d_utils/lib:/home/handsome/ros_ws/install/global_planner_tests/lib:/home/handsome/ros_ws/install/costmap_queue/lib:/home/handsome/ros_ws/install/nav_core2/lib:/home/handsome/ros_ws/install/mongodb_store/lib:/home/handsome/ros_ws/install/libcreate/lib:/opt/ros/melodic/lib:/usr/local/lib PKG_CONFIG_PATH=/home/handsome/ros_ws_test/install/nav_core_adapter/lib/x86_64-linux-gnu/pkgconfig:/home/handsome/ros_ws_test/install/nav_core_adapter/lib/pkgconfig:/home/handsome/ros_ws_test/install/nav_2d_utils/lib/x86_64-linux-gnu/pkgconfig:/home/handsome/ros_ws_test/install/nav_2d_utils/lib/pkgconfig:/home/handsome/ros_ws_test/install/nav_core2/lib/x86_64-linux-gnu/pkgconfig:/home/handsome/ros_ws_test/install/nav_core2/lib/pkgconfig:/home/handsome/ros_ws_test/install/nav_grid/lib/x86_64-linux-gnu/pkgconfig:/home/handsome/ros_ws_test/install/nav_grid/lib/pkgconfig:/home/handsome/ros_ws_test/install/nav_2d_msgs/lib/x86_64-linux-gnu/pkgconfig:/home/handsome/ros_ws_test/install/nav_2d_msgs/lib/pkgconfig:${PKG_CONFIG_PATH} PYTHONPATH=/home/handsome/ros_ws_test/install/nav_2d_msgs/lib/python2.7/dist-packages:${PYTHONPATH} ROS_PACKAGE_PATH=/home/handsome/ros_ws_test/install/nav_core_adapter/share:/home/handsome/ros_ws_test/install/nav_2d_utils/share:/home/handsome/ros_ws_test/install/nav_core2/share:/home/handsome/ros_ws_test/install/nav_grid/share:/home/handsome/ros_ws_test/install/nav_2d_msgs/share:${ROS_PACKAGE_PATH} /usr/bin/cmake --build /home/handsome/ros_ws_test/build/teb2_local_planner --target install -- -j12 -l12
[60.190s] [  0%] Built target std_msgs_generate_messages_cpp
[60.190s] [  0%] Built target geometry_msgs_generate_messages_lisp
[60.191s] [  0%] Built target geometry_msgs_generate_messages_cpp
[60.191s] [  0%] Built target geometry_msgs_generate_messages_nodejs
[60.191s] [  0%] Built target costmap_converter_generate_messages_cpp
[60.191s] [  0%] Built target costmap_converter_generate_messages_nodejs
[60.191s] [  3%] Built target teb2_local_planner_gencfg
[60.191s] [  3%] Built target std_msgs_generate_messages_nodejs
[60.191s] [  3%] Built target costmap_converter_generate_messages_lisp
[60.239s] [  3%] Built target std_msgs_generate_messages_eus
[60.243s] [  3%] Built target costmap_converter_generate_messages_py
[60.246s] [  3%] Built target std_msgs_generate_messages_lisp
[60.250s] [  3%] Built target std_msgs_generate_messages_py
[60.250s] [  3%] Built target costmap_converter_generate_messages_eus
[60.251s] [  3%] Built target geometry_msgs_generate_messages_py
[60.253s] [  3%] Built target geometry_msgs_generate_messages_eus
[60.265s] [  3%] Built target _teb2_local_planner_generate_messages_check_deps_FeedbackMsg
[60.267s] [  3%] Built target _teb2_local_planner_generate_messages_check_deps_TrajectoryMsg
[60.267s] [  3%] Built target _teb2_local_planner_generate_messages_check_deps_TrajectoryPointMsg
[60.296s] [ 46%] Built target teb2_local_planner_generate_messages_cpp
[60.296s] [ 46%] Built target teb2_local_planner_generate_messages_lisp
[60.297s] [ 50%] Built target teb2_local_planner_generate_messages_nodejs
[60.297s] [ 53%] Built target teb2_local_planner_generate_messages_eus
[60.297s] [ 60%] Built target teb2_local_planner_generate_messages_py
[60.323s] [ 60%] Built target teb2_local_planner_generate_messages
[60.354s] [ 93%] Built target teb2_local_planner
[60.392s] [100%] Built target test_optim_node
[60.418s] [36mInstall the project...[0m
[60.429s] -- Install configuration: "Release"
[60.429s] -- Installing: /home/handsome/ros_ws_test/install/teb2_local_planner/share/teb2_local_planner/msg/TrajectoryPointMsg.msg
[60.429s] -- Installing: /home/handsome/ros_ws_test/install/teb2_local_planner/share/teb2_local_planner/msg/TrajectoryMsg.msg
[60.430s] -- Installing: /home/handsome/ros_ws_test/install/teb2_local_planner/share/teb2_local_planner/msg/FeedbackMsg.msg
[60.430s] -- Installing: /home/handsome/ros_ws_test/install/teb2_local_planner/share/teb2_local_planner/cmake/teb2_local_planner-msg-paths.cmake
[60.430s] -- Installing: /home/handsome/ros_ws_test/install/teb2_local_planner/include/teb2_local_planner
[60.430s] -- Installing: /home/handsome/ros_ws_test/install/teb2_local_planner/include/teb2_local_planner/FeedbackMsg.h
[60.430s] -- Installing: /home/handsome/ros_ws_test/install/teb2_local_planner/include/teb2_local_planner/TrajectoryMsg.h
[60.430s] -- Installing: /home/handsome/ros_ws_test/install/teb2_local_planner/include/teb2_local_planner/Teb2LocalPlannerReconfigureConfig.h
[60.430s] -- Installing: /home/handsome/ros_ws_test/install/teb2_local_planner/include/teb2_local_planner/TrajectoryPointMsg.h
[60.430s] -- Installing: /home/handsome/ros_ws_test/install/teb2_local_planner/share/roseus/ros/teb2_local_planner
[60.430s] -- Installing: /home/handsome/ros_ws_test/install/teb2_local_planner/share/roseus/ros/teb2_local_planner/msg
[60.430s] -- Installing: /home/handsome/ros_ws_test/install/teb2_local_planner/share/roseus/ros/teb2_local_planner/msg/FeedbackMsg.l
[60.430s] -- Installing: /home/handsome/ros_ws_test/install/teb2_local_planner/share/roseus/ros/teb2_local_planner/msg/TrajectoryPointMsg.l
[60.430s] -- Installing: /home/handsome/ros_ws_test/install/teb2_local_planner/share/roseus/ros/teb2_local_planner/msg/TrajectoryMsg.l
[60.431s] -- Installing: /home/handsome/ros_ws_test/install/teb2_local_planner/share/roseus/ros/teb2_local_planner/manifest.l
[60.431s] -- Installing: /home/handsome/ros_ws_test/install/teb2_local_planner/share/common-lisp/ros/teb2_local_planner
[60.431s] -- Installing: /home/handsome/ros_ws_test/install/teb2_local_planner/share/common-lisp/ros/teb2_local_planner/msg
[60.431s] -- Installing: /home/handsome/ros_ws_test/install/teb2_local_planner/share/common-lisp/ros/teb2_local_planner/msg/TrajectoryPointMsg.lisp
[60.431s] -- Installing: /home/handsome/ros_ws_test/install/teb2_local_planner/share/common-lisp/ros/teb2_local_planner/msg/teb2_local_planner-msg.asd
[60.431s] -- Installing: /home/handsome/ros_ws_test/install/teb2_local_planner/share/common-lisp/ros/teb2_local_planner/msg/_package.lisp
[60.431s] -- Installing: /home/handsome/ros_ws_test/install/teb2_local_planner/share/common-lisp/ros/teb2_local_planner/msg/_package_TrajectoryMsg.lisp
[60.431s] -- Installing: /home/handsome/ros_ws_test/install/teb2_local_planner/share/common-lisp/ros/teb2_local_planner/msg/FeedbackMsg.lisp
[60.431s] -- Installing: /home/handsome/ros_ws_test/install/teb2_local_planner/share/common-lisp/ros/teb2_local_planner/msg/TrajectoryMsg.lisp
[60.431s] -- Installing: /home/handsome/ros_ws_test/install/teb2_local_planner/share/common-lisp/ros/teb2_local_planner/msg/_package_TrajectoryPointMsg.lisp
[60.431s] -- Installing: /home/handsome/ros_ws_test/install/teb2_local_planner/share/common-lisp/ros/teb2_local_planner/msg/_package_FeedbackMsg.lisp
[60.431s] -- Installing: /home/handsome/ros_ws_test/install/teb2_local_planner/share/gennodejs/ros/teb2_local_planner
[60.431s] -- Installing: /home/handsome/ros_ws_test/install/teb2_local_planner/share/gennodejs/ros/teb2_local_planner/msg
[60.432s] -- Installing: /home/handsome/ros_ws_test/install/teb2_local_planner/share/gennodejs/ros/teb2_local_planner/msg/_index.js
[60.432s] -- Installing: /home/handsome/ros_ws_test/install/teb2_local_planner/share/gennodejs/ros/teb2_local_planner/msg/TrajectoryMsg.js
[60.432s] -- Installing: /home/handsome/ros_ws_test/install/teb2_local_planner/share/gennodejs/ros/teb2_local_planner/msg/TrajectoryPointMsg.js
[60.432s] -- Installing: /home/handsome/ros_ws_test/install/teb2_local_planner/share/gennodejs/ros/teb2_local_planner/msg/FeedbackMsg.js
[60.432s] -- Installing: /home/handsome/ros_ws_test/install/teb2_local_planner/share/gennodejs/ros/teb2_local_planner/_index.js
[60.463s] Listing /home/handsome/ros_ws_test/build/teb2_local_planner/devel/lib/python2.7/dist-packages/teb2_local_planner ...
[60.463s] Compiling /home/handsome/ros_ws_test/build/teb2_local_planner/devel/lib/python2.7/dist-packages/teb2_local_planner/__init__.py ...
[60.463s] Listing /home/handsome/ros_ws_test/build/teb2_local_planner/devel/lib/python2.7/dist-packages/teb2_local_planner/cfg ...
[60.463s] Compiling /home/handsome/ros_ws_test/build/teb2_local_planner/devel/lib/python2.7/dist-packages/teb2_local_planner/cfg/Teb2LocalPlannerReconfigureConfig.py ...
[60.463s] Compiling /home/handsome/ros_ws_test/build/teb2_local_planner/devel/lib/python2.7/dist-packages/teb2_local_planner/cfg/__init__.py ...
[60.463s] Listing /home/handsome/ros_ws_test/build/teb2_local_planner/devel/lib/python2.7/dist-packages/teb2_local_planner/msg ...
[60.463s] Compiling /home/handsome/ros_ws_test/build/teb2_local_planner/devel/lib/python2.7/dist-packages/teb2_local_planner/msg/_FeedbackMsg.py ...
[60.463s] Compiling /home/handsome/ros_ws_test/build/teb2_local_planner/devel/lib/python2.7/dist-packages/teb2_local_planner/msg/_TrajectoryMsg.py ...
[60.463s] Compiling /home/handsome/ros_ws_test/build/teb2_local_planner/devel/lib/python2.7/dist-packages/teb2_local_planner/msg/_TrajectoryPointMsg.py ...
[60.463s] Compiling /home/handsome/ros_ws_test/build/teb2_local_planner/devel/lib/python2.7/dist-packages/teb2_local_planner/msg/__init__.py ...
[60.464s] -- Installing: /home/handsome/ros_ws_test/install/teb2_local_planner/lib/python2.7/dist-packages/teb2_local_planner
[60.464s] -- Installing: /home/handsome/ros_ws_test/install/teb2_local_planner/lib/python2.7/dist-packages/teb2_local_planner/msg
[60.465s] -- Installing: /home/handsome/ros_ws_test/install/teb2_local_planner/lib/python2.7/dist-packages/teb2_local_planner/msg/_TrajectoryMsg.py
[60.465s] -- Installing: /home/handsome/ros_ws_test/install/teb2_local_planner/lib/python2.7/dist-packages/teb2_local_planner/msg/__init__.py
[60.465s] -- Installing: /home/handsome/ros_ws_test/install/teb2_local_planner/lib/python2.7/dist-packages/teb2_local_planner/msg/_TrajectoryMsg.pyc
[60.465s] -- Installing: /home/handsome/ros_ws_test/install/teb2_local_planner/lib/python2.7/dist-packages/teb2_local_planner/msg/_FeedbackMsg.pyc
[60.465s] -- Installing: /home/handsome/ros_ws_test/install/teb2_local_planner/lib/python2.7/dist-packages/teb2_local_planner/msg/_TrajectoryPointMsg.pyc
[60.465s] -- Installing: /home/handsome/ros_ws_test/install/teb2_local_planner/lib/python2.7/dist-packages/teb2_local_planner/msg/_TrajectoryPointMsg.py
[60.465s] -- Installing: /home/handsome/ros_ws_test/install/teb2_local_planner/lib/python2.7/dist-packages/teb2_local_planner/msg/_FeedbackMsg.py
[60.465s] -- Installing: /home/handsome/ros_ws_test/install/teb2_local_planner/lib/python2.7/dist-packages/teb2_local_planner/msg/__init__.pyc
[60.465s] -- Installing: /home/handsome/ros_ws_test/install/teb2_local_planner/lib/python2.7/dist-packages/teb2_local_planner/__init__.py
[60.465s] -- Installing: /home/handsome/ros_ws_test/install/teb2_local_planner/lib/python2.7/dist-packages/teb2_local_planner/__init__.pyc
[60.465s] -- Installing: /home/handsome/ros_ws_test/install/teb2_local_planner/lib/python2.7/dist-packages/teb2_local_planner/cfg
[60.465s] -- Installing: /home/handsome/ros_ws_test/install/teb2_local_planner/lib/python2.7/dist-packages/teb2_local_planner/cfg/Teb2LocalPlannerReconfigureConfig.py
[60.465s] -- Installing: /home/handsome/ros_ws_test/install/teb2_local_planner/lib/python2.7/dist-packages/teb2_local_planner/cfg/__init__.py
[60.465s] -- Installing: /home/handsome/ros_ws_test/install/teb2_local_planner/lib/python2.7/dist-packages/teb2_local_planner/cfg/Teb2LocalPlannerReconfigureConfig.pyc
[60.465s] -- Installing: /home/handsome/ros_ws_test/install/teb2_local_planner/lib/python2.7/dist-packages/teb2_local_planner/cfg/__init__.pyc
[60.466s] -- Up-to-date: /home/handsome/ros_ws_test/install/teb2_local_planner/include/teb2_local_planner/Teb2LocalPlannerReconfigureConfig.h
[60.466s] -- Up-to-date: /home/handsome/ros_ws_test/install/teb2_local_planner/lib/python2.7/dist-packages/teb2_local_planner/__init__.py
[60.487s] Listing /home/handsome/ros_ws_test/build/teb2_local_planner/devel/lib/python2.7/dist-packages/teb2_local_planner/cfg ...
[60.488s] -- Up-to-date: /home/handsome/ros_ws_test/install/teb2_local_planner/lib/python2.7/dist-packages/teb2_local_planner/cfg
[60.488s] -- Up-to-date: /home/handsome/ros_ws_test/install/teb2_local_planner/lib/python2.7/dist-packages/teb2_local_planner/cfg/Teb2LocalPlannerReconfigureConfig.py
[60.489s] -- Up-to-date: /home/handsome/ros_ws_test/install/teb2_local_planner/lib/python2.7/dist-packages/teb2_local_planner/cfg/__init__.py
[60.489s] -- Up-to-date: /home/handsome/ros_ws_test/install/teb2_local_planner/lib/python2.7/dist-packages/teb2_local_planner/cfg/Teb2LocalPlannerReconfigureConfig.pyc
[60.489s] -- Up-to-date: /home/handsome/ros_ws_test/install/teb2_local_planner/lib/python2.7/dist-packages/teb2_local_planner/cfg/__init__.pyc
[60.489s] -- Installing: /home/handsome/ros_ws_test/install/teb2_local_planner/lib/pkgconfig/teb2_local_planner.pc
[60.489s] -- Installing: /home/handsome/ros_ws_test/install/teb2_local_planner/share/teb2_local_planner/cmake/teb2_local_planner-msg-extras.cmake
[60.489s] -- Installing: /home/handsome/ros_ws_test/install/teb2_local_planner/share/teb2_local_planner/cmake/teb2_local_plannerConfig.cmake
[60.489s] -- Installing: /home/handsome/ros_ws_test/install/teb2_local_planner/share/teb2_local_planner/cmake/teb2_local_plannerConfig-version.cmake
[60.489s] -- Installing: /home/handsome/ros_ws_test/install/teb2_local_planner/share/teb2_local_planner/package.xml
[60.489s] -- Installing: /home/handsome/ros_ws_test/install/teb2_local_planner/lib/libteb2_local_planner.so
[60.491s] -- Set runtime path of "/home/handsome/ros_ws_test/install/teb2_local_planner/lib/libteb2_local_planner.so" to ""
[60.491s] -- Installing: /home/handsome/ros_ws_test/install/teb2_local_planner/lib/teb2_local_planner/test_optim_node
[60.492s] -- Set runtime path of "/home/handsome/ros_ws_test/install/teb2_local_planner/lib/teb2_local_planner/test_optim_node" to ""
[60.492s] -- Up-to-date: /home/handsome/ros_ws_test/install/teb2_local_planner/include/teb2_local_planner
[60.492s] -- Installing: /home/handsome/ros_ws_test/install/teb2_local_planner/include/teb2_local_planner/recovery_behaviors.h
[60.492s] -- Installing: /home/handsome/ros_ws_test/install/teb2_local_planner/include/teb2_local_planner/optimal_planner.h
[60.492s] -- Installing: /home/handsome/ros_ws_test/install/teb2_local_planner/include/teb2_local_planner/equivalence_relations.h
[60.493s] -- Installing: /home/handsome/ros_ws_test/install/teb2_local_planner/include/teb2_local_planner/g2o_types
[60.493s] -- Installing: /home/handsome/ros_ws_test/install/teb2_local_planner/include/teb2_local_planner/g2o_types/edge_prefer_rotdir.h
[60.493s] -- Installing: /home/handsome/ros_ws_test/install/teb2_local_planner/include/teb2_local_planner/g2o_types/edge_dynamic_obstacle.h
[60.493s] -- Installing: /home/handsome/ros_ws_test/install/teb2_local_planner/include/teb2_local_planner/g2o_types/edge_kinematics.h
[60.493s] -- Installing: /home/handsome/ros_ws_test/install/teb2_local_planner/include/teb2_local_planner/g2o_types/penalties.h
[60.493s] -- Installing: /home/handsome/ros_ws_test/install/teb2_local_planner/include/teb2_local_planner/g2o_types/base_teb_edges.h
[60.493s] -- Installing: /home/handsome/ros_ws_test/install/teb2_local_planner/include/teb2_local_planner/g2o_types/vertex_pose.h
[60.493s] -- Installing: /home/handsome/ros_ws_test/install/teb2_local_planner/include/teb2_local_planner/g2o_types/edge_time_optimal.h
[60.493s] -- Installing: /home/handsome/ros_ws_test/install/teb2_local_planner/include/teb2_local_planner/g2o_types/vertex_timediff.h
[60.493s] -- Installing: /home/handsome/ros_ws_test/install/teb2_local_planner/include/teb2_local_planner/g2o_types/edge_via_point.h
[60.493s] -- Installing: /home/handsome/ros_ws_test/install/teb2_local_planner/include/teb2_local_planner/g2o_types/edge_acceleration.h
[60.493s] -- Installing: /home/handsome/ros_ws_test/install/teb2_local_planner/include/teb2_local_planner/g2o_types/edge_obstacle.h
[60.493s] -- Installing: /home/handsome/ros_ws_test/install/teb2_local_planner/include/teb2_local_planner/g2o_types/edge_velocity.h
[60.494s] -- Installing: /home/handsome/ros_ws_test/install/teb2_local_planner/include/teb2_local_planner/visualization.h
[60.494s] -- Installing: /home/handsome/ros_ws_test/install/teb2_local_planner/include/teb2_local_planner/planner_interface.h
[60.494s] -- Installing: /home/handsome/ros_ws_test/install/teb2_local_planner/include/teb2_local_planner/robot_footprint_model.h
[60.494s] -- Installing: /home/handsome/ros_ws_test/install/teb2_local_planner/include/teb2_local_planner/pose_se2.h
[60.494s] -- Installing: /home/handsome/ros_ws_test/install/teb2_local_planner/include/teb2_local_planner/graph_search.h
[60.494s] -- Installing: /home/handsome/ros_ws_test/install/teb2_local_planner/include/teb2_local_planner/homotopy_class_planner.hpp
[60.494s] -- Installing: /home/handsome/ros_ws_test/install/teb2_local_planner/include/teb2_local_planner/misc.h
[60.494s] -- Installing: /home/handsome/ros_ws_test/install/teb2_local_planner/include/teb2_local_planner/visualization.hpp
[60.494s] -- Installing: /home/handsome/ros_ws_test/install/teb2_local_planner/include/teb2_local_planner/distance_calculations.h
[60.495s] -- Installing: /home/handsome/ros_ws_test/install/teb2_local_planner/include/teb2_local_planner/obstacles.h
[60.495s] -- Installing: /home/handsome/ros_ws_test/install/teb2_local_planner/include/teb2_local_planner/teb2_local_planner_ros.h
[60.495s] -- Installing: /home/handsome/ros_ws_test/install/teb2_local_planner/include/teb2_local_planner/timed_elastic_band.h
[60.495s] -- Installing: /home/handsome/ros_ws_test/install/teb2_local_planner/include/teb2_local_planner/timed_elastic_band.hpp
[60.495s] -- Installing: /home/handsome/ros_ws_test/install/teb2_local_planner/include/teb2_local_planner/homotopy_class_planner.h
[60.495s] -- Installing: /home/handsome/ros_ws_test/install/teb2_local_planner/include/teb2_local_planner/teb2_config.h
[60.495s] -- Installing: /home/handsome/ros_ws_test/install/teb2_local_planner/include/teb2_local_planner/h_signature.h
[60.495s] -- Installing: /home/handsome/ros_ws_test/install/teb2_local_planner/share/teb2_local_planner/teb2_local_planner_plugin.xml
[60.495s] -- Installing: /home/handsome/ros_ws_test/install/teb2_local_planner/share/teb2_local_planner/launch
[60.495s] -- Installing: /home/handsome/ros_ws_test/install/teb2_local_planner/share/teb2_local_planner/launch/test_optim_node.launch
[60.495s] -- Installing: /home/handsome/ros_ws_test/install/teb2_local_planner/share/teb2_local_planner/cfg
[60.496s] -- Installing: /home/handsome/ros_ws_test/install/teb2_local_planner/share/teb2_local_planner/cfg/Teb2LocalPlannerReconfigure.cfg
[60.496s] -- Installing: /home/handsome/ros_ws_test/install/teb2_local_planner/share/teb2_local_planner/cfg/rviz_test_optim.rviz
[60.496s] -- Installing: /home/handsome/ros_ws_test/install/teb2_local_planner/share/teb2_local_planner/scripts
[60.496s] -- Installing: /home/handsome/ros_ws_test/install/teb2_local_planner/share/teb2_local_planner/scripts/cmd_vel_to_ackermann_drive.py
[60.496s] -- Installing: /home/handsome/ros_ws_test/install/teb2_local_planner/share/teb2_local_planner/scripts/export_to_svg.py
[60.496s] -- Installing: /home/handsome/ros_ws_test/install/teb2_local_planner/share/teb2_local_planner/scripts/publish_test_obstacles.py
[60.496s] -- Installing: /home/handsome/ros_ws_test/install/teb2_local_planner/share/teb2_local_planner/scripts/export_to_mat.py
[60.496s] -- Installing: /home/handsome/ros_ws_test/install/teb2_local_planner/share/teb2_local_planner/scripts/publish_dynamic_obstacle.py
[60.496s] -- Installing: /home/handsome/ros_ws_test/install/teb2_local_planner/share/teb2_local_planner/scripts/visualize_velocity_profile.py
[60.496s] -- Installing: /home/handsome/ros_ws_test/install/teb2_local_planner/share/teb2_local_planner/scripts/publish_viapoints.py
[60.498s] Invoked command in '/home/handsome/ros_ws_test/build/teb2_local_planner' returned '0': CMAKE_PREFIX_PATH=/home/handsome/ros_ws_test/install/nav_core_adapter:/home/handsome/ros_ws_test/install/nav_2d_utils:/home/handsome/ros_ws_test/install/nav_core2:/home/handsome/ros_ws_test/install/nav_grid:/home/handsome/ros_ws_test/install/nav_2d_msgs:${CMAKE_PREFIX_PATH} LD_LIBRARY_PATH=/home/handsome/ros_ws_test/install/nav_core_adapter/lib:/home/handsome/ros_ws_test/install/nav_2d_utils/lib:/home/handsome/ros_ws_test/install/nav_core2/lib:/home/handsome/ros_ws/install/yocs_cmd_vel_mux/lib:/home/handsome/ros_ws/install/tuw_multi_robot_router/lib:/home/handsome/ros_ws/install/tuw_voronoi_graph/lib:/home/handsome/ros_ws/install/tuw_vehicle_msgs/lib:/home/handsome/ros_ws/install/tuw_nav_rviz/lib:/home/handsome/ros_ws/install/tuw_multi_robot_local_behavior_controller/lib:/home/handsome/ros_ws/install/tuw_multi_robot_ctrl/lib:/home/handsome/ros_ws/install/tuw_nav_msgs/lib:/home/handsome/ros_ws/install/tuw_multi_robot_rviz/lib:/home/handsome/ros_ws/install/tuw_geometry_rviz/lib:/home/handsome/ros_ws/install/tuw_geometry_msgs/lib:/home/handsome/ros_ws/install/tuw_geometry/lib:/home/handsome/ros_ws/install/tuw_control/lib:/home/handsome/ros_ws/install/teb2_local_planner/lib:/home/handsome/ros_ws/install/spatio_temporal_voxel_layer/lib:/home/handsome/ros_ws/install/robot_database_bridge/lib:/home/handsome/ros_ws/install/ros_utility_tools/lib:/home/handsome/ros_ws/install/robot_localization/lib:/home/handsome/ros_ws/install/pnp_ros/lib:/home/handsome/ros_ws/install/omron_os32c_driver/lib:/home/handsome/ros_ws/install/dlux_plugins/lib:/home/handsome/ros_ws/install/dlux_global_planner/lib:/home/handsome/ros_ws/install/nav_grid_pub_sub/lib:/home/handsome/ros_ws/install/dwb_critics/lib:/home/handsome/ros_ws/install/nav_grid_iterators/lib:/home/handsome/ros_ws/install/locomotor/lib:/home/handsome/ros_ws/install/nav_core_adapter/lib:/home/handsome/ros_ws/install/dwb_plugins/lib:/home/handsome/ros_ws/install/dwb_local_planner/lib:/home/handsome/ros_ws/install/nav_2d_utils/lib:/home/handsome/ros_ws/install/global_planner_tests/lib:/home/handsome/ros_ws/install/costmap_queue/lib:/home/handsome/ros_ws/install/nav_core2/lib:/home/handsome/ros_ws/install/mongodb_store/lib:/home/handsome/ros_ws/install/libcreate/lib:/opt/ros/melodic/lib:/usr/local/lib PKG_CONFIG_PATH=/home/handsome/ros_ws_test/install/nav_core_adapter/lib/x86_64-linux-gnu/pkgconfig:/home/handsome/ros_ws_test/install/nav_core_adapter/lib/pkgconfig:/home/handsome/ros_ws_test/install/nav_2d_utils/lib/x86_64-linux-gnu/pkgconfig:/home/handsome/ros_ws_test/install/nav_2d_utils/lib/pkgconfig:/home/handsome/ros_ws_test/install/nav_core2/lib/x86_64-linux-gnu/pkgconfig:/home/handsome/ros_ws_test/install/nav_core2/lib/pkgconfig:/home/handsome/ros_ws_test/install/nav_grid/lib/x86_64-linux-gnu/pkgconfig:/home/handsome/ros_ws_test/install/nav_grid/lib/pkgconfig:/home/handsome/ros_ws_test/install/nav_2d_msgs/lib/x86_64-linux-gnu/pkgconfig:/home/handsome/ros_ws_test/install/nav_2d_msgs/lib/pkgconfig:${PKG_CONFIG_PATH} PYTHONPATH=/home/handsome/ros_ws_test/install/nav_2d_msgs/lib/python2.7/dist-packages:${PYTHONPATH} ROS_PACKAGE_PATH=/home/handsome/ros_ws_test/install/nav_core_adapter/share:/home/handsome/ros_ws_test/install/nav_2d_utils/share:/home/handsome/ros_ws_test/install/nav_core2/share:/home/handsome/ros_ws_test/install/nav_grid/share:/home/handsome/ros_ws_test/install/nav_2d_msgs/share:${ROS_PACKAGE_PATH} /usr/bin/cmake --build /home/handsome/ros_ws_test/build/teb2_local_planner --target install -- -j12 -l12
