-- The C compiler identification is GNU 7.5.0
-- The CXX compiler identification is GNU 7.5.0
-- Check for working C compiler: /usr/bin/cc
-- Check for working C compiler: /usr/bin/cc -- works
-- Detecting C compiler ABI info
-- Detecting C compiler ABI info - done
-- Detecting C compile features
-- Detecting C compile features - done
-- Check for working CXX compiler: /usr/bin/c++
-- Check for working CXX compiler: /usr/bin/c++ -- works
-- Detecting CXX compiler ABI info
-- Detecting CXX compiler ABI info - done
-- Detecting CXX compile features
-- Detecting CXX compile features - done
-- Using CATKIN_DEVEL_PREFIX: /home/handsome/ros_ws_test/build/rplidar_ros/devel
-- Using CMAKE_PREFIX_PATH: /home/handsome/ros_ws/install/yocs_cmd_vel_mux;/home/handsome/ros_ws/install/urdf_tutorial;/home/handsome/ros_ws/install/tuw_waypoint_to_spline_msgs;/home/handsome/ros_ws/install/tuw_multi_robot_router;/home/handsome/ros_ws/install/tuw_voronoi_graph;/home/handsome/ros_ws/install/tuw_vehicle_msgs;/home/handsome/ros_ws/install/tuw_order_planner;/home/handsome/ros_ws/install/tuw_object_rviz;/home/handsome/ros_ws/install/tuw_object_msgs;/home/handsome/ros_ws/install/tuw_nav_rviz;/home/handsome/ros_ws/install/tuw_multi_robot_local_behavior_controller;/home/handsome/ros_ws/install/tuw_multi_robot_ctrl;/home/handsome/ros_ws/install/tuw_nav_msgs;/home/handsome/ros_ws/install/tuw_multi_robot_rviz;/home/handsome/ros_ws/install/tuw_multi_robot_goal_generator;/home/handsome/ros_ws/install/robot_scheduling_utility;/home/handsome/ros_ws/install/robot_scheduling_actions;/home/handsome/ros_ws/install/actionlib_modules_bridge;/home/handsome/ros_ws/install/tuw_multi_robot_msgs;/home/handsome/ros_ws/install/tuw_multi_robot_demo;/home/handsome/ros_ws/install/tuw_local_controller_msgs;/home/handsome/ros_ws/install/tuw_geometry_rviz;/home/handsome/ros_ws/install/tuw_geometry_msgs;/home/handsome/ros_ws/install/tuw_geometry;/home/handsome/ros_ws/install/tuw_gazebo_msgs;/home/handsome/ros_ws/install/tuw_control;/home/handsome/ros_ws/install/tuw_airskin_msgs;/home/handsome/ros_ws/install/turtlebot_teleop;/home/handsome/ros_ws/install/tug_example_pnp_server;/home/handsome/ros_ws/install/tug_example_actions;/home/handsome/ros_ws/install/tug_example_msgs;/home/handsome/ros_ws/install/timed_roslaunch;/home/handsome/ros_ws/install/teb2_local_planner;/home/handsome/ros_ws/install/stated_roslaunch;/home/handsome/ros_ws/install/spatio_temporal_voxel_layer;/home/handsome/ros_ws/install/robot_udp_bridge;/home/handsome/ros_ws/install/robot_database_bridge;/home/handsome/ros_ws/install/samsungcmd_msgs;/home/handsome/ros_ws/install/rplidar_ros;/home/handsome/ros_ws/install/rp_action;/home/handsome/ros_ws/install/rp_action_msgs;/home/handsome/ros_ws/install/rosserial_xbee;/home/handsome/ros_ws/install/rosserial_windows;/home/handsome/ros_ws/install/rosserial_tivac;/home/handsome/ros_ws/install/rosserial_test;/home/handsome/ros_ws/install/rosserial_server;/home/handsome/ros_ws/install/rosserial_python;/home/handsome/ros_ws/install/rosserial_mbed;/home/handsome/ros_ws/install/rosserial_embeddedlinux;/home/handsome/ros_ws/install/rosserial_arduino;/home/handsome/ros_ws/install/rosserial_client;/home/handsome/ros_ws/install/rosserial_msgs;/home/handsome/ros_ws/install/cellctrl_qtgui_bridge;/home/handsome/ros_ws/install/car_db_manager_qtgui;/home/handsome/ros_ws/install/car_db_manager_bridge;/home/handsome/ros_ws/install/car_db_manager_action;/home/handsome/ros_ws/install/ros_utility_tools;/home/handsome/ros_ws/install/ros_package_test;/home/handsome/ros_ws/install/ros_package_manager;/home/handsome/ros_ws/install/robot_scheduling_server;/home/handsome/ros_ws/install/robot_scheduling_msgs;/home/handsome/ros_ws/install/robot_localization;/home/handsome/ros_ws/install/robot_control_msgs;/home/handsome/ros_ws/install/reset_location;/home/handsome/ros_ws/install/razor_imu_9dof;/home/handsome/ros_ws/install/pnp_rosplan;/home/handsome/ros_ws/install/actionlib_pnp_controller;/home/handsome/ros_ws/install/actionlib_modules_controller;/home/handsome/ros_ws/install/pnp_ros;/home/handsome/ros_ws/install/pnp_msgs;/home/handsome/ros_ws/install/open_auto_dock;/home/handsome/ros_ws/install/open_auto_dock_msgs;/home/handsome/ros_ws/install/omron_os32c_driver;/home/handsome/ros_ws/install/dlux_plugins;/home/handsome/ros_ws/install/dlux_global_planner;/home/handsome/ros_ws/install/nav_grid_pub_sub;/home/handsome/ros_ws/install/dwb_critics;/home/handsome/ros_ws/install/nav_grid_iterators;/home/handsome/ros_ws/install/locomove_base;/home/handsome/ros_ws/install/locomotor;/home/handsome/ros_ws/install/nav_core_adapter;/home/handsome/ros_ws/install/dwb_plugins;/home/handsome/ros_ws/install/dwb_local_planner;/home/handsome/ros_ws/install/nav_2d_utils;/home/handsome/ros_ws/install/global_planner_tests;/home/handsome/ros_ws/install/costmap_queue;/home/handsome/ros_ws/install/nav_core2;/home/handsome/ros_ws/install/nav_grid;/home/handsome/ros_ws/install/car_schedule_msgs;/home/handsome/ros_ws/install/actionlib_modules_msgs;/home/handsome/ros_ws/install/locomotor_msgs;/home/handsome/ros_ws/install/dwb_msgs;/home/handsome/ros_ws/install/nav_2d_msgs;/home/handsome/ros_ws/install/mongodb_log;/home/handsome/ros_ws/install/mongodb_store;/home/handsome/ros_ws/install/mongodb_store_msgs;/home/handsome/ros_ws/install/ca_driver;/home/handsome/ros_ws/install/libcreate;/home/handsome/ros_ws/install/i_robot_stage;/home/handsome/ros_ws/install/i_robot_navigation;/home/handsome/ros_ws/install/hyc_order_planner;/home/handsome/ros_ws/install/hyc_multi_robot_msgs;/home/handsome/ros_ws/install/fetch_open_auto_dock;/home/handsome/ros_ws/install/fetch_auto_dock_msgs;/home/handsome/ros_ws/install/change_teb2_max_vel_x_onfly;/home/handsome/ros_ws/install/cellctrl_control_msgs;/home/handsome/ros_ws/install/car_db_manager_msgs;/home/handsome/ros_ws/install/ca_msgs;/home/handsome/ros_ws/install/ca_description;/home/handsome/ros_ws/install/botcmd_msgs;/opt/ros/melodic
-- This workspace overlays: /home/handsome/ros_ws/install/yocs_cmd_vel_mux;/home/handsome/ros_ws/install/urdf_tutorial;/home/handsome/ros_ws/install/tuw_waypoint_to_spline_msgs;/home/handsome/ros_ws/install/tuw_multi_robot_router;/home/handsome/ros_ws/install/tuw_voronoi_graph;/home/handsome/ros_ws/install/tuw_vehicle_msgs;/home/handsome/ros_ws/install/tuw_order_planner;/home/handsome/ros_ws/install/tuw_object_rviz;/home/handsome/ros_ws/install/tuw_object_msgs;/home/handsome/ros_ws/install/tuw_nav_rviz;/home/handsome/ros_ws/install/tuw_multi_robot_local_behavior_controller;/home/handsome/ros_ws/install/tuw_multi_robot_ctrl;/home/handsome/ros_ws/install/tuw_nav_msgs;/home/handsome/ros_ws/install/tuw_multi_robot_rviz;/home/handsome/ros_ws/install/tuw_multi_robot_goal_generator;/home/handsome/ros_ws/install/robot_scheduling_utility;/home/handsome/ros_ws/install/robot_scheduling_actions;/home/handsome/ros_ws/install/actionlib_modules_bridge;/home/handsome/ros_ws/install/tuw_multi_robot_msgs;/home/handsome/ros_ws/install/tuw_multi_robot_demo;/home/handsome/ros_ws/install/tuw_local_controller_msgs;/home/handsome/ros_ws/install/tuw_geometry_rviz;/home/handsome/ros_ws/install/tuw_geometry_msgs;/home/handsome/ros_ws/install/tuw_geometry;/home/handsome/ros_ws/install/tuw_gazebo_msgs;/home/handsome/ros_ws/install/tuw_control;/home/handsome/ros_ws/install/tuw_airskin_msgs;/home/handsome/ros_ws/install/turtlebot_teleop;/home/handsome/ros_ws/install/tug_example_pnp_server;/home/handsome/ros_ws/install/tug_example_actions;/home/handsome/ros_ws/install/tug_example_msgs;/home/handsome/ros_ws/install/timed_roslaunch;/home/handsome/ros_ws/install/teb2_local_planner;/home/handsome/ros_ws/install/stated_roslaunch;/home/handsome/ros_ws/install/spatio_temporal_voxel_layer;/home/handsome/ros_ws/install/robot_udp_bridge;/home/handsome/ros_ws/install/robot_database_bridge;/home/handsome/ros_ws/install/samsungcmd_msgs;/home/handsome/ros_ws/install/rplidar_ros;/home/handsome/ros_ws/install/rp_action;/home/handsome/ros_ws/install/rp_action_msgs;/home/handsome/ros_ws/install/rosserial_xbee;/home/handsome/ros_ws/install/rosserial_windows;/home/handsome/ros_ws/install/rosserial_tivac;/home/handsome/ros_ws/install/rosserial_test;/home/handsome/ros_ws/install/rosserial_server;/home/handsome/ros_ws/install/rosserial_python;/home/handsome/ros_ws/install/rosserial_mbed;/home/handsome/ros_ws/install/rosserial_embeddedlinux;/home/handsome/ros_ws/install/rosserial_arduino;/home/handsome/ros_ws/install/rosserial_client;/home/handsome/ros_ws/install/rosserial_msgs;/home/handsome/ros_ws/install/cellctrl_qtgui_bridge;/home/handsome/ros_ws/install/car_db_manager_qtgui;/home/handsome/ros_ws/install/car_db_manager_bridge;/home/handsome/ros_ws/install/car_db_manager_action;/home/handsome/ros_ws/install/ros_utility_tools;/home/handsome/ros_ws/install/ros_package_test;/home/handsome/ros_ws/install/ros_package_manager;/home/handsome/ros_ws/install/robot_scheduling_server;/home/handsome/ros_ws/install/robot_scheduling_msgs;/home/handsome/ros_ws/install/robot_localization;/home/handsome/ros_ws/install/robot_control_msgs;/home/handsome/ros_ws/install/reset_location;/home/handsome/ros_ws/install/razor_imu_9dof;/home/handsome/ros_ws/install/pnp_rosplan;/home/handsome/ros_ws/install/actionlib_pnp_controller;/home/handsome/ros_ws/install/actionlib_modules_controller;/home/handsome/ros_ws/install/pnp_ros;/home/handsome/ros_ws/install/pnp_msgs;/home/handsome/ros_ws/install/open_auto_dock;/home/handsome/ros_ws/install/open_auto_dock_msgs;/home/handsome/ros_ws/install/omron_os32c_driver;/home/handsome/ros_ws/install/dlux_plugins;/home/handsome/ros_ws/install/dlux_global_planner;/home/handsome/ros_ws/install/nav_grid_pub_sub;/home/handsome/ros_ws/install/dwb_critics;/home/handsome/ros_ws/install/nav_grid_iterators;/home/handsome/ros_ws/install/locomove_base;/home/handsome/ros_ws/install/locomotor;/home/handsome/ros_ws/install/nav_core_adapter;/home/handsome/ros_ws/install/dwb_plugins;/home/handsome/ros_ws/install/dwb_local_planner;/home/handsome/ros_ws/install/nav_2d_utils;/home/handsome/ros_ws/install/global_planner_tests;/home/handsome/ros_ws/install/costmap_queue;/home/handsome/ros_ws/install/nav_core2;/home/handsome/ros_ws/install/nav_grid;/home/handsome/ros_ws/install/car_schedule_msgs;/home/handsome/ros_ws/install/actionlib_modules_msgs;/home/handsome/ros_ws/install/locomotor_msgs;/home/handsome/ros_ws/install/dwb_msgs;/home/handsome/ros_ws/install/nav_2d_msgs;/home/handsome/ros_ws/install/mongodb_log;/home/handsome/ros_ws/install/mongodb_store;/home/handsome/ros_ws/install/mongodb_store_msgs;/home/handsome/ros_ws/install/ca_driver;/home/handsome/ros_ws/install/i_robot_stage;/home/handsome/ros_ws/install/i_robot_navigation;/home/handsome/ros_ws/install/hyc_order_planner;/home/handsome/ros_ws/install/hyc_multi_robot_msgs;/home/handsome/ros_ws/install/fetch_open_auto_dock;/home/handsome/ros_ws/install/fetch_auto_dock_msgs;/home/handsome/ros_ws/install/change_teb2_max_vel_x_onfly;/home/handsome/ros_ws/install/cellctrl_control_msgs;/home/handsome/ros_ws/install/car_db_manager_msgs;/home/handsome/ros_ws/install/ca_msgs;/home/handsome/ros_ws/install/ca_description;/home/handsome/ros_ws/install/botcmd_msgs;/opt/ros/melodic
-- Found PythonInterp: /usr/bin/python2 (found suitable version "2.7.17", minimum required is "2") 
-- Using PYTHON_EXECUTABLE: /usr/bin/python2
-- Using Debian Python package layout
-- Using empy: /usr/bin/empy
-- Using CATKIN_ENABLE_TESTING: ON
-- Call enable_testing()
-- Using CATKIN_TEST_RESULTS_DIR: /home/handsome/ros_ws_test/build/rplidar_ros/test_results
-- Found gtest sources under '/usr/src/googletest': gtests will be built
-- Found gmock sources under '/usr/src/googletest': gmock will be built
-- Found PythonInterp: /usr/bin/python2 (found version "2.7.17") 
-- Looking for pthread.h
-- Looking for pthread.h - found
-- Looking for pthread_create
-- Looking for pthread_create - not found
-- Looking for pthread_create in pthreads
-- Looking for pthread_create in pthreads - not found
-- Looking for pthread_create in pthread
-- Looking for pthread_create in pthread - found
-- Found Threads: TRUE  
-- Using Python nosetests: /usr/bin/nosetests-2.7
-- catkin 0.7.28
-- BUILD_SHARED_LIBS is on
-- Configuring done
-- Generating done
-- Build files have been written to: /home/handsome/ros_ws_test/build/rplidar_ros
[35m[1mScanning dependencies of target rplidarNode[0m
[ 11%] [32mBuilding CXX object CMakeFiles/rplidarNode.dir/src/node.cpp.o[0m
[01m[K/home/handsome/ros_ws_test/src/ros_base/rplidar_ros/src/node.cpp:212:14:[m[K [01;35m[Kwarning: [m[Kinvalid suffix on literal; C++11 requires a space between literal and string macro [[01;35m[K-Wliteral-suffix[m[K]
     ROS_INFO([01;35m[K"[m[KRPLIDAR running on ROS package rplidar_ros. SDK Version:"RPLIDAR_SDK_VERSION"");
              [01;35m[K^[m[K
[ 22%] [32mBuilding CXX object CMakeFiles/rplidarNode.dir/sdk/src/rplidar_driver.cpp.o[0m
[ 33%] [32mBuilding CXX object CMakeFiles/rplidarNode.dir/sdk/src/hal/thread.cpp.o[0m
[ 44%] [32mBuilding CXX object CMakeFiles/rplidarNode.dir/sdk/src/arch/linux/timer.cpp.o[0m
[ 55%] [32mBuilding CXX object CMakeFiles/rplidarNode.dir/sdk/src/arch/linux/net_socket.cpp.o[0m
[ 66%] [32mBuilding CXX object CMakeFiles/rplidarNode.dir/sdk/src/arch/linux/net_serial.cpp.o[0m
[ 77%] [32m[1mLinking CXX executable devel/lib/rplidar_ros/rplidarNode[0m
[ 77%] Built target rplidarNode
[35m[1mScanning dependencies of target rplidarNodeClient[0m
[ 88%] [32mBuilding CXX object CMakeFiles/rplidarNodeClient.dir/src/client.cpp.o[0m
[100%] [32m[1mLinking CXX executable devel/lib/rplidar_ros/rplidarNodeClient[0m
[100%] Built target rplidarNodeClient
[35m[1mScanning dependencies of target tests[0m
Built target tests
[ 77%] Built target rplidarNode
[100%] Built target rplidarNodeClient
[36mInstall the project...[0m
-- Install configuration: ""
-- Installing: /home/handsome/ros_ws_test/install/rplidar_ros/lib/pkgconfig/rplidar_ros.pc
-- Installing: /home/handsome/ros_ws_test/install/rplidar_ros/share/rplidar_ros/cmake/rplidar_rosConfig.cmake
-- Installing: /home/handsome/ros_ws_test/install/rplidar_ros/share/rplidar_ros/cmake/rplidar_rosConfig-version.cmake
-- Installing: /home/handsome/ros_ws_test/install/rplidar_ros/share/rplidar_ros/package.xml
-- Installing: /home/handsome/ros_ws_test/install/rplidar_ros/lib/rplidar_ros/rplidarNode
-- Set runtime path of "/home/handsome/ros_ws_test/install/rplidar_ros/lib/rplidar_ros/rplidarNode" to ""
-- Installing: /home/handsome/ros_ws_test/install/rplidar_ros/lib/rplidar_ros/rplidarNodeClient
-- Set runtime path of "/home/handsome/ros_ws_test/install/rplidar_ros/lib/rplidar_ros/rplidarNodeClient" to ""
-- Installing: /home/handsome/ros_ws_test/install/rplidar_ros/share/rplidar_ros/launch
-- Installing: /home/handsome/ros_ws_test/install/rplidar_ros/share/rplidar_ros/launch/view_rplidar_s1_tcp.launch
-- Installing: /home/handsome/ros_ws_test/install/rplidar_ros/share/rplidar_ros/launch/view_rplidar_a3.launch
-- Installing: /home/handsome/ros_ws_test/install/rplidar_ros/share/rplidar_ros/launch/rplidar_urdftest.launch
-- Installing: /home/handsome/ros_ws_test/install/rplidar_ros/share/rplidar_ros/launch/rplidar.launch
-- Installing: /home/handsome/ros_ws_test/install/rplidar_ros/share/rplidar_ros/launch/test_rplidar.launch
-- Installing: /home/handsome/ros_ws_test/install/rplidar_ros/share/rplidar_ros/launch/test_rplidar_a3.launch
-- Installing: /home/handsome/ros_ws_test/install/rplidar_ros/share/rplidar_ros/launch/rplidar_s1.launch
-- Installing: /home/handsome/ros_ws_test/install/rplidar_ros/share/rplidar_ros/launch/view_rplidar.launch
-- Installing: /home/handsome/ros_ws_test/install/rplidar_ros/share/rplidar_ros/launch/rplidar_s1_tcp.launch
-- Installing: /home/handsome/ros_ws_test/install/rplidar_ros/share/rplidar_ros/launch/view_rplidar_s1.launch
-- Installing: /home/handsome/ros_ws_test/install/rplidar_ros/share/rplidar_ros/launch/rplidar (copy).launch
-- Installing: /home/handsome/ros_ws_test/install/rplidar_ros/share/rplidar_ros/launch/rplidar_a3.launch
-- Installing: /home/handsome/ros_ws_test/install/rplidar_ros/share/rplidar_ros/rviz
-- Installing: /home/handsome/ros_ws_test/install/rplidar_ros/share/rplidar_ros/rviz/rplidar.rviz
-- Installing: /home/handsome/ros_ws_test/install/rplidar_ros/share/rplidar_ros/sdk
-- Installing: /home/handsome/ros_ws_test/install/rplidar_ros/share/rplidar_ros/sdk/README.txt
-- Installing: /home/handsome/ros_ws_test/install/rplidar_ros/share/rplidar_ros/sdk/src
-- Installing: /home/handsome/ros_ws_test/install/rplidar_ros/share/rplidar_ros/sdk/src/rplidar_driver.cpp
-- Installing: /home/handsome/ros_ws_test/install/rplidar_ros/share/rplidar_ros/sdk/src/rplidar_driver_serial.h
-- Installing: /home/handsome/ros_ws_test/install/rplidar_ros/share/rplidar_ros/sdk/src/hal
-- Installing: /home/handsome/ros_ws_test/install/rplidar_ros/share/rplidar_ros/sdk/src/hal/socket.h
-- Installing: /home/handsome/ros_ws_test/install/rplidar_ros/share/rplidar_ros/sdk/src/hal/thread.cpp
-- Installing: /home/handsome/ros_ws_test/install/rplidar_ros/share/rplidar_ros/sdk/src/hal/types.h
-- Installing: /home/handsome/ros_ws_test/install/rplidar_ros/share/rplidar_ros/sdk/src/hal/abs_rxtx.h
-- Installing: /home/handsome/ros_ws_test/install/rplidar_ros/share/rplidar_ros/sdk/src/hal/event.h
-- Installing: /home/handsome/ros_ws_test/install/rplidar_ros/share/rplidar_ros/sdk/src/hal/byteops.h
-- Installing: /home/handsome/ros_ws_test/install/rplidar_ros/share/rplidar_ros/sdk/src/hal/thread.h
-- Installing: /home/handsome/ros_ws_test/install/rplidar_ros/share/rplidar_ros/sdk/src/hal/util.h
-- Installing: /home/handsome/ros_ws_test/install/rplidar_ros/share/rplidar_ros/sdk/src/hal/locker.h
-- Installing: /home/handsome/ros_ws_test/install/rplidar_ros/share/rplidar_ros/sdk/src/hal/assert.h
-- Installing: /home/handsome/ros_ws_test/install/rplidar_ros/share/rplidar_ros/sdk/src/arch
-- Installing: /home/handsome/ros_ws_test/install/rplidar_ros/share/rplidar_ros/sdk/src/arch/win32
-- Installing: /home/handsome/ros_ws_test/install/rplidar_ros/share/rplidar_ros/sdk/src/arch/win32/timer.h
-- Installing: /home/handsome/ros_ws_test/install/rplidar_ros/share/rplidar_ros/sdk/src/arch/win32/net_socket.cpp
-- Installing: /home/handsome/ros_ws_test/install/rplidar_ros/share/rplidar_ros/sdk/src/arch/win32/net_serial.cpp
-- Installing: /home/handsome/ros_ws_test/install/rplidar_ros/share/rplidar_ros/sdk/src/arch/win32/net_serial.h
-- Installing: /home/handsome/ros_ws_test/install/rplidar_ros/share/rplidar_ros/sdk/src/arch/win32/timer.cpp
-- Installing: /home/handsome/ros_ws_test/install/rplidar_ros/share/rplidar_ros/sdk/src/arch/win32/arch_win32.h
-- Installing: /home/handsome/ros_ws_test/install/rplidar_ros/share/rplidar_ros/sdk/src/arch/win32/winthread.hpp
-- Installing: /home/handsome/ros_ws_test/install/rplidar_ros/share/rplidar_ros/sdk/src/arch/linux
-- Installing: /home/handsome/ros_ws_test/install/rplidar_ros/share/rplidar_ros/sdk/src/arch/linux/arch_linux.h
-- Installing: /home/handsome/ros_ws_test/install/rplidar_ros/share/rplidar_ros/sdk/src/arch/linux/thread.hpp
-- Installing: /home/handsome/ros_ws_test/install/rplidar_ros/share/rplidar_ros/sdk/src/arch/linux/timer.h
-- Installing: /home/handsome/ros_ws_test/install/rplidar_ros/share/rplidar_ros/sdk/src/arch/linux/net_socket.cpp
-- Installing: /home/handsome/ros_ws_test/install/rplidar_ros/share/rplidar_ros/sdk/src/arch/linux/net_serial.cpp
-- Installing: /home/handsome/ros_ws_test/install/rplidar_ros/share/rplidar_ros/sdk/src/arch/linux/net_serial.h
-- Installing: /home/handsome/ros_ws_test/install/rplidar_ros/share/rplidar_ros/sdk/src/arch/linux/timer.cpp
-- Installing: /home/handsome/ros_ws_test/install/rplidar_ros/share/rplidar_ros/sdk/src/arch/macOS
-- Installing: /home/handsome/ros_ws_test/install/rplidar_ros/share/rplidar_ros/sdk/src/arch/macOS/thread.hpp
-- Installing: /home/handsome/ros_ws_test/install/rplidar_ros/share/rplidar_ros/sdk/src/arch/macOS/arch_macOS.h
-- Installing: /home/handsome/ros_ws_test/install/rplidar_ros/share/rplidar_ros/sdk/src/arch/macOS/timer.h
-- Installing: /home/handsome/ros_ws_test/install/rplidar_ros/share/rplidar_ros/sdk/src/arch/macOS/net_socket.cpp
-- Installing: /home/handsome/ros_ws_test/install/rplidar_ros/share/rplidar_ros/sdk/src/arch/macOS/net_serial.cpp
-- Installing: /home/handsome/ros_ws_test/install/rplidar_ros/share/rplidar_ros/sdk/src/arch/macOS/net_serial.h
-- Installing: /home/handsome/ros_ws_test/install/rplidar_ros/share/rplidar_ros/sdk/src/arch/macOS/timer.cpp
-- Installing: /home/handsome/ros_ws_test/install/rplidar_ros/share/rplidar_ros/sdk/src/rplidar_driver_TCP.h
-- Installing: /home/handsome/ros_ws_test/install/rplidar_ros/share/rplidar_ros/sdk/src/rplidar_driver_impl.h
-- Installing: /home/handsome/ros_ws_test/install/rplidar_ros/share/rplidar_ros/sdk/src/sdkcommon.h
-- Installing: /home/handsome/ros_ws_test/install/rplidar_ros/share/rplidar_ros/sdk/include
-- Installing: /home/handsome/ros_ws_test/install/rplidar_ros/share/rplidar_ros/sdk/include/rptypes.h
-- Installing: /home/handsome/ros_ws_test/install/rplidar_ros/share/rplidar_ros/sdk/include/rplidar_driver.h
-- Installing: /home/handsome/ros_ws_test/install/rplidar_ros/share/rplidar_ros/sdk/include/rplidar_protocol.h
-- Installing: /home/handsome/ros_ws_test/install/rplidar_ros/share/rplidar_ros/sdk/include/rplidar.h
-- Installing: /home/handsome/ros_ws_test/install/rplidar_ros/share/rplidar_ros/sdk/include/rplidar_cmd.h
-- Installing: /home/handsome/ros_ws_test/install/rplidar_ros/share/rplidar_ros/urdf
-- Installing: /home/handsome/ros_ws_test/install/rplidar_ros/share/rplidar_ros/urdf/test_zr300_camera.urdf.xacro
-- Installing: /home/handsome/ros_ws_test/install/rplidar_ros/share/rplidar_ros/urdf/HYC.xacro
-- Installing: /home/handsome/ros_ws_test/install/rplidar_ros/share/rplidar_ros/urdf/r2-s-680.xacro
-- Installing: /home/handsome/ros_ws_test/install/rplidar_ros/share/rplidar_ros/urdf/r2-s.xacro
-- Installing: /home/handsome/ros_ws_test/install/rplidar_ros/share/rplidar_ros/urdf/_r200.urdf.xacro
-- Installing: /home/handsome/ros_ws_test/install/rplidar_ros/share/rplidar_ros/urdf/_d435.urdf.xacro
-- Installing: /home/handsome/ros_ws_test/install/rplidar_ros/share/rplidar_ros/urdf/r2-s.urdf
-- Installing: /home/handsome/ros_ws_test/install/rplidar_ros/share/rplidar_ros/urdf/test_r200_camera.urdf.xacro
-- Installing: /home/handsome/ros_ws_test/install/rplidar_ros/share/rplidar_ros/urdf/linorobot.urdf
-- Installing: /home/handsome/ros_ws_test/install/rplidar_ros/share/rplidar_ros/urdf/_zr300.urdf.xacro
-- Installing: /home/handsome/ros_ws_test/install/rplidar_ros/share/rplidar_ros/urdf/r2-s-680new.xacro
-- Installing: /home/handsome/ros_ws_test/install/rplidar_ros/share/rplidar_ros/urdf/Samsung.xacro
