[0.068s] Invoking command in '/home/handsome/ros_ws_test/build/robot_control_msgs': /usr/bin/cmake --build /home/handsome/ros_ws_test/build/robot_control_msgs -- -j12 -l12
[0.254s] [  0%] Built target actionlib_msgs_generate_messages_nodejs
[0.307s] [  0%] Built target std_srvs_generate_messages_nodejs
[0.402s] [  0%] Built target _robot_control_msgs_generate_messages_check_deps_robot_ctrl_alarmHistory
[0.417s] [  0%] Built target _robot_control_msgs_generate_messages_check_deps_Imu
[0.422s] [  0%] Built target _robot_control_msgs_generate_messages_check_deps_robot_ctrl_alarmCode
[0.424s] [  0%] Built target _robot_control_msgs_generate_messages_check_deps_hyc_heartbeat
[0.434s] [  0%] Built target geometry_msgs_generate_messages_nodejs
[0.434s] [  0%] Built target _robot_control_msgs_generate_messages_check_deps_Velocities
[0.437s] [  0%] Built target _robot_control_msgs_generate_messages_check_deps_robot_ctrl_alarmCode_cmd
[0.458s] [  0%] Built target _robot_control_msgs_generate_messages_check_deps_hyc_RobotInfo
[0.468s] [  0%] Built target std_msgs_generate_messages_nodejs
[0.489s] [  0%] Built target _robot_control_msgs_generate_messages_check_deps_PID
[0.536s] [  0%] Built target _robot_control_msgs_generate_messages_check_deps_robot_ctrl_alarmHistory_cmd
[0.536s] [  0%] Built target std_msgs_generate_messages_py
[0.537s] [  0%] Built target _robot_control_msgs_generate_messages_check_deps_robot_ctrl_roslog
[0.545s] [  0%] Built target std_srvs_generate_messages_py
[0.598s] [  0%] Built target actionlib_msgs_generate_messages_py
[0.635s] [  0%] Built target geometry_msgs_generate_messages_py
[0.636s] [  0%] Built target std_msgs_generate_messages_eus
[0.636s] [  0%] Built target std_srvs_generate_messages_eus
[0.636s] [  0%] Built target geometry_msgs_generate_messages_lisp
[0.662s] [  0%] Built target geometry_msgs_generate_messages_eus
[0.689s] [  0%] Built target std_msgs_generate_messages_lisp
[0.719s] [  0%] Built target actionlib_msgs_generate_messages_eus
[0.748s] [  0%] Built target actionlib_msgs_generate_messages_lisp
[0.781s] [  0%] Built target std_srvs_generate_messages_lisp
[0.849s] [  0%] Built target _robot_control_msgs_generate_messages_check_deps_robot_ctrl_roslog_cmd
[0.867s] [  0%] Built target geometry_msgs_generate_messages_cpp
[0.893s] [  0%] Built target std_srvs_generate_messages_cpp
[0.927s] [  0%] Built target actionlib_msgs_generate_messages_cpp
[0.975s] [  0%] Built target std_msgs_generate_messages_cpp
[1.095s] [ 18%] Built target robot_control_msgs_generate_messages_nodejs
[1.177s] [ 41%] Built target robot_control_msgs_generate_messages_py
[1.223s] [ 63%] Built target robot_control_msgs_generate_messages_eus
[1.249s] [ 82%] Built target robot_control_msgs_generate_messages_cpp
[1.263s] [100%] Built target robot_control_msgs_generate_messages_lisp
[1.500s] [100%] Built target robot_control_msgs_generate_messages
[1.676s] Invoked command in '/home/handsome/ros_ws_test/build/robot_control_msgs' returned '0': /usr/bin/cmake --build /home/handsome/ros_ws_test/build/robot_control_msgs -- -j12 -l12
[3.030s] Invoking command in '/home/handsome/ros_ws_test/build/robot_control_msgs': /usr/bin/cmake --build /home/handsome/ros_ws_test/build/robot_control_msgs --target tests -- -j12 -l12
[3.418s] [35m[1mScanning dependencies of target tests[0m
[3.531s] Built target tests
[3.661s] Invoked command in '/home/handsome/ros_ws_test/build/robot_control_msgs' returned '0': /usr/bin/cmake --build /home/handsome/ros_ws_test/build/robot_control_msgs --target tests -- -j12 -l12
[5.022s] Invoking command in '/home/handsome/ros_ws_test/build/robot_control_msgs': /usr/bin/cmake --build /home/handsome/ros_ws_test/build/robot_control_msgs --target install -- -j12 -l12
[5.706s] [  0%] Built target actionlib_msgs_generate_messages_nodejs
[5.819s] [  0%] Built target std_srvs_generate_messages_nodejs
[6.015s] [  0%] Built target _robot_control_msgs_generate_messages_check_deps_robot_ctrl_alarmCode_cmd
[6.016s] [  0%] Built target _robot_control_msgs_generate_messages_check_deps_Imu
[6.043s] [  0%] Built target _robot_control_msgs_generate_messages_check_deps_robot_ctrl_alarmHistory
[6.048s] [  0%] Built target _robot_control_msgs_generate_messages_check_deps_robot_ctrl_alarmHistory_cmd
[6.111s] [  0%] Built target geometry_msgs_generate_messages_nodejs
[6.114s] [  0%] Built target _robot_control_msgs_generate_messages_check_deps_robot_ctrl_alarmCode
[6.151s] [  0%] Built target _robot_control_msgs_generate_messages_check_deps_hyc_RobotInfo
[6.198s] [  0%] Built target _robot_control_msgs_generate_messages_check_deps_hyc_heartbeat
[6.204s] [  0%] Built target _robot_control_msgs_generate_messages_check_deps_robot_ctrl_roslog
[6.213s] [  0%] Built target _robot_control_msgs_generate_messages_check_deps_Velocities
[6.219s] [  0%] Built target std_msgs_generate_messages_nodejs
[6.225s] [  0%] Built target _robot_control_msgs_generate_messages_check_deps_PID
[6.358s] [  0%] Built target std_msgs_generate_messages_py
[6.374s] [  0%] Built target std_srvs_generate_messages_py
[6.382s] [  0%] Built target geometry_msgs_generate_messages_py
[6.388s] [  0%] Built target actionlib_msgs_generate_messages_py
[6.462s] [  0%] Built target std_srvs_generate_messages_lisp
[6.465s] [  0%] Built target std_msgs_generate_messages_eus
[6.487s] [  0%] Built target geometry_msgs_generate_messages_eus
[6.494s] [  0%] Built target _robot_control_msgs_generate_messages_check_deps_robot_ctrl_roslog_cmd
[6.498s] [  0%] Built target std_msgs_generate_messages_lisp
[6.511s] [  0%] Built target std_srvs_generate_messages_eus
[6.538s] [  0%] Built target geometry_msgs_generate_messages_lisp
[6.584s] [  0%] Built target actionlib_msgs_generate_messages_eus
[6.633s] [  0%] Built target actionlib_msgs_generate_messages_cpp
[6.644s] [  0%] Built target std_srvs_generate_messages_cpp
[6.663s] [  0%] Built target geometry_msgs_generate_messages_cpp
[6.668s] [  0%] Built target actionlib_msgs_generate_messages_lisp
[6.753s] [ 22%] Built target robot_control_msgs_generate_messages_py
[6.756s] [ 22%] Built target std_msgs_generate_messages_cpp
[6.829s] [ 41%] Built target robot_control_msgs_generate_messages_nodejs
[6.856s] [ 62%] Built target robot_control_msgs_generate_messages_eus
[6.878s] [ 81%] Built target robot_control_msgs_generate_messages_lisp
[7.005s] [100%] Built target robot_control_msgs_generate_messages_cpp
[7.282s] [100%] Built target robot_control_msgs_generate_messages
[7.431s] [36mInstall the project...[0m
[7.467s] -- Install configuration: ""
[7.467s] -- Installing: /home/handsome/ros_ws_test/install/robot_control_msgs/share/robot_control_msgs/msg/robot_ctrl_alarmCode.msg
[7.468s] -- Installing: /home/handsome/ros_ws_test/install/robot_control_msgs/share/robot_control_msgs/msg/robot_ctrl_alarmHistory.msg
[7.468s] -- Installing: /home/handsome/ros_ws_test/install/robot_control_msgs/share/robot_control_msgs/msg/robot_ctrl_roslog.msg
[7.468s] -- Installing: /home/handsome/ros_ws_test/install/robot_control_msgs/share/robot_control_msgs/msg/Imu.msg
[7.468s] -- Installing: /home/handsome/ros_ws_test/install/robot_control_msgs/share/robot_control_msgs/msg/PID.msg
[7.468s] -- Installing: /home/handsome/ros_ws_test/install/robot_control_msgs/share/robot_control_msgs/msg/Velocities.msg
[7.469s] -- Installing: /home/handsome/ros_ws_test/install/robot_control_msgs/share/robot_control_msgs/msg/hyc_RobotInfo.msg
[7.469s] -- Installing: /home/handsome/ros_ws_test/install/robot_control_msgs/share/robot_control_msgs/msg/hyc_heartbeat.msg
[7.469s] -- Installing: /home/handsome/ros_ws_test/install/robot_control_msgs/share/robot_control_msgs/srv/robot_ctrl_alarmCode_cmd.srv
[7.469s] -- Installing: /home/handsome/ros_ws_test/install/robot_control_msgs/share/robot_control_msgs/srv/robot_ctrl_alarmHistory_cmd.srv
[7.469s] -- Installing: /home/handsome/ros_ws_test/install/robot_control_msgs/share/robot_control_msgs/srv/robot_ctrl_roslog_cmd.srv
[7.469s] -- Installing: /home/handsome/ros_ws_test/install/robot_control_msgs/share/robot_control_msgs/cmake/robot_control_msgs-msg-paths.cmake
[7.469s] -- Installing: /home/handsome/ros_ws_test/install/robot_control_msgs/include/robot_control_msgs
[7.469s] -- Installing: /home/handsome/ros_ws_test/install/robot_control_msgs/include/robot_control_msgs/hyc_RobotInfo.h
[7.469s] -- Installing: /home/handsome/ros_ws_test/install/robot_control_msgs/include/robot_control_msgs/robot_ctrl_alarmHistory_cmd.h
[7.470s] -- Installing: /home/handsome/ros_ws_test/install/robot_control_msgs/include/robot_control_msgs/robot_ctrl_roslog_cmd.h
[7.470s] -- Installing: /home/handsome/ros_ws_test/install/robot_control_msgs/include/robot_control_msgs/robot_ctrl_roslog_cmdResponse.h
[7.470s] -- Installing: /home/handsome/ros_ws_test/install/robot_control_msgs/include/robot_control_msgs/robot_ctrl_roslog.h
[7.470s] -- Installing: /home/handsome/ros_ws_test/install/robot_control_msgs/include/robot_control_msgs/robot_ctrl_roslog_cmdRequest.h
[7.471s] -- Installing: /home/handsome/ros_ws_test/install/robot_control_msgs/include/robot_control_msgs/Velocities.h
[7.472s] -- Installing: /home/handsome/ros_ws_test/install/robot_control_msgs/include/robot_control_msgs/hyc_heartbeat.h
[7.472s] -- Installing: /home/handsome/ros_ws_test/install/robot_control_msgs/include/robot_control_msgs/robot_ctrl_alarmHistory_cmdRequest.h
[7.472s] -- Installing: /home/handsome/ros_ws_test/install/robot_control_msgs/include/robot_control_msgs/robot_ctrl_alarmCode_cmd.h
[7.472s] -- Installing: /home/handsome/ros_ws_test/install/robot_control_msgs/include/robot_control_msgs/robot_ctrl_alarmCode_cmdRequest.h
[7.473s] -- Installing: /home/handsome/ros_ws_test/install/robot_control_msgs/include/robot_control_msgs/robot_ctrl_alarmCode_cmdResponse.h
[7.473s] -- Installing: /home/handsome/ros_ws_test/install/robot_control_msgs/include/robot_control_msgs/robot_ctrl_alarmHistory_cmdResponse.h
[7.474s] -- Installing: /home/handsome/ros_ws_test/install/robot_control_msgs/include/robot_control_msgs/PID.h
[7.475s] -- Installing: /home/handsome/ros_ws_test/install/robot_control_msgs/include/robot_control_msgs/Imu.h
[7.475s] -- Installing: /home/handsome/ros_ws_test/install/robot_control_msgs/include/robot_control_msgs/robot_ctrl_alarmCode.h
[7.475s] -- Installing: /home/handsome/ros_ws_test/install/robot_control_msgs/include/robot_control_msgs/robot_ctrl_alarmHistory.h
[7.476s] -- Installing: /home/handsome/ros_ws_test/install/robot_control_msgs/share/roseus/ros/robot_control_msgs
[7.476s] -- Installing: /home/handsome/ros_ws_test/install/robot_control_msgs/share/roseus/ros/robot_control_msgs/msg
[7.477s] -- Installing: /home/handsome/ros_ws_test/install/robot_control_msgs/share/roseus/ros/robot_control_msgs/msg/Velocities.l
[7.478s] -- Installing: /home/handsome/ros_ws_test/install/robot_control_msgs/share/roseus/ros/robot_control_msgs/msg/robot_ctrl_alarmHistory.l
[7.478s] -- Installing: /home/handsome/ros_ws_test/install/robot_control_msgs/share/roseus/ros/robot_control_msgs/msg/robot_ctrl_roslog.l
[7.478s] -- Installing: /home/handsome/ros_ws_test/install/robot_control_msgs/share/roseus/ros/robot_control_msgs/msg/hyc_RobotInfo.l
[7.479s] -- Installing: /home/handsome/ros_ws_test/install/robot_control_msgs/share/roseus/ros/robot_control_msgs/msg/Imu.l
[7.479s] -- Installing: /home/handsome/ros_ws_test/install/robot_control_msgs/share/roseus/ros/robot_control_msgs/msg/hyc_heartbeat.l
[7.480s] -- Installing: /home/handsome/ros_ws_test/install/robot_control_msgs/share/roseus/ros/robot_control_msgs/msg/robot_ctrl_alarmCode.l
[7.480s] -- Installing: /home/handsome/ros_ws_test/install/robot_control_msgs/share/roseus/ros/robot_control_msgs/msg/PID.l
[7.481s] -- Installing: /home/handsome/ros_ws_test/install/robot_control_msgs/share/roseus/ros/robot_control_msgs/manifest.l
[7.481s] -- Installing: /home/handsome/ros_ws_test/install/robot_control_msgs/share/roseus/ros/robot_control_msgs/srv
[7.482s] -- Installing: /home/handsome/ros_ws_test/install/robot_control_msgs/share/roseus/ros/robot_control_msgs/srv/robot_ctrl_alarmCode_cmd.l
[7.482s] -- Installing: /home/handsome/ros_ws_test/install/robot_control_msgs/share/roseus/ros/robot_control_msgs/srv/robot_ctrl_alarmHistory_cmd.l
[7.483s] -- Installing: /home/handsome/ros_ws_test/install/robot_control_msgs/share/roseus/ros/robot_control_msgs/srv/robot_ctrl_roslog_cmd.l
[7.483s] -- Installing: /home/handsome/ros_ws_test/install/robot_control_msgs/share/common-lisp/ros/robot_control_msgs
[7.485s] -- Installing: /home/handsome/ros_ws_test/install/robot_control_msgs/share/common-lisp/ros/robot_control_msgs/msg
[7.485s] -- Installing: /home/handsome/ros_ws_test/install/robot_control_msgs/share/common-lisp/ros/robot_control_msgs/msg/_package_hyc_heartbeat.lisp
[7.485s] -- Installing: /home/handsome/ros_ws_test/install/robot_control_msgs/share/common-lisp/ros/robot_control_msgs/msg/_package_PID.lisp
[7.485s] -- Installing: /home/handsome/ros_ws_test/install/robot_control_msgs/share/common-lisp/ros/robot_control_msgs/msg/Velocities.lisp
[7.486s] -- Installing: /home/handsome/ros_ws_test/install/robot_control_msgs/share/common-lisp/ros/robot_control_msgs/msg/_package_robot_ctrl_alarmHistory.lisp
[7.486s] -- Installing: /home/handsome/ros_ws_test/install/robot_control_msgs/share/common-lisp/ros/robot_control_msgs/msg/hyc_heartbeat.lisp
[7.486s] -- Installing: /home/handsome/ros_ws_test/install/robot_control_msgs/share/common-lisp/ros/robot_control_msgs/msg/_package_Imu.lisp
[7.487s] -- Installing: /home/handsome/ros_ws_test/install/robot_control_msgs/share/common-lisp/ros/robot_control_msgs/msg/robot_control_msgs-msg.asd
[7.487s] -- Installing: /home/handsome/ros_ws_test/install/robot_control_msgs/share/common-lisp/ros/robot_control_msgs/msg/robot_ctrl_alarmHistory.lisp
[7.487s] -- Installing: /home/handsome/ros_ws_test/install/robot_control_msgs/share/common-lisp/ros/robot_control_msgs/msg/_package_Velocities.lisp
[7.490s] -- Installing: /home/handsome/ros_ws_test/install/robot_control_msgs/share/common-lisp/ros/robot_control_msgs/msg/robot_ctrl_roslog.lisp
[7.491s] -- Installing: /home/handsome/ros_ws_test/install/robot_control_msgs/share/common-lisp/ros/robot_control_msgs/msg/_package.lisp
[7.491s] -- Installing: /home/handsome/ros_ws_test/install/robot_control_msgs/share/common-lisp/ros/robot_control_msgs/msg/_package_robot_ctrl_alarmCode.lisp
[7.492s] -- Installing: /home/handsome/ros_ws_test/install/robot_control_msgs/share/common-lisp/ros/robot_control_msgs/msg/hyc_RobotInfo.lisp
[7.493s] -- Installing: /home/handsome/ros_ws_test/install/robot_control_msgs/share/common-lisp/ros/robot_control_msgs/msg/_package_hyc_RobotInfo.lisp
[7.493s] -- Installing: /home/handsome/ros_ws_test/install/robot_control_msgs/share/common-lisp/ros/robot_control_msgs/msg/robot_ctrl_alarmCode.lisp
[7.493s] -- Installing: /home/handsome/ros_ws_test/install/robot_control_msgs/share/common-lisp/ros/robot_control_msgs/msg/_package_robot_ctrl_roslog.lisp
[7.493s] -- Installing: /home/handsome/ros_ws_test/install/robot_control_msgs/share/common-lisp/ros/robot_control_msgs/msg/PID.lisp
[7.493s] -- Installing: /home/handsome/ros_ws_test/install/robot_control_msgs/share/common-lisp/ros/robot_control_msgs/msg/Imu.lisp
[7.493s] -- Installing: /home/handsome/ros_ws_test/install/robot_control_msgs/share/common-lisp/ros/robot_control_msgs/srv
[7.494s] -- Installing: /home/handsome/ros_ws_test/install/robot_control_msgs/share/common-lisp/ros/robot_control_msgs/srv/_package_robot_ctrl_alarmCode_cmd.lisp
[7.494s] -- Installing: /home/handsome/ros_ws_test/install/robot_control_msgs/share/common-lisp/ros/robot_control_msgs/srv/robot_ctrl_roslog_cmd.lisp
[7.494s] -- Installing: /home/handsome/ros_ws_test/install/robot_control_msgs/share/common-lisp/ros/robot_control_msgs/srv/_package.lisp
[7.494s] -- Installing: /home/handsome/ros_ws_test/install/robot_control_msgs/share/common-lisp/ros/robot_control_msgs/srv/_package_robot_ctrl_alarmHistory_cmd.lisp
[7.494s] -- Installing: /home/handsome/ros_ws_test/install/robot_control_msgs/share/common-lisp/ros/robot_control_msgs/srv/robot_ctrl_alarmHistory_cmd.lisp
[7.494s] -- Installing: /home/handsome/ros_ws_test/install/robot_control_msgs/share/common-lisp/ros/robot_control_msgs/srv/robot_control_msgs-srv.asd
[7.495s] -- Installing: /home/handsome/ros_ws_test/install/robot_control_msgs/share/common-lisp/ros/robot_control_msgs/srv/_package_robot_ctrl_roslog_cmd.lisp
[7.495s] -- Installing: /home/handsome/ros_ws_test/install/robot_control_msgs/share/common-lisp/ros/robot_control_msgs/srv/robot_ctrl_alarmCode_cmd.lisp
[7.495s] -- Installing: /home/handsome/ros_ws_test/install/robot_control_msgs/share/gennodejs/ros/robot_control_msgs
[7.496s] -- Installing: /home/handsome/ros_ws_test/install/robot_control_msgs/share/gennodejs/ros/robot_control_msgs/msg
[7.496s] -- Installing: /home/handsome/ros_ws_test/install/robot_control_msgs/share/gennodejs/ros/robot_control_msgs/msg/hyc_RobotInfo.js
[7.496s] -- Installing: /home/handsome/ros_ws_test/install/robot_control_msgs/share/gennodejs/ros/robot_control_msgs/msg/PID.js
[7.496s] -- Installing: /home/handsome/ros_ws_test/install/robot_control_msgs/share/gennodejs/ros/robot_control_msgs/msg/_index.js
[7.496s] -- Installing: /home/handsome/ros_ws_test/install/robot_control_msgs/share/gennodejs/ros/robot_control_msgs/msg/robot_ctrl_alarmHistory.js
[7.496s] -- Installing: /home/handsome/ros_ws_test/install/robot_control_msgs/share/gennodejs/ros/robot_control_msgs/msg/Velocities.js
[7.496s] -- Installing: /home/handsome/ros_ws_test/install/robot_control_msgs/share/gennodejs/ros/robot_control_msgs/msg/Imu.js
[7.496s] -- Installing: /home/handsome/ros_ws_test/install/robot_control_msgs/share/gennodejs/ros/robot_control_msgs/msg/hyc_heartbeat.js
[7.496s] -- Installing: /home/handsome/ros_ws_test/install/robot_control_msgs/share/gennodejs/ros/robot_control_msgs/msg/robot_ctrl_alarmCode.js
[7.497s] -- Installing: /home/handsome/ros_ws_test/install/robot_control_msgs/share/gennodejs/ros/robot_control_msgs/msg/robot_ctrl_roslog.js
[7.497s] -- Installing: /home/handsome/ros_ws_test/install/robot_control_msgs/share/gennodejs/ros/robot_control_msgs/_index.js
[7.497s] -- Installing: /home/handsome/ros_ws_test/install/robot_control_msgs/share/gennodejs/ros/robot_control_msgs/srv
[7.497s] -- Installing: /home/handsome/ros_ws_test/install/robot_control_msgs/share/gennodejs/ros/robot_control_msgs/srv/_index.js
[7.497s] -- Installing: /home/handsome/ros_ws_test/install/robot_control_msgs/share/gennodejs/ros/robot_control_msgs/srv/robot_ctrl_roslog_cmd.js
[7.497s] -- Installing: /home/handsome/ros_ws_test/install/robot_control_msgs/share/gennodejs/ros/robot_control_msgs/srv/robot_ctrl_alarmCode_cmd.js
[7.498s] -- Installing: /home/handsome/ros_ws_test/install/robot_control_msgs/share/gennodejs/ros/robot_control_msgs/srv/robot_ctrl_alarmHistory_cmd.js
[7.713s] Listing /home/handsome/ros_ws_test/build/robot_control_msgs/devel/lib/python2.7/dist-packages/robot_control_msgs ...
[7.713s] Compiling /home/handsome/ros_ws_test/build/robot_control_msgs/devel/lib/python2.7/dist-packages/robot_control_msgs/__init__.py ...
[7.713s] Listing /home/handsome/ros_ws_test/build/robot_control_msgs/devel/lib/python2.7/dist-packages/robot_control_msgs/msg ...
[7.714s] Compiling /home/handsome/ros_ws_test/build/robot_control_msgs/devel/lib/python2.7/dist-packages/robot_control_msgs/msg/_Imu.py ...
[7.714s] Compiling /home/handsome/ros_ws_test/build/robot_control_msgs/devel/lib/python2.7/dist-packages/robot_control_msgs/msg/_PID.py ...
[7.714s] Compiling /home/handsome/ros_ws_test/build/robot_control_msgs/devel/lib/python2.7/dist-packages/robot_control_msgs/msg/_Velocities.py ...
[7.714s] Compiling /home/handsome/ros_ws_test/build/robot_control_msgs/devel/lib/python2.7/dist-packages/robot_control_msgs/msg/__init__.py ...
[7.714s] Compiling /home/handsome/ros_ws_test/build/robot_control_msgs/devel/lib/python2.7/dist-packages/robot_control_msgs/msg/_hyc_RobotInfo.py ...
[7.715s] Compiling /home/handsome/ros_ws_test/build/robot_control_msgs/devel/lib/python2.7/dist-packages/robot_control_msgs/msg/_hyc_heartbeat.py ...
[7.715s] Compiling /home/handsome/ros_ws_test/build/robot_control_msgs/devel/lib/python2.7/dist-packages/robot_control_msgs/msg/_robot_ctrl_alarmCode.py ...
[7.715s] Compiling /home/handsome/ros_ws_test/build/robot_control_msgs/devel/lib/python2.7/dist-packages/robot_control_msgs/msg/_robot_ctrl_alarmHistory.py ...
[7.715s] Compiling /home/handsome/ros_ws_test/build/robot_control_msgs/devel/lib/python2.7/dist-packages/robot_control_msgs/msg/_robot_ctrl_roslog.py ...
[7.715s] Listing /home/handsome/ros_ws_test/build/robot_control_msgs/devel/lib/python2.7/dist-packages/robot_control_msgs/srv ...
[7.715s] Compiling /home/handsome/ros_ws_test/build/robot_control_msgs/devel/lib/python2.7/dist-packages/robot_control_msgs/srv/__init__.py ...
[7.715s] Compiling /home/handsome/ros_ws_test/build/robot_control_msgs/devel/lib/python2.7/dist-packages/robot_control_msgs/srv/_robot_ctrl_alarmCode_cmd.py ...
[7.715s] Compiling /home/handsome/ros_ws_test/build/robot_control_msgs/devel/lib/python2.7/dist-packages/robot_control_msgs/srv/_robot_ctrl_alarmHistory_cmd.py ...
[7.716s] Compiling /home/handsome/ros_ws_test/build/robot_control_msgs/devel/lib/python2.7/dist-packages/robot_control_msgs/srv/_robot_ctrl_roslog_cmd.py ...
[7.717s] -- Installing: /home/handsome/ros_ws_test/install/robot_control_msgs/lib/python2.7/dist-packages/robot_control_msgs
[7.717s] -- Installing: /home/handsome/ros_ws_test/install/robot_control_msgs/lib/python2.7/dist-packages/robot_control_msgs/msg
[7.718s] -- Installing: /home/handsome/ros_ws_test/install/robot_control_msgs/lib/python2.7/dist-packages/robot_control_msgs/msg/_Imu.pyc
[7.718s] -- Installing: /home/handsome/ros_ws_test/install/robot_control_msgs/lib/python2.7/dist-packages/robot_control_msgs/msg/_PID.py
[7.718s] -- Installing: /home/handsome/ros_ws_test/install/robot_control_msgs/lib/python2.7/dist-packages/robot_control_msgs/msg/_robot_ctrl_alarmCode.py
[7.718s] -- Installing: /home/handsome/ros_ws_test/install/robot_control_msgs/lib/python2.7/dist-packages/robot_control_msgs/msg/_robot_ctrl_roslog.pyc
[7.719s] -- Installing: /home/handsome/ros_ws_test/install/robot_control_msgs/lib/python2.7/dist-packages/robot_control_msgs/msg/__init__.py
[7.719s] -- Installing: /home/handsome/ros_ws_test/install/robot_control_msgs/lib/python2.7/dist-packages/robot_control_msgs/msg/_PID.pyc
[7.720s] -- Installing: /home/handsome/ros_ws_test/install/robot_control_msgs/lib/python2.7/dist-packages/robot_control_msgs/msg/_hyc_heartbeat.pyc
[7.720s] -- Installing: /home/handsome/ros_ws_test/install/robot_control_msgs/lib/python2.7/dist-packages/robot_control_msgs/msg/_hyc_heartbeat.py
[7.721s] -- Installing: /home/handsome/ros_ws_test/install/robot_control_msgs/lib/python2.7/dist-packages/robot_control_msgs/msg/_robot_ctrl_alarmHistory.py
[7.721s] -- Installing: /home/handsome/ros_ws_test/install/robot_control_msgs/lib/python2.7/dist-packages/robot_control_msgs/msg/_Velocities.pyc
[7.721s] -- Installing: /home/handsome/ros_ws_test/install/robot_control_msgs/lib/python2.7/dist-packages/robot_control_msgs/msg/_Imu.py
[7.721s] -- Installing: /home/handsome/ros_ws_test/install/robot_control_msgs/lib/python2.7/dist-packages/robot_control_msgs/msg/_robot_ctrl_alarmHistory.pyc
[7.721s] -- Installing: /home/handsome/ros_ws_test/install/robot_control_msgs/lib/python2.7/dist-packages/robot_control_msgs/msg/_robot_ctrl_alarmCode.pyc
[7.721s] -- Installing: /home/handsome/ros_ws_test/install/robot_control_msgs/lib/python2.7/dist-packages/robot_control_msgs/msg/_robot_ctrl_roslog.py
[7.722s] -- Installing: /home/handsome/ros_ws_test/install/robot_control_msgs/lib/python2.7/dist-packages/robot_control_msgs/msg/__init__.pyc
[7.722s] -- Installing: /home/handsome/ros_ws_test/install/robot_control_msgs/lib/python2.7/dist-packages/robot_control_msgs/msg/_hyc_RobotInfo.pyc
[7.722s] -- Installing: /home/handsome/ros_ws_test/install/robot_control_msgs/lib/python2.7/dist-packages/robot_control_msgs/msg/_hyc_RobotInfo.py
[7.723s] -- Installing: /home/handsome/ros_ws_test/install/robot_control_msgs/lib/python2.7/dist-packages/robot_control_msgs/msg/_Velocities.py
[7.724s] -- Installing: /home/handsome/ros_ws_test/install/robot_control_msgs/lib/python2.7/dist-packages/robot_control_msgs/__init__.py
[7.724s] -- Installing: /home/handsome/ros_ws_test/install/robot_control_msgs/lib/python2.7/dist-packages/robot_control_msgs/srv
[7.724s] -- Installing: /home/handsome/ros_ws_test/install/robot_control_msgs/lib/python2.7/dist-packages/robot_control_msgs/srv/_robot_ctrl_roslog_cmd.pyc
[7.724s] -- Installing: /home/handsome/ros_ws_test/install/robot_control_msgs/lib/python2.7/dist-packages/robot_control_msgs/srv/__init__.py
[7.724s] -- Installing: /home/handsome/ros_ws_test/install/robot_control_msgs/lib/python2.7/dist-packages/robot_control_msgs/srv/_robot_ctrl_alarmHistory_cmd.pyc
[7.724s] -- Installing: /home/handsome/ros_ws_test/install/robot_control_msgs/lib/python2.7/dist-packages/robot_control_msgs/srv/_robot_ctrl_alarmHistory_cmd.py
[7.724s] -- Installing: /home/handsome/ros_ws_test/install/robot_control_msgs/lib/python2.7/dist-packages/robot_control_msgs/srv/_robot_ctrl_alarmCode_cmd.pyc
[7.724s] -- Installing: /home/handsome/ros_ws_test/install/robot_control_msgs/lib/python2.7/dist-packages/robot_control_msgs/srv/_robot_ctrl_roslog_cmd.py
[7.724s] -- Installing: /home/handsome/ros_ws_test/install/robot_control_msgs/lib/python2.7/dist-packages/robot_control_msgs/srv/__init__.pyc
[7.725s] -- Installing: /home/handsome/ros_ws_test/install/robot_control_msgs/lib/python2.7/dist-packages/robot_control_msgs/srv/_robot_ctrl_alarmCode_cmd.py
[7.725s] -- Installing: /home/handsome/ros_ws_test/install/robot_control_msgs/lib/python2.7/dist-packages/robot_control_msgs/__init__.pyc
[7.725s] -- Installing: /home/handsome/ros_ws_test/install/robot_control_msgs/lib/pkgconfig/robot_control_msgs.pc
[7.727s] -- Installing: /home/handsome/ros_ws_test/install/robot_control_msgs/share/robot_control_msgs/cmake/robot_control_msgs-msg-extras.cmake
[7.727s] -- Installing: /home/handsome/ros_ws_test/install/robot_control_msgs/share/robot_control_msgs/cmake/robot_control_msgsConfig.cmake
[7.727s] -- Installing: /home/handsome/ros_ws_test/install/robot_control_msgs/share/robot_control_msgs/cmake/robot_control_msgsConfig-version.cmake
[7.727s] -- Installing: /home/handsome/ros_ws_test/install/robot_control_msgs/share/robot_control_msgs/package.xml
[7.743s] Invoked command in '/home/handsome/ros_ws_test/build/robot_control_msgs' returned '0': /usr/bin/cmake --build /home/handsome/ros_ws_test/build/robot_control_msgs --target install -- -j12 -l12
