-- The C compiler identification is GNU 7.5.0
-- The CXX compiler identification is GNU 7.5.0
-- Check for working C compiler: /usr/bin/cc
-- Check for working C compiler: /usr/bin/cc -- works
-- Detecting C compiler ABI info
-- Detecting C compiler ABI info - done
-- Detecting C compile features
-- Detecting C compile features - done
-- Check for working CXX compiler: /usr/bin/c++
-- Check for working CXX compiler: /usr/bin/c++ -- works
-- Detecting CXX compiler ABI info
-- Detecting CXX compiler ABI info - done
-- Detecting CXX compile features
-- Detecting CXX compile features - done
-- Using CATKIN_DEVEL_PREFIX: /home/handsome/ros_ws_test/build/pnp_msgs/devel
-- Using CMAKE_PREFIX_PATH: /home/handsome/ros_ws/install/yocs_cmd_vel_mux;/home/handsome/ros_ws/install/urdf_tutorial;/home/handsome/ros_ws/install/tuw_waypoint_to_spline_msgs;/home/handsome/ros_ws/install/tuw_multi_robot_router;/home/handsome/ros_ws/install/tuw_voronoi_graph;/home/handsome/ros_ws/install/tuw_vehicle_msgs;/home/handsome/ros_ws/install/tuw_order_planner;/home/handsome/ros_ws/install/tuw_object_rviz;/home/handsome/ros_ws/install/tuw_object_msgs;/home/handsome/ros_ws/install/tuw_nav_rviz;/home/handsome/ros_ws/install/tuw_multi_robot_local_behavior_controller;/home/handsome/ros_ws/install/tuw_multi_robot_ctrl;/home/handsome/ros_ws/install/tuw_nav_msgs;/home/handsome/ros_ws/install/tuw_multi_robot_rviz;/home/handsome/ros_ws/install/tuw_multi_robot_goal_generator;/home/handsome/ros_ws/install/robot_scheduling_utility;/home/handsome/ros_ws/install/robot_scheduling_actions;/home/handsome/ros_ws/install/actionlib_modules_bridge;/home/handsome/ros_ws/install/tuw_multi_robot_msgs;/home/handsome/ros_ws/install/tuw_multi_robot_demo;/home/handsome/ros_ws/install/tuw_local_controller_msgs;/home/handsome/ros_ws/install/tuw_geometry_rviz;/home/handsome/ros_ws/install/tuw_geometry_msgs;/home/handsome/ros_ws/install/tuw_geometry;/home/handsome/ros_ws/install/tuw_gazebo_msgs;/home/handsome/ros_ws/install/tuw_control;/home/handsome/ros_ws/install/tuw_airskin_msgs;/home/handsome/ros_ws/install/turtlebot_teleop;/home/handsome/ros_ws/install/tug_example_pnp_server;/home/handsome/ros_ws/install/tug_example_actions;/home/handsome/ros_ws/install/tug_example_msgs;/home/handsome/ros_ws/install/timed_roslaunch;/home/handsome/ros_ws/install/teb2_local_planner;/home/handsome/ros_ws/install/stated_roslaunch;/home/handsome/ros_ws/install/spatio_temporal_voxel_layer;/home/handsome/ros_ws/install/robot_udp_bridge;/home/handsome/ros_ws/install/robot_database_bridge;/home/handsome/ros_ws/install/samsungcmd_msgs;/home/handsome/ros_ws/install/rplidar_ros;/home/handsome/ros_ws/install/rp_action;/home/handsome/ros_ws/install/rp_action_msgs;/home/handsome/ros_ws/install/rosserial_xbee;/home/handsome/ros_ws/install/rosserial_windows;/home/handsome/ros_ws/install/rosserial_tivac;/home/handsome/ros_ws/install/rosserial_test;/home/handsome/ros_ws/install/rosserial_server;/home/handsome/ros_ws/install/rosserial_python;/home/handsome/ros_ws/install/rosserial_mbed;/home/handsome/ros_ws/install/rosserial_embeddedlinux;/home/handsome/ros_ws/install/rosserial_arduino;/home/handsome/ros_ws/install/rosserial_client;/home/handsome/ros_ws/install/rosserial_msgs;/home/handsome/ros_ws/install/cellctrl_qtgui_bridge;/home/handsome/ros_ws/install/car_db_manager_qtgui;/home/handsome/ros_ws/install/car_db_manager_bridge;/home/handsome/ros_ws/install/car_db_manager_action;/home/handsome/ros_ws/install/ros_utility_tools;/home/handsome/ros_ws/install/ros_package_test;/home/handsome/ros_ws/install/ros_package_manager;/home/handsome/ros_ws/install/robot_scheduling_server;/home/handsome/ros_ws/install/robot_scheduling_msgs;/home/handsome/ros_ws/install/robot_localization;/home/handsome/ros_ws/install/robot_control_msgs;/home/handsome/ros_ws/install/reset_location;/home/handsome/ros_ws/install/razor_imu_9dof;/home/handsome/ros_ws/install/pnp_rosplan;/home/handsome/ros_ws/install/actionlib_pnp_controller;/home/handsome/ros_ws/install/actionlib_modules_controller;/home/handsome/ros_ws/install/pnp_ros;/home/handsome/ros_ws/install/pnp_msgs;/home/handsome/ros_ws/install/open_auto_dock;/home/handsome/ros_ws/install/open_auto_dock_msgs;/home/handsome/ros_ws/install/omron_os32c_driver;/home/handsome/ros_ws/install/dlux_plugins;/home/handsome/ros_ws/install/dlux_global_planner;/home/handsome/ros_ws/install/nav_grid_pub_sub;/home/handsome/ros_ws/install/dwb_critics;/home/handsome/ros_ws/install/nav_grid_iterators;/home/handsome/ros_ws/install/locomove_base;/home/handsome/ros_ws/install/locomotor;/home/handsome/ros_ws/install/nav_core_adapter;/home/handsome/ros_ws/install/dwb_plugins;/home/handsome/ros_ws/install/dwb_local_planner;/home/handsome/ros_ws/install/nav_2d_utils;/home/handsome/ros_ws/install/global_planner_tests;/home/handsome/ros_ws/install/costmap_queue;/home/handsome/ros_ws/install/nav_core2;/home/handsome/ros_ws/install/nav_grid;/home/handsome/ros_ws/install/car_schedule_msgs;/home/handsome/ros_ws/install/actionlib_modules_msgs;/home/handsome/ros_ws/install/locomotor_msgs;/home/handsome/ros_ws/install/dwb_msgs;/home/handsome/ros_ws/install/nav_2d_msgs;/home/handsome/ros_ws/install/mongodb_log;/home/handsome/ros_ws/install/mongodb_store;/home/handsome/ros_ws/install/mongodb_store_msgs;/home/handsome/ros_ws/install/ca_driver;/home/handsome/ros_ws/install/libcreate;/home/handsome/ros_ws/install/i_robot_stage;/home/handsome/ros_ws/install/i_robot_navigation;/home/handsome/ros_ws/install/hyc_order_planner;/home/handsome/ros_ws/install/hyc_multi_robot_msgs;/home/handsome/ros_ws/install/fetch_open_auto_dock;/home/handsome/ros_ws/install/fetch_auto_dock_msgs;/home/handsome/ros_ws/install/change_teb2_max_vel_x_onfly;/home/handsome/ros_ws/install/cellctrl_control_msgs;/home/handsome/ros_ws/install/car_db_manager_msgs;/home/handsome/ros_ws/install/ca_msgs;/home/handsome/ros_ws/install/ca_description;/home/handsome/ros_ws/install/botcmd_msgs;/opt/ros/melodic
-- This workspace overlays: /home/handsome/ros_ws/install/yocs_cmd_vel_mux;/home/handsome/ros_ws/install/urdf_tutorial;/home/handsome/ros_ws/install/tuw_waypoint_to_spline_msgs;/home/handsome/ros_ws/install/tuw_multi_robot_router;/home/handsome/ros_ws/install/tuw_voronoi_graph;/home/handsome/ros_ws/install/tuw_vehicle_msgs;/home/handsome/ros_ws/install/tuw_order_planner;/home/handsome/ros_ws/install/tuw_object_rviz;/home/handsome/ros_ws/install/tuw_object_msgs;/home/handsome/ros_ws/install/tuw_nav_rviz;/home/handsome/ros_ws/install/tuw_multi_robot_local_behavior_controller;/home/handsome/ros_ws/install/tuw_multi_robot_ctrl;/home/handsome/ros_ws/install/tuw_nav_msgs;/home/handsome/ros_ws/install/tuw_multi_robot_rviz;/home/handsome/ros_ws/install/tuw_multi_robot_goal_generator;/home/handsome/ros_ws/install/robot_scheduling_utility;/home/handsome/ros_ws/install/robot_scheduling_actions;/home/handsome/ros_ws/install/actionlib_modules_bridge;/home/handsome/ros_ws/install/tuw_multi_robot_msgs;/home/handsome/ros_ws/install/tuw_multi_robot_demo;/home/handsome/ros_ws/install/tuw_local_controller_msgs;/home/handsome/ros_ws/install/tuw_geometry_rviz;/home/handsome/ros_ws/install/tuw_geometry_msgs;/home/handsome/ros_ws/install/tuw_geometry;/home/handsome/ros_ws/install/tuw_gazebo_msgs;/home/handsome/ros_ws/install/tuw_control;/home/handsome/ros_ws/install/tuw_airskin_msgs;/home/handsome/ros_ws/install/turtlebot_teleop;/home/handsome/ros_ws/install/tug_example_pnp_server;/home/handsome/ros_ws/install/tug_example_actions;/home/handsome/ros_ws/install/tug_example_msgs;/home/handsome/ros_ws/install/timed_roslaunch;/home/handsome/ros_ws/install/teb2_local_planner;/home/handsome/ros_ws/install/stated_roslaunch;/home/handsome/ros_ws/install/spatio_temporal_voxel_layer;/home/handsome/ros_ws/install/robot_udp_bridge;/home/handsome/ros_ws/install/robot_database_bridge;/home/handsome/ros_ws/install/samsungcmd_msgs;/home/handsome/ros_ws/install/rplidar_ros;/home/handsome/ros_ws/install/rp_action;/home/handsome/ros_ws/install/rp_action_msgs;/home/handsome/ros_ws/install/rosserial_xbee;/home/handsome/ros_ws/install/rosserial_windows;/home/handsome/ros_ws/install/rosserial_tivac;/home/handsome/ros_ws/install/rosserial_test;/home/handsome/ros_ws/install/rosserial_server;/home/handsome/ros_ws/install/rosserial_python;/home/handsome/ros_ws/install/rosserial_mbed;/home/handsome/ros_ws/install/rosserial_embeddedlinux;/home/handsome/ros_ws/install/rosserial_arduino;/home/handsome/ros_ws/install/rosserial_client;/home/handsome/ros_ws/install/rosserial_msgs;/home/handsome/ros_ws/install/cellctrl_qtgui_bridge;/home/handsome/ros_ws/install/car_db_manager_qtgui;/home/handsome/ros_ws/install/car_db_manager_bridge;/home/handsome/ros_ws/install/car_db_manager_action;/home/handsome/ros_ws/install/ros_utility_tools;/home/handsome/ros_ws/install/ros_package_test;/home/handsome/ros_ws/install/ros_package_manager;/home/handsome/ros_ws/install/robot_scheduling_server;/home/handsome/ros_ws/install/robot_scheduling_msgs;/home/handsome/ros_ws/install/robot_localization;/home/handsome/ros_ws/install/robot_control_msgs;/home/handsome/ros_ws/install/reset_location;/home/handsome/ros_ws/install/razor_imu_9dof;/home/handsome/ros_ws/install/pnp_rosplan;/home/handsome/ros_ws/install/actionlib_pnp_controller;/home/handsome/ros_ws/install/actionlib_modules_controller;/home/handsome/ros_ws/install/pnp_ros;/home/handsome/ros_ws/install/pnp_msgs;/home/handsome/ros_ws/install/open_auto_dock;/home/handsome/ros_ws/install/open_auto_dock_msgs;/home/handsome/ros_ws/install/omron_os32c_driver;/home/handsome/ros_ws/install/dlux_plugins;/home/handsome/ros_ws/install/dlux_global_planner;/home/handsome/ros_ws/install/nav_grid_pub_sub;/home/handsome/ros_ws/install/dwb_critics;/home/handsome/ros_ws/install/nav_grid_iterators;/home/handsome/ros_ws/install/locomove_base;/home/handsome/ros_ws/install/locomotor;/home/handsome/ros_ws/install/nav_core_adapter;/home/handsome/ros_ws/install/dwb_plugins;/home/handsome/ros_ws/install/dwb_local_planner;/home/handsome/ros_ws/install/nav_2d_utils;/home/handsome/ros_ws/install/global_planner_tests;/home/handsome/ros_ws/install/costmap_queue;/home/handsome/ros_ws/install/nav_core2;/home/handsome/ros_ws/install/nav_grid;/home/handsome/ros_ws/install/car_schedule_msgs;/home/handsome/ros_ws/install/actionlib_modules_msgs;/home/handsome/ros_ws/install/locomotor_msgs;/home/handsome/ros_ws/install/dwb_msgs;/home/handsome/ros_ws/install/nav_2d_msgs;/home/handsome/ros_ws/install/mongodb_log;/home/handsome/ros_ws/install/mongodb_store;/home/handsome/ros_ws/install/mongodb_store_msgs;/home/handsome/ros_ws/install/ca_driver;/home/handsome/ros_ws/install/i_robot_stage;/home/handsome/ros_ws/install/i_robot_navigation;/home/handsome/ros_ws/install/hyc_order_planner;/home/handsome/ros_ws/install/hyc_multi_robot_msgs;/home/handsome/ros_ws/install/fetch_open_auto_dock;/home/handsome/ros_ws/install/fetch_auto_dock_msgs;/home/handsome/ros_ws/install/change_teb2_max_vel_x_onfly;/home/handsome/ros_ws/install/cellctrl_control_msgs;/home/handsome/ros_ws/install/car_db_manager_msgs;/home/handsome/ros_ws/install/ca_msgs;/home/handsome/ros_ws/install/ca_description;/home/handsome/ros_ws/install/botcmd_msgs;/opt/ros/melodic
-- Found PythonInterp: /usr/bin/python2 (found suitable version "2.7.17", minimum required is "2") 
-- Using PYTHON_EXECUTABLE: /usr/bin/python2
-- Using Debian Python package layout
-- Using empy: /usr/bin/empy
-- Using CATKIN_ENABLE_TESTING: ON
-- Call enable_testing()
-- Using CATKIN_TEST_RESULTS_DIR: /home/handsome/ros_ws_test/build/pnp_msgs/test_results
-- Found gtest sources under '/usr/src/googletest': gtests will be built
-- Found gmock sources under '/usr/src/googletest': gmock will be built
-- Found PythonInterp: /usr/bin/python2 (found version "2.7.17") 
-- Looking for pthread.h
-- Looking for pthread.h - found
-- Looking for pthread_create
-- Looking for pthread_create - not found
-- Looking for pthread_create in pthreads
-- Looking for pthread_create in pthreads - not found
-- Looking for pthread_create in pthread
-- Looking for pthread_create in pthread - found
-- Found Threads: TRUE  
-- Using Python nosetests: /usr/bin/nosetests-2.7
-- catkin 0.7.28
-- BUILD_SHARED_LIBS is on
-- Using these message generators: gencpp;geneus;genlisp;gennodejs;genpy
-- Generating .msg files for action pnp_msgs/PNP /home/handsome/ros_ws_test/src/ros_base/PNPros/ROS_bridge/pnp_msgs/action/PNP.action
Generating for action PNP
-- pnp_msgs: 9 messages, 6 services
-- Configuring done
-- Generating done
-- Build files have been written to: /home/handsome/ros_ws_test/build/pnp_msgs
[35m[1mScanning dependencies of target _pnp_msgs_generate_messages_check_deps_PNPAction[0m
[35m[1mScanning dependencies of target _pnp_msgs_generate_messages_check_deps_PNPLastEvent[0m
[35m[1mScanning dependencies of target _pnp_msgs_generate_messages_check_deps_PNPReward[0m
[35m[1mScanning dependencies of target _pnp_msgs_generate_messages_check_deps_PNPSetVariableValue[0m
[35m[1mScanning dependencies of target _pnp_msgs_generate_messages_check_deps_PNPCondition[0m
[35m[1mScanning dependencies of target _pnp_msgs_generate_messages_check_deps_PNPGetVariableValue[0m
[35m[1mScanning dependencies of target _pnp_msgs_generate_messages_check_deps_PNPResult[0m
[35m[1mScanning dependencies of target _pnp_msgs_generate_messages_check_deps_PNPClearBuffer[0m
[35m[1mScanning dependencies of target _pnp_msgs_generate_messages_check_deps_ActionFinished[0m
[35m[1mScanning dependencies of target _pnp_msgs_generate_messages_check_deps_Action[0m
[35m[1mScanning dependencies of target _pnp_msgs_generate_messages_check_deps_PNPGoal[0m
[35m[1mScanning dependencies of target _pnp_msgs_generate_messages_check_deps_PNPActionFeedback[0m
[  0%] Built target _pnp_msgs_generate_messages_check_deps_PNPAction
[35m[1mScanning dependencies of target _pnp_msgs_generate_messages_check_deps_PNPActionGoal[0m
[  0%] Built target _pnp_msgs_generate_messages_check_deps_PNPCondition
[  0%] Built target _pnp_msgs_generate_messages_check_deps_PNPResult
[  0%] Built target _pnp_msgs_generate_messages_check_deps_PNPReward
[  0%] Built target _pnp_msgs_generate_messages_check_deps_ActionFinished
[  0%] Built target _pnp_msgs_generate_messages_check_deps_PNPGoal
[  0%] Built target _pnp_msgs_generate_messages_check_deps_PNPActionFeedback
[  0%] Built target _pnp_msgs_generate_messages_check_deps_PNPGetVariableValue
[  0%] Built target _pnp_msgs_generate_messages_check_deps_PNPLastEvent
[35m[1mScanning dependencies of target _pnp_msgs_generate_messages_check_deps_PNPFeedback[0m
[  0%] Built target _pnp_msgs_generate_messages_check_deps_Action
[  0%] Built target _pnp_msgs_generate_messages_check_deps_PNPClearBuffer
[  0%] Built target _pnp_msgs_generate_messages_check_deps_PNPSetVariableValue
[35m[1mScanning dependencies of target actionlib_msgs_generate_messages_cpp[0m
[35m[1mScanning dependencies of target actionlib_msgs_generate_messages_eus[0m
[35m[1mScanning dependencies of target _pnp_msgs_generate_messages_check_deps_PNPActionResult[0m
[35m[1mScanning dependencies of target actionlib_msgs_generate_messages_lisp[0m
[35m[1mScanning dependencies of target actionlib_msgs_generate_messages_py[0m
[35m[1mScanning dependencies of target actionlib_msgs_generate_messages_nodejs[0m
[  0%] Built target actionlib_msgs_generate_messages_py
[  0%] Built target actionlib_msgs_generate_messages_lisp
[  0%] Built target actionlib_msgs_generate_messages_eus
[  0%] Built target actionlib_msgs_generate_messages_nodejs
[  0%] Built target actionlib_msgs_generate_messages_cpp
[  0%] Built target _pnp_msgs_generate_messages_check_deps_PNPActionGoal
[  0%] Built target _pnp_msgs_generate_messages_check_deps_PNPFeedback
[  0%] Built target _pnp_msgs_generate_messages_check_deps_PNPActionResult
[35m[1mScanning dependencies of target pnp_msgs_generate_messages_cpp[0m
[35m[1mScanning dependencies of target pnp_msgs_generate_messages_nodejs[0m
[35m[1mScanning dependencies of target pnp_msgs_generate_messages_eus[0m
[35m[1mScanning dependencies of target pnp_msgs_generate_messages_lisp[0m
[  1%] [34m[1mGenerating C++ code from pnp_msgs/ActionFinished.msg[0m
[35m[1mScanning dependencies of target pnp_msgs_generate_messages_py[0m
[  2%] [34m[1mGenerating C++ code from pnp_msgs/PNPFeedback.msg[0m
[  3%] [34m[1mGenerating C++ code from pnp_msgs/PNPGoal.msg[0m
[  5%] [34m[1mGenerating C++ code from pnp_msgs/PNPActionGoal.msg[0m
[  6%] [34m[1mGenerating C++ code from pnp_msgs/PNPAction.msg[0m
[  7%] [34m[1mGenerating C++ code from pnp_msgs/PNPResult.msg[0m
[  8%] [34m[1mGenerating C++ code from pnp_msgs/Action.msg[0m
[ 10%] [34m[1mGenerating Javascript code from pnp_msgs/ActionFinished.msg[0m
[ 11%] [34m[1mGenerating C++ code from pnp_msgs/PNPActionResult.msg[0m
[ 12%] [34m[1mGenerating Lisp code from pnp_msgs/ActionFinished.msg[0m
[ 14%] [34m[1mGenerating Python from MSG pnp_msgs/ActionFinished[0m
[ 15%] [34m[1mGenerating EusLisp code from pnp_msgs/ActionFinished.msg[0m
[ 16%] [34m[1mGenerating Javascript code from pnp_msgs/PNPGoal.msg[0m
[ 17%] [34m[1mGenerating Lisp code from pnp_msgs/PNPGoal.msg[0m
[ 19%] [34m[1mGenerating C++ code from pnp_msgs/PNPActionFeedback.msg[0m
[ 20%] [34m[1mGenerating EusLisp code from pnp_msgs/PNPGoal.msg[0m
[ 21%] [34m[1mGenerating Python from MSG pnp_msgs/PNPGoal[0m
[ 23%] [34m[1mGenerating Lisp code from pnp_msgs/PNPFeedback.msg[0m
[ 24%] [34m[1mGenerating Javascript code from pnp_msgs/PNPFeedback.msg[0m
[ 25%] [34m[1mGenerating Python from MSG pnp_msgs/PNPFeedback[0m
[ 26%] [34m[1mGenerating Lisp code from pnp_msgs/PNPResult.msg[0m
[ 28%] [34m[1mGenerating Python from MSG pnp_msgs/PNPResult[0m
[ 29%] [34m[1mGenerating C++ code from pnp_msgs/PNPSetVariableValue.srv[0m
[ 30%] [34m[1mGenerating C++ code from pnp_msgs/PNPGetVariableValue.srv[0m
[ 32%] [34m[1mGenerating EusLisp code from pnp_msgs/PNPFeedback.msg[0m
[ 33%] [34m[1mGenerating C++ code from pnp_msgs/PNPReward.srv[0m
[ 34%] [34m[1mGenerating Lisp code from pnp_msgs/PNPActionGoal.msg[0m
[ 35%] [34m[1mGenerating Javascript code from pnp_msgs/PNPResult.msg[0m
[ 37%] [34m[1mGenerating EusLisp code from pnp_msgs/PNPResult.msg[0m
[ 38%] [34m[1mGenerating Lisp code from pnp_msgs/PNPAction.msg[0m
[ 39%] [34m[1mGenerating Javascript code from pnp_msgs/PNPActionGoal.msg[0m
[ 41%] [34m[1mGenerating Python from MSG pnp_msgs/PNPAction[0m
[ 42%] [34m[1mGenerating Lisp code from pnp_msgs/PNPActionResult.msg[0m
[ 43%] [34m[1mGenerating Javascript code from pnp_msgs/PNPAction.msg[0m
[ 44%] [34m[1mGenerating EusLisp code from pnp_msgs/PNPActionGoal.msg[0m
[ 46%] [34m[1mGenerating C++ code from pnp_msgs/PNPClearBuffer.srv[0m
[ 47%] [34m[1mGenerating Javascript code from pnp_msgs/PNPActionResult.msg[0m
[ 48%] [34m[1mGenerating Lisp code from pnp_msgs/Action.msg[0m
[ 50%] [34m[1mGenerating Python from MSG pnp_msgs/PNPActionResult[0m
[ 51%] [34m[1mGenerating EusLisp code from pnp_msgs/PNPActionResult.msg[0m
[ 52%] [34m[1mGenerating Javascript code from pnp_msgs/Action.msg[0m
[ 53%] [34m[1mGenerating Lisp code from pnp_msgs/PNPActionFeedback.msg[0m
[ 55%] [34m[1mGenerating Python from MSG pnp_msgs/Action[0m
[ 56%] [34m[1mGenerating Javascript code from pnp_msgs/PNPActionFeedback.msg[0m
[ 57%] [34m[1mGenerating EusLisp code from pnp_msgs/Action.msg[0m
[ 58%] [34m[1mGenerating Lisp code from pnp_msgs/PNPSetVariableValue.srv[0m
[ 60%] [34m[1mGenerating Javascript code from pnp_msgs/PNPSetVariableValue.srv[0m
[ 61%] [34m[1mGenerating C++ code from pnp_msgs/PNPLastEvent.srv[0m
[ 62%] [34m[1mGenerating Python code from SRV pnp_msgs/PNPSetVariableValue[0m
[ 64%] [34m[1mGenerating EusLisp code from pnp_msgs/PNPActionFeedback.msg[0m
[ 65%] [34m[1mGenerating Javascript code from pnp_msgs/PNPGetVariableValue.srv[0m
[ 66%] [34m[1mGenerating Lisp code from pnp_msgs/PNPGetVariableValue.srv[0m
[ 67%] [34m[1mGenerating Python from MSG pnp_msgs/PNPActionFeedback[0m
[ 69%] [34m[1mGenerating Javascript code from pnp_msgs/PNPReward.srv[0m
[ 70%] [34m[1mGenerating Lisp code from pnp_msgs/PNPReward.srv[0m
[ 71%] [34m[1mGenerating EusLisp code from pnp_msgs/PNPSetVariableValue.srv[0m
[ 73%] [34m[1mGenerating Javascript code from pnp_msgs/PNPCondition.srv[0m
[ 74%] [34m[1mGenerating Lisp code from pnp_msgs/PNPCondition.srv[0m
[ 75%] [34m[1mGenerating C++ code from pnp_msgs/PNPCondition.srv[0m
[ 76%] [34m[1mGenerating EusLisp code from pnp_msgs/PNPCondition.srv[0m
[ 78%] [34m[1mGenerating Python code from SRV pnp_msgs/PNPGetVariableValue[0m
[ 79%] [34m[1mGenerating Lisp code from pnp_msgs/PNPLastEvent.srv[0m
[ 80%] [34m[1mGenerating Javascript code from pnp_msgs/PNPClearBuffer.srv[0m
[ 82%] [34m[1mGenerating EusLisp code from pnp_msgs/PNPReward.srv[0m
[ 83%] [34m[1mGenerating Lisp code from pnp_msgs/PNPClearBuffer.srv[0m
[ 84%] [34m[1mGenerating Python code from SRV pnp_msgs/PNPCondition[0m
[ 85%] [34m[1mGenerating Javascript code from pnp_msgs/PNPLastEvent.srv[0m
[ 85%] Built target pnp_msgs_generate_messages_cpp
[ 85%] Built target pnp_msgs_generate_messages_lisp
[ 87%] [34m[1mGenerating EusLisp code from pnp_msgs/PNPClearBuffer.srv[0m
[ 87%] Built target pnp_msgs_generate_messages_nodejs
[ 88%] [34m[1mGenerating Python code from SRV pnp_msgs/PNPClearBuffer[0m
[ 89%] [34m[1mGenerating EusLisp manifest code for pnp_msgs[0m
[ 91%] [34m[1mGenerating Python code from SRV pnp_msgs/PNPLastEvent[0m
[ 92%] [34m[1mGenerating Python code from SRV pnp_msgs/PNPReward[0m
[ 93%] [34m[1mGenerating Python from MSG pnp_msgs/PNPActionGoal[0m
[ 94%] [34m[1mGenerating Python msg __init__.py for pnp_msgs[0m
[ 96%] [34m[1mGenerating Python srv __init__.py for pnp_msgs[0m
[ 96%] Built target pnp_msgs_generate_messages_py
[ 97%] [34m[1mGenerating EusLisp code from pnp_msgs/PNPLastEvent.srv[0m
[ 98%] [34m[1mGenerating EusLisp code from pnp_msgs/PNPGetVariableValue.srv[0m
[100%] [34m[1mGenerating EusLisp code from pnp_msgs/PNPAction.msg[0m
[100%] Built target pnp_msgs_generate_messages_eus
[35m[1mScanning dependencies of target pnp_msgs_generate_messages[0m
[100%] Built target pnp_msgs_generate_messages
[35m[1mScanning dependencies of target tests[0m
Built target tests
[  0%] Built target _pnp_msgs_generate_messages_check_deps_PNPLastEvent
[  0%] Built target _pnp_msgs_generate_messages_check_deps_PNPSetVariableValue
[  0%] Built target _pnp_msgs_generate_messages_check_deps_PNPActionGoal
[  0%] Built target _pnp_msgs_generate_messages_check_deps_PNPFeedback
[  0%] Built target actionlib_msgs_generate_messages_cpp
[  0%] Built target _pnp_msgs_generate_messages_check_deps_PNPActionResult
[  0%] Built target actionlib_msgs_generate_messages_eus
[  0%] Built target actionlib_msgs_generate_messages_lisp
[  0%] Built target actionlib_msgs_generate_messages_py
[  0%] Built target actionlib_msgs_generate_messages_nodejs
[  0%] Built target _pnp_msgs_generate_messages_check_deps_ActionFinished
[  0%] Built target _pnp_msgs_generate_messages_check_deps_PNPGoal
[  0%] Built target _pnp_msgs_generate_messages_check_deps_PNPGetVariableValue
[  0%] Built target _pnp_msgs_generate_messages_check_deps_PNPResult
[  0%] Built target _pnp_msgs_generate_messages_check_deps_Action
[  0%] Built target _pnp_msgs_generate_messages_check_deps_PNPReward
[  0%] Built target _pnp_msgs_generate_messages_check_deps_PNPCondition
[  0%] Built target _pnp_msgs_generate_messages_check_deps_PNPAction
[  0%] Built target _pnp_msgs_generate_messages_check_deps_PNPClearBuffer
[  0%] Built target _pnp_msgs_generate_messages_check_deps_PNPActionFeedback
[ 19%] Built target pnp_msgs_generate_messages_cpp
[ 38%] Built target pnp_msgs_generate_messages_nodejs
[ 60%] Built target pnp_msgs_generate_messages_py
[ 79%] Built target pnp_msgs_generate_messages_lisp
[100%] Built target pnp_msgs_generate_messages_eus
[100%] Built target pnp_msgs_generate_messages
[36mInstall the project...[0m
-- Install configuration: ""
-- Installing: /home/handsome/ros_ws_test/install/pnp_msgs/share/pnp_msgs/msg/Action.msg
-- Installing: /home/handsome/ros_ws_test/install/pnp_msgs/share/pnp_msgs/msg/ActionFinished.msg
-- Installing: /home/handsome/ros_ws_test/install/pnp_msgs/share/pnp_msgs/srv/PNPClearBuffer.srv
-- Installing: /home/handsome/ros_ws_test/install/pnp_msgs/share/pnp_msgs/srv/PNPCondition.srv
-- Installing: /home/handsome/ros_ws_test/install/pnp_msgs/share/pnp_msgs/srv/PNPGetVariableValue.srv
-- Installing: /home/handsome/ros_ws_test/install/pnp_msgs/share/pnp_msgs/srv/PNPLastEvent.srv
-- Installing: /home/handsome/ros_ws_test/install/pnp_msgs/share/pnp_msgs/srv/PNPReward.srv
-- Installing: /home/handsome/ros_ws_test/install/pnp_msgs/share/pnp_msgs/srv/PNPSetVariableValue.srv
-- Installing: /home/handsome/ros_ws_test/install/pnp_msgs/share/pnp_msgs/action/PNP.action
-- Installing: /home/handsome/ros_ws_test/install/pnp_msgs/share/pnp_msgs/msg/PNPAction.msg
-- Installing: /home/handsome/ros_ws_test/install/pnp_msgs/share/pnp_msgs/msg/PNPActionGoal.msg
-- Installing: /home/handsome/ros_ws_test/install/pnp_msgs/share/pnp_msgs/msg/PNPActionResult.msg
-- Installing: /home/handsome/ros_ws_test/install/pnp_msgs/share/pnp_msgs/msg/PNPActionFeedback.msg
-- Installing: /home/handsome/ros_ws_test/install/pnp_msgs/share/pnp_msgs/msg/PNPGoal.msg
-- Installing: /home/handsome/ros_ws_test/install/pnp_msgs/share/pnp_msgs/msg/PNPResult.msg
-- Installing: /home/handsome/ros_ws_test/install/pnp_msgs/share/pnp_msgs/msg/PNPFeedback.msg
-- Installing: /home/handsome/ros_ws_test/install/pnp_msgs/share/pnp_msgs/cmake/pnp_msgs-msg-paths.cmake
-- Installing: /home/handsome/ros_ws_test/install/pnp_msgs/include/pnp_msgs
-- Installing: /home/handsome/ros_ws_test/install/pnp_msgs/include/pnp_msgs/PNPActionGoal.h
-- Installing: /home/handsome/ros_ws_test/install/pnp_msgs/include/pnp_msgs/Action.h
-- Installing: /home/handsome/ros_ws_test/install/pnp_msgs/include/pnp_msgs/PNPAction.h
-- Installing: /home/handsome/ros_ws_test/install/pnp_msgs/include/pnp_msgs/PNPRewardRequest.h
-- Installing: /home/handsome/ros_ws_test/install/pnp_msgs/include/pnp_msgs/PNPGoal.h
-- Installing: /home/handsome/ros_ws_test/install/pnp_msgs/include/pnp_msgs/PNPFeedback.h
-- Installing: /home/handsome/ros_ws_test/install/pnp_msgs/include/pnp_msgs/PNPConditionResponse.h
-- Installing: /home/handsome/ros_ws_test/install/pnp_msgs/include/pnp_msgs/PNPGetVariableValueResponse.h
-- Installing: /home/handsome/ros_ws_test/install/pnp_msgs/include/pnp_msgs/PNPSetVariableValue.h
-- Installing: /home/handsome/ros_ws_test/install/pnp_msgs/include/pnp_msgs/PNPGetVariableValueRequest.h
-- Installing: /home/handsome/ros_ws_test/install/pnp_msgs/include/pnp_msgs/PNPSetVariableValueResponse.h
-- Installing: /home/handsome/ros_ws_test/install/pnp_msgs/include/pnp_msgs/PNPLastEventRequest.h
-- Installing: /home/handsome/ros_ws_test/install/pnp_msgs/include/pnp_msgs/PNPConditionRequest.h
-- Installing: /home/handsome/ros_ws_test/install/pnp_msgs/include/pnp_msgs/PNPLastEventResponse.h
-- Installing: /home/handsome/ros_ws_test/install/pnp_msgs/include/pnp_msgs/PNPActionResult.h
-- Installing: /home/handsome/ros_ws_test/install/pnp_msgs/include/pnp_msgs/PNPRewardResponse.h
-- Installing: /home/handsome/ros_ws_test/install/pnp_msgs/include/pnp_msgs/PNPGetVariableValue.h
-- Installing: /home/handsome/ros_ws_test/install/pnp_msgs/include/pnp_msgs/PNPSetVariableValueRequest.h
-- Installing: /home/handsome/ros_ws_test/install/pnp_msgs/include/pnp_msgs/PNPLastEvent.h
-- Installing: /home/handsome/ros_ws_test/install/pnp_msgs/include/pnp_msgs/PNPCondition.h
-- Installing: /home/handsome/ros_ws_test/install/pnp_msgs/include/pnp_msgs/PNPClearBufferResponse.h
-- Installing: /home/handsome/ros_ws_test/install/pnp_msgs/include/pnp_msgs/PNPReward.h
-- Installing: /home/handsome/ros_ws_test/install/pnp_msgs/include/pnp_msgs/PNPResult.h
-- Installing: /home/handsome/ros_ws_test/install/pnp_msgs/include/pnp_msgs/PNPClearBufferRequest.h
-- Installing: /home/handsome/ros_ws_test/install/pnp_msgs/include/pnp_msgs/PNPClearBuffer.h
-- Installing: /home/handsome/ros_ws_test/install/pnp_msgs/include/pnp_msgs/ActionFinished.h
-- Installing: /home/handsome/ros_ws_test/install/pnp_msgs/include/pnp_msgs/PNPActionFeedback.h
-- Installing: /home/handsome/ros_ws_test/install/pnp_msgs/share/roseus/ros/pnp_msgs
-- Installing: /home/handsome/ros_ws_test/install/pnp_msgs/share/roseus/ros/pnp_msgs/msg
-- Installing: /home/handsome/ros_ws_test/install/pnp_msgs/share/roseus/ros/pnp_msgs/msg/Action.l
-- Installing: /home/handsome/ros_ws_test/install/pnp_msgs/share/roseus/ros/pnp_msgs/msg/PNPActionGoal.l
-- Installing: /home/handsome/ros_ws_test/install/pnp_msgs/share/roseus/ros/pnp_msgs/msg/PNPActionFeedback.l
-- Installing: /home/handsome/ros_ws_test/install/pnp_msgs/share/roseus/ros/pnp_msgs/msg/ActionFinished.l
-- Installing: /home/handsome/ros_ws_test/install/pnp_msgs/share/roseus/ros/pnp_msgs/msg/PNPActionResult.l
-- Installing: /home/handsome/ros_ws_test/install/pnp_msgs/share/roseus/ros/pnp_msgs/msg/PNPAction.l
-- Installing: /home/handsome/ros_ws_test/install/pnp_msgs/share/roseus/ros/pnp_msgs/msg/PNPFeedback.l
-- Installing: /home/handsome/ros_ws_test/install/pnp_msgs/share/roseus/ros/pnp_msgs/msg/PNPGoal.l
-- Installing: /home/handsome/ros_ws_test/install/pnp_msgs/share/roseus/ros/pnp_msgs/msg/PNPResult.l
-- Installing: /home/handsome/ros_ws_test/install/pnp_msgs/share/roseus/ros/pnp_msgs/manifest.l
-- Installing: /home/handsome/ros_ws_test/install/pnp_msgs/share/roseus/ros/pnp_msgs/srv
-- Installing: /home/handsome/ros_ws_test/install/pnp_msgs/share/roseus/ros/pnp_msgs/srv/PNPSetVariableValue.l
-- Installing: /home/handsome/ros_ws_test/install/pnp_msgs/share/roseus/ros/pnp_msgs/srv/PNPGetVariableValue.l
-- Installing: /home/handsome/ros_ws_test/install/pnp_msgs/share/roseus/ros/pnp_msgs/srv/PNPLastEvent.l
-- Installing: /home/handsome/ros_ws_test/install/pnp_msgs/share/roseus/ros/pnp_msgs/srv/PNPCondition.l
-- Installing: /home/handsome/ros_ws_test/install/pnp_msgs/share/roseus/ros/pnp_msgs/srv/PNPClearBuffer.l
-- Installing: /home/handsome/ros_ws_test/install/pnp_msgs/share/roseus/ros/pnp_msgs/srv/PNPReward.l
-- Installing: /home/handsome/ros_ws_test/install/pnp_msgs/share/common-lisp/ros/pnp_msgs
-- Installing: /home/handsome/ros_ws_test/install/pnp_msgs/share/common-lisp/ros/pnp_msgs/msg
-- Installing: /home/handsome/ros_ws_test/install/pnp_msgs/share/common-lisp/ros/pnp_msgs/msg/Action.lisp
-- Installing: /home/handsome/ros_ws_test/install/pnp_msgs/share/common-lisp/ros/pnp_msgs/msg/PNPActionGoal.lisp
-- Installing: /home/handsome/ros_ws_test/install/pnp_msgs/share/common-lisp/ros/pnp_msgs/msg/PNPAction.lisp
-- Installing: /home/handsome/ros_ws_test/install/pnp_msgs/share/common-lisp/ros/pnp_msgs/msg/PNPActionResult.lisp
-- Installing: /home/handsome/ros_ws_test/install/pnp_msgs/share/common-lisp/ros/pnp_msgs/msg/_package_PNPFeedback.lisp
-- Installing: /home/handsome/ros_ws_test/install/pnp_msgs/share/common-lisp/ros/pnp_msgs/msg/_package_Action.lisp
-- Installing: /home/handsome/ros_ws_test/install/pnp_msgs/share/common-lisp/ros/pnp_msgs/msg/_package.lisp
-- Installing: /home/handsome/ros_ws_test/install/pnp_msgs/share/common-lisp/ros/pnp_msgs/msg/PNPActionFeedback.lisp
-- Installing: /home/handsome/ros_ws_test/install/pnp_msgs/share/common-lisp/ros/pnp_msgs/msg/PNPGoal.lisp
-- Installing: /home/handsome/ros_ws_test/install/pnp_msgs/share/common-lisp/ros/pnp_msgs/msg/_package_ActionFinished.lisp
-- Installing: /home/handsome/ros_ws_test/install/pnp_msgs/share/common-lisp/ros/pnp_msgs/msg/ActionFinished.lisp
-- Installing: /home/handsome/ros_ws_test/install/pnp_msgs/share/common-lisp/ros/pnp_msgs/msg/PNPFeedback.lisp
-- Installing: /home/handsome/ros_ws_test/install/pnp_msgs/share/common-lisp/ros/pnp_msgs/msg/_package_PNPGoal.lisp
-- Installing: /home/handsome/ros_ws_test/install/pnp_msgs/share/common-lisp/ros/pnp_msgs/msg/PNPResult.lisp
-- Installing: /home/handsome/ros_ws_test/install/pnp_msgs/share/common-lisp/ros/pnp_msgs/msg/_package_PNPAction.lisp
-- Installing: /home/handsome/ros_ws_test/install/pnp_msgs/share/common-lisp/ros/pnp_msgs/msg/pnp_msgs-msg.asd
-- Installing: /home/handsome/ros_ws_test/install/pnp_msgs/share/common-lisp/ros/pnp_msgs/msg/_package_PNPActionGoal.lisp
-- Installing: /home/handsome/ros_ws_test/install/pnp_msgs/share/common-lisp/ros/pnp_msgs/msg/_package_PNPActionResult.lisp
-- Installing: /home/handsome/ros_ws_test/install/pnp_msgs/share/common-lisp/ros/pnp_msgs/msg/_package_PNPResult.lisp
-- Installing: /home/handsome/ros_ws_test/install/pnp_msgs/share/common-lisp/ros/pnp_msgs/msg/_package_PNPActionFeedback.lisp
-- Installing: /home/handsome/ros_ws_test/install/pnp_msgs/share/common-lisp/ros/pnp_msgs/srv
-- Installing: /home/handsome/ros_ws_test/install/pnp_msgs/share/common-lisp/ros/pnp_msgs/srv/pnp_msgs-srv.asd
-- Installing: /home/handsome/ros_ws_test/install/pnp_msgs/share/common-lisp/ros/pnp_msgs/srv/_package_PNPLastEvent.lisp
-- Installing: /home/handsome/ros_ws_test/install/pnp_msgs/share/common-lisp/ros/pnp_msgs/srv/PNPLastEvent.lisp
-- Installing: /home/handsome/ros_ws_test/install/pnp_msgs/share/common-lisp/ros/pnp_msgs/srv/_package_PNPSetVariableValue.lisp
-- Installing: /home/handsome/ros_ws_test/install/pnp_msgs/share/common-lisp/ros/pnp_msgs/srv/_package.lisp
-- Installing: /home/handsome/ros_ws_test/install/pnp_msgs/share/common-lisp/ros/pnp_msgs/srv/_package_PNPCondition.lisp
-- Installing: /home/handsome/ros_ws_test/install/pnp_msgs/share/common-lisp/ros/pnp_msgs/srv/_package_PNPGetVariableValue.lisp
-- Installing: /home/handsome/ros_ws_test/install/pnp_msgs/share/common-lisp/ros/pnp_msgs/srv/_package_PNPClearBuffer.lisp
-- Installing: /home/handsome/ros_ws_test/install/pnp_msgs/share/common-lisp/ros/pnp_msgs/srv/PNPGetVariableValue.lisp
-- Installing: /home/handsome/ros_ws_test/install/pnp_msgs/share/common-lisp/ros/pnp_msgs/srv/_package_PNPReward.lisp
-- Installing: /home/handsome/ros_ws_test/install/pnp_msgs/share/common-lisp/ros/pnp_msgs/srv/PNPClearBuffer.lisp
-- Installing: /home/handsome/ros_ws_test/install/pnp_msgs/share/common-lisp/ros/pnp_msgs/srv/PNPSetVariableValue.lisp
-- Installing: /home/handsome/ros_ws_test/install/pnp_msgs/share/common-lisp/ros/pnp_msgs/srv/PNPCondition.lisp
-- Installing: /home/handsome/ros_ws_test/install/pnp_msgs/share/common-lisp/ros/pnp_msgs/srv/PNPReward.lisp
-- Installing: /home/handsome/ros_ws_test/install/pnp_msgs/share/gennodejs/ros/pnp_msgs
-- Installing: /home/handsome/ros_ws_test/install/pnp_msgs/share/gennodejs/ros/pnp_msgs/msg
-- Installing: /home/handsome/ros_ws_test/install/pnp_msgs/share/gennodejs/ros/pnp_msgs/msg/PNPActionFeedback.js
-- Installing: /home/handsome/ros_ws_test/install/pnp_msgs/share/gennodejs/ros/pnp_msgs/msg/PNPFeedback.js
-- Installing: /home/handsome/ros_ws_test/install/pnp_msgs/share/gennodejs/ros/pnp_msgs/msg/_index.js
-- Installing: /home/handsome/ros_ws_test/install/pnp_msgs/share/gennodejs/ros/pnp_msgs/msg/PNPResult.js
-- Installing: /home/handsome/ros_ws_test/install/pnp_msgs/share/gennodejs/ros/pnp_msgs/msg/Action.js
-- Installing: /home/handsome/ros_ws_test/install/pnp_msgs/share/gennodejs/ros/pnp_msgs/msg/PNPActionGoal.js
-- Installing: /home/handsome/ros_ws_test/install/pnp_msgs/share/gennodejs/ros/pnp_msgs/msg/PNPGoal.js
-- Installing: /home/handsome/ros_ws_test/install/pnp_msgs/share/gennodejs/ros/pnp_msgs/msg/PNPAction.js
-- Installing: /home/handsome/ros_ws_test/install/pnp_msgs/share/gennodejs/ros/pnp_msgs/msg/ActionFinished.js
-- Installing: /home/handsome/ros_ws_test/install/pnp_msgs/share/gennodejs/ros/pnp_msgs/msg/PNPActionResult.js
-- Installing: /home/handsome/ros_ws_test/install/pnp_msgs/share/gennodejs/ros/pnp_msgs/_index.js
-- Installing: /home/handsome/ros_ws_test/install/pnp_msgs/share/gennodejs/ros/pnp_msgs/srv
-- Installing: /home/handsome/ros_ws_test/install/pnp_msgs/share/gennodejs/ros/pnp_msgs/srv/PNPLastEvent.js
-- Installing: /home/handsome/ros_ws_test/install/pnp_msgs/share/gennodejs/ros/pnp_msgs/srv/PNPSetVariableValue.js
-- Installing: /home/handsome/ros_ws_test/install/pnp_msgs/share/gennodejs/ros/pnp_msgs/srv/PNPReward.js
-- Installing: /home/handsome/ros_ws_test/install/pnp_msgs/share/gennodejs/ros/pnp_msgs/srv/_index.js
-- Installing: /home/handsome/ros_ws_test/install/pnp_msgs/share/gennodejs/ros/pnp_msgs/srv/PNPCondition.js
-- Installing: /home/handsome/ros_ws_test/install/pnp_msgs/share/gennodejs/ros/pnp_msgs/srv/PNPGetVariableValue.js
-- Installing: /home/handsome/ros_ws_test/install/pnp_msgs/share/gennodejs/ros/pnp_msgs/srv/PNPClearBuffer.js
Listing /home/handsome/ros_ws_test/build/pnp_msgs/devel/lib/python2.7/dist-packages/pnp_msgs ...
Compiling /home/handsome/ros_ws_test/build/pnp_msgs/devel/lib/python2.7/dist-packages/pnp_msgs/__init__.py ...
Listing /home/handsome/ros_ws_test/build/pnp_msgs/devel/lib/python2.7/dist-packages/pnp_msgs/msg ...
Compiling /home/handsome/ros_ws_test/build/pnp_msgs/devel/lib/python2.7/dist-packages/pnp_msgs/msg/_Action.py ...
Compiling /home/handsome/ros_ws_test/build/pnp_msgs/devel/lib/python2.7/dist-packages/pnp_msgs/msg/_ActionFinished.py ...
Compiling /home/handsome/ros_ws_test/build/pnp_msgs/devel/lib/python2.7/dist-packages/pnp_msgs/msg/_PNPAction.py ...
Compiling /home/handsome/ros_ws_test/build/pnp_msgs/devel/lib/python2.7/dist-packages/pnp_msgs/msg/_PNPActionFeedback.py ...
Compiling /home/handsome/ros_ws_test/build/pnp_msgs/devel/lib/python2.7/dist-packages/pnp_msgs/msg/_PNPActionGoal.py ...
Compiling /home/handsome/ros_ws_test/build/pnp_msgs/devel/lib/python2.7/dist-packages/pnp_msgs/msg/_PNPActionResult.py ...
Compiling /home/handsome/ros_ws_test/build/pnp_msgs/devel/lib/python2.7/dist-packages/pnp_msgs/msg/_PNPFeedback.py ...
Compiling /home/handsome/ros_ws_test/build/pnp_msgs/devel/lib/python2.7/dist-packages/pnp_msgs/msg/_PNPGoal.py ...
Compiling /home/handsome/ros_ws_test/build/pnp_msgs/devel/lib/python2.7/dist-packages/pnp_msgs/msg/_PNPResult.py ...
Compiling /home/handsome/ros_ws_test/build/pnp_msgs/devel/lib/python2.7/dist-packages/pnp_msgs/msg/__init__.py ...
Listing /home/handsome/ros_ws_test/build/pnp_msgs/devel/lib/python2.7/dist-packages/pnp_msgs/srv ...
Compiling /home/handsome/ros_ws_test/build/pnp_msgs/devel/lib/python2.7/dist-packages/pnp_msgs/srv/_PNPClearBuffer.py ...
Compiling /home/handsome/ros_ws_test/build/pnp_msgs/devel/lib/python2.7/dist-packages/pnp_msgs/srv/_PNPCondition.py ...
Compiling /home/handsome/ros_ws_test/build/pnp_msgs/devel/lib/python2.7/dist-packages/pnp_msgs/srv/_PNPGetVariableValue.py ...
Compiling /home/handsome/ros_ws_test/build/pnp_msgs/devel/lib/python2.7/dist-packages/pnp_msgs/srv/_PNPLastEvent.py ...
Compiling /home/handsome/ros_ws_test/build/pnp_msgs/devel/lib/python2.7/dist-packages/pnp_msgs/srv/_PNPReward.py ...
Compiling /home/handsome/ros_ws_test/build/pnp_msgs/devel/lib/python2.7/dist-packages/pnp_msgs/srv/_PNPSetVariableValue.py ...
Compiling /home/handsome/ros_ws_test/build/pnp_msgs/devel/lib/python2.7/dist-packages/pnp_msgs/srv/__init__.py ...
-- Installing: /home/handsome/ros_ws_test/install/pnp_msgs/lib/python2.7/dist-packages/pnp_msgs
-- Installing: /home/handsome/ros_ws_test/install/pnp_msgs/lib/python2.7/dist-packages/pnp_msgs/msg
-- Installing: /home/handsome/ros_ws_test/install/pnp_msgs/lib/python2.7/dist-packages/pnp_msgs/msg/_ActionFinished.pyc
-- Installing: /home/handsome/ros_ws_test/install/pnp_msgs/lib/python2.7/dist-packages/pnp_msgs/msg/__init__.py
-- Installing: /home/handsome/ros_ws_test/install/pnp_msgs/lib/python2.7/dist-packages/pnp_msgs/msg/_PNPActionFeedback.py
-- Installing: /home/handsome/ros_ws_test/install/pnp_msgs/lib/python2.7/dist-packages/pnp_msgs/msg/_Action.pyc
-- Installing: /home/handsome/ros_ws_test/install/pnp_msgs/lib/python2.7/dist-packages/pnp_msgs/msg/_PNPFeedback.py
-- Installing: /home/handsome/ros_ws_test/install/pnp_msgs/lib/python2.7/dist-packages/pnp_msgs/msg/_PNPActionGoal.pyc
-- Installing: /home/handsome/ros_ws_test/install/pnp_msgs/lib/python2.7/dist-packages/pnp_msgs/msg/_PNPResult.py
-- Installing: /home/handsome/ros_ws_test/install/pnp_msgs/lib/python2.7/dist-packages/pnp_msgs/msg/_PNPGoal.py
-- Installing: /home/handsome/ros_ws_test/install/pnp_msgs/lib/python2.7/dist-packages/pnp_msgs/msg/_ActionFinished.py
-- Installing: /home/handsome/ros_ws_test/install/pnp_msgs/lib/python2.7/dist-packages/pnp_msgs/msg/_PNPAction.pyc
-- Installing: /home/handsome/ros_ws_test/install/pnp_msgs/lib/python2.7/dist-packages/pnp_msgs/msg/_Action.py
-- Installing: /home/handsome/ros_ws_test/install/pnp_msgs/lib/python2.7/dist-packages/pnp_msgs/msg/_PNPActionResult.pyc
-- Installing: /home/handsome/ros_ws_test/install/pnp_msgs/lib/python2.7/dist-packages/pnp_msgs/msg/__init__.pyc
-- Installing: /home/handsome/ros_ws_test/install/pnp_msgs/lib/python2.7/dist-packages/pnp_msgs/msg/_PNPResult.pyc
-- Installing: /home/handsome/ros_ws_test/install/pnp_msgs/lib/python2.7/dist-packages/pnp_msgs/msg/_PNPActionResult.py
-- Installing: /home/handsome/ros_ws_test/install/pnp_msgs/lib/python2.7/dist-packages/pnp_msgs/msg/_PNPActionGoal.py
-- Installing: /home/handsome/ros_ws_test/install/pnp_msgs/lib/python2.7/dist-packages/pnp_msgs/msg/_PNPGoal.pyc
-- Installing: /home/handsome/ros_ws_test/install/pnp_msgs/lib/python2.7/dist-packages/pnp_msgs/msg/_PNPFeedback.pyc
-- Installing: /home/handsome/ros_ws_test/install/pnp_msgs/lib/python2.7/dist-packages/pnp_msgs/msg/_PNPActionFeedback.pyc
-- Installing: /home/handsome/ros_ws_test/install/pnp_msgs/lib/python2.7/dist-packages/pnp_msgs/msg/_PNPAction.py
-- Installing: /home/handsome/ros_ws_test/install/pnp_msgs/lib/python2.7/dist-packages/pnp_msgs/__init__.py
-- Installing: /home/handsome/ros_ws_test/install/pnp_msgs/lib/python2.7/dist-packages/pnp_msgs/srv
-- Installing: /home/handsome/ros_ws_test/install/pnp_msgs/lib/python2.7/dist-packages/pnp_msgs/srv/_PNPReward.py
-- Installing: /home/handsome/ros_ws_test/install/pnp_msgs/lib/python2.7/dist-packages/pnp_msgs/srv/_PNPLastEvent.py
-- Installing: /home/handsome/ros_ws_test/install/pnp_msgs/lib/python2.7/dist-packages/pnp_msgs/srv/_PNPCondition.py
-- Installing: /home/handsome/ros_ws_test/install/pnp_msgs/lib/python2.7/dist-packages/pnp_msgs/srv/_PNPSetVariableValue.py
-- Installing: /home/handsome/ros_ws_test/install/pnp_msgs/lib/python2.7/dist-packages/pnp_msgs/srv/__init__.py
-- Installing: /home/handsome/ros_ws_test/install/pnp_msgs/lib/python2.7/dist-packages/pnp_msgs/srv/_PNPGetVariableValue.py
-- Installing: /home/handsome/ros_ws_test/install/pnp_msgs/lib/python2.7/dist-packages/pnp_msgs/srv/_PNPClearBuffer.py
-- Installing: /home/handsome/ros_ws_test/install/pnp_msgs/lib/python2.7/dist-packages/pnp_msgs/srv/_PNPReward.pyc
-- Installing: /home/handsome/ros_ws_test/install/pnp_msgs/lib/python2.7/dist-packages/pnp_msgs/srv/_PNPCondition.pyc
-- Installing: /home/handsome/ros_ws_test/install/pnp_msgs/lib/python2.7/dist-packages/pnp_msgs/srv/_PNPSetVariableValue.pyc
-- Installing: /home/handsome/ros_ws_test/install/pnp_msgs/lib/python2.7/dist-packages/pnp_msgs/srv/_PNPLastEvent.pyc
-- Installing: /home/handsome/ros_ws_test/install/pnp_msgs/lib/python2.7/dist-packages/pnp_msgs/srv/_PNPGetVariableValue.pyc
-- Installing: /home/handsome/ros_ws_test/install/pnp_msgs/lib/python2.7/dist-packages/pnp_msgs/srv/__init__.pyc
-- Installing: /home/handsome/ros_ws_test/install/pnp_msgs/lib/python2.7/dist-packages/pnp_msgs/srv/_PNPClearBuffer.pyc
-- Installing: /home/handsome/ros_ws_test/install/pnp_msgs/lib/python2.7/dist-packages/pnp_msgs/__init__.pyc
-- Installing: /home/handsome/ros_ws_test/install/pnp_msgs/lib/pkgconfig/pnp_msgs.pc
-- Installing: /home/handsome/ros_ws_test/install/pnp_msgs/share/pnp_msgs/cmake/pnp_msgs-msg-extras.cmake
-- Installing: /home/handsome/ros_ws_test/install/pnp_msgs/share/pnp_msgs/cmake/pnp_msgsConfig.cmake
-- Installing: /home/handsome/ros_ws_test/install/pnp_msgs/share/pnp_msgs/cmake/pnp_msgsConfig-version.cmake
-- Installing: /home/handsome/ros_ws_test/install/pnp_msgs/share/pnp_msgs/package.xml
