[  0%] Built target actionlib_msgs_generate_messages_nodejs
[  0%] Built target actionlib_msgs_generate_messages_py
[  0%] Built target actionlib_msgs_generate_messages_eus
[  0%] Built target actionlib_msgs_generate_messages_lisp
[  0%] Built target _rp_action_msgs_generate_messages_check_deps_TurnActionGoal
[  0%] Built target _rp_action_msgs_generate_messages_check_deps_TurnResult
[  0%] Built target actionlib_msgs_generate_messages_cpp
[  0%] Built target _rp_action_msgs_generate_messages_check_deps_TurnFeedback
[  0%] Built target _rp_action_msgs_generate_messages_check_deps_TurnActionResult
[  0%] Built target _rp_action_msgs_generate_messages_check_deps_TurnGoal
[  0%] Built target _rp_action_msgs_generate_messages_check_deps_TurnAction
[  0%] Built target _rp_action_msgs_generate_messages_check_deps_TurnActionFeedback
[ 21%] Built target rp_action_msgs_generate_messages_py
[ 43%] Built target rp_action_msgs_generate_messages_eus
[ 62%] Built target rp_action_msgs_generate_messages_cpp
[ 81%] Built target rp_action_msgs_generate_messages_lisp
[100%] Built target rp_action_msgs_generate_messages_nodejs
[100%] Built target rp_action_msgs_generate_messages
Built target tests
[  0%] Built target actionlib_msgs_generate_messages_eus
[  0%] Built target actionlib_msgs_generate_messages_py
[  0%] Built target actionlib_msgs_generate_messages_cpp
[  0%] Built target actionlib_msgs_generate_messages_nodejs
[  0%] Built target actionlib_msgs_generate_messages_lisp
[  0%] Built target _rp_action_msgs_generate_messages_check_deps_TurnResult
[  0%] Built target _rp_action_msgs_generate_messages_check_deps_TurnActionFeedback
[  0%] Built target _rp_action_msgs_generate_messages_check_deps_TurnFeedback
[  0%] Built target _rp_action_msgs_generate_messages_check_deps_TurnActionGoal
[  0%] Built target _rp_action_msgs_generate_messages_check_deps_TurnGoal
[  0%] Built target _rp_action_msgs_generate_messages_check_deps_TurnAction
[  0%] Built target _rp_action_msgs_generate_messages_check_deps_TurnActionResult
[ 18%] Built target rp_action_msgs_generate_messages_nodejs
[ 37%] Built target rp_action_msgs_generate_messages_lisp
[ 56%] Built target rp_action_msgs_generate_messages_cpp
[ 78%] Built target rp_action_msgs_generate_messages_py
[100%] Built target rp_action_msgs_generate_messages_eus
[100%] Built target rp_action_msgs_generate_messages
[36mInstall the project...[0m
-- Install configuration: ""
-- Up-to-date: /home/handsome/ros_ws_test/install/rp_action_msgs/share/rp_action_msgs/action/Turn.action
-- Up-to-date: /home/handsome/ros_ws_test/install/rp_action_msgs/share/rp_action_msgs/msg/TurnAction.msg
-- Up-to-date: /home/handsome/ros_ws_test/install/rp_action_msgs/share/rp_action_msgs/msg/TurnActionGoal.msg
-- Up-to-date: /home/handsome/ros_ws_test/install/rp_action_msgs/share/rp_action_msgs/msg/TurnActionResult.msg
-- Up-to-date: /home/handsome/ros_ws_test/install/rp_action_msgs/share/rp_action_msgs/msg/TurnActionFeedback.msg
-- Up-to-date: /home/handsome/ros_ws_test/install/rp_action_msgs/share/rp_action_msgs/msg/TurnGoal.msg
-- Up-to-date: /home/handsome/ros_ws_test/install/rp_action_msgs/share/rp_action_msgs/msg/TurnResult.msg
-- Up-to-date: /home/handsome/ros_ws_test/install/rp_action_msgs/share/rp_action_msgs/msg/TurnFeedback.msg
-- Up-to-date: /home/handsome/ros_ws_test/install/rp_action_msgs/share/rp_action_msgs/cmake/rp_action_msgs-msg-paths.cmake
-- Up-to-date: /home/handsome/ros_ws_test/install/rp_action_msgs/include/rp_action_msgs
-- Up-to-date: /home/handsome/ros_ws_test/install/rp_action_msgs/include/rp_action_msgs/TurnFeedback.h
-- Up-to-date: /home/handsome/ros_ws_test/install/rp_action_msgs/include/rp_action_msgs/TurnResult.h
-- Up-to-date: /home/handsome/ros_ws_test/install/rp_action_msgs/include/rp_action_msgs/TurnActionResult.h
-- Up-to-date: /home/handsome/ros_ws_test/install/rp_action_msgs/include/rp_action_msgs/TurnActionGoal.h
-- Up-to-date: /home/handsome/ros_ws_test/install/rp_action_msgs/include/rp_action_msgs/TurnAction.h
-- Up-to-date: /home/handsome/ros_ws_test/install/rp_action_msgs/include/rp_action_msgs/TurnActionFeedback.h
-- Up-to-date: /home/handsome/ros_ws_test/install/rp_action_msgs/include/rp_action_msgs/TurnGoal.h
-- Up-to-date: /home/handsome/ros_ws_test/install/rp_action_msgs/share/roseus/ros/rp_action_msgs
-- Up-to-date: /home/handsome/ros_ws_test/install/rp_action_msgs/share/roseus/ros/rp_action_msgs/msg
-- Up-to-date: /home/handsome/ros_ws_test/install/rp_action_msgs/share/roseus/ros/rp_action_msgs/msg/TurnAction.l
-- Up-to-date: /home/handsome/ros_ws_test/install/rp_action_msgs/share/roseus/ros/rp_action_msgs/msg/TurnActionGoal.l
-- Up-to-date: /home/handsome/ros_ws_test/install/rp_action_msgs/share/roseus/ros/rp_action_msgs/msg/TurnResult.l
-- Up-to-date: /home/handsome/ros_ws_test/install/rp_action_msgs/share/roseus/ros/rp_action_msgs/msg/TurnActionResult.l
-- Up-to-date: /home/handsome/ros_ws_test/install/rp_action_msgs/share/roseus/ros/rp_action_msgs/msg/TurnActionFeedback.l
-- Up-to-date: /home/handsome/ros_ws_test/install/rp_action_msgs/share/roseus/ros/rp_action_msgs/msg/TurnGoal.l
-- Up-to-date: /home/handsome/ros_ws_test/install/rp_action_msgs/share/roseus/ros/rp_action_msgs/msg/TurnFeedback.l
-- Up-to-date: /home/handsome/ros_ws_test/install/rp_action_msgs/share/roseus/ros/rp_action_msgs/manifest.l
-- Up-to-date: /home/handsome/ros_ws_test/install/rp_action_msgs/share/common-lisp/ros/rp_action_msgs
-- Up-to-date: /home/handsome/ros_ws_test/install/rp_action_msgs/share/common-lisp/ros/rp_action_msgs/msg
-- Up-to-date: /home/handsome/ros_ws_test/install/rp_action_msgs/share/common-lisp/ros/rp_action_msgs/msg/TurnActionResult.lisp
-- Up-to-date: /home/handsome/ros_ws_test/install/rp_action_msgs/share/common-lisp/ros/rp_action_msgs/msg/_package_TurnActionFeedback.lisp
-- Up-to-date: /home/handsome/ros_ws_test/install/rp_action_msgs/share/common-lisp/ros/rp_action_msgs/msg/_package_TurnAction.lisp
-- Up-to-date: /home/handsome/ros_ws_test/install/rp_action_msgs/share/common-lisp/ros/rp_action_msgs/msg/TurnActionGoal.lisp
-- Up-to-date: /home/handsome/ros_ws_test/install/rp_action_msgs/share/common-lisp/ros/rp_action_msgs/msg/_package_TurnActionGoal.lisp
-- Up-to-date: /home/handsome/ros_ws_test/install/rp_action_msgs/share/common-lisp/ros/rp_action_msgs/msg/TurnGoal.lisp
-- Up-to-date: /home/handsome/ros_ws_test/install/rp_action_msgs/share/common-lisp/ros/rp_action_msgs/msg/_package_TurnActionResult.lisp
-- Up-to-date: /home/handsome/ros_ws_test/install/rp_action_msgs/share/common-lisp/ros/rp_action_msgs/msg/TurnResult.lisp
-- Up-to-date: /home/handsome/ros_ws_test/install/rp_action_msgs/share/common-lisp/ros/rp_action_msgs/msg/rp_action_msgs-msg.asd
-- Up-to-date: /home/handsome/ros_ws_test/install/rp_action_msgs/share/common-lisp/ros/rp_action_msgs/msg/_package_TurnResult.lisp
-- Up-to-date: /home/handsome/ros_ws_test/install/rp_action_msgs/share/common-lisp/ros/rp_action_msgs/msg/_package.lisp
-- Up-to-date: /home/handsome/ros_ws_test/install/rp_action_msgs/share/common-lisp/ros/rp_action_msgs/msg/TurnAction.lisp
-- Up-to-date: /home/handsome/ros_ws_test/install/rp_action_msgs/share/common-lisp/ros/rp_action_msgs/msg/TurnActionFeedback.lisp
-- Up-to-date: /home/handsome/ros_ws_test/install/rp_action_msgs/share/common-lisp/ros/rp_action_msgs/msg/TurnFeedback.lisp
-- Up-to-date: /home/handsome/ros_ws_test/install/rp_action_msgs/share/common-lisp/ros/rp_action_msgs/msg/_package_TurnFeedback.lisp
-- Up-to-date: /home/handsome/ros_ws_test/install/rp_action_msgs/share/common-lisp/ros/rp_action_msgs/msg/_package_TurnGoal.lisp
-- Up-to-date: /home/handsome/ros_ws_test/install/rp_action_msgs/share/gennodejs/ros/rp_action_msgs
-- Up-to-date: /home/handsome/ros_ws_test/install/rp_action_msgs/share/gennodejs/ros/rp_action_msgs/msg
-- Up-to-date: /home/handsome/ros_ws_test/install/rp_action_msgs/share/gennodejs/ros/rp_action_msgs/msg/_index.js
-- Up-to-date: /home/handsome/ros_ws_test/install/rp_action_msgs/share/gennodejs/ros/rp_action_msgs/msg/TurnGoal.js
-- Up-to-date: /home/handsome/ros_ws_test/install/rp_action_msgs/share/gennodejs/ros/rp_action_msgs/msg/TurnActionGoal.js
-- Up-to-date: /home/handsome/ros_ws_test/install/rp_action_msgs/share/gennodejs/ros/rp_action_msgs/msg/TurnResult.js
-- Up-to-date: /home/handsome/ros_ws_test/install/rp_action_msgs/share/gennodejs/ros/rp_action_msgs/msg/TurnActionFeedback.js
-- Up-to-date: /home/handsome/ros_ws_test/install/rp_action_msgs/share/gennodejs/ros/rp_action_msgs/msg/TurnFeedback.js
-- Up-to-date: /home/handsome/ros_ws_test/install/rp_action_msgs/share/gennodejs/ros/rp_action_msgs/msg/TurnActionResult.js
-- Up-to-date: /home/handsome/ros_ws_test/install/rp_action_msgs/share/gennodejs/ros/rp_action_msgs/msg/TurnAction.js
-- Up-to-date: /home/handsome/ros_ws_test/install/rp_action_msgs/share/gennodejs/ros/rp_action_msgs/_index.js
Listing /home/handsome/ros_ws_test/build/rp_action_msgs/devel/lib/python2.7/dist-packages/rp_action_msgs ...
Listing /home/handsome/ros_ws_test/build/rp_action_msgs/devel/lib/python2.7/dist-packages/rp_action_msgs/msg ...
-- Up-to-date: /home/handsome/ros_ws_test/install/rp_action_msgs/lib/python2.7/dist-packages/rp_action_msgs
-- Up-to-date: /home/handsome/ros_ws_test/install/rp_action_msgs/lib/python2.7/dist-packages/rp_action_msgs/msg
-- Up-to-date: /home/handsome/ros_ws_test/install/rp_action_msgs/lib/python2.7/dist-packages/rp_action_msgs/msg/_TurnFeedback.py
-- Up-to-date: /home/handsome/ros_ws_test/install/rp_action_msgs/lib/python2.7/dist-packages/rp_action_msgs/msg/__init__.py
-- Up-to-date: /home/handsome/ros_ws_test/install/rp_action_msgs/lib/python2.7/dist-packages/rp_action_msgs/msg/_TurnActionResult.pyc
-- Up-to-date: /home/handsome/ros_ws_test/install/rp_action_msgs/lib/python2.7/dist-packages/rp_action_msgs/msg/_TurnActionGoal.pyc
-- Up-to-date: /home/handsome/ros_ws_test/install/rp_action_msgs/lib/python2.7/dist-packages/rp_action_msgs/msg/_TurnActionResult.py
-- Up-to-date: /home/handsome/ros_ws_test/install/rp_action_msgs/lib/python2.7/dist-packages/rp_action_msgs/msg/_TurnResult.py
-- Up-to-date: /home/handsome/ros_ws_test/install/rp_action_msgs/lib/python2.7/dist-packages/rp_action_msgs/msg/_TurnGoal.py
-- Up-to-date: /home/handsome/ros_ws_test/install/rp_action_msgs/lib/python2.7/dist-packages/rp_action_msgs/msg/_TurnActionFeedback.pyc
-- Up-to-date: /home/handsome/ros_ws_test/install/rp_action_msgs/lib/python2.7/dist-packages/rp_action_msgs/msg/_TurnActionFeedback.py
-- Up-to-date: /home/handsome/ros_ws_test/install/rp_action_msgs/lib/python2.7/dist-packages/rp_action_msgs/msg/_TurnAction.pyc
-- Up-to-date: /home/handsome/ros_ws_test/install/rp_action_msgs/lib/python2.7/dist-packages/rp_action_msgs/msg/__init__.pyc
-- Up-to-date: /home/handsome/ros_ws_test/install/rp_action_msgs/lib/python2.7/dist-packages/rp_action_msgs/msg/_TurnActionGoal.py
-- Up-to-date: /home/handsome/ros_ws_test/install/rp_action_msgs/lib/python2.7/dist-packages/rp_action_msgs/msg/_TurnFeedback.pyc
-- Up-to-date: /home/handsome/ros_ws_test/install/rp_action_msgs/lib/python2.7/dist-packages/rp_action_msgs/msg/_TurnResult.pyc
-- Up-to-date: /home/handsome/ros_ws_test/install/rp_action_msgs/lib/python2.7/dist-packages/rp_action_msgs/msg/_TurnGoal.pyc
-- Up-to-date: /home/handsome/ros_ws_test/install/rp_action_msgs/lib/python2.7/dist-packages/rp_action_msgs/msg/_TurnAction.py
-- Up-to-date: /home/handsome/ros_ws_test/install/rp_action_msgs/lib/python2.7/dist-packages/rp_action_msgs/__init__.py
-- Up-to-date: /home/handsome/ros_ws_test/install/rp_action_msgs/lib/python2.7/dist-packages/rp_action_msgs/__init__.pyc
-- Up-to-date: /home/handsome/ros_ws_test/install/rp_action_msgs/lib/pkgconfig/rp_action_msgs.pc
-- Up-to-date: /home/handsome/ros_ws_test/install/rp_action_msgs/share/rp_action_msgs/cmake/rp_action_msgs-msg-extras.cmake
-- Up-to-date: /home/handsome/ros_ws_test/install/rp_action_msgs/share/rp_action_msgs/cmake/rp_action_msgsConfig.cmake
-- Up-to-date: /home/handsome/ros_ws_test/install/rp_action_msgs/share/rp_action_msgs/cmake/rp_action_msgsConfig-version.cmake
-- Up-to-date: /home/handsome/ros_ws_test/install/rp_action_msgs/share/rp_action_msgs/package.xml
