[0.186s] Invoking command in '/home/handsome/ros_ws_test/build/rp_action_msgs': /usr/bin/cmake --build /home/handsome/ros_ws_test/build/rp_action_msgs -- -j12 -l12
[0.689s] [  0%] Built target actionlib_msgs_generate_messages_nodejs
[0.692s] [  0%] Built target actionlib_msgs_generate_messages_py
[0.709s] [  0%] Built target actionlib_msgs_generate_messages_eus
[0.760s] [  0%] Built target actionlib_msgs_generate_messages_lisp
[0.861s] [  0%] Built target _rp_action_msgs_generate_messages_check_deps_TurnActionGoal
[0.878s] [  0%] Built target _rp_action_msgs_generate_messages_check_deps_TurnResult
[0.886s] [  0%] Built target actionlib_msgs_generate_messages_cpp
[0.893s] [  0%] Built target _rp_action_msgs_generate_messages_check_deps_TurnFeedback
[0.913s] [  0%] Built target _rp_action_msgs_generate_messages_check_deps_TurnActionResult
[0.925s] [  0%] Built target _rp_action_msgs_generate_messages_check_deps_TurnGoal
[0.952s] [  0%] Built target _rp_action_msgs_generate_messages_check_deps_TurnAction
[0.981s] [  0%] Built target _rp_action_msgs_generate_messages_check_deps_TurnActionFeedback
[1.066s] [ 21%] Built target rp_action_msgs_generate_messages_py
[1.121s] [ 43%] Built target rp_action_msgs_generate_messages_eus
[1.121s] [ 62%] Built target rp_action_msgs_generate_messages_cpp
[1.122s] [ 81%] Built target rp_action_msgs_generate_messages_lisp
[1.191s] [100%] Built target rp_action_msgs_generate_messages_nodejs
[1.272s] [100%] Built target rp_action_msgs_generate_messages
[1.374s] Invoked command in '/home/handsome/ros_ws_test/build/rp_action_msgs' returned '0': /usr/bin/cmake --build /home/handsome/ros_ws_test/build/rp_action_msgs -- -j12 -l12
[3.155s] Invoking command in '/home/handsome/ros_ws_test/build/rp_action_msgs': /usr/bin/cmake --build /home/handsome/ros_ws_test/build/rp_action_msgs --target tests -- -j12 -l12
[3.691s] Built target tests
[3.738s] Invoked command in '/home/handsome/ros_ws_test/build/rp_action_msgs' returned '0': /usr/bin/cmake --build /home/handsome/ros_ws_test/build/rp_action_msgs --target tests -- -j12 -l12
[4.639s] Invoking command in '/home/handsome/ros_ws_test/build/rp_action_msgs': /usr/bin/cmake --build /home/handsome/ros_ws_test/build/rp_action_msgs --target install -- -j12 -l12
[4.965s] [  0%] Built target actionlib_msgs_generate_messages_eus
[5.084s] [  0%] Built target actionlib_msgs_generate_messages_py
[5.089s] [  0%] Built target actionlib_msgs_generate_messages_cpp
[5.133s] [  0%] Built target actionlib_msgs_generate_messages_nodejs
[5.133s] [  0%] Built target actionlib_msgs_generate_messages_lisp
[5.150s] [  0%] Built target _rp_action_msgs_generate_messages_check_deps_TurnResult
[5.150s] [  0%] Built target _rp_action_msgs_generate_messages_check_deps_TurnActionFeedback
[5.150s] [  0%] Built target _rp_action_msgs_generate_messages_check_deps_TurnFeedback
[5.155s] [  0%] Built target _rp_action_msgs_generate_messages_check_deps_TurnActionGoal
[5.163s] [  0%] Built target _rp_action_msgs_generate_messages_check_deps_TurnGoal
[5.250s] [  0%] Built target _rp_action_msgs_generate_messages_check_deps_TurnAction
[5.255s] [  0%] Built target _rp_action_msgs_generate_messages_check_deps_TurnActionResult
[5.379s] [ 18%] Built target rp_action_msgs_generate_messages_nodejs
[5.391s] [ 37%] Built target rp_action_msgs_generate_messages_lisp
[5.394s] [ 56%] Built target rp_action_msgs_generate_messages_cpp
[5.400s] [ 78%] Built target rp_action_msgs_generate_messages_py
[5.466s] [100%] Built target rp_action_msgs_generate_messages_eus
[5.592s] [100%] Built target rp_action_msgs_generate_messages
[5.652s] [36mInstall the project...[0m
[5.675s] -- Install configuration: ""
[5.675s] -- Up-to-date: /home/handsome/ros_ws_test/install/rp_action_msgs/share/rp_action_msgs/action/Turn.action
[5.675s] -- Up-to-date: /home/handsome/ros_ws_test/install/rp_action_msgs/share/rp_action_msgs/msg/TurnAction.msg
[5.675s] -- Up-to-date: /home/handsome/ros_ws_test/install/rp_action_msgs/share/rp_action_msgs/msg/TurnActionGoal.msg
[5.676s] -- Up-to-date: /home/handsome/ros_ws_test/install/rp_action_msgs/share/rp_action_msgs/msg/TurnActionResult.msg
[5.676s] -- Up-to-date: /home/handsome/ros_ws_test/install/rp_action_msgs/share/rp_action_msgs/msg/TurnActionFeedback.msg
[5.676s] -- Up-to-date: /home/handsome/ros_ws_test/install/rp_action_msgs/share/rp_action_msgs/msg/TurnGoal.msg
[5.676s] -- Up-to-date: /home/handsome/ros_ws_test/install/rp_action_msgs/share/rp_action_msgs/msg/TurnResult.msg
[5.676s] -- Up-to-date: /home/handsome/ros_ws_test/install/rp_action_msgs/share/rp_action_msgs/msg/TurnFeedback.msg
[5.676s] -- Up-to-date: /home/handsome/ros_ws_test/install/rp_action_msgs/share/rp_action_msgs/cmake/rp_action_msgs-msg-paths.cmake
[5.676s] -- Up-to-date: /home/handsome/ros_ws_test/install/rp_action_msgs/include/rp_action_msgs
[5.676s] -- Up-to-date: /home/handsome/ros_ws_test/install/rp_action_msgs/include/rp_action_msgs/TurnFeedback.h
[5.676s] -- Up-to-date: /home/handsome/ros_ws_test/install/rp_action_msgs/include/rp_action_msgs/TurnResult.h
[5.677s] -- Up-to-date: /home/handsome/ros_ws_test/install/rp_action_msgs/include/rp_action_msgs/TurnActionResult.h
[5.677s] -- Up-to-date: /home/handsome/ros_ws_test/install/rp_action_msgs/include/rp_action_msgs/TurnActionGoal.h
[5.677s] -- Up-to-date: /home/handsome/ros_ws_test/install/rp_action_msgs/include/rp_action_msgs/TurnAction.h
[5.677s] -- Up-to-date: /home/handsome/ros_ws_test/install/rp_action_msgs/include/rp_action_msgs/TurnActionFeedback.h
[5.678s] -- Up-to-date: /home/handsome/ros_ws_test/install/rp_action_msgs/include/rp_action_msgs/TurnGoal.h
[5.678s] -- Up-to-date: /home/handsome/ros_ws_test/install/rp_action_msgs/share/roseus/ros/rp_action_msgs
[5.678s] -- Up-to-date: /home/handsome/ros_ws_test/install/rp_action_msgs/share/roseus/ros/rp_action_msgs/msg
[5.678s] -- Up-to-date: /home/handsome/ros_ws_test/install/rp_action_msgs/share/roseus/ros/rp_action_msgs/msg/TurnAction.l
[5.678s] -- Up-to-date: /home/handsome/ros_ws_test/install/rp_action_msgs/share/roseus/ros/rp_action_msgs/msg/TurnActionGoal.l
[5.679s] -- Up-to-date: /home/handsome/ros_ws_test/install/rp_action_msgs/share/roseus/ros/rp_action_msgs/msg/TurnResult.l
[5.679s] -- Up-to-date: /home/handsome/ros_ws_test/install/rp_action_msgs/share/roseus/ros/rp_action_msgs/msg/TurnActionResult.l
[5.679s] -- Up-to-date: /home/handsome/ros_ws_test/install/rp_action_msgs/share/roseus/ros/rp_action_msgs/msg/TurnActionFeedback.l
[5.679s] -- Up-to-date: /home/handsome/ros_ws_test/install/rp_action_msgs/share/roseus/ros/rp_action_msgs/msg/TurnGoal.l
[5.679s] -- Up-to-date: /home/handsome/ros_ws_test/install/rp_action_msgs/share/roseus/ros/rp_action_msgs/msg/TurnFeedback.l
[5.679s] -- Up-to-date: /home/handsome/ros_ws_test/install/rp_action_msgs/share/roseus/ros/rp_action_msgs/manifest.l
[5.681s] -- Up-to-date: /home/handsome/ros_ws_test/install/rp_action_msgs/share/common-lisp/ros/rp_action_msgs
[5.681s] -- Up-to-date: /home/handsome/ros_ws_test/install/rp_action_msgs/share/common-lisp/ros/rp_action_msgs/msg
[5.681s] -- Up-to-date: /home/handsome/ros_ws_test/install/rp_action_msgs/share/common-lisp/ros/rp_action_msgs/msg/TurnActionResult.lisp
[5.682s] -- Up-to-date: /home/handsome/ros_ws_test/install/rp_action_msgs/share/common-lisp/ros/rp_action_msgs/msg/_package_TurnActionFeedback.lisp
[5.682s] -- Up-to-date: /home/handsome/ros_ws_test/install/rp_action_msgs/share/common-lisp/ros/rp_action_msgs/msg/_package_TurnAction.lisp
[5.682s] -- Up-to-date: /home/handsome/ros_ws_test/install/rp_action_msgs/share/common-lisp/ros/rp_action_msgs/msg/TurnActionGoal.lisp
[5.682s] -- Up-to-date: /home/handsome/ros_ws_test/install/rp_action_msgs/share/common-lisp/ros/rp_action_msgs/msg/_package_TurnActionGoal.lisp
[5.682s] -- Up-to-date: /home/handsome/ros_ws_test/install/rp_action_msgs/share/common-lisp/ros/rp_action_msgs/msg/TurnGoal.lisp
[5.682s] -- Up-to-date: /home/handsome/ros_ws_test/install/rp_action_msgs/share/common-lisp/ros/rp_action_msgs/msg/_package_TurnActionResult.lisp
[5.683s] -- Up-to-date: /home/handsome/ros_ws_test/install/rp_action_msgs/share/common-lisp/ros/rp_action_msgs/msg/TurnResult.lisp
[5.685s] -- Up-to-date: /home/handsome/ros_ws_test/install/rp_action_msgs/share/common-lisp/ros/rp_action_msgs/msg/rp_action_msgs-msg.asd
[5.685s] -- Up-to-date: /home/handsome/ros_ws_test/install/rp_action_msgs/share/common-lisp/ros/rp_action_msgs/msg/_package_TurnResult.lisp
[5.685s] -- Up-to-date: /home/handsome/ros_ws_test/install/rp_action_msgs/share/common-lisp/ros/rp_action_msgs/msg/_package.lisp
[5.685s] -- Up-to-date: /home/handsome/ros_ws_test/install/rp_action_msgs/share/common-lisp/ros/rp_action_msgs/msg/TurnAction.lisp
[5.686s] -- Up-to-date: /home/handsome/ros_ws_test/install/rp_action_msgs/share/common-lisp/ros/rp_action_msgs/msg/TurnActionFeedback.lisp
[5.686s] -- Up-to-date: /home/handsome/ros_ws_test/install/rp_action_msgs/share/common-lisp/ros/rp_action_msgs/msg/TurnFeedback.lisp
[5.687s] -- Up-to-date: /home/handsome/ros_ws_test/install/rp_action_msgs/share/common-lisp/ros/rp_action_msgs/msg/_package_TurnFeedback.lisp
[5.688s] -- Up-to-date: /home/handsome/ros_ws_test/install/rp_action_msgs/share/common-lisp/ros/rp_action_msgs/msg/_package_TurnGoal.lisp
[5.688s] -- Up-to-date: /home/handsome/ros_ws_test/install/rp_action_msgs/share/gennodejs/ros/rp_action_msgs
[5.688s] -- Up-to-date: /home/handsome/ros_ws_test/install/rp_action_msgs/share/gennodejs/ros/rp_action_msgs/msg
[5.688s] -- Up-to-date: /home/handsome/ros_ws_test/install/rp_action_msgs/share/gennodejs/ros/rp_action_msgs/msg/_index.js
[5.689s] -- Up-to-date: /home/handsome/ros_ws_test/install/rp_action_msgs/share/gennodejs/ros/rp_action_msgs/msg/TurnGoal.js
[5.689s] -- Up-to-date: /home/handsome/ros_ws_test/install/rp_action_msgs/share/gennodejs/ros/rp_action_msgs/msg/TurnActionGoal.js
[5.690s] -- Up-to-date: /home/handsome/ros_ws_test/install/rp_action_msgs/share/gennodejs/ros/rp_action_msgs/msg/TurnResult.js
[5.690s] -- Up-to-date: /home/handsome/ros_ws_test/install/rp_action_msgs/share/gennodejs/ros/rp_action_msgs/msg/TurnActionFeedback.js
[5.690s] -- Up-to-date: /home/handsome/ros_ws_test/install/rp_action_msgs/share/gennodejs/ros/rp_action_msgs/msg/TurnFeedback.js
[5.690s] -- Up-to-date: /home/handsome/ros_ws_test/install/rp_action_msgs/share/gennodejs/ros/rp_action_msgs/msg/TurnActionResult.js
[5.691s] -- Up-to-date: /home/handsome/ros_ws_test/install/rp_action_msgs/share/gennodejs/ros/rp_action_msgs/msg/TurnAction.js
[5.691s] -- Up-to-date: /home/handsome/ros_ws_test/install/rp_action_msgs/share/gennodejs/ros/rp_action_msgs/_index.js
[5.731s] Listing /home/handsome/ros_ws_test/build/rp_action_msgs/devel/lib/python2.7/dist-packages/rp_action_msgs ...
[5.731s] Listing /home/handsome/ros_ws_test/build/rp_action_msgs/devel/lib/python2.7/dist-packages/rp_action_msgs/msg ...
[5.734s] -- Up-to-date: /home/handsome/ros_ws_test/install/rp_action_msgs/lib/python2.7/dist-packages/rp_action_msgs
[5.735s] -- Up-to-date: /home/handsome/ros_ws_test/install/rp_action_msgs/lib/python2.7/dist-packages/rp_action_msgs/msg
[5.735s] -- Up-to-date: /home/handsome/ros_ws_test/install/rp_action_msgs/lib/python2.7/dist-packages/rp_action_msgs/msg/_TurnFeedback.py
[5.735s] -- Up-to-date: /home/handsome/ros_ws_test/install/rp_action_msgs/lib/python2.7/dist-packages/rp_action_msgs/msg/__init__.py
[5.735s] -- Up-to-date: /home/handsome/ros_ws_test/install/rp_action_msgs/lib/python2.7/dist-packages/rp_action_msgs/msg/_TurnActionResult.pyc
[5.735s] -- Up-to-date: /home/handsome/ros_ws_test/install/rp_action_msgs/lib/python2.7/dist-packages/rp_action_msgs/msg/_TurnActionGoal.pyc
[5.736s] -- Up-to-date: /home/handsome/ros_ws_test/install/rp_action_msgs/lib/python2.7/dist-packages/rp_action_msgs/msg/_TurnActionResult.py
[5.736s] -- Up-to-date: /home/handsome/ros_ws_test/install/rp_action_msgs/lib/python2.7/dist-packages/rp_action_msgs/msg/_TurnResult.py
[5.736s] -- Up-to-date: /home/handsome/ros_ws_test/install/rp_action_msgs/lib/python2.7/dist-packages/rp_action_msgs/msg/_TurnGoal.py
[5.736s] -- Up-to-date: /home/handsome/ros_ws_test/install/rp_action_msgs/lib/python2.7/dist-packages/rp_action_msgs/msg/_TurnActionFeedback.pyc
[5.736s] -- Up-to-date: /home/handsome/ros_ws_test/install/rp_action_msgs/lib/python2.7/dist-packages/rp_action_msgs/msg/_TurnActionFeedback.py
[5.736s] -- Up-to-date: /home/handsome/ros_ws_test/install/rp_action_msgs/lib/python2.7/dist-packages/rp_action_msgs/msg/_TurnAction.pyc
[5.736s] -- Up-to-date: /home/handsome/ros_ws_test/install/rp_action_msgs/lib/python2.7/dist-packages/rp_action_msgs/msg/__init__.pyc
[5.736s] -- Up-to-date: /home/handsome/ros_ws_test/install/rp_action_msgs/lib/python2.7/dist-packages/rp_action_msgs/msg/_TurnActionGoal.py
[5.736s] -- Up-to-date: /home/handsome/ros_ws_test/install/rp_action_msgs/lib/python2.7/dist-packages/rp_action_msgs/msg/_TurnFeedback.pyc
[5.737s] -- Up-to-date: /home/handsome/ros_ws_test/install/rp_action_msgs/lib/python2.7/dist-packages/rp_action_msgs/msg/_TurnResult.pyc
[5.737s] -- Up-to-date: /home/handsome/ros_ws_test/install/rp_action_msgs/lib/python2.7/dist-packages/rp_action_msgs/msg/_TurnGoal.pyc
[5.737s] -- Up-to-date: /home/handsome/ros_ws_test/install/rp_action_msgs/lib/python2.7/dist-packages/rp_action_msgs/msg/_TurnAction.py
[5.737s] -- Up-to-date: /home/handsome/ros_ws_test/install/rp_action_msgs/lib/python2.7/dist-packages/rp_action_msgs/__init__.py
[5.738s] -- Up-to-date: /home/handsome/ros_ws_test/install/rp_action_msgs/lib/python2.7/dist-packages/rp_action_msgs/__init__.pyc
[5.738s] -- Up-to-date: /home/handsome/ros_ws_test/install/rp_action_msgs/lib/pkgconfig/rp_action_msgs.pc
[5.738s] -- Up-to-date: /home/handsome/ros_ws_test/install/rp_action_msgs/share/rp_action_msgs/cmake/rp_action_msgs-msg-extras.cmake
[5.738s] -- Up-to-date: /home/handsome/ros_ws_test/install/rp_action_msgs/share/rp_action_msgs/cmake/rp_action_msgsConfig.cmake
[5.738s] -- Up-to-date: /home/handsome/ros_ws_test/install/rp_action_msgs/share/rp_action_msgs/cmake/rp_action_msgsConfig-version.cmake
[5.739s] -- Up-to-date: /home/handsome/ros_ws_test/install/rp_action_msgs/share/rp_action_msgs/package.xml
[5.745s] Invoked command in '/home/handsome/ros_ws_test/build/rp_action_msgs' returned '0': /usr/bin/cmake --build /home/handsome/ros_ws_test/build/rp_action_msgs --target install -- -j12 -l12
