[0.147s] Invoking command in '/home/handsome/ros_ws_test/build/locomove_base': CMAKE_PREFIX_PATH=/home/handsome/ros_ws_test/install/locomotor:/home/handsome/ros_ws_test/install/nav_core_adapter:/home/handsome/ros_ws_test/install/nav_2d_utils:/home/handsome/ros_ws_test/install/nav_core2:/home/handsome/ros_ws_test/install/locomotor_msgs:/home/handsome/ros_ws_test/install/nav_grid:/home/handsome/ros_ws_test/install/nav_2d_msgs:${CMAKE_PREFIX_PATH} LD_LIBRARY_PATH=/home/handsome/ros_ws_test/install/locomotor/lib:/home/handsome/ros_ws_test/install/nav_core_adapter/lib:/home/handsome/ros_ws_test/install/nav_2d_utils/lib:/home/handsome/ros_ws_test/install/nav_core2/lib:/home/handsome/ros_ws/install/yocs_cmd_vel_mux/lib:/home/handsome/ros_ws/install/tuw_multi_robot_router/lib:/home/handsome/ros_ws/install/tuw_voronoi_graph/lib:/home/handsome/ros_ws/install/tuw_vehicle_msgs/lib:/home/handsome/ros_ws/install/tuw_nav_rviz/lib:/home/handsome/ros_ws/install/tuw_multi_robot_local_behavior_controller/lib:/home/handsome/ros_ws/install/tuw_multi_robot_ctrl/lib:/home/handsome/ros_ws/install/tuw_nav_msgs/lib:/home/handsome/ros_ws/install/tuw_multi_robot_rviz/lib:/home/handsome/ros_ws/install/tuw_geometry_rviz/lib:/home/handsome/ros_ws/install/tuw_geometry_msgs/lib:/home/handsome/ros_ws/install/tuw_geometry/lib:/home/handsome/ros_ws/install/tuw_control/lib:/home/handsome/ros_ws/install/teb2_local_planner/lib:/home/handsome/ros_ws/install/spatio_temporal_voxel_layer/lib:/home/handsome/ros_ws/install/robot_database_bridge/lib:/home/handsome/ros_ws/install/ros_utility_tools/lib:/home/handsome/ros_ws/install/robot_localization/lib:/home/handsome/ros_ws/install/pnp_ros/lib:/home/handsome/ros_ws/install/omron_os32c_driver/lib:/home/handsome/ros_ws/install/dlux_plugins/lib:/home/handsome/ros_ws/install/dlux_global_planner/lib:/home/handsome/ros_ws/install/nav_grid_pub_sub/lib:/home/handsome/ros_ws/install/dwb_critics/lib:/home/handsome/ros_ws/install/nav_grid_iterators/lib:/home/handsome/ros_ws/install/locomotor/lib:/home/handsome/ros_ws/install/nav_core_adapter/lib:/home/handsome/ros_ws/install/dwb_plugins/lib:/home/handsome/ros_ws/install/dwb_local_planner/lib:/home/handsome/ros_ws/install/nav_2d_utils/lib:/home/handsome/ros_ws/install/global_planner_tests/lib:/home/handsome/ros_ws/install/costmap_queue/lib:/home/handsome/ros_ws/install/nav_core2/lib:/home/handsome/ros_ws/install/mongodb_store/lib:/home/handsome/ros_ws/install/libcreate/lib:/opt/ros/melodic/lib:/usr/local/lib PKG_CONFIG_PATH=/home/handsome/ros_ws_test/install/locomotor/lib/x86_64-linux-gnu/pkgconfig:/home/handsome/ros_ws_test/install/locomotor/lib/pkgconfig:/home/handsome/ros_ws_test/install/nav_core_adapter/lib/x86_64-linux-gnu/pkgconfig:/home/handsome/ros_ws_test/install/nav_core_adapter/lib/pkgconfig:/home/handsome/ros_ws_test/install/nav_2d_utils/lib/x86_64-linux-gnu/pkgconfig:/home/handsome/ros_ws_test/install/nav_2d_utils/lib/pkgconfig:/home/handsome/ros_ws_test/install/nav_core2/lib/x86_64-linux-gnu/pkgconfig:/home/handsome/ros_ws_test/install/nav_core2/lib/pkgconfig:/home/handsome/ros_ws_test/install/locomotor_msgs/lib/x86_64-linux-gnu/pkgconfig:/home/handsome/ros_ws_test/install/locomotor_msgs/lib/pkgconfig:/home/handsome/ros_ws_test/install/nav_grid/lib/x86_64-linux-gnu/pkgconfig:/home/handsome/ros_ws_test/install/nav_grid/lib/pkgconfig:/home/handsome/ros_ws_test/install/nav_2d_msgs/lib/x86_64-linux-gnu/pkgconfig:/home/handsome/ros_ws_test/install/nav_2d_msgs/lib/pkgconfig:${PKG_CONFIG_PATH} PYTHONPATH=/home/handsome/ros_ws_test/install/locomotor_msgs/lib/python2.7/dist-packages:/home/handsome/ros_ws_test/install/nav_2d_msgs/lib/python2.7/dist-packages:${PYTHONPATH} ROS_PACKAGE_PATH=/home/handsome/ros_ws_test/install/locomotor/share:/home/handsome/ros_ws_test/install/nav_core_adapter/share:/home/handsome/ros_ws_test/install/nav_2d_utils/share:/home/handsome/ros_ws_test/install/nav_core2/share:/home/handsome/ros_ws_test/install/locomotor_msgs/share:/home/handsome/ros_ws_test/install/nav_grid/share:/home/handsome/ros_ws_test/install/nav_2d_msgs/share:${ROS_PACKAGE_PATH} /usr/bin/cmake /home/handsome/ros_ws_test/src/ros_base/robot_navigation/locomove_base -DCATKIN_INSTALL_INTO_PREFIX_ROOT=0 -DCMAKE_INSTALL_PREFIX=/home/handsome/ros_ws_test/install/locomove_base
[0.246s] -- The C compiler identification is GNU 7.5.0
[0.347s] -- The CXX compiler identification is GNU 7.5.0
[0.354s] -- Check for working C compiler: /usr/bin/cc
[0.480s] -- Check for working C compiler: /usr/bin/cc -- works
[0.481s] -- Detecting C compiler ABI info
[0.606s] -- Detecting C compiler ABI info - done
[0.615s] -- Detecting C compile features
[1.005s] -- Detecting C compile features - done
[1.010s] -- Check for working CXX compiler: /usr/bin/c++
[1.159s] -- Check for working CXX compiler: /usr/bin/c++ -- works
[1.160s] -- Detecting CXX compiler ABI info
[1.306s] -- Detecting CXX compiler ABI info - done
[1.315s] -- Detecting CXX compile features
[1.960s] -- Detecting CXX compile features - done
[1.972s] -- Using CATKIN_DEVEL_PREFIX: /home/handsome/ros_ws_test/build/locomove_base/devel
[1.973s] -- Using CMAKE_PREFIX_PATH: /home/handsome/ros_ws_test/install/locomotor;/home/handsome/ros_ws_test/install/nav_core_adapter;/home/handsome/ros_ws_test/install/nav_2d_utils;/home/handsome/ros_ws_test/install/nav_core2;/home/handsome/ros_ws_test/install/locomotor_msgs;/home/handsome/ros_ws_test/install/nav_grid;/home/handsome/ros_ws_test/install/nav_2d_msgs;/home/handsome/ros_ws/install/yocs_cmd_vel_mux;/home/handsome/ros_ws/install/urdf_tutorial;/home/handsome/ros_ws/install/tuw_waypoint_to_spline_msgs;/home/handsome/ros_ws/install/tuw_multi_robot_router;/home/handsome/ros_ws/install/tuw_voronoi_graph;/home/handsome/ros_ws/install/tuw_vehicle_msgs;/home/handsome/ros_ws/install/tuw_order_planner;/home/handsome/ros_ws/install/tuw_object_rviz;/home/handsome/ros_ws/install/tuw_object_msgs;/home/handsome/ros_ws/install/tuw_nav_rviz;/home/handsome/ros_ws/install/tuw_multi_robot_local_behavior_controller;/home/handsome/ros_ws/install/tuw_multi_robot_ctrl;/home/handsome/ros_ws/install/tuw_nav_msgs;/home/handsome/ros_ws/install/tuw_multi_robot_rviz;/home/handsome/ros_ws/install/tuw_multi_robot_goal_generator;/home/handsome/ros_ws/install/robot_scheduling_utility;/home/handsome/ros_ws/install/robot_scheduling_actions;/home/handsome/ros_ws/install/actionlib_modules_bridge;/home/handsome/ros_ws/install/tuw_multi_robot_msgs;/home/handsome/ros_ws/install/tuw_multi_robot_demo;/home/handsome/ros_ws/install/tuw_local_controller_msgs;/home/handsome/ros_ws/install/tuw_geometry_rviz;/home/handsome/ros_ws/install/tuw_geometry_msgs;/home/handsome/ros_ws/install/tuw_geometry;/home/handsome/ros_ws/install/tuw_gazebo_msgs;/home/handsome/ros_ws/install/tuw_control;/home/handsome/ros_ws/install/tuw_airskin_msgs;/home/handsome/ros_ws/install/turtlebot_teleop;/home/handsome/ros_ws/install/tug_example_pnp_server;/home/handsome/ros_ws/install/tug_example_actions;/home/handsome/ros_ws/install/tug_example_msgs;/home/handsome/ros_ws/install/timed_roslaunch;/home/handsome/ros_ws/install/teb2_local_planner;/home/handsome/ros_ws/install/stated_roslaunch;/home/handsome/ros_ws/install/spatio_temporal_voxel_layer;/home/handsome/ros_ws/install/robot_udp_bridge;/home/handsome/ros_ws/install/robot_database_bridge;/home/handsome/ros_ws/install/samsungcmd_msgs;/home/handsome/ros_ws/install/rplidar_ros;/home/handsome/ros_ws/install/rp_action;/home/handsome/ros_ws/install/rp_action_msgs;/home/handsome/ros_ws/install/rosserial_xbee;/home/handsome/ros_ws/install/rosserial_windows;/home/handsome/ros_ws/install/rosserial_tivac;/home/handsome/ros_ws/install/rosserial_test;/home/handsome/ros_ws/install/rosserial_server;/home/handsome/ros_ws/install/rosserial_python;/home/handsome/ros_ws/install/rosserial_mbed;/home/handsome/ros_ws/install/rosserial_embeddedlinux;/home/handsome/ros_ws/install/rosserial_arduino;/home/handsome/ros_ws/install/rosserial_client;/home/handsome/ros_ws/install/rosserial_msgs;/home/handsome/ros_ws/install/cellctrl_qtgui_bridge;/home/handsome/ros_ws/install/car_db_manager_qtgui;/home/handsome/ros_ws/install/car_db_manager_bridge;/home/handsome/ros_ws/install/car_db_manager_action;/home/handsome/ros_ws/install/ros_utility_tools;/home/handsome/ros_ws/install/ros_package_test;/home/handsome/ros_ws/install/ros_package_manager;/home/handsome/ros_ws/install/robot_scheduling_server;/home/handsome/ros_ws/install/robot_scheduling_msgs;/home/handsome/ros_ws/install/robot_localization;/home/handsome/ros_ws/install/robot_control_msgs;/home/handsome/ros_ws/install/reset_location;/home/handsome/ros_ws/install/razor_imu_9dof;/home/handsome/ros_ws/install/pnp_rosplan;/home/handsome/ros_ws/install/actionlib_pnp_controller;/home/handsome/ros_ws/install/actionlib_modules_controller;/home/handsome/ros_ws/install/pnp_ros;/home/handsome/ros_ws/install/pnp_msgs;/home/handsome/ros_ws/install/open_auto_dock;/home/handsome/ros_ws/install/open_auto_dock_msgs;/home/handsome/ros_ws/install/omron_os32c_driver;/home/handsome/ros_ws/install/dlux_plugins;/home/handsome/ros_ws/install/dlux_global_planner;/home/handsome/ros_ws/install/nav_grid_pub_sub;/home/handsome/ros_ws/install/dwb_critics;/home/handsome/ros_ws/install/nav_grid_iterators;/home/handsome/ros_ws/install/locomove_base;/home/handsome/ros_ws/install/locomotor;/home/handsome/ros_ws/install/nav_core_adapter;/home/handsome/ros_ws/install/dwb_plugins;/home/handsome/ros_ws/install/dwb_local_planner;/home/handsome/ros_ws/install/nav_2d_utils;/home/handsome/ros_ws/install/global_planner_tests;/home/handsome/ros_ws/install/costmap_queue;/home/handsome/ros_ws/install/nav_core2;/home/handsome/ros_ws/install/nav_grid;/home/handsome/ros_ws/install/car_schedule_msgs;/home/handsome/ros_ws/install/actionlib_modules_msgs;/home/handsome/ros_ws/install/locomotor_msgs;/home/handsome/ros_ws/install/dwb_msgs;/home/handsome/ros_ws/install/nav_2d_msgs;/home/handsome/ros_ws/install/mongodb_log;/home/handsome/ros_ws/install/mongodb_store;/home/handsome/ros_ws/install/mongodb_store_msgs;/home/handsome/ros_ws/install/ca_driver;/home/handsome/ros_ws/install/libcreate;/home/handsome/ros_ws/install/i_robot_stage;/home/handsome/ros_ws/install/i_robot_navigation;/home/handsome/ros_ws/install/hyc_order_planner;/home/handsome/ros_ws/install/hyc_multi_robot_msgs;/home/handsome/ros_ws/install/fetch_open_auto_dock;/home/handsome/ros_ws/install/fetch_auto_dock_msgs;/home/handsome/ros_ws/install/change_teb2_max_vel_x_onfly;/home/handsome/ros_ws/install/cellctrl_control_msgs;/home/handsome/ros_ws/install/car_db_manager_msgs;/home/handsome/ros_ws/install/ca_msgs;/home/handsome/ros_ws/install/ca_description;/home/handsome/ros_ws/install/botcmd_msgs;/opt/ros/melodic
[1.977s] -- This workspace overlays: /home/handsome/ros_ws_test/install/locomotor;/home/handsome/ros_ws_test/install/nav_core_adapter;/home/handsome/ros_ws_test/install/nav_2d_utils;/home/handsome/ros_ws_test/install/nav_core2;/home/handsome/ros_ws_test/install/locomotor_msgs;/home/handsome/ros_ws_test/install/nav_grid;/home/handsome/ros_ws_test/install/nav_2d_msgs;/home/handsome/ros_ws/install/yocs_cmd_vel_mux;/home/handsome/ros_ws/install/urdf_tutorial;/home/handsome/ros_ws/install/tuw_waypoint_to_spline_msgs;/home/handsome/ros_ws/install/tuw_multi_robot_router;/home/handsome/ros_ws/install/tuw_voronoi_graph;/home/handsome/ros_ws/install/tuw_vehicle_msgs;/home/handsome/ros_ws/install/tuw_order_planner;/home/handsome/ros_ws/install/tuw_object_rviz;/home/handsome/ros_ws/install/tuw_object_msgs;/home/handsome/ros_ws/install/tuw_nav_rviz;/home/handsome/ros_ws/install/tuw_multi_robot_local_behavior_controller;/home/handsome/ros_ws/install/tuw_multi_robot_ctrl;/home/handsome/ros_ws/install/tuw_nav_msgs;/home/handsome/ros_ws/install/tuw_multi_robot_rviz;/home/handsome/ros_ws/install/tuw_multi_robot_goal_generator;/home/handsome/ros_ws/install/robot_scheduling_utility;/home/handsome/ros_ws/install/robot_scheduling_actions;/home/handsome/ros_ws/install/actionlib_modules_bridge;/home/handsome/ros_ws/install/tuw_multi_robot_msgs;/home/handsome/ros_ws/install/tuw_multi_robot_demo;/home/handsome/ros_ws/install/tuw_local_controller_msgs;/home/handsome/ros_ws/install/tuw_geometry_rviz;/home/handsome/ros_ws/install/tuw_geometry_msgs;/home/handsome/ros_ws/install/tuw_geometry;/home/handsome/ros_ws/install/tuw_gazebo_msgs;/home/handsome/ros_ws/install/tuw_control;/home/handsome/ros_ws/install/tuw_airskin_msgs;/home/handsome/ros_ws/install/turtlebot_teleop;/home/handsome/ros_ws/install/tug_example_pnp_server;/home/handsome/ros_ws/install/tug_example_actions;/home/handsome/ros_ws/install/tug_example_msgs;/home/handsome/ros_ws/install/timed_roslaunch;/home/handsome/ros_ws/install/teb2_local_planner;/home/handsome/ros_ws/install/stated_roslaunch;/home/handsome/ros_ws/install/spatio_temporal_voxel_layer;/home/handsome/ros_ws/install/robot_udp_bridge;/home/handsome/ros_ws/install/robot_database_bridge;/home/handsome/ros_ws/install/samsungcmd_msgs;/home/handsome/ros_ws/install/rplidar_ros;/home/handsome/ros_ws/install/rp_action;/home/handsome/ros_ws/install/rp_action_msgs;/home/handsome/ros_ws/install/rosserial_xbee;/home/handsome/ros_ws/install/rosserial_windows;/home/handsome/ros_ws/install/rosserial_tivac;/home/handsome/ros_ws/install/rosserial_test;/home/handsome/ros_ws/install/rosserial_server;/home/handsome/ros_ws/install/rosserial_python;/home/handsome/ros_ws/install/rosserial_mbed;/home/handsome/ros_ws/install/rosserial_embeddedlinux;/home/handsome/ros_ws/install/rosserial_arduino;/home/handsome/ros_ws/install/rosserial_client;/home/handsome/ros_ws/install/rosserial_msgs;/home/handsome/ros_ws/install/cellctrl_qtgui_bridge;/home/handsome/ros_ws/install/car_db_manager_qtgui;/home/handsome/ros_ws/install/car_db_manager_bridge;/home/handsome/ros_ws/install/car_db_manager_action;/home/handsome/ros_ws/install/ros_utility_tools;/home/handsome/ros_ws/install/ros_package_test;/home/handsome/ros_ws/install/ros_package_manager;/home/handsome/ros_ws/install/robot_scheduling_server;/home/handsome/ros_ws/install/robot_scheduling_msgs;/home/handsome/ros_ws/install/robot_localization;/home/handsome/ros_ws/install/robot_control_msgs;/home/handsome/ros_ws/install/reset_location;/home/handsome/ros_ws/install/razor_imu_9dof;/home/handsome/ros_ws/install/pnp_rosplan;/home/handsome/ros_ws/install/actionlib_pnp_controller;/home/handsome/ros_ws/install/actionlib_modules_controller;/home/handsome/ros_ws/install/pnp_ros;/home/handsome/ros_ws/install/pnp_msgs;/home/handsome/ros_ws/install/open_auto_dock;/home/handsome/ros_ws/install/open_auto_dock_msgs;/home/handsome/ros_ws/install/omron_os32c_driver;/home/handsome/ros_ws/install/dlux_plugins;/home/handsome/ros_ws/install/dlux_global_planner;/home/handsome/ros_ws/install/nav_grid_pub_sub;/home/handsome/ros_ws/install/dwb_critics;/home/handsome/ros_ws/install/nav_grid_iterators;/home/handsome/ros_ws/install/locomove_base;/home/handsome/ros_ws/install/locomotor;/home/handsome/ros_ws/install/nav_core_adapter;/home/handsome/ros_ws/install/dwb_plugins;/home/handsome/ros_ws/install/dwb_local_planner;/home/handsome/ros_ws/install/nav_2d_utils;/home/handsome/ros_ws/install/global_planner_tests;/home/handsome/ros_ws/install/costmap_queue;/home/handsome/ros_ws/install/nav_core2;/home/handsome/ros_ws/install/nav_grid;/home/handsome/ros_ws/install/car_schedule_msgs;/home/handsome/ros_ws/install/actionlib_modules_msgs;/home/handsome/ros_ws/install/locomotor_msgs;/home/handsome/ros_ws/install/dwb_msgs;/home/handsome/ros_ws/install/nav_2d_msgs;/home/handsome/ros_ws/install/mongodb_log;/home/handsome/ros_ws/install/mongodb_store;/home/handsome/ros_ws/install/mongodb_store_msgs;/home/handsome/ros_ws/install/ca_driver;/home/handsome/ros_ws/install/i_robot_stage;/home/handsome/ros_ws/install/i_robot_navigation;/home/handsome/ros_ws/install/hyc_order_planner;/home/handsome/ros_ws/install/hyc_multi_robot_msgs;/home/handsome/ros_ws/install/fetch_open_auto_dock;/home/handsome/ros_ws/install/fetch_auto_dock_msgs;/home/handsome/ros_ws/install/change_teb2_max_vel_x_onfly;/home/handsome/ros_ws/install/cellctrl_control_msgs;/home/handsome/ros_ws/install/car_db_manager_msgs;/home/handsome/ros_ws/install/ca_msgs;/home/handsome/ros_ws/install/ca_description;/home/handsome/ros_ws/install/botcmd_msgs;/opt/ros/melodic
[2.009s] -- Found PythonInterp: /usr/bin/python2 (found suitable version "2.7.17", minimum required is "2") 
[2.010s] -- Using PYTHON_EXECUTABLE: /usr/bin/python2
[2.010s] -- Using Debian Python package layout
[2.011s] -- Using empy: /usr/bin/empy
[2.226s] -- Using CATKIN_ENABLE_TESTING: ON
[2.226s] -- Call enable_testing()
[2.230s] -- Using CATKIN_TEST_RESULTS_DIR: /home/handsome/ros_ws_test/build/locomove_base/test_results
[2.297s] -- Found gtest sources under '/usr/src/googletest': gtests will be built
[2.297s] -- Found gmock sources under '/usr/src/googletest': gmock will be built
[2.328s] -- Found PythonInterp: /usr/bin/python2 (found version "2.7.17") 
[2.330s] -- Looking for pthread.h
[2.468s] -- Looking for pthread.h - found
[2.469s] -- Looking for pthread_create
[2.591s] -- Looking for pthread_create - not found
[2.591s] -- Looking for pthread_create in pthreads
[2.708s] -- Looking for pthread_create in pthreads - not found
[2.708s] -- Looking for pthread_create in pthread
[2.837s] -- Looking for pthread_create in pthread - found
[2.839s] -- Found Threads: TRUE  
[2.849s] -- Using Python nosetests: /usr/bin/nosetests-2.7
[2.930s] -- catkin 0.7.28
[2.930s] -- BUILD_SHARED_LIBS is on
[3.380s] -- Using these message generators: gencpp;geneus;genlisp;gennodejs;genpy
[4.483s] -- Configuring done
[4.528s] -- Generating done
[4.540s] -- Build files have been written to: /home/handsome/ros_ws_test/build/locomove_base
[4.546s] Invoked command in '/home/handsome/ros_ws_test/build/locomove_base' returned '0': CMAKE_PREFIX_PATH=/home/handsome/ros_ws_test/install/locomotor:/home/handsome/ros_ws_test/install/nav_core_adapter:/home/handsome/ros_ws_test/install/nav_2d_utils:/home/handsome/ros_ws_test/install/nav_core2:/home/handsome/ros_ws_test/install/locomotor_msgs:/home/handsome/ros_ws_test/install/nav_grid:/home/handsome/ros_ws_test/install/nav_2d_msgs:${CMAKE_PREFIX_PATH} LD_LIBRARY_PATH=/home/handsome/ros_ws_test/install/locomotor/lib:/home/handsome/ros_ws_test/install/nav_core_adapter/lib:/home/handsome/ros_ws_test/install/nav_2d_utils/lib:/home/handsome/ros_ws_test/install/nav_core2/lib:/home/handsome/ros_ws/install/yocs_cmd_vel_mux/lib:/home/handsome/ros_ws/install/tuw_multi_robot_router/lib:/home/handsome/ros_ws/install/tuw_voronoi_graph/lib:/home/handsome/ros_ws/install/tuw_vehicle_msgs/lib:/home/handsome/ros_ws/install/tuw_nav_rviz/lib:/home/handsome/ros_ws/install/tuw_multi_robot_local_behavior_controller/lib:/home/handsome/ros_ws/install/tuw_multi_robot_ctrl/lib:/home/handsome/ros_ws/install/tuw_nav_msgs/lib:/home/handsome/ros_ws/install/tuw_multi_robot_rviz/lib:/home/handsome/ros_ws/install/tuw_geometry_rviz/lib:/home/handsome/ros_ws/install/tuw_geometry_msgs/lib:/home/handsome/ros_ws/install/tuw_geometry/lib:/home/handsome/ros_ws/install/tuw_control/lib:/home/handsome/ros_ws/install/teb2_local_planner/lib:/home/handsome/ros_ws/install/spatio_temporal_voxel_layer/lib:/home/handsome/ros_ws/install/robot_database_bridge/lib:/home/handsome/ros_ws/install/ros_utility_tools/lib:/home/handsome/ros_ws/install/robot_localization/lib:/home/handsome/ros_ws/install/pnp_ros/lib:/home/handsome/ros_ws/install/omron_os32c_driver/lib:/home/handsome/ros_ws/install/dlux_plugins/lib:/home/handsome/ros_ws/install/dlux_global_planner/lib:/home/handsome/ros_ws/install/nav_grid_pub_sub/lib:/home/handsome/ros_ws/install/dwb_critics/lib:/home/handsome/ros_ws/install/nav_grid_iterators/lib:/home/handsome/ros_ws/install/locomotor/lib:/home/handsome/ros_ws/install/nav_core_adapter/lib:/home/handsome/ros_ws/install/dwb_plugins/lib:/home/handsome/ros_ws/install/dwb_local_planner/lib:/home/handsome/ros_ws/install/nav_2d_utils/lib:/home/handsome/ros_ws/install/global_planner_tests/lib:/home/handsome/ros_ws/install/costmap_queue/lib:/home/handsome/ros_ws/install/nav_core2/lib:/home/handsome/ros_ws/install/mongodb_store/lib:/home/handsome/ros_ws/install/libcreate/lib:/opt/ros/melodic/lib:/usr/local/lib PKG_CONFIG_PATH=/home/handsome/ros_ws_test/install/locomotor/lib/x86_64-linux-gnu/pkgconfig:/home/handsome/ros_ws_test/install/locomotor/lib/pkgconfig:/home/handsome/ros_ws_test/install/nav_core_adapter/lib/x86_64-linux-gnu/pkgconfig:/home/handsome/ros_ws_test/install/nav_core_adapter/lib/pkgconfig:/home/handsome/ros_ws_test/install/nav_2d_utils/lib/x86_64-linux-gnu/pkgconfig:/home/handsome/ros_ws_test/install/nav_2d_utils/lib/pkgconfig:/home/handsome/ros_ws_test/install/nav_core2/lib/x86_64-linux-gnu/pkgconfig:/home/handsome/ros_ws_test/install/nav_core2/lib/pkgconfig:/home/handsome/ros_ws_test/install/locomotor_msgs/lib/x86_64-linux-gnu/pkgconfig:/home/handsome/ros_ws_test/install/locomotor_msgs/lib/pkgconfig:/home/handsome/ros_ws_test/install/nav_grid/lib/x86_64-linux-gnu/pkgconfig:/home/handsome/ros_ws_test/install/nav_grid/lib/pkgconfig:/home/handsome/ros_ws_test/install/nav_2d_msgs/lib/x86_64-linux-gnu/pkgconfig:/home/handsome/ros_ws_test/install/nav_2d_msgs/lib/pkgconfig:${PKG_CONFIG_PATH} PYTHONPATH=/home/handsome/ros_ws_test/install/locomotor_msgs/lib/python2.7/dist-packages:/home/handsome/ros_ws_test/install/nav_2d_msgs/lib/python2.7/dist-packages:${PYTHONPATH} ROS_PACKAGE_PATH=/home/handsome/ros_ws_test/install/locomotor/share:/home/handsome/ros_ws_test/install/nav_core_adapter/share:/home/handsome/ros_ws_test/install/nav_2d_utils/share:/home/handsome/ros_ws_test/install/nav_core2/share:/home/handsome/ros_ws_test/install/locomotor_msgs/share:/home/handsome/ros_ws_test/install/nav_grid/share:/home/handsome/ros_ws_test/install/nav_2d_msgs/share:${ROS_PACKAGE_PATH} /usr/bin/cmake /home/handsome/ros_ws_test/src/ros_base/robot_navigation/locomove_base -DCATKIN_INSTALL_INTO_PREFIX_ROOT=0 -DCMAKE_INSTALL_PREFIX=/home/handsome/ros_ws_test/install/locomove_base
[4.548s] Invoking command in '/home/handsome/ros_ws_test/build/locomove_base': CMAKE_PREFIX_PATH=/home/handsome/ros_ws_test/install/locomotor:/home/handsome/ros_ws_test/install/nav_core_adapter:/home/handsome/ros_ws_test/install/nav_2d_utils:/home/handsome/ros_ws_test/install/nav_core2:/home/handsome/ros_ws_test/install/locomotor_msgs:/home/handsome/ros_ws_test/install/nav_grid:/home/handsome/ros_ws_test/install/nav_2d_msgs:${CMAKE_PREFIX_PATH} LD_LIBRARY_PATH=/home/handsome/ros_ws_test/install/locomotor/lib:/home/handsome/ros_ws_test/install/nav_core_adapter/lib:/home/handsome/ros_ws_test/install/nav_2d_utils/lib:/home/handsome/ros_ws_test/install/nav_core2/lib:/home/handsome/ros_ws/install/yocs_cmd_vel_mux/lib:/home/handsome/ros_ws/install/tuw_multi_robot_router/lib:/home/handsome/ros_ws/install/tuw_voronoi_graph/lib:/home/handsome/ros_ws/install/tuw_vehicle_msgs/lib:/home/handsome/ros_ws/install/tuw_nav_rviz/lib:/home/handsome/ros_ws/install/tuw_multi_robot_local_behavior_controller/lib:/home/handsome/ros_ws/install/tuw_multi_robot_ctrl/lib:/home/handsome/ros_ws/install/tuw_nav_msgs/lib:/home/handsome/ros_ws/install/tuw_multi_robot_rviz/lib:/home/handsome/ros_ws/install/tuw_geometry_rviz/lib:/home/handsome/ros_ws/install/tuw_geometry_msgs/lib:/home/handsome/ros_ws/install/tuw_geometry/lib:/home/handsome/ros_ws/install/tuw_control/lib:/home/handsome/ros_ws/install/teb2_local_planner/lib:/home/handsome/ros_ws/install/spatio_temporal_voxel_layer/lib:/home/handsome/ros_ws/install/robot_database_bridge/lib:/home/handsome/ros_ws/install/ros_utility_tools/lib:/home/handsome/ros_ws/install/robot_localization/lib:/home/handsome/ros_ws/install/pnp_ros/lib:/home/handsome/ros_ws/install/omron_os32c_driver/lib:/home/handsome/ros_ws/install/dlux_plugins/lib:/home/handsome/ros_ws/install/dlux_global_planner/lib:/home/handsome/ros_ws/install/nav_grid_pub_sub/lib:/home/handsome/ros_ws/install/dwb_critics/lib:/home/handsome/ros_ws/install/nav_grid_iterators/lib:/home/handsome/ros_ws/install/locomotor/lib:/home/handsome/ros_ws/install/nav_core_adapter/lib:/home/handsome/ros_ws/install/dwb_plugins/lib:/home/handsome/ros_ws/install/dwb_local_planner/lib:/home/handsome/ros_ws/install/nav_2d_utils/lib:/home/handsome/ros_ws/install/global_planner_tests/lib:/home/handsome/ros_ws/install/costmap_queue/lib:/home/handsome/ros_ws/install/nav_core2/lib:/home/handsome/ros_ws/install/mongodb_store/lib:/home/handsome/ros_ws/install/libcreate/lib:/opt/ros/melodic/lib:/usr/local/lib PKG_CONFIG_PATH=/home/handsome/ros_ws_test/install/locomotor/lib/x86_64-linux-gnu/pkgconfig:/home/handsome/ros_ws_test/install/locomotor/lib/pkgconfig:/home/handsome/ros_ws_test/install/nav_core_adapter/lib/x86_64-linux-gnu/pkgconfig:/home/handsome/ros_ws_test/install/nav_core_adapter/lib/pkgconfig:/home/handsome/ros_ws_test/install/nav_2d_utils/lib/x86_64-linux-gnu/pkgconfig:/home/handsome/ros_ws_test/install/nav_2d_utils/lib/pkgconfig:/home/handsome/ros_ws_test/install/nav_core2/lib/x86_64-linux-gnu/pkgconfig:/home/handsome/ros_ws_test/install/nav_core2/lib/pkgconfig:/home/handsome/ros_ws_test/install/locomotor_msgs/lib/x86_64-linux-gnu/pkgconfig:/home/handsome/ros_ws_test/install/locomotor_msgs/lib/pkgconfig:/home/handsome/ros_ws_test/install/nav_grid/lib/x86_64-linux-gnu/pkgconfig:/home/handsome/ros_ws_test/install/nav_grid/lib/pkgconfig:/home/handsome/ros_ws_test/install/nav_2d_msgs/lib/x86_64-linux-gnu/pkgconfig:/home/handsome/ros_ws_test/install/nav_2d_msgs/lib/pkgconfig:${PKG_CONFIG_PATH} PYTHONPATH=/home/handsome/ros_ws_test/install/locomotor_msgs/lib/python2.7/dist-packages:/home/handsome/ros_ws_test/install/nav_2d_msgs/lib/python2.7/dist-packages:${PYTHONPATH} ROS_PACKAGE_PATH=/home/handsome/ros_ws_test/install/locomotor/share:/home/handsome/ros_ws_test/install/nav_core_adapter/share:/home/handsome/ros_ws_test/install/nav_2d_utils/share:/home/handsome/ros_ws_test/install/nav_core2/share:/home/handsome/ros_ws_test/install/locomotor_msgs/share:/home/handsome/ros_ws_test/install/nav_grid/share:/home/handsome/ros_ws_test/install/nav_2d_msgs/share:${ROS_PACKAGE_PATH} /usr/bin/cmake --build /home/handsome/ros_ws_test/build/locomove_base -- -j12 -l12
[4.643s] [35m[1mScanning dependencies of target move_base_msgs_generate_messages_lisp[0m
[4.644s] [35m[1mScanning dependencies of target visualization_msgs_generate_messages_eus[0m
[4.645s] [35m[1mScanning dependencies of target map_msgs_generate_messages_lisp[0m
[4.645s] [35m[1mScanning dependencies of target geometry_msgs_generate_messages_py[0m
[4.645s] [35m[1mScanning dependencies of target dynamic_reconfigure_gencfg[0m
[4.647s] [35m[1mScanning dependencies of target visualization_msgs_generate_messages_nodejs[0m
[4.653s] [35m[1mScanning dependencies of target map_msgs_generate_messages_py[0m
[4.655s] [35m[1mScanning dependencies of target visualization_msgs_generate_messages_py[0m
[4.660s] [35m[1mScanning dependencies of target geometry_msgs_generate_messages_lisp[0m
[4.660s] [35m[1mScanning dependencies of target move_base_msgs_generate_messages_cpp[0m
[4.671s] [35m[1mScanning dependencies of target geometry_msgs_generate_messages_eus[0m
[4.679s] [  0%] Built target move_base_msgs_generate_messages_lisp
[4.679s] [  0%] Built target visualization_msgs_generate_messages_eus
[4.680s] [  0%] Built target geometry_msgs_generate_messages_py
[4.682s] [  0%] Built target visualization_msgs_generate_messages_nodejs
[4.682s] [  0%] Built target map_msgs_generate_messages_lisp
[4.683s] [  0%] Built target dynamic_reconfigure_gencfg
[4.691s] [  0%] Built target visualization_msgs_generate_messages_py
[4.698s] [  0%] Built target move_base_msgs_generate_messages_cpp
[4.707s] [35m[1mScanning dependencies of target roscpp_generate_messages_py[0m
[4.710s] [  0%] Built target geometry_msgs_generate_messages_lisp
[4.711s] [  0%] Built target map_msgs_generate_messages_py
[4.713s] [35m[1mScanning dependencies of target rosgraph_msgs_generate_messages_cpp[0m
[4.714s] [35m[1mScanning dependencies of target _catkin_empty_exported_target[0m
[4.715s] [35m[1mScanning dependencies of target roscpp_generate_messages_lisp[0m
[4.720s] [  0%] Built target geometry_msgs_generate_messages_eus
[4.726s] [35m[1mScanning dependencies of target sensor_msgs_generate_messages_eus[0m
[4.735s] [35m[1mScanning dependencies of target std_msgs_generate_messages_nodejs[0m
[4.736s] [35m[1mScanning dependencies of target std_msgs_generate_messages_py[0m
[4.745s] [35m[1mScanning dependencies of target costmap_2d_generate_messages_py[0m
[4.746s] [  0%] Built target roscpp_generate_messages_py
[4.746s] [35m[1mScanning dependencies of target move_base_msgs_generate_messages_py[0m
[4.748s] [  0%] Built target _catkin_empty_exported_target
[4.750s] [  0%] Built target roscpp_generate_messages_lisp
[4.752s] [  0%] Built target rosgraph_msgs_generate_messages_cpp
[4.760s] [35m[1mScanning dependencies of target roscpp_generate_messages_nodejs[0m
[4.765s] [35m[1mScanning dependencies of target std_msgs_generate_messages_lisp[0m
[4.774s] [  0%] Built target sensor_msgs_generate_messages_eus
[4.776s] [  0%] Built target std_msgs_generate_messages_nodejs
[4.778s] [  0%] Built target move_base_msgs_generate_messages_py
[4.783s] [  0%] Built target costmap_2d_generate_messages_py
[4.784s] [35m[1mScanning dependencies of target rosgraph_msgs_generate_messages_lisp[0m
[4.785s] [  0%] Built target std_msgs_generate_messages_py
[4.793s] [35m[1mScanning dependencies of target sensor_msgs_generate_messages_nodejs[0m
[4.797s] [35m[1mScanning dependencies of target roscpp_generate_messages_cpp[0m
[4.798s] [35m[1mScanning dependencies of target actionlib_generate_messages_cpp[0m
[4.805s] [  0%] Built target roscpp_generate_messages_nodejs
[4.808s] [35m[1mScanning dependencies of target actionlib_msgs_generate_messages_nodejs[0m
[4.811s] [  0%] Built target std_msgs_generate_messages_lisp
[4.811s] [35m[1mScanning dependencies of target std_msgs_generate_messages_cpp[0m
[4.813s] [35m[1mScanning dependencies of target map_msgs_generate_messages_nodejs[0m
[4.827s] [  0%] Built target rosgraph_msgs_generate_messages_lisp
[4.827s] [35m[1mScanning dependencies of target nav_msgs_generate_messages_nodejs[0m
[4.832s] [  0%] Built target roscpp_generate_messages_cpp
[4.835s] [  0%] Built target sensor_msgs_generate_messages_nodejs
[4.840s] [  0%] Built target actionlib_generate_messages_cpp
[4.840s] [35m[1mScanning dependencies of target geometry_msgs_generate_messages_nodejs[0m
[4.847s] [35m[1mScanning dependencies of target actionlib_generate_messages_eus[0m
[4.852s] [  0%] Built target actionlib_msgs_generate_messages_nodejs
[4.852s] [  0%] Built target std_msgs_generate_messages_cpp
[4.859s] [  0%] Built target map_msgs_generate_messages_nodejs
[4.860s] [35m[1mScanning dependencies of target geometry_msgs_generate_messages_cpp[0m
[4.865s] [  0%] Built target nav_msgs_generate_messages_nodejs
[4.871s] [35m[1mScanning dependencies of target rosgraph_msgs_generate_messages_nodejs[0m
[4.873s] [35m[1mScanning dependencies of target visualization_msgs_generate_messages_lisp[0m
[4.877s] [35m[1mScanning dependencies of target actionlib_generate_messages_lisp[0m
[4.880s] [35m[1mScanning dependencies of target std_msgs_generate_messages_eus[0m
[4.885s] [  0%] Built target geometry_msgs_generate_messages_nodejs
[4.888s] [35m[1mScanning dependencies of target rosgraph_msgs_generate_messages_py[0m
[4.893s] [  0%] Built target actionlib_generate_messages_eus
[4.899s] [35m[1mScanning dependencies of target actionlib_msgs_generate_messages_lisp[0m
[4.902s] [35m[1mScanning dependencies of target actionlib_msgs_generate_messages_eus[0m
[4.902s] [35m[1mScanning dependencies of target roscpp_generate_messages_eus[0m
[4.908s] [  0%] Built target geometry_msgs_generate_messages_cpp
[4.913s] [  0%] Built target rosgraph_msgs_generate_messages_nodejs
[4.913s] [  0%] Built target actionlib_generate_messages_lisp
[4.914s] [  0%] Built target visualization_msgs_generate_messages_lisp
[4.926s] [  0%] Built target std_msgs_generate_messages_eus
[4.926s] [35m[1mScanning dependencies of target dynamic_reconfigure_generate_messages_nodejs[0m
[4.928s] [35m[1mScanning dependencies of target actionlib_msgs_generate_messages_py[0m
[4.935s] [  0%] Built target rosgraph_msgs_generate_messages_py
[4.941s] [  0%] Built target actionlib_msgs_generate_messages_lisp
[4.943s] [  0%] Built target roscpp_generate_messages_eus
[4.950s] [35m[1mScanning dependencies of target locomotor_msgs_generate_messages_lisp[0m
[4.951s] [35m[1mScanning dependencies of target map_msgs_generate_messages_eus[0m
[4.952s] [  0%] Built target actionlib_msgs_generate_messages_eus
[4.956s] [35m[1mScanning dependencies of target locomotor_msgs_generate_messages_py[0m
[4.963s] [35m[1mScanning dependencies of target locomotor_msgs_generate_messages_eus[0m
[4.967s] [  0%] Built target dynamic_reconfigure_generate_messages_nodejs
[4.967s] [35m[1mScanning dependencies of target move_base_msgs_generate_messages_nodejs[0m
[4.971s] [  0%] Built target actionlib_msgs_generate_messages_py
[4.983s] [35m[1mScanning dependencies of target nav_2d_msgs_generate_messages_nodejs[0m
[4.985s] [35m[1mScanning dependencies of target nav_2d_msgs_generate_messages_eus[0m
[4.985s] [  0%] Built target locomotor_msgs_generate_messages_lisp
[4.990s] [  0%] Built target locomotor_msgs_generate_messages_py
[4.990s] [  0%] Built target map_msgs_generate_messages_eus
[4.991s] [35m[1mScanning dependencies of target rosgraph_msgs_generate_messages_eus[0m
[4.994s] [35m[1mScanning dependencies of target nav_2d_msgs_generate_messages_cpp[0m
[5.008s] [35m[1mScanning dependencies of target nav_2d_msgs_generate_messages_py[0m
[5.011s] [  0%] Built target move_base_msgs_generate_messages_nodejs
[5.013s] [  0%] Built target nav_2d_msgs_generate_messages_nodejs
[5.014s] [35m[1mScanning dependencies of target tf2_msgs_generate_messages_cpp[0m
[5.015s] [  0%] Built target locomotor_msgs_generate_messages_eus
[5.020s] [35m[1mScanning dependencies of target map_msgs_generate_messages_cpp[0m
[5.027s] [  0%] Built target nav_2d_msgs_generate_messages_eus
[5.033s] [  0%] Built target rosgraph_msgs_generate_messages_eus
[5.038s] [35m[1mScanning dependencies of target actionlib_generate_messages_py[0m
[5.042s] [  0%] Built target nav_2d_msgs_generate_messages_cpp
[5.045s] [35m[1mScanning dependencies of target tf2_msgs_generate_messages_py[0m
[5.050s] [  0%] Built target nav_2d_msgs_generate_messages_py
[5.051s] [35m[1mScanning dependencies of target move_base_msgs_generate_messages_eus[0m
[5.057s] [35m[1mScanning dependencies of target nav_2d_msgs_generate_messages_lisp[0m
[5.057s] [35m[1mScanning dependencies of target tf2_msgs_generate_messages_nodejs[0m
[5.059s] [35m[1mScanning dependencies of target sensor_msgs_generate_messages_lisp[0m
[5.065s] [  0%] Built target map_msgs_generate_messages_cpp
[5.066s] [  0%] Built target tf2_msgs_generate_messages_cpp
[5.081s] [35m[1mScanning dependencies of target visualization_msgs_generate_messages_cpp[0m
[5.082s] [35m[1mScanning dependencies of target nav_msgs_generate_messages_cpp[0m
[5.084s] [  0%] Built target tf2_msgs_generate_messages_py
[5.087s] [35m[1mScanning dependencies of target locomotor_msgs_generate_messages_cpp[0m
[5.088s] [  0%] Built target move_base_msgs_generate_messages_eus
[5.088s] [  0%] Built target actionlib_generate_messages_py
[5.093s] [  0%] Built target sensor_msgs_generate_messages_lisp
[5.097s] [  0%] Built target nav_2d_msgs_generate_messages_lisp
[5.108s] [35m[1mScanning dependencies of target nav_msgs_generate_messages_eus[0m
[5.108s] [35m[1mScanning dependencies of target tf2_msgs_generate_messages_eus[0m
[5.108s] [  0%] Built target tf2_msgs_generate_messages_nodejs
[5.121s] [  0%] Built target nav_msgs_generate_messages_cpp
[5.121s] [  0%] Built target locomotor_msgs_generate_messages_cpp
[5.123s] [35m[1mScanning dependencies of target nav_msgs_generate_messages_lisp[0m
[5.128s] [35m[1mScanning dependencies of target tf_generate_messages_cpp[0m
[5.132s] [  0%] Built target visualization_msgs_generate_messages_cpp
[5.132s] [35m[1mScanning dependencies of target actionlib_generate_messages_nodejs[0m
[5.133s] [35m[1mScanning dependencies of target tf_generate_messages_eus[0m
[5.135s] [35m[1mScanning dependencies of target actionlib_msgs_generate_messages_cpp[0m
[5.151s] [  0%] Built target nav_msgs_generate_messages_eus
[5.153s] [  0%] Built target tf2_msgs_generate_messages_eus
[5.154s] [35m[1mScanning dependencies of target tf_generate_messages_nodejs[0m
[5.160s] [35m[1mScanning dependencies of target tf_generate_messages_lisp[0m
[5.161s] [  0%] Built target nav_msgs_generate_messages_lisp
[5.167s] [  0%] Built target tf_generate_messages_cpp
[5.169s] [35m[1mScanning dependencies of target dynamic_reconfigure_generate_messages_cpp[0m
[5.172s] [  0%] Built target tf_generate_messages_eus
[5.179s] [35m[1mScanning dependencies of target tf_generate_messages_py[0m
[5.183s] [  0%] Built target actionlib_generate_messages_nodejs
[5.183s] [  0%] Built target actionlib_msgs_generate_messages_cpp
[5.189s] [  0%] Built target tf_generate_messages_nodejs
[5.193s] [35m[1mScanning dependencies of target sensor_msgs_generate_messages_cpp[0m
[5.195s] [35m[1mScanning dependencies of target sensor_msgs_generate_messages_py[0m
[5.199s] [35m[1mScanning dependencies of target costmap_2d_generate_messages_cpp[0m
[5.206s] [  0%] Built target dynamic_reconfigure_generate_messages_cpp
[5.208s] [35m[1mScanning dependencies of target costmap_2d_generate_messages_lisp[0m
[5.209s] [  0%] Built target tf_generate_messages_lisp
[5.216s] [  0%] Built target tf_generate_messages_py
[5.222s] [35m[1mScanning dependencies of target locomotor_msgs_generate_messages_nodejs[0m
[5.224s] [35m[1mScanning dependencies of target costmap_2d_generate_messages_nodejs[0m
[5.225s] [35m[1mScanning dependencies of target costmap_2d_gencfg[0m
[5.231s] [  0%] Built target sensor_msgs_generate_messages_cpp
[5.239s] [  0%] Built target costmap_2d_generate_messages_cpp
[5.239s] [  0%] Built target sensor_msgs_generate_messages_py
[5.239s] [35m[1mScanning dependencies of target dynamic_reconfigure_generate_messages_eus[0m
[5.247s] [  0%] Built target costmap_2d_generate_messages_lisp
[5.247s] [35m[1mScanning dependencies of target costmap_2d_generate_messages_eus[0m
[5.259s] [35m[1mScanning dependencies of target dynamic_reconfigure_generate_messages_py[0m
[5.261s] [35m[1mScanning dependencies of target dynamic_reconfigure_generate_messages_lisp[0m
[5.262s] [  0%] Built target costmap_2d_gencfg
[5.265s] [  0%] Built target locomotor_msgs_generate_messages_nodejs
[5.270s] [  0%] Built target dynamic_reconfigure_generate_messages_eus
[5.271s] [  0%] Built target costmap_2d_generate_messages_nodejs
[5.271s] [35m[1mScanning dependencies of target nav_msgs_generate_messages_py[0m
[5.271s] [35m[1mScanning dependencies of target tf2_msgs_generate_messages_lisp[0m
[5.288s] [  0%] Built target costmap_2d_generate_messages_eus
[5.288s] [  0%] Built target dynamic_reconfigure_generate_messages_py
[5.290s] [  0%] Built target nav_msgs_generate_messages_py
[5.290s] [  0%] Built target dynamic_reconfigure_generate_messages_lisp
[5.303s] [  0%] Built target tf2_msgs_generate_messages_lisp
[5.322s] [35m[1mScanning dependencies of target move_base[0m
[5.378s] [ 50%] [32mBuilding CXX object CMakeFiles/move_base.dir/src/locomove_base.cpp.o[0m
[12.090s] [100%] [32m[1mLinking CXX executable devel/lib/locomove_base/move_base[0m
[12.463s] [100%] Built target move_base
[12.479s] Invoked command in '/home/handsome/ros_ws_test/build/locomove_base' returned '0': CMAKE_PREFIX_PATH=/home/handsome/ros_ws_test/install/locomotor:/home/handsome/ros_ws_test/install/nav_core_adapter:/home/handsome/ros_ws_test/install/nav_2d_utils:/home/handsome/ros_ws_test/install/nav_core2:/home/handsome/ros_ws_test/install/locomotor_msgs:/home/handsome/ros_ws_test/install/nav_grid:/home/handsome/ros_ws_test/install/nav_2d_msgs:${CMAKE_PREFIX_PATH} LD_LIBRARY_PATH=/home/handsome/ros_ws_test/install/locomotor/lib:/home/handsome/ros_ws_test/install/nav_core_adapter/lib:/home/handsome/ros_ws_test/install/nav_2d_utils/lib:/home/handsome/ros_ws_test/install/nav_core2/lib:/home/handsome/ros_ws/install/yocs_cmd_vel_mux/lib:/home/handsome/ros_ws/install/tuw_multi_robot_router/lib:/home/handsome/ros_ws/install/tuw_voronoi_graph/lib:/home/handsome/ros_ws/install/tuw_vehicle_msgs/lib:/home/handsome/ros_ws/install/tuw_nav_rviz/lib:/home/handsome/ros_ws/install/tuw_multi_robot_local_behavior_controller/lib:/home/handsome/ros_ws/install/tuw_multi_robot_ctrl/lib:/home/handsome/ros_ws/install/tuw_nav_msgs/lib:/home/handsome/ros_ws/install/tuw_multi_robot_rviz/lib:/home/handsome/ros_ws/install/tuw_geometry_rviz/lib:/home/handsome/ros_ws/install/tuw_geometry_msgs/lib:/home/handsome/ros_ws/install/tuw_geometry/lib:/home/handsome/ros_ws/install/tuw_control/lib:/home/handsome/ros_ws/install/teb2_local_planner/lib:/home/handsome/ros_ws/install/spatio_temporal_voxel_layer/lib:/home/handsome/ros_ws/install/robot_database_bridge/lib:/home/handsome/ros_ws/install/ros_utility_tools/lib:/home/handsome/ros_ws/install/robot_localization/lib:/home/handsome/ros_ws/install/pnp_ros/lib:/home/handsome/ros_ws/install/omron_os32c_driver/lib:/home/handsome/ros_ws/install/dlux_plugins/lib:/home/handsome/ros_ws/install/dlux_global_planner/lib:/home/handsome/ros_ws/install/nav_grid_pub_sub/lib:/home/handsome/ros_ws/install/dwb_critics/lib:/home/handsome/ros_ws/install/nav_grid_iterators/lib:/home/handsome/ros_ws/install/locomotor/lib:/home/handsome/ros_ws/install/nav_core_adapter/lib:/home/handsome/ros_ws/install/dwb_plugins/lib:/home/handsome/ros_ws/install/dwb_local_planner/lib:/home/handsome/ros_ws/install/nav_2d_utils/lib:/home/handsome/ros_ws/install/global_planner_tests/lib:/home/handsome/ros_ws/install/costmap_queue/lib:/home/handsome/ros_ws/install/nav_core2/lib:/home/handsome/ros_ws/install/mongodb_store/lib:/home/handsome/ros_ws/install/libcreate/lib:/opt/ros/melodic/lib:/usr/local/lib PKG_CONFIG_PATH=/home/handsome/ros_ws_test/install/locomotor/lib/x86_64-linux-gnu/pkgconfig:/home/handsome/ros_ws_test/install/locomotor/lib/pkgconfig:/home/handsome/ros_ws_test/install/nav_core_adapter/lib/x86_64-linux-gnu/pkgconfig:/home/handsome/ros_ws_test/install/nav_core_adapter/lib/pkgconfig:/home/handsome/ros_ws_test/install/nav_2d_utils/lib/x86_64-linux-gnu/pkgconfig:/home/handsome/ros_ws_test/install/nav_2d_utils/lib/pkgconfig:/home/handsome/ros_ws_test/install/nav_core2/lib/x86_64-linux-gnu/pkgconfig:/home/handsome/ros_ws_test/install/nav_core2/lib/pkgconfig:/home/handsome/ros_ws_test/install/locomotor_msgs/lib/x86_64-linux-gnu/pkgconfig:/home/handsome/ros_ws_test/install/locomotor_msgs/lib/pkgconfig:/home/handsome/ros_ws_test/install/nav_grid/lib/x86_64-linux-gnu/pkgconfig:/home/handsome/ros_ws_test/install/nav_grid/lib/pkgconfig:/home/handsome/ros_ws_test/install/nav_2d_msgs/lib/x86_64-linux-gnu/pkgconfig:/home/handsome/ros_ws_test/install/nav_2d_msgs/lib/pkgconfig:${PKG_CONFIG_PATH} PYTHONPATH=/home/handsome/ros_ws_test/install/locomotor_msgs/lib/python2.7/dist-packages:/home/handsome/ros_ws_test/install/nav_2d_msgs/lib/python2.7/dist-packages:${PYTHONPATH} ROS_PACKAGE_PATH=/home/handsome/ros_ws_test/install/locomotor/share:/home/handsome/ros_ws_test/install/nav_core_adapter/share:/home/handsome/ros_ws_test/install/nav_2d_utils/share:/home/handsome/ros_ws_test/install/nav_core2/share:/home/handsome/ros_ws_test/install/locomotor_msgs/share:/home/handsome/ros_ws_test/install/nav_grid/share:/home/handsome/ros_ws_test/install/nav_2d_msgs/share:${ROS_PACKAGE_PATH} /usr/bin/cmake --build /home/handsome/ros_ws_test/build/locomove_base -- -j12 -l12
[12.651s] Invoking command in '/home/handsome/ros_ws_test/build/locomove_base': CMAKE_PREFIX_PATH=/home/handsome/ros_ws_test/install/locomotor:/home/handsome/ros_ws_test/install/nav_core_adapter:/home/handsome/ros_ws_test/install/nav_2d_utils:/home/handsome/ros_ws_test/install/nav_core2:/home/handsome/ros_ws_test/install/locomotor_msgs:/home/handsome/ros_ws_test/install/nav_grid:/home/handsome/ros_ws_test/install/nav_2d_msgs:${CMAKE_PREFIX_PATH} LD_LIBRARY_PATH=/home/handsome/ros_ws_test/install/locomotor/lib:/home/handsome/ros_ws_test/install/nav_core_adapter/lib:/home/handsome/ros_ws_test/install/nav_2d_utils/lib:/home/handsome/ros_ws_test/install/nav_core2/lib:/home/handsome/ros_ws/install/yocs_cmd_vel_mux/lib:/home/handsome/ros_ws/install/tuw_multi_robot_router/lib:/home/handsome/ros_ws/install/tuw_voronoi_graph/lib:/home/handsome/ros_ws/install/tuw_vehicle_msgs/lib:/home/handsome/ros_ws/install/tuw_nav_rviz/lib:/home/handsome/ros_ws/install/tuw_multi_robot_local_behavior_controller/lib:/home/handsome/ros_ws/install/tuw_multi_robot_ctrl/lib:/home/handsome/ros_ws/install/tuw_nav_msgs/lib:/home/handsome/ros_ws/install/tuw_multi_robot_rviz/lib:/home/handsome/ros_ws/install/tuw_geometry_rviz/lib:/home/handsome/ros_ws/install/tuw_geometry_msgs/lib:/home/handsome/ros_ws/install/tuw_geometry/lib:/home/handsome/ros_ws/install/tuw_control/lib:/home/handsome/ros_ws/install/teb2_local_planner/lib:/home/handsome/ros_ws/install/spatio_temporal_voxel_layer/lib:/home/handsome/ros_ws/install/robot_database_bridge/lib:/home/handsome/ros_ws/install/ros_utility_tools/lib:/home/handsome/ros_ws/install/robot_localization/lib:/home/handsome/ros_ws/install/pnp_ros/lib:/home/handsome/ros_ws/install/omron_os32c_driver/lib:/home/handsome/ros_ws/install/dlux_plugins/lib:/home/handsome/ros_ws/install/dlux_global_planner/lib:/home/handsome/ros_ws/install/nav_grid_pub_sub/lib:/home/handsome/ros_ws/install/dwb_critics/lib:/home/handsome/ros_ws/install/nav_grid_iterators/lib:/home/handsome/ros_ws/install/locomotor/lib:/home/handsome/ros_ws/install/nav_core_adapter/lib:/home/handsome/ros_ws/install/dwb_plugins/lib:/home/handsome/ros_ws/install/dwb_local_planner/lib:/home/handsome/ros_ws/install/nav_2d_utils/lib:/home/handsome/ros_ws/install/global_planner_tests/lib:/home/handsome/ros_ws/install/costmap_queue/lib:/home/handsome/ros_ws/install/nav_core2/lib:/home/handsome/ros_ws/install/mongodb_store/lib:/home/handsome/ros_ws/install/libcreate/lib:/opt/ros/melodic/lib:/usr/local/lib PKG_CONFIG_PATH=/home/handsome/ros_ws_test/install/locomotor/lib/x86_64-linux-gnu/pkgconfig:/home/handsome/ros_ws_test/install/locomotor/lib/pkgconfig:/home/handsome/ros_ws_test/install/nav_core_adapter/lib/x86_64-linux-gnu/pkgconfig:/home/handsome/ros_ws_test/install/nav_core_adapter/lib/pkgconfig:/home/handsome/ros_ws_test/install/nav_2d_utils/lib/x86_64-linux-gnu/pkgconfig:/home/handsome/ros_ws_test/install/nav_2d_utils/lib/pkgconfig:/home/handsome/ros_ws_test/install/nav_core2/lib/x86_64-linux-gnu/pkgconfig:/home/handsome/ros_ws_test/install/nav_core2/lib/pkgconfig:/home/handsome/ros_ws_test/install/locomotor_msgs/lib/x86_64-linux-gnu/pkgconfig:/home/handsome/ros_ws_test/install/locomotor_msgs/lib/pkgconfig:/home/handsome/ros_ws_test/install/nav_grid/lib/x86_64-linux-gnu/pkgconfig:/home/handsome/ros_ws_test/install/nav_grid/lib/pkgconfig:/home/handsome/ros_ws_test/install/nav_2d_msgs/lib/x86_64-linux-gnu/pkgconfig:/home/handsome/ros_ws_test/install/nav_2d_msgs/lib/pkgconfig:${PKG_CONFIG_PATH} PYTHONPATH=/home/handsome/ros_ws_test/install/locomotor_msgs/lib/python2.7/dist-packages:/home/handsome/ros_ws_test/install/nav_2d_msgs/lib/python2.7/dist-packages:${PYTHONPATH} ROS_PACKAGE_PATH=/home/handsome/ros_ws_test/install/locomotor/share:/home/handsome/ros_ws_test/install/nav_core_adapter/share:/home/handsome/ros_ws_test/install/nav_2d_utils/share:/home/handsome/ros_ws_test/install/nav_core2/share:/home/handsome/ros_ws_test/install/locomotor_msgs/share:/home/handsome/ros_ws_test/install/nav_grid/share:/home/handsome/ros_ws_test/install/nav_2d_msgs/share:${ROS_PACKAGE_PATH} /usr/bin/cmake --build /home/handsome/ros_ws_test/build/locomove_base --target tests -- -j12 -l12
[12.728s] [35m[1mScanning dependencies of target tests[0m
[12.743s] Built target tests
[12.757s] Invoked command in '/home/handsome/ros_ws_test/build/locomove_base' returned '0': CMAKE_PREFIX_PATH=/home/handsome/ros_ws_test/install/locomotor:/home/handsome/ros_ws_test/install/nav_core_adapter:/home/handsome/ros_ws_test/install/nav_2d_utils:/home/handsome/ros_ws_test/install/nav_core2:/home/handsome/ros_ws_test/install/locomotor_msgs:/home/handsome/ros_ws_test/install/nav_grid:/home/handsome/ros_ws_test/install/nav_2d_msgs:${CMAKE_PREFIX_PATH} LD_LIBRARY_PATH=/home/handsome/ros_ws_test/install/locomotor/lib:/home/handsome/ros_ws_test/install/nav_core_adapter/lib:/home/handsome/ros_ws_test/install/nav_2d_utils/lib:/home/handsome/ros_ws_test/install/nav_core2/lib:/home/handsome/ros_ws/install/yocs_cmd_vel_mux/lib:/home/handsome/ros_ws/install/tuw_multi_robot_router/lib:/home/handsome/ros_ws/install/tuw_voronoi_graph/lib:/home/handsome/ros_ws/install/tuw_vehicle_msgs/lib:/home/handsome/ros_ws/install/tuw_nav_rviz/lib:/home/handsome/ros_ws/install/tuw_multi_robot_local_behavior_controller/lib:/home/handsome/ros_ws/install/tuw_multi_robot_ctrl/lib:/home/handsome/ros_ws/install/tuw_nav_msgs/lib:/home/handsome/ros_ws/install/tuw_multi_robot_rviz/lib:/home/handsome/ros_ws/install/tuw_geometry_rviz/lib:/home/handsome/ros_ws/install/tuw_geometry_msgs/lib:/home/handsome/ros_ws/install/tuw_geometry/lib:/home/handsome/ros_ws/install/tuw_control/lib:/home/handsome/ros_ws/install/teb2_local_planner/lib:/home/handsome/ros_ws/install/spatio_temporal_voxel_layer/lib:/home/handsome/ros_ws/install/robot_database_bridge/lib:/home/handsome/ros_ws/install/ros_utility_tools/lib:/home/handsome/ros_ws/install/robot_localization/lib:/home/handsome/ros_ws/install/pnp_ros/lib:/home/handsome/ros_ws/install/omron_os32c_driver/lib:/home/handsome/ros_ws/install/dlux_plugins/lib:/home/handsome/ros_ws/install/dlux_global_planner/lib:/home/handsome/ros_ws/install/nav_grid_pub_sub/lib:/home/handsome/ros_ws/install/dwb_critics/lib:/home/handsome/ros_ws/install/nav_grid_iterators/lib:/home/handsome/ros_ws/install/locomotor/lib:/home/handsome/ros_ws/install/nav_core_adapter/lib:/home/handsome/ros_ws/install/dwb_plugins/lib:/home/handsome/ros_ws/install/dwb_local_planner/lib:/home/handsome/ros_ws/install/nav_2d_utils/lib:/home/handsome/ros_ws/install/global_planner_tests/lib:/home/handsome/ros_ws/install/costmap_queue/lib:/home/handsome/ros_ws/install/nav_core2/lib:/home/handsome/ros_ws/install/mongodb_store/lib:/home/handsome/ros_ws/install/libcreate/lib:/opt/ros/melodic/lib:/usr/local/lib PKG_CONFIG_PATH=/home/handsome/ros_ws_test/install/locomotor/lib/x86_64-linux-gnu/pkgconfig:/home/handsome/ros_ws_test/install/locomotor/lib/pkgconfig:/home/handsome/ros_ws_test/install/nav_core_adapter/lib/x86_64-linux-gnu/pkgconfig:/home/handsome/ros_ws_test/install/nav_core_adapter/lib/pkgconfig:/home/handsome/ros_ws_test/install/nav_2d_utils/lib/x86_64-linux-gnu/pkgconfig:/home/handsome/ros_ws_test/install/nav_2d_utils/lib/pkgconfig:/home/handsome/ros_ws_test/install/nav_core2/lib/x86_64-linux-gnu/pkgconfig:/home/handsome/ros_ws_test/install/nav_core2/lib/pkgconfig:/home/handsome/ros_ws_test/install/locomotor_msgs/lib/x86_64-linux-gnu/pkgconfig:/home/handsome/ros_ws_test/install/locomotor_msgs/lib/pkgconfig:/home/handsome/ros_ws_test/install/nav_grid/lib/x86_64-linux-gnu/pkgconfig:/home/handsome/ros_ws_test/install/nav_grid/lib/pkgconfig:/home/handsome/ros_ws_test/install/nav_2d_msgs/lib/x86_64-linux-gnu/pkgconfig:/home/handsome/ros_ws_test/install/nav_2d_msgs/lib/pkgconfig:${PKG_CONFIG_PATH} PYTHONPATH=/home/handsome/ros_ws_test/install/locomotor_msgs/lib/python2.7/dist-packages:/home/handsome/ros_ws_test/install/nav_2d_msgs/lib/python2.7/dist-packages:${PYTHONPATH} ROS_PACKAGE_PATH=/home/handsome/ros_ws_test/install/locomotor/share:/home/handsome/ros_ws_test/install/nav_core_adapter/share:/home/handsome/ros_ws_test/install/nav_2d_utils/share:/home/handsome/ros_ws_test/install/nav_core2/share:/home/handsome/ros_ws_test/install/locomotor_msgs/share:/home/handsome/ros_ws_test/install/nav_grid/share:/home/handsome/ros_ws_test/install/nav_2d_msgs/share:${ROS_PACKAGE_PATH} /usr/bin/cmake --build /home/handsome/ros_ws_test/build/locomove_base --target tests -- -j12 -l12
[12.929s] Invoking command in '/home/handsome/ros_ws_test/build/locomove_base': CMAKE_PREFIX_PATH=/home/handsome/ros_ws_test/install/locomotor:/home/handsome/ros_ws_test/install/nav_core_adapter:/home/handsome/ros_ws_test/install/nav_2d_utils:/home/handsome/ros_ws_test/install/nav_core2:/home/handsome/ros_ws_test/install/locomotor_msgs:/home/handsome/ros_ws_test/install/nav_grid:/home/handsome/ros_ws_test/install/nav_2d_msgs:${CMAKE_PREFIX_PATH} LD_LIBRARY_PATH=/home/handsome/ros_ws_test/install/locomotor/lib:/home/handsome/ros_ws_test/install/nav_core_adapter/lib:/home/handsome/ros_ws_test/install/nav_2d_utils/lib:/home/handsome/ros_ws_test/install/nav_core2/lib:/home/handsome/ros_ws/install/yocs_cmd_vel_mux/lib:/home/handsome/ros_ws/install/tuw_multi_robot_router/lib:/home/handsome/ros_ws/install/tuw_voronoi_graph/lib:/home/handsome/ros_ws/install/tuw_vehicle_msgs/lib:/home/handsome/ros_ws/install/tuw_nav_rviz/lib:/home/handsome/ros_ws/install/tuw_multi_robot_local_behavior_controller/lib:/home/handsome/ros_ws/install/tuw_multi_robot_ctrl/lib:/home/handsome/ros_ws/install/tuw_nav_msgs/lib:/home/handsome/ros_ws/install/tuw_multi_robot_rviz/lib:/home/handsome/ros_ws/install/tuw_geometry_rviz/lib:/home/handsome/ros_ws/install/tuw_geometry_msgs/lib:/home/handsome/ros_ws/install/tuw_geometry/lib:/home/handsome/ros_ws/install/tuw_control/lib:/home/handsome/ros_ws/install/teb2_local_planner/lib:/home/handsome/ros_ws/install/spatio_temporal_voxel_layer/lib:/home/handsome/ros_ws/install/robot_database_bridge/lib:/home/handsome/ros_ws/install/ros_utility_tools/lib:/home/handsome/ros_ws/install/robot_localization/lib:/home/handsome/ros_ws/install/pnp_ros/lib:/home/handsome/ros_ws/install/omron_os32c_driver/lib:/home/handsome/ros_ws/install/dlux_plugins/lib:/home/handsome/ros_ws/install/dlux_global_planner/lib:/home/handsome/ros_ws/install/nav_grid_pub_sub/lib:/home/handsome/ros_ws/install/dwb_critics/lib:/home/handsome/ros_ws/install/nav_grid_iterators/lib:/home/handsome/ros_ws/install/locomotor/lib:/home/handsome/ros_ws/install/nav_core_adapter/lib:/home/handsome/ros_ws/install/dwb_plugins/lib:/home/handsome/ros_ws/install/dwb_local_planner/lib:/home/handsome/ros_ws/install/nav_2d_utils/lib:/home/handsome/ros_ws/install/global_planner_tests/lib:/home/handsome/ros_ws/install/costmap_queue/lib:/home/handsome/ros_ws/install/nav_core2/lib:/home/handsome/ros_ws/install/mongodb_store/lib:/home/handsome/ros_ws/install/libcreate/lib:/opt/ros/melodic/lib:/usr/local/lib PKG_CONFIG_PATH=/home/handsome/ros_ws_test/install/locomotor/lib/x86_64-linux-gnu/pkgconfig:/home/handsome/ros_ws_test/install/locomotor/lib/pkgconfig:/home/handsome/ros_ws_test/install/nav_core_adapter/lib/x86_64-linux-gnu/pkgconfig:/home/handsome/ros_ws_test/install/nav_core_adapter/lib/pkgconfig:/home/handsome/ros_ws_test/install/nav_2d_utils/lib/x86_64-linux-gnu/pkgconfig:/home/handsome/ros_ws_test/install/nav_2d_utils/lib/pkgconfig:/home/handsome/ros_ws_test/install/nav_core2/lib/x86_64-linux-gnu/pkgconfig:/home/handsome/ros_ws_test/install/nav_core2/lib/pkgconfig:/home/handsome/ros_ws_test/install/locomotor_msgs/lib/x86_64-linux-gnu/pkgconfig:/home/handsome/ros_ws_test/install/locomotor_msgs/lib/pkgconfig:/home/handsome/ros_ws_test/install/nav_grid/lib/x86_64-linux-gnu/pkgconfig:/home/handsome/ros_ws_test/install/nav_grid/lib/pkgconfig:/home/handsome/ros_ws_test/install/nav_2d_msgs/lib/x86_64-linux-gnu/pkgconfig:/home/handsome/ros_ws_test/install/nav_2d_msgs/lib/pkgconfig:${PKG_CONFIG_PATH} PYTHONPATH=/home/handsome/ros_ws_test/install/locomotor_msgs/lib/python2.7/dist-packages:/home/handsome/ros_ws_test/install/nav_2d_msgs/lib/python2.7/dist-packages:${PYTHONPATH} ROS_PACKAGE_PATH=/home/handsome/ros_ws_test/install/locomotor/share:/home/handsome/ros_ws_test/install/nav_core_adapter/share:/home/handsome/ros_ws_test/install/nav_2d_utils/share:/home/handsome/ros_ws_test/install/nav_core2/share:/home/handsome/ros_ws_test/install/locomotor_msgs/share:/home/handsome/ros_ws_test/install/nav_grid/share:/home/handsome/ros_ws_test/install/nav_2d_msgs/share:${ROS_PACKAGE_PATH} /usr/bin/cmake --build /home/handsome/ros_ws_test/build/locomove_base --target install -- -j12 -l12
[13.026s] [  0%] Built target move_base_msgs_generate_messages_lisp
[13.026s] [  0%] Built target map_msgs_generate_messages_lisp
[13.026s] [  0%] Built target visualization_msgs_generate_messages_eus
[13.027s] [  0%] Built target map_msgs_generate_messages_py
[13.028s] [  0%] Built target visualization_msgs_generate_messages_py
[13.028s] [  0%] Built target move_base_msgs_generate_messages_cpp
[13.034s] [  0%] Built target geometry_msgs_generate_messages_py
[13.034s] [  0%] Built target roscpp_generate_messages_py
[13.039s] [  0%] Built target visualization_msgs_generate_messages_nodejs
[13.043s] [  0%] Built target dynamic_reconfigure_gencfg
[13.050s] [  0%] Built target geometry_msgs_generate_messages_lisp
[13.056s] [  0%] Built target geometry_msgs_generate_messages_eus
[13.082s] [  0%] Built target sensor_msgs_generate_messages_eus
[13.082s] [  0%] Built target std_msgs_generate_messages_py
[13.082s] [  0%] Built target _catkin_empty_exported_target
[13.086s] [  0%] Built target rosgraph_msgs_generate_messages_cpp
[13.092s] [  0%] Built target std_msgs_generate_messages_nodejs
[13.103s] [  0%] Built target roscpp_generate_messages_lisp
[13.103s] [  0%] Built target costmap_2d_generate_messages_py
[13.107s] [  0%] Built target rosgraph_msgs_generate_messages_lisp
[13.107s] [  0%] Built target move_base_msgs_generate_messages_py
[13.110s] [  0%] Built target std_msgs_generate_messages_lisp
[13.111s] [  0%] Built target roscpp_generate_messages_nodejs
[13.130s] [  0%] Built target actionlib_generate_messages_cpp
[13.138s] [  0%] Built target roscpp_generate_messages_cpp
[13.140s] [  0%] Built target std_msgs_generate_messages_cpp
[13.156s] [  0%] Built target sensor_msgs_generate_messages_nodejs
[13.157s] [  0%] Built target actionlib_msgs_generate_messages_nodejs
[13.161s] [  0%] Built target map_msgs_generate_messages_nodejs
[13.164s] [  0%] Built target nav_msgs_generate_messages_nodejs
[13.165s] [  0%] Built target geometry_msgs_generate_messages_nodejs
[13.166s] [  0%] Built target geometry_msgs_generate_messages_cpp
[13.167s] [  0%] Built target actionlib_generate_messages_eus
[13.171s] [  0%] Built target rosgraph_msgs_generate_messages_nodejs
[13.190s] [  0%] Built target actionlib_generate_messages_lisp
[13.192s] [  0%] Built target visualization_msgs_generate_messages_lisp
[13.213s] [  0%] Built target std_msgs_generate_messages_eus
[13.215s] [  0%] Built target roscpp_generate_messages_eus
[13.219s] [  0%] Built target actionlib_msgs_generate_messages_lisp
[13.219s] [  0%] Built target rosgraph_msgs_generate_messages_py
[13.219s] [  0%] Built target actionlib_msgs_generate_messages_eus
[13.226s] [  0%] Built target dynamic_reconfigure_generate_messages_nodejs
[13.229s] [  0%] Built target actionlib_msgs_generate_messages_py
[13.234s] [  0%] Built target locomotor_msgs_generate_messages_lisp
[13.242s] [  0%] Built target map_msgs_generate_messages_eus
[13.244s] [  0%] Built target locomotor_msgs_generate_messages_eus
[13.256s] [  0%] Built target locomotor_msgs_generate_messages_py
[13.259s] [  0%] Built target move_base_msgs_generate_messages_nodejs
[13.277s] [  0%] Built target nav_2d_msgs_generate_messages_eus
[13.278s] [  0%] Built target rosgraph_msgs_generate_messages_eus
[13.281s] [  0%] Built target nav_2d_msgs_generate_messages_cpp
[13.281s] [  0%] Built target nav_2d_msgs_generate_messages_py
[13.286s] [  0%] Built target nav_2d_msgs_generate_messages_nodejs
[13.293s] [  0%] Built target tf2_msgs_generate_messages_cpp
[13.303s] [  0%] Built target tf2_msgs_generate_messages_nodejs
[13.305s] [  0%] Built target tf2_msgs_generate_messages_py
[13.306s] [  0%] Built target map_msgs_generate_messages_cpp
[13.306s] [  0%] Built target actionlib_generate_messages_py
[13.323s] [  0%] Built target nav_2d_msgs_generate_messages_lisp
[13.324s] [  0%] Built target move_base_msgs_generate_messages_eus
[13.346s] [  0%] Built target locomotor_msgs_generate_messages_cpp
[13.348s] [  0%] Built target visualization_msgs_generate_messages_cpp
[13.348s] [  0%] Built target nav_msgs_generate_messages_cpp
[13.350s] [  0%] Built target sensor_msgs_generate_messages_lisp
[13.354s] [  0%] Built target nav_msgs_generate_messages_eus
[13.363s] [  0%] Built target actionlib_msgs_generate_messages_cpp
[13.367s] [  0%] Built target tf2_msgs_generate_messages_eus
[13.370s] [  0%] Built target tf_generate_messages_cpp
[13.372s] [  0%] Built target nav_msgs_generate_messages_lisp
[13.379s] [  0%] Built target tf_generate_messages_eus
[13.385s] [  0%] Built target actionlib_generate_messages_nodejs
[13.395s] [  0%] Built target tf_generate_messages_lisp
[13.408s] [  0%] Built target tf_generate_messages_nodejs
[13.415s] [  0%] Built target dynamic_reconfigure_generate_messages_cpp
[13.416s] [  0%] Built target tf_generate_messages_py
[13.420s] [  0%] Built target sensor_msgs_generate_messages_cpp
[13.427s] [  0%] Built target sensor_msgs_generate_messages_py
[13.431s] [  0%] Built target costmap_2d_generate_messages_cpp
[13.435s] [  0%] Built target locomotor_msgs_generate_messages_nodejs
[13.435s] [  0%] Built target costmap_2d_generate_messages_lisp
[13.438s] [  0%] Built target costmap_2d_gencfg
[13.442s] [  0%] Built target costmap_2d_generate_messages_nodejs
[13.446s] [  0%] Built target dynamic_reconfigure_generate_messages_eus
[13.451s] [  0%] Built target costmap_2d_generate_messages_eus
[13.463s] [  0%] Built target dynamic_reconfigure_generate_messages_lisp
[13.467s] [  0%] Built target dynamic_reconfigure_generate_messages_py
[13.469s] [  0%] Built target tf2_msgs_generate_messages_lisp
[13.472s] [  0%] Built target nav_msgs_generate_messages_py
[13.512s] [100%] Built target move_base
[13.543s] [36mInstall the project...[0m
[13.556s] -- Install configuration: ""
[13.556s] -- Installing: /home/handsome/ros_ws_test/install/locomove_base/lib/pkgconfig/locomove_base.pc
[13.556s] -- Installing: /home/handsome/ros_ws_test/install/locomove_base/share/locomove_base/cmake/locomove_baseConfig.cmake
[13.556s] -- Installing: /home/handsome/ros_ws_test/install/locomove_base/share/locomove_base/cmake/locomove_baseConfig-version.cmake
[13.556s] -- Installing: /home/handsome/ros_ws_test/install/locomove_base/share/locomove_base/package.xml
[13.556s] -- Installing: /home/handsome/ros_ws_test/install/locomove_base/lib/locomove_base/move_base
[13.559s] -- Set runtime path of "/home/handsome/ros_ws_test/install/locomove_base/lib/locomove_base/move_base" to ""
[13.559s] -- Installing: /home/handsome/ros_ws_test/install/locomove_base/include/locomove_base
[13.559s] -- Installing: /home/handsome/ros_ws_test/install/locomove_base/include/locomove_base/locomove_base.h
[13.564s] Invoked command in '/home/handsome/ros_ws_test/build/locomove_base' returned '0': CMAKE_PREFIX_PATH=/home/handsome/ros_ws_test/install/locomotor:/home/handsome/ros_ws_test/install/nav_core_adapter:/home/handsome/ros_ws_test/install/nav_2d_utils:/home/handsome/ros_ws_test/install/nav_core2:/home/handsome/ros_ws_test/install/locomotor_msgs:/home/handsome/ros_ws_test/install/nav_grid:/home/handsome/ros_ws_test/install/nav_2d_msgs:${CMAKE_PREFIX_PATH} LD_LIBRARY_PATH=/home/handsome/ros_ws_test/install/locomotor/lib:/home/handsome/ros_ws_test/install/nav_core_adapter/lib:/home/handsome/ros_ws_test/install/nav_2d_utils/lib:/home/handsome/ros_ws_test/install/nav_core2/lib:/home/handsome/ros_ws/install/yocs_cmd_vel_mux/lib:/home/handsome/ros_ws/install/tuw_multi_robot_router/lib:/home/handsome/ros_ws/install/tuw_voronoi_graph/lib:/home/handsome/ros_ws/install/tuw_vehicle_msgs/lib:/home/handsome/ros_ws/install/tuw_nav_rviz/lib:/home/handsome/ros_ws/install/tuw_multi_robot_local_behavior_controller/lib:/home/handsome/ros_ws/install/tuw_multi_robot_ctrl/lib:/home/handsome/ros_ws/install/tuw_nav_msgs/lib:/home/handsome/ros_ws/install/tuw_multi_robot_rviz/lib:/home/handsome/ros_ws/install/tuw_geometry_rviz/lib:/home/handsome/ros_ws/install/tuw_geometry_msgs/lib:/home/handsome/ros_ws/install/tuw_geometry/lib:/home/handsome/ros_ws/install/tuw_control/lib:/home/handsome/ros_ws/install/teb2_local_planner/lib:/home/handsome/ros_ws/install/spatio_temporal_voxel_layer/lib:/home/handsome/ros_ws/install/robot_database_bridge/lib:/home/handsome/ros_ws/install/ros_utility_tools/lib:/home/handsome/ros_ws/install/robot_localization/lib:/home/handsome/ros_ws/install/pnp_ros/lib:/home/handsome/ros_ws/install/omron_os32c_driver/lib:/home/handsome/ros_ws/install/dlux_plugins/lib:/home/handsome/ros_ws/install/dlux_global_planner/lib:/home/handsome/ros_ws/install/nav_grid_pub_sub/lib:/home/handsome/ros_ws/install/dwb_critics/lib:/home/handsome/ros_ws/install/nav_grid_iterators/lib:/home/handsome/ros_ws/install/locomotor/lib:/home/handsome/ros_ws/install/nav_core_adapter/lib:/home/handsome/ros_ws/install/dwb_plugins/lib:/home/handsome/ros_ws/install/dwb_local_planner/lib:/home/handsome/ros_ws/install/nav_2d_utils/lib:/home/handsome/ros_ws/install/global_planner_tests/lib:/home/handsome/ros_ws/install/costmap_queue/lib:/home/handsome/ros_ws/install/nav_core2/lib:/home/handsome/ros_ws/install/mongodb_store/lib:/home/handsome/ros_ws/install/libcreate/lib:/opt/ros/melodic/lib:/usr/local/lib PKG_CONFIG_PATH=/home/handsome/ros_ws_test/install/locomotor/lib/x86_64-linux-gnu/pkgconfig:/home/handsome/ros_ws_test/install/locomotor/lib/pkgconfig:/home/handsome/ros_ws_test/install/nav_core_adapter/lib/x86_64-linux-gnu/pkgconfig:/home/handsome/ros_ws_test/install/nav_core_adapter/lib/pkgconfig:/home/handsome/ros_ws_test/install/nav_2d_utils/lib/x86_64-linux-gnu/pkgconfig:/home/handsome/ros_ws_test/install/nav_2d_utils/lib/pkgconfig:/home/handsome/ros_ws_test/install/nav_core2/lib/x86_64-linux-gnu/pkgconfig:/home/handsome/ros_ws_test/install/nav_core2/lib/pkgconfig:/home/handsome/ros_ws_test/install/locomotor_msgs/lib/x86_64-linux-gnu/pkgconfig:/home/handsome/ros_ws_test/install/locomotor_msgs/lib/pkgconfig:/home/handsome/ros_ws_test/install/nav_grid/lib/x86_64-linux-gnu/pkgconfig:/home/handsome/ros_ws_test/install/nav_grid/lib/pkgconfig:/home/handsome/ros_ws_test/install/nav_2d_msgs/lib/x86_64-linux-gnu/pkgconfig:/home/handsome/ros_ws_test/install/nav_2d_msgs/lib/pkgconfig:${PKG_CONFIG_PATH} PYTHONPATH=/home/handsome/ros_ws_test/install/locomotor_msgs/lib/python2.7/dist-packages:/home/handsome/ros_ws_test/install/nav_2d_msgs/lib/python2.7/dist-packages:${PYTHONPATH} ROS_PACKAGE_PATH=/home/handsome/ros_ws_test/install/locomotor/share:/home/handsome/ros_ws_test/install/nav_core_adapter/share:/home/handsome/ros_ws_test/install/nav_2d_utils/share:/home/handsome/ros_ws_test/install/nav_core2/share:/home/handsome/ros_ws_test/install/locomotor_msgs/share:/home/handsome/ros_ws_test/install/nav_grid/share:/home/handsome/ros_ws_test/install/nav_2d_msgs/share:${ROS_PACKAGE_PATH} /usr/bin/cmake --build /home/handsome/ros_ws_test/build/locomove_base --target install -- -j12 -l12
