[  0%] Built target std_msgs_generate_messages_py
[  0%] Built target _botcmd_msgs_generate_messages_check_deps_bot_transbattery
[  0%] Built target _botcmd_msgs_generate_messages_check_deps_actBotCmdActionGoal
[  0%] Built target _botcmd_msgs_generate_messages_check_deps_bot_mqtt_rawdata
[  0%] Built target _botcmd_msgs_generate_messages_check_deps_bot_ultrasonic
[  0%] Built target _botcmd_msgs_generate_messages_check_deps_bot_pubstatus
[  0%] Built target _botcmd_msgs_generate_messages_check_deps_bot_battery_info_cmd
[  0%] Built target _botcmd_msgs_generate_messages_check_deps_actBotCmdAction
[  0%] Built target _botcmd_msgs_generate_messages_check_deps_bot_mqtt_cmd
[  0%] Built target _botcmd_msgs_generate_messages_check_deps_bot_getenabledi_cmd
[  0%] Built target _botcmd_msgs_generate_messages_check_deps_bot_device_cmd
[  0%] Built target _botcmd_msgs_generate_messages_check_deps_bot_ultrasonic_cmd
[  0%] Built target actionlib_msgs_generate_messages_py
[  0%] Built target _botcmd_msgs_generate_messages_check_deps_actBotCmdActionResult
[  0%] Built target _botcmd_msgs_generate_messages_check_deps_bot_di_cmd
[  0%] Built target geometry_msgs_generate_messages_py
[  0%] Built target _botcmd_msgs_generate_messages_check_deps_bot_transferdata
[  0%] Built target _botcmd_msgs_generate_messages_check_deps_actBotCmdFeedback
[  0%] Built target _botcmd_msgs_generate_messages_check_deps_bot_battery_info
[  0%] Built target _botcmd_msgs_generate_messages_check_deps_bot_battery
[  0%] Built target std_srvs_generate_messages_py
[  0%] Built target _botcmd_msgs_generate_messages_check_deps_bot_Infodata_cmd
[  0%] Built target _botcmd_msgs_generate_messages_check_deps_bot_status_cmd
[  0%] Built target _botcmd_msgs_generate_messages_check_deps_bot_devicestatus
[  0%] Built target _botcmd_msgs_generate_messages_check_deps_bot_do_cmd
[  0%] Built target _botcmd_msgs_generate_messages_check_deps_bot_transfer_cmd
[  0%] Built target std_msgs_generate_messages_eus
[  0%] Built target actionlib_msgs_generate_messages_nodejs
[  0%] Built target std_msgs_generate_messages_nodejs
[  0%] Built target _botcmd_msgs_generate_messages_check_deps_bot_battery_cmd
[  0%] Built target std_srvs_generate_messages_nodejs
[  0%] Built target geometry_msgs_generate_messages_nodejs
[  0%] Built target actionlib_msgs_generate_messages_eus
[  0%] Built target geometry_msgs_generate_messages_cpp
[  0%] Built target geometry_msgs_generate_messages_eus
[  0%] Built target _botcmd_msgs_generate_messages_check_deps_bot_Infodata
[  0%] Built target _botcmd_msgs_generate_messages_check_deps_actBotCmdGoal
[  0%] Built target std_msgs_generate_messages_cpp
[  0%] Built target std_srvs_generate_messages_eus
[  0%] Built target actionlib_msgs_generate_messages_cpp
[  0%] Built target _botcmd_msgs_generate_messages_check_deps_actBotCmdResult
[  0%] Built target std_msgs_generate_messages_lisp
[  0%] Built target std_srvs_generate_messages_cpp
[  0%] Built target _botcmd_msgs_generate_messages_check_deps_actBotCmdActionFeedback
[  0%] Built target geometry_msgs_generate_messages_lisp
[  0%] Built target actionlib_msgs_generate_messages_lisp
[  0%] Built target std_srvs_generate_messages_lisp
[ 19%] Built target botcmd_msgs_generate_messages_nodejs
[ 39%] Built target botcmd_msgs_generate_messages_cpp
[ 59%] Built target botcmd_msgs_generate_messages_py
[ 79%] Built target botcmd_msgs_generate_messages_eus
[100%] Built target botcmd_msgs_generate_messages_lisp
[100%] Built target botcmd_msgs_generate_messages
Built target tests
[  0%] Built target std_msgs_generate_messages_py
[  0%] Built target _botcmd_msgs_generate_messages_check_deps_bot_ultrasonic
[  0%] Built target _botcmd_msgs_generate_messages_check_deps_bot_mqtt_cmd
[  0%] Built target _botcmd_msgs_generate_messages_check_deps_bot_battery_info_cmd
[  0%] Built target _botcmd_msgs_generate_messages_check_deps_bot_device_cmd
[  0%] Built target _botcmd_msgs_generate_messages_check_deps_bot_pubstatus
[  0%] Built target _botcmd_msgs_generate_messages_check_deps_bot_transbattery
[  0%] Built target _botcmd_msgs_generate_messages_check_deps_bot_mqtt_rawdata
[  0%] Built target _botcmd_msgs_generate_messages_check_deps_bot_ultrasonic_cmd
[  0%] Built target _botcmd_msgs_generate_messages_check_deps_actBotCmdActionGoal
[  0%] Built target _botcmd_msgs_generate_messages_check_deps_bot_getenabledi_cmd
[  0%] Built target _botcmd_msgs_generate_messages_check_deps_bot_di_cmd
[  0%] Built target _botcmd_msgs_generate_messages_check_deps_actBotCmdAction
[  0%] Built target actionlib_msgs_generate_messages_py
[  0%] Built target _botcmd_msgs_generate_messages_check_deps_bot_transferdata
[  0%] Built target _botcmd_msgs_generate_messages_check_deps_actBotCmdActionResult
[  0%] Built target _botcmd_msgs_generate_messages_check_deps_bot_do_cmd
[  0%] Built target _botcmd_msgs_generate_messages_check_deps_actBotCmdFeedback
[  0%] Built target geometry_msgs_generate_messages_py
[  0%] Built target _botcmd_msgs_generate_messages_check_deps_bot_status_cmd
[  0%] Built target _botcmd_msgs_generate_messages_check_deps_bot_battery_info
[  0%] Built target _botcmd_msgs_generate_messages_check_deps_bot_devicestatus
[  0%] Built target std_srvs_generate_messages_py
[  0%] Built target _botcmd_msgs_generate_messages_check_deps_bot_battery
[  0%] Built target _botcmd_msgs_generate_messages_check_deps_bot_Infodata_cmd
[  0%] Built target _botcmd_msgs_generate_messages_check_deps_bot_battery_cmd
[  0%] Built target _botcmd_msgs_generate_messages_check_deps_bot_transfer_cmd
[  0%] Built target std_msgs_generate_messages_eus
[  0%] Built target actionlib_msgs_generate_messages_nodejs
[  0%] Built target _botcmd_msgs_generate_messages_check_deps_actBotCmdResult
[  0%] Built target std_srvs_generate_messages_nodejs
[  0%] Built target std_srvs_generate_messages_eus
[  0%] Built target std_msgs_generate_messages_nodejs
[  0%] Built target actionlib_msgs_generate_messages_eus
[  0%] Built target _botcmd_msgs_generate_messages_check_deps_actBotCmdGoal
[  0%] Built target geometry_msgs_generate_messages_nodejs
[  0%] Built target _botcmd_msgs_generate_messages_check_deps_actBotCmdActionFeedback
[  0%] Built target geometry_msgs_generate_messages_eus
[  0%] Built target std_msgs_generate_messages_cpp
[  0%] Built target geometry_msgs_generate_messages_cpp
[  0%] Built target _botcmd_msgs_generate_messages_check_deps_bot_Infodata
[  0%] Built target std_msgs_generate_messages_lisp
[  0%] Built target actionlib_msgs_generate_messages_lisp
[  0%] Built target actionlib_msgs_generate_messages_cpp
[  0%] Built target std_srvs_generate_messages_cpp
[  0%] Built target std_srvs_generate_messages_lisp
[  0%] Built target geometry_msgs_generate_messages_lisp
[ 19%] Built target botcmd_msgs_generate_messages_eus
[ 39%] Built target botcmd_msgs_generate_messages_cpp
[ 58%] Built target botcmd_msgs_generate_messages_nodejs
[ 79%] Built target botcmd_msgs_generate_messages_py
[100%] Built target botcmd_msgs_generate_messages_lisp
[100%] Built target botcmd_msgs_generate_messages
[36mInstall the project...[0m
-- Install configuration: ""
-- Up-to-date: /home/handsome/ros_ws_test/install/botcmd_msgs/share/botcmd_msgs/msg/bot_ultrasonic.msg
-- Up-to-date: /home/handsome/ros_ws_test/install/botcmd_msgs/share/botcmd_msgs/msg/bot_pubstatus.msg
-- Up-to-date: /home/handsome/ros_ws_test/install/botcmd_msgs/share/botcmd_msgs/msg/bot_battery.msg
-- Up-to-date: /home/handsome/ros_ws_test/install/botcmd_msgs/share/botcmd_msgs/msg/bot_mqtt_cmd.msg
-- Up-to-date: /home/handsome/ros_ws_test/install/botcmd_msgs/share/botcmd_msgs/msg/bot_mqtt_rawdata.msg
-- Up-to-date: /home/handsome/ros_ws_test/install/botcmd_msgs/share/botcmd_msgs/msg/bot_devicestatus.msg
-- Up-to-date: /home/handsome/ros_ws_test/install/botcmd_msgs/share/botcmd_msgs/msg/bot_Infodata.msg
-- Up-to-date: /home/handsome/ros_ws_test/install/botcmd_msgs/share/botcmd_msgs/msg/bot_transferdata.msg
-- Up-to-date: /home/handsome/ros_ws_test/install/botcmd_msgs/share/botcmd_msgs/msg/bot_transbattery.msg
-- Up-to-date: /home/handsome/ros_ws_test/install/botcmd_msgs/share/botcmd_msgs/msg/bot_battery_info.msg
-- Up-to-date: /home/handsome/ros_ws_test/install/botcmd_msgs/share/botcmd_msgs/srv/bot_device_cmd.srv
-- Up-to-date: /home/handsome/ros_ws_test/install/botcmd_msgs/share/botcmd_msgs/srv/bot_status_cmd.srv
-- Up-to-date: /home/handsome/ros_ws_test/install/botcmd_msgs/share/botcmd_msgs/srv/bot_di_cmd.srv
-- Up-to-date: /home/handsome/ros_ws_test/install/botcmd_msgs/share/botcmd_msgs/srv/bot_do_cmd.srv
-- Up-to-date: /home/handsome/ros_ws_test/install/botcmd_msgs/share/botcmd_msgs/srv/bot_battery_cmd.srv
-- Up-to-date: /home/handsome/ros_ws_test/install/botcmd_msgs/share/botcmd_msgs/srv/bot_ultrasonic_cmd.srv
-- Up-to-date: /home/handsome/ros_ws_test/install/botcmd_msgs/share/botcmd_msgs/srv/bot_Infodata_cmd.srv
-- Up-to-date: /home/handsome/ros_ws_test/install/botcmd_msgs/share/botcmd_msgs/srv/bot_getenabledi_cmd.srv
-- Up-to-date: /home/handsome/ros_ws_test/install/botcmd_msgs/share/botcmd_msgs/srv/bot_transfer_cmd.srv
-- Up-to-date: /home/handsome/ros_ws_test/install/botcmd_msgs/share/botcmd_msgs/srv/bot_battery_info_cmd.srv
-- Up-to-date: /home/handsome/ros_ws_test/install/botcmd_msgs/share/botcmd_msgs/action/actBotCmd.action
-- Up-to-date: /home/handsome/ros_ws_test/install/botcmd_msgs/share/botcmd_msgs/msg/actBotCmdAction.msg
-- Up-to-date: /home/handsome/ros_ws_test/install/botcmd_msgs/share/botcmd_msgs/msg/actBotCmdActionGoal.msg
-- Up-to-date: /home/handsome/ros_ws_test/install/botcmd_msgs/share/botcmd_msgs/msg/actBotCmdActionResult.msg
-- Up-to-date: /home/handsome/ros_ws_test/install/botcmd_msgs/share/botcmd_msgs/msg/actBotCmdActionFeedback.msg
-- Up-to-date: /home/handsome/ros_ws_test/install/botcmd_msgs/share/botcmd_msgs/msg/actBotCmdGoal.msg
-- Up-to-date: /home/handsome/ros_ws_test/install/botcmd_msgs/share/botcmd_msgs/msg/actBotCmdResult.msg
-- Up-to-date: /home/handsome/ros_ws_test/install/botcmd_msgs/share/botcmd_msgs/msg/actBotCmdFeedback.msg
-- Up-to-date: /home/handsome/ros_ws_test/install/botcmd_msgs/share/botcmd_msgs/cmake/botcmd_msgs-msg-paths.cmake
-- Up-to-date: /home/handsome/ros_ws_test/install/botcmd_msgs/include/botcmd_msgs
-- Up-to-date: /home/handsome/ros_ws_test/install/botcmd_msgs/include/botcmd_msgs/bot_mqtt_cmd.h
-- Up-to-date: /home/handsome/ros_ws_test/install/botcmd_msgs/include/botcmd_msgs/bot_transbattery.h
-- Up-to-date: /home/handsome/ros_ws_test/install/botcmd_msgs/include/botcmd_msgs/actBotCmdActionResult.h
-- Up-to-date: /home/handsome/ros_ws_test/install/botcmd_msgs/include/botcmd_msgs/actBotCmdActionFeedback.h
-- Up-to-date: /home/handsome/ros_ws_test/install/botcmd_msgs/include/botcmd_msgs/bot_do_cmd.h
-- Up-to-date: /home/handsome/ros_ws_test/install/botcmd_msgs/include/botcmd_msgs/bot_battery_info_cmdRequest.h
-- Up-to-date: /home/handsome/ros_ws_test/install/botcmd_msgs/include/botcmd_msgs/bot_ultrasonic_cmdResponse.h
-- Up-to-date: /home/handsome/ros_ws_test/install/botcmd_msgs/include/botcmd_msgs/bot_do_cmdRequest.h
-- Up-to-date: /home/handsome/ros_ws_test/install/botcmd_msgs/include/botcmd_msgs/bot_mqtt_rawdata.h
-- Up-to-date: /home/handsome/ros_ws_test/install/botcmd_msgs/include/botcmd_msgs/actBotCmdGoal.h
-- Up-to-date: /home/handsome/ros_ws_test/install/botcmd_msgs/include/botcmd_msgs/bot_di_cmdRequest.h
-- Up-to-date: /home/handsome/ros_ws_test/install/botcmd_msgs/include/botcmd_msgs/bot_battery_cmdResponse.h
-- Up-to-date: /home/handsome/ros_ws_test/install/botcmd_msgs/include/botcmd_msgs/bot_do_cmdResponse.h
-- Up-to-date: /home/handsome/ros_ws_test/install/botcmd_msgs/include/botcmd_msgs/bot_status_cmd.h
-- Up-to-date: /home/handsome/ros_ws_test/install/botcmd_msgs/include/botcmd_msgs/bot_battery_cmd.h
-- Up-to-date: /home/handsome/ros_ws_test/install/botcmd_msgs/include/botcmd_msgs/bot_getenabledi_cmd.h
-- Up-to-date: /home/handsome/ros_ws_test/install/botcmd_msgs/include/botcmd_msgs/bot_transfer_cmdResponse.h
-- Up-to-date: /home/handsome/ros_ws_test/install/botcmd_msgs/include/botcmd_msgs/bot_Infodata_cmd.h
-- Up-to-date: /home/handsome/ros_ws_test/install/botcmd_msgs/include/botcmd_msgs/bot_ultrasonic.h
-- Up-to-date: /home/handsome/ros_ws_test/install/botcmd_msgs/include/botcmd_msgs/bot_battery_info_cmdResponse.h
-- Up-to-date: /home/handsome/ros_ws_test/install/botcmd_msgs/include/botcmd_msgs/bot_battery_cmdRequest.h
-- Up-to-date: /home/handsome/ros_ws_test/install/botcmd_msgs/include/botcmd_msgs/actBotCmdResult.h
-- Up-to-date: /home/handsome/ros_ws_test/install/botcmd_msgs/include/botcmd_msgs/bot_status_cmdResponse.h
-- Up-to-date: /home/handsome/ros_ws_test/install/botcmd_msgs/include/botcmd_msgs/bot_transfer_cmd.h
-- Up-to-date: /home/handsome/ros_ws_test/install/botcmd_msgs/include/botcmd_msgs/actBotCmdActionGoal.h
-- Up-to-date: /home/handsome/ros_ws_test/install/botcmd_msgs/include/botcmd_msgs/bot_ultrasonic_cmd.h
-- Up-to-date: /home/handsome/ros_ws_test/install/botcmd_msgs/include/botcmd_msgs/bot_device_cmdRequest.h
-- Up-to-date: /home/handsome/ros_ws_test/install/botcmd_msgs/include/botcmd_msgs/bot_battery_info.h
-- Up-to-date: /home/handsome/ros_ws_test/install/botcmd_msgs/include/botcmd_msgs/bot_devicestatus.h
-- Up-to-date: /home/handsome/ros_ws_test/install/botcmd_msgs/include/botcmd_msgs/bot_di_cmdResponse.h
-- Up-to-date: /home/handsome/ros_ws_test/install/botcmd_msgs/include/botcmd_msgs/bot_status_cmdRequest.h
-- Up-to-date: /home/handsome/ros_ws_test/install/botcmd_msgs/include/botcmd_msgs/bot_getenabledi_cmdResponse.h
-- Up-to-date: /home/handsome/ros_ws_test/install/botcmd_msgs/include/botcmd_msgs/actBotCmdFeedback.h
-- Up-to-date: /home/handsome/ros_ws_test/install/botcmd_msgs/include/botcmd_msgs/bot_getenabledi_cmdRequest.h
-- Up-to-date: /home/handsome/ros_ws_test/install/botcmd_msgs/include/botcmd_msgs/bot_pubstatus.h
-- Up-to-date: /home/handsome/ros_ws_test/install/botcmd_msgs/include/botcmd_msgs/bot_Infodata_cmdResponse.h
-- Up-to-date: /home/handsome/ros_ws_test/install/botcmd_msgs/include/botcmd_msgs/bot_battery_info_cmd.h
-- Up-to-date: /home/handsome/ros_ws_test/install/botcmd_msgs/include/botcmd_msgs/bot_device_cmdResponse.h
-- Up-to-date: /home/handsome/ros_ws_test/install/botcmd_msgs/include/botcmd_msgs/bot_Infodata.h
-- Up-to-date: /home/handsome/ros_ws_test/install/botcmd_msgs/include/botcmd_msgs/bot_di_cmd.h
-- Up-to-date: /home/handsome/ros_ws_test/install/botcmd_msgs/include/botcmd_msgs/bot_ultrasonic_cmdRequest.h
-- Up-to-date: /home/handsome/ros_ws_test/install/botcmd_msgs/include/botcmd_msgs/bot_device_cmd.h
-- Up-to-date: /home/handsome/ros_ws_test/install/botcmd_msgs/include/botcmd_msgs/bot_transfer_cmdRequest.h
-- Up-to-date: /home/handsome/ros_ws_test/install/botcmd_msgs/include/botcmd_msgs/bot_battery.h
-- Up-to-date: /home/handsome/ros_ws_test/install/botcmd_msgs/include/botcmd_msgs/bot_Infodata_cmdRequest.h
-- Up-to-date: /home/handsome/ros_ws_test/install/botcmd_msgs/include/botcmd_msgs/actBotCmdAction.h
-- Up-to-date: /home/handsome/ros_ws_test/install/botcmd_msgs/include/botcmd_msgs/bot_transferdata.h
-- Up-to-date: /home/handsome/ros_ws_test/install/botcmd_msgs/share/roseus/ros/botcmd_msgs
-- Up-to-date: /home/handsome/ros_ws_test/install/botcmd_msgs/share/roseus/ros/botcmd_msgs/msg
-- Up-to-date: /home/handsome/ros_ws_test/install/botcmd_msgs/share/roseus/ros/botcmd_msgs/msg/bot_Infodata.l
-- Up-to-date: /home/handsome/ros_ws_test/install/botcmd_msgs/share/roseus/ros/botcmd_msgs/msg/bot_mqtt_rawdata.l
-- Up-to-date: /home/handsome/ros_ws_test/install/botcmd_msgs/share/roseus/ros/botcmd_msgs/msg/actBotCmdAction.l
-- Up-to-date: /home/handsome/ros_ws_test/install/botcmd_msgs/share/roseus/ros/botcmd_msgs/msg/bot_pubstatus.l
-- Up-to-date: /home/handsome/ros_ws_test/install/botcmd_msgs/share/roseus/ros/botcmd_msgs/msg/actBotCmdActionFeedback.l
-- Up-to-date: /home/handsome/ros_ws_test/install/botcmd_msgs/share/roseus/ros/botcmd_msgs/msg/actBotCmdActionResult.l
-- Up-to-date: /home/handsome/ros_ws_test/install/botcmd_msgs/share/roseus/ros/botcmd_msgs/msg/actBotCmdActionGoal.l
-- Up-to-date: /home/handsome/ros_ws_test/install/botcmd_msgs/share/roseus/ros/botcmd_msgs/msg/bot_mqtt_cmd.l
-- Up-to-date: /home/handsome/ros_ws_test/install/botcmd_msgs/share/roseus/ros/botcmd_msgs/msg/bot_battery_info.l
-- Up-to-date: /home/handsome/ros_ws_test/install/botcmd_msgs/share/roseus/ros/botcmd_msgs/msg/bot_ultrasonic.l
-- Up-to-date: /home/handsome/ros_ws_test/install/botcmd_msgs/share/roseus/ros/botcmd_msgs/msg/bot_transferdata.l
-- Up-to-date: /home/handsome/ros_ws_test/install/botcmd_msgs/share/roseus/ros/botcmd_msgs/msg/bot_devicestatus.l
-- Up-to-date: /home/handsome/ros_ws_test/install/botcmd_msgs/share/roseus/ros/botcmd_msgs/msg/actBotCmdResult.l
-- Up-to-date: /home/handsome/ros_ws_test/install/botcmd_msgs/share/roseus/ros/botcmd_msgs/msg/bot_transbattery.l
-- Up-to-date: /home/handsome/ros_ws_test/install/botcmd_msgs/share/roseus/ros/botcmd_msgs/msg/actBotCmdGoal.l
-- Up-to-date: /home/handsome/ros_ws_test/install/botcmd_msgs/share/roseus/ros/botcmd_msgs/msg/actBotCmdFeedback.l
-- Up-to-date: /home/handsome/ros_ws_test/install/botcmd_msgs/share/roseus/ros/botcmd_msgs/msg/bot_battery.l
-- Up-to-date: /home/handsome/ros_ws_test/install/botcmd_msgs/share/roseus/ros/botcmd_msgs/manifest.l
-- Up-to-date: /home/handsome/ros_ws_test/install/botcmd_msgs/share/roseus/ros/botcmd_msgs/srv
-- Up-to-date: /home/handsome/ros_ws_test/install/botcmd_msgs/share/roseus/ros/botcmd_msgs/srv/bot_transfer_cmd.l
-- Up-to-date: /home/handsome/ros_ws_test/install/botcmd_msgs/share/roseus/ros/botcmd_msgs/srv/bot_getenabledi_cmd.l
-- Up-to-date: /home/handsome/ros_ws_test/install/botcmd_msgs/share/roseus/ros/botcmd_msgs/srv/bot_battery_cmd.l
-- Up-to-date: /home/handsome/ros_ws_test/install/botcmd_msgs/share/roseus/ros/botcmd_msgs/srv/bot_Infodata_cmd.l
-- Up-to-date: /home/handsome/ros_ws_test/install/botcmd_msgs/share/roseus/ros/botcmd_msgs/srv/bot_status_cmd.l
-- Up-to-date: /home/handsome/ros_ws_test/install/botcmd_msgs/share/roseus/ros/botcmd_msgs/srv/bot_battery_info_cmd.l
-- Up-to-date: /home/handsome/ros_ws_test/install/botcmd_msgs/share/roseus/ros/botcmd_msgs/srv/bot_do_cmd.l
-- Up-to-date: /home/handsome/ros_ws_test/install/botcmd_msgs/share/roseus/ros/botcmd_msgs/srv/bot_ultrasonic_cmd.l
-- Up-to-date: /home/handsome/ros_ws_test/install/botcmd_msgs/share/roseus/ros/botcmd_msgs/srv/bot_di_cmd.l
-- Up-to-date: /home/handsome/ros_ws_test/install/botcmd_msgs/share/roseus/ros/botcmd_msgs/srv/bot_device_cmd.l
-- Up-to-date: /home/handsome/ros_ws_test/install/botcmd_msgs/share/common-lisp/ros/botcmd_msgs
-- Up-to-date: /home/handsome/ros_ws_test/install/botcmd_msgs/share/common-lisp/ros/botcmd_msgs/msg
-- Up-to-date: /home/handsome/ros_ws_test/install/botcmd_msgs/share/common-lisp/ros/botcmd_msgs/msg/bot_transbattery.lisp
-- Up-to-date: /home/handsome/ros_ws_test/install/botcmd_msgs/share/common-lisp/ros/botcmd_msgs/msg/_package_actBotCmdFeedback.lisp
-- Up-to-date: /home/handsome/ros_ws_test/install/botcmd_msgs/share/common-lisp/ros/botcmd_msgs/msg/_package_bot_transbattery.lisp
-- Up-to-date: /home/handsome/ros_ws_test/install/botcmd_msgs/share/common-lisp/ros/botcmd_msgs/msg/bot_devicestatus.lisp
-- Up-to-date: /home/handsome/ros_ws_test/install/botcmd_msgs/share/common-lisp/ros/botcmd_msgs/msg/actBotCmdActionGoal.lisp
-- Up-to-date: /home/handsome/ros_ws_test/install/botcmd_msgs/share/common-lisp/ros/botcmd_msgs/msg/_package_bot_transferdata.lisp
-- Up-to-date: /home/handsome/ros_ws_test/install/botcmd_msgs/share/common-lisp/ros/botcmd_msgs/msg/bot_ultrasonic.lisp
-- Up-to-date: /home/handsome/ros_ws_test/install/botcmd_msgs/share/common-lisp/ros/botcmd_msgs/msg/actBotCmdActionResult.lisp
-- Up-to-date: /home/handsome/ros_ws_test/install/botcmd_msgs/share/common-lisp/ros/botcmd_msgs/msg/_package_actBotCmdGoal.lisp
-- Up-to-date: /home/handsome/ros_ws_test/install/botcmd_msgs/share/common-lisp/ros/botcmd_msgs/msg/actBotCmdFeedback.lisp
-- Up-to-date: /home/handsome/ros_ws_test/install/botcmd_msgs/share/common-lisp/ros/botcmd_msgs/msg/_package_bot_pubstatus.lisp
-- Up-to-date: /home/handsome/ros_ws_test/install/botcmd_msgs/share/common-lisp/ros/botcmd_msgs/msg/bot_mqtt_cmd.lisp
-- Up-to-date: /home/handsome/ros_ws_test/install/botcmd_msgs/share/common-lisp/ros/botcmd_msgs/msg/actBotCmdActionFeedback.lisp
-- Up-to-date: /home/handsome/ros_ws_test/install/botcmd_msgs/share/common-lisp/ros/botcmd_msgs/msg/bot_mqtt_rawdata.lisp
-- Up-to-date: /home/handsome/ros_ws_test/install/botcmd_msgs/share/common-lisp/ros/botcmd_msgs/msg/_package.lisp
-- Up-to-date: /home/handsome/ros_ws_test/install/botcmd_msgs/share/common-lisp/ros/botcmd_msgs/msg/bot_battery_info.lisp
-- Up-to-date: /home/handsome/ros_ws_test/install/botcmd_msgs/share/common-lisp/ros/botcmd_msgs/msg/_package_bot_mqtt_cmd.lisp
-- Up-to-date: /home/handsome/ros_ws_test/install/botcmd_msgs/share/common-lisp/ros/botcmd_msgs/msg/_package_bot_battery.lisp
-- Up-to-date: /home/handsome/ros_ws_test/install/botcmd_msgs/share/common-lisp/ros/botcmd_msgs/msg/_package_bot_battery_info.lisp
-- Up-to-date: /home/handsome/ros_ws_test/install/botcmd_msgs/share/common-lisp/ros/botcmd_msgs/msg/botcmd_msgs-msg.asd
-- Up-to-date: /home/handsome/ros_ws_test/install/botcmd_msgs/share/common-lisp/ros/botcmd_msgs/msg/_package_actBotCmdResult.lisp
-- Up-to-date: /home/handsome/ros_ws_test/install/botcmd_msgs/share/common-lisp/ros/botcmd_msgs/msg/_package_bot_Infodata.lisp
-- Up-to-date: /home/handsome/ros_ws_test/install/botcmd_msgs/share/common-lisp/ros/botcmd_msgs/msg/_package_bot_mqtt_rawdata.lisp
-- Up-to-date: /home/handsome/ros_ws_test/install/botcmd_msgs/share/common-lisp/ros/botcmd_msgs/msg/_package_actBotCmdAction.lisp
-- Up-to-date: /home/handsome/ros_ws_test/install/botcmd_msgs/share/common-lisp/ros/botcmd_msgs/msg/bot_pubstatus.lisp
-- Up-to-date: /home/handsome/ros_ws_test/install/botcmd_msgs/share/common-lisp/ros/botcmd_msgs/msg/actBotCmdResult.lisp
-- Up-to-date: /home/handsome/ros_ws_test/install/botcmd_msgs/share/common-lisp/ros/botcmd_msgs/msg/bot_transferdata.lisp
-- Up-to-date: /home/handsome/ros_ws_test/install/botcmd_msgs/share/common-lisp/ros/botcmd_msgs/msg/_package_actBotCmdActionFeedback.lisp
-- Up-to-date: /home/handsome/ros_ws_test/install/botcmd_msgs/share/common-lisp/ros/botcmd_msgs/msg/actBotCmdGoal.lisp
-- Up-to-date: /home/handsome/ros_ws_test/install/botcmd_msgs/share/common-lisp/ros/botcmd_msgs/msg/_package_bot_ultrasonic.lisp
-- Up-to-date: /home/handsome/ros_ws_test/install/botcmd_msgs/share/common-lisp/ros/botcmd_msgs/msg/bot_Infodata.lisp
-- Up-to-date: /home/handsome/ros_ws_test/install/botcmd_msgs/share/common-lisp/ros/botcmd_msgs/msg/_package_actBotCmdActionGoal.lisp
-- Up-to-date: /home/handsome/ros_ws_test/install/botcmd_msgs/share/common-lisp/ros/botcmd_msgs/msg/bot_battery.lisp
-- Up-to-date: /home/handsome/ros_ws_test/install/botcmd_msgs/share/common-lisp/ros/botcmd_msgs/msg/_package_actBotCmdActionResult.lisp
-- Up-to-date: /home/handsome/ros_ws_test/install/botcmd_msgs/share/common-lisp/ros/botcmd_msgs/msg/_package_bot_devicestatus.lisp
-- Up-to-date: /home/handsome/ros_ws_test/install/botcmd_msgs/share/common-lisp/ros/botcmd_msgs/msg/actBotCmdAction.lisp
-- Up-to-date: /home/handsome/ros_ws_test/install/botcmd_msgs/share/common-lisp/ros/botcmd_msgs/srv
-- Up-to-date: /home/handsome/ros_ws_test/install/botcmd_msgs/share/common-lisp/ros/botcmd_msgs/srv/bot_battery_cmd.lisp
-- Up-to-date: /home/handsome/ros_ws_test/install/botcmd_msgs/share/common-lisp/ros/botcmd_msgs/srv/bot_battery_info_cmd.lisp
-- Up-to-date: /home/handsome/ros_ws_test/install/botcmd_msgs/share/common-lisp/ros/botcmd_msgs/srv/botcmd_msgs-srv.asd
-- Up-to-date: /home/handsome/ros_ws_test/install/botcmd_msgs/share/common-lisp/ros/botcmd_msgs/srv/_package_bot_battery_info_cmd.lisp
-- Up-to-date: /home/handsome/ros_ws_test/install/botcmd_msgs/share/common-lisp/ros/botcmd_msgs/srv/bot_transfer_cmd.lisp
-- Up-to-date: /home/handsome/ros_ws_test/install/botcmd_msgs/share/common-lisp/ros/botcmd_msgs/srv/bot_Infodata_cmd.lisp
-- Up-to-date: /home/handsome/ros_ws_test/install/botcmd_msgs/share/common-lisp/ros/botcmd_msgs/srv/bot_ultrasonic_cmd.lisp
-- Up-to-date: /home/handsome/ros_ws_test/install/botcmd_msgs/share/common-lisp/ros/botcmd_msgs/srv/_package_bot_battery_cmd.lisp
-- Up-to-date: /home/handsome/ros_ws_test/install/botcmd_msgs/share/common-lisp/ros/botcmd_msgs/srv/_package_bot_do_cmd.lisp
-- Up-to-date: /home/handsome/ros_ws_test/install/botcmd_msgs/share/common-lisp/ros/botcmd_msgs/srv/_package.lisp
-- Up-to-date: /home/handsome/ros_ws_test/install/botcmd_msgs/share/common-lisp/ros/botcmd_msgs/srv/_package_bot_device_cmd.lisp
-- Up-to-date: /home/handsome/ros_ws_test/install/botcmd_msgs/share/common-lisp/ros/botcmd_msgs/srv/_package_bot_transfer_cmd.lisp
-- Up-to-date: /home/handsome/ros_ws_test/install/botcmd_msgs/share/common-lisp/ros/botcmd_msgs/srv/_package_bot_status_cmd.lisp
-- Up-to-date: /home/handsome/ros_ws_test/install/botcmd_msgs/share/common-lisp/ros/botcmd_msgs/srv/_package_bot_di_cmd.lisp
-- Up-to-date: /home/handsome/ros_ws_test/install/botcmd_msgs/share/common-lisp/ros/botcmd_msgs/srv/_package_bot_Infodata_cmd.lisp
-- Up-to-date: /home/handsome/ros_ws_test/install/botcmd_msgs/share/common-lisp/ros/botcmd_msgs/srv/_package_bot_ultrasonic_cmd.lisp
-- Up-to-date: /home/handsome/ros_ws_test/install/botcmd_msgs/share/common-lisp/ros/botcmd_msgs/srv/bot_di_cmd.lisp
-- Up-to-date: /home/handsome/ros_ws_test/install/botcmd_msgs/share/common-lisp/ros/botcmd_msgs/srv/bot_do_cmd.lisp
-- Up-to-date: /home/handsome/ros_ws_test/install/botcmd_msgs/share/common-lisp/ros/botcmd_msgs/srv/bot_device_cmd.lisp
-- Up-to-date: /home/handsome/ros_ws_test/install/botcmd_msgs/share/common-lisp/ros/botcmd_msgs/srv/bot_getenabledi_cmd.lisp
-- Up-to-date: /home/handsome/ros_ws_test/install/botcmd_msgs/share/common-lisp/ros/botcmd_msgs/srv/bot_status_cmd.lisp
-- Up-to-date: /home/handsome/ros_ws_test/install/botcmd_msgs/share/common-lisp/ros/botcmd_msgs/srv/_package_bot_getenabledi_cmd.lisp
-- Up-to-date: /home/handsome/ros_ws_test/install/botcmd_msgs/share/gennodejs/ros/botcmd_msgs
-- Up-to-date: /home/handsome/ros_ws_test/install/botcmd_msgs/share/gennodejs/ros/botcmd_msgs/msg
-- Up-to-date: /home/handsome/ros_ws_test/install/botcmd_msgs/share/gennodejs/ros/botcmd_msgs/msg/bot_transferdata.js
-- Up-to-date: /home/handsome/ros_ws_test/install/botcmd_msgs/share/gennodejs/ros/botcmd_msgs/msg/_index.js
-- Up-to-date: /home/handsome/ros_ws_test/install/botcmd_msgs/share/gennodejs/ros/botcmd_msgs/msg/bot_transbattery.js
-- Up-to-date: /home/handsome/ros_ws_test/install/botcmd_msgs/share/gennodejs/ros/botcmd_msgs/msg/actBotCmdAction.js
-- Up-to-date: /home/handsome/ros_ws_test/install/botcmd_msgs/share/gennodejs/ros/botcmd_msgs/msg/bot_devicestatus.js
-- Up-to-date: /home/handsome/ros_ws_test/install/botcmd_msgs/share/gennodejs/ros/botcmd_msgs/msg/bot_mqtt_cmd.js
-- Up-to-date: /home/handsome/ros_ws_test/install/botcmd_msgs/share/gennodejs/ros/botcmd_msgs/msg/bot_battery.js
-- Up-to-date: /home/handsome/ros_ws_test/install/botcmd_msgs/share/gennodejs/ros/botcmd_msgs/msg/bot_Infodata.js
-- Up-to-date: /home/handsome/ros_ws_test/install/botcmd_msgs/share/gennodejs/ros/botcmd_msgs/msg/actBotCmdGoal.js
-- Up-to-date: /home/handsome/ros_ws_test/install/botcmd_msgs/share/gennodejs/ros/botcmd_msgs/msg/bot_pubstatus.js
-- Up-to-date: /home/handsome/ros_ws_test/install/botcmd_msgs/share/gennodejs/ros/botcmd_msgs/msg/bot_battery_info.js
-- Up-to-date: /home/handsome/ros_ws_test/install/botcmd_msgs/share/gennodejs/ros/botcmd_msgs/msg/actBotCmdActionGoal.js
-- Up-to-date: /home/handsome/ros_ws_test/install/botcmd_msgs/share/gennodejs/ros/botcmd_msgs/msg/bot_ultrasonic.js
-- Up-to-date: /home/handsome/ros_ws_test/install/botcmd_msgs/share/gennodejs/ros/botcmd_msgs/msg/actBotCmdActionResult.js
-- Up-to-date: /home/handsome/ros_ws_test/install/botcmd_msgs/share/gennodejs/ros/botcmd_msgs/msg/actBotCmdFeedback.js
-- Up-to-date: /home/handsome/ros_ws_test/install/botcmd_msgs/share/gennodejs/ros/botcmd_msgs/msg/actBotCmdResult.js
-- Up-to-date: /home/handsome/ros_ws_test/install/botcmd_msgs/share/gennodejs/ros/botcmd_msgs/msg/bot_mqtt_rawdata.js
-- Up-to-date: /home/handsome/ros_ws_test/install/botcmd_msgs/share/gennodejs/ros/botcmd_msgs/msg/actBotCmdActionFeedback.js
-- Up-to-date: /home/handsome/ros_ws_test/install/botcmd_msgs/share/gennodejs/ros/botcmd_msgs/_index.js
-- Up-to-date: /home/handsome/ros_ws_test/install/botcmd_msgs/share/gennodejs/ros/botcmd_msgs/srv
-- Up-to-date: /home/handsome/ros_ws_test/install/botcmd_msgs/share/gennodejs/ros/botcmd_msgs/srv/bot_status_cmd.js
-- Up-to-date: /home/handsome/ros_ws_test/install/botcmd_msgs/share/gennodejs/ros/botcmd_msgs/srv/_index.js
-- Up-to-date: /home/handsome/ros_ws_test/install/botcmd_msgs/share/gennodejs/ros/botcmd_msgs/srv/bot_getenabledi_cmd.js
-- Up-to-date: /home/handsome/ros_ws_test/install/botcmd_msgs/share/gennodejs/ros/botcmd_msgs/srv/bot_device_cmd.js
-- Up-to-date: /home/handsome/ros_ws_test/install/botcmd_msgs/share/gennodejs/ros/botcmd_msgs/srv/bot_battery_info_cmd.js
-- Up-to-date: /home/handsome/ros_ws_test/install/botcmd_msgs/share/gennodejs/ros/botcmd_msgs/srv/bot_Infodata_cmd.js
-- Up-to-date: /home/handsome/ros_ws_test/install/botcmd_msgs/share/gennodejs/ros/botcmd_msgs/srv/bot_ultrasonic_cmd.js
-- Up-to-date: /home/handsome/ros_ws_test/install/botcmd_msgs/share/gennodejs/ros/botcmd_msgs/srv/bot_battery_cmd.js
-- Up-to-date: /home/handsome/ros_ws_test/install/botcmd_msgs/share/gennodejs/ros/botcmd_msgs/srv/bot_do_cmd.js
-- Up-to-date: /home/handsome/ros_ws_test/install/botcmd_msgs/share/gennodejs/ros/botcmd_msgs/srv/bot_di_cmd.js
-- Up-to-date: /home/handsome/ros_ws_test/install/botcmd_msgs/share/gennodejs/ros/botcmd_msgs/srv/bot_transfer_cmd.js
Listing /home/handsome/ros_ws_test/build/botcmd_msgs/devel/lib/python2.7/dist-packages/botcmd_msgs ...
Listing /home/handsome/ros_ws_test/build/botcmd_msgs/devel/lib/python2.7/dist-packages/botcmd_msgs/msg ...
Listing /home/handsome/ros_ws_test/build/botcmd_msgs/devel/lib/python2.7/dist-packages/botcmd_msgs/srv ...
-- Up-to-date: /home/handsome/ros_ws_test/install/botcmd_msgs/lib/python2.7/dist-packages/botcmd_msgs
-- Up-to-date: /home/handsome/ros_ws_test/install/botcmd_msgs/lib/python2.7/dist-packages/botcmd_msgs/msg
-- Up-to-date: /home/handsome/ros_ws_test/install/botcmd_msgs/lib/python2.7/dist-packages/botcmd_msgs/msg/_actBotCmdActionGoal.py
-- Up-to-date: /home/handsome/ros_ws_test/install/botcmd_msgs/lib/python2.7/dist-packages/botcmd_msgs/msg/_actBotCmdAction.pyc
-- Up-to-date: /home/handsome/ros_ws_test/install/botcmd_msgs/lib/python2.7/dist-packages/botcmd_msgs/msg/_bot_battery_info.pyc
-- Up-to-date: /home/handsome/ros_ws_test/install/botcmd_msgs/lib/python2.7/dist-packages/botcmd_msgs/msg/_bot_transbattery.pyc
-- Up-to-date: /home/handsome/ros_ws_test/install/botcmd_msgs/lib/python2.7/dist-packages/botcmd_msgs/msg/_bot_mqtt_cmd.pyc
-- Up-to-date: /home/handsome/ros_ws_test/install/botcmd_msgs/lib/python2.7/dist-packages/botcmd_msgs/msg/__init__.py
-- Up-to-date: /home/handsome/ros_ws_test/install/botcmd_msgs/lib/python2.7/dist-packages/botcmd_msgs/msg/_bot_devicestatus.py
-- Up-to-date: /home/handsome/ros_ws_test/install/botcmd_msgs/lib/python2.7/dist-packages/botcmd_msgs/msg/_bot_ultrasonic.pyc
-- Up-to-date: /home/handsome/ros_ws_test/install/botcmd_msgs/lib/python2.7/dist-packages/botcmd_msgs/msg/_bot_devicestatus.pyc
-- Up-to-date: /home/handsome/ros_ws_test/install/botcmd_msgs/lib/python2.7/dist-packages/botcmd_msgs/msg/_bot_Infodata.py
-- Up-to-date: /home/handsome/ros_ws_test/install/botcmd_msgs/lib/python2.7/dist-packages/botcmd_msgs/msg/_bot_mqtt_rawdata.py
-- Up-to-date: /home/handsome/ros_ws_test/install/botcmd_msgs/lib/python2.7/dist-packages/botcmd_msgs/msg/_bot_battery.pyc
-- Up-to-date: /home/handsome/ros_ws_test/install/botcmd_msgs/lib/python2.7/dist-packages/botcmd_msgs/msg/_actBotCmdActionFeedback.py
-- Up-to-date: /home/handsome/ros_ws_test/install/botcmd_msgs/lib/python2.7/dist-packages/botcmd_msgs/msg/_actBotCmdGoal.py
-- Up-to-date: /home/handsome/ros_ws_test/install/botcmd_msgs/lib/python2.7/dist-packages/botcmd_msgs/msg/_actBotCmdActionFeedback.pyc
-- Up-to-date: /home/handsome/ros_ws_test/install/botcmd_msgs/lib/python2.7/dist-packages/botcmd_msgs/msg/_bot_ultrasonic.py
-- Up-to-date: /home/handsome/ros_ws_test/install/botcmd_msgs/lib/python2.7/dist-packages/botcmd_msgs/msg/_actBotCmdAction.py
-- Up-to-date: /home/handsome/ros_ws_test/install/botcmd_msgs/lib/python2.7/dist-packages/botcmd_msgs/msg/_bot_battery_info.py
-- Up-to-date: /home/handsome/ros_ws_test/install/botcmd_msgs/lib/python2.7/dist-packages/botcmd_msgs/msg/_actBotCmdActionResult.py
-- Up-to-date: /home/handsome/ros_ws_test/install/botcmd_msgs/lib/python2.7/dist-packages/botcmd_msgs/msg/_actBotCmdResult.pyc
-- Up-to-date: /home/handsome/ros_ws_test/install/botcmd_msgs/lib/python2.7/dist-packages/botcmd_msgs/msg/_bot_mqtt_cmd.py
-- Up-to-date: /home/handsome/ros_ws_test/install/botcmd_msgs/lib/python2.7/dist-packages/botcmd_msgs/msg/_bot_transferdata.py
-- Up-to-date: /home/handsome/ros_ws_test/install/botcmd_msgs/lib/python2.7/dist-packages/botcmd_msgs/msg/_bot_mqtt_rawdata.pyc
-- Up-to-date: /home/handsome/ros_ws_test/install/botcmd_msgs/lib/python2.7/dist-packages/botcmd_msgs/msg/_actBotCmdActionGoal.pyc
-- Up-to-date: /home/handsome/ros_ws_test/install/botcmd_msgs/lib/python2.7/dist-packages/botcmd_msgs/msg/_actBotCmdFeedback.py
-- Up-to-date: /home/handsome/ros_ws_test/install/botcmd_msgs/lib/python2.7/dist-packages/botcmd_msgs/msg/__init__.pyc
-- Up-to-date: /home/handsome/ros_ws_test/install/botcmd_msgs/lib/python2.7/dist-packages/botcmd_msgs/msg/_bot_battery.py
-- Up-to-date: /home/handsome/ros_ws_test/install/botcmd_msgs/lib/python2.7/dist-packages/botcmd_msgs/msg/_bot_pubstatus.pyc
-- Up-to-date: /home/handsome/ros_ws_test/install/botcmd_msgs/lib/python2.7/dist-packages/botcmd_msgs/msg/_bot_Infodata.pyc
-- Up-to-date: /home/handsome/ros_ws_test/install/botcmd_msgs/lib/python2.7/dist-packages/botcmd_msgs/msg/_actBotCmdGoal.pyc
-- Up-to-date: /home/handsome/ros_ws_test/install/botcmd_msgs/lib/python2.7/dist-packages/botcmd_msgs/msg/_actBotCmdFeedback.pyc
-- Up-to-date: /home/handsome/ros_ws_test/install/botcmd_msgs/lib/python2.7/dist-packages/botcmd_msgs/msg/_bot_transbattery.py
-- Up-to-date: /home/handsome/ros_ws_test/install/botcmd_msgs/lib/python2.7/dist-packages/botcmd_msgs/msg/_actBotCmdResult.py
-- Up-to-date: /home/handsome/ros_ws_test/install/botcmd_msgs/lib/python2.7/dist-packages/botcmd_msgs/msg/_bot_transferdata.pyc
-- Up-to-date: /home/handsome/ros_ws_test/install/botcmd_msgs/lib/python2.7/dist-packages/botcmd_msgs/msg/_actBotCmdActionResult.pyc
-- Up-to-date: /home/handsome/ros_ws_test/install/botcmd_msgs/lib/python2.7/dist-packages/botcmd_msgs/msg/_bot_pubstatus.py
-- Up-to-date: /home/handsome/ros_ws_test/install/botcmd_msgs/lib/python2.7/dist-packages/botcmd_msgs/__init__.py
-- Up-to-date: /home/handsome/ros_ws_test/install/botcmd_msgs/lib/python2.7/dist-packages/botcmd_msgs/srv
-- Up-to-date: /home/handsome/ros_ws_test/install/botcmd_msgs/lib/python2.7/dist-packages/botcmd_msgs/srv/_bot_battery_cmd.py
-- Up-to-date: /home/handsome/ros_ws_test/install/botcmd_msgs/lib/python2.7/dist-packages/botcmd_msgs/srv/_bot_status_cmd.pyc
-- Up-to-date: /home/handsome/ros_ws_test/install/botcmd_msgs/lib/python2.7/dist-packages/botcmd_msgs/srv/_bot_battery_info_cmd.pyc
-- Up-to-date: /home/handsome/ros_ws_test/install/botcmd_msgs/lib/python2.7/dist-packages/botcmd_msgs/srv/_bot_di_cmd.py
-- Up-to-date: /home/handsome/ros_ws_test/install/botcmd_msgs/lib/python2.7/dist-packages/botcmd_msgs/srv/_bot_Infodata_cmd.pyc
-- Up-to-date: /home/handsome/ros_ws_test/install/botcmd_msgs/lib/python2.7/dist-packages/botcmd_msgs/srv/__init__.py
-- Up-to-date: /home/handsome/ros_ws_test/install/botcmd_msgs/lib/python2.7/dist-packages/botcmd_msgs/srv/_bot_transfer_cmd.pyc
-- Up-to-date: /home/handsome/ros_ws_test/install/botcmd_msgs/lib/python2.7/dist-packages/botcmd_msgs/srv/_bot_device_cmd.pyc
-- Up-to-date: /home/handsome/ros_ws_test/install/botcmd_msgs/lib/python2.7/dist-packages/botcmd_msgs/srv/_bot_battery_info_cmd.py
-- Up-to-date: /home/handsome/ros_ws_test/install/botcmd_msgs/lib/python2.7/dist-packages/botcmd_msgs/srv/_bot_di_cmd.pyc
-- Up-to-date: /home/handsome/ros_ws_test/install/botcmd_msgs/lib/python2.7/dist-packages/botcmd_msgs/srv/_bot_ultrasonic_cmd.py
-- Up-to-date: /home/handsome/ros_ws_test/install/botcmd_msgs/lib/python2.7/dist-packages/botcmd_msgs/srv/_bot_getenabledi_cmd.pyc
-- Up-to-date: /home/handsome/ros_ws_test/install/botcmd_msgs/lib/python2.7/dist-packages/botcmd_msgs/srv/_bot_device_cmd.py
-- Up-to-date: /home/handsome/ros_ws_test/install/botcmd_msgs/lib/python2.7/dist-packages/botcmd_msgs/srv/_bot_transfer_cmd.py
-- Up-to-date: /home/handsome/ros_ws_test/install/botcmd_msgs/lib/python2.7/dist-packages/botcmd_msgs/srv/_bot_do_cmd.py
-- Up-to-date: /home/handsome/ros_ws_test/install/botcmd_msgs/lib/python2.7/dist-packages/botcmd_msgs/srv/_bot_getenabledi_cmd.py
-- Up-to-date: /home/handsome/ros_ws_test/install/botcmd_msgs/lib/python2.7/dist-packages/botcmd_msgs/srv/_bot_ultrasonic_cmd.pyc
-- Up-to-date: /home/handsome/ros_ws_test/install/botcmd_msgs/lib/python2.7/dist-packages/botcmd_msgs/srv/_bot_battery_cmd.pyc
-- Up-to-date: /home/handsome/ros_ws_test/install/botcmd_msgs/lib/python2.7/dist-packages/botcmd_msgs/srv/__init__.pyc
-- Up-to-date: /home/handsome/ros_ws_test/install/botcmd_msgs/lib/python2.7/dist-packages/botcmd_msgs/srv/_bot_do_cmd.pyc
-- Up-to-date: /home/handsome/ros_ws_test/install/botcmd_msgs/lib/python2.7/dist-packages/botcmd_msgs/srv/_bot_status_cmd.py
-- Up-to-date: /home/handsome/ros_ws_test/install/botcmd_msgs/lib/python2.7/dist-packages/botcmd_msgs/srv/_bot_Infodata_cmd.py
-- Up-to-date: /home/handsome/ros_ws_test/install/botcmd_msgs/lib/python2.7/dist-packages/botcmd_msgs/__init__.pyc
-- Up-to-date: /home/handsome/ros_ws_test/install/botcmd_msgs/lib/pkgconfig/botcmd_msgs.pc
-- Up-to-date: /home/handsome/ros_ws_test/install/botcmd_msgs/share/botcmd_msgs/cmake/botcmd_msgs-msg-extras.cmake
-- Up-to-date: /home/handsome/ros_ws_test/install/botcmd_msgs/share/botcmd_msgs/cmake/botcmd_msgsConfig.cmake
-- Up-to-date: /home/handsome/ros_ws_test/install/botcmd_msgs/share/botcmd_msgs/cmake/botcmd_msgsConfig-version.cmake
-- Up-to-date: /home/handsome/ros_ws_test/install/botcmd_msgs/share/botcmd_msgs/package.xml
