[0.106s] Invoking command in '/home/handsome/ros_ws_test/build/botcmd_msgs': /usr/bin/cmake --build /home/handsome/ros_ws_test/build/botcmd_msgs -- -j12 -l12
[0.878s] [  0%] Built target std_msgs_generate_messages_py
[0.913s] [  0%] Built target _botcmd_msgs_generate_messages_check_deps_bot_transbattery
[1.309s] [  0%] Built target _botcmd_msgs_generate_messages_check_deps_actBotCmdActionGoal
[1.323s] [  0%] Built target _botcmd_msgs_generate_messages_check_deps_bot_mqtt_rawdata
[1.358s] [  0%] Built target _botcmd_msgs_generate_messages_check_deps_bot_ultrasonic
[1.382s] [  0%] Built target _botcmd_msgs_generate_messages_check_deps_bot_pubstatus
[1.412s] [  0%] Built target _botcmd_msgs_generate_messages_check_deps_bot_battery_info_cmd
[1.427s] [  0%] Built target _botcmd_msgs_generate_messages_check_deps_actBotCmdAction
[1.446s] [  0%] Built target _botcmd_msgs_generate_messages_check_deps_bot_mqtt_cmd
[1.507s] [  0%] Built target _botcmd_msgs_generate_messages_check_deps_bot_getenabledi_cmd
[1.532s] [  0%] Built target _botcmd_msgs_generate_messages_check_deps_bot_device_cmd
[1.593s] [  0%] Built target _botcmd_msgs_generate_messages_check_deps_bot_ultrasonic_cmd
[1.750s] [  0%] Built target actionlib_msgs_generate_messages_py
[1.908s] [  0%] Built target _botcmd_msgs_generate_messages_check_deps_actBotCmdActionResult
[1.967s] [  0%] Built target _botcmd_msgs_generate_messages_check_deps_bot_di_cmd
[2.016s] [  0%] Built target geometry_msgs_generate_messages_py
[2.046s] [  0%] Built target _botcmd_msgs_generate_messages_check_deps_bot_transferdata
[2.149s] [  0%] Built target _botcmd_msgs_generate_messages_check_deps_actBotCmdFeedback
[2.187s] [  0%] Built target _botcmd_msgs_generate_messages_check_deps_bot_battery_info
[2.192s] [  0%] Built target _botcmd_msgs_generate_messages_check_deps_bot_battery
[2.215s] [  0%] Built target std_srvs_generate_messages_py
[2.224s] [  0%] Built target _botcmd_msgs_generate_messages_check_deps_bot_Infodata_cmd
[2.228s] [  0%] Built target _botcmd_msgs_generate_messages_check_deps_bot_status_cmd
[2.243s] [  0%] Built target _botcmd_msgs_generate_messages_check_deps_bot_devicestatus
[2.246s] [  0%] Built target _botcmd_msgs_generate_messages_check_deps_bot_do_cmd
[2.387s] [  0%] Built target _botcmd_msgs_generate_messages_check_deps_bot_transfer_cmd
[2.437s] [  0%] Built target std_msgs_generate_messages_eus
[2.439s] [  0%] Built target actionlib_msgs_generate_messages_nodejs
[2.444s] [  0%] Built target std_msgs_generate_messages_nodejs
[2.526s] [  0%] Built target _botcmd_msgs_generate_messages_check_deps_bot_battery_cmd
[2.526s] [  0%] Built target std_srvs_generate_messages_nodejs
[2.526s] [  0%] Built target geometry_msgs_generate_messages_nodejs
[2.533s] [  0%] Built target actionlib_msgs_generate_messages_eus
[2.607s] [  0%] Built target geometry_msgs_generate_messages_cpp
[2.608s] [  0%] Built target geometry_msgs_generate_messages_eus
[2.613s] [  0%] Built target _botcmd_msgs_generate_messages_check_deps_bot_Infodata
[2.617s] [  0%] Built target _botcmd_msgs_generate_messages_check_deps_actBotCmdGoal
[2.624s] [  0%] Built target std_msgs_generate_messages_cpp
[2.647s] [  0%] Built target std_srvs_generate_messages_eus
[2.658s] [  0%] Built target actionlib_msgs_generate_messages_cpp
[2.683s] [  0%] Built target _botcmd_msgs_generate_messages_check_deps_actBotCmdResult
[2.692s] [  0%] Built target std_msgs_generate_messages_lisp
[2.693s] [  0%] Built target std_srvs_generate_messages_cpp
[2.699s] [  0%] Built target _botcmd_msgs_generate_messages_check_deps_actBotCmdActionFeedback
[2.715s] [  0%] Built target geometry_msgs_generate_messages_lisp
[2.746s] [  0%] Built target actionlib_msgs_generate_messages_lisp
[2.757s] [  0%] Built target std_srvs_generate_messages_lisp
[2.803s] [ 19%] Built target botcmd_msgs_generate_messages_nodejs
[2.823s] [ 39%] Built target botcmd_msgs_generate_messages_cpp
[2.828s] [ 59%] Built target botcmd_msgs_generate_messages_py
[2.837s] [ 79%] Built target botcmd_msgs_generate_messages_eus
[2.871s] [100%] Built target botcmd_msgs_generate_messages_lisp
[2.940s] [100%] Built target botcmd_msgs_generate_messages
[2.969s] Invoked command in '/home/handsome/ros_ws_test/build/botcmd_msgs' returned '0': /usr/bin/cmake --build /home/handsome/ros_ws_test/build/botcmd_msgs -- -j12 -l12
[3.294s] Invoking command in '/home/handsome/ros_ws_test/build/botcmd_msgs': /usr/bin/cmake --build /home/handsome/ros_ws_test/build/botcmd_msgs --target tests -- -j12 -l12
[3.675s] Built target tests
[3.863s] Invoked command in '/home/handsome/ros_ws_test/build/botcmd_msgs' returned '0': /usr/bin/cmake --build /home/handsome/ros_ws_test/build/botcmd_msgs --target tests -- -j12 -l12
[5.516s] Invoking command in '/home/handsome/ros_ws_test/build/botcmd_msgs': /usr/bin/cmake --build /home/handsome/ros_ws_test/build/botcmd_msgs --target install -- -j12 -l12
[6.206s] [  0%] Built target std_msgs_generate_messages_py
[6.399s] [  0%] Built target _botcmd_msgs_generate_messages_check_deps_bot_ultrasonic
[6.424s] [  0%] Built target _botcmd_msgs_generate_messages_check_deps_bot_mqtt_cmd
[6.450s] [  0%] Built target _botcmd_msgs_generate_messages_check_deps_bot_battery_info_cmd
[6.470s] [  0%] Built target _botcmd_msgs_generate_messages_check_deps_bot_device_cmd
[6.473s] [  0%] Built target _botcmd_msgs_generate_messages_check_deps_bot_pubstatus
[6.475s] [  0%] Built target _botcmd_msgs_generate_messages_check_deps_bot_transbattery
[6.488s] [  0%] Built target _botcmd_msgs_generate_messages_check_deps_bot_mqtt_rawdata
[6.488s] [  0%] Built target _botcmd_msgs_generate_messages_check_deps_bot_ultrasonic_cmd
[6.499s] [  0%] Built target _botcmd_msgs_generate_messages_check_deps_actBotCmdActionGoal
[6.664s] [  0%] Built target _botcmd_msgs_generate_messages_check_deps_bot_getenabledi_cmd
[6.671s] [  0%] Built target _botcmd_msgs_generate_messages_check_deps_bot_di_cmd
[6.671s] [  0%] Built target _botcmd_msgs_generate_messages_check_deps_actBotCmdAction
[6.724s] [  0%] Built target actionlib_msgs_generate_messages_py
[6.849s] [  0%] Built target _botcmd_msgs_generate_messages_check_deps_bot_transferdata
[6.889s] [  0%] Built target _botcmd_msgs_generate_messages_check_deps_actBotCmdActionResult
[6.901s] [  0%] Built target _botcmd_msgs_generate_messages_check_deps_bot_do_cmd
[6.927s] [  0%] Built target _botcmd_msgs_generate_messages_check_deps_actBotCmdFeedback
[6.979s] [  0%] Built target geometry_msgs_generate_messages_py
[7.072s] [  0%] Built target _botcmd_msgs_generate_messages_check_deps_bot_status_cmd
[7.095s] [  0%] Built target _botcmd_msgs_generate_messages_check_deps_bot_battery_info
[7.112s] [  0%] Built target _botcmd_msgs_generate_messages_check_deps_bot_devicestatus
[7.128s] [  0%] Built target std_srvs_generate_messages_py
[7.154s] [  0%] Built target _botcmd_msgs_generate_messages_check_deps_bot_battery
[7.173s] [  0%] Built target _botcmd_msgs_generate_messages_check_deps_bot_Infodata_cmd
[7.258s] [  0%] Built target _botcmd_msgs_generate_messages_check_deps_bot_battery_cmd
[7.298s] [  0%] Built target _botcmd_msgs_generate_messages_check_deps_bot_transfer_cmd
[7.376s] [  0%] Built target std_msgs_generate_messages_eus
[7.394s] [  0%] Built target actionlib_msgs_generate_messages_nodejs
[7.401s] [  0%] Built target _botcmd_msgs_generate_messages_check_deps_actBotCmdResult
[7.417s] [  0%] Built target std_srvs_generate_messages_nodejs
[7.417s] [  0%] Built target std_srvs_generate_messages_eus
[7.417s] [  0%] Built target std_msgs_generate_messages_nodejs
[7.417s] [  0%] Built target actionlib_msgs_generate_messages_eus
[7.441s] [  0%] Built target _botcmd_msgs_generate_messages_check_deps_actBotCmdGoal
[7.466s] [  0%] Built target geometry_msgs_generate_messages_nodejs
[7.615s] [  0%] Built target _botcmd_msgs_generate_messages_check_deps_actBotCmdActionFeedback
[7.616s] [  0%] Built target geometry_msgs_generate_messages_eus
[7.618s] [  0%] Built target std_msgs_generate_messages_cpp
[7.618s] [  0%] Built target geometry_msgs_generate_messages_cpp
[7.618s] [  0%] Built target _botcmd_msgs_generate_messages_check_deps_bot_Infodata
[7.656s] [  0%] Built target std_msgs_generate_messages_lisp
[7.687s] [  0%] Built target actionlib_msgs_generate_messages_lisp
[7.687s] [  0%] Built target actionlib_msgs_generate_messages_cpp
[7.701s] [  0%] Built target std_srvs_generate_messages_cpp
[7.708s] [  0%] Built target std_srvs_generate_messages_lisp
[7.779s] [  0%] Built target geometry_msgs_generate_messages_lisp
[7.832s] [ 19%] Built target botcmd_msgs_generate_messages_eus
[7.884s] [ 39%] Built target botcmd_msgs_generate_messages_cpp
[7.898s] [ 58%] Built target botcmd_msgs_generate_messages_nodejs
[7.909s] [ 79%] Built target botcmd_msgs_generate_messages_py
[7.947s] [100%] Built target botcmd_msgs_generate_messages_lisp
[8.094s] [100%] Built target botcmd_msgs_generate_messages
[8.306s] [36mInstall the project...[0m
[8.342s] -- Install configuration: ""
[8.342s] -- Up-to-date: /home/handsome/ros_ws_test/install/botcmd_msgs/share/botcmd_msgs/msg/bot_ultrasonic.msg
[8.343s] -- Up-to-date: /home/handsome/ros_ws_test/install/botcmd_msgs/share/botcmd_msgs/msg/bot_pubstatus.msg
[8.344s] -- Up-to-date: /home/handsome/ros_ws_test/install/botcmd_msgs/share/botcmd_msgs/msg/bot_battery.msg
[8.344s] -- Up-to-date: /home/handsome/ros_ws_test/install/botcmd_msgs/share/botcmd_msgs/msg/bot_mqtt_cmd.msg
[8.344s] -- Up-to-date: /home/handsome/ros_ws_test/install/botcmd_msgs/share/botcmd_msgs/msg/bot_mqtt_rawdata.msg
[8.344s] -- Up-to-date: /home/handsome/ros_ws_test/install/botcmd_msgs/share/botcmd_msgs/msg/bot_devicestatus.msg
[8.344s] -- Up-to-date: /home/handsome/ros_ws_test/install/botcmd_msgs/share/botcmd_msgs/msg/bot_Infodata.msg
[8.345s] -- Up-to-date: /home/handsome/ros_ws_test/install/botcmd_msgs/share/botcmd_msgs/msg/bot_transferdata.msg
[8.345s] -- Up-to-date: /home/handsome/ros_ws_test/install/botcmd_msgs/share/botcmd_msgs/msg/bot_transbattery.msg
[8.345s] -- Up-to-date: /home/handsome/ros_ws_test/install/botcmd_msgs/share/botcmd_msgs/msg/bot_battery_info.msg
[8.347s] -- Up-to-date: /home/handsome/ros_ws_test/install/botcmd_msgs/share/botcmd_msgs/srv/bot_device_cmd.srv
[8.347s] -- Up-to-date: /home/handsome/ros_ws_test/install/botcmd_msgs/share/botcmd_msgs/srv/bot_status_cmd.srv
[8.348s] -- Up-to-date: /home/handsome/ros_ws_test/install/botcmd_msgs/share/botcmd_msgs/srv/bot_di_cmd.srv
[8.348s] -- Up-to-date: /home/handsome/ros_ws_test/install/botcmd_msgs/share/botcmd_msgs/srv/bot_do_cmd.srv
[8.348s] -- Up-to-date: /home/handsome/ros_ws_test/install/botcmd_msgs/share/botcmd_msgs/srv/bot_battery_cmd.srv
[8.349s] -- Up-to-date: /home/handsome/ros_ws_test/install/botcmd_msgs/share/botcmd_msgs/srv/bot_ultrasonic_cmd.srv
[8.349s] -- Up-to-date: /home/handsome/ros_ws_test/install/botcmd_msgs/share/botcmd_msgs/srv/bot_Infodata_cmd.srv
[8.350s] -- Up-to-date: /home/handsome/ros_ws_test/install/botcmd_msgs/share/botcmd_msgs/srv/bot_getenabledi_cmd.srv
[8.350s] -- Up-to-date: /home/handsome/ros_ws_test/install/botcmd_msgs/share/botcmd_msgs/srv/bot_transfer_cmd.srv
[8.350s] -- Up-to-date: /home/handsome/ros_ws_test/install/botcmd_msgs/share/botcmd_msgs/srv/bot_battery_info_cmd.srv
[8.350s] -- Up-to-date: /home/handsome/ros_ws_test/install/botcmd_msgs/share/botcmd_msgs/action/actBotCmd.action
[8.351s] -- Up-to-date: /home/handsome/ros_ws_test/install/botcmd_msgs/share/botcmd_msgs/msg/actBotCmdAction.msg
[8.351s] -- Up-to-date: /home/handsome/ros_ws_test/install/botcmd_msgs/share/botcmd_msgs/msg/actBotCmdActionGoal.msg
[8.351s] -- Up-to-date: /home/handsome/ros_ws_test/install/botcmd_msgs/share/botcmd_msgs/msg/actBotCmdActionResult.msg
[8.352s] -- Up-to-date: /home/handsome/ros_ws_test/install/botcmd_msgs/share/botcmd_msgs/msg/actBotCmdActionFeedback.msg
[8.353s] -- Up-to-date: /home/handsome/ros_ws_test/install/botcmd_msgs/share/botcmd_msgs/msg/actBotCmdGoal.msg
[8.353s] -- Up-to-date: /home/handsome/ros_ws_test/install/botcmd_msgs/share/botcmd_msgs/msg/actBotCmdResult.msg
[8.353s] -- Up-to-date: /home/handsome/ros_ws_test/install/botcmd_msgs/share/botcmd_msgs/msg/actBotCmdFeedback.msg
[8.355s] -- Up-to-date: /home/handsome/ros_ws_test/install/botcmd_msgs/share/botcmd_msgs/cmake/botcmd_msgs-msg-paths.cmake
[8.356s] -- Up-to-date: /home/handsome/ros_ws_test/install/botcmd_msgs/include/botcmd_msgs
[8.356s] -- Up-to-date: /home/handsome/ros_ws_test/install/botcmd_msgs/include/botcmd_msgs/bot_mqtt_cmd.h
[8.356s] -- Up-to-date: /home/handsome/ros_ws_test/install/botcmd_msgs/include/botcmd_msgs/bot_transbattery.h
[8.356s] -- Up-to-date: /home/handsome/ros_ws_test/install/botcmd_msgs/include/botcmd_msgs/actBotCmdActionResult.h
[8.356s] -- Up-to-date: /home/handsome/ros_ws_test/install/botcmd_msgs/include/botcmd_msgs/actBotCmdActionFeedback.h
[8.356s] -- Up-to-date: /home/handsome/ros_ws_test/install/botcmd_msgs/include/botcmd_msgs/bot_do_cmd.h
[8.357s] -- Up-to-date: /home/handsome/ros_ws_test/install/botcmd_msgs/include/botcmd_msgs/bot_battery_info_cmdRequest.h
[8.357s] -- Up-to-date: /home/handsome/ros_ws_test/install/botcmd_msgs/include/botcmd_msgs/bot_ultrasonic_cmdResponse.h
[8.357s] -- Up-to-date: /home/handsome/ros_ws_test/install/botcmd_msgs/include/botcmd_msgs/bot_do_cmdRequest.h
[8.357s] -- Up-to-date: /home/handsome/ros_ws_test/install/botcmd_msgs/include/botcmd_msgs/bot_mqtt_rawdata.h
[8.357s] -- Up-to-date: /home/handsome/ros_ws_test/install/botcmd_msgs/include/botcmd_msgs/actBotCmdGoal.h
[8.357s] -- Up-to-date: /home/handsome/ros_ws_test/install/botcmd_msgs/include/botcmd_msgs/bot_di_cmdRequest.h
[8.358s] -- Up-to-date: /home/handsome/ros_ws_test/install/botcmd_msgs/include/botcmd_msgs/bot_battery_cmdResponse.h
[8.358s] -- Up-to-date: /home/handsome/ros_ws_test/install/botcmd_msgs/include/botcmd_msgs/bot_do_cmdResponse.h
[8.358s] -- Up-to-date: /home/handsome/ros_ws_test/install/botcmd_msgs/include/botcmd_msgs/bot_status_cmd.h
[8.358s] -- Up-to-date: /home/handsome/ros_ws_test/install/botcmd_msgs/include/botcmd_msgs/bot_battery_cmd.h
[8.358s] -- Up-to-date: /home/handsome/ros_ws_test/install/botcmd_msgs/include/botcmd_msgs/bot_getenabledi_cmd.h
[8.358s] -- Up-to-date: /home/handsome/ros_ws_test/install/botcmd_msgs/include/botcmd_msgs/bot_transfer_cmdResponse.h
[8.359s] -- Up-to-date: /home/handsome/ros_ws_test/install/botcmd_msgs/include/botcmd_msgs/bot_Infodata_cmd.h
[8.359s] -- Up-to-date: /home/handsome/ros_ws_test/install/botcmd_msgs/include/botcmd_msgs/bot_ultrasonic.h
[8.359s] -- Up-to-date: /home/handsome/ros_ws_test/install/botcmd_msgs/include/botcmd_msgs/bot_battery_info_cmdResponse.h
[8.359s] -- Up-to-date: /home/handsome/ros_ws_test/install/botcmd_msgs/include/botcmd_msgs/bot_battery_cmdRequest.h
[8.359s] -- Up-to-date: /home/handsome/ros_ws_test/install/botcmd_msgs/include/botcmd_msgs/actBotCmdResult.h
[8.360s] -- Up-to-date: /home/handsome/ros_ws_test/install/botcmd_msgs/include/botcmd_msgs/bot_status_cmdResponse.h
[8.360s] -- Up-to-date: /home/handsome/ros_ws_test/install/botcmd_msgs/include/botcmd_msgs/bot_transfer_cmd.h
[8.360s] -- Up-to-date: /home/handsome/ros_ws_test/install/botcmd_msgs/include/botcmd_msgs/actBotCmdActionGoal.h
[8.360s] -- Up-to-date: /home/handsome/ros_ws_test/install/botcmd_msgs/include/botcmd_msgs/bot_ultrasonic_cmd.h
[8.360s] -- Up-to-date: /home/handsome/ros_ws_test/install/botcmd_msgs/include/botcmd_msgs/bot_device_cmdRequest.h
[8.360s] -- Up-to-date: /home/handsome/ros_ws_test/install/botcmd_msgs/include/botcmd_msgs/bot_battery_info.h
[8.361s] -- Up-to-date: /home/handsome/ros_ws_test/install/botcmd_msgs/include/botcmd_msgs/bot_devicestatus.h
[8.361s] -- Up-to-date: /home/handsome/ros_ws_test/install/botcmd_msgs/include/botcmd_msgs/bot_di_cmdResponse.h
[8.361s] -- Up-to-date: /home/handsome/ros_ws_test/install/botcmd_msgs/include/botcmd_msgs/bot_status_cmdRequest.h
[8.361s] -- Up-to-date: /home/handsome/ros_ws_test/install/botcmd_msgs/include/botcmd_msgs/bot_getenabledi_cmdResponse.h
[8.361s] -- Up-to-date: /home/handsome/ros_ws_test/install/botcmd_msgs/include/botcmd_msgs/actBotCmdFeedback.h
[8.361s] -- Up-to-date: /home/handsome/ros_ws_test/install/botcmd_msgs/include/botcmd_msgs/bot_getenabledi_cmdRequest.h
[8.361s] -- Up-to-date: /home/handsome/ros_ws_test/install/botcmd_msgs/include/botcmd_msgs/bot_pubstatus.h
[8.361s] -- Up-to-date: /home/handsome/ros_ws_test/install/botcmd_msgs/include/botcmd_msgs/bot_Infodata_cmdResponse.h
[8.362s] -- Up-to-date: /home/handsome/ros_ws_test/install/botcmd_msgs/include/botcmd_msgs/bot_battery_info_cmd.h
[8.362s] -- Up-to-date: /home/handsome/ros_ws_test/install/botcmd_msgs/include/botcmd_msgs/bot_device_cmdResponse.h
[8.363s] -- Up-to-date: /home/handsome/ros_ws_test/install/botcmd_msgs/include/botcmd_msgs/bot_Infodata.h
[8.363s] -- Up-to-date: /home/handsome/ros_ws_test/install/botcmd_msgs/include/botcmd_msgs/bot_di_cmd.h
[8.363s] -- Up-to-date: /home/handsome/ros_ws_test/install/botcmd_msgs/include/botcmd_msgs/bot_ultrasonic_cmdRequest.h
[8.364s] -- Up-to-date: /home/handsome/ros_ws_test/install/botcmd_msgs/include/botcmd_msgs/bot_device_cmd.h
[8.364s] -- Up-to-date: /home/handsome/ros_ws_test/install/botcmd_msgs/include/botcmd_msgs/bot_transfer_cmdRequest.h
[8.364s] -- Up-to-date: /home/handsome/ros_ws_test/install/botcmd_msgs/include/botcmd_msgs/bot_battery.h
[8.364s] -- Up-to-date: /home/handsome/ros_ws_test/install/botcmd_msgs/include/botcmd_msgs/bot_Infodata_cmdRequest.h
[8.365s] -- Up-to-date: /home/handsome/ros_ws_test/install/botcmd_msgs/include/botcmd_msgs/actBotCmdAction.h
[8.365s] -- Up-to-date: /home/handsome/ros_ws_test/install/botcmd_msgs/include/botcmd_msgs/bot_transferdata.h
[8.365s] -- Up-to-date: /home/handsome/ros_ws_test/install/botcmd_msgs/share/roseus/ros/botcmd_msgs
[8.366s] -- Up-to-date: /home/handsome/ros_ws_test/install/botcmd_msgs/share/roseus/ros/botcmd_msgs/msg
[8.366s] -- Up-to-date: /home/handsome/ros_ws_test/install/botcmd_msgs/share/roseus/ros/botcmd_msgs/msg/bot_Infodata.l
[8.366s] -- Up-to-date: /home/handsome/ros_ws_test/install/botcmd_msgs/share/roseus/ros/botcmd_msgs/msg/bot_mqtt_rawdata.l
[8.366s] -- Up-to-date: /home/handsome/ros_ws_test/install/botcmd_msgs/share/roseus/ros/botcmd_msgs/msg/actBotCmdAction.l
[8.367s] -- Up-to-date: /home/handsome/ros_ws_test/install/botcmd_msgs/share/roseus/ros/botcmd_msgs/msg/bot_pubstatus.l
[8.367s] -- Up-to-date: /home/handsome/ros_ws_test/install/botcmd_msgs/share/roseus/ros/botcmd_msgs/msg/actBotCmdActionFeedback.l
[8.368s] -- Up-to-date: /home/handsome/ros_ws_test/install/botcmd_msgs/share/roseus/ros/botcmd_msgs/msg/actBotCmdActionResult.l
[8.368s] -- Up-to-date: /home/handsome/ros_ws_test/install/botcmd_msgs/share/roseus/ros/botcmd_msgs/msg/actBotCmdActionGoal.l
[8.368s] -- Up-to-date: /home/handsome/ros_ws_test/install/botcmd_msgs/share/roseus/ros/botcmd_msgs/msg/bot_mqtt_cmd.l
[8.368s] -- Up-to-date: /home/handsome/ros_ws_test/install/botcmd_msgs/share/roseus/ros/botcmd_msgs/msg/bot_battery_info.l
[8.369s] -- Up-to-date: /home/handsome/ros_ws_test/install/botcmd_msgs/share/roseus/ros/botcmd_msgs/msg/bot_ultrasonic.l
[8.369s] -- Up-to-date: /home/handsome/ros_ws_test/install/botcmd_msgs/share/roseus/ros/botcmd_msgs/msg/bot_transferdata.l
[8.369s] -- Up-to-date: /home/handsome/ros_ws_test/install/botcmd_msgs/share/roseus/ros/botcmd_msgs/msg/bot_devicestatus.l
[8.369s] -- Up-to-date: /home/handsome/ros_ws_test/install/botcmd_msgs/share/roseus/ros/botcmd_msgs/msg/actBotCmdResult.l
[8.371s] -- Up-to-date: /home/handsome/ros_ws_test/install/botcmd_msgs/share/roseus/ros/botcmd_msgs/msg/bot_transbattery.l
[8.371s] -- Up-to-date: /home/handsome/ros_ws_test/install/botcmd_msgs/share/roseus/ros/botcmd_msgs/msg/actBotCmdGoal.l
[8.371s] -- Up-to-date: /home/handsome/ros_ws_test/install/botcmd_msgs/share/roseus/ros/botcmd_msgs/msg/actBotCmdFeedback.l
[8.371s] -- Up-to-date: /home/handsome/ros_ws_test/install/botcmd_msgs/share/roseus/ros/botcmd_msgs/msg/bot_battery.l
[8.371s] -- Up-to-date: /home/handsome/ros_ws_test/install/botcmd_msgs/share/roseus/ros/botcmd_msgs/manifest.l
[8.371s] -- Up-to-date: /home/handsome/ros_ws_test/install/botcmd_msgs/share/roseus/ros/botcmd_msgs/srv
[8.371s] -- Up-to-date: /home/handsome/ros_ws_test/install/botcmd_msgs/share/roseus/ros/botcmd_msgs/srv/bot_transfer_cmd.l
[8.371s] -- Up-to-date: /home/handsome/ros_ws_test/install/botcmd_msgs/share/roseus/ros/botcmd_msgs/srv/bot_getenabledi_cmd.l
[8.372s] -- Up-to-date: /home/handsome/ros_ws_test/install/botcmd_msgs/share/roseus/ros/botcmd_msgs/srv/bot_battery_cmd.l
[8.372s] -- Up-to-date: /home/handsome/ros_ws_test/install/botcmd_msgs/share/roseus/ros/botcmd_msgs/srv/bot_Infodata_cmd.l
[8.372s] -- Up-to-date: /home/handsome/ros_ws_test/install/botcmd_msgs/share/roseus/ros/botcmd_msgs/srv/bot_status_cmd.l
[8.372s] -- Up-to-date: /home/handsome/ros_ws_test/install/botcmd_msgs/share/roseus/ros/botcmd_msgs/srv/bot_battery_info_cmd.l
[8.376s] -- Up-to-date: /home/handsome/ros_ws_test/install/botcmd_msgs/share/roseus/ros/botcmd_msgs/srv/bot_do_cmd.l
[8.377s] -- Up-to-date: /home/handsome/ros_ws_test/install/botcmd_msgs/share/roseus/ros/botcmd_msgs/srv/bot_ultrasonic_cmd.l
[8.378s] -- Up-to-date: /home/handsome/ros_ws_test/install/botcmd_msgs/share/roseus/ros/botcmd_msgs/srv/bot_di_cmd.l
[8.378s] -- Up-to-date: /home/handsome/ros_ws_test/install/botcmd_msgs/share/roseus/ros/botcmd_msgs/srv/bot_device_cmd.l
[8.378s] -- Up-to-date: /home/handsome/ros_ws_test/install/botcmd_msgs/share/common-lisp/ros/botcmd_msgs
[8.378s] -- Up-to-date: /home/handsome/ros_ws_test/install/botcmd_msgs/share/common-lisp/ros/botcmd_msgs/msg
[8.379s] -- Up-to-date: /home/handsome/ros_ws_test/install/botcmd_msgs/share/common-lisp/ros/botcmd_msgs/msg/bot_transbattery.lisp
[8.379s] -- Up-to-date: /home/handsome/ros_ws_test/install/botcmd_msgs/share/common-lisp/ros/botcmd_msgs/msg/_package_actBotCmdFeedback.lisp
[8.382s] -- Up-to-date: /home/handsome/ros_ws_test/install/botcmd_msgs/share/common-lisp/ros/botcmd_msgs/msg/_package_bot_transbattery.lisp
[8.382s] -- Up-to-date: /home/handsome/ros_ws_test/install/botcmd_msgs/share/common-lisp/ros/botcmd_msgs/msg/bot_devicestatus.lisp
[8.382s] -- Up-to-date: /home/handsome/ros_ws_test/install/botcmd_msgs/share/common-lisp/ros/botcmd_msgs/msg/actBotCmdActionGoal.lisp
[8.384s] -- Up-to-date: /home/handsome/ros_ws_test/install/botcmd_msgs/share/common-lisp/ros/botcmd_msgs/msg/_package_bot_transferdata.lisp
[8.384s] -- Up-to-date: /home/handsome/ros_ws_test/install/botcmd_msgs/share/common-lisp/ros/botcmd_msgs/msg/bot_ultrasonic.lisp
[8.385s] -- Up-to-date: /home/handsome/ros_ws_test/install/botcmd_msgs/share/common-lisp/ros/botcmd_msgs/msg/actBotCmdActionResult.lisp
[8.385s] -- Up-to-date: /home/handsome/ros_ws_test/install/botcmd_msgs/share/common-lisp/ros/botcmd_msgs/msg/_package_actBotCmdGoal.lisp
[8.385s] -- Up-to-date: /home/handsome/ros_ws_test/install/botcmd_msgs/share/common-lisp/ros/botcmd_msgs/msg/actBotCmdFeedback.lisp
[8.385s] -- Up-to-date: /home/handsome/ros_ws_test/install/botcmd_msgs/share/common-lisp/ros/botcmd_msgs/msg/_package_bot_pubstatus.lisp
[8.385s] -- Up-to-date: /home/handsome/ros_ws_test/install/botcmd_msgs/share/common-lisp/ros/botcmd_msgs/msg/bot_mqtt_cmd.lisp
[8.385s] -- Up-to-date: /home/handsome/ros_ws_test/install/botcmd_msgs/share/common-lisp/ros/botcmd_msgs/msg/actBotCmdActionFeedback.lisp
[8.385s] -- Up-to-date: /home/handsome/ros_ws_test/install/botcmd_msgs/share/common-lisp/ros/botcmd_msgs/msg/bot_mqtt_rawdata.lisp
[8.385s] -- Up-to-date: /home/handsome/ros_ws_test/install/botcmd_msgs/share/common-lisp/ros/botcmd_msgs/msg/_package.lisp
[8.386s] -- Up-to-date: /home/handsome/ros_ws_test/install/botcmd_msgs/share/common-lisp/ros/botcmd_msgs/msg/bot_battery_info.lisp
[8.386s] -- Up-to-date: /home/handsome/ros_ws_test/install/botcmd_msgs/share/common-lisp/ros/botcmd_msgs/msg/_package_bot_mqtt_cmd.lisp
[8.386s] -- Up-to-date: /home/handsome/ros_ws_test/install/botcmd_msgs/share/common-lisp/ros/botcmd_msgs/msg/_package_bot_battery.lisp
[8.386s] -- Up-to-date: /home/handsome/ros_ws_test/install/botcmd_msgs/share/common-lisp/ros/botcmd_msgs/msg/_package_bot_battery_info.lisp
[8.386s] -- Up-to-date: /home/handsome/ros_ws_test/install/botcmd_msgs/share/common-lisp/ros/botcmd_msgs/msg/botcmd_msgs-msg.asd
[8.386s] -- Up-to-date: /home/handsome/ros_ws_test/install/botcmd_msgs/share/common-lisp/ros/botcmd_msgs/msg/_package_actBotCmdResult.lisp
[8.386s] -- Up-to-date: /home/handsome/ros_ws_test/install/botcmd_msgs/share/common-lisp/ros/botcmd_msgs/msg/_package_bot_Infodata.lisp
[8.386s] -- Up-to-date: /home/handsome/ros_ws_test/install/botcmd_msgs/share/common-lisp/ros/botcmd_msgs/msg/_package_bot_mqtt_rawdata.lisp
[8.386s] -- Up-to-date: /home/handsome/ros_ws_test/install/botcmd_msgs/share/common-lisp/ros/botcmd_msgs/msg/_package_actBotCmdAction.lisp
[8.387s] -- Up-to-date: /home/handsome/ros_ws_test/install/botcmd_msgs/share/common-lisp/ros/botcmd_msgs/msg/bot_pubstatus.lisp
[8.387s] -- Up-to-date: /home/handsome/ros_ws_test/install/botcmd_msgs/share/common-lisp/ros/botcmd_msgs/msg/actBotCmdResult.lisp
[8.387s] -- Up-to-date: /home/handsome/ros_ws_test/install/botcmd_msgs/share/common-lisp/ros/botcmd_msgs/msg/bot_transferdata.lisp
[8.387s] -- Up-to-date: /home/handsome/ros_ws_test/install/botcmd_msgs/share/common-lisp/ros/botcmd_msgs/msg/_package_actBotCmdActionFeedback.lisp
[8.387s] -- Up-to-date: /home/handsome/ros_ws_test/install/botcmd_msgs/share/common-lisp/ros/botcmd_msgs/msg/actBotCmdGoal.lisp
[8.387s] -- Up-to-date: /home/handsome/ros_ws_test/install/botcmd_msgs/share/common-lisp/ros/botcmd_msgs/msg/_package_bot_ultrasonic.lisp
[8.387s] -- Up-to-date: /home/handsome/ros_ws_test/install/botcmd_msgs/share/common-lisp/ros/botcmd_msgs/msg/bot_Infodata.lisp
[8.388s] -- Up-to-date: /home/handsome/ros_ws_test/install/botcmd_msgs/share/common-lisp/ros/botcmd_msgs/msg/_package_actBotCmdActionGoal.lisp
[8.388s] -- Up-to-date: /home/handsome/ros_ws_test/install/botcmd_msgs/share/common-lisp/ros/botcmd_msgs/msg/bot_battery.lisp
[8.388s] -- Up-to-date: /home/handsome/ros_ws_test/install/botcmd_msgs/share/common-lisp/ros/botcmd_msgs/msg/_package_actBotCmdActionResult.lisp
[8.388s] -- Up-to-date: /home/handsome/ros_ws_test/install/botcmd_msgs/share/common-lisp/ros/botcmd_msgs/msg/_package_bot_devicestatus.lisp
[8.388s] -- Up-to-date: /home/handsome/ros_ws_test/install/botcmd_msgs/share/common-lisp/ros/botcmd_msgs/msg/actBotCmdAction.lisp
[8.388s] -- Up-to-date: /home/handsome/ros_ws_test/install/botcmd_msgs/share/common-lisp/ros/botcmd_msgs/srv
[8.388s] -- Up-to-date: /home/handsome/ros_ws_test/install/botcmd_msgs/share/common-lisp/ros/botcmd_msgs/srv/bot_battery_cmd.lisp
[8.388s] -- Up-to-date: /home/handsome/ros_ws_test/install/botcmd_msgs/share/common-lisp/ros/botcmd_msgs/srv/bot_battery_info_cmd.lisp
[8.389s] -- Up-to-date: /home/handsome/ros_ws_test/install/botcmd_msgs/share/common-lisp/ros/botcmd_msgs/srv/botcmd_msgs-srv.asd
[8.389s] -- Up-to-date: /home/handsome/ros_ws_test/install/botcmd_msgs/share/common-lisp/ros/botcmd_msgs/srv/_package_bot_battery_info_cmd.lisp
[8.389s] -- Up-to-date: /home/handsome/ros_ws_test/install/botcmd_msgs/share/common-lisp/ros/botcmd_msgs/srv/bot_transfer_cmd.lisp
[8.389s] -- Up-to-date: /home/handsome/ros_ws_test/install/botcmd_msgs/share/common-lisp/ros/botcmd_msgs/srv/bot_Infodata_cmd.lisp
[8.389s] -- Up-to-date: /home/handsome/ros_ws_test/install/botcmd_msgs/share/common-lisp/ros/botcmd_msgs/srv/bot_ultrasonic_cmd.lisp
[8.389s] -- Up-to-date: /home/handsome/ros_ws_test/install/botcmd_msgs/share/common-lisp/ros/botcmd_msgs/srv/_package_bot_battery_cmd.lisp
[8.389s] -- Up-to-date: /home/handsome/ros_ws_test/install/botcmd_msgs/share/common-lisp/ros/botcmd_msgs/srv/_package_bot_do_cmd.lisp
[8.389s] -- Up-to-date: /home/handsome/ros_ws_test/install/botcmd_msgs/share/common-lisp/ros/botcmd_msgs/srv/_package.lisp
[8.390s] -- Up-to-date: /home/handsome/ros_ws_test/install/botcmd_msgs/share/common-lisp/ros/botcmd_msgs/srv/_package_bot_device_cmd.lisp
[8.390s] -- Up-to-date: /home/handsome/ros_ws_test/install/botcmd_msgs/share/common-lisp/ros/botcmd_msgs/srv/_package_bot_transfer_cmd.lisp
[8.390s] -- Up-to-date: /home/handsome/ros_ws_test/install/botcmd_msgs/share/common-lisp/ros/botcmd_msgs/srv/_package_bot_status_cmd.lisp
[8.390s] -- Up-to-date: /home/handsome/ros_ws_test/install/botcmd_msgs/share/common-lisp/ros/botcmd_msgs/srv/_package_bot_di_cmd.lisp
[8.390s] -- Up-to-date: /home/handsome/ros_ws_test/install/botcmd_msgs/share/common-lisp/ros/botcmd_msgs/srv/_package_bot_Infodata_cmd.lisp
[8.390s] -- Up-to-date: /home/handsome/ros_ws_test/install/botcmd_msgs/share/common-lisp/ros/botcmd_msgs/srv/_package_bot_ultrasonic_cmd.lisp
[8.390s] -- Up-to-date: /home/handsome/ros_ws_test/install/botcmd_msgs/share/common-lisp/ros/botcmd_msgs/srv/bot_di_cmd.lisp
[8.400s] -- Up-to-date: /home/handsome/ros_ws_test/install/botcmd_msgs/share/common-lisp/ros/botcmd_msgs/srv/bot_do_cmd.lisp
[8.401s] -- Up-to-date: /home/handsome/ros_ws_test/install/botcmd_msgs/share/common-lisp/ros/botcmd_msgs/srv/bot_device_cmd.lisp
[8.401s] -- Up-to-date: /home/handsome/ros_ws_test/install/botcmd_msgs/share/common-lisp/ros/botcmd_msgs/srv/bot_getenabledi_cmd.lisp
[8.401s] -- Up-to-date: /home/handsome/ros_ws_test/install/botcmd_msgs/share/common-lisp/ros/botcmd_msgs/srv/bot_status_cmd.lisp
[8.401s] -- Up-to-date: /home/handsome/ros_ws_test/install/botcmd_msgs/share/common-lisp/ros/botcmd_msgs/srv/_package_bot_getenabledi_cmd.lisp
[8.401s] -- Up-to-date: /home/handsome/ros_ws_test/install/botcmd_msgs/share/gennodejs/ros/botcmd_msgs
[8.402s] -- Up-to-date: /home/handsome/ros_ws_test/install/botcmd_msgs/share/gennodejs/ros/botcmd_msgs/msg
[8.402s] -- Up-to-date: /home/handsome/ros_ws_test/install/botcmd_msgs/share/gennodejs/ros/botcmd_msgs/msg/bot_transferdata.js
[8.402s] -- Up-to-date: /home/handsome/ros_ws_test/install/botcmd_msgs/share/gennodejs/ros/botcmd_msgs/msg/_index.js
[8.402s] -- Up-to-date: /home/handsome/ros_ws_test/install/botcmd_msgs/share/gennodejs/ros/botcmd_msgs/msg/bot_transbattery.js
[8.402s] -- Up-to-date: /home/handsome/ros_ws_test/install/botcmd_msgs/share/gennodejs/ros/botcmd_msgs/msg/actBotCmdAction.js
[8.402s] -- Up-to-date: /home/handsome/ros_ws_test/install/botcmd_msgs/share/gennodejs/ros/botcmd_msgs/msg/bot_devicestatus.js
[8.402s] -- Up-to-date: /home/handsome/ros_ws_test/install/botcmd_msgs/share/gennodejs/ros/botcmd_msgs/msg/bot_mqtt_cmd.js
[8.402s] -- Up-to-date: /home/handsome/ros_ws_test/install/botcmd_msgs/share/gennodejs/ros/botcmd_msgs/msg/bot_battery.js
[8.402s] -- Up-to-date: /home/handsome/ros_ws_test/install/botcmd_msgs/share/gennodejs/ros/botcmd_msgs/msg/bot_Infodata.js
[8.403s] -- Up-to-date: /home/handsome/ros_ws_test/install/botcmd_msgs/share/gennodejs/ros/botcmd_msgs/msg/actBotCmdGoal.js
[8.420s] -- Up-to-date: /home/handsome/ros_ws_test/install/botcmd_msgs/share/gennodejs/ros/botcmd_msgs/msg/bot_pubstatus.js
[8.420s] -- Up-to-date: /home/handsome/ros_ws_test/install/botcmd_msgs/share/gennodejs/ros/botcmd_msgs/msg/bot_battery_info.js
[8.420s] -- Up-to-date: /home/handsome/ros_ws_test/install/botcmd_msgs/share/gennodejs/ros/botcmd_msgs/msg/actBotCmdActionGoal.js
[8.420s] -- Up-to-date: /home/handsome/ros_ws_test/install/botcmd_msgs/share/gennodejs/ros/botcmd_msgs/msg/bot_ultrasonic.js
[8.420s] -- Up-to-date: /home/handsome/ros_ws_test/install/botcmd_msgs/share/gennodejs/ros/botcmd_msgs/msg/actBotCmdActionResult.js
[8.421s] -- Up-to-date: /home/handsome/ros_ws_test/install/botcmd_msgs/share/gennodejs/ros/botcmd_msgs/msg/actBotCmdFeedback.js
[8.421s] -- Up-to-date: /home/handsome/ros_ws_test/install/botcmd_msgs/share/gennodejs/ros/botcmd_msgs/msg/actBotCmdResult.js
[8.421s] -- Up-to-date: /home/handsome/ros_ws_test/install/botcmd_msgs/share/gennodejs/ros/botcmd_msgs/msg/bot_mqtt_rawdata.js
[8.422s] -- Up-to-date: /home/handsome/ros_ws_test/install/botcmd_msgs/share/gennodejs/ros/botcmd_msgs/msg/actBotCmdActionFeedback.js
[8.422s] -- Up-to-date: /home/handsome/ros_ws_test/install/botcmd_msgs/share/gennodejs/ros/botcmd_msgs/_index.js
[8.422s] -- Up-to-date: /home/handsome/ros_ws_test/install/botcmd_msgs/share/gennodejs/ros/botcmd_msgs/srv
[8.423s] -- Up-to-date: /home/handsome/ros_ws_test/install/botcmd_msgs/share/gennodejs/ros/botcmd_msgs/srv/bot_status_cmd.js
[8.423s] -- Up-to-date: /home/handsome/ros_ws_test/install/botcmd_msgs/share/gennodejs/ros/botcmd_msgs/srv/_index.js
[8.423s] -- Up-to-date: /home/handsome/ros_ws_test/install/botcmd_msgs/share/gennodejs/ros/botcmd_msgs/srv/bot_getenabledi_cmd.js
[8.423s] -- Up-to-date: /home/handsome/ros_ws_test/install/botcmd_msgs/share/gennodejs/ros/botcmd_msgs/srv/bot_device_cmd.js
[8.423s] -- Up-to-date: /home/handsome/ros_ws_test/install/botcmd_msgs/share/gennodejs/ros/botcmd_msgs/srv/bot_battery_info_cmd.js
[8.423s] -- Up-to-date: /home/handsome/ros_ws_test/install/botcmd_msgs/share/gennodejs/ros/botcmd_msgs/srv/bot_Infodata_cmd.js
[8.423s] -- Up-to-date: /home/handsome/ros_ws_test/install/botcmd_msgs/share/gennodejs/ros/botcmd_msgs/srv/bot_ultrasonic_cmd.js
[8.423s] -- Up-to-date: /home/handsome/ros_ws_test/install/botcmd_msgs/share/gennodejs/ros/botcmd_msgs/srv/bot_battery_cmd.js
[8.423s] -- Up-to-date: /home/handsome/ros_ws_test/install/botcmd_msgs/share/gennodejs/ros/botcmd_msgs/srv/bot_do_cmd.js
[8.424s] -- Up-to-date: /home/handsome/ros_ws_test/install/botcmd_msgs/share/gennodejs/ros/botcmd_msgs/srv/bot_di_cmd.js
[8.424s] -- Up-to-date: /home/handsome/ros_ws_test/install/botcmd_msgs/share/gennodejs/ros/botcmd_msgs/srv/bot_transfer_cmd.js
[8.433s] Listing /home/handsome/ros_ws_test/build/botcmd_msgs/devel/lib/python2.7/dist-packages/botcmd_msgs ...
[8.434s] Listing /home/handsome/ros_ws_test/build/botcmd_msgs/devel/lib/python2.7/dist-packages/botcmd_msgs/msg ...
[8.434s] Listing /home/handsome/ros_ws_test/build/botcmd_msgs/devel/lib/python2.7/dist-packages/botcmd_msgs/srv ...
[8.440s] -- Up-to-date: /home/handsome/ros_ws_test/install/botcmd_msgs/lib/python2.7/dist-packages/botcmd_msgs
[8.440s] -- Up-to-date: /home/handsome/ros_ws_test/install/botcmd_msgs/lib/python2.7/dist-packages/botcmd_msgs/msg
[8.441s] -- Up-to-date: /home/handsome/ros_ws_test/install/botcmd_msgs/lib/python2.7/dist-packages/botcmd_msgs/msg/_actBotCmdActionGoal.py
[8.441s] -- Up-to-date: /home/handsome/ros_ws_test/install/botcmd_msgs/lib/python2.7/dist-packages/botcmd_msgs/msg/_actBotCmdAction.pyc
[8.441s] -- Up-to-date: /home/handsome/ros_ws_test/install/botcmd_msgs/lib/python2.7/dist-packages/botcmd_msgs/msg/_bot_battery_info.pyc
[8.441s] -- Up-to-date: /home/handsome/ros_ws_test/install/botcmd_msgs/lib/python2.7/dist-packages/botcmd_msgs/msg/_bot_transbattery.pyc
[8.441s] -- Up-to-date: /home/handsome/ros_ws_test/install/botcmd_msgs/lib/python2.7/dist-packages/botcmd_msgs/msg/_bot_mqtt_cmd.pyc
[8.441s] -- Up-to-date: /home/handsome/ros_ws_test/install/botcmd_msgs/lib/python2.7/dist-packages/botcmd_msgs/msg/__init__.py
[8.442s] -- Up-to-date: /home/handsome/ros_ws_test/install/botcmd_msgs/lib/python2.7/dist-packages/botcmd_msgs/msg/_bot_devicestatus.py
[8.442s] -- Up-to-date: /home/handsome/ros_ws_test/install/botcmd_msgs/lib/python2.7/dist-packages/botcmd_msgs/msg/_bot_ultrasonic.pyc
[8.442s] -- Up-to-date: /home/handsome/ros_ws_test/install/botcmd_msgs/lib/python2.7/dist-packages/botcmd_msgs/msg/_bot_devicestatus.pyc
[8.442s] -- Up-to-date: /home/handsome/ros_ws_test/install/botcmd_msgs/lib/python2.7/dist-packages/botcmd_msgs/msg/_bot_Infodata.py
[8.442s] -- Up-to-date: /home/handsome/ros_ws_test/install/botcmd_msgs/lib/python2.7/dist-packages/botcmd_msgs/msg/_bot_mqtt_rawdata.py
[8.442s] -- Up-to-date: /home/handsome/ros_ws_test/install/botcmd_msgs/lib/python2.7/dist-packages/botcmd_msgs/msg/_bot_battery.pyc
[8.442s] -- Up-to-date: /home/handsome/ros_ws_test/install/botcmd_msgs/lib/python2.7/dist-packages/botcmd_msgs/msg/_actBotCmdActionFeedback.py
[8.442s] -- Up-to-date: /home/handsome/ros_ws_test/install/botcmd_msgs/lib/python2.7/dist-packages/botcmd_msgs/msg/_actBotCmdGoal.py
[8.443s] -- Up-to-date: /home/handsome/ros_ws_test/install/botcmd_msgs/lib/python2.7/dist-packages/botcmd_msgs/msg/_actBotCmdActionFeedback.pyc
[8.443s] -- Up-to-date: /home/handsome/ros_ws_test/install/botcmd_msgs/lib/python2.7/dist-packages/botcmd_msgs/msg/_bot_ultrasonic.py
[8.443s] -- Up-to-date: /home/handsome/ros_ws_test/install/botcmd_msgs/lib/python2.7/dist-packages/botcmd_msgs/msg/_actBotCmdAction.py
[8.443s] -- Up-to-date: /home/handsome/ros_ws_test/install/botcmd_msgs/lib/python2.7/dist-packages/botcmd_msgs/msg/_bot_battery_info.py
[8.444s] -- Up-to-date: /home/handsome/ros_ws_test/install/botcmd_msgs/lib/python2.7/dist-packages/botcmd_msgs/msg/_actBotCmdActionResult.py
[8.444s] -- Up-to-date: /home/handsome/ros_ws_test/install/botcmd_msgs/lib/python2.7/dist-packages/botcmd_msgs/msg/_actBotCmdResult.pyc
[8.444s] -- Up-to-date: /home/handsome/ros_ws_test/install/botcmd_msgs/lib/python2.7/dist-packages/botcmd_msgs/msg/_bot_mqtt_cmd.py
[8.445s] -- Up-to-date: /home/handsome/ros_ws_test/install/botcmd_msgs/lib/python2.7/dist-packages/botcmd_msgs/msg/_bot_transferdata.py
[8.445s] -- Up-to-date: /home/handsome/ros_ws_test/install/botcmd_msgs/lib/python2.7/dist-packages/botcmd_msgs/msg/_bot_mqtt_rawdata.pyc
[8.448s] -- Up-to-date: /home/handsome/ros_ws_test/install/botcmd_msgs/lib/python2.7/dist-packages/botcmd_msgs/msg/_actBotCmdActionGoal.pyc
[8.448s] -- Up-to-date: /home/handsome/ros_ws_test/install/botcmd_msgs/lib/python2.7/dist-packages/botcmd_msgs/msg/_actBotCmdFeedback.py
[8.448s] -- Up-to-date: /home/handsome/ros_ws_test/install/botcmd_msgs/lib/python2.7/dist-packages/botcmd_msgs/msg/__init__.pyc
[8.459s] -- Up-to-date: /home/handsome/ros_ws_test/install/botcmd_msgs/lib/python2.7/dist-packages/botcmd_msgs/msg/_bot_battery.py
[8.459s] -- Up-to-date: /home/handsome/ros_ws_test/install/botcmd_msgs/lib/python2.7/dist-packages/botcmd_msgs/msg/_bot_pubstatus.pyc
[8.460s] -- Up-to-date: /home/handsome/ros_ws_test/install/botcmd_msgs/lib/python2.7/dist-packages/botcmd_msgs/msg/_bot_Infodata.pyc
[8.460s] -- Up-to-date: /home/handsome/ros_ws_test/install/botcmd_msgs/lib/python2.7/dist-packages/botcmd_msgs/msg/_actBotCmdGoal.pyc
[8.460s] -- Up-to-date: /home/handsome/ros_ws_test/install/botcmd_msgs/lib/python2.7/dist-packages/botcmd_msgs/msg/_actBotCmdFeedback.pyc
[8.460s] -- Up-to-date: /home/handsome/ros_ws_test/install/botcmd_msgs/lib/python2.7/dist-packages/botcmd_msgs/msg/_bot_transbattery.py
[8.460s] -- Up-to-date: /home/handsome/ros_ws_test/install/botcmd_msgs/lib/python2.7/dist-packages/botcmd_msgs/msg/_actBotCmdResult.py
[8.460s] -- Up-to-date: /home/handsome/ros_ws_test/install/botcmd_msgs/lib/python2.7/dist-packages/botcmd_msgs/msg/_bot_transferdata.pyc
[8.460s] -- Up-to-date: /home/handsome/ros_ws_test/install/botcmd_msgs/lib/python2.7/dist-packages/botcmd_msgs/msg/_actBotCmdActionResult.pyc
[8.461s] -- Up-to-date: /home/handsome/ros_ws_test/install/botcmd_msgs/lib/python2.7/dist-packages/botcmd_msgs/msg/_bot_pubstatus.py
[8.461s] -- Up-to-date: /home/handsome/ros_ws_test/install/botcmd_msgs/lib/python2.7/dist-packages/botcmd_msgs/__init__.py
[8.461s] -- Up-to-date: /home/handsome/ros_ws_test/install/botcmd_msgs/lib/python2.7/dist-packages/botcmd_msgs/srv
[8.461s] -- Up-to-date: /home/handsome/ros_ws_test/install/botcmd_msgs/lib/python2.7/dist-packages/botcmd_msgs/srv/_bot_battery_cmd.py
[8.461s] -- Up-to-date: /home/handsome/ros_ws_test/install/botcmd_msgs/lib/python2.7/dist-packages/botcmd_msgs/srv/_bot_status_cmd.pyc
[8.461s] -- Up-to-date: /home/handsome/ros_ws_test/install/botcmd_msgs/lib/python2.7/dist-packages/botcmd_msgs/srv/_bot_battery_info_cmd.pyc
[8.461s] -- Up-to-date: /home/handsome/ros_ws_test/install/botcmd_msgs/lib/python2.7/dist-packages/botcmd_msgs/srv/_bot_di_cmd.py
[8.461s] -- Up-to-date: /home/handsome/ros_ws_test/install/botcmd_msgs/lib/python2.7/dist-packages/botcmd_msgs/srv/_bot_Infodata_cmd.pyc
[8.461s] -- Up-to-date: /home/handsome/ros_ws_test/install/botcmd_msgs/lib/python2.7/dist-packages/botcmd_msgs/srv/__init__.py
[8.462s] -- Up-to-date: /home/handsome/ros_ws_test/install/botcmd_msgs/lib/python2.7/dist-packages/botcmd_msgs/srv/_bot_transfer_cmd.pyc
[8.462s] -- Up-to-date: /home/handsome/ros_ws_test/install/botcmd_msgs/lib/python2.7/dist-packages/botcmd_msgs/srv/_bot_device_cmd.pyc
[8.462s] -- Up-to-date: /home/handsome/ros_ws_test/install/botcmd_msgs/lib/python2.7/dist-packages/botcmd_msgs/srv/_bot_battery_info_cmd.py
[8.462s] -- Up-to-date: /home/handsome/ros_ws_test/install/botcmd_msgs/lib/python2.7/dist-packages/botcmd_msgs/srv/_bot_di_cmd.pyc
[8.462s] -- Up-to-date: /home/handsome/ros_ws_test/install/botcmd_msgs/lib/python2.7/dist-packages/botcmd_msgs/srv/_bot_ultrasonic_cmd.py
[8.462s] -- Up-to-date: /home/handsome/ros_ws_test/install/botcmd_msgs/lib/python2.7/dist-packages/botcmd_msgs/srv/_bot_getenabledi_cmd.pyc
[8.463s] -- Up-to-date: /home/handsome/ros_ws_test/install/botcmd_msgs/lib/python2.7/dist-packages/botcmd_msgs/srv/_bot_device_cmd.py
[8.463s] -- Up-to-date: /home/handsome/ros_ws_test/install/botcmd_msgs/lib/python2.7/dist-packages/botcmd_msgs/srv/_bot_transfer_cmd.py
[8.463s] -- Up-to-date: /home/handsome/ros_ws_test/install/botcmd_msgs/lib/python2.7/dist-packages/botcmd_msgs/srv/_bot_do_cmd.py
[8.463s] -- Up-to-date: /home/handsome/ros_ws_test/install/botcmd_msgs/lib/python2.7/dist-packages/botcmd_msgs/srv/_bot_getenabledi_cmd.py
[8.463s] -- Up-to-date: /home/handsome/ros_ws_test/install/botcmd_msgs/lib/python2.7/dist-packages/botcmd_msgs/srv/_bot_ultrasonic_cmd.pyc
[8.463s] -- Up-to-date: /home/handsome/ros_ws_test/install/botcmd_msgs/lib/python2.7/dist-packages/botcmd_msgs/srv/_bot_battery_cmd.pyc
[8.463s] -- Up-to-date: /home/handsome/ros_ws_test/install/botcmd_msgs/lib/python2.7/dist-packages/botcmd_msgs/srv/__init__.pyc
[8.463s] -- Up-to-date: /home/handsome/ros_ws_test/install/botcmd_msgs/lib/python2.7/dist-packages/botcmd_msgs/srv/_bot_do_cmd.pyc
[8.463s] -- Up-to-date: /home/handsome/ros_ws_test/install/botcmd_msgs/lib/python2.7/dist-packages/botcmd_msgs/srv/_bot_status_cmd.py
[8.464s] -- Up-to-date: /home/handsome/ros_ws_test/install/botcmd_msgs/lib/python2.7/dist-packages/botcmd_msgs/srv/_bot_Infodata_cmd.py
[8.464s] -- Up-to-date: /home/handsome/ros_ws_test/install/botcmd_msgs/lib/python2.7/dist-packages/botcmd_msgs/__init__.pyc
[8.464s] -- Up-to-date: /home/handsome/ros_ws_test/install/botcmd_msgs/lib/pkgconfig/botcmd_msgs.pc
[8.464s] -- Up-to-date: /home/handsome/ros_ws_test/install/botcmd_msgs/share/botcmd_msgs/cmake/botcmd_msgs-msg-extras.cmake
[8.464s] -- Up-to-date: /home/handsome/ros_ws_test/install/botcmd_msgs/share/botcmd_msgs/cmake/botcmd_msgsConfig.cmake
[8.464s] -- Up-to-date: /home/handsome/ros_ws_test/install/botcmd_msgs/share/botcmd_msgs/cmake/botcmd_msgsConfig-version.cmake
[8.464s] -- Up-to-date: /home/handsome/ros_ws_test/install/botcmd_msgs/share/botcmd_msgs/package.xml
[8.465s] Invoked command in '/home/handsome/ros_ws_test/build/botcmd_msgs' returned '0': /usr/bin/cmake --build /home/handsome/ros_ws_test/build/botcmd_msgs --target install -- -j12 -l12
