-- The C compiler identification is GNU 7.5.0
-- The CXX compiler identification is GNU 7.5.0
-- Check for working C compiler: /usr/bin/cc
-- Check for working C compiler: /usr/bin/cc -- works
-- Detecting C compiler ABI info
-- Detecting C compiler ABI info - done
-- Detecting C compile features
-- Detecting C compile features - done
-- Check for working CXX compiler: /usr/bin/c++
-- Check for working CXX compiler: /usr/bin/c++ -- works
-- Detecting CXX compiler ABI info
-- Detecting CXX compiler ABI info - done
-- Detecting CXX compile features
-- Detecting CXX compile features - done
-- Using CATKIN_DEVEL_PREFIX: /home/handsome/ros_ws_test/build/car_db_manager_msgs/devel
-- Using CMAKE_PREFIX_PATH: /home/handsome/ros_ws/install/yocs_cmd_vel_mux;/home/handsome/ros_ws/install/urdf_tutorial;/home/handsome/ros_ws/install/tuw_waypoint_to_spline_msgs;/home/handsome/ros_ws/install/tuw_multi_robot_router;/home/handsome/ros_ws/install/tuw_voronoi_graph;/home/handsome/ros_ws/install/tuw_vehicle_msgs;/home/handsome/ros_ws/install/tuw_order_planner;/home/handsome/ros_ws/install/tuw_object_rviz;/home/handsome/ros_ws/install/tuw_object_msgs;/home/handsome/ros_ws/install/tuw_nav_rviz;/home/handsome/ros_ws/install/tuw_multi_robot_local_behavior_controller;/home/handsome/ros_ws/install/tuw_multi_robot_ctrl;/home/handsome/ros_ws/install/tuw_nav_msgs;/home/handsome/ros_ws/install/tuw_multi_robot_rviz;/home/handsome/ros_ws/install/tuw_multi_robot_goal_generator;/home/handsome/ros_ws/install/robot_scheduling_utility;/home/handsome/ros_ws/install/robot_scheduling_actions;/home/handsome/ros_ws/install/actionlib_modules_bridge;/home/handsome/ros_ws/install/tuw_multi_robot_msgs;/home/handsome/ros_ws/install/tuw_multi_robot_demo;/home/handsome/ros_ws/install/tuw_local_controller_msgs;/home/handsome/ros_ws/install/tuw_geometry_rviz;/home/handsome/ros_ws/install/tuw_geometry_msgs;/home/handsome/ros_ws/install/tuw_geometry;/home/handsome/ros_ws/install/tuw_gazebo_msgs;/home/handsome/ros_ws/install/tuw_control;/home/handsome/ros_ws/install/tuw_airskin_msgs;/home/handsome/ros_ws/install/turtlebot_teleop;/home/handsome/ros_ws/install/tug_example_pnp_server;/home/handsome/ros_ws/install/tug_example_actions;/home/handsome/ros_ws/install/tug_example_msgs;/home/handsome/ros_ws/install/timed_roslaunch;/home/handsome/ros_ws/install/teb2_local_planner;/home/handsome/ros_ws/install/stated_roslaunch;/home/handsome/ros_ws/install/spatio_temporal_voxel_layer;/home/handsome/ros_ws/install/robot_udp_bridge;/home/handsome/ros_ws/install/robot_database_bridge;/home/handsome/ros_ws/install/samsungcmd_msgs;/home/handsome/ros_ws/install/rplidar_ros;/home/handsome/ros_ws/install/rp_action;/home/handsome/ros_ws/install/rp_action_msgs;/home/handsome/ros_ws/install/rosserial_xbee;/home/handsome/ros_ws/install/rosserial_windows;/home/handsome/ros_ws/install/rosserial_tivac;/home/handsome/ros_ws/install/rosserial_test;/home/handsome/ros_ws/install/rosserial_server;/home/handsome/ros_ws/install/rosserial_python;/home/handsome/ros_ws/install/rosserial_mbed;/home/handsome/ros_ws/install/rosserial_embeddedlinux;/home/handsome/ros_ws/install/rosserial_arduino;/home/handsome/ros_ws/install/rosserial_client;/home/handsome/ros_ws/install/rosserial_msgs;/home/handsome/ros_ws/install/cellctrl_qtgui_bridge;/home/handsome/ros_ws/install/car_db_manager_qtgui;/home/handsome/ros_ws/install/car_db_manager_bridge;/home/handsome/ros_ws/install/car_db_manager_action;/home/handsome/ros_ws/install/ros_utility_tools;/home/handsome/ros_ws/install/ros_package_test;/home/handsome/ros_ws/install/ros_package_manager;/home/handsome/ros_ws/install/robot_scheduling_server;/home/handsome/ros_ws/install/robot_scheduling_msgs;/home/handsome/ros_ws/install/robot_localization;/home/handsome/ros_ws/install/robot_control_msgs;/home/handsome/ros_ws/install/reset_location;/home/handsome/ros_ws/install/razor_imu_9dof;/home/handsome/ros_ws/install/pnp_rosplan;/home/handsome/ros_ws/install/actionlib_pnp_controller;/home/handsome/ros_ws/install/actionlib_modules_controller;/home/handsome/ros_ws/install/pnp_ros;/home/handsome/ros_ws/install/pnp_msgs;/home/handsome/ros_ws/install/open_auto_dock;/home/handsome/ros_ws/install/open_auto_dock_msgs;/home/handsome/ros_ws/install/omron_os32c_driver;/home/handsome/ros_ws/install/dlux_plugins;/home/handsome/ros_ws/install/dlux_global_planner;/home/handsome/ros_ws/install/nav_grid_pub_sub;/home/handsome/ros_ws/install/dwb_critics;/home/handsome/ros_ws/install/nav_grid_iterators;/home/handsome/ros_ws/install/locomove_base;/home/handsome/ros_ws/install/locomotor;/home/handsome/ros_ws/install/nav_core_adapter;/home/handsome/ros_ws/install/dwb_plugins;/home/handsome/ros_ws/install/dwb_local_planner;/home/handsome/ros_ws/install/nav_2d_utils;/home/handsome/ros_ws/install/global_planner_tests;/home/handsome/ros_ws/install/costmap_queue;/home/handsome/ros_ws/install/nav_core2;/home/handsome/ros_ws/install/nav_grid;/home/handsome/ros_ws/install/car_schedule_msgs;/home/handsome/ros_ws/install/actionlib_modules_msgs;/home/handsome/ros_ws/install/locomotor_msgs;/home/handsome/ros_ws/install/dwb_msgs;/home/handsome/ros_ws/install/nav_2d_msgs;/home/handsome/ros_ws/install/mongodb_log;/home/handsome/ros_ws/install/mongodb_store;/home/handsome/ros_ws/install/mongodb_store_msgs;/home/handsome/ros_ws/install/ca_driver;/home/handsome/ros_ws/install/libcreate;/home/handsome/ros_ws/install/i_robot_stage;/home/handsome/ros_ws/install/i_robot_navigation;/home/handsome/ros_ws/install/hyc_order_planner;/home/handsome/ros_ws/install/hyc_multi_robot_msgs;/home/handsome/ros_ws/install/fetch_open_auto_dock;/home/handsome/ros_ws/install/fetch_auto_dock_msgs;/home/handsome/ros_ws/install/change_teb2_max_vel_x_onfly;/home/handsome/ros_ws/install/cellctrl_control_msgs;/home/handsome/ros_ws/install/car_db_manager_msgs;/home/handsome/ros_ws/install/ca_msgs;/home/handsome/ros_ws/install/ca_description;/home/handsome/ros_ws/install/botcmd_msgs;/opt/ros/melodic
-- This workspace overlays: /home/handsome/ros_ws/install/yocs_cmd_vel_mux;/home/handsome/ros_ws/install/urdf_tutorial;/home/handsome/ros_ws/install/tuw_waypoint_to_spline_msgs;/home/handsome/ros_ws/install/tuw_multi_robot_router;/home/handsome/ros_ws/install/tuw_voronoi_graph;/home/handsome/ros_ws/install/tuw_vehicle_msgs;/home/handsome/ros_ws/install/tuw_order_planner;/home/handsome/ros_ws/install/tuw_object_rviz;/home/handsome/ros_ws/install/tuw_object_msgs;/home/handsome/ros_ws/install/tuw_nav_rviz;/home/handsome/ros_ws/install/tuw_multi_robot_local_behavior_controller;/home/handsome/ros_ws/install/tuw_multi_robot_ctrl;/home/handsome/ros_ws/install/tuw_nav_msgs;/home/handsome/ros_ws/install/tuw_multi_robot_rviz;/home/handsome/ros_ws/install/tuw_multi_robot_goal_generator;/home/handsome/ros_ws/install/robot_scheduling_utility;/home/handsome/ros_ws/install/robot_scheduling_actions;/home/handsome/ros_ws/install/actionlib_modules_bridge;/home/handsome/ros_ws/install/tuw_multi_robot_msgs;/home/handsome/ros_ws/install/tuw_multi_robot_demo;/home/handsome/ros_ws/install/tuw_local_controller_msgs;/home/handsome/ros_ws/install/tuw_geometry_rviz;/home/handsome/ros_ws/install/tuw_geometry_msgs;/home/handsome/ros_ws/install/tuw_geometry;/home/handsome/ros_ws/install/tuw_gazebo_msgs;/home/handsome/ros_ws/install/tuw_control;/home/handsome/ros_ws/install/tuw_airskin_msgs;/home/handsome/ros_ws/install/turtlebot_teleop;/home/handsome/ros_ws/install/tug_example_pnp_server;/home/handsome/ros_ws/install/tug_example_actions;/home/handsome/ros_ws/install/tug_example_msgs;/home/handsome/ros_ws/install/timed_roslaunch;/home/handsome/ros_ws/install/teb2_local_planner;/home/handsome/ros_ws/install/stated_roslaunch;/home/handsome/ros_ws/install/spatio_temporal_voxel_layer;/home/handsome/ros_ws/install/robot_udp_bridge;/home/handsome/ros_ws/install/robot_database_bridge;/home/handsome/ros_ws/install/samsungcmd_msgs;/home/handsome/ros_ws/install/rplidar_ros;/home/handsome/ros_ws/install/rp_action;/home/handsome/ros_ws/install/rp_action_msgs;/home/handsome/ros_ws/install/rosserial_xbee;/home/handsome/ros_ws/install/rosserial_windows;/home/handsome/ros_ws/install/rosserial_tivac;/home/handsome/ros_ws/install/rosserial_test;/home/handsome/ros_ws/install/rosserial_server;/home/handsome/ros_ws/install/rosserial_python;/home/handsome/ros_ws/install/rosserial_mbed;/home/handsome/ros_ws/install/rosserial_embeddedlinux;/home/handsome/ros_ws/install/rosserial_arduino;/home/handsome/ros_ws/install/rosserial_client;/home/handsome/ros_ws/install/rosserial_msgs;/home/handsome/ros_ws/install/cellctrl_qtgui_bridge;/home/handsome/ros_ws/install/car_db_manager_qtgui;/home/handsome/ros_ws/install/car_db_manager_bridge;/home/handsome/ros_ws/install/car_db_manager_action;/home/handsome/ros_ws/install/ros_utility_tools;/home/handsome/ros_ws/install/ros_package_test;/home/handsome/ros_ws/install/ros_package_manager;/home/handsome/ros_ws/install/robot_scheduling_server;/home/handsome/ros_ws/install/robot_scheduling_msgs;/home/handsome/ros_ws/install/robot_localization;/home/handsome/ros_ws/install/robot_control_msgs;/home/handsome/ros_ws/install/reset_location;/home/handsome/ros_ws/install/razor_imu_9dof;/home/handsome/ros_ws/install/pnp_rosplan;/home/handsome/ros_ws/install/actionlib_pnp_controller;/home/handsome/ros_ws/install/actionlib_modules_controller;/home/handsome/ros_ws/install/pnp_ros;/home/handsome/ros_ws/install/pnp_msgs;/home/handsome/ros_ws/install/open_auto_dock;/home/handsome/ros_ws/install/open_auto_dock_msgs;/home/handsome/ros_ws/install/omron_os32c_driver;/home/handsome/ros_ws/install/dlux_plugins;/home/handsome/ros_ws/install/dlux_global_planner;/home/handsome/ros_ws/install/nav_grid_pub_sub;/home/handsome/ros_ws/install/dwb_critics;/home/handsome/ros_ws/install/nav_grid_iterators;/home/handsome/ros_ws/install/locomove_base;/home/handsome/ros_ws/install/locomotor;/home/handsome/ros_ws/install/nav_core_adapter;/home/handsome/ros_ws/install/dwb_plugins;/home/handsome/ros_ws/install/dwb_local_planner;/home/handsome/ros_ws/install/nav_2d_utils;/home/handsome/ros_ws/install/global_planner_tests;/home/handsome/ros_ws/install/costmap_queue;/home/handsome/ros_ws/install/nav_core2;/home/handsome/ros_ws/install/nav_grid;/home/handsome/ros_ws/install/car_schedule_msgs;/home/handsome/ros_ws/install/actionlib_modules_msgs;/home/handsome/ros_ws/install/locomotor_msgs;/home/handsome/ros_ws/install/dwb_msgs;/home/handsome/ros_ws/install/nav_2d_msgs;/home/handsome/ros_ws/install/mongodb_log;/home/handsome/ros_ws/install/mongodb_store;/home/handsome/ros_ws/install/mongodb_store_msgs;/home/handsome/ros_ws/install/ca_driver;/home/handsome/ros_ws/install/i_robot_stage;/home/handsome/ros_ws/install/i_robot_navigation;/home/handsome/ros_ws/install/hyc_order_planner;/home/handsome/ros_ws/install/hyc_multi_robot_msgs;/home/handsome/ros_ws/install/fetch_open_auto_dock;/home/handsome/ros_ws/install/fetch_auto_dock_msgs;/home/handsome/ros_ws/install/change_teb2_max_vel_x_onfly;/home/handsome/ros_ws/install/cellctrl_control_msgs;/home/handsome/ros_ws/install/car_db_manager_msgs;/home/handsome/ros_ws/install/ca_msgs;/home/handsome/ros_ws/install/ca_description;/home/handsome/ros_ws/install/botcmd_msgs;/opt/ros/melodic
-- Found PythonInterp: /usr/bin/python2 (found suitable version "2.7.17", minimum required is "2") 
-- Using PYTHON_EXECUTABLE: /usr/bin/python2
-- Using Debian Python package layout
-- Using empy: /usr/bin/empy
-- Using CATKIN_ENABLE_TESTING: ON
-- Call enable_testing()
-- Using CATKIN_TEST_RESULTS_DIR: /home/handsome/ros_ws_test/build/car_db_manager_msgs/test_results
-- Found gtest sources under '/usr/src/googletest': gtests will be built
-- Found gmock sources under '/usr/src/googletest': gmock will be built
-- Found PythonInterp: /usr/bin/python2 (found version "2.7.17") 
-- Looking for pthread.h
-- Looking for pthread.h - found
-- Looking for pthread_create
-- Looking for pthread_create - not found
-- Looking for pthread_create in pthreads
-- Looking for pthread_create in pthreads - not found
-- Looking for pthread_create in pthread
-- Looking for pthread_create in pthread - found
-- Found Threads: TRUE  
-- Using Python nosetests: /usr/bin/nosetests-2.7
-- catkin 0.7.28
-- BUILD_SHARED_LIBS is on
-- Using these message generators: gencpp;geneus;genlisp;gennodejs;genpy
-- Generating .msg files for action car_db_manager_msgs/car_db_process /home/handsome/ros_ws_test/src/ros_base/car_data_management/car_db_manager_msgs/action/car_db_process.action
Generating for action car_db_process
-- Generating .msg files for action car_db_manager_msgs/car_db_process_recovery /home/handsome/ros_ws_test/src/ros_base/car_data_management/car_db_manager_msgs/action/car_db_process_recovery.action
Generating for action car_db_process_recovery
-- car_db_manager_msgs: 24 messages, 10 services
-- Configuring done
-- Generating done
-- Build files have been written to: /home/handsome/ros_ws_test/build/car_db_manager_msgs
[35m[1mScanning dependencies of target _car_db_manager_msgs_generate_messages_check_deps_OperatecodeParameters[0m
[35m[1mScanning dependencies of target geometry_msgs_generate_messages_eus[0m
[35m[1mScanning dependencies of target _car_db_manager_msgs_generate_messages_check_deps_CheckParameters[0m
[35m[1mScanning dependencies of target _car_db_manager_msgs_generate_messages_check_deps_ActionFunctionParameters[0m
[35m[1mScanning dependencies of target std_srvs_generate_messages_eus[0m
[35m[1mScanning dependencies of target _car_db_manager_msgs_generate_messages_check_deps_WorkSheetItemsCmd[0m
[35m[1mScanning dependencies of target _car_db_manager_msgs_generate_messages_check_deps_CheckParametersCmd[0m
[35m[1mScanning dependencies of target _car_db_manager_msgs_generate_messages_check_deps_car_db_processFeedback[0m
[35m[1mScanning dependencies of target std_msgs_generate_messages_eus[0m
[35m[1mScanning dependencies of target actionlib_msgs_generate_messages_eus[0m
[35m[1mScanning dependencies of target _car_db_manager_msgs_generate_messages_check_deps_PidCtrlParametersCmd[0m
[35m[1mScanning dependencies of target _car_db_manager_msgs_generate_messages_check_deps_WorkSheetItems[0m
[  0%] Built target geometry_msgs_generate_messages_eus
[35m[1mScanning dependencies of target _car_db_manager_msgs_generate_messages_check_deps_car_db_processAction[0m
[  0%] Built target actionlib_msgs_generate_messages_eus
[  0%] Built target std_msgs_generate_messages_eus
[  0%] Built target std_srvs_generate_messages_eus
[35m[1mScanning dependencies of target _car_db_manager_msgs_generate_messages_check_deps_CarAlarmHistoryCmd[0m
[35m[1mScanning dependencies of target _car_db_manager_msgs_generate_messages_check_deps_TargerPos2dParametersCmd[0m
[35m[1mScanning dependencies of target _car_db_manager_msgs_generate_messages_check_deps_CarOperateHistoryCmd[0m
[  0%] Built target _car_db_manager_msgs_generate_messages_check_deps_car_db_processFeedback
[  0%] Built target _car_db_manager_msgs_generate_messages_check_deps_ActionFunctionParameters
[  0%] Built target _car_db_manager_msgs_generate_messages_check_deps_PidCtrlParametersCmd
[  0%] Built target _car_db_manager_msgs_generate_messages_check_deps_OperatecodeParameters
[  0%] Built target _car_db_manager_msgs_generate_messages_check_deps_CheckParametersCmd
[  0%] Built target _car_db_manager_msgs_generate_messages_check_deps_CheckParameters
[35m[1mScanning dependencies of target _car_db_manager_msgs_generate_messages_check_deps_car_db_process_recoveryActionResult[0m
[35m[1mScanning dependencies of target _car_db_manager_msgs_generate_messages_check_deps_WorkSheetMain[0m
[  0%] Built target _car_db_manager_msgs_generate_messages_check_deps_WorkSheetItemsCmd
[  0%] Built target _car_db_manager_msgs_generate_messages_check_deps_WorkSheetItems
[  0%] Built target _car_db_manager_msgs_generate_messages_check_deps_car_db_processAction
[35m[1mScanning dependencies of target _car_db_manager_msgs_generate_messages_check_deps_car_db_process_recoveryActionFeedback[0m
[35m[1mScanning dependencies of target _car_db_manager_msgs_generate_messages_check_deps_car_db_processActionFeedback[0m
[35m[1mScanning dependencies of target _car_db_manager_msgs_generate_messages_check_deps_CarOperateHistory[0m
[35m[1mScanning dependencies of target _car_db_manager_msgs_generate_messages_check_deps_car_db_processActionGoal[0m
[  0%] Built target _car_db_manager_msgs_generate_messages_check_deps_CarOperateHistoryCmd
[35m[1mScanning dependencies of target _car_db_manager_msgs_generate_messages_check_deps_car_db_processGoal[0m
[  0%] Built target _car_db_manager_msgs_generate_messages_check_deps_CarAlarmHistoryCmd
[35m[1mScanning dependencies of target _car_db_manager_msgs_generate_messages_check_deps_TargerPos2dParameters[0m
[35m[1mScanning dependencies of target _car_db_manager_msgs_generate_messages_check_deps_car_db_process_recoveryAction[0m
[35m[1mScanning dependencies of target _car_db_manager_msgs_generate_messages_check_deps_OperatecodeParametersCmd[0m
[  0%] Built target _car_db_manager_msgs_generate_messages_check_deps_TargerPos2dParametersCmd
[35m[1mScanning dependencies of target _car_db_manager_msgs_generate_messages_check_deps_ActionFunctionParametersCmd[0m
[35m[1mScanning dependencies of target _car_db_manager_msgs_generate_messages_check_deps_car_db_processResult[0m
[  0%] Built target _car_db_manager_msgs_generate_messages_check_deps_car_db_process_recoveryActionFeedback
[  0%] Built target _car_db_manager_msgs_generate_messages_check_deps_WorkSheetMain
[35m[1mScanning dependencies of target _car_db_manager_msgs_generate_messages_check_deps_CarAlarmHistory[0m
[  0%] Built target _car_db_manager_msgs_generate_messages_check_deps_car_db_processActionGoal
[  0%] Built target _car_db_manager_msgs_generate_messages_check_deps_car_db_process_recoveryActionResult
[  0%] Built target _car_db_manager_msgs_generate_messages_check_deps_CarOperateHistory
[  0%] Built target _car_db_manager_msgs_generate_messages_check_deps_OperatecodeParametersCmd
[  0%] Built target _car_db_manager_msgs_generate_messages_check_deps_car_db_processActionFeedback
[  0%] Built target _car_db_manager_msgs_generate_messages_check_deps_TargerPos2dParameters
[35m[1mScanning dependencies of target _car_db_manager_msgs_generate_messages_check_deps_car_db_process_recoveryActionGoal[0m
[  0%] Built target _car_db_manager_msgs_generate_messages_check_deps_ActionFunctionParametersCmd
[35m[1mScanning dependencies of target _car_db_manager_msgs_generate_messages_check_deps_car_db_processActionResult[0m
[35m[1mScanning dependencies of target _car_db_manager_msgs_generate_messages_check_deps_AlarmcodeParameters[0m
[  0%] Built target _car_db_manager_msgs_generate_messages_check_deps_car_db_processGoal
[  0%] Built target _car_db_manager_msgs_generate_messages_check_deps_car_db_process_recoveryAction
[35m[1mScanning dependencies of target _car_db_manager_msgs_generate_messages_check_deps_WorkSheetMainCmd[0m
[35m[1mScanning dependencies of target _car_db_manager_msgs_generate_messages_check_deps_car_db_process_recoveryResult[0m
[35m[1mScanning dependencies of target _car_db_manager_msgs_generate_messages_check_deps_PidCtrlParameters[0m
[35m[1mScanning dependencies of target _car_db_manager_msgs_generate_messages_check_deps_car_db_process_recoveryFeedback[0m
[35m[1mScanning dependencies of target _car_db_manager_msgs_generate_messages_check_deps_AlarmcodeParametersCmd[0m
[35m[1mScanning dependencies of target _car_db_manager_msgs_generate_messages_check_deps_car_db_process_recoveryGoal[0m
[  0%] Built target _car_db_manager_msgs_generate_messages_check_deps_car_db_processResult
[35m[1mScanning dependencies of target std_srvs_generate_messages_nodejs[0m
[35m[1mScanning dependencies of target std_msgs_generate_messages_nodejs[0m
[  0%] Built target _car_db_manager_msgs_generate_messages_check_deps_CarAlarmHistory
[  0%] Built target std_srvs_generate_messages_nodejs
[  0%] Built target _car_db_manager_msgs_generate_messages_check_deps_car_db_process_recoveryActionGoal
[  0%] Built target std_msgs_generate_messages_nodejs
[  0%] Built target _car_db_manager_msgs_generate_messages_check_deps_car_db_processActionResult
[  0%] Built target _car_db_manager_msgs_generate_messages_check_deps_WorkSheetMainCmd
[35m[1mScanning dependencies of target actionlib_msgs_generate_messages_nodejs[0m
[35m[1mScanning dependencies of target geometry_msgs_generate_messages_nodejs[0m
[  0%] Built target _car_db_manager_msgs_generate_messages_check_deps_AlarmcodeParameters
[  0%] Built target _car_db_manager_msgs_generate_messages_check_deps_car_db_process_recoveryFeedback
[  0%] Built target _car_db_manager_msgs_generate_messages_check_deps_PidCtrlParameters
[  0%] Built target _car_db_manager_msgs_generate_messages_check_deps_car_db_process_recoveryResult
[  0%] Built target actionlib_msgs_generate_messages_nodejs
[  0%] Built target _car_db_manager_msgs_generate_messages_check_deps_car_db_process_recoveryGoal
[  0%] Built target _car_db_manager_msgs_generate_messages_check_deps_AlarmcodeParametersCmd
[  0%] Built target geometry_msgs_generate_messages_nodejs
[35m[1mScanning dependencies of target std_srvs_generate_messages_lisp[0m
[  0%] Built target std_srvs_generate_messages_lisp
[35m[1mScanning dependencies of target std_msgs_generate_messages_lisp[0m
[  0%] Built target std_msgs_generate_messages_lisp
[35m[1mScanning dependencies of target car_db_manager_msgs_generate_messages_eus[0m
[  1%] [34m[1mGenerating EusLisp code from car_db_manager_msgs/car_db_process_recoveryActionResult.msg[0m
[  1%] [34m[1mGenerating EusLisp code from car_db_manager_msgs/car_db_process_recoveryActionFeedback.msg[0m
[  2%] [34m[1mGenerating EusLisp code from car_db_manager_msgs/WorkSheetItems.msg[0m
[  2%] [34m[1mGenerating EusLisp code from car_db_manager_msgs/OperatecodeParameters.msg[0m
[  3%] [34m[1mGenerating EusLisp code from car_db_manager_msgs/WorkSheetMain.msg[0m
[  3%] [34m[1mGenerating EusLisp code from car_db_manager_msgs/car_db_processResult.msg[0m
[  4%] [34m[1mGenerating EusLisp code from car_db_manager_msgs/car_db_processGoal.msg[0m
[  4%] [34m[1mGenerating EusLisp code from car_db_manager_msgs/car_db_processActionFeedback.msg[0m
[  5%] [34m[1mGenerating EusLisp code from car_db_manager_msgs/CarAlarmHistory.msg[0m
[  5%] [34m[1mGenerating EusLisp code from car_db_manager_msgs/CheckParameters.msg[0m
[  6%] [34m[1mGenerating EusLisp code from car_db_manager_msgs/car_db_processFeedback.msg[0m
[  7%] [34m[1mGenerating EusLisp code from car_db_manager_msgs/car_db_process_recoveryActionGoal.msg[0m
[  7%] [34m[1mGenerating EusLisp code from car_db_manager_msgs/AlarmcodeParameters.msg[0m
[  8%] [34m[1mGenerating EusLisp code from car_db_manager_msgs/car_db_processActionResult.msg[0m
[  8%] [34m[1mGenerating EusLisp code from car_db_manager_msgs/car_db_processAction.msg[0m
[  9%] [34m[1mGenerating EusLisp code from car_db_manager_msgs/car_db_processActionGoal.msg[0m
[  9%] [34m[1mGenerating EusLisp code from car_db_manager_msgs/CarOperateHistory.msg[0m
[ 10%] [34m[1mGenerating EusLisp code from car_db_manager_msgs/car_db_process_recoveryResult.msg[0m
[ 10%] [34m[1mGenerating EusLisp code from car_db_manager_msgs/car_db_process_recoveryFeedback.msg[0m
[ 11%] [34m[1mGenerating EusLisp code from car_db_manager_msgs/PidCtrlParameters.msg[0m
[ 11%] [34m[1mGenerating EusLisp code from car_db_manager_msgs/car_db_process_recoveryAction.msg[0m
[ 12%] [34m[1mGenerating EusLisp code from car_db_manager_msgs/car_db_process_recoveryGoal.msg[0m
[ 12%] [34m[1mGenerating EusLisp code from car_db_manager_msgs/ActionFunctionParameters.msg[0m
[ 13%] [34m[1mGenerating EusLisp code from car_db_manager_msgs/TargerPos2dParameters.msg[0m
[ 14%] [34m[1mGenerating EusLisp code from car_db_manager_msgs/CarAlarmHistoryCmd.srv[0m
[ 14%] [34m[1mGenerating EusLisp code from car_db_manager_msgs/TargerPos2dParametersCmd.srv[0m
[ 15%] [34m[1mGenerating EusLisp code from car_db_manager_msgs/CarOperateHistoryCmd.srv[0m
[ 15%] [34m[1mGenerating EusLisp code from car_db_manager_msgs/ActionFunctionParametersCmd.srv[0m
[ 17%] [34m[1mGenerating EusLisp code from car_db_manager_msgs/PidCtrlParametersCmd.srv[0m
[ 17%] [34m[1mGenerating EusLisp code from car_db_manager_msgs/WorkSheetItemsCmd.srv[0m
[ 18%] [34m[1mGenerating EusLisp code from car_db_manager_msgs/WorkSheetMainCmd.srv[0m
[ 18%] [34m[1mGenerating EusLisp code from car_db_manager_msgs/AlarmcodeParametersCmd.srv[0m
[ 19%] [34m[1mGenerating EusLisp code from car_db_manager_msgs/OperatecodeParametersCmd.srv[0m
[ 19%] [34m[1mGenerating EusLisp code from car_db_manager_msgs/CheckParametersCmd.srv[0m
[ 20%] [34m[1mGenerating EusLisp manifest code for car_db_manager_msgs[0m
[ 20%] Built target car_db_manager_msgs_generate_messages_eus
[35m[1mScanning dependencies of target car_db_manager_msgs_generate_messages_nodejs[0m
[ 21%] [34m[1mGenerating Javascript code from car_db_manager_msgs/car_db_process_recoveryActionResult.msg[0m
[ 22%] [34m[1mGenerating Javascript code from car_db_manager_msgs/car_db_process_recoveryActionFeedback.msg[0m
[ 22%] [34m[1mGenerating Javascript code from car_db_manager_msgs/WorkSheetItems.msg[0m
[ 23%] [34m[1mGenerating Javascript code from car_db_manager_msgs/OperatecodeParameters.msg[0m
[ 23%] [34m[1mGenerating Javascript code from car_db_manager_msgs/WorkSheetMain.msg[0m
[ 24%] [34m[1mGenerating Javascript code from car_db_manager_msgs/car_db_processResult.msg[0m
[ 24%] [34m[1mGenerating Javascript code from car_db_manager_msgs/car_db_processGoal.msg[0m
[ 25%] [34m[1mGenerating Javascript code from car_db_manager_msgs/car_db_processActionFeedback.msg[0m
[ 25%] [34m[1mGenerating Javascript code from car_db_manager_msgs/CarAlarmHistory.msg[0m
[ 26%] [34m[1mGenerating Javascript code from car_db_manager_msgs/CheckParameters.msg[0m
[ 26%] [34m[1mGenerating Javascript code from car_db_manager_msgs/car_db_processFeedback.msg[0m
[ 27%] [34m[1mGenerating Javascript code from car_db_manager_msgs/car_db_process_recoveryActionGoal.msg[0m
[ 28%] [34m[1mGenerating Javascript code from car_db_manager_msgs/AlarmcodeParameters.msg[0m
[ 28%] [34m[1mGenerating Javascript code from car_db_manager_msgs/car_db_processActionResult.msg[0m
[ 29%] [34m[1mGenerating Javascript code from car_db_manager_msgs/car_db_processAction.msg[0m
[ 29%] [34m[1mGenerating Javascript code from car_db_manager_msgs/car_db_processActionGoal.msg[0m
[ 30%] [34m[1mGenerating Javascript code from car_db_manager_msgs/CarOperateHistory.msg[0m
[ 30%] [34m[1mGenerating Javascript code from car_db_manager_msgs/car_db_process_recoveryResult.msg[0m
[ 31%] [34m[1mGenerating Javascript code from car_db_manager_msgs/car_db_process_recoveryFeedback.msg[0m
[ 31%] [34m[1mGenerating Javascript code from car_db_manager_msgs/PidCtrlParameters.msg[0m
[ 32%] [34m[1mGenerating Javascript code from car_db_manager_msgs/car_db_process_recoveryAction.msg[0m
[ 32%] [34m[1mGenerating Javascript code from car_db_manager_msgs/car_db_process_recoveryGoal.msg[0m
[ 34%] [34m[1mGenerating Javascript code from car_db_manager_msgs/ActionFunctionParameters.msg[0m
[ 35%] [34m[1mGenerating Javascript code from car_db_manager_msgs/TargerPos2dParameters.msg[0m
[ 35%] [34m[1mGenerating Javascript code from car_db_manager_msgs/CarAlarmHistoryCmd.srv[0m
[ 36%] [34m[1mGenerating Javascript code from car_db_manager_msgs/TargerPos2dParametersCmd.srv[0m
[ 36%] [34m[1mGenerating Javascript code from car_db_manager_msgs/CarOperateHistoryCmd.srv[0m
[ 37%] [34m[1mGenerating Javascript code from car_db_manager_msgs/ActionFunctionParametersCmd.srv[0m
[ 37%] [34m[1mGenerating Javascript code from car_db_manager_msgs/PidCtrlParametersCmd.srv[0m
[ 38%] [34m[1mGenerating Javascript code from car_db_manager_msgs/WorkSheetItemsCmd.srv[0m
[ 38%] [34m[1mGenerating Javascript code from car_db_manager_msgs/WorkSheetMainCmd.srv[0m
[ 39%] [34m[1mGenerating Javascript code from car_db_manager_msgs/AlarmcodeParametersCmd.srv[0m
[ 39%] [34m[1mGenerating Javascript code from car_db_manager_msgs/OperatecodeParametersCmd.srv[0m
[ 40%] [34m[1mGenerating Javascript code from car_db_manager_msgs/CheckParametersCmd.srv[0m
[ 40%] Built target car_db_manager_msgs_generate_messages_nodejs
[35m[1mScanning dependencies of target actionlib_msgs_generate_messages_lisp[0m
[ 40%] Built target actionlib_msgs_generate_messages_lisp
[35m[1mScanning dependencies of target geometry_msgs_generate_messages_lisp[0m
[ 40%] Built target geometry_msgs_generate_messages_lisp
[35m[1mScanning dependencies of target actionlib_msgs_generate_messages_cpp[0m
[ 40%] Built target actionlib_msgs_generate_messages_cpp
[35m[1mScanning dependencies of target car_db_manager_msgs_generate_messages_lisp[0m
[ 41%] [34m[1mGenerating Lisp code from car_db_manager_msgs/car_db_process_recoveryActionResult.msg[0m
[ 42%] [34m[1mGenerating Lisp code from car_db_manager_msgs/WorkSheetMain.msg[0m
[ 42%] [34m[1mGenerating Lisp code from car_db_manager_msgs/car_db_processResult.msg[0m
[ 43%] [34m[1mGenerating Lisp code from car_db_manager_msgs/car_db_processGoal.msg[0m
[ 43%] [34m[1mGenerating Lisp code from car_db_manager_msgs/car_db_processActionFeedback.msg[0m
[ 44%] [34m[1mGenerating Lisp code from car_db_manager_msgs/CarAlarmHistory.msg[0m
[ 44%] [34m[1mGenerating Lisp code from car_db_manager_msgs/CheckParameters.msg[0m
[ 45%] [34m[1mGenerating Lisp code from car_db_manager_msgs/car_db_processFeedback.msg[0m
[ 46%] [34m[1mGenerating Lisp code from car_db_manager_msgs/car_db_process_recoveryActionGoal.msg[0m
[ 46%] [34m[1mGenerating Lisp code from car_db_manager_msgs/AlarmcodeParameters.msg[0m
[ 47%] [34m[1mGenerating Lisp code from car_db_manager_msgs/car_db_processActionResult.msg[0m
[ 47%] [34m[1mGenerating Lisp code from car_db_manager_msgs/car_db_processAction.msg[0m
[ 48%] [34m[1mGenerating Lisp code from car_db_manager_msgs/car_db_processActionGoal.msg[0m
[ 48%] [34m[1mGenerating Lisp code from car_db_manager_msgs/CarOperateHistory.msg[0m
[ 50%] [34m[1mGenerating Lisp code from car_db_manager_msgs/car_db_process_recoveryResult.msg[0m
[ 50%] [34m[1mGenerating Lisp code from car_db_manager_msgs/car_db_process_recoveryFeedback.msg[0m
[ 51%] [34m[1mGenerating Lisp code from car_db_manager_msgs/PidCtrlParameters.msg[0m
[ 51%] [34m[1mGenerating Lisp code from car_db_manager_msgs/car_db_process_recoveryAction.msg[0m
[ 52%] [34m[1mGenerating Lisp code from car_db_manager_msgs/car_db_process_recoveryGoal.msg[0m
[ 53%] [34m[1mGenerating Lisp code from car_db_manager_msgs/ActionFunctionParameters.msg[0m
[ 53%] [34m[1mGenerating Lisp code from car_db_manager_msgs/TargerPos2dParameters.msg[0m
[ 54%] [34m[1mGenerating Lisp code from car_db_manager_msgs/CarAlarmHistoryCmd.srv[0m
[ 54%] [34m[1mGenerating Lisp code from car_db_manager_msgs/TargerPos2dParametersCmd.srv[0m
[ 55%] [34m[1mGenerating Lisp code from car_db_manager_msgs/CarOperateHistoryCmd.srv[0m
[ 55%] [34m[1mGenerating Lisp code from car_db_manager_msgs/ActionFunctionParametersCmd.srv[0m
[ 56%] [34m[1mGenerating Lisp code from car_db_manager_msgs/PidCtrlParametersCmd.srv[0m
[ 56%] [34m[1mGenerating Lisp code from car_db_manager_msgs/WorkSheetItemsCmd.srv[0m
[ 57%] [34m[1mGenerating Lisp code from car_db_manager_msgs/WorkSheetMainCmd.srv[0m
[ 57%] [34m[1mGenerating Lisp code from car_db_manager_msgs/AlarmcodeParametersCmd.srv[0m
[ 58%] [34m[1mGenerating Lisp code from car_db_manager_msgs/OperatecodeParametersCmd.srv[0m
[ 58%] [34m[1mGenerating Lisp code from car_db_manager_msgs/CheckParametersCmd.srv[0m
[ 58%] [34m[1mGenerating Lisp code from car_db_manager_msgs/OperatecodeParameters.msg[0m
[ 59%] [34m[1mGenerating Lisp code from car_db_manager_msgs/WorkSheetItems.msg[0m
[ 59%] [34m[1mGenerating Lisp code from car_db_manager_msgs/car_db_process_recoveryActionFeedback.msg[0m
[ 59%] Built target car_db_manager_msgs_generate_messages_lisp
[35m[1mScanning dependencies of target std_srvs_generate_messages_cpp[0m
[ 59%] Built target std_srvs_generate_messages_cpp
[35m[1mScanning dependencies of target std_msgs_generate_messages_cpp[0m
[ 59%] Built target std_msgs_generate_messages_cpp
[35m[1mScanning dependencies of target geometry_msgs_generate_messages_cpp[0m
[ 59%] Built target geometry_msgs_generate_messages_cpp
[35m[1mScanning dependencies of target std_srvs_generate_messages_py[0m
[ 59%] Built target std_srvs_generate_messages_py
[35m[1mScanning dependencies of target car_db_manager_msgs_generate_messages_cpp[0m
[ 59%] [34m[1mGenerating C++ code from car_db_manager_msgs/car_db_process_recoveryActionResult.msg[0m
[ 59%] [34m[1mGenerating C++ code from car_db_manager_msgs/CarAlarmHistory.msg[0m
[ 60%] [34m[1mGenerating C++ code from car_db_manager_msgs/CheckParameters.msg[0m
[ 60%] [34m[1mGenerating C++ code from car_db_manager_msgs/car_db_processFeedback.msg[0m
[ 61%] [34m[1mGenerating C++ code from car_db_manager_msgs/car_db_process_recoveryActionGoal.msg[0m
[ 62%] [34m[1mGenerating C++ code from car_db_manager_msgs/AlarmcodeParameters.msg[0m
[ 62%] [34m[1mGenerating C++ code from car_db_manager_msgs/car_db_processActionResult.msg[0m
[ 63%] [34m[1mGenerating C++ code from car_db_manager_msgs/car_db_processAction.msg[0m
[ 63%] [34m[1mGenerating C++ code from car_db_manager_msgs/car_db_processActionGoal.msg[0m
[ 64%] [34m[1mGenerating C++ code from car_db_manager_msgs/CarOperateHistory.msg[0m
[ 64%] [34m[1mGenerating C++ code from car_db_manager_msgs/car_db_process_recoveryResult.msg[0m
[ 65%] [34m[1mGenerating C++ code from car_db_manager_msgs/car_db_process_recoveryFeedback.msg[0m
[ 65%] [34m[1mGenerating C++ code from car_db_manager_msgs/PidCtrlParameters.msg[0m
[ 67%] [34m[1mGenerating C++ code from car_db_manager_msgs/car_db_process_recoveryAction.msg[0m
[ 67%] [34m[1mGenerating C++ code from car_db_manager_msgs/car_db_process_recoveryGoal.msg[0m
[ 68%] [34m[1mGenerating C++ code from car_db_manager_msgs/ActionFunctionParameters.msg[0m
[ 69%] [34m[1mGenerating C++ code from car_db_manager_msgs/TargerPos2dParameters.msg[0m
[ 69%] [34m[1mGenerating C++ code from car_db_manager_msgs/CarAlarmHistoryCmd.srv[0m
[ 70%] [34m[1mGenerating C++ code from car_db_manager_msgs/TargerPos2dParametersCmd.srv[0m
[ 70%] [34m[1mGenerating C++ code from car_db_manager_msgs/CarOperateHistoryCmd.srv[0m
[ 71%] [34m[1mGenerating C++ code from car_db_manager_msgs/ActionFunctionParametersCmd.srv[0m
[ 71%] [34m[1mGenerating C++ code from car_db_manager_msgs/PidCtrlParametersCmd.srv[0m
[ 72%] [34m[1mGenerating C++ code from car_db_manager_msgs/WorkSheetItemsCmd.srv[0m
[ 72%] [34m[1mGenerating C++ code from car_db_manager_msgs/WorkSheetMainCmd.srv[0m
[ 73%] [34m[1mGenerating C++ code from car_db_manager_msgs/AlarmcodeParametersCmd.srv[0m
[ 73%] [34m[1mGenerating C++ code from car_db_manager_msgs/OperatecodeParametersCmd.srv[0m
[ 74%] [34m[1mGenerating C++ code from car_db_manager_msgs/CheckParametersCmd.srv[0m
[ 75%] [34m[1mGenerating C++ code from car_db_manager_msgs/car_db_processActionFeedback.msg[0m
[ 75%] [34m[1mGenerating C++ code from car_db_manager_msgs/car_db_processGoal.msg[0m
[ 76%] [34m[1mGenerating C++ code from car_db_manager_msgs/car_db_processResult.msg[0m
[ 76%] [34m[1mGenerating C++ code from car_db_manager_msgs/WorkSheetMain.msg[0m
[ 77%] [34m[1mGenerating C++ code from car_db_manager_msgs/OperatecodeParameters.msg[0m
[ 77%] [34m[1mGenerating C++ code from car_db_manager_msgs/WorkSheetItems.msg[0m
[ 78%] [34m[1mGenerating C++ code from car_db_manager_msgs/car_db_process_recoveryActionFeedback.msg[0m
[ 78%] Built target car_db_manager_msgs_generate_messages_cpp
[35m[1mScanning dependencies of target std_msgs_generate_messages_py[0m
[ 78%] Built target std_msgs_generate_messages_py
[35m[1mScanning dependencies of target actionlib_msgs_generate_messages_py[0m
[ 78%] Built target actionlib_msgs_generate_messages_py
[35m[1mScanning dependencies of target geometry_msgs_generate_messages_py[0m
[ 78%] Built target geometry_msgs_generate_messages_py
[35m[1mScanning dependencies of target car_db_manager_msgs_generate_messages_py[0m
[ 79%] [34m[1mGenerating Python from MSG car_db_manager_msgs/car_db_process_recoveryActionResult[0m
[ 79%] [34m[1mGenerating Python from MSG car_db_manager_msgs/car_db_process_recoveryActionGoal[0m
[ 80%] [34m[1mGenerating Python from MSG car_db_manager_msgs/AlarmcodeParameters[0m
[ 81%] [34m[1mGenerating Python from MSG car_db_manager_msgs/car_db_processActionResult[0m
[ 81%] [34m[1mGenerating Python from MSG car_db_manager_msgs/car_db_processAction[0m
[ 82%] [34m[1mGenerating Python from MSG car_db_manager_msgs/car_db_processActionGoal[0m
[ 82%] [34m[1mGenerating Python from MSG car_db_manager_msgs/CarOperateHistory[0m
[ 84%] [34m[1mGenerating Python from MSG car_db_manager_msgs/car_db_process_recoveryResult[0m
[ 84%] [34m[1mGenerating Python from MSG car_db_manager_msgs/car_db_process_recoveryFeedback[0m
[ 85%] [34m[1mGenerating Python from MSG car_db_manager_msgs/PidCtrlParameters[0m
[ 85%] [34m[1mGenerating Python from MSG car_db_manager_msgs/car_db_process_recoveryAction[0m
[ 86%] [34m[1mGenerating Python from MSG car_db_manager_msgs/car_db_process_recoveryGoal[0m
[ 86%] [34m[1mGenerating Python from MSG car_db_manager_msgs/ActionFunctionParameters[0m
[ 87%] [34m[1mGenerating Python from MSG car_db_manager_msgs/TargerPos2dParameters[0m
[ 88%] [34m[1mGenerating Python code from SRV car_db_manager_msgs/CarAlarmHistoryCmd[0m
[ 88%] [34m[1mGenerating Python code from SRV car_db_manager_msgs/TargerPos2dParametersCmd[0m
[ 89%] [34m[1mGenerating Python code from SRV car_db_manager_msgs/CarOperateHistoryCmd[0m
[ 89%] [34m[1mGenerating Python code from SRV car_db_manager_msgs/ActionFunctionParametersCmd[0m
[ 90%] [34m[1mGenerating Python code from SRV car_db_manager_msgs/PidCtrlParametersCmd[0m
[ 90%] [34m[1mGenerating Python code from SRV car_db_manager_msgs/WorkSheetItemsCmd[0m
[ 91%] [34m[1mGenerating Python code from SRV car_db_manager_msgs/WorkSheetMainCmd[0m
[ 91%] [34m[1mGenerating Python code from SRV car_db_manager_msgs/AlarmcodeParametersCmd[0m
[ 92%] [34m[1mGenerating Python code from SRV car_db_manager_msgs/OperatecodeParametersCmd[0m
[ 92%] [34m[1mGenerating Python code from SRV car_db_manager_msgs/CheckParametersCmd[0m
[ 93%] [34m[1mGenerating Python from MSG car_db_manager_msgs/car_db_processFeedback[0m
[ 93%] [34m[1mGenerating Python from MSG car_db_manager_msgs/CheckParameters[0m
[ 94%] [34m[1mGenerating Python from MSG car_db_manager_msgs/CarAlarmHistory[0m
[ 94%] [34m[1mGenerating Python from MSG car_db_manager_msgs/car_db_processActionFeedback[0m
[ 95%] [34m[1mGenerating Python from MSG car_db_manager_msgs/car_db_processGoal[0m
[ 95%] [34m[1mGenerating Python from MSG car_db_manager_msgs/car_db_processResult[0m
[ 96%] [34m[1mGenerating Python from MSG car_db_manager_msgs/WorkSheetMain[0m
[ 96%] [34m[1mGenerating Python from MSG car_db_manager_msgs/OperatecodeParameters[0m
[ 97%] [34m[1mGenerating Python from MSG car_db_manager_msgs/WorkSheetItems[0m
[ 97%] [34m[1mGenerating Python from MSG car_db_manager_msgs/car_db_process_recoveryActionFeedback[0m
[ 98%] [34m[1mGenerating Python msg __init__.py for car_db_manager_msgs[0m
[100%] [34m[1mGenerating Python srv __init__.py for car_db_manager_msgs[0m
[100%] Built target car_db_manager_msgs_generate_messages_py
[35m[1mScanning dependencies of target car_db_manager_msgs_generate_messages[0m
[100%] Built target car_db_manager_msgs_generate_messages
