[0.098s] Invoking command in '/home/handsome/ros_ws_test/build/car_db_manager_msgs': /usr/bin/cmake /home/handsome/ros_ws_test/src/ros_base/car_data_management/car_db_manager_msgs -DCATKIN_INSTALL_INTO_PREFIX_ROOT=0 -DCMAKE_INSTALL_PREFIX=/home/handsome/ros_ws_test/install/car_db_manager_msgs
[0.562s] -- The C compiler identification is GNU 7.5.0
[0.937s] -- The CXX compiler identification is GNU 7.5.0
[0.948s] -- Check for working C compiler: /usr/bin/cc
[1.138s] -- Check for working C compiler: /usr/bin/cc -- works
[1.144s] -- Detecting C compiler ABI info
[1.318s] -- Detecting C compiler ABI info - done
[1.336s] -- Detecting C compile features
[1.883s] -- Detecting C compile features - done
[1.886s] -- Check for working CXX compiler: /usr/bin/c++
[2.067s] -- Check for working CXX compiler: /usr/bin/c++ -- works
[2.071s] -- Detecting CXX compiler ABI info
[2.282s] -- Detecting CXX compiler ABI info - done
[2.310s] -- Detecting CXX compile features
[3.149s] -- Detecting CXX compile features - done
[3.174s] -- Using CATKIN_DEVEL_PREFIX: /home/handsome/ros_ws_test/build/car_db_manager_msgs/devel
[3.174s] -- Using CMAKE_PREFIX_PATH: /home/handsome/ros_ws/install/yocs_cmd_vel_mux;/home/handsome/ros_ws/install/urdf_tutorial;/home/handsome/ros_ws/install/tuw_waypoint_to_spline_msgs;/home/handsome/ros_ws/install/tuw_multi_robot_router;/home/handsome/ros_ws/install/tuw_voronoi_graph;/home/handsome/ros_ws/install/tuw_vehicle_msgs;/home/handsome/ros_ws/install/tuw_order_planner;/home/handsome/ros_ws/install/tuw_object_rviz;/home/handsome/ros_ws/install/tuw_object_msgs;/home/handsome/ros_ws/install/tuw_nav_rviz;/home/handsome/ros_ws/install/tuw_multi_robot_local_behavior_controller;/home/handsome/ros_ws/install/tuw_multi_robot_ctrl;/home/handsome/ros_ws/install/tuw_nav_msgs;/home/handsome/ros_ws/install/tuw_multi_robot_rviz;/home/handsome/ros_ws/install/tuw_multi_robot_goal_generator;/home/handsome/ros_ws/install/robot_scheduling_utility;/home/handsome/ros_ws/install/robot_scheduling_actions;/home/handsome/ros_ws/install/actionlib_modules_bridge;/home/handsome/ros_ws/install/tuw_multi_robot_msgs;/home/handsome/ros_ws/install/tuw_multi_robot_demo;/home/handsome/ros_ws/install/tuw_local_controller_msgs;/home/handsome/ros_ws/install/tuw_geometry_rviz;/home/handsome/ros_ws/install/tuw_geometry_msgs;/home/handsome/ros_ws/install/tuw_geometry;/home/handsome/ros_ws/install/tuw_gazebo_msgs;/home/handsome/ros_ws/install/tuw_control;/home/handsome/ros_ws/install/tuw_airskin_msgs;/home/handsome/ros_ws/install/turtlebot_teleop;/home/handsome/ros_ws/install/tug_example_pnp_server;/home/handsome/ros_ws/install/tug_example_actions;/home/handsome/ros_ws/install/tug_example_msgs;/home/handsome/ros_ws/install/timed_roslaunch;/home/handsome/ros_ws/install/teb2_local_planner;/home/handsome/ros_ws/install/stated_roslaunch;/home/handsome/ros_ws/install/spatio_temporal_voxel_layer;/home/handsome/ros_ws/install/robot_udp_bridge;/home/handsome/ros_ws/install/robot_database_bridge;/home/handsome/ros_ws/install/samsungcmd_msgs;/home/handsome/ros_ws/install/rplidar_ros;/home/handsome/ros_ws/install/rp_action;/home/handsome/ros_ws/install/rp_action_msgs;/home/handsome/ros_ws/install/rosserial_xbee;/home/handsome/ros_ws/install/rosserial_windows;/home/handsome/ros_ws/install/rosserial_tivac;/home/handsome/ros_ws/install/rosserial_test;/home/handsome/ros_ws/install/rosserial_server;/home/handsome/ros_ws/install/rosserial_python;/home/handsome/ros_ws/install/rosserial_mbed;/home/handsome/ros_ws/install/rosserial_embeddedlinux;/home/handsome/ros_ws/install/rosserial_arduino;/home/handsome/ros_ws/install/rosserial_client;/home/handsome/ros_ws/install/rosserial_msgs;/home/handsome/ros_ws/install/cellctrl_qtgui_bridge;/home/handsome/ros_ws/install/car_db_manager_qtgui;/home/handsome/ros_ws/install/car_db_manager_bridge;/home/handsome/ros_ws/install/car_db_manager_action;/home/handsome/ros_ws/install/ros_utility_tools;/home/handsome/ros_ws/install/ros_package_test;/home/handsome/ros_ws/install/ros_package_manager;/home/handsome/ros_ws/install/robot_scheduling_server;/home/handsome/ros_ws/install/robot_scheduling_msgs;/home/handsome/ros_ws/install/robot_localization;/home/handsome/ros_ws/install/robot_control_msgs;/home/handsome/ros_ws/install/reset_location;/home/handsome/ros_ws/install/razor_imu_9dof;/home/handsome/ros_ws/install/pnp_rosplan;/home/handsome/ros_ws/install/actionlib_pnp_controller;/home/handsome/ros_ws/install/actionlib_modules_controller;/home/handsome/ros_ws/install/pnp_ros;/home/handsome/ros_ws/install/pnp_msgs;/home/handsome/ros_ws/install/open_auto_dock;/home/handsome/ros_ws/install/open_auto_dock_msgs;/home/handsome/ros_ws/install/omron_os32c_driver;/home/handsome/ros_ws/install/dlux_plugins;/home/handsome/ros_ws/install/dlux_global_planner;/home/handsome/ros_ws/install/nav_grid_pub_sub;/home/handsome/ros_ws/install/dwb_critics;/home/handsome/ros_ws/install/nav_grid_iterators;/home/handsome/ros_ws/install/locomove_base;/home/handsome/ros_ws/install/locomotor;/home/handsome/ros_ws/install/nav_core_adapter;/home/handsome/ros_ws/install/dwb_plugins;/home/handsome/ros_ws/install/dwb_local_planner;/home/handsome/ros_ws/install/nav_2d_utils;/home/handsome/ros_ws/install/global_planner_tests;/home/handsome/ros_ws/install/costmap_queue;/home/handsome/ros_ws/install/nav_core2;/home/handsome/ros_ws/install/nav_grid;/home/handsome/ros_ws/install/car_schedule_msgs;/home/handsome/ros_ws/install/actionlib_modules_msgs;/home/handsome/ros_ws/install/locomotor_msgs;/home/handsome/ros_ws/install/dwb_msgs;/home/handsome/ros_ws/install/nav_2d_msgs;/home/handsome/ros_ws/install/mongodb_log;/home/handsome/ros_ws/install/mongodb_store;/home/handsome/ros_ws/install/mongodb_store_msgs;/home/handsome/ros_ws/install/ca_driver;/home/handsome/ros_ws/install/libcreate;/home/handsome/ros_ws/install/i_robot_stage;/home/handsome/ros_ws/install/i_robot_navigation;/home/handsome/ros_ws/install/hyc_order_planner;/home/handsome/ros_ws/install/hyc_multi_robot_msgs;/home/handsome/ros_ws/install/fetch_open_auto_dock;/home/handsome/ros_ws/install/fetch_auto_dock_msgs;/home/handsome/ros_ws/install/change_teb2_max_vel_x_onfly;/home/handsome/ros_ws/install/cellctrl_control_msgs;/home/handsome/ros_ws/install/car_db_manager_msgs;/home/handsome/ros_ws/install/ca_msgs;/home/handsome/ros_ws/install/ca_description;/home/handsome/ros_ws/install/botcmd_msgs;/opt/ros/melodic
[3.175s] -- This workspace overlays: /home/handsome/ros_ws/install/yocs_cmd_vel_mux;/home/handsome/ros_ws/install/urdf_tutorial;/home/handsome/ros_ws/install/tuw_waypoint_to_spline_msgs;/home/handsome/ros_ws/install/tuw_multi_robot_router;/home/handsome/ros_ws/install/tuw_voronoi_graph;/home/handsome/ros_ws/install/tuw_vehicle_msgs;/home/handsome/ros_ws/install/tuw_order_planner;/home/handsome/ros_ws/install/tuw_object_rviz;/home/handsome/ros_ws/install/tuw_object_msgs;/home/handsome/ros_ws/install/tuw_nav_rviz;/home/handsome/ros_ws/install/tuw_multi_robot_local_behavior_controller;/home/handsome/ros_ws/install/tuw_multi_robot_ctrl;/home/handsome/ros_ws/install/tuw_nav_msgs;/home/handsome/ros_ws/install/tuw_multi_robot_rviz;/home/handsome/ros_ws/install/tuw_multi_robot_goal_generator;/home/handsome/ros_ws/install/robot_scheduling_utility;/home/handsome/ros_ws/install/robot_scheduling_actions;/home/handsome/ros_ws/install/actionlib_modules_bridge;/home/handsome/ros_ws/install/tuw_multi_robot_msgs;/home/handsome/ros_ws/install/tuw_multi_robot_demo;/home/handsome/ros_ws/install/tuw_local_controller_msgs;/home/handsome/ros_ws/install/tuw_geometry_rviz;/home/handsome/ros_ws/install/tuw_geometry_msgs;/home/handsome/ros_ws/install/tuw_geometry;/home/handsome/ros_ws/install/tuw_gazebo_msgs;/home/handsome/ros_ws/install/tuw_control;/home/handsome/ros_ws/install/tuw_airskin_msgs;/home/handsome/ros_ws/install/turtlebot_teleop;/home/handsome/ros_ws/install/tug_example_pnp_server;/home/handsome/ros_ws/install/tug_example_actions;/home/handsome/ros_ws/install/tug_example_msgs;/home/handsome/ros_ws/install/timed_roslaunch;/home/handsome/ros_ws/install/teb2_local_planner;/home/handsome/ros_ws/install/stated_roslaunch;/home/handsome/ros_ws/install/spatio_temporal_voxel_layer;/home/handsome/ros_ws/install/robot_udp_bridge;/home/handsome/ros_ws/install/robot_database_bridge;/home/handsome/ros_ws/install/samsungcmd_msgs;/home/handsome/ros_ws/install/rplidar_ros;/home/handsome/ros_ws/install/rp_action;/home/handsome/ros_ws/install/rp_action_msgs;/home/handsome/ros_ws/install/rosserial_xbee;/home/handsome/ros_ws/install/rosserial_windows;/home/handsome/ros_ws/install/rosserial_tivac;/home/handsome/ros_ws/install/rosserial_test;/home/handsome/ros_ws/install/rosserial_server;/home/handsome/ros_ws/install/rosserial_python;/home/handsome/ros_ws/install/rosserial_mbed;/home/handsome/ros_ws/install/rosserial_embeddedlinux;/home/handsome/ros_ws/install/rosserial_arduino;/home/handsome/ros_ws/install/rosserial_client;/home/handsome/ros_ws/install/rosserial_msgs;/home/handsome/ros_ws/install/cellctrl_qtgui_bridge;/home/handsome/ros_ws/install/car_db_manager_qtgui;/home/handsome/ros_ws/install/car_db_manager_bridge;/home/handsome/ros_ws/install/car_db_manager_action;/home/handsome/ros_ws/install/ros_utility_tools;/home/handsome/ros_ws/install/ros_package_test;/home/handsome/ros_ws/install/ros_package_manager;/home/handsome/ros_ws/install/robot_scheduling_server;/home/handsome/ros_ws/install/robot_scheduling_msgs;/home/handsome/ros_ws/install/robot_localization;/home/handsome/ros_ws/install/robot_control_msgs;/home/handsome/ros_ws/install/reset_location;/home/handsome/ros_ws/install/razor_imu_9dof;/home/handsome/ros_ws/install/pnp_rosplan;/home/handsome/ros_ws/install/actionlib_pnp_controller;/home/handsome/ros_ws/install/actionlib_modules_controller;/home/handsome/ros_ws/install/pnp_ros;/home/handsome/ros_ws/install/pnp_msgs;/home/handsome/ros_ws/install/open_auto_dock;/home/handsome/ros_ws/install/open_auto_dock_msgs;/home/handsome/ros_ws/install/omron_os32c_driver;/home/handsome/ros_ws/install/dlux_plugins;/home/handsome/ros_ws/install/dlux_global_planner;/home/handsome/ros_ws/install/nav_grid_pub_sub;/home/handsome/ros_ws/install/dwb_critics;/home/handsome/ros_ws/install/nav_grid_iterators;/home/handsome/ros_ws/install/locomove_base;/home/handsome/ros_ws/install/locomotor;/home/handsome/ros_ws/install/nav_core_adapter;/home/handsome/ros_ws/install/dwb_plugins;/home/handsome/ros_ws/install/dwb_local_planner;/home/handsome/ros_ws/install/nav_2d_utils;/home/handsome/ros_ws/install/global_planner_tests;/home/handsome/ros_ws/install/costmap_queue;/home/handsome/ros_ws/install/nav_core2;/home/handsome/ros_ws/install/nav_grid;/home/handsome/ros_ws/install/car_schedule_msgs;/home/handsome/ros_ws/install/actionlib_modules_msgs;/home/handsome/ros_ws/install/locomotor_msgs;/home/handsome/ros_ws/install/dwb_msgs;/home/handsome/ros_ws/install/nav_2d_msgs;/home/handsome/ros_ws/install/mongodb_log;/home/handsome/ros_ws/install/mongodb_store;/home/handsome/ros_ws/install/mongodb_store_msgs;/home/handsome/ros_ws/install/ca_driver;/home/handsome/ros_ws/install/i_robot_stage;/home/handsome/ros_ws/install/i_robot_navigation;/home/handsome/ros_ws/install/hyc_order_planner;/home/handsome/ros_ws/install/hyc_multi_robot_msgs;/home/handsome/ros_ws/install/fetch_open_auto_dock;/home/handsome/ros_ws/install/fetch_auto_dock_msgs;/home/handsome/ros_ws/install/change_teb2_max_vel_x_onfly;/home/handsome/ros_ws/install/cellctrl_control_msgs;/home/handsome/ros_ws/install/car_db_manager_msgs;/home/handsome/ros_ws/install/ca_msgs;/home/handsome/ros_ws/install/ca_description;/home/handsome/ros_ws/install/botcmd_msgs;/opt/ros/melodic
[3.216s] -- Found PythonInterp: /usr/bin/python2 (found suitable version "2.7.17", minimum required is "2") 
[3.219s] -- Using PYTHON_EXECUTABLE: /usr/bin/python2
[3.219s] -- Using Debian Python package layout
[3.220s] -- Using empy: /usr/bin/empy
[3.549s] -- Using CATKIN_ENABLE_TESTING: ON
[3.549s] -- Call enable_testing()
[3.553s] -- Using CATKIN_TEST_RESULTS_DIR: /home/handsome/ros_ws_test/build/car_db_manager_msgs/test_results
[3.619s] -- Found gtest sources under '/usr/src/googletest': gtests will be built
[3.619s] -- Found gmock sources under '/usr/src/googletest': gmock will be built
[3.668s] -- Found PythonInterp: /usr/bin/python2 (found version "2.7.17") 
[3.669s] -- Looking for pthread.h
[3.839s] -- Looking for pthread.h - found
[3.839s] -- Looking for pthread_create
[4.019s] -- Looking for pthread_create - not found
[4.020s] -- Looking for pthread_create in pthreads
[4.168s] -- Looking for pthread_create in pthreads - not found
[4.168s] -- Looking for pthread_create in pthread
[4.327s] -- Looking for pthread_create in pthread - found
[4.329s] -- Found Threads: TRUE  
[4.335s] -- Using Python nosetests: /usr/bin/nosetests-2.7
[4.491s] -- catkin 0.7.28
[4.491s] -- BUILD_SHARED_LIBS is on
[5.561s] -- Using these message generators: gencpp;geneus;genlisp;gennodejs;genpy
[5.928s] -- Generating .msg files for action car_db_manager_msgs/car_db_process /home/handsome/ros_ws_test/src/ros_base/car_data_management/car_db_manager_msgs/action/car_db_process.action
[6.044s] Generating for action car_db_process
[6.049s] -- Generating .msg files for action car_db_manager_msgs/car_db_process_recovery /home/handsome/ros_ws_test/src/ros_base/car_data_management/car_db_manager_msgs/action/car_db_process_recovery.action
[6.193s] Generating for action car_db_process_recovery
[6.806s] -- car_db_manager_msgs: 24 messages, 10 services
[7.520s] -- Configuring done
[7.699s] -- Generating done
[7.731s] -- Build files have been written to: /home/handsome/ros_ws_test/build/car_db_manager_msgs
[7.852s] Invoked command in '/home/handsome/ros_ws_test/build/car_db_manager_msgs' returned '0': /usr/bin/cmake /home/handsome/ros_ws_test/src/ros_base/car_data_management/car_db_manager_msgs -DCATKIN_INSTALL_INTO_PREFIX_ROOT=0 -DCMAKE_INSTALL_PREFIX=/home/handsome/ros_ws_test/install/car_db_manager_msgs
[7.854s] Invoking command in '/home/handsome/ros_ws_test/build/car_db_manager_msgs': /usr/bin/cmake --build /home/handsome/ros_ws_test/build/car_db_manager_msgs -- -j12 -l12
[9.187s] [35m[1mScanning dependencies of target _car_db_manager_msgs_generate_messages_check_deps_OperatecodeParameters[0m
[9.192s] [35m[1mScanning dependencies of target geometry_msgs_generate_messages_eus[0m
[9.209s] [35m[1mScanning dependencies of target _car_db_manager_msgs_generate_messages_check_deps_CheckParameters[0m
[9.222s] [35m[1mScanning dependencies of target _car_db_manager_msgs_generate_messages_check_deps_ActionFunctionParameters[0m
[9.222s] [35m[1mScanning dependencies of target std_srvs_generate_messages_eus[0m
[9.225s] [35m[1mScanning dependencies of target _car_db_manager_msgs_generate_messages_check_deps_WorkSheetItemsCmd[0m
[9.243s] [35m[1mScanning dependencies of target _car_db_manager_msgs_generate_messages_check_deps_CheckParametersCmd[0m
[9.250s] [35m[1mScanning dependencies of target _car_db_manager_msgs_generate_messages_check_deps_car_db_processFeedback[0m
[9.296s] [35m[1mScanning dependencies of target std_msgs_generate_messages_eus[0m
[9.307s] [35m[1mScanning dependencies of target actionlib_msgs_generate_messages_eus[0m
[9.339s] [35m[1mScanning dependencies of target _car_db_manager_msgs_generate_messages_check_deps_PidCtrlParametersCmd[0m
[9.340s] [35m[1mScanning dependencies of target _car_db_manager_msgs_generate_messages_check_deps_WorkSheetItems[0m
[9.349s] [  0%] Built target geometry_msgs_generate_messages_eus
[9.490s] [35m[1mScanning dependencies of target _car_db_manager_msgs_generate_messages_check_deps_car_db_processAction[0m
[9.541s] [  0%] Built target actionlib_msgs_generate_messages_eus
[9.551s] [  0%] Built target std_msgs_generate_messages_eus
[9.595s] [  0%] Built target std_srvs_generate_messages_eus
[9.797s] [35m[1mScanning dependencies of target _car_db_manager_msgs_generate_messages_check_deps_CarAlarmHistoryCmd[0m
[9.854s] [35m[1mScanning dependencies of target _car_db_manager_msgs_generate_messages_check_deps_TargerPos2dParametersCmd[0m
[9.877s] [35m[1mScanning dependencies of target _car_db_manager_msgs_generate_messages_check_deps_CarOperateHistoryCmd[0m
[10.029s] [  0%] Built target _car_db_manager_msgs_generate_messages_check_deps_car_db_processFeedback
[10.160s] [  0%] Built target _car_db_manager_msgs_generate_messages_check_deps_ActionFunctionParameters
[10.168s] [  0%] Built target _car_db_manager_msgs_generate_messages_check_deps_PidCtrlParametersCmd
[10.251s] [  0%] Built target _car_db_manager_msgs_generate_messages_check_deps_OperatecodeParameters
[10.252s] [  0%] Built target _car_db_manager_msgs_generate_messages_check_deps_CheckParametersCmd
[10.283s] [  0%] Built target _car_db_manager_msgs_generate_messages_check_deps_CheckParameters
[10.301s] [35m[1mScanning dependencies of target _car_db_manager_msgs_generate_messages_check_deps_car_db_process_recoveryActionResult[0m
[10.346s] [35m[1mScanning dependencies of target _car_db_manager_msgs_generate_messages_check_deps_WorkSheetMain[0m
[10.355s] [  0%] Built target _car_db_manager_msgs_generate_messages_check_deps_WorkSheetItemsCmd
[10.373s] [  0%] Built target _car_db_manager_msgs_generate_messages_check_deps_WorkSheetItems
[10.387s] [  0%] Built target _car_db_manager_msgs_generate_messages_check_deps_car_db_processAction
[10.435s] [35m[1mScanning dependencies of target _car_db_manager_msgs_generate_messages_check_deps_car_db_process_recoveryActionFeedback[0m
[10.495s] [35m[1mScanning dependencies of target _car_db_manager_msgs_generate_messages_check_deps_car_db_processActionFeedback[0m
[10.496s] [35m[1mScanning dependencies of target _car_db_manager_msgs_generate_messages_check_deps_CarOperateHistory[0m
[10.517s] [35m[1mScanning dependencies of target _car_db_manager_msgs_generate_messages_check_deps_car_db_processActionGoal[0m
[10.599s] [  0%] Built target _car_db_manager_msgs_generate_messages_check_deps_CarOperateHistoryCmd
[10.661s] [35m[1mScanning dependencies of target _car_db_manager_msgs_generate_messages_check_deps_car_db_processGoal[0m
[10.704s] [  0%] Built target _car_db_manager_msgs_generate_messages_check_deps_CarAlarmHistoryCmd
[10.736s] [35m[1mScanning dependencies of target _car_db_manager_msgs_generate_messages_check_deps_TargerPos2dParameters[0m
[10.739s] [35m[1mScanning dependencies of target _car_db_manager_msgs_generate_messages_check_deps_car_db_process_recoveryAction[0m
[10.755s] [35m[1mScanning dependencies of target _car_db_manager_msgs_generate_messages_check_deps_OperatecodeParametersCmd[0m
[10.847s] [  0%] Built target _car_db_manager_msgs_generate_messages_check_deps_TargerPos2dParametersCmd
[11.023s] [35m[1mScanning dependencies of target _car_db_manager_msgs_generate_messages_check_deps_ActionFunctionParametersCmd[0m
[11.125s] [35m[1mScanning dependencies of target _car_db_manager_msgs_generate_messages_check_deps_car_db_processResult[0m
[11.214s] [  0%] Built target _car_db_manager_msgs_generate_messages_check_deps_car_db_process_recoveryActionFeedback
[11.533s] [  0%] Built target _car_db_manager_msgs_generate_messages_check_deps_WorkSheetMain
[11.545s] [35m[1mScanning dependencies of target _car_db_manager_msgs_generate_messages_check_deps_CarAlarmHistory[0m
[11.580s] [  0%] Built target _car_db_manager_msgs_generate_messages_check_deps_car_db_processActionGoal
[11.596s] [  0%] Built target _car_db_manager_msgs_generate_messages_check_deps_car_db_process_recoveryActionResult
[11.619s] [  0%] Built target _car_db_manager_msgs_generate_messages_check_deps_CarOperateHistory
[11.622s] [  0%] Built target _car_db_manager_msgs_generate_messages_check_deps_OperatecodeParametersCmd
[11.777s] [  0%] Built target _car_db_manager_msgs_generate_messages_check_deps_car_db_processActionFeedback
[11.783s] [  0%] Built target _car_db_manager_msgs_generate_messages_check_deps_TargerPos2dParameters
[11.874s] [35m[1mScanning dependencies of target _car_db_manager_msgs_generate_messages_check_deps_car_db_process_recoveryActionGoal[0m
[11.905s] [  0%] Built target _car_db_manager_msgs_generate_messages_check_deps_ActionFunctionParametersCmd
[11.913s] [35m[1mScanning dependencies of target _car_db_manager_msgs_generate_messages_check_deps_car_db_processActionResult[0m
[11.925s] [35m[1mScanning dependencies of target _car_db_manager_msgs_generate_messages_check_deps_AlarmcodeParameters[0m
[11.927s] [  0%] Built target _car_db_manager_msgs_generate_messages_check_deps_car_db_processGoal
[11.947s] [  0%] Built target _car_db_manager_msgs_generate_messages_check_deps_car_db_process_recoveryAction
[11.971s] [35m[1mScanning dependencies of target _car_db_manager_msgs_generate_messages_check_deps_WorkSheetMainCmd[0m
[12.031s] [35m[1mScanning dependencies of target _car_db_manager_msgs_generate_messages_check_deps_car_db_process_recoveryResult[0m
[12.097s] [35m[1mScanning dependencies of target _car_db_manager_msgs_generate_messages_check_deps_PidCtrlParameters[0m
[12.118s] [35m[1mScanning dependencies of target _car_db_manager_msgs_generate_messages_check_deps_car_db_process_recoveryFeedback[0m
[12.172s] [35m[1mScanning dependencies of target _car_db_manager_msgs_generate_messages_check_deps_AlarmcodeParametersCmd[0m
[12.262s] [35m[1mScanning dependencies of target _car_db_manager_msgs_generate_messages_check_deps_car_db_process_recoveryGoal[0m
[12.282s] [  0%] Built target _car_db_manager_msgs_generate_messages_check_deps_car_db_processResult
[12.467s] [35m[1mScanning dependencies of target std_srvs_generate_messages_nodejs[0m
[12.637s] [35m[1mScanning dependencies of target std_msgs_generate_messages_nodejs[0m
[12.811s] [  0%] Built target _car_db_manager_msgs_generate_messages_check_deps_CarAlarmHistory
[12.815s] [  0%] Built target std_srvs_generate_messages_nodejs
[12.862s] [  0%] Built target _car_db_manager_msgs_generate_messages_check_deps_car_db_process_recoveryActionGoal
[12.987s] [  0%] Built target std_msgs_generate_messages_nodejs
[13.025s] [  0%] Built target _car_db_manager_msgs_generate_messages_check_deps_car_db_processActionResult
[13.065s] [  0%] Built target _car_db_manager_msgs_generate_messages_check_deps_WorkSheetMainCmd
[13.114s] [35m[1mScanning dependencies of target actionlib_msgs_generate_messages_nodejs[0m
[13.134s] [35m[1mScanning dependencies of target geometry_msgs_generate_messages_nodejs[0m
[13.178s] [  0%] Built target _car_db_manager_msgs_generate_messages_check_deps_AlarmcodeParameters
[13.183s] [  0%] Built target _car_db_manager_msgs_generate_messages_check_deps_car_db_process_recoveryFeedback
[13.274s] [  0%] Built target _car_db_manager_msgs_generate_messages_check_deps_PidCtrlParameters
[13.329s] [  0%] Built target _car_db_manager_msgs_generate_messages_check_deps_car_db_process_recoveryResult
[13.332s] [  0%] Built target actionlib_msgs_generate_messages_nodejs
[13.354s] [  0%] Built target _car_db_manager_msgs_generate_messages_check_deps_car_db_process_recoveryGoal
[13.356s] [  0%] Built target _car_db_manager_msgs_generate_messages_check_deps_AlarmcodeParametersCmd
[13.436s] [  0%] Built target geometry_msgs_generate_messages_nodejs
[13.622s] [35m[1mScanning dependencies of target std_srvs_generate_messages_lisp[0m
[13.823s] [  0%] Built target std_srvs_generate_messages_lisp
[14.018s] [35m[1mScanning dependencies of target std_msgs_generate_messages_lisp[0m
[14.279s] [  0%] Built target std_msgs_generate_messages_lisp
[14.425s] [35m[1mScanning dependencies of target car_db_manager_msgs_generate_messages_eus[0m
[14.592s] [  1%] [34m[1mGenerating EusLisp code from car_db_manager_msgs/car_db_process_recoveryActionResult.msg[0m
[15.220s] [  1%] [34m[1mGenerating EusLisp code from car_db_manager_msgs/car_db_process_recoveryActionFeedback.msg[0m
[16.058s] [  2%] [34m[1mGenerating EusLisp code from car_db_manager_msgs/WorkSheetItems.msg[0m
[16.632s] [  2%] [34m[1mGenerating EusLisp code from car_db_manager_msgs/OperatecodeParameters.msg[0m
[17.262s] [  3%] [34m[1mGenerating EusLisp code from car_db_manager_msgs/WorkSheetMain.msg[0m
[17.846s] [  3%] [34m[1mGenerating EusLisp code from car_db_manager_msgs/car_db_processResult.msg[0m
[18.315s] [  4%] [34m[1mGenerating EusLisp code from car_db_manager_msgs/car_db_processGoal.msg[0m
[18.796s] [  4%] [34m[1mGenerating EusLisp code from car_db_manager_msgs/car_db_processActionFeedback.msg[0m
[19.252s] [  5%] [34m[1mGenerating EusLisp code from car_db_manager_msgs/CarAlarmHistory.msg[0m
[19.713s] [  5%] [34m[1mGenerating EusLisp code from car_db_manager_msgs/CheckParameters.msg[0m
[20.264s] [  6%] [34m[1mGenerating EusLisp code from car_db_manager_msgs/car_db_processFeedback.msg[0m
[20.459s] [  7%] [34m[1mGenerating EusLisp code from car_db_manager_msgs/car_db_process_recoveryActionGoal.msg[0m
[20.860s] [  7%] [34m[1mGenerating EusLisp code from car_db_manager_msgs/AlarmcodeParameters.msg[0m
[21.359s] [  8%] [34m[1mGenerating EusLisp code from car_db_manager_msgs/car_db_processActionResult.msg[0m
[21.634s] [  8%] [34m[1mGenerating EusLisp code from car_db_manager_msgs/car_db_processAction.msg[0m
[21.956s] [  9%] [34m[1mGenerating EusLisp code from car_db_manager_msgs/car_db_processActionGoal.msg[0m
[22.281s] [  9%] [34m[1mGenerating EusLisp code from car_db_manager_msgs/CarOperateHistory.msg[0m
[22.920s] [ 10%] [34m[1mGenerating EusLisp code from car_db_manager_msgs/car_db_process_recoveryResult.msg[0m
[23.187s] [ 10%] [34m[1mGenerating EusLisp code from car_db_manager_msgs/car_db_process_recoveryFeedback.msg[0m
[23.445s] [ 11%] [34m[1mGenerating EusLisp code from car_db_manager_msgs/PidCtrlParameters.msg[0m
[23.642s] [ 11%] [34m[1mGenerating EusLisp code from car_db_manager_msgs/car_db_process_recoveryAction.msg[0m
[23.828s] [ 12%] [34m[1mGenerating EusLisp code from car_db_manager_msgs/car_db_process_recoveryGoal.msg[0m
[24.013s] [ 12%] [34m[1mGenerating EusLisp code from car_db_manager_msgs/ActionFunctionParameters.msg[0m
[24.208s] [ 13%] [34m[1mGenerating EusLisp code from car_db_manager_msgs/TargerPos2dParameters.msg[0m
[24.399s] [ 14%] [34m[1mGenerating EusLisp code from car_db_manager_msgs/CarAlarmHistoryCmd.srv[0m
[24.606s] [ 14%] [34m[1mGenerating EusLisp code from car_db_manager_msgs/TargerPos2dParametersCmd.srv[0m
[24.792s] [ 15%] [34m[1mGenerating EusLisp code from car_db_manager_msgs/CarOperateHistoryCmd.srv[0m
[25.041s] [ 15%] [34m[1mGenerating EusLisp code from car_db_manager_msgs/ActionFunctionParametersCmd.srv[0m
[25.259s] [ 17%] [34m[1mGenerating EusLisp code from car_db_manager_msgs/PidCtrlParametersCmd.srv[0m
[25.450s] [ 17%] [34m[1mGenerating EusLisp code from car_db_manager_msgs/WorkSheetItemsCmd.srv[0m
[25.649s] [ 18%] [34m[1mGenerating EusLisp code from car_db_manager_msgs/WorkSheetMainCmd.srv[0m
[25.844s] [ 18%] [34m[1mGenerating EusLisp code from car_db_manager_msgs/AlarmcodeParametersCmd.srv[0m
[26.074s] [ 19%] [34m[1mGenerating EusLisp code from car_db_manager_msgs/OperatecodeParametersCmd.srv[0m
[26.337s] [ 19%] [34m[1mGenerating EusLisp code from car_db_manager_msgs/CheckParametersCmd.srv[0m
[26.521s] [ 20%] [34m[1mGenerating EusLisp manifest code for car_db_manager_msgs[0m
[28.493s] [ 20%] Built target car_db_manager_msgs_generate_messages_eus
[28.523s] [35m[1mScanning dependencies of target car_db_manager_msgs_generate_messages_nodejs[0m
[28.555s] [ 21%] [34m[1mGenerating Javascript code from car_db_manager_msgs/car_db_process_recoveryActionResult.msg[0m
[28.770s] [ 22%] [34m[1mGenerating Javascript code from car_db_manager_msgs/car_db_process_recoveryActionFeedback.msg[0m
[28.837s] [ 22%] [34m[1mGenerating Javascript code from car_db_manager_msgs/WorkSheetItems.msg[0m
[28.959s] [ 23%] [34m[1mGenerating Javascript code from car_db_manager_msgs/OperatecodeParameters.msg[0m
[29.079s] [ 23%] [34m[1mGenerating Javascript code from car_db_manager_msgs/WorkSheetMain.msg[0m
[29.211s] [ 24%] [34m[1mGenerating Javascript code from car_db_manager_msgs/car_db_processResult.msg[0m
[29.348s] [ 24%] [34m[1mGenerating Javascript code from car_db_manager_msgs/car_db_processGoal.msg[0m
[29.479s] [ 25%] [34m[1mGenerating Javascript code from car_db_manager_msgs/car_db_processActionFeedback.msg[0m
[29.614s] [ 25%] [34m[1mGenerating Javascript code from car_db_manager_msgs/CarAlarmHistory.msg[0m
[29.747s] [ 26%] [34m[1mGenerating Javascript code from car_db_manager_msgs/CheckParameters.msg[0m
[29.882s] [ 26%] [34m[1mGenerating Javascript code from car_db_manager_msgs/car_db_processFeedback.msg[0m
[30.010s] [ 27%] [34m[1mGenerating Javascript code from car_db_manager_msgs/car_db_process_recoveryActionGoal.msg[0m
[30.147s] [ 28%] [34m[1mGenerating Javascript code from car_db_manager_msgs/AlarmcodeParameters.msg[0m
[30.277s] [ 28%] [34m[1mGenerating Javascript code from car_db_manager_msgs/car_db_processActionResult.msg[0m
[30.424s] [ 29%] [34m[1mGenerating Javascript code from car_db_manager_msgs/car_db_processAction.msg[0m
[30.561s] [ 29%] [34m[1mGenerating Javascript code from car_db_manager_msgs/car_db_processActionGoal.msg[0m
[30.706s] [ 30%] [34m[1mGenerating Javascript code from car_db_manager_msgs/CarOperateHistory.msg[0m
[30.841s] [ 30%] [34m[1mGenerating Javascript code from car_db_manager_msgs/car_db_process_recoveryResult.msg[0m
[30.973s] [ 31%] [34m[1mGenerating Javascript code from car_db_manager_msgs/car_db_process_recoveryFeedback.msg[0m
[31.106s] [ 31%] [34m[1mGenerating Javascript code from car_db_manager_msgs/PidCtrlParameters.msg[0m
[31.231s] [ 32%] [34m[1mGenerating Javascript code from car_db_manager_msgs/car_db_process_recoveryAction.msg[0m
[31.365s] [ 32%] [34m[1mGenerating Javascript code from car_db_manager_msgs/car_db_process_recoveryGoal.msg[0m
[31.502s] [ 34%] [34m[1mGenerating Javascript code from car_db_manager_msgs/ActionFunctionParameters.msg[0m
[31.651s] [ 35%] [34m[1mGenerating Javascript code from car_db_manager_msgs/TargerPos2dParameters.msg[0m
[31.785s] [ 35%] [34m[1mGenerating Javascript code from car_db_manager_msgs/CarAlarmHistoryCmd.srv[0m
[31.917s] [ 36%] [34m[1mGenerating Javascript code from car_db_manager_msgs/TargerPos2dParametersCmd.srv[0m
[32.053s] [ 36%] [34m[1mGenerating Javascript code from car_db_manager_msgs/CarOperateHistoryCmd.srv[0m
[32.187s] [ 37%] [34m[1mGenerating Javascript code from car_db_manager_msgs/ActionFunctionParametersCmd.srv[0m
[32.318s] [ 37%] [34m[1mGenerating Javascript code from car_db_manager_msgs/PidCtrlParametersCmd.srv[0m
[32.456s] [ 38%] [34m[1mGenerating Javascript code from car_db_manager_msgs/WorkSheetItemsCmd.srv[0m
[32.583s] [ 38%] [34m[1mGenerating Javascript code from car_db_manager_msgs/WorkSheetMainCmd.srv[0m
[32.718s] [ 39%] [34m[1mGenerating Javascript code from car_db_manager_msgs/AlarmcodeParametersCmd.srv[0m
[32.854s] [ 39%] [34m[1mGenerating Javascript code from car_db_manager_msgs/OperatecodeParametersCmd.srv[0m
[32.985s] [ 40%] [34m[1mGenerating Javascript code from car_db_manager_msgs/CheckParametersCmd.srv[0m
[33.118s] [ 40%] Built target car_db_manager_msgs_generate_messages_nodejs
[33.148s] [35m[1mScanning dependencies of target actionlib_msgs_generate_messages_lisp[0m
[33.177s] [ 40%] Built target actionlib_msgs_generate_messages_lisp
[33.204s] [35m[1mScanning dependencies of target geometry_msgs_generate_messages_lisp[0m
[33.233s] [ 40%] Built target geometry_msgs_generate_messages_lisp
[33.261s] [35m[1mScanning dependencies of target actionlib_msgs_generate_messages_cpp[0m
[33.289s] [ 40%] Built target actionlib_msgs_generate_messages_cpp
[33.321s] [35m[1mScanning dependencies of target car_db_manager_msgs_generate_messages_lisp[0m
[33.355s] [ 41%] [34m[1mGenerating Lisp code from car_db_manager_msgs/car_db_process_recoveryActionResult.msg[0m
[33.499s] [ 42%] [34m[1mGenerating Lisp code from car_db_manager_msgs/WorkSheetMain.msg[0m
[33.635s] [ 42%] [34m[1mGenerating Lisp code from car_db_manager_msgs/car_db_processResult.msg[0m
[33.771s] [ 43%] [34m[1mGenerating Lisp code from car_db_manager_msgs/car_db_processGoal.msg[0m
[33.910s] [ 43%] [34m[1mGenerating Lisp code from car_db_manager_msgs/car_db_processActionFeedback.msg[0m
[34.040s] [ 44%] [34m[1mGenerating Lisp code from car_db_manager_msgs/CarAlarmHistory.msg[0m
[34.172s] [ 44%] [34m[1mGenerating Lisp code from car_db_manager_msgs/CheckParameters.msg[0m
[34.297s] [ 45%] [34m[1mGenerating Lisp code from car_db_manager_msgs/car_db_processFeedback.msg[0m
[34.441s] [ 46%] [34m[1mGenerating Lisp code from car_db_manager_msgs/car_db_process_recoveryActionGoal.msg[0m
[34.575s] [ 46%] [34m[1mGenerating Lisp code from car_db_manager_msgs/AlarmcodeParameters.msg[0m
[34.703s] [ 47%] [34m[1mGenerating Lisp code from car_db_manager_msgs/car_db_processActionResult.msg[0m
[34.839s] [ 47%] [34m[1mGenerating Lisp code from car_db_manager_msgs/car_db_processAction.msg[0m
[34.979s] [ 48%] [34m[1mGenerating Lisp code from car_db_manager_msgs/car_db_processActionGoal.msg[0m
[35.108s] [ 48%] [34m[1mGenerating Lisp code from car_db_manager_msgs/CarOperateHistory.msg[0m
[35.257s] [ 50%] [34m[1mGenerating Lisp code from car_db_manager_msgs/car_db_process_recoveryResult.msg[0m
[35.384s] [ 50%] [34m[1mGenerating Lisp code from car_db_manager_msgs/car_db_process_recoveryFeedback.msg[0m
[35.517s] [ 51%] [34m[1mGenerating Lisp code from car_db_manager_msgs/PidCtrlParameters.msg[0m
[35.647s] [ 51%] [34m[1mGenerating Lisp code from car_db_manager_msgs/car_db_process_recoveryAction.msg[0m
[35.783s] [ 52%] [34m[1mGenerating Lisp code from car_db_manager_msgs/car_db_process_recoveryGoal.msg[0m
[35.919s] [ 53%] [34m[1mGenerating Lisp code from car_db_manager_msgs/ActionFunctionParameters.msg[0m
[36.052s] [ 53%] [34m[1mGenerating Lisp code from car_db_manager_msgs/TargerPos2dParameters.msg[0m
[36.180s] [ 54%] [34m[1mGenerating Lisp code from car_db_manager_msgs/CarAlarmHistoryCmd.srv[0m
[36.317s] [ 54%] [34m[1mGenerating Lisp code from car_db_manager_msgs/TargerPos2dParametersCmd.srv[0m
[36.444s] [ 55%] [34m[1mGenerating Lisp code from car_db_manager_msgs/CarOperateHistoryCmd.srv[0m
[36.579s] [ 55%] [34m[1mGenerating Lisp code from car_db_manager_msgs/ActionFunctionParametersCmd.srv[0m
[36.712s] [ 56%] [34m[1mGenerating Lisp code from car_db_manager_msgs/PidCtrlParametersCmd.srv[0m
[36.844s] [ 56%] [34m[1mGenerating Lisp code from car_db_manager_msgs/WorkSheetItemsCmd.srv[0m
[36.973s] [ 57%] [34m[1mGenerating Lisp code from car_db_manager_msgs/WorkSheetMainCmd.srv[0m
[37.101s] [ 57%] [34m[1mGenerating Lisp code from car_db_manager_msgs/AlarmcodeParametersCmd.srv[0m
[37.314s] [ 58%] [34m[1mGenerating Lisp code from car_db_manager_msgs/OperatecodeParametersCmd.srv[0m
[37.505s] [ 58%] [34m[1mGenerating Lisp code from car_db_manager_msgs/CheckParametersCmd.srv[0m
[37.646s] [ 58%] [34m[1mGenerating Lisp code from car_db_manager_msgs/OperatecodeParameters.msg[0m
[37.780s] [ 59%] [34m[1mGenerating Lisp code from car_db_manager_msgs/WorkSheetItems.msg[0m
[37.865s] [ 59%] [34m[1mGenerating Lisp code from car_db_manager_msgs/car_db_process_recoveryActionFeedback.msg[0m
[38.054s] [ 59%] Built target car_db_manager_msgs_generate_messages_lisp
[38.101s] [35m[1mScanning dependencies of target std_srvs_generate_messages_cpp[0m
[38.166s] [ 59%] Built target std_srvs_generate_messages_cpp
[38.195s] [35m[1mScanning dependencies of target std_msgs_generate_messages_cpp[0m
[38.220s] [ 59%] Built target std_msgs_generate_messages_cpp
[38.246s] [35m[1mScanning dependencies of target geometry_msgs_generate_messages_cpp[0m
[38.283s] [ 59%] Built target geometry_msgs_generate_messages_cpp
[38.308s] [35m[1mScanning dependencies of target std_srvs_generate_messages_py[0m
[38.331s] [ 59%] Built target std_srvs_generate_messages_py
[38.358s] [35m[1mScanning dependencies of target car_db_manager_msgs_generate_messages_cpp[0m
[38.384s] [ 59%] [34m[1mGenerating C++ code from car_db_manager_msgs/car_db_process_recoveryActionResult.msg[0m
[38.708s] [ 59%] [34m[1mGenerating C++ code from car_db_manager_msgs/CarAlarmHistory.msg[0m
[38.954s] [ 60%] [34m[1mGenerating C++ code from car_db_manager_msgs/CheckParameters.msg[0m
[39.207s] [ 60%] [34m[1mGenerating C++ code from car_db_manager_msgs/car_db_processFeedback.msg[0m
[39.411s] [ 61%] [34m[1mGenerating C++ code from car_db_manager_msgs/car_db_process_recoveryActionGoal.msg[0m
[39.692s] [ 62%] [34m[1mGenerating C++ code from car_db_manager_msgs/AlarmcodeParameters.msg[0m
[39.921s] [ 62%] [34m[1mGenerating C++ code from car_db_manager_msgs/car_db_processActionResult.msg[0m
[40.153s] [ 63%] [34m[1mGenerating C++ code from car_db_manager_msgs/car_db_processAction.msg[0m
[40.398s] [ 63%] [34m[1mGenerating C++ code from car_db_manager_msgs/car_db_processActionGoal.msg[0m
[40.689s] [ 64%] [34m[1mGenerating C++ code from car_db_manager_msgs/CarOperateHistory.msg[0m
[40.882s] [ 64%] [34m[1mGenerating C++ code from car_db_manager_msgs/car_db_process_recoveryResult.msg[0m
[41.165s] [ 65%] [34m[1mGenerating C++ code from car_db_manager_msgs/car_db_process_recoveryFeedback.msg[0m
[41.423s] [ 65%] [34m[1mGenerating C++ code from car_db_manager_msgs/PidCtrlParameters.msg[0m
[41.718s] [ 67%] [34m[1mGenerating C++ code from car_db_manager_msgs/car_db_process_recoveryAction.msg[0m
[42.024s] [ 67%] [34m[1mGenerating C++ code from car_db_manager_msgs/car_db_process_recoveryGoal.msg[0m
[42.330s] [ 68%] [34m[1mGenerating C++ code from car_db_manager_msgs/ActionFunctionParameters.msg[0m
[42.537s] [ 69%] [34m[1mGenerating C++ code from car_db_manager_msgs/TargerPos2dParameters.msg[0m
[42.778s] [ 69%] [34m[1mGenerating C++ code from car_db_manager_msgs/CarAlarmHistoryCmd.srv[0m
[43.097s] [ 70%] [34m[1mGenerating C++ code from car_db_manager_msgs/TargerPos2dParametersCmd.srv[0m
[43.407s] [ 70%] [34m[1mGenerating C++ code from car_db_manager_msgs/CarOperateHistoryCmd.srv[0m
[43.756s] [ 71%] [34m[1mGenerating C++ code from car_db_manager_msgs/ActionFunctionParametersCmd.srv[0m
[44.095s] [ 71%] [34m[1mGenerating C++ code from car_db_manager_msgs/PidCtrlParametersCmd.srv[0m
[44.424s] [ 72%] [34m[1mGenerating C++ code from car_db_manager_msgs/WorkSheetItemsCmd.srv[0m
[44.748s] [ 72%] [34m[1mGenerating C++ code from car_db_manager_msgs/WorkSheetMainCmd.srv[0m
[45.021s] [ 73%] [34m[1mGenerating C++ code from car_db_manager_msgs/AlarmcodeParametersCmd.srv[0m
[45.301s] [ 73%] [34m[1mGenerating C++ code from car_db_manager_msgs/OperatecodeParametersCmd.srv[0m
[45.625s] [ 74%] [34m[1mGenerating C++ code from car_db_manager_msgs/CheckParametersCmd.srv[0m
[45.943s] [ 75%] [34m[1mGenerating C++ code from car_db_manager_msgs/car_db_processActionFeedback.msg[0m
[46.118s] [ 75%] [34m[1mGenerating C++ code from car_db_manager_msgs/car_db_processGoal.msg[0m
[46.311s] [ 76%] [34m[1mGenerating C++ code from car_db_manager_msgs/car_db_processResult.msg[0m
[46.484s] [ 76%] [34m[1mGenerating C++ code from car_db_manager_msgs/WorkSheetMain.msg[0m
[46.752s] [ 77%] [34m[1mGenerating C++ code from car_db_manager_msgs/OperatecodeParameters.msg[0m
[46.964s] [ 77%] [34m[1mGenerating C++ code from car_db_manager_msgs/WorkSheetItems.msg[0m
[47.185s] [ 78%] [34m[1mGenerating C++ code from car_db_manager_msgs/car_db_process_recoveryActionFeedback.msg[0m
[47.403s] [ 78%] Built target car_db_manager_msgs_generate_messages_cpp
[47.426s] [35m[1mScanning dependencies of target std_msgs_generate_messages_py[0m
[47.449s] [ 78%] Built target std_msgs_generate_messages_py
[47.473s] [35m[1mScanning dependencies of target actionlib_msgs_generate_messages_py[0m
[47.490s] [ 78%] Built target actionlib_msgs_generate_messages_py
[47.511s] [35m[1mScanning dependencies of target geometry_msgs_generate_messages_py[0m
[47.529s] [ 78%] Built target geometry_msgs_generate_messages_py
[47.549s] [35m[1mScanning dependencies of target car_db_manager_msgs_generate_messages_py[0m
[47.574s] [ 79%] [34m[1mGenerating Python from MSG car_db_manager_msgs/car_db_process_recoveryActionResult[0m
[47.735s] [ 79%] [34m[1mGenerating Python from MSG car_db_manager_msgs/car_db_process_recoveryActionGoal[0m
[47.881s] [ 80%] [34m[1mGenerating Python from MSG car_db_manager_msgs/AlarmcodeParameters[0m
[48.050s] [ 81%] [34m[1mGenerating Python from MSG car_db_manager_msgs/car_db_processActionResult[0m
[48.201s] [ 81%] [34m[1mGenerating Python from MSG car_db_manager_msgs/car_db_processAction[0m
[48.394s] [ 82%] [34m[1mGenerating Python from MSG car_db_manager_msgs/car_db_processActionGoal[0m
[48.536s] [ 82%] [34m[1mGenerating Python from MSG car_db_manager_msgs/CarOperateHistory[0m
[48.682s] [ 84%] [34m[1mGenerating Python from MSG car_db_manager_msgs/car_db_process_recoveryResult[0m
[48.832s] [ 84%] [34m[1mGenerating Python from MSG car_db_manager_msgs/car_db_process_recoveryFeedback[0m
[48.985s] [ 85%] [34m[1mGenerating Python from MSG car_db_manager_msgs/PidCtrlParameters[0m
[49.128s] [ 85%] [34m[1mGenerating Python from MSG car_db_manager_msgs/car_db_process_recoveryAction[0m
[49.284s] [ 86%] [34m[1mGenerating Python from MSG car_db_manager_msgs/car_db_process_recoveryGoal[0m
[49.429s] [ 86%] [34m[1mGenerating Python from MSG car_db_manager_msgs/ActionFunctionParameters[0m
[49.608s] [ 87%] [34m[1mGenerating Python from MSG car_db_manager_msgs/TargerPos2dParameters[0m
[49.754s] [ 88%] [34m[1mGenerating Python code from SRV car_db_manager_msgs/CarAlarmHistoryCmd[0m
[49.895s] [ 88%] [34m[1mGenerating Python code from SRV car_db_manager_msgs/TargerPos2dParametersCmd[0m
[50.076s] [ 89%] [34m[1mGenerating Python code from SRV car_db_manager_msgs/CarOperateHistoryCmd[0m
[50.236s] [ 89%] [34m[1mGenerating Python code from SRV car_db_manager_msgs/ActionFunctionParametersCmd[0m
[50.417s] [ 90%] [34m[1mGenerating Python code from SRV car_db_manager_msgs/PidCtrlParametersCmd[0m
[50.568s] [ 90%] [34m[1mGenerating Python code from SRV car_db_manager_msgs/WorkSheetItemsCmd[0m
[50.743s] [ 91%] [34m[1mGenerating Python code from SRV car_db_manager_msgs/WorkSheetMainCmd[0m
[50.886s] [ 91%] [34m[1mGenerating Python code from SRV car_db_manager_msgs/AlarmcodeParametersCmd[0m
[51.047s] [ 92%] [34m[1mGenerating Python code from SRV car_db_manager_msgs/OperatecodeParametersCmd[0m
[51.193s] [ 92%] [34m[1mGenerating Python code from SRV car_db_manager_msgs/CheckParametersCmd[0m
[51.395s] [ 93%] [34m[1mGenerating Python from MSG car_db_manager_msgs/car_db_processFeedback[0m
[51.536s] [ 93%] [34m[1mGenerating Python from MSG car_db_manager_msgs/CheckParameters[0m
[51.676s] [ 94%] [34m[1mGenerating Python from MSG car_db_manager_msgs/CarAlarmHistory[0m
[51.815s] [ 94%] [34m[1mGenerating Python from MSG car_db_manager_msgs/car_db_processActionFeedback[0m
[51.965s] [ 95%] [34m[1mGenerating Python from MSG car_db_manager_msgs/car_db_processGoal[0m
[52.167s] [ 95%] [34m[1mGenerating Python from MSG car_db_manager_msgs/car_db_processResult[0m
[52.335s] [ 96%] [34m[1mGenerating Python from MSG car_db_manager_msgs/WorkSheetMain[0m
[52.508s] [ 96%] [34m[1mGenerating Python from MSG car_db_manager_msgs/OperatecodeParameters[0m
[52.705s] [ 97%] [34m[1mGenerating Python from MSG car_db_manager_msgs/WorkSheetItems[0m
[52.850s] [ 97%] [34m[1mGenerating Python from MSG car_db_manager_msgs/car_db_process_recoveryActionFeedback[0m
[53.040s] [ 98%] [34m[1mGenerating Python msg __init__.py for car_db_manager_msgs[0m
[53.197s] [100%] [34m[1mGenerating Python srv __init__.py for car_db_manager_msgs[0m
[53.333s] [100%] Built target car_db_manager_msgs_generate_messages_py
[53.350s] [35m[1mScanning dependencies of target car_db_manager_msgs_generate_messages[0m
[53.368s] [100%] Built target car_db_manager_msgs_generate_messages
