[100%] Built target car_db_manager_action_node
[35m[1mScanning dependencies of target tests[0m
Built target tests
[100%] Built target car_db_manager_action_node
[36mInstall the project...[0m
-- Install configuration: ""
-- Installing: /home/handsome/ros_ws_test/install/car_db_manager_action/lib/pkgconfig/car_db_manager_action.pc
-- Installing: /home/handsome/ros_ws_test/install/car_db_manager_action/share/car_db_manager_action/cmake/car_db_manager_actionConfig.cmake
-- Installing: /home/handsome/ros_ws_test/install/car_db_manager_action/share/car_db_manager_action/cmake/car_db_manager_actionConfig-version.cmake
-- Installing: /home/handsome/ros_ws_test/install/car_db_manager_action/share/car_db_manager_action/package.xml
-- Installing: /home/handsome/ros_ws_test/install/car_db_manager_action/lib/car_db_manager_action/car_db_manager_action_node
-- Set runtime path of "/home/handsome/ros_ws_test/install/car_db_manager_action/lib/car_db_manager_action/car_db_manager_action_node" to ""
-- Installing: /home/handsome/ros_ws_test/install/car_db_manager_action/share/car_db_manager_action/launch
-- Installing: /home/handsome/ros_ws_test/install/car_db_manager_action/share/car_db_manager_action/launch/car_db_manager_action.launch
-- Installing: /home/handsome/ros_ws_test/install/car_db_manager_action/share/car_db_manager_action/config
-- Installing: /home/handsome/ros_ws_test/install/car_db_manager_action/share/car_db_manager_action/config/robot_control_manage_params.yaml
-- Installing: /home/handsome/ros_ws_test/install/car_db_manager_action/include/car_db_manager_action
-- Installing: /home/handsome/ros_ws_test/install/car_db_manager_action/include/car_db_manager_action/car_db_control_module.h
-- Installing: /home/handsome/ros_ws_test/install/car_db_manager_action/include/car_db_manager_action/car_db_manager_action.h
-- Installing: /home/handsome/ros_ws_test/install/car_db_manager_action/include/car_db_manager_action/car_db_manager_action_if.h
