[0.081s] Invoking command in '/home/handsome/ros_ws_test/build/cellctrl_control_msgs': /usr/bin/cmake /home/handsome/ros_ws_test/src/ros_base/cell_controller/cellctrl_control_msgs -DCATKIN_INSTALL_INTO_PREFIX_ROOT=0 -DCMAKE_INSTALL_PREFIX=/home/handsome/ros_ws_test/install/cellctrl_control_msgs
[0.521s] -- The C compiler identification is GNU 7.5.0
[0.903s] -- The CXX compiler identification is GNU 7.5.0
[0.917s] -- Check for working C compiler: /usr/bin/cc
[1.100s] -- Check for working C compiler: /usr/bin/cc -- works
[1.102s] -- Detecting C compiler ABI info
[1.280s] -- Detecting C compiler ABI info - done
[1.304s] -- Detecting C compile features
[1.849s] -- Detecting C compile features - done
[1.854s] -- Check for working CXX compiler: /usr/bin/c++
[2.056s] -- Check for working CXX compiler: /usr/bin/c++ -- works
[2.056s] -- Detecting CXX compiler ABI info
[2.262s] -- Detecting CXX compiler ABI info - done
[2.280s] -- Detecting CXX compile features
[3.131s] -- Detecting CXX compile features - done
[3.150s] -- Using CATKIN_DEVEL_PREFIX: /home/handsome/ros_ws_test/build/cellctrl_control_msgs/devel
[3.150s] -- Using CMAKE_PREFIX_PATH: /home/handsome/ros_ws/install/yocs_cmd_vel_mux;/home/handsome/ros_ws/install/urdf_tutorial;/home/handsome/ros_ws/install/tuw_waypoint_to_spline_msgs;/home/handsome/ros_ws/install/tuw_multi_robot_router;/home/handsome/ros_ws/install/tuw_voronoi_graph;/home/handsome/ros_ws/install/tuw_vehicle_msgs;/home/handsome/ros_ws/install/tuw_order_planner;/home/handsome/ros_ws/install/tuw_object_rviz;/home/handsome/ros_ws/install/tuw_object_msgs;/home/handsome/ros_ws/install/tuw_nav_rviz;/home/handsome/ros_ws/install/tuw_multi_robot_local_behavior_controller;/home/handsome/ros_ws/install/tuw_multi_robot_ctrl;/home/handsome/ros_ws/install/tuw_nav_msgs;/home/handsome/ros_ws/install/tuw_multi_robot_rviz;/home/handsome/ros_ws/install/tuw_multi_robot_goal_generator;/home/handsome/ros_ws/install/robot_scheduling_utility;/home/handsome/ros_ws/install/robot_scheduling_actions;/home/handsome/ros_ws/install/actionlib_modules_bridge;/home/handsome/ros_ws/install/tuw_multi_robot_msgs;/home/handsome/ros_ws/install/tuw_multi_robot_demo;/home/handsome/ros_ws/install/tuw_local_controller_msgs;/home/handsome/ros_ws/install/tuw_geometry_rviz;/home/handsome/ros_ws/install/tuw_geometry_msgs;/home/handsome/ros_ws/install/tuw_geometry;/home/handsome/ros_ws/install/tuw_gazebo_msgs;/home/handsome/ros_ws/install/tuw_control;/home/handsome/ros_ws/install/tuw_airskin_msgs;/home/handsome/ros_ws/install/turtlebot_teleop;/home/handsome/ros_ws/install/tug_example_pnp_server;/home/handsome/ros_ws/install/tug_example_actions;/home/handsome/ros_ws/install/tug_example_msgs;/home/handsome/ros_ws/install/timed_roslaunch;/home/handsome/ros_ws/install/teb2_local_planner;/home/handsome/ros_ws/install/stated_roslaunch;/home/handsome/ros_ws/install/spatio_temporal_voxel_layer;/home/handsome/ros_ws/install/robot_udp_bridge;/home/handsome/ros_ws/install/robot_database_bridge;/home/handsome/ros_ws/install/samsungcmd_msgs;/home/handsome/ros_ws/install/rplidar_ros;/home/handsome/ros_ws/install/rp_action;/home/handsome/ros_ws/install/rp_action_msgs;/home/handsome/ros_ws/install/rosserial_xbee;/home/handsome/ros_ws/install/rosserial_windows;/home/handsome/ros_ws/install/rosserial_tivac;/home/handsome/ros_ws/install/rosserial_test;/home/handsome/ros_ws/install/rosserial_server;/home/handsome/ros_ws/install/rosserial_python;/home/handsome/ros_ws/install/rosserial_mbed;/home/handsome/ros_ws/install/rosserial_embeddedlinux;/home/handsome/ros_ws/install/rosserial_arduino;/home/handsome/ros_ws/install/rosserial_client;/home/handsome/ros_ws/install/rosserial_msgs;/home/handsome/ros_ws/install/cellctrl_qtgui_bridge;/home/handsome/ros_ws/install/car_db_manager_qtgui;/home/handsome/ros_ws/install/car_db_manager_bridge;/home/handsome/ros_ws/install/car_db_manager_action;/home/handsome/ros_ws/install/ros_utility_tools;/home/handsome/ros_ws/install/ros_package_test;/home/handsome/ros_ws/install/ros_package_manager;/home/handsome/ros_ws/install/robot_scheduling_server;/home/handsome/ros_ws/install/robot_scheduling_msgs;/home/handsome/ros_ws/install/robot_localization;/home/handsome/ros_ws/install/robot_control_msgs;/home/handsome/ros_ws/install/reset_location;/home/handsome/ros_ws/install/razor_imu_9dof;/home/handsome/ros_ws/install/pnp_rosplan;/home/handsome/ros_ws/install/actionlib_pnp_controller;/home/handsome/ros_ws/install/actionlib_modules_controller;/home/handsome/ros_ws/install/pnp_ros;/home/handsome/ros_ws/install/pnp_msgs;/home/handsome/ros_ws/install/open_auto_dock;/home/handsome/ros_ws/install/open_auto_dock_msgs;/home/handsome/ros_ws/install/omron_os32c_driver;/home/handsome/ros_ws/install/dlux_plugins;/home/handsome/ros_ws/install/dlux_global_planner;/home/handsome/ros_ws/install/nav_grid_pub_sub;/home/handsome/ros_ws/install/dwb_critics;/home/handsome/ros_ws/install/nav_grid_iterators;/home/handsome/ros_ws/install/locomove_base;/home/handsome/ros_ws/install/locomotor;/home/handsome/ros_ws/install/nav_core_adapter;/home/handsome/ros_ws/install/dwb_plugins;/home/handsome/ros_ws/install/dwb_local_planner;/home/handsome/ros_ws/install/nav_2d_utils;/home/handsome/ros_ws/install/global_planner_tests;/home/handsome/ros_ws/install/costmap_queue;/home/handsome/ros_ws/install/nav_core2;/home/handsome/ros_ws/install/nav_grid;/home/handsome/ros_ws/install/car_schedule_msgs;/home/handsome/ros_ws/install/actionlib_modules_msgs;/home/handsome/ros_ws/install/locomotor_msgs;/home/handsome/ros_ws/install/dwb_msgs;/home/handsome/ros_ws/install/nav_2d_msgs;/home/handsome/ros_ws/install/mongodb_log;/home/handsome/ros_ws/install/mongodb_store;/home/handsome/ros_ws/install/mongodb_store_msgs;/home/handsome/ros_ws/install/ca_driver;/home/handsome/ros_ws/install/libcreate;/home/handsome/ros_ws/install/i_robot_stage;/home/handsome/ros_ws/install/i_robot_navigation;/home/handsome/ros_ws/install/hyc_order_planner;/home/handsome/ros_ws/install/hyc_multi_robot_msgs;/home/handsome/ros_ws/install/fetch_open_auto_dock;/home/handsome/ros_ws/install/fetch_auto_dock_msgs;/home/handsome/ros_ws/install/change_teb2_max_vel_x_onfly;/home/handsome/ros_ws/install/cellctrl_control_msgs;/home/handsome/ros_ws/install/car_db_manager_msgs;/home/handsome/ros_ws/install/ca_msgs;/home/handsome/ros_ws/install/ca_description;/home/handsome/ros_ws/install/botcmd_msgs;/opt/ros/melodic
[3.159s] -- This workspace overlays: /home/handsome/ros_ws/install/yocs_cmd_vel_mux;/home/handsome/ros_ws/install/urdf_tutorial;/home/handsome/ros_ws/install/tuw_waypoint_to_spline_msgs;/home/handsome/ros_ws/install/tuw_multi_robot_router;/home/handsome/ros_ws/install/tuw_voronoi_graph;/home/handsome/ros_ws/install/tuw_vehicle_msgs;/home/handsome/ros_ws/install/tuw_order_planner;/home/handsome/ros_ws/install/tuw_object_rviz;/home/handsome/ros_ws/install/tuw_object_msgs;/home/handsome/ros_ws/install/tuw_nav_rviz;/home/handsome/ros_ws/install/tuw_multi_robot_local_behavior_controller;/home/handsome/ros_ws/install/tuw_multi_robot_ctrl;/home/handsome/ros_ws/install/tuw_nav_msgs;/home/handsome/ros_ws/install/tuw_multi_robot_rviz;/home/handsome/ros_ws/install/tuw_multi_robot_goal_generator;/home/handsome/ros_ws/install/robot_scheduling_utility;/home/handsome/ros_ws/install/robot_scheduling_actions;/home/handsome/ros_ws/install/actionlib_modules_bridge;/home/handsome/ros_ws/install/tuw_multi_robot_msgs;/home/handsome/ros_ws/install/tuw_multi_robot_demo;/home/handsome/ros_ws/install/tuw_local_controller_msgs;/home/handsome/ros_ws/install/tuw_geometry_rviz;/home/handsome/ros_ws/install/tuw_geometry_msgs;/home/handsome/ros_ws/install/tuw_geometry;/home/handsome/ros_ws/install/tuw_gazebo_msgs;/home/handsome/ros_ws/install/tuw_control;/home/handsome/ros_ws/install/tuw_airskin_msgs;/home/handsome/ros_ws/install/turtlebot_teleop;/home/handsome/ros_ws/install/tug_example_pnp_server;/home/handsome/ros_ws/install/tug_example_actions;/home/handsome/ros_ws/install/tug_example_msgs;/home/handsome/ros_ws/install/timed_roslaunch;/home/handsome/ros_ws/install/teb2_local_planner;/home/handsome/ros_ws/install/stated_roslaunch;/home/handsome/ros_ws/install/spatio_temporal_voxel_layer;/home/handsome/ros_ws/install/robot_udp_bridge;/home/handsome/ros_ws/install/robot_database_bridge;/home/handsome/ros_ws/install/samsungcmd_msgs;/home/handsome/ros_ws/install/rplidar_ros;/home/handsome/ros_ws/install/rp_action;/home/handsome/ros_ws/install/rp_action_msgs;/home/handsome/ros_ws/install/rosserial_xbee;/home/handsome/ros_ws/install/rosserial_windows;/home/handsome/ros_ws/install/rosserial_tivac;/home/handsome/ros_ws/install/rosserial_test;/home/handsome/ros_ws/install/rosserial_server;/home/handsome/ros_ws/install/rosserial_python;/home/handsome/ros_ws/install/rosserial_mbed;/home/handsome/ros_ws/install/rosserial_embeddedlinux;/home/handsome/ros_ws/install/rosserial_arduino;/home/handsome/ros_ws/install/rosserial_client;/home/handsome/ros_ws/install/rosserial_msgs;/home/handsome/ros_ws/install/cellctrl_qtgui_bridge;/home/handsome/ros_ws/install/car_db_manager_qtgui;/home/handsome/ros_ws/install/car_db_manager_bridge;/home/handsome/ros_ws/install/car_db_manager_action;/home/handsome/ros_ws/install/ros_utility_tools;/home/handsome/ros_ws/install/ros_package_test;/home/handsome/ros_ws/install/ros_package_manager;/home/handsome/ros_ws/install/robot_scheduling_server;/home/handsome/ros_ws/install/robot_scheduling_msgs;/home/handsome/ros_ws/install/robot_localization;/home/handsome/ros_ws/install/robot_control_msgs;/home/handsome/ros_ws/install/reset_location;/home/handsome/ros_ws/install/razor_imu_9dof;/home/handsome/ros_ws/install/pnp_rosplan;/home/handsome/ros_ws/install/actionlib_pnp_controller;/home/handsome/ros_ws/install/actionlib_modules_controller;/home/handsome/ros_ws/install/pnp_ros;/home/handsome/ros_ws/install/pnp_msgs;/home/handsome/ros_ws/install/open_auto_dock;/home/handsome/ros_ws/install/open_auto_dock_msgs;/home/handsome/ros_ws/install/omron_os32c_driver;/home/handsome/ros_ws/install/dlux_plugins;/home/handsome/ros_ws/install/dlux_global_planner;/home/handsome/ros_ws/install/nav_grid_pub_sub;/home/handsome/ros_ws/install/dwb_critics;/home/handsome/ros_ws/install/nav_grid_iterators;/home/handsome/ros_ws/install/locomove_base;/home/handsome/ros_ws/install/locomotor;/home/handsome/ros_ws/install/nav_core_adapter;/home/handsome/ros_ws/install/dwb_plugins;/home/handsome/ros_ws/install/dwb_local_planner;/home/handsome/ros_ws/install/nav_2d_utils;/home/handsome/ros_ws/install/global_planner_tests;/home/handsome/ros_ws/install/costmap_queue;/home/handsome/ros_ws/install/nav_core2;/home/handsome/ros_ws/install/nav_grid;/home/handsome/ros_ws/install/car_schedule_msgs;/home/handsome/ros_ws/install/actionlib_modules_msgs;/home/handsome/ros_ws/install/locomotor_msgs;/home/handsome/ros_ws/install/dwb_msgs;/home/handsome/ros_ws/install/nav_2d_msgs;/home/handsome/ros_ws/install/mongodb_log;/home/handsome/ros_ws/install/mongodb_store;/home/handsome/ros_ws/install/mongodb_store_msgs;/home/handsome/ros_ws/install/ca_driver;/home/handsome/ros_ws/install/i_robot_stage;/home/handsome/ros_ws/install/i_robot_navigation;/home/handsome/ros_ws/install/hyc_order_planner;/home/handsome/ros_ws/install/hyc_multi_robot_msgs;/home/handsome/ros_ws/install/fetch_open_auto_dock;/home/handsome/ros_ws/install/fetch_auto_dock_msgs;/home/handsome/ros_ws/install/change_teb2_max_vel_x_onfly;/home/handsome/ros_ws/install/cellctrl_control_msgs;/home/handsome/ros_ws/install/car_db_manager_msgs;/home/handsome/ros_ws/install/ca_msgs;/home/handsome/ros_ws/install/ca_description;/home/handsome/ros_ws/install/botcmd_msgs;/opt/ros/melodic
[3.223s] -- Found PythonInterp: /usr/bin/python2 (found suitable version "2.7.17", minimum required is "2") 
[3.223s] -- Using PYTHON_EXECUTABLE: /usr/bin/python2
[3.223s] -- Using Debian Python package layout
[3.223s] -- Using empy: /usr/bin/empy
[3.548s] -- Using CATKIN_ENABLE_TESTING: ON
[3.549s] -- Call enable_testing()
[3.558s] -- Using CATKIN_TEST_RESULTS_DIR: /home/handsome/ros_ws_test/build/cellctrl_control_msgs/test_results
[3.634s] -- Found gtest sources under '/usr/src/googletest': gtests will be built
[3.635s] -- Found gmock sources under '/usr/src/googletest': gmock will be built
[3.685s] -- Found PythonInterp: /usr/bin/python2 (found version "2.7.17") 
[3.685s] -- Looking for pthread.h
[3.857s] -- Looking for pthread.h - found
[3.859s] -- Looking for pthread_create
[4.055s] -- Looking for pthread_create - not found
[4.056s] -- Looking for pthread_create in pthreads
[4.179s] -- Looking for pthread_create in pthreads - not found
[4.179s] -- Looking for pthread_create in pthread
[4.364s] -- Looking for pthread_create in pthread - found
[4.364s] -- Found Threads: TRUE  
[4.379s] -- Using Python nosetests: /usr/bin/nosetests-2.7
[4.505s] -- catkin 0.7.28
[4.505s] -- BUILD_SHARED_LIBS is on
[5.544s] -- Using these message generators: gencpp;geneus;genlisp;gennodejs;genpy
[6.548s] -- cellctrl_control_msgs: 25 messages, 25 services
[7.327s] -- Configuring done
[8.073s] -- Generating done
[8.294s] -- Build files have been written to: /home/handsome/ros_ws_test/build/cellctrl_control_msgs
[8.374s] Invoked command in '/home/handsome/ros_ws_test/build/cellctrl_control_msgs' returned '0': /usr/bin/cmake /home/handsome/ros_ws_test/src/ros_base/cell_controller/cellctrl_control_msgs -DCATKIN_INSTALL_INTO_PREFIX_ROOT=0 -DCMAKE_INSTALL_PREFIX=/home/handsome/ros_ws_test/install/cellctrl_control_msgs
[8.376s] Invoking command in '/home/handsome/ros_ws_test/build/cellctrl_control_msgs': /usr/bin/cmake --build /home/handsome/ros_ws_test/build/cellctrl_control_msgs -- -j12 -l12
[9.264s] [35m[1mScanning dependencies of target _cellctrl_control_msgs_generate_messages_check_deps_base_cell_controller[0m
[9.278s] [35m[1mScanning dependencies of target _cellctrl_control_msgs_generate_messages_check_deps_cell_agv_imu[0m
[9.325s] [35m[1mScanning dependencies of target std_msgs_generate_messages_py[0m
[9.361s] [35m[1mScanning dependencies of target actionlib_msgs_generate_messages_py[0m
[9.370s] [35m[1mScanning dependencies of target _cellctrl_control_msgs_generate_messages_check_deps_cell_base_mcfunction_cmd[0m
[9.408s] [35m[1mScanning dependencies of target _cellctrl_control_msgs_generate_messages_check_deps_cell_base_maintain[0m
[9.416s] [35m[1mScanning dependencies of target _cellctrl_control_msgs_generate_messages_check_deps_cell_maintainhistory[0m
[9.463s] [35m[1mScanning dependencies of target _cellctrl_control_msgs_generate_messages_check_deps_cell_alarmhistory_cmd[0m
[9.465s] [35m[1mScanning dependencies of target _cellctrl_control_msgs_generate_messages_check_deps_cell_base_device[0m
[9.478s] [35m[1mScanning dependencies of target _cellctrl_control_msgs_generate_messages_check_deps_cell_operatehistory_cmd[0m
[9.479s] [35m[1mScanning dependencies of target _cellctrl_control_msgs_generate_messages_check_deps_cell_battery_caculate_cmd[0m
[9.535s] [35m[1mScanning dependencies of target geometry_msgs_generate_messages_py[0m
[9.613s] [  0%] Built target actionlib_msgs_generate_messages_py
[9.622s] [  0%] Built target std_msgs_generate_messages_py
[9.923s] [  0%] Built target geometry_msgs_generate_messages_py
[9.970s] [35m[1mScanning dependencies of target _cellctrl_control_msgs_generate_messages_check_deps_cell_work_stationitems[0m
[10.041s] [35m[1mScanning dependencies of target _cellctrl_control_msgs_generate_messages_check_deps_cell_agv_main_cmd[0m
[10.145s] [  0%] Built target _cellctrl_control_msgs_generate_messages_check_deps_cell_maintainhistory
[10.174s] [  0%] Built target _cellctrl_control_msgs_generate_messages_check_deps_cell_agv_imu
[10.197s] [35m[1mScanning dependencies of target _cellctrl_control_msgs_generate_messages_check_deps_cell_base_operate[0m
[10.312s] [  0%] Built target _cellctrl_control_msgs_generate_messages_check_deps_cell_alarmhistory_cmd
[10.351s] [  0%] Built target _cellctrl_control_msgs_generate_messages_check_deps_cell_battery_caculate_cmd
[10.361s] [  0%] Built target _cellctrl_control_msgs_generate_messages_check_deps_cell_base_maintain
[10.362s] [35m[1mScanning dependencies of target _cellctrl_control_msgs_generate_messages_check_deps_cell_work_orderitems_cmd[0m
[10.375s] [  0%] Built target _cellctrl_control_msgs_generate_messages_check_deps_base_cell_controller
[10.389s] [35m[1mScanning dependencies of target _cellctrl_control_msgs_generate_messages_check_deps_cell_agv_basetype_cmd[0m
[10.417s] [  0%] Built target _cellctrl_control_msgs_generate_messages_check_deps_cell_base_mcfunction_cmd
[10.600s] [35m[1mScanning dependencies of target _cellctrl_control_msgs_generate_messages_check_deps_cell_work_ordergoods_cmd[0m
[10.615s] [  0%] Built target _cellctrl_control_msgs_generate_messages_check_deps_cell_operatehistory_cmd
[10.630s] [  0%] Built target _cellctrl_control_msgs_generate_messages_check_deps_cell_base_device
[10.748s] [35m[1mScanning dependencies of target _cellctrl_control_msgs_generate_messages_check_deps_cell_agv_lidar[0m
[10.753s] [35m[1mScanning dependencies of target _cellctrl_control_msgs_generate_messages_check_deps_cell_agv_battery_cmd[0m
[10.764s] [35m[1mScanning dependencies of target _cellctrl_control_msgs_generate_messages_check_deps_cell_agv_camera_cmd[0m
[10.814s] [  0%] Built target _cellctrl_control_msgs_generate_messages_check_deps_cell_work_stationitems
[10.814s] [35m[1mScanning dependencies of target _cellctrl_control_msgs_generate_messages_check_deps_cell_work_ordergoods[0m
[10.897s] [35m[1mScanning dependencies of target _cellctrl_control_msgs_generate_messages_check_deps_cell_agv_motor[0m
[10.946s] [35m[1mScanning dependencies of target _cellctrl_control_msgs_generate_messages_check_deps_cell_alarmhistory[0m
[11.010s] [  0%] Built target _cellctrl_control_msgs_generate_messages_check_deps_cell_agv_main_cmd
[11.191s] [35m[1mScanning dependencies of target _cellctrl_control_msgs_generate_messages_check_deps_cell_agv_basetypeitems_cmd[0m
[11.338s] [35m[1mScanning dependencies of target _cellctrl_control_msgs_generate_messages_check_deps_cell_battery_remain_cmd[0m
[11.401s] [  0%] Built target _cellctrl_control_msgs_generate_messages_check_deps_cell_base_operate
[11.434s] [  0%] Built target _cellctrl_control_msgs_generate_messages_check_deps_cell_agv_basetype_cmd
[11.524s] [  0%] Built target _cellctrl_control_msgs_generate_messages_check_deps_cell_agv_camera_cmd
[11.555s] [  0%] Built target _cellctrl_control_msgs_generate_messages_check_deps_cell_work_orderitems_cmd
[11.626s] [  0%] Built target _cellctrl_control_msgs_generate_messages_check_deps_cell_work_ordergoods_cmd
[11.793s] [  0%] Built target _cellctrl_control_msgs_generate_messages_check_deps_cell_agv_battery_cmd
[11.796s] [35m[1mScanning dependencies of target _cellctrl_control_msgs_generate_messages_check_deps_cell_base_mcfunction[0m
[11.819s] [35m[1mScanning dependencies of target _cellctrl_control_msgs_generate_messages_check_deps_cell_base_device_cmd[0m
[11.844s] [35m[1mScanning dependencies of target _cellctrl_control_msgs_generate_messages_check_deps_cell_battery_caculate[0m
[11.850s] [  0%] Built target _cellctrl_control_msgs_generate_messages_check_deps_cell_agv_lidar
[11.898s] [35m[1mScanning dependencies of target _cellctrl_control_msgs_generate_messages_check_deps_cell_work_stations[0m
[11.911s] [35m[1mScanning dependencies of target _cellctrl_control_msgs_generate_messages_check_deps_cell_agv_camera[0m
[12.018s] [  0%] Built target _cellctrl_control_msgs_generate_messages_check_deps_cell_work_ordergoods
[12.063s] [  0%] Built target _cellctrl_control_msgs_generate_messages_check_deps_cell_alarmhistory
[12.140s] [  0%] Built target _cellctrl_control_msgs_generate_messages_check_deps_cell_agv_motor
[12.213s] [35m[1mScanning dependencies of target _cellctrl_control_msgs_generate_messages_check_deps_cell_agv_basetypeitems[0m
[12.222s] [35m[1mScanning dependencies of target _cellctrl_control_msgs_generate_messages_check_deps_cell_work_stations_cmd[0m
[12.309s] [  0%] Built target _cellctrl_control_msgs_generate_messages_check_deps_cell_battery_remain_cmd
[12.309s] [35m[1mScanning dependencies of target std_srvs_generate_messages_py[0m
[12.355s] [  0%] Built target _cellctrl_control_msgs_generate_messages_check_deps_cell_agv_basetypeitems_cmd
[12.391s] [35m[1mScanning dependencies of target _cellctrl_control_msgs_generate_messages_check_deps_cell_operatehistory[0m
[12.408s] [35m[1mScanning dependencies of target _cellctrl_control_msgs_generate_messages_check_deps_cell_base_alarm[0m
[12.620s] [35m[1mScanning dependencies of target _cellctrl_control_msgs_generate_messages_check_deps_cell_work_order_cmd[0m
[12.625s] [35m[1mScanning dependencies of target _cellctrl_control_msgs_generate_messages_check_deps_base_cell_controller_cmd[0m
[12.642s] [  0%] Built target std_srvs_generate_messages_py
[12.836s] [  0%] Built target _cellctrl_control_msgs_generate_messages_check_deps_cell_agv_camera
[12.874s] [  0%] Built target _cellctrl_control_msgs_generate_messages_check_deps_cell_work_stations
[12.974s] [35m[1mScanning dependencies of target _cellctrl_control_msgs_generate_messages_check_deps_cell_battery_remain[0m
[12.975s] [  0%] Built target _cellctrl_control_msgs_generate_messages_check_deps_cell_base_device_cmd
[13.030s] [  0%] Built target _cellctrl_control_msgs_generate_messages_check_deps_cell_base_mcfunction
[13.105s] [  0%] Built target _cellctrl_control_msgs_generate_messages_check_deps_cell_battery_caculate
[13.356s] [  0%] Built target _cellctrl_control_msgs_generate_messages_check_deps_cell_agv_basetypeitems
[13.368s] [  0%] Built target _cellctrl_control_msgs_generate_messages_check_deps_cell_operatehistory
[13.389s] [  0%] Built target _cellctrl_control_msgs_generate_messages_check_deps_cell_work_stations_cmd
[13.391s] [  0%] Built target _cellctrl_control_msgs_generate_messages_check_deps_cell_base_alarm
[13.482s] [  0%] Built target _cellctrl_control_msgs_generate_messages_check_deps_cell_work_order_cmd
[13.574s] [  0%] Built target _cellctrl_control_msgs_generate_messages_check_deps_base_cell_controller_cmd
[13.618s] [  0%] Built target _cellctrl_control_msgs_generate_messages_check_deps_cell_battery_remain
[13.800s] [35m[1mScanning dependencies of target _cellctrl_control_msgs_generate_messages_check_deps_cell_base_operate_cmd[0m
[14.241s] [  0%] Built target _cellctrl_control_msgs_generate_messages_check_deps_cell_base_operate_cmd
[14.371s] [35m[1mScanning dependencies of target _cellctrl_control_msgs_generate_messages_check_deps_cell_base_maintain_cmd[0m
[14.693s] [  0%] Built target _cellctrl_control_msgs_generate_messages_check_deps_cell_base_maintain_cmd
[14.875s] [35m[1mScanning dependencies of target _cellctrl_control_msgs_generate_messages_check_deps_cell_work_stationitems_cmd[0m
[15.348s] [  0%] Built target _cellctrl_control_msgs_generate_messages_check_deps_cell_work_stationitems_cmd
[15.477s] [35m[1mScanning dependencies of target _cellctrl_control_msgs_generate_messages_check_deps_cell_agv_main[0m
[15.925s] [  0%] Built target _cellctrl_control_msgs_generate_messages_check_deps_cell_agv_main
[16.112s] [35m[1mScanning dependencies of target _cellctrl_control_msgs_generate_messages_check_deps_cell_maintainhistory_cmd[0m
[16.556s] [  0%] Built target _cellctrl_control_msgs_generate_messages_check_deps_cell_maintainhistory_cmd
[16.682s] [35m[1mScanning dependencies of target std_srvs_generate_messages_eus[0m
[16.881s] [  0%] Built target std_srvs_generate_messages_eus
[17.065s] [35m[1mScanning dependencies of target geometry_msgs_generate_messages_eus[0m
[17.193s] [  0%] Built target geometry_msgs_generate_messages_eus
[17.355s] [35m[1mScanning dependencies of target std_msgs_generate_messages_eus[0m
[17.466s] [  0%] Built target std_msgs_generate_messages_eus
[17.637s] [35m[1mScanning dependencies of target actionlib_msgs_generate_messages_eus[0m
[17.766s] [  0%] Built target actionlib_msgs_generate_messages_eus
[17.908s] [35m[1mScanning dependencies of target geometry_msgs_generate_messages_cpp[0m
[18.023s] [  0%] Built target geometry_msgs_generate_messages_cpp
[18.120s] [35m[1mScanning dependencies of target std_msgs_generate_messages_cpp[0m
[18.269s] [  0%] Built target std_msgs_generate_messages_cpp
[18.398s] [35m[1mScanning dependencies of target std_srvs_generate_messages_cpp[0m
[18.514s] [  0%] Built target std_srvs_generate_messages_cpp
[18.631s] [35m[1mScanning dependencies of target actionlib_msgs_generate_messages_cpp[0m
[18.785s] [  0%] Built target actionlib_msgs_generate_messages_cpp
[18.906s] [35m[1mScanning dependencies of target std_srvs_generate_messages_nodejs[0m
[19.051s] [  0%] Built target std_srvs_generate_messages_nodejs
[19.157s] [35m[1mScanning dependencies of target std_msgs_generate_messages_nodejs[0m
[19.215s] [  0%] Built target std_msgs_generate_messages_nodejs
[19.322s] [35m[1mScanning dependencies of target actionlib_msgs_generate_messages_nodejs[0m
[19.445s] [  0%] Built target actionlib_msgs_generate_messages_nodejs
[19.601s] [35m[1mScanning dependencies of target geometry_msgs_generate_messages_nodejs[0m
[19.676s] [  0%] Built target geometry_msgs_generate_messages_nodejs
[19.745s] [35m[1mScanning dependencies of target geometry_msgs_generate_messages_lisp[0m
[19.897s] [  0%] Built target geometry_msgs_generate_messages_lisp
[20.002s] [35m[1mScanning dependencies of target actionlib_msgs_generate_messages_lisp[0m
[20.107s] [  0%] Built target actionlib_msgs_generate_messages_lisp
[20.233s] [35m[1mScanning dependencies of target std_msgs_generate_messages_lisp[0m
[20.408s] [  0%] Built target std_msgs_generate_messages_lisp
[20.550s] [35m[1mScanning dependencies of target std_srvs_generate_messages_lisp[0m
[20.650s] [  0%] Built target std_srvs_generate_messages_lisp
[20.735s] [35m[1mScanning dependencies of target _cellctrl_control_msgs_generate_messages_check_deps_cell_agv_motor_cmd[0m
[21.158s] [  0%] Built target _cellctrl_control_msgs_generate_messages_check_deps_cell_agv_motor_cmd
[21.291s] [35m[1mScanning dependencies of target _cellctrl_control_msgs_generate_messages_check_deps_cell_agv_imu_cmd[0m
[21.600s] [  0%] Built target _cellctrl_control_msgs_generate_messages_check_deps_cell_agv_imu_cmd
[21.730s] [35m[1mScanning dependencies of target _cellctrl_control_msgs_generate_messages_check_deps_cell_work_orderitems[0m
[22.012s] [  0%] Built target _cellctrl_control_msgs_generate_messages_check_deps_cell_work_orderitems
[22.179s] [35m[1mScanning dependencies of target _cellctrl_control_msgs_generate_messages_check_deps_cell_agv_battery[0m
[22.489s] [  0%] Built target _cellctrl_control_msgs_generate_messages_check_deps_cell_agv_battery
[22.595s] [35m[1mScanning dependencies of target _cellctrl_control_msgs_generate_messages_check_deps_cell_agv_basetype[0m
[22.951s] [  0%] Built target _cellctrl_control_msgs_generate_messages_check_deps_cell_agv_basetype
[23.013s] [35m[1mScanning dependencies of target _cellctrl_control_msgs_generate_messages_check_deps_cell_work_order[0m
[23.192s] [  0%] Built target _cellctrl_control_msgs_generate_messages_check_deps_cell_work_order
[23.262s] [35m[1mScanning dependencies of target _cellctrl_control_msgs_generate_messages_check_deps_cell_agv_lidar_cmd[0m
[23.405s] [  0%] Built target _cellctrl_control_msgs_generate_messages_check_deps_cell_agv_lidar_cmd
[23.449s] [35m[1mScanning dependencies of target _cellctrl_control_msgs_generate_messages_check_deps_cell_base_alarm_cmd[0m
[23.581s] [  0%] Built target _cellctrl_control_msgs_generate_messages_check_deps_cell_base_alarm_cmd
[23.607s] [35m[1mScanning dependencies of target _cellctrl_control_msgs_generate_messages_check_deps_cell_base_transfer[0m
[23.736s] [  0%] Built target _cellctrl_control_msgs_generate_messages_check_deps_cell_base_transfer
[23.762s] [35m[1mScanning dependencies of target _cellctrl_control_msgs_generate_messages_check_deps_cell_base_transfer_cmd[0m
[23.879s] [  0%] Built target _cellctrl_control_msgs_generate_messages_check_deps_cell_base_transfer_cmd
[23.915s] [35m[1mScanning dependencies of target cellctrl_control_msgs_generate_messages_py[0m
[23.949s] [  0%] [34m[1mGenerating Python from MSG cellctrl_control_msgs/cell_agv_lidar[0m
[24.200s] [  1%] [34m[1mGenerating Python from MSG cellctrl_control_msgs/cell_base_maintain[0m
[24.442s] [  1%] [34m[1mGenerating Python from MSG cellctrl_control_msgs/cell_agv_battery[0m
[24.698s] [  1%] [34m[1mGenerating Python from MSG cellctrl_control_msgs/cell_work_orderitems[0m
[24.959s] [  2%] [34m[1mGenerating Python from MSG cellctrl_control_msgs/base_cell_controller[0m
[25.241s] [  2%] [34m[1mGenerating Python from MSG cellctrl_control_msgs/cell_base_operate[0m
[25.571s] [  3%] [34m[1mGenerating Python from MSG cellctrl_control_msgs/cell_agv_imu[0m
[25.841s] [  3%] [34m[1mGenerating Python from MSG cellctrl_control_msgs/cell_battery_caculate[0m
[26.158s] [  3%] [34m[1mGenerating Python from MSG cellctrl_control_msgs/cell_maintainhistory[0m
[26.445s] [  4%] [34m[1mGenerating Python from MSG cellctrl_control_msgs/cell_base_alarm[0m
[26.693s] [  4%] [34m[1mGenerating Python from MSG cellctrl_control_msgs/cell_base_transfer[0m
[26.936s] [  4%] [34m[1mGenerating Python from MSG cellctrl_control_msgs/cell_base_device[0m
[27.176s] [  5%] [34m[1mGenerating Python from MSG cellctrl_control_msgs/cell_agv_main[0m
[27.431s] [  5%] [34m[1mGenerating Python from MSG cellctrl_control_msgs/cell_battery_remain[0m
[27.671s] [  6%] [34m[1mGenerating Python from MSG cellctrl_control_msgs/cell_work_order[0m
[27.910s] [  6%] [34m[1mGenerating Python from MSG cellctrl_control_msgs/cell_agv_basetypeitems[0m
[28.201s] [  6%] [34m[1mGenerating Python from MSG cellctrl_control_msgs/cell_work_stations[0m
[28.467s] [  7%] [34m[1mGenerating Python from MSG cellctrl_control_msgs/cell_base_mcfunction[0m
[28.768s] [  7%] [34m[1mGenerating Python from MSG cellctrl_control_msgs/cell_agv_camera[0m
[28.941s] [  7%] [34m[1mGenerating Python code from SRV cellctrl_control_msgs/base_cell_controller_cmd[0m
[29.204s] [  8%] [34m[1mGenerating Python code from SRV cellctrl_control_msgs/cell_agv_battery_cmd[0m
[29.455s] [  8%] [34m[1mGenerating Python code from SRV cellctrl_control_msgs/cell_work_orderitems_cmd[0m
[29.709s] [  9%] [34m[1mGenerating Python code from SRV cellctrl_control_msgs/cell_battery_caculate_cmd[0m
[29.960s] [  9%] [34m[1mGenerating Python code from SRV cellctrl_control_msgs/cell_operatehistory_cmd[0m
[30.224s] [  9%] [34m[1mGenerating Python code from SRV cellctrl_control_msgs/cell_alarmhistory_cmd[0m
[30.479s] [ 10%] [34m[1mGenerating Python code from SRV cellctrl_control_msgs/cell_battery_remain_cmd[0m
[30.731s] [ 10%] [34m[1mGenerating Python code from SRV cellctrl_control_msgs/cell_work_ordergoods_cmd[0m
[30.983s] [ 11%] [34m[1mGenerating Python code from SRV cellctrl_control_msgs/cell_base_transfer_cmd[0m
[31.224s] [ 11%] [34m[1mGenerating Python code from SRV cellctrl_control_msgs/cell_base_alarm_cmd[0m
[31.484s] [ 11%] [34m[1mGenerating Python code from SRV cellctrl_control_msgs/cell_base_device_cmd[0m
[31.733s] [ 12%] [34m[1mGenerating Python code from SRV cellctrl_control_msgs/cell_work_stations_cmd[0m
[31.992s] [ 12%] [34m[1mGenerating Python code from SRV cellctrl_control_msgs/cell_maintainhistory_cmd[0m
[32.242s] [ 12%] [34m[1mGenerating Python code from SRV cellctrl_control_msgs/cell_agv_camera_cmd[0m
[32.482s] [ 13%] [34m[1mGenerating Python code from SRV cellctrl_control_msgs/cell_agv_imu_cmd[0m
[32.713s] [ 13%] [34m[1mGenerating Python code from SRV cellctrl_control_msgs/cell_work_order_cmd[0m
[32.950s] [ 14%] [34m[1mGenerating Python code from SRV cellctrl_control_msgs/cell_agv_motor_cmd[0m
[33.178s] [ 14%] [34m[1mGenerating Python code from SRV cellctrl_control_msgs/cell_work_stationitems_cmd[0m
[33.411s] [ 14%] [34m[1mGenerating Python code from SRV cellctrl_control_msgs/cell_base_operate_cmd[0m
[33.642s] [ 15%] [34m[1mGenerating Python code from SRV cellctrl_control_msgs/cell_base_mcfunction_cmd[0m
[33.887s] [ 15%] [34m[1mGenerating Python code from SRV cellctrl_control_msgs/cell_base_maintain_cmd[0m
[34.126s] [ 15%] [34m[1mGenerating Python code from SRV cellctrl_control_msgs/cell_agv_lidar_cmd[0m
[34.364s] [ 16%] [34m[1mGenerating Python code from SRV cellctrl_control_msgs/cell_agv_main_cmd[0m
[34.599s] [ 16%] [34m[1mGenerating Python code from SRV cellctrl_control_msgs/cell_agv_basetype_cmd[0m
[34.827s] [ 17%] [34m[1mGenerating Python code from SRV cellctrl_control_msgs/cell_agv_basetypeitems_cmd[0m
[35.069s] [ 17%] [34m[1mGenerating Python from MSG cellctrl_control_msgs/cell_agv_basetype[0m
[35.309s] [ 17%] [34m[1mGenerating Python from MSG cellctrl_control_msgs/cell_alarmhistory[0m
[35.568s] [ 18%] [34m[1mGenerating Python from MSG cellctrl_control_msgs/cell_operatehistory[0m
[35.817s] [ 18%] [34m[1mGenerating Python from MSG cellctrl_control_msgs/cell_work_stationitems[0m
[36.077s] [ 20%] [34m[1mGenerating Python from MSG cellctrl_control_msgs/cell_agv_motor[0m
[36.325s] [ 20%] [34m[1mGenerating Python from MSG cellctrl_control_msgs/cell_work_ordergoods[0m
[36.550s] [ 20%] [34m[1mGenerating Python msg __init__.py for cellctrl_control_msgs[0m
[36.790s] [ 20%] [34m[1mGenerating Python srv __init__.py for cellctrl_control_msgs[0m
[37.018s] [ 20%] Built target cellctrl_control_msgs_generate_messages_py
[37.039s] [35m[1mScanning dependencies of target cellctrl_control_msgs_generate_messages_lisp[0m
[37.069s] [ 20%] [34m[1mGenerating Lisp code from cellctrl_control_msgs/cell_agv_lidar.msg[0m
[37.253s] [ 20%] [34m[1mGenerating Lisp code from cellctrl_control_msgs/cell_agv_battery.msg[0m
[37.439s] [ 21%] [34m[1mGenerating Lisp code from cellctrl_control_msgs/cell_work_orderitems.msg[0m
[37.584s] [ 21%] [34m[1mGenerating Lisp code from cellctrl_control_msgs/base_cell_controller.msg[0m
[37.685s] [ 21%] [34m[1mGenerating Lisp code from cellctrl_control_msgs/cell_base_operate.msg[0m
[37.815s] [ 22%] [34m[1mGenerating Lisp code from cellctrl_control_msgs/cell_agv_imu.msg[0m
[37.948s] [ 22%] [34m[1mGenerating Lisp code from cellctrl_control_msgs/cell_battery_caculate.msg[0m
[38.162s] [ 22%] [34m[1mGenerating Lisp code from cellctrl_control_msgs/cell_maintainhistory.msg[0m
[38.286s] [ 23%] [34m[1mGenerating Lisp code from cellctrl_control_msgs/cell_base_alarm.msg[0m
[38.410s] [ 23%] [34m[1mGenerating Lisp code from cellctrl_control_msgs/cell_base_transfer.msg[0m
[38.532s] [ 24%] [34m[1mGenerating Lisp code from cellctrl_control_msgs/cell_base_device.msg[0m
[38.678s] [ 24%] [34m[1mGenerating Lisp code from cellctrl_control_msgs/cell_agv_main.msg[0m
[38.817s] [ 24%] [34m[1mGenerating Lisp code from cellctrl_control_msgs/cell_battery_remain.msg[0m
[38.939s] [ 25%] [34m[1mGenerating Lisp code from cellctrl_control_msgs/cell_work_order.msg[0m
[39.038s] [ 25%] [34m[1mGenerating Lisp code from cellctrl_control_msgs/cell_agv_basetypeitems.msg[0m
[39.137s] [ 25%] [34m[1mGenerating Lisp code from cellctrl_control_msgs/cell_work_stations.msg[0m
[39.270s] [ 26%] [34m[1mGenerating Lisp code from cellctrl_control_msgs/cell_base_mcfunction.msg[0m
[39.383s] [ 26%] [34m[1mGenerating Lisp code from cellctrl_control_msgs/cell_agv_camera.msg[0m
[39.478s] [ 27%] [34m[1mGenerating Lisp code from cellctrl_control_msgs/base_cell_controller_cmd.srv[0m
[39.606s] [ 27%] [34m[1mGenerating Lisp code from cellctrl_control_msgs/cell_agv_battery_cmd.srv[0m
[39.732s] [ 27%] [34m[1mGenerating Lisp code from cellctrl_control_msgs/cell_work_orderitems_cmd.srv[0m
[39.837s] [ 28%] [34m[1mGenerating Lisp code from cellctrl_control_msgs/cell_battery_caculate_cmd.srv[0m
[39.960s] [ 28%] [34m[1mGenerating Lisp code from cellctrl_control_msgs/cell_operatehistory_cmd.srv[0m
[40.083s] [ 29%] [34m[1mGenerating Lisp code from cellctrl_control_msgs/cell_alarmhistory_cmd.srv[0m
[40.181s] [ 29%] [34m[1mGenerating Lisp code from cellctrl_control_msgs/cell_battery_remain_cmd.srv[0m
[40.277s] [ 29%] [34m[1mGenerating Lisp code from cellctrl_control_msgs/cell_work_ordergoods_cmd.srv[0m
[40.396s] [ 30%] [34m[1mGenerating Lisp code from cellctrl_control_msgs/cell_base_transfer_cmd.srv[0m
[40.509s] [ 30%] [34m[1mGenerating Lisp code from cellctrl_control_msgs/cell_base_alarm_cmd.srv[0m
[40.611s] [ 30%] [34m[1mGenerating Lisp code from cellctrl_control_msgs/cell_base_device_cmd.srv[0m
[40.736s] [ 31%] [34m[1mGenerating Lisp code from cellctrl_control_msgs/cell_work_stations_cmd.srv[0m
[40.824s] [ 31%] [34m[1mGenerating Lisp code from cellctrl_control_msgs/cell_maintainhistory_cmd.srv[0m
[40.916s] [ 32%] [34m[1mGenerating Lisp code from cellctrl_control_msgs/cell_agv_camera_cmd.srv[0m
[41.001s] [ 32%] [34m[1mGenerating Lisp code from cellctrl_control_msgs/cell_agv_imu_cmd.srv[0m
[41.143s] [ 32%] [34m[1mGenerating Lisp code from cellctrl_control_msgs/cell_work_order_cmd.srv[0m
[41.263s] [ 33%] [34m[1mGenerating Lisp code from cellctrl_control_msgs/cell_agv_motor_cmd.srv[0m
[41.354s] [ 33%] [34m[1mGenerating Lisp code from cellctrl_control_msgs/cell_work_stationitems_cmd.srv[0m
[41.470s] [ 33%] [34m[1mGenerating Lisp code from cellctrl_control_msgs/cell_base_operate_cmd.srv[0m
[41.616s] [ 34%] [34m[1mGenerating Lisp code from cellctrl_control_msgs/cell_base_mcfunction_cmd.srv[0m
[41.708s] [ 34%] [34m[1mGenerating Lisp code from cellctrl_control_msgs/cell_base_maintain_cmd.srv[0m
[41.854s] [ 35%] [34m[1mGenerating Lisp code from cellctrl_control_msgs/cell_agv_lidar_cmd.srv[0m
[41.990s] [ 35%] [34m[1mGenerating Lisp code from cellctrl_control_msgs/cell_agv_main_cmd.srv[0m
[42.083s] [ 35%] [34m[1mGenerating Lisp code from cellctrl_control_msgs/cell_agv_basetype_cmd.srv[0m
[42.268s] [ 36%] [34m[1mGenerating Lisp code from cellctrl_control_msgs/cell_agv_basetypeitems_cmd.srv[0m
[42.400s] [ 37%] [34m[1mGenerating Lisp code from cellctrl_control_msgs/cell_base_maintain.msg[0m
[42.531s] [ 37%] [34m[1mGenerating Lisp code from cellctrl_control_msgs/cell_agv_basetype.msg[0m
[42.619s] [ 37%] [34m[1mGenerating Lisp code from cellctrl_control_msgs/cell_alarmhistory.msg[0m
[42.702s] [ 38%] [34m[1mGenerating Lisp code from cellctrl_control_msgs/cell_operatehistory.msg[0m
[42.800s] [ 38%] [34m[1mGenerating Lisp code from cellctrl_control_msgs/cell_work_stationitems.msg[0m
[42.886s] [ 38%] [34m[1mGenerating Lisp code from cellctrl_control_msgs/cell_agv_motor.msg[0m
[42.967s] [ 40%] [34m[1mGenerating Lisp code from cellctrl_control_msgs/cell_work_ordergoods.msg[0m
[43.052s] [ 40%] Built target cellctrl_control_msgs_generate_messages_lisp
[43.076s] [35m[1mScanning dependencies of target cellctrl_control_msgs_generate_messages_nodejs[0m
[43.104s] [ 40%] [34m[1mGenerating Javascript code from cellctrl_control_msgs/cell_agv_lidar.msg[0m
[43.209s] [ 40%] [34m[1mGenerating Javascript code from cellctrl_control_msgs/cell_work_orderitems.msg[0m
[43.334s] [ 41%] [34m[1mGenerating Javascript code from cellctrl_control_msgs/base_cell_controller.msg[0m
[43.419s] [ 41%] [34m[1mGenerating Javascript code from cellctrl_control_msgs/cell_base_operate.msg[0m
[43.505s] [ 42%] [34m[1mGenerating Javascript code from cellctrl_control_msgs/cell_agv_imu.msg[0m
[43.596s] [ 42%] [34m[1mGenerating Javascript code from cellctrl_control_msgs/cell_battery_caculate.msg[0m
[43.681s] [ 42%] [34m[1mGenerating Javascript code from cellctrl_control_msgs/cell_maintainhistory.msg[0m
[43.770s] [ 43%] [34m[1mGenerating Javascript code from cellctrl_control_msgs/cell_base_alarm.msg[0m
[43.856s] [ 43%] [34m[1mGenerating Javascript code from cellctrl_control_msgs/cell_base_transfer.msg[0m
[43.938s] [ 44%] [34m[1mGenerating Javascript code from cellctrl_control_msgs/cell_base_device.msg[0m
[44.016s] [ 44%] [34m[1mGenerating Javascript code from cellctrl_control_msgs/cell_agv_main.msg[0m
[44.129s] [ 44%] [34m[1mGenerating Javascript code from cellctrl_control_msgs/cell_battery_remain.msg[0m
[44.212s] [ 45%] [34m[1mGenerating Javascript code from cellctrl_control_msgs/cell_work_order.msg[0m
[44.308s] [ 45%] [34m[1mGenerating Javascript code from cellctrl_control_msgs/cell_agv_basetypeitems.msg[0m
[44.420s] [ 45%] [34m[1mGenerating Javascript code from cellctrl_control_msgs/cell_work_stations.msg[0m
[44.509s] [ 46%] [34m[1mGenerating Javascript code from cellctrl_control_msgs/cell_base_mcfunction.msg[0m
[44.593s] [ 46%] [34m[1mGenerating Javascript code from cellctrl_control_msgs/cell_agv_camera.msg[0m
[44.718s] [ 47%] [34m[1mGenerating Javascript code from cellctrl_control_msgs/base_cell_controller_cmd.srv[0m
[44.800s] [ 47%] [34m[1mGenerating Javascript code from cellctrl_control_msgs/cell_agv_battery_cmd.srv[0m
[44.924s] [ 47%] [34m[1mGenerating Javascript code from cellctrl_control_msgs/cell_work_orderitems_cmd.srv[0m
[45.007s] [ 48%] [34m[1mGenerating Javascript code from cellctrl_control_msgs/cell_battery_caculate_cmd.srv[0m
[45.093s] [ 48%] [34m[1mGenerating Javascript code from cellctrl_control_msgs/cell_operatehistory_cmd.srv[0m
[45.176s] [ 48%] [34m[1mGenerating Javascript code from cellctrl_control_msgs/cell_alarmhistory_cmd.srv[0m
[45.295s] [ 49%] [34m[1mGenerating Javascript code from cellctrl_control_msgs/cell_battery_remain_cmd.srv[0m
[45.375s] [ 49%] [34m[1mGenerating Javascript code from cellctrl_control_msgs/cell_work_ordergoods_cmd.srv[0m
[45.464s] [ 50%] [34m[1mGenerating Javascript code from cellctrl_control_msgs/cell_base_transfer_cmd.srv[0m
[45.587s] [ 50%] [34m[1mGenerating Javascript code from cellctrl_control_msgs/cell_base_alarm_cmd.srv[0m
[45.706s] [ 50%] [34m[1mGenerating Javascript code from cellctrl_control_msgs/cell_base_device_cmd.srv[0m
[45.792s] [ 51%] [34m[1mGenerating Javascript code from cellctrl_control_msgs/cell_work_stations_cmd.srv[0m
[45.879s] [ 51%] [34m[1mGenerating Javascript code from cellctrl_control_msgs/cell_maintainhistory_cmd.srv[0m
[45.973s] [ 51%] [34m[1mGenerating Javascript code from cellctrl_control_msgs/cell_agv_camera_cmd.srv[0m
[46.093s] [ 52%] [34m[1mGenerating Javascript code from cellctrl_control_msgs/cell_agv_imu_cmd.srv[0m
[46.185s] [ 52%] [34m[1mGenerating Javascript code from cellctrl_control_msgs/cell_work_order_cmd.srv[0m
[46.282s] [ 53%] [34m[1mGenerating Javascript code from cellctrl_control_msgs/cell_agv_motor_cmd.srv[0m
[46.393s] [ 53%] [34m[1mGenerating Javascript code from cellctrl_control_msgs/cell_work_stationitems_cmd.srv[0m
[46.492s] [ 53%] [34m[1mGenerating Javascript code from cellctrl_control_msgs/cell_base_operate_cmd.srv[0m
[46.570s] [ 54%] [34m[1mGenerating Javascript code from cellctrl_control_msgs/cell_base_mcfunction_cmd.srv[0m
[46.661s] [ 54%] [34m[1mGenerating Javascript code from cellctrl_control_msgs/cell_base_maintain_cmd.srv[0m
[46.775s] [ 55%] [34m[1mGenerating Javascript code from cellctrl_control_msgs/cell_agv_lidar_cmd.srv[0m
[46.859s] [ 55%] [34m[1mGenerating Javascript code from cellctrl_control_msgs/cell_agv_main_cmd.srv[0m
[46.942s] [ 55%] [34m[1mGenerating Javascript code from cellctrl_control_msgs/cell_agv_basetype_cmd.srv[0m
[47.023s] [ 56%] [34m[1mGenerating Javascript code from cellctrl_control_msgs/cell_agv_basetypeitems_cmd.srv[0m
[47.101s] [ 56%] [34m[1mGenerating Javascript code from cellctrl_control_msgs/cell_agv_battery.msg[0m
[47.181s] [ 57%] [34m[1mGenerating Javascript code from cellctrl_control_msgs/cell_base_maintain.msg[0m
[47.273s] [ 57%] [34m[1mGenerating Javascript code from cellctrl_control_msgs/cell_agv_basetype.msg[0m
[47.359s] [ 57%] [34m[1mGenerating Javascript code from cellctrl_control_msgs/cell_alarmhistory.msg[0m
[47.444s] [ 58%] [34m[1mGenerating Javascript code from cellctrl_control_msgs/cell_operatehistory.msg[0m
[47.524s] [ 58%] [34m[1mGenerating Javascript code from cellctrl_control_msgs/cell_work_stationitems.msg[0m
[47.613s] [ 60%] [34m[1mGenerating Javascript code from cellctrl_control_msgs/cell_agv_motor.msg[0m
[47.694s] [ 60%] [34m[1mGenerating Javascript code from cellctrl_control_msgs/cell_work_ordergoods.msg[0m
[47.788s] [ 60%] Built target cellctrl_control_msgs_generate_messages_nodejs
[47.813s] [35m[1mScanning dependencies of target cellctrl_control_msgs_generate_messages_cpp[0m
[47.837s] [ 60%] [34m[1mGenerating C++ code from cellctrl_control_msgs/cell_agv_lidar.msg[0m
[48.024s] [ 61%] [34m[1mGenerating C++ code from cellctrl_control_msgs/base_cell_controller.msg[0m
[48.202s] [ 61%] [34m[1mGenerating C++ code from cellctrl_control_msgs/cell_base_operate.msg[0m
[48.426s] [ 61%] [34m[1mGenerating C++ code from cellctrl_control_msgs/cell_agv_imu.msg[0m
[48.601s] [ 62%] [34m[1mGenerating C++ code from cellctrl_control_msgs/cell_battery_caculate.msg[0m
[48.790s] [ 62%] [34m[1mGenerating C++ code from cellctrl_control_msgs/cell_maintainhistory.msg[0m
[48.973s] [ 63%] [34m[1mGenerating C++ code from cellctrl_control_msgs/cell_base_alarm.msg[0m
[49.161s] [ 63%] [34m[1mGenerating C++ code from cellctrl_control_msgs/cell_base_transfer.msg[0m
[49.345s] [ 63%] [34m[1mGenerating C++ code from cellctrl_control_msgs/cell_base_device.msg[0m
[49.520s] [ 64%] [34m[1mGenerating C++ code from cellctrl_control_msgs/cell_agv_main.msg[0m
[49.730s] [ 64%] [34m[1mGenerating C++ code from cellctrl_control_msgs/cell_battery_remain.msg[0m
[49.948s] [ 64%] [34m[1mGenerating C++ code from cellctrl_control_msgs/cell_work_order.msg[0m
[50.121s] [ 65%] [34m[1mGenerating C++ code from cellctrl_control_msgs/cell_agv_basetypeitems.msg[0m
[50.315s] [ 65%] [34m[1mGenerating C++ code from cellctrl_control_msgs/cell_work_stations.msg[0m
[50.494s] [ 66%] [34m[1mGenerating C++ code from cellctrl_control_msgs/cell_base_mcfunction.msg[0m
[50.663s] [ 66%] [34m[1mGenerating C++ code from cellctrl_control_msgs/cell_agv_camera.msg[0m
[50.840s] [ 66%] [34m[1mGenerating C++ code from cellctrl_control_msgs/base_cell_controller_cmd.srv[0m
[51.143s] [ 67%] [34m[1mGenerating C++ code from cellctrl_control_msgs/cell_agv_battery_cmd.srv[0m
[51.484s] [ 67%] [34m[1mGenerating C++ code from cellctrl_control_msgs/cell_work_orderitems_cmd.srv[0m
[51.755s] [ 67%] [34m[1mGenerating C++ code from cellctrl_control_msgs/cell_battery_caculate_cmd.srv[0m
[52.073s] [ 68%] [34m[1mGenerating C++ code from cellctrl_control_msgs/cell_operatehistory_cmd.srv[0m
[52.410s] [ 68%] [34m[1mGenerating C++ code from cellctrl_control_msgs/cell_alarmhistory_cmd.srv[0m
[52.676s] [ 69%] [34m[1mGenerating C++ code from cellctrl_control_msgs/cell_battery_remain_cmd.srv[0m
[52.972s] [ 69%] [34m[1mGenerating C++ code from cellctrl_control_msgs/cell_work_ordergoods_cmd.srv[0m
[53.236s] [ 69%] [34m[1mGenerating C++ code from cellctrl_control_msgs/cell_base_transfer_cmd.srv[0m
[53.484s] [ 70%] [34m[1mGenerating C++ code from cellctrl_control_msgs/cell_base_alarm_cmd.srv[0m
[53.719s] [ 70%] [34m[1mGenerating C++ code from cellctrl_control_msgs/cell_base_device_cmd.srv[0m
[53.955s] [ 71%] [34m[1mGenerating C++ code from cellctrl_control_msgs/cell_work_stations_cmd.srv[0m
[54.194s] [ 71%] [34m[1mGenerating C++ code from cellctrl_control_msgs/cell_maintainhistory_cmd.srv[0m
[54.433s] [ 71%] [34m[1mGenerating C++ code from cellctrl_control_msgs/cell_agv_camera_cmd.srv[0m
[54.664s] [ 72%] [34m[1mGenerating C++ code from cellctrl_control_msgs/cell_agv_imu_cmd.srv[0m
[54.892s] [ 72%] [34m[1mGenerating C++ code from cellctrl_control_msgs/cell_work_order_cmd.srv[0m
[55.130s] [ 72%] [34m[1mGenerating C++ code from cellctrl_control_msgs/cell_agv_motor_cmd.srv[0m
[55.361s] [ 73%] [34m[1mGenerating C++ code from cellctrl_control_msgs/cell_work_stationitems_cmd.srv[0m
[55.597s] [ 73%] [34m[1mGenerating C++ code from cellctrl_control_msgs/cell_base_operate_cmd.srv[0m
[55.838s] [ 74%] [34m[1mGenerating C++ code from cellctrl_control_msgs/cell_base_mcfunction_cmd.srv[0m
[56.074s] [ 74%] [34m[1mGenerating C++ code from cellctrl_control_msgs/cell_base_maintain_cmd.srv[0m
[56.311s] [ 74%] [34m[1mGenerating C++ code from cellctrl_control_msgs/cell_agv_lidar_cmd.srv[0m
[56.543s] [ 75%] [34m[1mGenerating C++ code from cellctrl_control_msgs/cell_agv_main_cmd.srv[0m
[56.772s] [ 75%] [34m[1mGenerating C++ code from cellctrl_control_msgs/cell_agv_basetype_cmd.srv[0m
[57.002s] [ 75%] [34m[1mGenerating C++ code from cellctrl_control_msgs/cell_agv_basetypeitems_cmd.srv[0m
[57.234s] [ 75%] [34m[1mGenerating C++ code from cellctrl_control_msgs/cell_work_orderitems.msg[0m
[57.386s] [ 75%] [34m[1mGenerating C++ code from cellctrl_control_msgs/cell_agv_battery.msg[0m
[57.534s] [ 76%] [34m[1mGenerating C++ code from cellctrl_control_msgs/cell_base_maintain.msg[0m
[57.681s] [ 76%] [34m[1mGenerating C++ code from cellctrl_control_msgs/cell_agv_basetype.msg[0m
[57.827s] [ 77%] [34m[1mGenerating C++ code from cellctrl_control_msgs/cell_alarmhistory.msg[0m
[57.977s] [ 77%] [34m[1mGenerating C++ code from cellctrl_control_msgs/cell_work_stationitems.msg[0m
[57.981s] [ 77%] [34m[1mGenerating C++ code from cellctrl_control_msgs/cell_operatehistory.msg[0m
[58.143s] [ 78%] [34m[1mGenerating C++ code from cellctrl_control_msgs/cell_agv_motor.msg[0m
[58.150s] [ 78%] [34m[1mGenerating C++ code from cellctrl_control_msgs/cell_work_ordergoods.msg[0m
[58.311s] [ 78%] Built target cellctrl_control_msgs_generate_messages_cpp
[58.327s] [35m[1mScanning dependencies of target cellctrl_control_msgs_generate_messages_eus[0m
[58.344s] [ 80%] [34m[1mGenerating EusLisp code from cellctrl_control_msgs/cell_agv_lidar.msg[0m
[58.350s] [ 81%] [34m[1mGenerating EusLisp code from cellctrl_control_msgs/cell_work_ordergoods.msg[0m
[58.350s] [ 81%] [34m[1mGenerating EusLisp code from cellctrl_control_msgs/cell_agv_motor.msg[0m
[58.461s] [ 81%] [34m[1mGenerating EusLisp code from cellctrl_control_msgs/cell_base_operate.msg[0m
[58.461s] [ 81%] [34m[1mGenerating EusLisp code from cellctrl_control_msgs/cell_agv_imu.msg[0m
[58.468s] [ 82%] [34m[1mGenerating EusLisp code from cellctrl_control_msgs/cell_battery_caculate.msg[0m
[58.579s] [ 83%] [34m[1mGenerating EusLisp code from cellctrl_control_msgs/cell_maintainhistory.msg[0m
[58.579s] [ 83%] [34m[1mGenerating EusLisp code from cellctrl_control_msgs/base_cell_controller.msg[0m
[58.613s] [ 84%] [34m[1mGenerating EusLisp code from cellctrl_control_msgs/cell_base_alarm.msg[0m
[58.620s] [ 84%] [34m[1mGenerating EusLisp code from cellctrl_control_msgs/cell_base_transfer.msg[0m
[58.703s] [ 84%] [34m[1mGenerating EusLisp code from cellctrl_control_msgs/cell_base_device.msg[0m
[58.755s] [ 85%] [34m[1mGenerating EusLisp code from cellctrl_control_msgs/cell_agv_main.msg[0m
[58.794s] [ 85%] [34m[1mGenerating EusLisp code from cellctrl_control_msgs/cell_battery_remain.msg[0m
[58.807s] [ 85%] [34m[1mGenerating EusLisp code from cellctrl_control_msgs/cell_work_order.msg[0m
[58.842s] [ 86%] [34m[1mGenerating EusLisp code from cellctrl_control_msgs/cell_agv_basetypeitems.msg[0m
[58.953s] [ 86%] [34m[1mGenerating EusLisp code from cellctrl_control_msgs/cell_work_stations.msg[0m
[58.976s] [ 87%] [34m[1mGenerating EusLisp code from cellctrl_control_msgs/cell_base_mcfunction.msg[0m
[58.985s] [ 87%] [34m[1mGenerating EusLisp code from cellctrl_control_msgs/base_cell_controller_cmd.srv[0m
[58.988s] [ 87%] [34m[1mGenerating EusLisp code from cellctrl_control_msgs/cell_agv_camera.msg[0m
[59.101s] [ 88%] [34m[1mGenerating EusLisp code from cellctrl_control_msgs/cell_agv_battery_cmd.srv[0m
[59.110s] [ 88%] [34m[1mGenerating EusLisp code from cellctrl_control_msgs/cell_work_orderitems_cmd.srv[0m
[59.124s] [ 88%] [34m[1mGenerating EusLisp code from cellctrl_control_msgs/cell_battery_caculate_cmd.srv[0m
[59.137s] [ 89%] [34m[1mGenerating EusLisp code from cellctrl_control_msgs/cell_operatehistory_cmd.srv[0m
[59.241s] [ 89%] [34m[1mGenerating EusLisp code from cellctrl_control_msgs/cell_alarmhistory_cmd.srv[0m
[59.246s] [ 90%] [34m[1mGenerating EusLisp code from cellctrl_control_msgs/cell_battery_remain_cmd.srv[0m
[59.249s] [ 90%] [34m[1mGenerating EusLisp code from cellctrl_control_msgs/cell_work_ordergoods_cmd.srv[0m
[59.268s] [ 90%] [34m[1mGenerating EusLisp code from cellctrl_control_msgs/cell_base_transfer_cmd.srv[0m
[59.351s] [ 91%] [34m[1mGenerating EusLisp code from cellctrl_control_msgs/cell_base_alarm_cmd.srv[0m
[59.357s] [ 91%] [34m[1mGenerating EusLisp code from cellctrl_control_msgs/cell_base_device_cmd.srv[0m
[59.358s] [ 91%] [34m[1mGenerating EusLisp code from cellctrl_control_msgs/cell_work_stations_cmd.srv[0m
[59.376s] [ 92%] [34m[1mGenerating EusLisp code from cellctrl_control_msgs/cell_maintainhistory_cmd.srv[0m
[59.451s] [ 92%] [34m[1mGenerating EusLisp code from cellctrl_control_msgs/cell_agv_camera_cmd.srv[0m
[59.462s] [ 93%] [34m[1mGenerating EusLisp code from cellctrl_control_msgs/cell_agv_imu_cmd.srv[0m
[59.476s] [ 93%] [34m[1mGenerating EusLisp code from cellctrl_control_msgs/cell_work_order_cmd.srv[0m
[59.483s] [ 93%] [34m[1mGenerating EusLisp code from cellctrl_control_msgs/cell_agv_motor_cmd.srv[0m
[59.551s] [ 94%] [34m[1mGenerating EusLisp code from cellctrl_control_msgs/cell_work_stationitems_cmd.srv[0m
[59.564s] [ 94%] [34m[1mGenerating EusLisp code from cellctrl_control_msgs/cell_base_mcfunction_cmd.srv[0m
[59.569s] [ 94%] [34m[1mGenerating EusLisp code from cellctrl_control_msgs/cell_base_operate_cmd.srv[0m
[59.590s] [ 95%] [34m[1mGenerating EusLisp code from cellctrl_control_msgs/cell_base_maintain_cmd.srv[0m
[59.657s] [ 95%] [34m[1mGenerating EusLisp code from cellctrl_control_msgs/cell_agv_lidar_cmd.srv[0m
[59.663s] [ 96%] [34m[1mGenerating EusLisp code from cellctrl_control_msgs/cell_agv_main_cmd.srv[0m
[59.670s] [ 96%] [34m[1mGenerating EusLisp code from cellctrl_control_msgs/cell_agv_basetype_cmd.srv[0m
[59.690s] [ 96%] [34m[1mGenerating EusLisp code from cellctrl_control_msgs/cell_agv_basetypeitems_cmd.srv[0m
[59.770s] [ 97%] [34m[1mGenerating EusLisp code from cellctrl_control_msgs/cell_work_orderitems.msg[0m
[59.770s] [ 97%] [34m[1mGenerating EusLisp manifest code for cellctrl_control_msgs[0m
[59.774s] [ 98%] [34m[1mGenerating EusLisp code from cellctrl_control_msgs/cell_agv_battery.msg[0m
[59.789s] [ 98%] [34m[1mGenerating EusLisp code from cellctrl_control_msgs/cell_base_maintain.msg[0m
[59.881s] [ 98%] [34m[1mGenerating EusLisp code from cellctrl_control_msgs/cell_agv_basetype.msg[0m
[59.888s] [100%] [34m[1mGenerating EusLisp code from cellctrl_control_msgs/cell_alarmhistory.msg[0m
[59.907s] [100%] [34m[1mGenerating EusLisp code from cellctrl_control_msgs/cell_operatehistory.msg[0m
[59.977s] [100%] [34m[1mGenerating EusLisp code from cellctrl_control_msgs/cell_work_stationitems.msg[0m
[60.818s] [100%] Built target cellctrl_control_msgs_generate_messages_eus
[60.832s] [35m[1mScanning dependencies of target cellctrl_control_msgs_generate_messages[0m
[60.846s] [100%] Built target cellctrl_control_msgs_generate_messages
