[0.211s] Invoking command in '/home/handsome/ros_ws_test/build/dwb_local_planner': CMAKE_PREFIX_PATH=/home/handsome/ros_ws_test/install/nav_2d_utils:/home/handsome/ros_ws_test/install/nav_core2:/home/handsome/ros_ws_test/install/dwb_msgs:/home/handsome/ros_ws_test/install/nav_grid:/home/handsome/ros_ws_test/install/nav_2d_msgs:${CMAKE_PREFIX_PATH} LD_LIBRARY_PATH=/home/handsome/ros_ws_test/install/nav_2d_utils/lib:/home/handsome/ros_ws_test/install/nav_core2/lib:/home/handsome/ros_ws/install/yocs_cmd_vel_mux/lib:/home/handsome/ros_ws/install/tuw_multi_robot_router/lib:/home/handsome/ros_ws/install/tuw_voronoi_graph/lib:/home/handsome/ros_ws/install/tuw_vehicle_msgs/lib:/home/handsome/ros_ws/install/tuw_nav_rviz/lib:/home/handsome/ros_ws/install/tuw_multi_robot_local_behavior_controller/lib:/home/handsome/ros_ws/install/tuw_multi_robot_ctrl/lib:/home/handsome/ros_ws/install/tuw_nav_msgs/lib:/home/handsome/ros_ws/install/tuw_multi_robot_rviz/lib:/home/handsome/ros_ws/install/tuw_geometry_rviz/lib:/home/handsome/ros_ws/install/tuw_geometry_msgs/lib:/home/handsome/ros_ws/install/tuw_geometry/lib:/home/handsome/ros_ws/install/tuw_control/lib:/home/handsome/ros_ws/install/teb2_local_planner/lib:/home/handsome/ros_ws/install/spatio_temporal_voxel_layer/lib:/home/handsome/ros_ws/install/robot_database_bridge/lib:/home/handsome/ros_ws/install/ros_utility_tools/lib:/home/handsome/ros_ws/install/robot_localization/lib:/home/handsome/ros_ws/install/pnp_ros/lib:/home/handsome/ros_ws/install/omron_os32c_driver/lib:/home/handsome/ros_ws/install/dlux_plugins/lib:/home/handsome/ros_ws/install/dlux_global_planner/lib:/home/handsome/ros_ws/install/nav_grid_pub_sub/lib:/home/handsome/ros_ws/install/dwb_critics/lib:/home/handsome/ros_ws/install/nav_grid_iterators/lib:/home/handsome/ros_ws/install/locomotor/lib:/home/handsome/ros_ws/install/nav_core_adapter/lib:/home/handsome/ros_ws/install/dwb_plugins/lib:/home/handsome/ros_ws/install/dwb_local_planner/lib:/home/handsome/ros_ws/install/nav_2d_utils/lib:/home/handsome/ros_ws/install/global_planner_tests/lib:/home/handsome/ros_ws/install/costmap_queue/lib:/home/handsome/ros_ws/install/nav_core2/lib:/home/handsome/ros_ws/install/mongodb_store/lib:/home/handsome/ros_ws/install/libcreate/lib:/opt/ros/melodic/lib:/usr/local/lib PKG_CONFIG_PATH=/home/handsome/ros_ws_test/install/nav_2d_utils/lib/x86_64-linux-gnu/pkgconfig:/home/handsome/ros_ws_test/install/nav_2d_utils/lib/pkgconfig:/home/handsome/ros_ws_test/install/nav_core2/lib/x86_64-linux-gnu/pkgconfig:/home/handsome/ros_ws_test/install/nav_core2/lib/pkgconfig:/home/handsome/ros_ws_test/install/dwb_msgs/lib/x86_64-linux-gnu/pkgconfig:/home/handsome/ros_ws_test/install/dwb_msgs/lib/pkgconfig:/home/handsome/ros_ws_test/install/nav_grid/lib/x86_64-linux-gnu/pkgconfig:/home/handsome/ros_ws_test/install/nav_grid/lib/pkgconfig:/home/handsome/ros_ws_test/install/nav_2d_msgs/lib/x86_64-linux-gnu/pkgconfig:/home/handsome/ros_ws_test/install/nav_2d_msgs/lib/pkgconfig:${PKG_CONFIG_PATH} PYTHONPATH=/home/handsome/ros_ws_test/install/dwb_msgs/lib/python2.7/dist-packages:/home/handsome/ros_ws_test/install/nav_2d_msgs/lib/python2.7/dist-packages:${PYTHONPATH} ROS_PACKAGE_PATH=/home/handsome/ros_ws_test/install/nav_2d_utils/share:/home/handsome/ros_ws_test/install/nav_core2/share:/home/handsome/ros_ws_test/install/dwb_msgs/share:/home/handsome/ros_ws_test/install/nav_grid/share:/home/handsome/ros_ws_test/install/nav_2d_msgs/share:${ROS_PACKAGE_PATH} /usr/bin/cmake --build /home/handsome/ros_ws_test/build/dwb_local_planner -- -j12 -l12
[0.353s] [ 18%] Built target trajectory_utils
[0.410s] [ 18%] Built target std_msgs_generate_messages_py
[0.466s] [ 18%] Built target std_msgs_generate_messages_nodejs
[0.524s] [ 18%] Built target actionlib_msgs_generate_messages_nodejs
[0.577s] [ 18%] Built target dwb_msgs_generate_messages_cpp
[0.633s] [ 18%] Built target roscpp_generate_messages_lisp
[0.686s] [ 18%] Built target dwb_msgs_generate_messages_nodejs
[0.742s] [ 18%] Built target dwb_msgs_generate_messages_py
[0.794s] [ 18%] Built target nav_msgs_generate_messages_nodejs
[0.850s] [ 18%] Built target geometry_msgs_generate_messages_lisp
[0.902s] [ 18%] Built target nav_2d_msgs_generate_messages_nodejs
[0.965s] [ 18%] Built target nav_2d_msgs_generate_messages_cpp
[1.021s] [ 18%] Built target nav_msgs_generate_messages_cpp
[1.076s] [ 18%] Built target nav_2d_msgs_generate_messages_lisp
[1.137s] [ 18%] Built target sensor_msgs_generate_messages_lisp
[1.194s] [ 18%] Built target tf2_msgs_generate_messages_cpp
[1.255s] [ 18%] Built target nav_msgs_generate_messages_lisp
[1.311s] [ 18%] Built target dwb_msgs_generate_messages_lisp
[1.372s] [ 18%] Built target tf_generate_messages_lisp
[1.431s] [ 18%] Built target dwb_msgs_generate_messages_eus
[1.488s] [ 18%] Built target std_msgs_generate_messages_cpp
[1.546s] [ 18%] Built target std_msgs_generate_messages_eus
[1.603s] [ 18%] Built target visualization_msgs_generate_messages_lisp
[1.656s] [ 18%] Built target visualization_msgs_generate_messages_nodejs
[1.712s] [ 18%] Built target geometry_msgs_generate_messages_eus
[1.772s] [ 18%] Built target std_msgs_generate_messages_lisp
[1.825s] [ 18%] Built target roscpp_generate_messages_nodejs
[1.880s] [ 18%] Built target geometry_msgs_generate_messages_nodejs
[1.948s] [ 18%] Built target geometry_msgs_generate_messages_py
[2.009s] [ 18%] Built target actionlib_generate_messages_eus
[2.066s] [ 18%] Built target geometry_msgs_generate_messages_cpp
[2.126s] [ 18%] Built target actionlib_generate_messages_lisp
[2.189s] [ 18%] Built target roscpp_generate_messages_py
[2.249s] [ 18%] Built target nav_2d_msgs_generate_messages_py
[2.306s] [ 18%] Built target rosgraph_msgs_generate_messages_eus
[2.367s] [ 18%] Built target rosgraph_msgs_generate_messages_lisp
[2.426s] [ 18%] Built target rosgraph_msgs_generate_messages_nodejs
[2.482s] [ 18%] Built target actionlib_msgs_generate_messages_eus
[2.538s] [ 18%] Built target roscpp_generate_messages_eus
[2.592s] [ 18%] Built target rosgraph_msgs_generate_messages_py
[2.650s] [ 18%] Built target nav_msgs_generate_messages_py
[2.704s] [ 18%] Built target tf2_msgs_generate_messages_lisp
[2.760s] [ 18%] Built target actionlib_generate_messages_py
[2.826s] [ 18%] Built target tf2_msgs_generate_messages_py
[2.886s] [ 18%] Built target tf2_msgs_generate_messages_nodejs
[2.948s] [ 18%] Built target actionlib_generate_messages_nodejs
[3.007s] [ 18%] Built target tf_generate_messages_cpp
[3.071s] [ 18%] Built target actionlib_msgs_generate_messages_cpp
[3.128s] [ 18%] Built target tf_generate_messages_eus
[3.184s] [ 18%] Built target tf_generate_messages_nodejs
[3.239s] [ 18%] Built target tf_generate_messages_py
[3.294s] [ 18%] Built target sensor_msgs_generate_messages_py
[3.352s] [ 18%] Built target sensor_msgs_generate_messages_cpp
[3.419s] [ 18%] Built target nav_msgs_generate_messages_eus
[3.475s] [ 18%] Built target tf2_msgs_generate_messages_eus
[3.533s] [ 18%] Built target visualization_msgs_generate_messages_cpp
[3.589s] [ 18%] Built target visualization_msgs_generate_messages_eus
[3.649s] [ 18%] Built target rosgraph_msgs_generate_messages_cpp
[3.719s] [ 18%] Built target nav_2d_msgs_generate_messages_eus
[3.775s] [ 18%] Built target sensor_msgs_generate_messages_nodejs
[3.833s] [ 18%] Built target roscpp_generate_messages_cpp
[3.889s] [ 18%] Built target actionlib_generate_messages_cpp
[3.951s] [ 18%] Built target actionlib_msgs_generate_messages_lisp
[4.010s] [ 18%] Built target actionlib_msgs_generate_messages_py
[4.068s] [ 18%] Built target sensor_msgs_generate_messages_eus
[4.127s] [ 18%] Built target _catkin_empty_exported_target
[4.185s] [ 18%] Built target visualization_msgs_generate_messages_py
[4.271s] [ 63%] Built target dwb_local_planner
[4.358s] [ 81%] Built target debug_dwb_local_planner
[4.437s] [100%] Built target planner_node
