[0.127s] Invoking command in '/home/handsome/ros_ws_test/build/ros_utility_tools': /usr/bin/cmake --build /home/handsome/ros_ws_test/build/ros_utility_tools -- -j12 -l12
[0.421s] [100%] Built target ros_utility_tools
[0.568s] Invoked command in '/home/handsome/ros_ws_test/build/ros_utility_tools' returned '0': /usr/bin/cmake --build /home/handsome/ros_ws_test/build/ros_utility_tools -- -j12 -l12
[2.405s] Invoking command in '/home/handsome/ros_ws_test/build/ros_utility_tools': /usr/bin/cmake --build /home/handsome/ros_ws_test/build/ros_utility_tools --target tests -- -j12 -l12
[3.068s] Built target tests
[3.160s] Invoked command in '/home/handsome/ros_ws_test/build/ros_utility_tools' returned '0': /usr/bin/cmake --build /home/handsome/ros_ws_test/build/ros_utility_tools --target tests -- -j12 -l12
[3.584s] Invoking command in '/home/handsome/ros_ws_test/build/ros_utility_tools': /usr/bin/cmake --build /home/handsome/ros_ws_test/build/ros_utility_tools --target install -- -j12 -l12
[3.895s] [100%] Built target ros_utility_tools
[4.039s] [36mInstall the project...[0m
[4.081s] -- Install configuration: ""
[4.082s] -- Up-to-date: /home/handsome/ros_ws_test/install/ros_utility_tools/lib/pkgconfig/ros_utility_tools.pc
[4.082s] -- Up-to-date: /home/handsome/ros_ws_test/install/ros_utility_tools/share/ros_utility_tools/cmake/ros_utility_toolsConfig.cmake
[4.082s] -- Up-to-date: /home/handsome/ros_ws_test/install/ros_utility_tools/share/ros_utility_tools/cmake/ros_utility_toolsConfig-version.cmake
[4.082s] -- Up-to-date: /home/handsome/ros_ws_test/install/ros_utility_tools/share/ros_utility_tools/package.xml
[4.091s] -- Up-to-date: /home/handsome/ros_ws_test/install/ros_utility_tools/lib/libros_utility_tools.so
[4.091s] -- Up-to-date: /home/handsome/ros_ws_test/install/ros_utility_tools/include/ros_utility_tools
[4.091s] -- Up-to-date: /home/handsome/ros_ws_test/install/ros_utility_tools/include/ros_utility_tools/base_mongodbstore_client.h
[4.092s] -- Up-to-date: /home/handsome/ros_ws_test/install/ros_utility_tools/include/ros_utility_tools/Modbus_server.h
[4.092s] -- Up-to-date: /home/handsome/ros_ws_test/install/ros_utility_tools/include/ros_utility_tools/Modbus_client.h
[4.092s] -- Up-to-date: /home/handsome/ros_ws_test/install/ros_utility_tools/include/ros_utility_tools/table_mongodbstore_client.zip
[4.092s] -- Up-to-date: /home/handsome/ros_ws_test/install/ros_utility_tools/include/ros_utility_tools/ros_tools.h
[4.092s] -- Up-to-date: /home/handsome/ros_ws_test/install/ros_utility_tools/include/ros_utility_tools/table_mongodbstore_client.h
[4.101s] Invoked command in '/home/handsome/ros_ws_test/build/ros_utility_tools' returned '0': /usr/bin/cmake --build /home/handsome/ros_ws_test/build/ros_utility_tools --target install -- -j12 -l12
