[0.020s] Invoking command in '/home/handsome/ros_ws_test/build/ros_utility_tools': /usr/bin/cmake --build /home/handsome/ros_ws_test/build/ros_utility_tools -- -j12 -l12
[0.141s] -- Using CATKIN_DEVEL_PREFIX: /home/handsome/ros_ws_test/build/ros_utility_tools/devel
[0.141s] -- Using CMAKE_PREFIX_PATH: /home/handsome/ros_ws_test/install/yocs_cmd_vel_mux;/home/handsome/ros_ws_test/install/turtlebot_teleop;/home/handsome/ros_ws_test/install/tug_example_pnp_server;/home/handsome/ros_ws_test/install/tug_example_actions;/home/handsome/ros_ws_test/install/tug_example_msgs;/home/handsome/ros_ws_test/install/timed_roslaunch;/home/handsome/ros_ws_test/install/teb2_local_planner;/home/handsome/ros_ws_test/install/stated_roslaunch;/home/handsome/ros_ws_test/install/spatio_temporal_voxel_layer;/home/handsome/ros_ws_test/install/robot_udp_bridge;/home/handsome/ros_ws_test/install/robot_database_bridge;/home/handsome/ros_ws_test/install/samsungcmd_msgs;/home/handsome/ros_ws_test/install/rplidar_ros;/home/handsome/ros_ws_test/install/rp_action;/home/handsome/ros_ws_test/install/rp_action_msgs;/home/handsome/ros_ws_test/install/robot_scheduling_actions;/home/handsome/ros_ws_test/install/cellctrl_qtgui_bridge;/home/handsome/ros_ws_test/install/car_db_manager_qtgui;/home/handsome/ros_ws_test/install/car_db_manager_bridge;/home/handsome/ros_ws_test/install/car_db_manager_action;/home/handsome/ros_ws_test/install/ros_utility_tools;/home/handsome/ros_ws_test/install/robot_scheduling_server;/home/handsome/ros_ws_test/install/robot_scheduling_msgs;/home/handsome/ros_ws_test/install/robot_localization;/home/handsome/ros_ws_test/install/robot_control_msgs;/home/handsome/ros_ws_test/install/reset_location;/home/handsome/ros_ws_test/install/razor_imu_9dof;/home/handsome/ros_ws_test/install/pnp_rosplan;/home/handsome/ros_ws_test/install/pnp_ros;/home/handsome/ros_ws_test/install/pnp_msgs;/home/handsome/ros_ws_test/install/open_auto_dock;/home/handsome/ros_ws_test/install/open_auto_dock_msgs;/home/handsome/ros_ws_test/install/omron_os32c_driver;/home/handsome/ros_ws_test/install/dlux_plugins;/home/handsome/ros_ws_test/install/dlux_global_planner;/home/handsome/ros_ws_test/install/nav_grid_pub_sub;/home/handsome/ros_ws_test/install/dwb_critics;/home/handsome/ros_ws_test/install/nav_grid_iterators;/home/handsome/ros_ws_test/install/locomove_base;/home/handsome/ros_ws_test/install/locomotor;/home/handsome/ros_ws_test/install/nav_core_adapter;/home/handsome/ros_ws_test/install/dwb_plugins;/home/handsome/ros_ws_test/install/dwb_local_planner;/home/handsome/ros_ws_test/install/nav_2d_utils;/home/handsome/ros_ws_test/install/global_planner_tests;/home/handsome/ros_ws_test/install/costmap_queue;/home/handsome/ros_ws_test/install/nav_core2;/home/handsome/ros_ws_test/install/nav_grid;/home/handsome/ros_ws_test/install/actionlib_modules_msgs;/home/handsome/ros_ws_test/install/locomotor_msgs;/home/handsome/ros_ws_test/install/dwb_msgs;/home/handsome/ros_ws_test/install/nav_2d_msgs;/home/handsome/ros_ws_test/install/mongodb_log;/home/handsome/ros_ws_test/install/mongodb_store;/home/handsome/ros_ws_test/install/mongodb_store_msgs;/home/handsome/ros_ws_test/install/ca_driver;/home/handsome/ros_ws_test/install/libcreate;/home/handsome/ros_ws_test/install/i_robot_stage;/home/handsome/ros_ws_test/install/i_robot_navigation;/home/handsome/ros_ws_test/install/cellctrl_control_msgs;/home/handsome/ros_ws_test/install/car_db_manager_msgs;/home/handsome/ros_ws_test/install/ca_tools;/home/handsome/ros_ws_test/install/ca_msgs;/home/handsome/ros_ws_test/install/ca_description;/home/handsome/ros_ws_test/install/botcmd_msgs;/opt/ros/melodic
[0.143s] -- This workspace overlays: /home/handsome/ros_ws_test/install/yocs_cmd_vel_mux;/home/handsome/ros_ws_test/install/turtlebot_teleop;/home/handsome/ros_ws_test/install/tug_example_pnp_server;/home/handsome/ros_ws_test/install/tug_example_actions;/home/handsome/ros_ws_test/install/tug_example_msgs;/home/handsome/ros_ws_test/install/timed_roslaunch;/home/handsome/ros_ws_test/install/teb2_local_planner;/home/handsome/ros_ws_test/install/stated_roslaunch;/home/handsome/ros_ws_test/install/spatio_temporal_voxel_layer;/home/handsome/ros_ws_test/install/robot_udp_bridge;/home/handsome/ros_ws_test/install/robot_database_bridge;/home/handsome/ros_ws_test/install/samsungcmd_msgs;/home/handsome/ros_ws_test/install/rplidar_ros;/home/handsome/ros_ws_test/install/rp_action;/home/handsome/ros_ws_test/install/rp_action_msgs;/home/handsome/ros_ws_test/install/robot_scheduling_actions;/home/handsome/ros_ws_test/install/cellctrl_qtgui_bridge;/home/handsome/ros_ws_test/install/car_db_manager_qtgui;/home/handsome/ros_ws_test/install/car_db_manager_bridge;/home/handsome/ros_ws_test/install/car_db_manager_action;/home/handsome/ros_ws_test/install/ros_utility_tools;/home/handsome/ros_ws_test/install/robot_scheduling_server;/home/handsome/ros_ws_test/install/robot_scheduling_msgs;/home/handsome/ros_ws_test/install/robot_localization;/home/handsome/ros_ws_test/install/robot_control_msgs;/home/handsome/ros_ws_test/install/reset_location;/home/handsome/ros_ws_test/install/razor_imu_9dof;/home/handsome/ros_ws_test/install/pnp_rosplan;/home/handsome/ros_ws_test/install/pnp_ros;/home/handsome/ros_ws_test/install/pnp_msgs;/home/handsome/ros_ws_test/install/open_auto_dock;/home/handsome/ros_ws_test/install/open_auto_dock_msgs;/home/handsome/ros_ws_test/install/omron_os32c_driver;/home/handsome/ros_ws_test/install/dlux_plugins;/home/handsome/ros_ws_test/install/dlux_global_planner;/home/handsome/ros_ws_test/install/nav_grid_pub_sub;/home/handsome/ros_ws_test/install/dwb_critics;/home/handsome/ros_ws_test/install/nav_grid_iterators;/home/handsome/ros_ws_test/install/locomove_base;/home/handsome/ros_ws_test/install/locomotor;/home/handsome/ros_ws_test/install/nav_core_adapter;/home/handsome/ros_ws_test/install/dwb_plugins;/home/handsome/ros_ws_test/install/dwb_local_planner;/home/handsome/ros_ws_test/install/nav_2d_utils;/home/handsome/ros_ws_test/install/global_planner_tests;/home/handsome/ros_ws_test/install/costmap_queue;/home/handsome/ros_ws_test/install/nav_core2;/home/handsome/ros_ws_test/install/nav_grid;/home/handsome/ros_ws_test/install/actionlib_modules_msgs;/home/handsome/ros_ws_test/install/locomotor_msgs;/home/handsome/ros_ws_test/install/dwb_msgs;/home/handsome/ros_ws_test/install/nav_2d_msgs;/home/handsome/ros_ws_test/install/mongodb_log;/home/handsome/ros_ws_test/install/mongodb_store;/home/handsome/ros_ws_test/install/mongodb_store_msgs;/home/handsome/ros_ws_test/install/ca_driver;/home/handsome/ros_ws_test/install/i_robot_stage;/home/handsome/ros_ws_test/install/i_robot_navigation;/home/handsome/ros_ws_test/install/cellctrl_control_msgs;/home/handsome/ros_ws_test/install/car_db_manager_msgs;/home/handsome/ros_ws_test/install/ca_tools;/home/handsome/ros_ws_test/install/ca_msgs;/home/handsome/ros_ws_test/install/ca_description;/home/handsome/ros_ws_test/install/botcmd_msgs;/opt/ros/melodic
[0.165s] -- Found PythonInterp: /usr/bin/python2 (found suitable version "2.7.17", minimum required is "2") 
[0.165s] -- Using PYTHON_EXECUTABLE: /usr/bin/python2
[0.165s] -- Using Debian Python package layout
[0.165s] -- Using empy: /usr/bin/empy
[0.294s] -- Using CATKIN_ENABLE_TESTING: True
[0.294s] -- Call enable_testing()
[0.295s] -- Using CATKIN_TEST_RESULTS_DIR: /home/handsome/ros_ws_test/build/ros_utility_tools/test_results
[0.320s] -- Found gtest sources under '/usr/src/googletest': gtests will be built
[0.320s] -- Found gmock sources under '/usr/src/googletest': gmock will be built
[0.336s] -- Found PythonInterp: /usr/bin/python2 (found version "2.7.17") 
[0.342s] -- Using Python nosetests: /usr/bin/nosetests-2.7
[0.420s] -- catkin 0.7.28
[0.420s] -- BUILD_SHARED_LIBS is on
[0.617s] -- Using these message generators: gencpp;geneus;genlisp;gennodejs;genpy
[0.774s] -- Boost version: 1.65.1
[0.774s] -- Found the following Boost libraries:
[0.774s] --   system
[0.774s] --   thread
[0.774s] --   program_options
[0.774s] --   filesystem
[0.774s] --   chrono
[0.774s] --   date_time
[0.774s] --   atomic
[0.784s] -- Found MongoClient: /usr/include, /usr/lib/x86_64-linux-gnu/libmongoclient.so;/usr/lib/x86_64-linux-gnu/libboost_system.so;/usr/lib/x86_64-linux-gnu/libboost_thread.so;/usr/lib/x86_64-linux-gnu/libboost_program_options.so;/usr/lib/x86_64-linux-gnu/libboost_filesystem.so;/usr/lib/x86_64-linux-gnu/libboost_chrono.so;/usr/lib/x86_64-linux-gnu/libboost_date_time.so;/usr/lib/x86_64-linux-gnu/libboost_atomic.so;/usr/lib/x86_64-linux-gnu/libpthread.so;/usr/lib/x86_64-linux-gnu/libssl.so;/usr/lib/x86_64-linux-gnu/libcrypto.so
[0.784s] -- MongoClient using new interface: YES
[0.790s] -- Checking for module 'modbus'
[0.797s] --   No package 'modbus' found
[0.927s] -- Configuring done
[0.946s] WARNING: Target "ros_utility_tools" requests linking to directory "/usr/include".  Targets may link only to libraries.  CMake is dropping the item.
[1.055s] -- Generating done
[1.061s] -- Build files have been written to: /home/handsome/ros_ws_test/build/ros_utility_tools
[1.145s] [100%] Built target ros_utility_tools
[1.156s] Invoked command in '/home/handsome/ros_ws_test/build/ros_utility_tools' returned '0': /usr/bin/cmake --build /home/handsome/ros_ws_test/build/ros_utility_tools -- -j12 -l12
[1.355s] Invoking command in '/home/handsome/ros_ws_test/build/ros_utility_tools': /usr/bin/cmake --build /home/handsome/ros_ws_test/build/ros_utility_tools --target tests -- -j12 -l12
[1.487s] Built target tests
[1.504s] Invoked command in '/home/handsome/ros_ws_test/build/ros_utility_tools' returned '0': /usr/bin/cmake --build /home/handsome/ros_ws_test/build/ros_utility_tools --target tests -- -j12 -l12
[1.789s] Invoking command in '/home/handsome/ros_ws_test/build/ros_utility_tools': /usr/bin/cmake --build /home/handsome/ros_ws_test/build/ros_utility_tools --target install -- -j12 -l12
[1.860s] [100%] Built target ros_utility_tools
[1.889s] [36mInstall the project...[0m
[1.903s] -- Install configuration: ""
[1.903s] -- Installing: /home/handsome/ros_ws_test/install/ros_utility_tools/lib/pkgconfig/ros_utility_tools.pc
[1.903s] -- Installing: /home/handsome/ros_ws_test/install/ros_utility_tools/share/ros_utility_tools/cmake/ros_utility_toolsConfig.cmake
[1.903s] -- Up-to-date: /home/handsome/ros_ws_test/install/ros_utility_tools/share/ros_utility_tools/cmake/ros_utility_toolsConfig-version.cmake
[1.904s] -- Installing: /home/handsome/ros_ws_test/install/ros_utility_tools/share/ros_utility_tools/package.xml
[1.905s] -- Up-to-date: /home/handsome/ros_ws_test/install/ros_utility_tools/lib/libros_utility_tools.so
[1.905s] -- Up-to-date: /home/handsome/ros_ws_test/install/ros_utility_tools/include/ros_utility_tools
[1.905s] -- Up-to-date: /home/handsome/ros_ws_test/install/ros_utility_tools/include/ros_utility_tools/base_mongodbstore_client.h
[1.905s] -- Up-to-date: /home/handsome/ros_ws_test/install/ros_utility_tools/include/ros_utility_tools/Modbus_server.h
[1.906s] -- Up-to-date: /home/handsome/ros_ws_test/install/ros_utility_tools/include/ros_utility_tools/Modbus_client.h
[1.906s] -- Up-to-date: /home/handsome/ros_ws_test/install/ros_utility_tools/include/ros_utility_tools/table_mongodbstore_client.zip
[1.906s] -- Installing: /home/handsome/ros_ws_test/install/ros_utility_tools/include/ros_utility_tools/ros_tools.h
[1.906s] -- Up-to-date: /home/handsome/ros_ws_test/install/ros_utility_tools/include/ros_utility_tools/table_mongodbstore_client.h
[1.910s] Invoked command in '/home/handsome/ros_ws_test/build/ros_utility_tools' returned '0': /usr/bin/cmake --build /home/handsome/ros_ws_test/build/ros_utility_tools --target install -- -j12 -l12
