[0.072s] Invoking command in '/home/handsome/ros_ws_test/build/samsungcmd_msgs': /usr/bin/cmake --build /home/handsome/ros_ws_test/build/samsungcmd_msgs -- -j12 -l12
[0.498s] [  0%] Built target _samsungcmd_msgs_generate_messages_check_deps_samsung_commdata_actResult
[0.506s] [  0%] Built target _samsungcmd_msgs_generate_messages_check_deps_samsung_alarmHistory
[0.527s] [  0%] Built target _samsungcmd_msgs_generate_messages_check_deps_samsung_commdata_actActionFeedback
[0.536s] [  0%] Built target _samsungcmd_msgs_generate_messages_check_deps_samsung_iosequence_actActionFeedback
[0.567s] [  0%] Built target _samsungcmd_msgs_generate_messages_check_deps_samsung_iosequence_actResult
[0.589s] [  0%] Built target _samsungcmd_msgs_generate_messages_check_deps_samsung_alarmCode
[0.612s] [  0%] Built target _samsungcmd_msgs_generate_messages_check_deps_samsung_commdata
[0.613s] [  0%] Built target _samsungcmd_msgs_generate_messages_check_deps_samsung_commdata_actGoal
[0.627s] [  0%] Built target _samsungcmd_msgs_generate_messages_check_deps_samsung_iosequence_actActionResult
[0.657s] [  0%] Built target std_msgs_generate_messages_eus
[0.668s] [  0%] Built target _samsungcmd_msgs_generate_messages_check_deps_samsung_work_id
[0.681s] [  0%] Built target _samsungcmd_msgs_generate_messages_check_deps_samsung_commdata_actActionResult
[0.715s] [  0%] Built target _samsungcmd_msgs_generate_messages_check_deps_samsung_station_id
[0.814s] [  0%] Built target geometry_msgs_generate_messages_eus
[0.848s] [  0%] Built target _samsungcmd_msgs_generate_messages_check_deps_samsung_cntparamsdata
[0.882s] [  0%] Built target actionlib_msgs_generate_messages_eus
[0.895s] [  0%] Built target std_srvs_generate_messages_eus
[0.903s] [  0%] Built target _samsungcmd_msgs_generate_messages_check_deps_samsung_iosequence_actActionGoal
[0.928s] [  0%] Built target _samsungcmd_msgs_generate_messages_check_deps_samsung_commdata_actActionGoal
[0.938s] [  0%] Built target _samsungcmd_msgs_generate_messages_check_deps_samsung_commdata_cmd
[0.951s] [  0%] Built target _samsungcmd_msgs_generate_messages_check_deps_samsung_commdata_actAction
[0.953s] [  0%] Built target _samsungcmd_msgs_generate_messages_check_deps_samsung_iosequence_actAction
[1.009s] [  0%] Built target _samsungcmd_msgs_generate_messages_check_deps_samsung_iosequence_actGoal
[1.019s] [  0%] Built target actionlib_msgs_generate_messages_nodejs
[1.033s] [  0%] Built target _samsungcmd_msgs_generate_messages_check_deps_samsung_commdata_actFeedback
[1.033s] [  0%] Built target geometry_msgs_generate_messages_nodejs
[1.073s] [  0%] Built target _samsungcmd_msgs_generate_messages_check_deps_samsung_iosequence_actFeedback
[1.088s] [  0%] Built target std_msgs_generate_messages_cpp
[1.098s] [  0%] Built target std_msgs_generate_messages_nodejs
[1.100s] [  0%] Built target geometry_msgs_generate_messages_cpp
[1.109s] [  0%] Built target actionlib_msgs_generate_messages_cpp
[1.146s] [  0%] Built target std_srvs_generate_messages_cpp
[1.177s] [  0%] Built target actionlib_msgs_generate_messages_py
[1.178s] [  0%] Built target std_msgs_generate_messages_py
[1.204s] [  0%] Built target std_srvs_generate_messages_nodejs
[1.211s] [  0%] Built target std_srvs_generate_messages_lisp
[1.249s] [  0%] Built target std_msgs_generate_messages_lisp
[1.249s] [  0%] Built target std_srvs_generate_messages_py
[1.278s] [  0%] Built target geometry_msgs_generate_messages_py
[1.291s] [ 20%] Built target samsungcmd_msgs_generate_messages_eus
[1.322s] [ 39%] Built target samsungcmd_msgs_generate_messages_nodejs
[1.326s] [ 58%] Built target samsungcmd_msgs_generate_messages_cpp
[1.373s] [ 58%] Built target actionlib_msgs_generate_messages_lisp
[1.408s] [ 58%] Built target geometry_msgs_generate_messages_lisp
[1.442s] [ 80%] Built target samsungcmd_msgs_generate_messages_py
[1.598s] [100%] Built target samsungcmd_msgs_generate_messages_lisp
[1.745s] [100%] Built target samsungcmd_msgs_generate_messages
[1.814s] Invoked command in '/home/handsome/ros_ws_test/build/samsungcmd_msgs' returned '0': /usr/bin/cmake --build /home/handsome/ros_ws_test/build/samsungcmd_msgs -- -j12 -l12
[3.628s] Invoking command in '/home/handsome/ros_ws_test/build/samsungcmd_msgs': /usr/bin/cmake --build /home/handsome/ros_ws_test/build/samsungcmd_msgs --target tests -- -j12 -l12
[3.835s] Built target tests
[4.108s] Invoked command in '/home/handsome/ros_ws_test/build/samsungcmd_msgs' returned '0': /usr/bin/cmake --build /home/handsome/ros_ws_test/build/samsungcmd_msgs --target tests -- -j12 -l12
[6.090s] Invoking command in '/home/handsome/ros_ws_test/build/samsungcmd_msgs': /usr/bin/cmake --build /home/handsome/ros_ws_test/build/samsungcmd_msgs --target install -- -j12 -l12
[6.551s] [  0%] Built target _samsungcmd_msgs_generate_messages_check_deps_samsung_iosequence_actActionFeedback
[6.556s] [  0%] Built target _samsungcmd_msgs_generate_messages_check_deps_samsung_commdata_actActionResult
[6.598s] [  0%] Built target _samsungcmd_msgs_generate_messages_check_deps_samsung_iosequence_actResult
[6.598s] [  0%] Built target _samsungcmd_msgs_generate_messages_check_deps_samsung_commdata_actActionFeedback
[6.615s] [  0%] Built target _samsungcmd_msgs_generate_messages_check_deps_samsung_alarmHistory
[6.616s] [  0%] Built target _samsungcmd_msgs_generate_messages_check_deps_samsung_iosequence_actActionResult
[6.623s] [  0%] Built target _samsungcmd_msgs_generate_messages_check_deps_samsung_station_id
[6.631s] [  0%] Built target _samsungcmd_msgs_generate_messages_check_deps_samsung_commdata
[6.636s] [  0%] Built target _samsungcmd_msgs_generate_messages_check_deps_samsung_alarmCode
[6.664s] [  0%] Built target _samsungcmd_msgs_generate_messages_check_deps_samsung_commdata_actGoal
[6.711s] [  0%] Built target _samsungcmd_msgs_generate_messages_check_deps_samsung_work_id
[6.712s] [  0%] Built target _samsungcmd_msgs_generate_messages_check_deps_samsung_commdata_actResult
[6.824s] [  0%] Built target std_msgs_generate_messages_eus
[6.853s] [  0%] Built target geometry_msgs_generate_messages_eus
[6.876s] [  0%] Built target _samsungcmd_msgs_generate_messages_check_deps_samsung_commdata_actActionGoal
[6.884s] [  0%] Built target actionlib_msgs_generate_messages_eus
[6.893s] [  0%] Built target _samsungcmd_msgs_generate_messages_check_deps_samsung_cntparamsdata
[6.916s] [  0%] Built target _samsungcmd_msgs_generate_messages_check_deps_samsung_iosequence_actActionGoal
[6.917s] [  0%] Built target _samsungcmd_msgs_generate_messages_check_deps_samsung_commdata_actAction
[6.926s] [  0%] Built target _samsungcmd_msgs_generate_messages_check_deps_samsung_commdata_cmd
[6.931s] [  0%] Built target _samsungcmd_msgs_generate_messages_check_deps_samsung_iosequence_actGoal
[6.977s] [  0%] Built target geometry_msgs_generate_messages_nodejs
[6.988s] [  0%] Built target actionlib_msgs_generate_messages_nodejs
[6.996s] [  0%] Built target _samsungcmd_msgs_generate_messages_check_deps_samsung_iosequence_actFeedback
[7.012s] [  0%] Built target std_msgs_generate_messages_nodejs
[7.012s] [  0%] Built target _samsungcmd_msgs_generate_messages_check_deps_samsung_iosequence_actAction
[7.027s] [  0%] Built target actionlib_msgs_generate_messages_cpp
[7.027s] [  0%] Built target std_srvs_generate_messages_nodejs
[7.028s] [  0%] Built target std_srvs_generate_messages_cpp
[7.042s] [  0%] Built target geometry_msgs_generate_messages_cpp
[7.055s] [  0%] Built target std_srvs_generate_messages_eus
[7.056s] [  0%] Built target std_msgs_generate_messages_cpp
[7.077s] [  0%] Built target _samsungcmd_msgs_generate_messages_check_deps_samsung_commdata_actFeedback
[7.082s] [  0%] Built target std_srvs_generate_messages_lisp
[7.093s] [  0%] Built target std_msgs_generate_messages_py
[7.130s] [  0%] Built target actionlib_msgs_generate_messages_lisp
[7.132s] [  0%] Built target actionlib_msgs_generate_messages_py
[7.162s] [  0%] Built target geometry_msgs_generate_messages_py
[7.163s] [  0%] Built target std_srvs_generate_messages_py
[7.176s] [  0%] Built target std_msgs_generate_messages_lisp
[7.189s] [ 18%] Built target samsungcmd_msgs_generate_messages_nodejs
[7.198s] [ 18%] Built target geometry_msgs_generate_messages_lisp
[7.220s] [ 39%] Built target samsungcmd_msgs_generate_messages_eus
[7.230s] [ 58%] Built target samsungcmd_msgs_generate_messages_cpp
[7.391s] [ 80%] Built target samsungcmd_msgs_generate_messages_py
[7.529s] [100%] Built target samsungcmd_msgs_generate_messages_lisp
[7.675s] [100%] Built target samsungcmd_msgs_generate_messages
[7.817s] [36mInstall the project...[0m
[7.853s] -- Install configuration: ""
[7.853s] -- Up-to-date: /home/handsome/ros_ws_test/install/samsungcmd_msgs/share/samsungcmd_msgs/msg/samsung_commdata.msg
[7.854s] -- Up-to-date: /home/handsome/ros_ws_test/install/samsungcmd_msgs/share/samsungcmd_msgs/msg/samsung_cntparamsdata.msg
[7.854s] -- Up-to-date: /home/handsome/ros_ws_test/install/samsungcmd_msgs/share/samsungcmd_msgs/msg/samsung_station_id.msg
[7.854s] -- Up-to-date: /home/handsome/ros_ws_test/install/samsungcmd_msgs/share/samsungcmd_msgs/msg/samsung_work_id.msg
[7.855s] -- Up-to-date: /home/handsome/ros_ws_test/install/samsungcmd_msgs/share/samsungcmd_msgs/msg/samsung_alarmCode.msg
[7.855s] -- Up-to-date: /home/handsome/ros_ws_test/install/samsungcmd_msgs/share/samsungcmd_msgs/msg/samsung_alarmHistory.msg
[7.855s] -- Up-to-date: /home/handsome/ros_ws_test/install/samsungcmd_msgs/share/samsungcmd_msgs/srv/samsung_commdata_cmd.srv
[7.855s] -- Up-to-date: /home/handsome/ros_ws_test/install/samsungcmd_msgs/share/samsungcmd_msgs/action/samsung_commdata_act.action
[7.856s] -- Up-to-date: /home/handsome/ros_ws_test/install/samsungcmd_msgs/share/samsungcmd_msgs/action/samsung_iosequence_act.action
[7.856s] -- Up-to-date: /home/handsome/ros_ws_test/install/samsungcmd_msgs/share/samsungcmd_msgs/msg/samsung_commdata_actAction.msg
[7.856s] -- Up-to-date: /home/handsome/ros_ws_test/install/samsungcmd_msgs/share/samsungcmd_msgs/msg/samsung_commdata_actActionGoal.msg
[7.856s] -- Up-to-date: /home/handsome/ros_ws_test/install/samsungcmd_msgs/share/samsungcmd_msgs/msg/samsung_commdata_actActionResult.msg
[7.856s] -- Up-to-date: /home/handsome/ros_ws_test/install/samsungcmd_msgs/share/samsungcmd_msgs/msg/samsung_commdata_actActionFeedback.msg
[7.857s] -- Up-to-date: /home/handsome/ros_ws_test/install/samsungcmd_msgs/share/samsungcmd_msgs/msg/samsung_commdata_actGoal.msg
[7.857s] -- Up-to-date: /home/handsome/ros_ws_test/install/samsungcmd_msgs/share/samsungcmd_msgs/msg/samsung_commdata_actResult.msg
[7.857s] -- Up-to-date: /home/handsome/ros_ws_test/install/samsungcmd_msgs/share/samsungcmd_msgs/msg/samsung_commdata_actFeedback.msg
[7.857s] -- Up-to-date: /home/handsome/ros_ws_test/install/samsungcmd_msgs/share/samsungcmd_msgs/msg/samsung_iosequence_actAction.msg
[7.857s] -- Up-to-date: /home/handsome/ros_ws_test/install/samsungcmd_msgs/share/samsungcmd_msgs/msg/samsung_iosequence_actActionGoal.msg
[7.857s] -- Up-to-date: /home/handsome/ros_ws_test/install/samsungcmd_msgs/share/samsungcmd_msgs/msg/samsung_iosequence_actActionResult.msg
[7.858s] -- Up-to-date: /home/handsome/ros_ws_test/install/samsungcmd_msgs/share/samsungcmd_msgs/msg/samsung_iosequence_actActionFeedback.msg
[7.858s] -- Up-to-date: /home/handsome/ros_ws_test/install/samsungcmd_msgs/share/samsungcmd_msgs/msg/samsung_iosequence_actGoal.msg
[7.858s] -- Up-to-date: /home/handsome/ros_ws_test/install/samsungcmd_msgs/share/samsungcmd_msgs/msg/samsung_iosequence_actResult.msg
[7.858s] -- Up-to-date: /home/handsome/ros_ws_test/install/samsungcmd_msgs/share/samsungcmd_msgs/msg/samsung_iosequence_actFeedback.msg
[7.858s] -- Up-to-date: /home/handsome/ros_ws_test/install/samsungcmd_msgs/share/samsungcmd_msgs/cmake/samsungcmd_msgs-msg-paths.cmake
[7.858s] -- Up-to-date: /home/handsome/ros_ws_test/install/samsungcmd_msgs/include/samsungcmd_msgs
[7.858s] -- Up-to-date: /home/handsome/ros_ws_test/install/samsungcmd_msgs/include/samsungcmd_msgs/samsung_iosequence_actResult.h
[7.858s] -- Up-to-date: /home/handsome/ros_ws_test/install/samsungcmd_msgs/include/samsungcmd_msgs/samsung_alarmCode.h
[7.859s] -- Up-to-date: /home/handsome/ros_ws_test/install/samsungcmd_msgs/include/samsungcmd_msgs/samsung_commdata.h
[7.859s] -- Up-to-date: /home/handsome/ros_ws_test/install/samsungcmd_msgs/include/samsungcmd_msgs/samsung_commdata_actResult.h
[7.859s] -- Up-to-date: /home/handsome/ros_ws_test/install/samsungcmd_msgs/include/samsungcmd_msgs/samsung_commdata_cmdResponse.h
[7.859s] -- Up-to-date: /home/handsome/ros_ws_test/install/samsungcmd_msgs/include/samsungcmd_msgs/samsung_commdata_cmdRequest.h
[7.859s] -- Up-to-date: /home/handsome/ros_ws_test/install/samsungcmd_msgs/include/samsungcmd_msgs/samsung_commdata_actActionResult.h
[7.859s] -- Up-to-date: /home/handsome/ros_ws_test/install/samsungcmd_msgs/include/samsungcmd_msgs/samsung_commdata_actGoal.h
[7.859s] -- Up-to-date: /home/handsome/ros_ws_test/install/samsungcmd_msgs/include/samsungcmd_msgs/samsung_iosequence_actActionResult.h
[7.859s] -- Up-to-date: /home/handsome/ros_ws_test/install/samsungcmd_msgs/include/samsungcmd_msgs/samsung_iosequence_actAction.h
[7.860s] -- Up-to-date: /home/handsome/ros_ws_test/install/samsungcmd_msgs/include/samsungcmd_msgs/samsung_cntparamsdata.h
[7.860s] -- Up-to-date: /home/handsome/ros_ws_test/install/samsungcmd_msgs/include/samsungcmd_msgs/samsung_iosequence_actGoal.h
[7.860s] -- Up-to-date: /home/handsome/ros_ws_test/install/samsungcmd_msgs/include/samsungcmd_msgs/samsung_alarmHistory.h
[7.860s] -- Up-to-date: /home/handsome/ros_ws_test/install/samsungcmd_msgs/include/samsungcmd_msgs/samsung_iosequence_actActionGoal.h
[7.861s] -- Up-to-date: /home/handsome/ros_ws_test/install/samsungcmd_msgs/include/samsungcmd_msgs/samsung_commdata_actActionFeedback.h
[7.861s] -- Up-to-date: /home/handsome/ros_ws_test/install/samsungcmd_msgs/include/samsungcmd_msgs/samsung_commdata_cmd.h
[7.861s] -- Up-to-date: /home/handsome/ros_ws_test/install/samsungcmd_msgs/include/samsungcmd_msgs/samsung_iosequence_actFeedback.h
[7.861s] -- Up-to-date: /home/handsome/ros_ws_test/install/samsungcmd_msgs/include/samsungcmd_msgs/samsung_station_id.h
[7.861s] -- Up-to-date: /home/handsome/ros_ws_test/install/samsungcmd_msgs/include/samsungcmd_msgs/samsung_iosequence_actActionFeedback.h
[7.861s] -- Up-to-date: /home/handsome/ros_ws_test/install/samsungcmd_msgs/include/samsungcmd_msgs/samsung_commdata_actActionGoal.h
[7.862s] -- Up-to-date: /home/handsome/ros_ws_test/install/samsungcmd_msgs/include/samsungcmd_msgs/samsung_work_id.h
[7.862s] -- Up-to-date: /home/handsome/ros_ws_test/install/samsungcmd_msgs/include/samsungcmd_msgs/samsung_commdata_actFeedback.h
[7.862s] -- Up-to-date: /home/handsome/ros_ws_test/install/samsungcmd_msgs/include/samsungcmd_msgs/samsung_commdata_actAction.h
[7.862s] -- Up-to-date: /home/handsome/ros_ws_test/install/samsungcmd_msgs/share/roseus/ros/samsungcmd_msgs
[7.862s] -- Up-to-date: /home/handsome/ros_ws_test/install/samsungcmd_msgs/share/roseus/ros/samsungcmd_msgs/msg
[7.862s] -- Up-to-date: /home/handsome/ros_ws_test/install/samsungcmd_msgs/share/roseus/ros/samsungcmd_msgs/msg/samsung_commdata_actActionResult.l
[7.862s] -- Up-to-date: /home/handsome/ros_ws_test/install/samsungcmd_msgs/share/roseus/ros/samsungcmd_msgs/msg/samsung_commdata_actAction.l
[7.863s] -- Up-to-date: /home/handsome/ros_ws_test/install/samsungcmd_msgs/share/roseus/ros/samsungcmd_msgs/msg/samsung_alarmCode.l
[7.863s] -- Up-to-date: /home/handsome/ros_ws_test/install/samsungcmd_msgs/share/roseus/ros/samsungcmd_msgs/msg/samsung_station_id.l
[7.863s] -- Up-to-date: /home/handsome/ros_ws_test/install/samsungcmd_msgs/share/roseus/ros/samsungcmd_msgs/msg/samsung_work_id.l
[7.863s] -- Up-to-date: /home/handsome/ros_ws_test/install/samsungcmd_msgs/share/roseus/ros/samsungcmd_msgs/msg/samsung_iosequence_actAction.l
[7.864s] -- Up-to-date: /home/handsome/ros_ws_test/install/samsungcmd_msgs/share/roseus/ros/samsungcmd_msgs/msg/samsung_iosequence_actActionResult.l
[7.864s] -- Up-to-date: /home/handsome/ros_ws_test/install/samsungcmd_msgs/share/roseus/ros/samsungcmd_msgs/msg/samsung_iosequence_actActionGoal.l
[7.864s] -- Up-to-date: /home/handsome/ros_ws_test/install/samsungcmd_msgs/share/roseus/ros/samsungcmd_msgs/msg/samsung_iosequence_actActionFeedback.l
[7.864s] -- Up-to-date: /home/handsome/ros_ws_test/install/samsungcmd_msgs/share/roseus/ros/samsungcmd_msgs/msg/samsung_iosequence_actGoal.l
[7.864s] -- Up-to-date: /home/handsome/ros_ws_test/install/samsungcmd_msgs/share/roseus/ros/samsungcmd_msgs/msg/samsung_commdata_actActionGoal.l
[7.865s] -- Up-to-date: /home/handsome/ros_ws_test/install/samsungcmd_msgs/share/roseus/ros/samsungcmd_msgs/msg/samsung_alarmHistory.l
[7.865s] -- Up-to-date: /home/handsome/ros_ws_test/install/samsungcmd_msgs/share/roseus/ros/samsungcmd_msgs/msg/samsung_commdata_actResult.l
[7.865s] -- Up-to-date: /home/handsome/ros_ws_test/install/samsungcmd_msgs/share/roseus/ros/samsungcmd_msgs/msg/samsung_commdata_actGoal.l
[7.865s] -- Up-to-date: /home/handsome/ros_ws_test/install/samsungcmd_msgs/share/roseus/ros/samsungcmd_msgs/msg/samsung_commdata.l
[7.866s] -- Up-to-date: /home/handsome/ros_ws_test/install/samsungcmd_msgs/share/roseus/ros/samsungcmd_msgs/msg/samsung_iosequence_actResult.l
[7.866s] -- Up-to-date: /home/handsome/ros_ws_test/install/samsungcmd_msgs/share/roseus/ros/samsungcmd_msgs/msg/samsung_commdata_actActionFeedback.l
[7.866s] -- Up-to-date: /home/handsome/ros_ws_test/install/samsungcmd_msgs/share/roseus/ros/samsungcmd_msgs/msg/samsung_commdata_actFeedback.l
[7.867s] -- Up-to-date: /home/handsome/ros_ws_test/install/samsungcmd_msgs/share/roseus/ros/samsungcmd_msgs/msg/samsung_iosequence_actFeedback.l
[7.867s] -- Up-to-date: /home/handsome/ros_ws_test/install/samsungcmd_msgs/share/roseus/ros/samsungcmd_msgs/msg/samsung_cntparamsdata.l
[7.867s] -- Up-to-date: /home/handsome/ros_ws_test/install/samsungcmd_msgs/share/roseus/ros/samsungcmd_msgs/manifest.l
[7.867s] -- Up-to-date: /home/handsome/ros_ws_test/install/samsungcmd_msgs/share/roseus/ros/samsungcmd_msgs/srv
[7.867s] -- Up-to-date: /home/handsome/ros_ws_test/install/samsungcmd_msgs/share/roseus/ros/samsungcmd_msgs/srv/samsung_commdata_cmd.l
[7.868s] -- Up-to-date: /home/handsome/ros_ws_test/install/samsungcmd_msgs/share/common-lisp/ros/samsungcmd_msgs
[7.868s] -- Up-to-date: /home/handsome/ros_ws_test/install/samsungcmd_msgs/share/common-lisp/ros/samsungcmd_msgs/msg
[7.868s] -- Up-to-date: /home/handsome/ros_ws_test/install/samsungcmd_msgs/share/common-lisp/ros/samsungcmd_msgs/msg/samsung_iosequence_actAction.lisp
[7.869s] -- Up-to-date: /home/handsome/ros_ws_test/install/samsungcmd_msgs/share/common-lisp/ros/samsungcmd_msgs/msg/samsung_commdata_actActionFeedback.lisp
[7.869s] -- Up-to-date: /home/handsome/ros_ws_test/install/samsungcmd_msgs/share/common-lisp/ros/samsungcmd_msgs/msg/samsung_iosequence_actResult.lisp
[7.869s] -- Up-to-date: /home/handsome/ros_ws_test/install/samsungcmd_msgs/share/common-lisp/ros/samsungcmd_msgs/msg/samsung_alarmCode.lisp
[7.869s] -- Up-to-date: /home/handsome/ros_ws_test/install/samsungcmd_msgs/share/common-lisp/ros/samsungcmd_msgs/msg/_package_samsung_iosequence_actActionGoal.lisp
[7.870s] -- Up-to-date: /home/handsome/ros_ws_test/install/samsungcmd_msgs/share/common-lisp/ros/samsungcmd_msgs/msg/samsung_alarmHistory.lisp
[7.870s] -- Up-to-date: /home/handsome/ros_ws_test/install/samsungcmd_msgs/share/common-lisp/ros/samsungcmd_msgs/msg/_package_samsung_commdata_actFeedback.lisp
[7.870s] -- Up-to-date: /home/handsome/ros_ws_test/install/samsungcmd_msgs/share/common-lisp/ros/samsungcmd_msgs/msg/samsung_cntparamsdata.lisp
[7.871s] -- Up-to-date: /home/handsome/ros_ws_test/install/samsungcmd_msgs/share/common-lisp/ros/samsungcmd_msgs/msg/_package_samsung_iosequence_actResult.lisp
[7.871s] -- Up-to-date: /home/handsome/ros_ws_test/install/samsungcmd_msgs/share/common-lisp/ros/samsungcmd_msgs/msg/_package_samsung_iosequence_actActionFeedback.lisp
[7.871s] -- Up-to-date: /home/handsome/ros_ws_test/install/samsungcmd_msgs/share/common-lisp/ros/samsungcmd_msgs/msg/_package_samsung_station_id.lisp
[7.871s] -- Up-to-date: /home/handsome/ros_ws_test/install/samsungcmd_msgs/share/common-lisp/ros/samsungcmd_msgs/msg/_package_samsung_alarmHistory.lisp
[7.871s] -- Up-to-date: /home/handsome/ros_ws_test/install/samsungcmd_msgs/share/common-lisp/ros/samsungcmd_msgs/msg/samsung_station_id.lisp
[7.872s] -- Up-to-date: /home/handsome/ros_ws_test/install/samsungcmd_msgs/share/common-lisp/ros/samsungcmd_msgs/msg/_package_samsung_cntparamsdata.lisp
[7.872s] -- Up-to-date: /home/handsome/ros_ws_test/install/samsungcmd_msgs/share/common-lisp/ros/samsungcmd_msgs/msg/_package_samsung_work_id.lisp
[7.872s] -- Up-to-date: /home/handsome/ros_ws_test/install/samsungcmd_msgs/share/common-lisp/ros/samsungcmd_msgs/msg/samsung_commdata_actFeedback.lisp
[7.872s] -- Up-to-date: /home/handsome/ros_ws_test/install/samsungcmd_msgs/share/common-lisp/ros/samsungcmd_msgs/msg/_package_samsung_iosequence_actFeedback.lisp
[7.872s] -- Up-to-date: /home/handsome/ros_ws_test/install/samsungcmd_msgs/share/common-lisp/ros/samsungcmd_msgs/msg/samsung_commdata_actAction.lisp
[7.873s] -- Up-to-date: /home/handsome/ros_ws_test/install/samsungcmd_msgs/share/common-lisp/ros/samsungcmd_msgs/msg/samsung_iosequence_actActionResult.lisp
[7.873s] -- Up-to-date: /home/handsome/ros_ws_test/install/samsungcmd_msgs/share/common-lisp/ros/samsungcmd_msgs/msg/_package.lisp
[7.874s] -- Up-to-date: /home/handsome/ros_ws_test/install/samsungcmd_msgs/share/common-lisp/ros/samsungcmd_msgs/msg/_package_samsung_commdata_actAction.lisp
[7.874s] -- Up-to-date: /home/handsome/ros_ws_test/install/samsungcmd_msgs/share/common-lisp/ros/samsungcmd_msgs/msg/_package_samsung_commdata_actActionGoal.lisp
[7.874s] -- Up-to-date: /home/handsome/ros_ws_test/install/samsungcmd_msgs/share/common-lisp/ros/samsungcmd_msgs/msg/samsungcmd_msgs-msg.asd
[7.874s] -- Up-to-date: /home/handsome/ros_ws_test/install/samsungcmd_msgs/share/common-lisp/ros/samsungcmd_msgs/msg/_package_samsung_commdata_actActionFeedback.lisp
[7.875s] -- Up-to-date: /home/handsome/ros_ws_test/install/samsungcmd_msgs/share/common-lisp/ros/samsungcmd_msgs/msg/samsung_iosequence_actActionFeedback.lisp
[7.876s] -- Up-to-date: /home/handsome/ros_ws_test/install/samsungcmd_msgs/share/common-lisp/ros/samsungcmd_msgs/msg/_package_samsung_commdata_actGoal.lisp
[7.876s] -- Up-to-date: /home/handsome/ros_ws_test/install/samsungcmd_msgs/share/common-lisp/ros/samsungcmd_msgs/msg/samsung_iosequence_actGoal.lisp
[7.877s] -- Up-to-date: /home/handsome/ros_ws_test/install/samsungcmd_msgs/share/common-lisp/ros/samsungcmd_msgs/msg/samsung_commdata.lisp
[7.878s] -- Up-to-date: /home/handsome/ros_ws_test/install/samsungcmd_msgs/share/common-lisp/ros/samsungcmd_msgs/msg/samsung_commdata_actGoal.lisp
[7.879s] -- Up-to-date: /home/handsome/ros_ws_test/install/samsungcmd_msgs/share/common-lisp/ros/samsungcmd_msgs/msg/samsung_commdata_actResult.lisp
[7.879s] -- Up-to-date: /home/handsome/ros_ws_test/install/samsungcmd_msgs/share/common-lisp/ros/samsungcmd_msgs/msg/_package_samsung_commdata_actActionResult.lisp
[7.879s] -- Up-to-date: /home/handsome/ros_ws_test/install/samsungcmd_msgs/share/common-lisp/ros/samsungcmd_msgs/msg/_package_samsung_commdata_actResult.lisp
[7.879s] -- Up-to-date: /home/handsome/ros_ws_test/install/samsungcmd_msgs/share/common-lisp/ros/samsungcmd_msgs/msg/_package_samsung_iosequence_actAction.lisp
[7.881s] -- Up-to-date: /home/handsome/ros_ws_test/install/samsungcmd_msgs/share/common-lisp/ros/samsungcmd_msgs/msg/samsung_iosequence_actActionGoal.lisp
[7.881s] -- Up-to-date: /home/handsome/ros_ws_test/install/samsungcmd_msgs/share/common-lisp/ros/samsungcmd_msgs/msg/_package_samsung_alarmCode.lisp
[7.881s] -- Up-to-date: /home/handsome/ros_ws_test/install/samsungcmd_msgs/share/common-lisp/ros/samsungcmd_msgs/msg/samsung_iosequence_actFeedback.lisp
[7.881s] -- Up-to-date: /home/handsome/ros_ws_test/install/samsungcmd_msgs/share/common-lisp/ros/samsungcmd_msgs/msg/_package_samsung_iosequence_actActionResult.lisp
[7.881s] -- Up-to-date: /home/handsome/ros_ws_test/install/samsungcmd_msgs/share/common-lisp/ros/samsungcmd_msgs/msg/samsung_commdata_actActionResult.lisp
[7.882s] -- Up-to-date: /home/handsome/ros_ws_test/install/samsungcmd_msgs/share/common-lisp/ros/samsungcmd_msgs/msg/_package_samsung_iosequence_actGoal.lisp
[7.882s] -- Up-to-date: /home/handsome/ros_ws_test/install/samsungcmd_msgs/share/common-lisp/ros/samsungcmd_msgs/msg/samsung_commdata_actActionGoal.lisp
[7.882s] -- Up-to-date: /home/handsome/ros_ws_test/install/samsungcmd_msgs/share/common-lisp/ros/samsungcmd_msgs/msg/_package_samsung_commdata.lisp
[7.882s] -- Up-to-date: /home/handsome/ros_ws_test/install/samsungcmd_msgs/share/common-lisp/ros/samsungcmd_msgs/msg/samsung_work_id.lisp
[7.883s] -- Up-to-date: /home/handsome/ros_ws_test/install/samsungcmd_msgs/share/common-lisp/ros/samsungcmd_msgs/srv
[7.884s] -- Up-to-date: /home/handsome/ros_ws_test/install/samsungcmd_msgs/share/common-lisp/ros/samsungcmd_msgs/srv/samsung_commdata_cmd.lisp
[7.884s] -- Up-to-date: /home/handsome/ros_ws_test/install/samsungcmd_msgs/share/common-lisp/ros/samsungcmd_msgs/srv/_package.lisp
[7.884s] -- Up-to-date: /home/handsome/ros_ws_test/install/samsungcmd_msgs/share/common-lisp/ros/samsungcmd_msgs/srv/_package_samsung_commdata_cmd.lisp
[7.884s] -- Up-to-date: /home/handsome/ros_ws_test/install/samsungcmd_msgs/share/common-lisp/ros/samsungcmd_msgs/srv/samsungcmd_msgs-srv.asd
[7.884s] -- Up-to-date: /home/handsome/ros_ws_test/install/samsungcmd_msgs/share/gennodejs/ros/samsungcmd_msgs
[7.884s] -- Up-to-date: /home/handsome/ros_ws_test/install/samsungcmd_msgs/share/gennodejs/ros/samsungcmd_msgs/msg
[7.885s] -- Up-to-date: /home/handsome/ros_ws_test/install/samsungcmd_msgs/share/gennodejs/ros/samsungcmd_msgs/msg/samsung_commdata_actActionGoal.js
[7.885s] -- Up-to-date: /home/handsome/ros_ws_test/install/samsungcmd_msgs/share/gennodejs/ros/samsungcmd_msgs/msg/samsung_work_id.js
[7.885s] -- Up-to-date: /home/handsome/ros_ws_test/install/samsungcmd_msgs/share/gennodejs/ros/samsungcmd_msgs/msg/samsung_iosequence_actAction.js
[7.885s] -- Up-to-date: /home/handsome/ros_ws_test/install/samsungcmd_msgs/share/gennodejs/ros/samsungcmd_msgs/msg/samsung_station_id.js
[7.885s] -- Up-to-date: /home/handsome/ros_ws_test/install/samsungcmd_msgs/share/gennodejs/ros/samsungcmd_msgs/msg/samsung_iosequence_actActionFeedback.js
[7.885s] -- Up-to-date: /home/handsome/ros_ws_test/install/samsungcmd_msgs/share/gennodejs/ros/samsungcmd_msgs/msg/samsung_iosequence_actActionResult.js
[7.885s] -- Up-to-date: /home/handsome/ros_ws_test/install/samsungcmd_msgs/share/gennodejs/ros/samsungcmd_msgs/msg/_index.js
[7.885s] -- Up-to-date: /home/handsome/ros_ws_test/install/samsungcmd_msgs/share/gennodejs/ros/samsungcmd_msgs/msg/samsung_commdata_actActionResult.js
[7.886s] -- Up-to-date: /home/handsome/ros_ws_test/install/samsungcmd_msgs/share/gennodejs/ros/samsungcmd_msgs/msg/samsung_cntparamsdata.js
[7.886s] -- Up-to-date: /home/handsome/ros_ws_test/install/samsungcmd_msgs/share/gennodejs/ros/samsungcmd_msgs/msg/samsung_alarmHistory.js
[7.886s] -- Up-to-date: /home/handsome/ros_ws_test/install/samsungcmd_msgs/share/gennodejs/ros/samsungcmd_msgs/msg/samsung_iosequence_actFeedback.js
[7.887s] -- Up-to-date: /home/handsome/ros_ws_test/install/samsungcmd_msgs/share/gennodejs/ros/samsungcmd_msgs/msg/samsung_commdata_actGoal.js
[7.887s] -- Up-to-date: /home/handsome/ros_ws_test/install/samsungcmd_msgs/share/gennodejs/ros/samsungcmd_msgs/msg/samsung_iosequence_actResult.js
[7.887s] -- Up-to-date: /home/handsome/ros_ws_test/install/samsungcmd_msgs/share/gennodejs/ros/samsungcmd_msgs/msg/samsung_commdata.js
[7.887s] -- Up-to-date: /home/handsome/ros_ws_test/install/samsungcmd_msgs/share/gennodejs/ros/samsungcmd_msgs/msg/samsung_commdata_actAction.js
[7.887s] -- Up-to-date: /home/handsome/ros_ws_test/install/samsungcmd_msgs/share/gennodejs/ros/samsungcmd_msgs/msg/samsung_iosequence_actGoal.js
[7.887s] -- Up-to-date: /home/handsome/ros_ws_test/install/samsungcmd_msgs/share/gennodejs/ros/samsungcmd_msgs/msg/samsung_commdata_actFeedback.js
[7.887s] -- Up-to-date: /home/handsome/ros_ws_test/install/samsungcmd_msgs/share/gennodejs/ros/samsungcmd_msgs/msg/samsung_commdata_actActionFeedback.js
[7.888s] -- Up-to-date: /home/handsome/ros_ws_test/install/samsungcmd_msgs/share/gennodejs/ros/samsungcmd_msgs/msg/samsung_alarmCode.js
[7.888s] -- Up-to-date: /home/handsome/ros_ws_test/install/samsungcmd_msgs/share/gennodejs/ros/samsungcmd_msgs/msg/samsung_iosequence_actActionGoal.js
[7.888s] -- Up-to-date: /home/handsome/ros_ws_test/install/samsungcmd_msgs/share/gennodejs/ros/samsungcmd_msgs/msg/samsung_commdata_actResult.js
[7.888s] -- Up-to-date: /home/handsome/ros_ws_test/install/samsungcmd_msgs/share/gennodejs/ros/samsungcmd_msgs/_index.js
[7.888s] -- Up-to-date: /home/handsome/ros_ws_test/install/samsungcmd_msgs/share/gennodejs/ros/samsungcmd_msgs/srv
[7.888s] -- Up-to-date: /home/handsome/ros_ws_test/install/samsungcmd_msgs/share/gennodejs/ros/samsungcmd_msgs/srv/_index.js
[7.889s] -- Up-to-date: /home/handsome/ros_ws_test/install/samsungcmd_msgs/share/gennodejs/ros/samsungcmd_msgs/srv/samsung_commdata_cmd.js
[7.943s] Listing /home/handsome/ros_ws_test/build/samsungcmd_msgs/devel/lib/python2.7/dist-packages/samsungcmd_msgs ...
[7.944s] Listing /home/handsome/ros_ws_test/build/samsungcmd_msgs/devel/lib/python2.7/dist-packages/samsungcmd_msgs/msg ...
[7.944s] Listing /home/handsome/ros_ws_test/build/samsungcmd_msgs/devel/lib/python2.7/dist-packages/samsungcmd_msgs/srv ...
[7.947s] -- Up-to-date: /home/handsome/ros_ws_test/install/samsungcmd_msgs/lib/python2.7/dist-packages/samsungcmd_msgs
[7.947s] -- Up-to-date: /home/handsome/ros_ws_test/install/samsungcmd_msgs/lib/python2.7/dist-packages/samsungcmd_msgs/msg
[7.947s] -- Up-to-date: /home/handsome/ros_ws_test/install/samsungcmd_msgs/lib/python2.7/dist-packages/samsungcmd_msgs/msg/_samsung_commdata_actActionResult.pyc
[7.947s] -- Up-to-date: /home/handsome/ros_ws_test/install/samsungcmd_msgs/lib/python2.7/dist-packages/samsungcmd_msgs/msg/_samsung_commdata_actActionResult.py
[7.948s] -- Up-to-date: /home/handsome/ros_ws_test/install/samsungcmd_msgs/lib/python2.7/dist-packages/samsungcmd_msgs/msg/_samsung_commdata_actActionGoal.py
[7.948s] -- Up-to-date: /home/handsome/ros_ws_test/install/samsungcmd_msgs/lib/python2.7/dist-packages/samsungcmd_msgs/msg/_samsung_station_id.py
[7.948s] -- Up-to-date: /home/handsome/ros_ws_test/install/samsungcmd_msgs/lib/python2.7/dist-packages/samsungcmd_msgs/msg/_samsung_commdata_actFeedback.py
[7.948s] -- Up-to-date: /home/handsome/ros_ws_test/install/samsungcmd_msgs/lib/python2.7/dist-packages/samsungcmd_msgs/msg/_samsung_iosequence_actFeedback.py
[7.948s] -- Up-to-date: /home/handsome/ros_ws_test/install/samsungcmd_msgs/lib/python2.7/dist-packages/samsungcmd_msgs/msg/_samsung_station_id.pyc
[7.948s] -- Up-to-date: /home/handsome/ros_ws_test/install/samsungcmd_msgs/lib/python2.7/dist-packages/samsungcmd_msgs/msg/_samsung_commdata_actResult.pyc
[7.948s] -- Up-to-date: /home/handsome/ros_ws_test/install/samsungcmd_msgs/lib/python2.7/dist-packages/samsungcmd_msgs/msg/_samsung_iosequence_actActionFeedback.py
[7.948s] -- Up-to-date: /home/handsome/ros_ws_test/install/samsungcmd_msgs/lib/python2.7/dist-packages/samsungcmd_msgs/msg/__init__.py
[7.949s] -- Up-to-date: /home/handsome/ros_ws_test/install/samsungcmd_msgs/lib/python2.7/dist-packages/samsungcmd_msgs/msg/_samsung_commdata.pyc
[7.949s] -- Up-to-date: /home/handsome/ros_ws_test/install/samsungcmd_msgs/lib/python2.7/dist-packages/samsungcmd_msgs/msg/_samsung_iosequence_actActionGoal.py
[7.949s] -- Up-to-date: /home/handsome/ros_ws_test/install/samsungcmd_msgs/lib/python2.7/dist-packages/samsungcmd_msgs/msg/_samsung_commdata_actActionFeedback.py
[7.950s] -- Up-to-date: /home/handsome/ros_ws_test/install/samsungcmd_msgs/lib/python2.7/dist-packages/samsungcmd_msgs/msg/_samsung_iosequence_actActionGoal.pyc
[7.950s] -- Up-to-date: /home/handsome/ros_ws_test/install/samsungcmd_msgs/lib/python2.7/dist-packages/samsungcmd_msgs/msg/_samsung_iosequence_actGoal.pyc
[7.950s] -- Up-to-date: /home/handsome/ros_ws_test/install/samsungcmd_msgs/lib/python2.7/dist-packages/samsungcmd_msgs/msg/_samsung_commdata_actActionGoal.pyc
[7.950s] -- Up-to-date: /home/handsome/ros_ws_test/install/samsungcmd_msgs/lib/python2.7/dist-packages/samsungcmd_msgs/msg/_samsung_iosequence_actResult.py
[7.951s] -- Up-to-date: /home/handsome/ros_ws_test/install/samsungcmd_msgs/lib/python2.7/dist-packages/samsungcmd_msgs/msg/_samsung_iosequence_actActionResult.pyc
[7.951s] -- Up-to-date: /home/handsome/ros_ws_test/install/samsungcmd_msgs/lib/python2.7/dist-packages/samsungcmd_msgs/msg/_samsung_work_id.pyc
[7.951s] -- Up-to-date: /home/handsome/ros_ws_test/install/samsungcmd_msgs/lib/python2.7/dist-packages/samsungcmd_msgs/msg/_samsung_iosequence_actResult.pyc
[7.951s] -- Up-to-date: /home/handsome/ros_ws_test/install/samsungcmd_msgs/lib/python2.7/dist-packages/samsungcmd_msgs/msg/_samsung_commdata_actFeedback.pyc
[7.951s] -- Up-to-date: /home/handsome/ros_ws_test/install/samsungcmd_msgs/lib/python2.7/dist-packages/samsungcmd_msgs/msg/_samsung_iosequence_actFeedback.pyc
[7.951s] -- Up-to-date: /home/handsome/ros_ws_test/install/samsungcmd_msgs/lib/python2.7/dist-packages/samsungcmd_msgs/msg/_samsung_iosequence_actAction.pyc
[7.951s] -- Up-to-date: /home/handsome/ros_ws_test/install/samsungcmd_msgs/lib/python2.7/dist-packages/samsungcmd_msgs/msg/_samsung_alarmCode.pyc
[7.951s] -- Up-to-date: /home/handsome/ros_ws_test/install/samsungcmd_msgs/lib/python2.7/dist-packages/samsungcmd_msgs/msg/_samsung_commdata_actResult.py
[7.951s] -- Up-to-date: /home/handsome/ros_ws_test/install/samsungcmd_msgs/lib/python2.7/dist-packages/samsungcmd_msgs/msg/_samsung_cntparamsdata.py
[7.953s] -- Up-to-date: /home/handsome/ros_ws_test/install/samsungcmd_msgs/lib/python2.7/dist-packages/samsungcmd_msgs/msg/_samsung_commdata_actActionFeedback.pyc
[7.953s] -- Up-to-date: /home/handsome/ros_ws_test/install/samsungcmd_msgs/lib/python2.7/dist-packages/samsungcmd_msgs/msg/_samsung_alarmHistory.pyc
[7.953s] -- Up-to-date: /home/handsome/ros_ws_test/install/samsungcmd_msgs/lib/python2.7/dist-packages/samsungcmd_msgs/msg/_samsung_commdata.py
[7.953s] -- Up-to-date: /home/handsome/ros_ws_test/install/samsungcmd_msgs/lib/python2.7/dist-packages/samsungcmd_msgs/msg/_samsung_iosequence_actGoal.py
[7.953s] -- Up-to-date: /home/handsome/ros_ws_test/install/samsungcmd_msgs/lib/python2.7/dist-packages/samsungcmd_msgs/msg/_samsung_cntparamsdata.pyc
[7.954s] -- Up-to-date: /home/handsome/ros_ws_test/install/samsungcmd_msgs/lib/python2.7/dist-packages/samsungcmd_msgs/msg/_samsung_iosequence_actActionFeedback.pyc
[7.954s] -- Up-to-date: /home/handsome/ros_ws_test/install/samsungcmd_msgs/lib/python2.7/dist-packages/samsungcmd_msgs/msg/_samsung_commdata_actAction.py
[7.954s] -- Up-to-date: /home/handsome/ros_ws_test/install/samsungcmd_msgs/lib/python2.7/dist-packages/samsungcmd_msgs/msg/_samsung_commdata_actGoal.py
[7.954s] -- Up-to-date: /home/handsome/ros_ws_test/install/samsungcmd_msgs/lib/python2.7/dist-packages/samsungcmd_msgs/msg/_samsung_iosequence_actAction.py
[7.954s] -- Up-to-date: /home/handsome/ros_ws_test/install/samsungcmd_msgs/lib/python2.7/dist-packages/samsungcmd_msgs/msg/_samsung_alarmCode.py
[7.954s] -- Up-to-date: /home/handsome/ros_ws_test/install/samsungcmd_msgs/lib/python2.7/dist-packages/samsungcmd_msgs/msg/__init__.pyc
[7.954s] -- Up-to-date: /home/handsome/ros_ws_test/install/samsungcmd_msgs/lib/python2.7/dist-packages/samsungcmd_msgs/msg/_samsung_commdata_actGoal.pyc
[7.954s] -- Up-to-date: /home/handsome/ros_ws_test/install/samsungcmd_msgs/lib/python2.7/dist-packages/samsungcmd_msgs/msg/_samsung_commdata_actAction.pyc
[7.954s] -- Up-to-date: /home/handsome/ros_ws_test/install/samsungcmd_msgs/lib/python2.7/dist-packages/samsungcmd_msgs/msg/_samsung_iosequence_actActionResult.py
[7.955s] -- Up-to-date: /home/handsome/ros_ws_test/install/samsungcmd_msgs/lib/python2.7/dist-packages/samsungcmd_msgs/msg/_samsung_work_id.py
[7.955s] -- Up-to-date: /home/handsome/ros_ws_test/install/samsungcmd_msgs/lib/python2.7/dist-packages/samsungcmd_msgs/msg/_samsung_alarmHistory.py
[7.956s] -- Up-to-date: /home/handsome/ros_ws_test/install/samsungcmd_msgs/lib/python2.7/dist-packages/samsungcmd_msgs/__init__.py
[7.956s] -- Up-to-date: /home/handsome/ros_ws_test/install/samsungcmd_msgs/lib/python2.7/dist-packages/samsungcmd_msgs/srv
[7.956s] -- Up-to-date: /home/handsome/ros_ws_test/install/samsungcmd_msgs/lib/python2.7/dist-packages/samsungcmd_msgs/srv/__init__.py
[7.956s] -- Up-to-date: /home/handsome/ros_ws_test/install/samsungcmd_msgs/lib/python2.7/dist-packages/samsungcmd_msgs/srv/_samsung_commdata_cmd.pyc
[7.957s] -- Up-to-date: /home/handsome/ros_ws_test/install/samsungcmd_msgs/lib/python2.7/dist-packages/samsungcmd_msgs/srv/_samsung_commdata_cmd.py
[7.957s] -- Up-to-date: /home/handsome/ros_ws_test/install/samsungcmd_msgs/lib/python2.7/dist-packages/samsungcmd_msgs/srv/__init__.pyc
[7.960s] -- Up-to-date: /home/handsome/ros_ws_test/install/samsungcmd_msgs/lib/python2.7/dist-packages/samsungcmd_msgs/__init__.pyc
[7.961s] -- Up-to-date: /home/handsome/ros_ws_test/install/samsungcmd_msgs/lib/pkgconfig/samsungcmd_msgs.pc
[7.962s] -- Up-to-date: /home/handsome/ros_ws_test/install/samsungcmd_msgs/share/samsungcmd_msgs/cmake/samsungcmd_msgs-msg-extras.cmake
[7.962s] -- Up-to-date: /home/handsome/ros_ws_test/install/samsungcmd_msgs/share/samsungcmd_msgs/cmake/samsungcmd_msgsConfig.cmake
[7.962s] -- Up-to-date: /home/handsome/ros_ws_test/install/samsungcmd_msgs/share/samsungcmd_msgs/cmake/samsungcmd_msgsConfig-version.cmake
[7.963s] -- Up-to-date: /home/handsome/ros_ws_test/install/samsungcmd_msgs/share/samsungcmd_msgs/package.xml
[7.963s] Invoked command in '/home/handsome/ros_ws_test/build/samsungcmd_msgs' returned '0': /usr/bin/cmake --build /home/handsome/ros_ws_test/build/samsungcmd_msgs --target install -- -j12 -l12
