[0.295s] Invoking command in '/home/handsome/ros_ws_test/build/nav_grid_iterators': CMAKE_PREFIX_PATH=/home/handsome/ros_ws_test/install/nav_2d_utils:/home/handsome/ros_ws_test/install/nav_core2:/home/handsome/ros_ws_test/install/nav_grid:/home/handsome/ros_ws_test/install/nav_2d_msgs:${CMAKE_PREFIX_PATH} LD_LIBRARY_PATH=/home/handsome/ros_ws_test/install/nav_2d_utils/lib:/home/handsome/ros_ws_test/install/nav_core2/lib:/home/handsome/ros_ws/install/yocs_cmd_vel_mux/lib:/home/handsome/ros_ws/install/tuw_multi_robot_router/lib:/home/handsome/ros_ws/install/tuw_voronoi_graph/lib:/home/handsome/ros_ws/install/tuw_vehicle_msgs/lib:/home/handsome/ros_ws/install/tuw_nav_rviz/lib:/home/handsome/ros_ws/install/tuw_multi_robot_local_behavior_controller/lib:/home/handsome/ros_ws/install/tuw_multi_robot_ctrl/lib:/home/handsome/ros_ws/install/tuw_nav_msgs/lib:/home/handsome/ros_ws/install/tuw_multi_robot_rviz/lib:/home/handsome/ros_ws/install/tuw_geometry_rviz/lib:/home/handsome/ros_ws/install/tuw_geometry_msgs/lib:/home/handsome/ros_ws/install/tuw_geometry/lib:/home/handsome/ros_ws/install/tuw_control/lib:/home/handsome/ros_ws/install/teb2_local_planner/lib:/home/handsome/ros_ws/install/spatio_temporal_voxel_layer/lib:/home/handsome/ros_ws/install/robot_database_bridge/lib:/home/handsome/ros_ws/install/ros_utility_tools/lib:/home/handsome/ros_ws/install/robot_localization/lib:/home/handsome/ros_ws/install/pnp_ros/lib:/home/handsome/ros_ws/install/omron_os32c_driver/lib:/home/handsome/ros_ws/install/dlux_plugins/lib:/home/handsome/ros_ws/install/dlux_global_planner/lib:/home/handsome/ros_ws/install/nav_grid_pub_sub/lib:/home/handsome/ros_ws/install/dwb_critics/lib:/home/handsome/ros_ws/install/nav_grid_iterators/lib:/home/handsome/ros_ws/install/locomotor/lib:/home/handsome/ros_ws/install/nav_core_adapter/lib:/home/handsome/ros_ws/install/dwb_plugins/lib:/home/handsome/ros_ws/install/dwb_local_planner/lib:/home/handsome/ros_ws/install/nav_2d_utils/lib:/home/handsome/ros_ws/install/global_planner_tests/lib:/home/handsome/ros_ws/install/costmap_queue/lib:/home/handsome/ros_ws/install/nav_core2/lib:/home/handsome/ros_ws/install/mongodb_store/lib:/home/handsome/ros_ws/install/libcreate/lib:/opt/ros/melodic/lib:/usr/local/lib PKG_CONFIG_PATH=/home/handsome/ros_ws_test/install/nav_2d_utils/lib/x86_64-linux-gnu/pkgconfig:/home/handsome/ros_ws_test/install/nav_2d_utils/lib/pkgconfig:/home/handsome/ros_ws_test/install/nav_core2/lib/x86_64-linux-gnu/pkgconfig:/home/handsome/ros_ws_test/install/nav_core2/lib/pkgconfig:/home/handsome/ros_ws_test/install/nav_grid/lib/x86_64-linux-gnu/pkgconfig:/home/handsome/ros_ws_test/install/nav_grid/lib/pkgconfig:/home/handsome/ros_ws_test/install/nav_2d_msgs/lib/x86_64-linux-gnu/pkgconfig:/home/handsome/ros_ws_test/install/nav_2d_msgs/lib/pkgconfig:${PKG_CONFIG_PATH} PYTHONPATH=/home/handsome/ros_ws_test/install/nav_2d_msgs/lib/python2.7/dist-packages:${PYTHONPATH} ROS_PACKAGE_PATH=/home/handsome/ros_ws_test/install/nav_2d_utils/share:/home/handsome/ros_ws_test/install/nav_core2/share:/home/handsome/ros_ws_test/install/nav_grid/share:/home/handsome/ros_ws_test/install/nav_2d_msgs/share:${ROS_PACKAGE_PATH} /usr/bin/cmake --build /home/handsome/ros_ws_test/build/nav_grid_iterators -- -j12 -l12
[0.529s] [  0%] Built target nav_2d_msgs_generate_messages_nodejs
[0.530s] [  0%] Built target nav_2d_msgs_generate_messages_cpp
[0.539s] [  0%] Built target geometry_msgs_generate_messages_eus
[0.539s] [  0%] Built target roscpp_generate_messages_cpp
[0.557s] [  0%] Built target rosgraph_msgs_generate_messages_cpp
[0.558s] [  0%] Built target std_msgs_generate_messages_cpp
[0.558s] [  0%] Built target actionlib_generate_messages_eus
[0.569s] [  0%] Built target actionlib_generate_messages_cpp
[0.570s] [  0%] Built target actionlib_msgs_generate_messages_lisp
[0.577s] [  0%] Built target actionlib_msgs_generate_messages_py
[0.605s] [  0%] Built target roscpp_generate_messages_py
[0.613s] [  0%] Built target geometry_msgs_generate_messages_nodejs
[0.624s] [  0%] Built target nav_msgs_generate_messages_nodejs
[0.645s] [  0%] Built target geometry_msgs_generate_messages_lisp
[0.648s] [  0%] Built target tf2_msgs_generate_messages_cpp
[0.649s] [  0%] Built target nav_2d_msgs_generate_messages_eus
[0.651s] [  0%] Built target actionlib_generate_messages_lisp
[0.661s] [  0%] Built target geometry_msgs_generate_messages_cpp
[0.662s] [  0%] Built target nav_2d_msgs_generate_messages_py
[0.664s] [  0%] Built target rosgraph_msgs_generate_messages_eus
[0.703s] [  0%] Built target rosgraph_msgs_generate_messages_lisp
[0.710s] [  0%] Built target rosgraph_msgs_generate_messages_nodejs
[0.715s] [  0%] Built target rosgraph_msgs_generate_messages_py
[0.726s] [  0%] Built target roscpp_generate_messages_eus
[0.727s] [  0%] Built target actionlib_msgs_generate_messages_eus
[0.739s] [  0%] Built target actionlib_generate_messages_py
[0.774s] [  0%] Built target tf2_msgs_generate_messages_py
[0.774s] [ 84%] Built target nav_grid_iterators
[0.774s] [ 84%] Built target tf2_msgs_generate_messages_nodejs
[0.776s] [ 84%] Built target sensor_msgs_generate_messages_nodejs
[0.884s] [ 84%] Built target std_msgs_generate_messages_py
[0.904s] [ 84%] Built target roscpp_generate_messages_nodejs
[0.914s] [ 84%] Built target std_msgs_generate_messages_eus
[0.914s] [ 84%] Built target std_msgs_generate_messages_lisp
[0.914s] [ 84%] Built target std_msgs_generate_messages_nodejs
[0.920s] [ 84%] Built target actionlib_msgs_generate_messages_nodejs
[0.922s] [ 84%] Built target nav_2d_msgs_generate_messages_lisp
[0.925s] [ 84%] Built target sensor_msgs_generate_messages_lisp
[0.959s] [ 84%] Built target geometry_msgs_generate_messages_py
[0.991s] [ 84%] Built target roscpp_generate_messages_lisp
[0.997s] [ 84%] Built target nav_msgs_generate_messages_cpp
[0.997s] [ 84%] Built target tf2_msgs_generate_messages_eus
[1.031s] [ 84%] Built target nav_msgs_generate_messages_lisp
[1.083s] [ 84%] Built target tf_generate_messages_cpp
[1.086s] [ 84%] Built target nav_msgs_generate_messages_py
[1.089s] [ 84%] Built target tf2_msgs_generate_messages_lisp
[1.104s] [ 84%] Built target nav_msgs_generate_messages_eus
[1.109s] [ 84%] Built target tf_generate_messages_lisp
[1.125s] [ 84%] Built target actionlib_generate_messages_nodejs
[1.125s] [ 84%] Built target tf_generate_messages_eus
[1.161s] [ 84%] Built target sensor_msgs_generate_messages_py
[1.175s] [ 84%] Built target actionlib_msgs_generate_messages_cpp
[1.183s] [ 84%] Built target sensor_msgs_generate_messages_eus
[1.187s] [ 84%] Built target tf_generate_messages_nodejs
[1.213s] [ 84%] Built target tf_generate_messages_py
[1.223s] [ 84%] Built target sensor_msgs_generate_messages_cpp
[1.326s] [100%] Built target demo
[1.368s] Invoked command in '/home/handsome/ros_ws_test/build/nav_grid_iterators' returned '0': CMAKE_PREFIX_PATH=/home/handsome/ros_ws_test/install/nav_2d_utils:/home/handsome/ros_ws_test/install/nav_core2:/home/handsome/ros_ws_test/install/nav_grid:/home/handsome/ros_ws_test/install/nav_2d_msgs:${CMAKE_PREFIX_PATH} LD_LIBRARY_PATH=/home/handsome/ros_ws_test/install/nav_2d_utils/lib:/home/handsome/ros_ws_test/install/nav_core2/lib:/home/handsome/ros_ws/install/yocs_cmd_vel_mux/lib:/home/handsome/ros_ws/install/tuw_multi_robot_router/lib:/home/handsome/ros_ws/install/tuw_voronoi_graph/lib:/home/handsome/ros_ws/install/tuw_vehicle_msgs/lib:/home/handsome/ros_ws/install/tuw_nav_rviz/lib:/home/handsome/ros_ws/install/tuw_multi_robot_local_behavior_controller/lib:/home/handsome/ros_ws/install/tuw_multi_robot_ctrl/lib:/home/handsome/ros_ws/install/tuw_nav_msgs/lib:/home/handsome/ros_ws/install/tuw_multi_robot_rviz/lib:/home/handsome/ros_ws/install/tuw_geometry_rviz/lib:/home/handsome/ros_ws/install/tuw_geometry_msgs/lib:/home/handsome/ros_ws/install/tuw_geometry/lib:/home/handsome/ros_ws/install/tuw_control/lib:/home/handsome/ros_ws/install/teb2_local_planner/lib:/home/handsome/ros_ws/install/spatio_temporal_voxel_layer/lib:/home/handsome/ros_ws/install/robot_database_bridge/lib:/home/handsome/ros_ws/install/ros_utility_tools/lib:/home/handsome/ros_ws/install/robot_localization/lib:/home/handsome/ros_ws/install/pnp_ros/lib:/home/handsome/ros_ws/install/omron_os32c_driver/lib:/home/handsome/ros_ws/install/dlux_plugins/lib:/home/handsome/ros_ws/install/dlux_global_planner/lib:/home/handsome/ros_ws/install/nav_grid_pub_sub/lib:/home/handsome/ros_ws/install/dwb_critics/lib:/home/handsome/ros_ws/install/nav_grid_iterators/lib:/home/handsome/ros_ws/install/locomotor/lib:/home/handsome/ros_ws/install/nav_core_adapter/lib:/home/handsome/ros_ws/install/dwb_plugins/lib:/home/handsome/ros_ws/install/dwb_local_planner/lib:/home/handsome/ros_ws/install/nav_2d_utils/lib:/home/handsome/ros_ws/install/global_planner_tests/lib:/home/handsome/ros_ws/install/costmap_queue/lib:/home/handsome/ros_ws/install/nav_core2/lib:/home/handsome/ros_ws/install/mongodb_store/lib:/home/handsome/ros_ws/install/libcreate/lib:/opt/ros/melodic/lib:/usr/local/lib PKG_CONFIG_PATH=/home/handsome/ros_ws_test/install/nav_2d_utils/lib/x86_64-linux-gnu/pkgconfig:/home/handsome/ros_ws_test/install/nav_2d_utils/lib/pkgconfig:/home/handsome/ros_ws_test/install/nav_core2/lib/x86_64-linux-gnu/pkgconfig:/home/handsome/ros_ws_test/install/nav_core2/lib/pkgconfig:/home/handsome/ros_ws_test/install/nav_grid/lib/x86_64-linux-gnu/pkgconfig:/home/handsome/ros_ws_test/install/nav_grid/lib/pkgconfig:/home/handsome/ros_ws_test/install/nav_2d_msgs/lib/x86_64-linux-gnu/pkgconfig:/home/handsome/ros_ws_test/install/nav_2d_msgs/lib/pkgconfig:${PKG_CONFIG_PATH} PYTHONPATH=/home/handsome/ros_ws_test/install/nav_2d_msgs/lib/python2.7/dist-packages:${PYTHONPATH} ROS_PACKAGE_PATH=/home/handsome/ros_ws_test/install/nav_2d_utils/share:/home/handsome/ros_ws_test/install/nav_core2/share:/home/handsome/ros_ws_test/install/nav_grid/share:/home/handsome/ros_ws_test/install/nav_2d_msgs/share:${ROS_PACKAGE_PATH} /usr/bin/cmake --build /home/handsome/ros_ws_test/build/nav_grid_iterators -- -j12 -l12
[2.563s] Invoking command in '/home/handsome/ros_ws_test/build/nav_grid_iterators': CMAKE_PREFIX_PATH=/home/handsome/ros_ws_test/install/nav_2d_utils:/home/handsome/ros_ws_test/install/nav_core2:/home/handsome/ros_ws_test/install/nav_grid:/home/handsome/ros_ws_test/install/nav_2d_msgs:${CMAKE_PREFIX_PATH} LD_LIBRARY_PATH=/home/handsome/ros_ws_test/install/nav_2d_utils/lib:/home/handsome/ros_ws_test/install/nav_core2/lib:/home/handsome/ros_ws/install/yocs_cmd_vel_mux/lib:/home/handsome/ros_ws/install/tuw_multi_robot_router/lib:/home/handsome/ros_ws/install/tuw_voronoi_graph/lib:/home/handsome/ros_ws/install/tuw_vehicle_msgs/lib:/home/handsome/ros_ws/install/tuw_nav_rviz/lib:/home/handsome/ros_ws/install/tuw_multi_robot_local_behavior_controller/lib:/home/handsome/ros_ws/install/tuw_multi_robot_ctrl/lib:/home/handsome/ros_ws/install/tuw_nav_msgs/lib:/home/handsome/ros_ws/install/tuw_multi_robot_rviz/lib:/home/handsome/ros_ws/install/tuw_geometry_rviz/lib:/home/handsome/ros_ws/install/tuw_geometry_msgs/lib:/home/handsome/ros_ws/install/tuw_geometry/lib:/home/handsome/ros_ws/install/tuw_control/lib:/home/handsome/ros_ws/install/teb2_local_planner/lib:/home/handsome/ros_ws/install/spatio_temporal_voxel_layer/lib:/home/handsome/ros_ws/install/robot_database_bridge/lib:/home/handsome/ros_ws/install/ros_utility_tools/lib:/home/handsome/ros_ws/install/robot_localization/lib:/home/handsome/ros_ws/install/pnp_ros/lib:/home/handsome/ros_ws/install/omron_os32c_driver/lib:/home/handsome/ros_ws/install/dlux_plugins/lib:/home/handsome/ros_ws/install/dlux_global_planner/lib:/home/handsome/ros_ws/install/nav_grid_pub_sub/lib:/home/handsome/ros_ws/install/dwb_critics/lib:/home/handsome/ros_ws/install/nav_grid_iterators/lib:/home/handsome/ros_ws/install/locomotor/lib:/home/handsome/ros_ws/install/nav_core_adapter/lib:/home/handsome/ros_ws/install/dwb_plugins/lib:/home/handsome/ros_ws/install/dwb_local_planner/lib:/home/handsome/ros_ws/install/nav_2d_utils/lib:/home/handsome/ros_ws/install/global_planner_tests/lib:/home/handsome/ros_ws/install/costmap_queue/lib:/home/handsome/ros_ws/install/nav_core2/lib:/home/handsome/ros_ws/install/mongodb_store/lib:/home/handsome/ros_ws/install/libcreate/lib:/opt/ros/melodic/lib:/usr/local/lib PKG_CONFIG_PATH=/home/handsome/ros_ws_test/install/nav_2d_utils/lib/x86_64-linux-gnu/pkgconfig:/home/handsome/ros_ws_test/install/nav_2d_utils/lib/pkgconfig:/home/handsome/ros_ws_test/install/nav_core2/lib/x86_64-linux-gnu/pkgconfig:/home/handsome/ros_ws_test/install/nav_core2/lib/pkgconfig:/home/handsome/ros_ws_test/install/nav_grid/lib/x86_64-linux-gnu/pkgconfig:/home/handsome/ros_ws_test/install/nav_grid/lib/pkgconfig:/home/handsome/ros_ws_test/install/nav_2d_msgs/lib/x86_64-linux-gnu/pkgconfig:/home/handsome/ros_ws_test/install/nav_2d_msgs/lib/pkgconfig:${PKG_CONFIG_PATH} PYTHONPATH=/home/handsome/ros_ws_test/install/nav_2d_msgs/lib/python2.7/dist-packages:${PYTHONPATH} ROS_PACKAGE_PATH=/home/handsome/ros_ws_test/install/nav_2d_utils/share:/home/handsome/ros_ws_test/install/nav_core2/share:/home/handsome/ros_ws_test/install/nav_grid/share:/home/handsome/ros_ws_test/install/nav_2d_msgs/share:${ROS_PACKAGE_PATH} /usr/bin/cmake --build /home/handsome/ros_ws_test/build/nav_grid_iterators --target tests -- -j12 -l12
[2.873s] [ 11%] Built target gtest
[2.907s] [ 76%] Built target nav_grid_iterators
[3.019s] [ 88%] Built target line_tests
[3.044s] [100%] Built target utest
[3.187s] [100%] Built target tests
[3.229s] Invoked command in '/home/handsome/ros_ws_test/build/nav_grid_iterators' returned '0': CMAKE_PREFIX_PATH=/home/handsome/ros_ws_test/install/nav_2d_utils:/home/handsome/ros_ws_test/install/nav_core2:/home/handsome/ros_ws_test/install/nav_grid:/home/handsome/ros_ws_test/install/nav_2d_msgs:${CMAKE_PREFIX_PATH} LD_LIBRARY_PATH=/home/handsome/ros_ws_test/install/nav_2d_utils/lib:/home/handsome/ros_ws_test/install/nav_core2/lib:/home/handsome/ros_ws/install/yocs_cmd_vel_mux/lib:/home/handsome/ros_ws/install/tuw_multi_robot_router/lib:/home/handsome/ros_ws/install/tuw_voronoi_graph/lib:/home/handsome/ros_ws/install/tuw_vehicle_msgs/lib:/home/handsome/ros_ws/install/tuw_nav_rviz/lib:/home/handsome/ros_ws/install/tuw_multi_robot_local_behavior_controller/lib:/home/handsome/ros_ws/install/tuw_multi_robot_ctrl/lib:/home/handsome/ros_ws/install/tuw_nav_msgs/lib:/home/handsome/ros_ws/install/tuw_multi_robot_rviz/lib:/home/handsome/ros_ws/install/tuw_geometry_rviz/lib:/home/handsome/ros_ws/install/tuw_geometry_msgs/lib:/home/handsome/ros_ws/install/tuw_geometry/lib:/home/handsome/ros_ws/install/tuw_control/lib:/home/handsome/ros_ws/install/teb2_local_planner/lib:/home/handsome/ros_ws/install/spatio_temporal_voxel_layer/lib:/home/handsome/ros_ws/install/robot_database_bridge/lib:/home/handsome/ros_ws/install/ros_utility_tools/lib:/home/handsome/ros_ws/install/robot_localization/lib:/home/handsome/ros_ws/install/pnp_ros/lib:/home/handsome/ros_ws/install/omron_os32c_driver/lib:/home/handsome/ros_ws/install/dlux_plugins/lib:/home/handsome/ros_ws/install/dlux_global_planner/lib:/home/handsome/ros_ws/install/nav_grid_pub_sub/lib:/home/handsome/ros_ws/install/dwb_critics/lib:/home/handsome/ros_ws/install/nav_grid_iterators/lib:/home/handsome/ros_ws/install/locomotor/lib:/home/handsome/ros_ws/install/nav_core_adapter/lib:/home/handsome/ros_ws/install/dwb_plugins/lib:/home/handsome/ros_ws/install/dwb_local_planner/lib:/home/handsome/ros_ws/install/nav_2d_utils/lib:/home/handsome/ros_ws/install/global_planner_tests/lib:/home/handsome/ros_ws/install/costmap_queue/lib:/home/handsome/ros_ws/install/nav_core2/lib:/home/handsome/ros_ws/install/mongodb_store/lib:/home/handsome/ros_ws/install/libcreate/lib:/opt/ros/melodic/lib:/usr/local/lib PKG_CONFIG_PATH=/home/handsome/ros_ws_test/install/nav_2d_utils/lib/x86_64-linux-gnu/pkgconfig:/home/handsome/ros_ws_test/install/nav_2d_utils/lib/pkgconfig:/home/handsome/ros_ws_test/install/nav_core2/lib/x86_64-linux-gnu/pkgconfig:/home/handsome/ros_ws_test/install/nav_core2/lib/pkgconfig:/home/handsome/ros_ws_test/install/nav_grid/lib/x86_64-linux-gnu/pkgconfig:/home/handsome/ros_ws_test/install/nav_grid/lib/pkgconfig:/home/handsome/ros_ws_test/install/nav_2d_msgs/lib/x86_64-linux-gnu/pkgconfig:/home/handsome/ros_ws_test/install/nav_2d_msgs/lib/pkgconfig:${PKG_CONFIG_PATH} PYTHONPATH=/home/handsome/ros_ws_test/install/nav_2d_msgs/lib/python2.7/dist-packages:${PYTHONPATH} ROS_PACKAGE_PATH=/home/handsome/ros_ws_test/install/nav_2d_utils/share:/home/handsome/ros_ws_test/install/nav_core2/share:/home/handsome/ros_ws_test/install/nav_grid/share:/home/handsome/ros_ws_test/install/nav_2d_msgs/share:${ROS_PACKAGE_PATH} /usr/bin/cmake --build /home/handsome/ros_ws_test/build/nav_grid_iterators --target tests -- -j12 -l12
[4.696s] Invoking command in '/home/handsome/ros_ws_test/build/nav_grid_iterators': CMAKE_PREFIX_PATH=/home/handsome/ros_ws_test/install/nav_2d_utils:/home/handsome/ros_ws_test/install/nav_core2:/home/handsome/ros_ws_test/install/nav_grid:/home/handsome/ros_ws_test/install/nav_2d_msgs:${CMAKE_PREFIX_PATH} LD_LIBRARY_PATH=/home/handsome/ros_ws_test/install/nav_2d_utils/lib:/home/handsome/ros_ws_test/install/nav_core2/lib:/home/handsome/ros_ws/install/yocs_cmd_vel_mux/lib:/home/handsome/ros_ws/install/tuw_multi_robot_router/lib:/home/handsome/ros_ws/install/tuw_voronoi_graph/lib:/home/handsome/ros_ws/install/tuw_vehicle_msgs/lib:/home/handsome/ros_ws/install/tuw_nav_rviz/lib:/home/handsome/ros_ws/install/tuw_multi_robot_local_behavior_controller/lib:/home/handsome/ros_ws/install/tuw_multi_robot_ctrl/lib:/home/handsome/ros_ws/install/tuw_nav_msgs/lib:/home/handsome/ros_ws/install/tuw_multi_robot_rviz/lib:/home/handsome/ros_ws/install/tuw_geometry_rviz/lib:/home/handsome/ros_ws/install/tuw_geometry_msgs/lib:/home/handsome/ros_ws/install/tuw_geometry/lib:/home/handsome/ros_ws/install/tuw_control/lib:/home/handsome/ros_ws/install/teb2_local_planner/lib:/home/handsome/ros_ws/install/spatio_temporal_voxel_layer/lib:/home/handsome/ros_ws/install/robot_database_bridge/lib:/home/handsome/ros_ws/install/ros_utility_tools/lib:/home/handsome/ros_ws/install/robot_localization/lib:/home/handsome/ros_ws/install/pnp_ros/lib:/home/handsome/ros_ws/install/omron_os32c_driver/lib:/home/handsome/ros_ws/install/dlux_plugins/lib:/home/handsome/ros_ws/install/dlux_global_planner/lib:/home/handsome/ros_ws/install/nav_grid_pub_sub/lib:/home/handsome/ros_ws/install/dwb_critics/lib:/home/handsome/ros_ws/install/nav_grid_iterators/lib:/home/handsome/ros_ws/install/locomotor/lib:/home/handsome/ros_ws/install/nav_core_adapter/lib:/home/handsome/ros_ws/install/dwb_plugins/lib:/home/handsome/ros_ws/install/dwb_local_planner/lib:/home/handsome/ros_ws/install/nav_2d_utils/lib:/home/handsome/ros_ws/install/global_planner_tests/lib:/home/handsome/ros_ws/install/costmap_queue/lib:/home/handsome/ros_ws/install/nav_core2/lib:/home/handsome/ros_ws/install/mongodb_store/lib:/home/handsome/ros_ws/install/libcreate/lib:/opt/ros/melodic/lib:/usr/local/lib PKG_CONFIG_PATH=/home/handsome/ros_ws_test/install/nav_2d_utils/lib/x86_64-linux-gnu/pkgconfig:/home/handsome/ros_ws_test/install/nav_2d_utils/lib/pkgconfig:/home/handsome/ros_ws_test/install/nav_core2/lib/x86_64-linux-gnu/pkgconfig:/home/handsome/ros_ws_test/install/nav_core2/lib/pkgconfig:/home/handsome/ros_ws_test/install/nav_grid/lib/x86_64-linux-gnu/pkgconfig:/home/handsome/ros_ws_test/install/nav_grid/lib/pkgconfig:/home/handsome/ros_ws_test/install/nav_2d_msgs/lib/x86_64-linux-gnu/pkgconfig:/home/handsome/ros_ws_test/install/nav_2d_msgs/lib/pkgconfig:${PKG_CONFIG_PATH} PYTHONPATH=/home/handsome/ros_ws_test/install/nav_2d_msgs/lib/python2.7/dist-packages:${PYTHONPATH} ROS_PACKAGE_PATH=/home/handsome/ros_ws_test/install/nav_2d_utils/share:/home/handsome/ros_ws_test/install/nav_core2/share:/home/handsome/ros_ws_test/install/nav_grid/share:/home/handsome/ros_ws_test/install/nav_2d_msgs/share:${ROS_PACKAGE_PATH} /usr/bin/cmake --build /home/handsome/ros_ws_test/build/nav_grid_iterators --target install -- -j12 -l12
[4.893s] [  0%] Built target rosgraph_msgs_generate_messages_cpp
[4.898s] [  0%] Built target nav_2d_msgs_generate_messages_nodejs
[4.905s] [  0%] Built target roscpp_generate_messages_cpp
[4.911s] [  0%] Built target actionlib_generate_messages_cpp
[4.933s] [  0%] Built target nav_2d_msgs_generate_messages_cpp
[4.948s] [  0%] Built target geometry_msgs_generate_messages_eus
[4.950s] [  0%] Built target actionlib_generate_messages_eus
[4.957s] [  0%] Built target actionlib_msgs_generate_messages_lisp
[4.971s] [  0%] Built target actionlib_msgs_generate_messages_py
[4.978s] [  0%] Built target geometry_msgs_generate_messages_nodejs
[4.988s] [  0%] Built target std_msgs_generate_messages_cpp
[5.020s] [  0%] Built target roscpp_generate_messages_py
[5.073s] [  0%] Built target tf2_msgs_generate_messages_cpp
[5.078s] [  0%] Built target geometry_msgs_generate_messages_cpp
[5.087s] [  0%] Built target actionlib_generate_messages_lisp
[5.095s] [  0%] Built target geometry_msgs_generate_messages_lisp
[5.097s] [  0%] Built target nav_2d_msgs_generate_messages_py
[5.106s] [  0%] Built target rosgraph_msgs_generate_messages_nodejs
[5.121s] [  0%] Built target nav_2d_msgs_generate_messages_eus
[5.139s] [  0%] Built target geometry_msgs_generate_messages_py
[5.155s] [  0%] Built target rosgraph_msgs_generate_messages_eus
[5.162s] [  0%] Built target rosgraph_msgs_generate_messages_lisp
[5.353s] [  0%] Built target sensor_msgs_generate_messages_nodejs
[5.353s] [  0%] Built target std_msgs_generate_messages_py
[5.353s] [  0%] Built target tf2_msgs_generate_messages_nodejs
[5.417s] [  0%] Built target std_msgs_generate_messages_nodejs
[5.447s] [  0%] Built target actionlib_msgs_generate_messages_nodejs
[5.447s] [  0%] Built target std_msgs_generate_messages_lisp
[5.448s] [  0%] Built target roscpp_generate_messages_nodejs
[5.450s] [  0%] Built target std_msgs_generate_messages_eus
[5.450s] [  0%] Built target roscpp_generate_messages_lisp
[5.451s] [  0%] Built target sensor_msgs_generate_messages_lisp
[5.460s] [  0%] Built target nav_2d_msgs_generate_messages_lisp
[5.504s] [  0%] Built target nav_msgs_generate_messages_cpp
[5.518s] [  0%] Built target nav_msgs_generate_messages_eus
[5.542s] [  0%] Built target nav_msgs_generate_messages_lisp
[5.564s] [  0%] Built target tf2_msgs_generate_messages_eus
[5.612s] [  0%] Built target nav_msgs_generate_messages_py
[5.629s] [  0%] Built target tf2_msgs_generate_messages_lisp
[5.648s] [  0%] Built target tf_generate_messages_cpp
[5.669s] [  0%] Built target actionlib_generate_messages_nodejs
[5.696s] [  0%] Built target actionlib_msgs_generate_messages_cpp
[5.723s] [  0%] Built target tf_generate_messages_eus
[5.767s] [  0%] Built target tf_generate_messages_lisp
[5.774s] [  0%] Built target tf_generate_messages_nodejs
[5.825s] [  0%] Built target tf_generate_messages_py
[5.874s] [  0%] Built target sensor_msgs_generate_messages_py
[5.897s] [ 84%] Built target nav_grid_iterators
[5.898s] [ 84%] Built target tf2_msgs_generate_messages_py
[5.908s] [ 84%] Built target sensor_msgs_generate_messages_eus
[5.908s] [ 84%] Built target sensor_msgs_generate_messages_cpp
[5.927s] [ 84%] Built target actionlib_generate_messages_py
[6.008s] [ 84%] Built target rosgraph_msgs_generate_messages_py
[6.022s] [ 84%] Built target actionlib_msgs_generate_messages_eus
[6.034s] [ 84%] Built target roscpp_generate_messages_eus
[6.043s] [ 84%] Built target nav_msgs_generate_messages_nodejs
[6.135s] [100%] Built target demo
[6.203s] [36mInstall the project...[0m
[6.229s] -- Install configuration: ""
[6.229s] -- Installing: /home/handsome/ros_ws_test/install/nav_grid_iterators/lib/pkgconfig/nav_grid_iterators.pc
[6.229s] -- Installing: /home/handsome/ros_ws_test/install/nav_grid_iterators/share/nav_grid_iterators/cmake/nav_grid_iteratorsConfig.cmake
[6.229s] -- Installing: /home/handsome/ros_ws_test/install/nav_grid_iterators/share/nav_grid_iterators/cmake/nav_grid_iteratorsConfig-version.cmake
[6.230s] -- Installing: /home/handsome/ros_ws_test/install/nav_grid_iterators/share/nav_grid_iterators/package.xml
[6.230s] -- Installing: /home/handsome/ros_ws_test/install/nav_grid_iterators/lib/libnav_grid_iterators.so
[6.231s] -- Set runtime path of "/home/handsome/ros_ws_test/install/nav_grid_iterators/lib/libnav_grid_iterators.so" to ""
[6.231s] -- Installing: /home/handsome/ros_ws_test/install/nav_grid_iterators/include/nav_grid_iterators
[6.231s] -- Installing: /home/handsome/ros_ws_test/install/nav_grid_iterators/include/nav_grid_iterators/base_iterator.h
[6.231s] -- Installing: /home/handsome/ros_ws_test/install/nav_grid_iterators/include/nav_grid_iterators/polygon_outline.h
[6.232s] -- Installing: /home/handsome/ros_ws_test/install/nav_grid_iterators/include/nav_grid_iterators/whole_grid.h
[6.232s] -- Installing: /home/handsome/ros_ws_test/install/nav_grid_iterators/include/nav_grid_iterators/iterators.h
[6.232s] -- Installing: /home/handsome/ros_ws_test/install/nav_grid_iterators/include/nav_grid_iterators/line
[6.232s] -- Installing: /home/handsome/ros_ws_test/install/nav_grid_iterators/include/nav_grid_iterators/line/abstract_line_iterator.h
[6.232s] -- Installing: /home/handsome/ros_ws_test/install/nav_grid_iterators/include/nav_grid_iterators/line/ray_trace.h
[6.233s] -- Installing: /home/handsome/ros_ws_test/install/nav_grid_iterators/include/nav_grid_iterators/line/bresenham.h
[6.233s] -- Installing: /home/handsome/ros_ws_test/install/nav_grid_iterators/include/nav_grid_iterators/circle_fill.h
[6.233s] -- Installing: /home/handsome/ros_ws_test/install/nav_grid_iterators/include/nav_grid_iterators/polygon_fill.h
[6.233s] -- Installing: /home/handsome/ros_ws_test/install/nav_grid_iterators/include/nav_grid_iterators/sub_grid.h
[6.233s] -- Installing: /home/handsome/ros_ws_test/install/nav_grid_iterators/include/nav_grid_iterators/circle_outline.h
[6.233s] -- Installing: /home/handsome/ros_ws_test/install/nav_grid_iterators/include/nav_grid_iterators/line.h
[6.233s] -- Installing: /home/handsome/ros_ws_test/install/nav_grid_iterators/include/nav_grid_iterators/spiral.h
[6.243s] Invoked command in '/home/handsome/ros_ws_test/build/nav_grid_iterators' returned '0': CMAKE_PREFIX_PATH=/home/handsome/ros_ws_test/install/nav_2d_utils:/home/handsome/ros_ws_test/install/nav_core2:/home/handsome/ros_ws_test/install/nav_grid:/home/handsome/ros_ws_test/install/nav_2d_msgs:${CMAKE_PREFIX_PATH} LD_LIBRARY_PATH=/home/handsome/ros_ws_test/install/nav_2d_utils/lib:/home/handsome/ros_ws_test/install/nav_core2/lib:/home/handsome/ros_ws/install/yocs_cmd_vel_mux/lib:/home/handsome/ros_ws/install/tuw_multi_robot_router/lib:/home/handsome/ros_ws/install/tuw_voronoi_graph/lib:/home/handsome/ros_ws/install/tuw_vehicle_msgs/lib:/home/handsome/ros_ws/install/tuw_nav_rviz/lib:/home/handsome/ros_ws/install/tuw_multi_robot_local_behavior_controller/lib:/home/handsome/ros_ws/install/tuw_multi_robot_ctrl/lib:/home/handsome/ros_ws/install/tuw_nav_msgs/lib:/home/handsome/ros_ws/install/tuw_multi_robot_rviz/lib:/home/handsome/ros_ws/install/tuw_geometry_rviz/lib:/home/handsome/ros_ws/install/tuw_geometry_msgs/lib:/home/handsome/ros_ws/install/tuw_geometry/lib:/home/handsome/ros_ws/install/tuw_control/lib:/home/handsome/ros_ws/install/teb2_local_planner/lib:/home/handsome/ros_ws/install/spatio_temporal_voxel_layer/lib:/home/handsome/ros_ws/install/robot_database_bridge/lib:/home/handsome/ros_ws/install/ros_utility_tools/lib:/home/handsome/ros_ws/install/robot_localization/lib:/home/handsome/ros_ws/install/pnp_ros/lib:/home/handsome/ros_ws/install/omron_os32c_driver/lib:/home/handsome/ros_ws/install/dlux_plugins/lib:/home/handsome/ros_ws/install/dlux_global_planner/lib:/home/handsome/ros_ws/install/nav_grid_pub_sub/lib:/home/handsome/ros_ws/install/dwb_critics/lib:/home/handsome/ros_ws/install/nav_grid_iterators/lib:/home/handsome/ros_ws/install/locomotor/lib:/home/handsome/ros_ws/install/nav_core_adapter/lib:/home/handsome/ros_ws/install/dwb_plugins/lib:/home/handsome/ros_ws/install/dwb_local_planner/lib:/home/handsome/ros_ws/install/nav_2d_utils/lib:/home/handsome/ros_ws/install/global_planner_tests/lib:/home/handsome/ros_ws/install/costmap_queue/lib:/home/handsome/ros_ws/install/nav_core2/lib:/home/handsome/ros_ws/install/mongodb_store/lib:/home/handsome/ros_ws/install/libcreate/lib:/opt/ros/melodic/lib:/usr/local/lib PKG_CONFIG_PATH=/home/handsome/ros_ws_test/install/nav_2d_utils/lib/x86_64-linux-gnu/pkgconfig:/home/handsome/ros_ws_test/install/nav_2d_utils/lib/pkgconfig:/home/handsome/ros_ws_test/install/nav_core2/lib/x86_64-linux-gnu/pkgconfig:/home/handsome/ros_ws_test/install/nav_core2/lib/pkgconfig:/home/handsome/ros_ws_test/install/nav_grid/lib/x86_64-linux-gnu/pkgconfig:/home/handsome/ros_ws_test/install/nav_grid/lib/pkgconfig:/home/handsome/ros_ws_test/install/nav_2d_msgs/lib/x86_64-linux-gnu/pkgconfig:/home/handsome/ros_ws_test/install/nav_2d_msgs/lib/pkgconfig:${PKG_CONFIG_PATH} PYTHONPATH=/home/handsome/ros_ws_test/install/nav_2d_msgs/lib/python2.7/dist-packages:${PYTHONPATH} ROS_PACKAGE_PATH=/home/handsome/ros_ws_test/install/nav_2d_utils/share:/home/handsome/ros_ws_test/install/nav_core2/share:/home/handsome/ros_ws_test/install/nav_grid/share:/home/handsome/ros_ws_test/install/nav_2d_msgs/share:${ROS_PACKAGE_PATH} /usr/bin/cmake --build /home/handsome/ros_ws_test/build/nav_grid_iterators --target install -- -j12 -l12
