[0.101s] Invoking command in '/home/handsome/ros_ws_test/build/ca_description': /usr/bin/cmake --build /home/handsome/ros_ws_test/build/ca_description -- -j12 -l12
[0.605s] Invoked command in '/home/handsome/ros_ws_test/build/ca_description' returned '0': /usr/bin/cmake --build /home/handsome/ros_ws_test/build/ca_description -- -j12 -l12
[1.717s] Invoking command in '/home/handsome/ros_ws_test/build/ca_description': /usr/bin/cmake --build /home/handsome/ros_ws_test/build/ca_description --target tests -- -j12 -l12
[2.528s] Built target tests
[2.559s] Invoked command in '/home/handsome/ros_ws_test/build/ca_description' returned '0': /usr/bin/cmake --build /home/handsome/ros_ws_test/build/ca_description --target tests -- -j12 -l12
[2.889s] Invoking command in '/home/handsome/ros_ws_test/build/ca_description': /usr/bin/cmake --build /home/handsome/ros_ws_test/build/ca_description --target install -- -j12 -l12
[3.020s] [36mInstall the project...[0m
[3.047s] -- Install configuration: ""
[3.047s] -- Up-to-date: /home/handsome/ros_ws_test/install/ca_description/lib/pkgconfig/ca_description.pc
[3.047s] -- Up-to-date: /home/handsome/ros_ws_test/install/ca_description/share/ca_description/cmake/ca_descriptionConfig.cmake
[3.047s] -- Up-to-date: /home/handsome/ros_ws_test/install/ca_description/share/ca_description/cmake/ca_descriptionConfig-version.cmake
[3.047s] -- Up-to-date: /home/handsome/ros_ws_test/install/ca_description/share/ca_description/package.xml
[3.048s] -- Up-to-date: /home/handsome/ros_ws_test/install/ca_description/share/ca_description/launch
[3.048s] -- Up-to-date: /home/handsome/ros_ws_test/install/ca_description/share/ca_description/launch/create_1.launch
[3.048s] -- Up-to-date: /home/handsome/ros_ws_test/install/ca_description/share/ca_description/launch/create_2.launch
[3.048s] -- Up-to-date: /home/handsome/ros_ws_test/install/ca_description/share/ca_description/launch/roomba_400.launch
[3.049s] -- Up-to-date: /home/handsome/ros_ws_test/install/ca_description/share/ca_description/meshes
[3.049s] -- Up-to-date: /home/handsome/ros_ws_test/install/ca_description/share/ca_description/meshes/create_1.dae
[3.049s] -- Up-to-date: /home/handsome/ros_ws_test/install/ca_description/share/ca_description/meshes/create_2.dae
[3.049s] -- Up-to-date: /home/handsome/ros_ws_test/install/ca_description/share/ca_description/meshes/create_1.tga
[3.049s] -- Up-to-date: /home/handsome/ros_ws_test/install/ca_description/share/ca_description/urdf
[3.049s] -- Up-to-date: /home/handsome/ros_ws_test/install/ca_description/share/ca_description/urdf/create_2_gazebo.urdf.xacro
[3.049s] -- Up-to-date: /home/handsome/ros_ws_test/install/ca_description/share/ca_description/urdf/create_1.urdf.xacro
[3.049s] -- Up-to-date: /home/handsome/ros_ws_test/install/ca_description/share/ca_description/urdf/create_base.urdf.xacro
[3.050s] -- Up-to-date: /home/handsome/ros_ws_test/install/ca_description/share/ca_description/urdf/create_1_gazebo.urdf.xacro
[3.050s] -- Up-to-date: /home/handsome/ros_ws_test/install/ca_description/share/ca_description/urdf/create_2.urdf.xacro
[3.050s] -- Up-to-date: /home/handsome/ros_ws_test/install/ca_description/share/ca_description/urdf/create_base_gazebo.urdf.xacro
[3.071s] Invoked command in '/home/handsome/ros_ws_test/build/ca_description' returned '0': /usr/bin/cmake --build /home/handsome/ros_ws_test/build/ca_description --target install -- -j12 -l12
