[0.027s] Invoking command in '/home/handsome/ros_ws_test/build/robot_scheduling_msgs': CMAKE_PREFIX_PATH=/home/handsome/ros_ws_test/install/locomotor_msgs:/home/handsome/ros_ws_test/install/nav_2d_msgs:/home/handsome/ros_ws_test/install/yocs_cmd_vel_mux:/home/handsome/ros_ws_test/install/turtlebot_teleop:/home/handsome/ros_ws_test/install/tug_example_pnp_server:/home/handsome/ros_ws_test/install/tug_example_actions:/home/handsome/ros_ws_test/install/tug_example_msgs:/home/handsome/ros_ws_test/install/timed_roslaunch:/home/handsome/ros_ws_test/install/teb2_local_planner:/home/handsome/ros_ws_test/install/stated_roslaunch:/home/handsome/ros_ws_test/install/spatio_temporal_voxel_layer:/home/handsome/ros_ws_test/install/robot_udp_bridge:/home/handsome/ros_ws_test/install/robot_database_bridge:/home/handsome/ros_ws_test/install/samsungcmd_msgs:/home/handsome/ros_ws_test/install/rplidar_ros:/home/handsome/ros_ws_test/install/rp_action:/home/handsome/ros_ws_test/install/rp_action_msgs:/home/handsome/ros_ws_test/install/robot_scheduling_actions:/home/handsome/ros_ws_test/install/cellctrl_qtgui_bridge:/home/handsome/ros_ws_test/install/car_db_manager_qtgui:/home/handsome/ros_ws_test/install/car_db_manager_bridge:/home/handsome/ros_ws_test/install/car_db_manager_action:/home/handsome/ros_ws_test/install/ros_utility_tools:/home/handsome/ros_ws_test/install/robot_scheduling_server:/home/handsome/ros_ws_test/install/robot_scheduling_msgs:/home/handsome/ros_ws_test/install/robot_localization:/home/handsome/ros_ws_test/install/robot_control_msgs:/home/handsome/ros_ws_test/install/reset_location:/home/handsome/ros_ws_test/install/razor_imu_9dof:/home/handsome/ros_ws_test/install/pnp_rosplan:/home/handsome/ros_ws_test/install/pnp_ros:/home/handsome/ros_ws_test/install/pnp_msgs:/home/handsome/ros_ws_test/install/open_auto_dock:/home/handsome/ros_ws_test/install/open_auto_dock_msgs:/home/handsome/ros_ws_test/install/omron_os32c_driver:/home/handsome/ros_ws_test/install/dlux_plugins:/home/handsome/ros_ws_test/install/dlux_global_planner:/home/handsome/ros_ws_test/install/nav_grid_pub_sub:/home/handsome/ros_ws_test/install/dwb_critics:/home/handsome/ros_ws_test/install/nav_grid_iterators:/home/handsome/ros_ws_test/install/locomove_base:/home/handsome/ros_ws_test/install/locomotor:/home/handsome/ros_ws_test/install/nav_core_adapter:/home/handsome/ros_ws_test/install/dwb_plugins:/home/handsome/ros_ws_test/install/dwb_local_planner:/home/handsome/ros_ws_test/install/nav_2d_utils:/home/handsome/ros_ws_test/install/global_planner_tests:/home/handsome/ros_ws_test/install/costmap_queue:/home/handsome/ros_ws_test/install/nav_core2:/home/handsome/ros_ws_test/install/nav_grid:/home/handsome/ros_ws_test/install/actionlib_modules_msgs:/home/handsome/ros_ws_test/install/dwb_msgs:/home/handsome/ros_ws_test/install/mongodb_log:/home/handsome/ros_ws_test/install/mongodb_store:/home/handsome/ros_ws_test/install/mongodb_store_msgs:/home/handsome/ros_ws_test/install/ca_driver:/home/handsome/ros_ws_test/install/libcreate:/home/handsome/ros_ws_test/install/i_robot_stage:/home/handsome/ros_ws_test/install/i_robot_navigation:/home/handsome/ros_ws_test/install/cellctrl_control_msgs:/home/handsome/ros_ws_test/install/car_db_manager_msgs:/home/handsome/ros_ws_test/install/ca_tools:/home/handsome/ros_ws_test/install/ca_msgs:/home/handsome/ros_ws_test/install/ca_description:/home/handsome/ros_ws_test/install/botcmd_msgs:/opt/ros/melodic PKG_CONFIG_PATH=/home/handsome/ros_ws_test/install/locomotor_msgs/lib/x86_64-linux-gnu/pkgconfig:/home/handsome/ros_ws_test/install/locomotor_msgs/lib/pkgconfig:/home/handsome/ros_ws_test/install/nav_2d_msgs/lib/x86_64-linux-gnu/pkgconfig:/home/handsome/ros_ws_test/install/nav_2d_msgs/lib/pkgconfig:/home/handsome/ros_ws_test/install/yocs_cmd_vel_mux/lib/x86_64-linux-gnu/pkgconfig:/home/handsome/ros_ws_test/install/yocs_cmd_vel_mux/lib/pkgconfig:/home/handsome/ros_ws_test/install/turtlebot_teleop/lib/x86_64-linux-gnu/pkgconfig:/home/handsome/ros_ws_test/install/turtlebot_teleop/lib/pkgconfig:/home/handsome/ros_ws_test/install/tug_example_pnp_server/lib/x86_64-linux-gnu/pkgconfig:/home/handsome/ros_ws_test/install/tug_example_pnp_server/lib/pkgconfig:/home/handsome/ros_ws_test/install/tug_example_actions/lib/x86_64-linux-gnu/pkgconfig:/home/handsome/ros_ws_test/install/tug_example_actions/lib/pkgconfig:/home/handsome/ros_ws_test/install/tug_example_msgs/lib/x86_64-linux-gnu/pkgconfig:/home/handsome/ros_ws_test/install/tug_example_msgs/lib/pkgconfig:/home/handsome/ros_ws_test/install/timed_roslaunch/lib/x86_64-linux-gnu/pkgconfig:/home/handsome/ros_ws_test/install/timed_roslaunch/lib/pkgconfig:/home/handsome/ros_ws_test/install/teb2_local_planner/lib/x86_64-linux-gnu/pkgconfig:/home/handsome/ros_ws_test/install/teb2_local_planner/lib/pkgconfig:/home/handsome/ros_ws_test/install/stated_roslaunch/lib/x86_64-linux-gnu/pkgconfig:/home/handsome/ros_ws_test/install/stated_roslaunch/lib/pkgconfig:/home/handsome/ros_ws_test/install/spatio_temporal_voxel_layer/lib/x86_64-linux-gnu/pkgconfig:/home/handsome/ros_ws_test/install/spatio_temporal_voxel_layer/lib/pkgconfig:/home/handsome/ros_ws_test/install/robot_udp_bridge/lib/x86_64-linux-gnu/pkgconfig:/home/handsome/ros_ws_test/install/robot_udp_bridge/lib/pkgconfig:/home/handsome/ros_ws_test/install/robot_database_bridge/lib/x86_64-linux-gnu/pkgconfig:/home/handsome/ros_ws_test/install/robot_database_bridge/lib/pkgconfig:/home/handsome/ros_ws_test/install/samsungcmd_msgs/lib/x86_64-linux-gnu/pkgconfig:/home/handsome/ros_ws_test/install/samsungcmd_msgs/lib/pkgconfig:/home/handsome/ros_ws_test/install/rplidar_ros/lib/x86_64-linux-gnu/pkgconfig:/home/handsome/ros_ws_test/install/rplidar_ros/lib/pkgconfig:/home/handsome/ros_ws_test/install/rp_action/lib/x86_64-linux-gnu/pkgconfig:/home/handsome/ros_ws_test/install/rp_action/lib/pkgconfig:/home/handsome/ros_ws_test/install/rp_action_msgs/lib/x86_64-linux-gnu/pkgconfig:/home/handsome/ros_ws_test/install/rp_action_msgs/lib/pkgconfig:/home/handsome/ros_ws_test/install/robot_scheduling_actions/lib/x86_64-linux-gnu/pkgconfig:/home/handsome/ros_ws_test/install/robot_scheduling_actions/lib/pkgconfig:/home/handsome/ros_ws_test/install/cellctrl_qtgui_bridge/lib/x86_64-linux-gnu/pkgconfig:/home/handsome/ros_ws_test/install/cellctrl_qtgui_bridge/lib/pkgconfig:/home/handsome/ros_ws_test/install/cellctrl_database_bridge/lib/x86_64-linux-gnu/pkgconfig:/home/handsome/ros_ws_test/install/cellctrl_database_bridge/lib/pkgconfig:/home/handsome/ros_ws_test/install/car_db_manager_qtgui/lib/x86_64-linux-gnu/pkgconfig:/home/handsome/ros_ws_test/install/car_db_manager_qtgui/lib/pkgconfig:/home/handsome/ros_ws_test/install/car_db_manager_bridge/lib/x86_64-linux-gnu/pkgconfig:/home/handsome/ros_ws_test/install/car_db_manager_bridge/lib/pkgconfig:/home/handsome/ros_ws_test/install/car_db_manager_action/lib/x86_64-linux-gnu/pkgconfig:/home/handsome/ros_ws_test/install/car_db_manager_action/lib/pkgconfig:/home/handsome/ros_ws_test/install/ros_utility_tools/lib/x86_64-linux-gnu/pkgconfig:/home/handsome/ros_ws_test/install/ros_utility_tools/lib/pkgconfig:/home/handsome/ros_ws_test/install/robot_scheduling_server/lib/x86_64-linux-gnu/pkgconfig:/home/handsome/ros_ws_test/install/robot_scheduling_server/lib/pkgconfig:/home/handsome/ros_ws_test/install/robot_scheduling_msgs/lib/x86_64-linux-gnu/pkgconfig:/home/handsome/ros_ws_test/install/robot_scheduling_msgs/lib/pkgconfig:/home/handsome/ros_ws_test/install/robot_navigation/lib/x86_64-linux-gnu/pkgconfig:/home/handsome/ros_ws_test/install/robot_navigation/lib/pkgconfig:/home/handsome/ros_ws_test/install/robot_localization/lib/x86_64-linux-gnu/pkgconfig:/home/handsome/ros_ws_test/install/robot_localization/lib/pkgconfig:/home/handsome/ros_ws_test/install/robot_control_msgs/lib/x86_64-linux-gnu/pkgconfig:/home/handsome/ros_ws_test/install/robot_control_msgs/lib/pkgconfig:/home/handsome/ros_ws_test/install/reset_location/lib/x86_64-linux-gnu/pkgconfig:/home/handsome/ros_ws_test/install/reset_location/lib/pkgconfig:/home/handsome/ros_ws_test/install/razor_imu_9dof/lib/x86_64-linux-gnu/pkgconfig:/home/handsome/ros_ws_test/install/razor_imu_9dof/lib/pkgconfig:/home/handsome/ros_ws_test/install/pnp_rosplan/lib/x86_64-linux-gnu/pkgconfig:/home/handsome/ros_ws_test/install/pnp_rosplan/lib/pkgconfig:/home/handsome/ros_ws_test/install/actionlib_modules_controller/lib/x86_64-linux-gnu/pkgconfig:/home/handsome/ros_ws_test/install/actionlib_modules_controller/lib/pkgconfig:/home/handsome/ros_ws_test/install/pnp_ros/lib/x86_64-linux-gnu/pkgconfig:/home/handsome/ros_ws_test/install/pnp_ros/lib/pkgconfig:/home/handsome/ros_ws_test/install/pnp_msgs/lib/x86_64-linux-gnu/pkgconfig:/home/handsome/ros_ws_test/install/pnp_msgs/lib/pkgconfig:/home/handsome/ros_ws_test/install/open_auto_dock/lib/x86_64-linux-gnu/pkgconfig:/home/handsome/ros_ws_test/install/open_auto_dock/lib/pkgconfig:/home/handsome/ros_ws_test/install/open_auto_dock_msgs/lib/x86_64-linux-gnu/pkgconfig:/home/handsome/ros_ws_test/install/open_auto_dock_msgs/lib/pkgconfig:/home/handsome/ros_ws_test/install/omron_os32c_driver/lib/x86_64-linux-gnu/pkgconfig:/home/handsome/ros_ws_test/install/omron_os32c_driver/lib/pkgconfig:/home/handsome/ros_ws_test/install/dlux_plugins/lib/x86_64-linux-gnu/pkgconfig:/home/handsome/ros_ws_test/install/dlux_plugins/lib/pkgconfig:/home/handsome/ros_ws_test/install/dlux_global_planner/lib/x86_64-linux-gnu/pkgconfig:/home/handsome/ros_ws_test/install/dlux_global_planner/lib/pkgconfig:/home/handsome/ros_ws_test/install/nav_grid_pub_sub/lib/x86_64-linux-gnu/pkgconfig:/home/handsome/ros_ws_test/install/nav_grid_pub_sub/lib/pkgconfig:/home/handsome/ros_ws_test/install/dwb_critics/lib/x86_64-linux-gnu/pkgconfig:/home/handsome/ros_ws_test/install/dwb_critics/lib/pkgconfig:/home/handsome/ros_ws_test/install/nav_grid_iterators/lib/x86_64-linux-gnu/pkgconfig:/home/handsome/ros_ws_test/install/nav_grid_iterators/lib/pkgconfig:/home/handsome/ros_ws_test/install/locomove_base/lib/x86_64-linux-gnu/pkgconfig:/home/handsome/ros_ws_test/install/locomove_base/lib/pkgconfig:/home/handsome/ros_ws_test/install/locomotor/lib/x86_64-linux-gnu/pkgconfig:/home/handsome/ros_ws_test/install/locomotor/lib/pkgconfig:/home/handsome/ros_ws_test/install/nav_core_adapter/lib/x86_64-linux-gnu/pkgconfig:/home/handsome/ros_ws_test/install/nav_core_adapter/lib/pkgconfig:/home/handsome/ros_ws_test/install/dwb_plugins/lib/x86_64-linux-gnu/pkgconfig:/home/handsome/ros_ws_test/install/dwb_plugins/lib/pkgconfig:/home/handsome/ros_ws_test/install/dwb_local_planner/lib/x86_64-linux-gnu/pkgconfig:/home/handsome/ros_ws_test/install/dwb_local_planner/lib/pkgconfig:/home/handsome/ros_ws_test/install/nav_2d_utils/lib/x86_64-linux-gnu/pkgconfig:/home/handsome/ros_ws_test/install/nav_2d_utils/lib/pkgconfig:/home/handsome/ros_ws_test/install/global_planner_tests/lib/x86_64-linux-gnu/pkgconfig:/home/handsome/ros_ws_test/install/global_planner_tests/lib/pkgconfig:/home/handsome/ros_ws_test/install/costmap_queue/lib/x86_64-linux-gnu/pkgconfig:/home/handsome/ros_ws_test/install/costmap_queue/lib/pkgconfig:/home/handsome/ros_ws_test/install/nav_core2/lib/x86_64-linux-gnu/pkgconfig:/home/handsome/ros_ws_test/install/nav_core2/lib/pkgconfig:/home/handsome/ros_ws_test/install/nav_grid/lib/x86_64-linux-gnu/pkgconfig:/home/handsome/ros_ws_test/install/nav_grid/lib/pkgconfig:/home/handsome/ros_ws_test/install/actionlib_modules_msgs/lib/x86_64-linux-gnu/pkgconfig:/home/handsome/ros_ws_test/install/actionlib_modules_msgs/lib/pkgconfig:/home/handsome/ros_ws_test/install/dwb_msgs/lib/x86_64-linux-gnu/pkgconfig:/home/handsome/ros_ws_test/install/dwb_msgs/lib/pkgconfig:/home/handsome/ros_ws_test/install/mongodb_log/lib/x86_64-linux-gnu/pkgconfig:/home/handsome/ros_ws_test/install/mongodb_log/lib/pkgconfig:/home/handsome/ros_ws_test/install/mongodb_store/lib/x86_64-linux-gnu/pkgconfig:/home/handsome/ros_ws_test/install/mongodb_store/lib/pkgconfig:/home/handsome/ros_ws_test/install/mongodb_store_msgs/lib/x86_64-linux-gnu/pkgconfig:/home/handsome/ros_ws_test/install/mongodb_store_msgs/lib/pkgconfig:/home/handsome/ros_ws_test/install/create_autonomy/lib/x86_64-linux-gnu/pkgconfig:/home/handsome/ros_ws_test/install/create_autonomy/lib/pkgconfig:/home/handsome/ros_ws_test/install/ca_driver/lib/x86_64-linux-gnu/pkgconfig:/home/handsome/ros_ws_test/install/ca_driver/lib/pkgconfig:/home/handsome/ros_ws_test/install/libcreate/lib/x86_64-linux-gnu/pkgconfig:/home/handsome/ros_ws_test/install/libcreate/lib/pkgconfig:/home/handsome/ros_ws_test/install/i_robot_stage/lib/x86_64-linux-gnu/pkgconfig:/home/handsome/ros_ws_test/install/i_robot_stage/lib/pkgconfig:/home/handsome/ros_ws_test/install/i_robot_navigation/lib/x86_64-linux-gnu/pkgconfig:/home/handsome/ros_ws_test/install/i_robot_navigation/lib/pkgconfig:/home/handsome/ros_ws_test/install/cellctrl_control_msgs/lib/x86_64-linux-gnu/pkgconfig:/home/handsome/ros_ws_test/install/cellctrl_control_msgs/lib/pkgconfig:/home/handsome/ros_ws_test/install/car_db_manager_msgs/lib/x86_64-linux-gnu/pkgconfig:/home/handsome/ros_ws_test/install/car_db_manager_msgs/lib/pkgconfig:/home/handsome/ros_ws_test/install/ca_tools/lib/x86_64-linux-gnu/pkgconfig:/home/handsome/ros_ws_test/install/ca_tools/lib/pkgconfig:/home/handsome/ros_ws_test/install/ca_msgs/lib/x86_64-linux-gnu/pkgconfig:/home/handsome/ros_ws_test/install/ca_msgs/lib/pkgconfig:/home/handsome/ros_ws_test/install/ca_description/lib/x86_64-linux-gnu/pkgconfig:/home/handsome/ros_ws_test/install/ca_description/lib/pkgconfig:/home/handsome/ros_ws_test/install/botcmd_msgs/lib/x86_64-linux-gnu/pkgconfig:/home/handsome/ros_ws_test/install/botcmd_msgs/lib/pkgconfig:/opt/ros/melodic/lib/pkgconfig PYTHONPATH=/home/handsome/ros_ws_test/install/locomotor_msgs/lib/python2.7/dist-packages:/home/handsome/ros_ws_test/install/nav_2d_msgs/lib/python2.7/dist-packages:/home/handsome/ros_ws_test/install/yocs_cmd_vel_mux/lib/python2.7/dist-packages:/home/handsome/ros_ws_test/install/tug_example_msgs/lib/python2.7/dist-packages:/home/handsome/ros_ws_test/install/teb2_local_planner/lib/python2.7/dist-packages:/home/handsome/ros_ws_test/install/spatio_temporal_voxel_layer/lib/python2.7/dist-packages:/home/handsome/ros_ws_test/install/samsungcmd_msgs/lib/python2.7/dist-packages:/home/handsome/ros_ws_test/install/rp_action_msgs/lib/python2.7/dist-packages:/home/handsome/ros_ws_test/install/robot_scheduling_msgs/lib/python2.7/dist-packages:/home/handsome/ros_ws_test/install/robot_localization/lib/python2.7/dist-packages:/home/handsome/ros_ws_test/install/robot_control_msgs/lib/python2.7/dist-packages:/home/handsome/ros_ws_test/install/reset_location/lib/python2.7/dist-packages:/home/handsome/ros_ws_test/install/razor_imu_9dof/lib/python2.7/dist-packages:/home/handsome/ros_ws_test/install/pnp_msgs/lib/python2.7/dist-packages:/home/handsome/ros_ws_test/install/open_auto_dock_msgs/lib/python2.7/dist-packages:/home/handsome/ros_ws_test/install/dwb_plugins/lib/python2.7/dist-packages:/home/handsome/ros_ws_test/install/actionlib_modules_msgs/lib/python2.7/dist-packages:/home/handsome/ros_ws_test/install/dwb_msgs/lib/python2.7/dist-packages:/home/handsome/ros_ws_test/install/mongodb_store/lib/python2.7/dist-packages:/home/handsome/ros_ws_test/install/mongodb_store_msgs/lib/python2.7/dist-packages:/home/handsome/ros_ws_test/install/cellctrl_control_msgs/lib/python2.7/dist-packages:/home/handsome/ros_ws_test/install/car_db_manager_msgs/lib/python2.7/dist-packages:/home/handsome/ros_ws_test/install/ca_msgs/lib/python2.7/dist-packages:/home/handsome/ros_ws_test/install/botcmd_msgs/lib/python2.7/dist-packages:/opt/ros/melodic/lib/python2.7/dist-packages ROS_PACKAGE_PATH=/home/handsome/ros_ws_test/install/locomotor_msgs/share:/home/handsome/ros_ws_test/install/nav_2d_msgs/share:/home/handsome/ros_ws_test/install/yocs_cmd_vel_mux/share:/home/handsome/ros_ws_test/install/turtlebot_teleop/share:/home/handsome/ros_ws_test/install/tug_example_pnp_server/share:/home/handsome/ros_ws_test/install/tug_example_actions/share:/home/handsome/ros_ws_test/install/tug_example_msgs/share:/home/handsome/ros_ws_test/install/timed_roslaunch/share:/home/handsome/ros_ws_test/install/teb2_local_planner/share:/home/handsome/ros_ws_test/install/stated_roslaunch/share:/home/handsome/ros_ws_test/install/spatio_temporal_voxel_layer/share:/home/handsome/ros_ws_test/install/robot_udp_bridge/share:/home/handsome/ros_ws_test/install/robot_database_bridge/share:/home/handsome/ros_ws_test/install/samsungcmd_msgs/share:/home/handsome/ros_ws_test/install/rplidar_ros/share:/home/handsome/ros_ws_test/install/rp_action/share:/home/handsome/ros_ws_test/install/rp_action_msgs/share:/home/handsome/ros_ws_test/install/robot_scheduling_actions/share:/home/handsome/ros_ws_test/install/cellctrl_qtgui_bridge/share:/home/handsome/ros_ws_test/install/cellctrl_database_bridge/share:/home/handsome/ros_ws_test/install/car_db_manager_qtgui/share:/home/handsome/ros_ws_test/install/car_db_manager_bridge/share:/home/handsome/ros_ws_test/install/car_db_manager_action/share:/home/handsome/ros_ws_test/install/ros_utility_tools/share:/home/handsome/ros_ws_test/install/robot_scheduling_server/share:/home/handsome/ros_ws_test/install/robot_scheduling_msgs/share:/home/handsome/ros_ws_test/install/robot_navigation/share:/home/handsome/ros_ws_test/install/robot_localization/share:/home/handsome/ros_ws_test/install/robot_control_msgs/share:/home/handsome/ros_ws_test/install/reset_location/share:/home/handsome/ros_ws_test/install/razor_imu_9dof/share:/home/handsome/ros_ws_test/install/pnp_rosplan/share:/home/handsome/ros_ws_test/install/actionlib_modules_controller/share:/home/handsome/ros_ws_test/install/pnp_ros/share:/home/handsome/ros_ws_test/install/pnp_msgs/share:/home/handsome/ros_ws_test/install/open_auto_dock/share:/home/handsome/ros_ws_test/install/open_auto_dock_msgs/share:/home/handsome/ros_ws_test/install/omron_os32c_driver/share:/home/handsome/ros_ws_test/install/dlux_plugins/share:/home/handsome/ros_ws_test/install/dlux_global_planner/share:/home/handsome/ros_ws_test/install/nav_grid_pub_sub/share:/home/handsome/ros_ws_test/install/dwb_critics/share:/home/handsome/ros_ws_test/install/nav_grid_iterators/share:/home/handsome/ros_ws_test/install/locomove_base/share:/home/handsome/ros_ws_test/install/locomotor/share:/home/handsome/ros_ws_test/install/nav_core_adapter/share:/home/handsome/ros_ws_test/install/dwb_plugins/share:/home/handsome/ros_ws_test/install/dwb_local_planner/share:/home/handsome/ros_ws_test/install/nav_2d_utils/share:/home/handsome/ros_ws_test/install/global_planner_tests/share:/home/handsome/ros_ws_test/install/costmap_queue/share:/home/handsome/ros_ws_test/install/nav_core2/share:/home/handsome/ros_ws_test/install/nav_grid/share:/home/handsome/ros_ws_test/install/actionlib_modules_msgs/share:/home/handsome/ros_ws_test/install/dwb_msgs/share:/home/handsome/ros_ws_test/install/mongodb_log/share:/home/handsome/ros_ws_test/install/mongodb_store/share:/home/handsome/ros_ws_test/install/mongodb_store_msgs/share:/home/handsome/ros_ws_test/install/create_autonomy/share:/home/handsome/ros_ws_test/install/ca_driver/share:/home/handsome/ros_ws_test/install/i_robot_stage/share:/home/handsome/ros_ws_test/install/i_robot_navigation/share:/home/handsome/ros_ws_test/install/cellctrl_control_msgs/share:/home/handsome/ros_ws_test/install/car_db_manager_msgs/share:/home/handsome/ros_ws_test/install/ca_tools/share:/home/handsome/ros_ws_test/install/ca_msgs/share:/home/handsome/ros_ws_test/install/ca_description/share:/home/handsome/ros_ws_test/install/botcmd_msgs/share:/opt/ros/melodic/share /usr/bin/cmake --build /home/handsome/ros_ws_test/build/robot_scheduling_msgs -- -j12 -l12
[0.191s] [  0%] Built target _robot_scheduling_msgs_generate_messages_check_deps_pose_move_to_recoveryGoal
[0.192s] [  0%] Built target _robot_scheduling_msgs_generate_messages_check_deps_power_charge_recoveryActionFeedback
[0.194s] [  0%] Built target _robot_scheduling_msgs_generate_messages_check_deps_robot_interface_proc_lowerAction
[0.194s] [  0%] Built target _robot_scheduling_msgs_generate_messages_check_deps_power_charge_recoveryFeedback
[0.195s] [  0%] Built target _robot_scheduling_msgs_generate_messages_check_deps_power_charge_recoveryAction
[0.195s] [  0%] Built target _robot_scheduling_msgs_generate_messages_check_deps_robot_interface_proc_lowerActionFeedback
[0.195s] [  0%] Built target _robot_scheduling_msgs_generate_messages_check_deps_pose_recognize_recoveryActionResult
[0.197s] [  0%] Built target _robot_scheduling_msgs_generate_messages_check_deps_self_turn_toActionFeedback
[0.200s] [  0%] Built target _robot_scheduling_msgs_generate_messages_check_deps_pose_recognizeResult
[0.200s] [  0%] Built target _robot_scheduling_msgs_generate_messages_check_deps_time_waitGoal
[0.202s] [  0%] Built target _robot_scheduling_msgs_generate_messages_check_deps_dock_to_recoveryResult
[0.203s] [  0%] Built target _robot_scheduling_msgs_generate_messages_check_deps_pose_move_toAction
[0.313s] [  0%] Built target _robot_scheduling_msgs_generate_messages_check_deps_db_process_recoveryAction
[0.314s] [  0%] Built target _robot_scheduling_msgs_generate_messages_check_deps_robot_commandActionResult
[0.315s] [  0%] Built target _robot_scheduling_msgs_generate_messages_check_deps_lower_if_command
[0.315s] [  0%] Built target _robot_scheduling_msgs_generate_messages_check_deps_interrupt_infoFeedback
[0.315s] [  0%] Built target _robot_scheduling_msgs_generate_messages_check_deps_db_process_recoveryActionGoal
[0.320s] [  0%] Built target _robot_scheduling_msgs_generate_messages_check_deps_robot_interface_proc_lowerGoal
[0.320s] [  0%] Built target _robot_scheduling_msgs_generate_messages_check_deps_pose_move_to_recoveryFeedback
[0.321s] [  0%] Built target _robot_scheduling_msgs_generate_messages_check_deps_robot_interface_proc_upperActionGoal
[0.321s] [  0%] Built target _robot_scheduling_msgs_generate_messages_check_deps_interrupt_infoAction
[0.324s] [  0%] Built target _robot_scheduling_msgs_generate_messages_check_deps_function_run_recoveryGoal
[0.324s] [  0%] Built target _robot_scheduling_msgs_generate_messages_check_deps_undock_toActionGoal
[0.324s] [  0%] Built target _robot_scheduling_msgs_generate_messages_check_deps_robot_interface_proc_lowerResult
[0.372s] [  0%] Built target std_msgs_generate_messages_cpp
[0.430s] [  0%] Built target _robot_scheduling_msgs_generate_messages_check_deps_robot_interface_paramsResult
[0.430s] [  0%] Built target _robot_scheduling_msgs_generate_messages_check_deps_worksheetrunActionFeedback
[0.435s] [  0%] Built target _robot_scheduling_msgs_generate_messages_check_deps_function_runResult
[0.435s] [  0%] Built target _robot_scheduling_msgs_generate_messages_check_deps_undock_toGoal
[0.435s] [  0%] Built target _robot_scheduling_msgs_generate_messages_check_deps_robot_interface_proc_lowerFeedback
[0.438s] [  0%] Built target _robot_scheduling_msgs_generate_messages_check_deps_time_waitResult
[0.439s] [  0%] Built target _robot_scheduling_msgs_generate_messages_check_deps_db_process_recoveryFeedback
[0.439s] [  0%] Built target _robot_scheduling_msgs_generate_messages_check_deps_undock_to_recoveryActionResult
[0.442s] [  0%] Built target _robot_scheduling_msgs_generate_messages_check_deps_robot_commandResult
[0.450s] [  0%] Built target _robot_scheduling_msgs_generate_messages_check_deps_robot_interface_paramsAction
[0.452s] [  0%] Built target _robot_scheduling_msgs_generate_messages_check_deps_robot_interface_proc_upperResult
[0.484s] [  0%] Built target _robot_scheduling_msgs_generate_messages_check_deps_robot_interface_paramsFeedback
[0.490s] [  0%] Built target locomotor_msgs_generate_messages_cpp
[0.549s] [  0%] Built target _robot_scheduling_msgs_generate_messages_check_deps_power_chargeResult
[0.550s] [  0%] Built target _robot_scheduling_msgs_generate_messages_check_deps_worksheetrunFeedback
[0.558s] [  0%] Built target _robot_scheduling_msgs_generate_messages_check_deps_power_charge_recoveryActionGoal
[0.558s] [  0%] Built target _robot_scheduling_msgs_generate_messages_check_deps_undock_toResult
[0.558s] [  0%] Built target _robot_scheduling_msgs_generate_messages_check_deps_robot_interface_processActionGoal
[0.561s] [  0%] Built target _robot_scheduling_msgs_generate_messages_check_deps_robot_interface_proc_upperFeedback
[0.562s] [  0%] Built target _robot_scheduling_msgs_generate_messages_check_deps_pose_move_to_recoveryActionGoal
[0.566s] [  0%] Built target _robot_scheduling_msgs_generate_messages_check_deps_pose_move_toActionGoal
[0.568s] [  0%] Built target _robot_scheduling_msgs_generate_messages_check_deps_robot_run_stateGoal
[0.574s] [  0%] Built target _robot_scheduling_msgs_generate_messages_check_deps_robot_run_stateActionGoal
[0.612s] [  0%] Built target _robot_scheduling_msgs_generate_messages_check_deps_pose_recognizeAction
[0.616s] [  0%] Built target _robot_scheduling_msgs_generate_messages_check_deps_undock_to_recoveryFeedback
[0.668s] [  0%] Built target _robot_scheduling_msgs_generate_messages_check_deps_robot_interface_proc_lowerActionGoal
[0.677s] [  0%] Built target _robot_scheduling_msgs_generate_messages_check_deps_power_charge_recoveryActionResult
[0.677s] [  0%] Built target _robot_scheduling_msgs_generate_messages_check_deps_robot_commandFeedback
[0.682s] [  0%] Built target _robot_scheduling_msgs_generate_messages_check_deps_power_charge_recoveryGoal
[0.682s] [  0%] Built target _robot_scheduling_msgs_generate_messages_check_deps_pose_recognizeActionResult
[0.683s] [  0%] Built target _robot_scheduling_msgs_generate_messages_check_deps_function_runGoal
[0.684s] [  0%] Built target _robot_scheduling_msgs_generate_messages_check_deps_robot_interface_proc_upperActionFeedback
[0.687s] [  0%] Built target _robot_scheduling_msgs_generate_messages_check_deps_power_chargeActionGoal
[0.687s] [  0%] Built target _robot_scheduling_msgs_generate_messages_check_deps_function_run_recoveryActionGoal
[0.687s] [  0%] Built target _robot_scheduling_msgs_generate_messages_check_deps_self_turn_toGoal
[0.725s] [  0%] Built target _robot_scheduling_msgs_generate_messages_check_deps_pose_move_to_recoveryAction
[0.730s] [  0%] Built target _robot_scheduling_msgs_generate_messages_check_deps_pose_recognize_recoveryActionFeedback
[0.779s] [  0%] Built target geometry_msgs_generate_messages_cpp
[0.780s] [  0%] Built target _robot_scheduling_msgs_generate_messages_check_deps_db_processFeedback
[0.794s] [  0%] Built target _robot_scheduling_msgs_generate_messages_check_deps_robot_interface_processActionFeedback
[0.797s] [  0%] Built target _robot_scheduling_msgs_generate_messages_check_deps_interrupt_infoActionResult
[0.801s] [  0%] Built target _robot_scheduling_msgs_generate_messages_check_deps_controller_state_recoveryResult
[0.804s] [  0%] Built target _robot_scheduling_msgs_generate_messages_check_deps_undock_to_recoveryAction
[0.804s] [  0%] Built target _robot_scheduling_msgs_generate_messages_check_deps_controller_state_recoveryAction
[0.807s] [  0%] Built target _robot_scheduling_msgs_generate_messages_check_deps_robot_interface_paramsActionResult
[0.809s] [  0%] Built target _robot_scheduling_msgs_generate_messages_check_deps_pose_recognize_recoveryGoal
[0.812s] [  0%] Built target _robot_scheduling_msgs_generate_messages_check_deps_pose_move_toActionFeedback
[0.812s] [  0%] Built target _robot_scheduling_msgs_generate_messages_check_deps_robot_interface_processActionResult
[0.856s] [  0%] Built target _robot_scheduling_msgs_generate_messages_check_deps_robot_run_stateActionResult
[0.890s] [  0%] Built target _robot_scheduling_msgs_generate_messages_check_deps_robot_interface_paramsGoal
[0.897s] [  0%] Built target _robot_scheduling_msgs_generate_messages_check_deps_robot_interface_proc_lowerActionResult
[0.911s] [  0%] Built target _robot_scheduling_msgs_generate_messages_check_deps_self_turn_to_recoveryActionGoal
[0.914s] [  0%] Built target _robot_scheduling_msgs_generate_messages_check_deps_robot_run_stateActionFeedback
[0.924s] [  0%] Built target _robot_scheduling_msgs_generate_messages_check_deps_worksheetrunAction
[0.925s] [  0%] Built target _robot_scheduling_msgs_generate_messages_check_deps_pose_recognizeGoal
[0.926s] [  0%] Built target _robot_scheduling_msgs_generate_messages_check_deps_robot_run_stateAction
[0.932s] [  0%] Built target _robot_scheduling_msgs_generate_messages_check_deps_worksheetrunActionResult
[0.935s] [  0%] Built target _robot_scheduling_msgs_generate_messages_check_deps_pose_recognize_recoveryFeedback
[0.941s] [  0%] Built target _robot_scheduling_msgs_generate_messages_check_deps_power_chargeFeedback
[0.941s] [  0%] Built target _robot_scheduling_msgs_generate_messages_check_deps_pose_move_to_recoveryActionResult
[0.978s] [  0%] Built target _robot_scheduling_msgs_generate_messages_check_deps_action_command_cmd
[0.981s] [  0%] Built target actionlib_msgs_generate_messages_cpp
[1.017s] [  0%] Built target _robot_scheduling_msgs_generate_messages_check_deps_dock_toResult
[1.017s] [  0%] Built target _robot_scheduling_msgs_generate_messages_check_deps_time_waitActionResult
[1.038s] [  0%] Built target _robot_scheduling_msgs_generate_messages_check_deps_robot_commandActionFeedback
[1.038s] [  0%] Built target _robot_scheduling_msgs_generate_messages_check_deps_pose_recognize_recoveryResult
[1.041s] [  0%] Built target _robot_scheduling_msgs_generate_messages_check_deps_time_waitActionFeedback
[1.044s] [  0%] Built target _robot_scheduling_msgs_generate_messages_check_deps_db_process_recoveryActionFeedback
[1.054s] [  0%] Built target _robot_scheduling_msgs_generate_messages_check_deps_power_chargeActionFeedback
[1.054s] [  0%] Built target _robot_scheduling_msgs_generate_messages_check_deps_function_run_recoveryActionResult
[1.062s] [  0%] Built target _robot_scheduling_msgs_generate_messages_check_deps_dock_to_recoveryFeedback
[1.064s] [  0%] Built target _robot_scheduling_msgs_generate_messages_check_deps_robot_interface_proc_upperActionResult
[1.098s] [  0%] Built target _robot_scheduling_msgs_generate_messages_check_deps_self_turn_to_recoveryActionFeedback
[1.098s] [  0%] Built target _robot_scheduling_msgs_generate_messages_check_deps_robot_commandGoal
[1.141s] [  0%] Built target _robot_scheduling_msgs_generate_messages_check_deps_interrupt_infoActionGoal
[1.146s] [  0%] Built target _robot_scheduling_msgs_generate_messages_check_deps_pose_move_toGoal
[1.153s] [  0%] Built target _robot_scheduling_msgs_generate_messages_check_deps_undock_toActionFeedback
[1.157s] [  0%] Built target _robot_scheduling_msgs_generate_messages_check_deps_pose_recognizeActionGoal
[1.158s] [  0%] Built target _robot_scheduling_msgs_generate_messages_check_deps_robot_run_stateResult
[1.164s] [  0%] Built target _robot_scheduling_msgs_generate_messages_check_deps_time_waitFeedback
[1.165s] [  0%] Built target _robot_scheduling_msgs_generate_messages_check_deps_pose_recognizeFeedback
[1.173s] [  0%] Built target _robot_scheduling_msgs_generate_messages_check_deps_dock_to_recoveryGoal
[1.182s] [  0%] Built target _robot_scheduling_msgs_generate_messages_check_deps_db_processResult
[1.201s] [  0%] Built target _robot_scheduling_msgs_generate_messages_check_deps_db_processGoal
[1.223s] [  0%] Built target _robot_scheduling_msgs_generate_messages_check_deps_self_turn_toAction
[1.230s] [  0%] Built target _robot_scheduling_msgs_generate_messages_check_deps_db_processAction
[1.270s] [  0%] Built target _robot_scheduling_msgs_generate_messages_check_deps_robot_command
[1.270s] [  0%] Built target _robot_scheduling_msgs_generate_messages_check_deps_undock_to_recoveryActionFeedback
[1.275s] [  0%] Built target _robot_scheduling_msgs_generate_messages_check_deps_dock_to_recoveryAction
[1.275s] [  0%] Built target _robot_scheduling_msgs_generate_messages_check_deps_pose_move_toResult
[1.282s] [  0%] Built target _robot_scheduling_msgs_generate_messages_check_deps_controller_state_recoveryFeedback
[1.286s] [  0%] Built target _robot_scheduling_msgs_generate_messages_check_deps_self_turn_toFeedback
[1.287s] [  0%] Built target _robot_scheduling_msgs_generate_messages_check_deps_self_turn_to_recoveryFeedback
[1.293s] [  0%] Built target _robot_scheduling_msgs_generate_messages_check_deps_undock_to_recoveryResult
[1.297s] [  0%] Built target _robot_scheduling_msgs_generate_messages_check_deps_dock_toActionFeedback
[1.318s] [  0%] Built target _robot_scheduling_msgs_generate_messages_check_deps_controller_state_recoveryGoal
[1.344s] [  0%] Built target _robot_scheduling_msgs_generate_messages_check_deps_robot_interface_proc_upperAction
[1.347s] [  0%] Built target _robot_scheduling_msgs_generate_messages_check_deps_robot_interface_paramsActionFeedback
[1.384s] [  0%] Built target _robot_scheduling_msgs_generate_messages_check_deps_robot_interface_processAction
[1.389s] [  0%] Built target _robot_scheduling_msgs_generate_messages_check_deps_interrupt_infoResult
[1.390s] [  0%] Built target _robot_scheduling_msgs_generate_messages_check_deps_controller_state_recoveryActionFeedback
[1.394s] [  0%] Built target _robot_scheduling_msgs_generate_messages_check_deps_self_turn_toActionResult
[1.401s] [  0%] Built target _robot_scheduling_msgs_generate_messages_check_deps_pose_recognize_recoveryActionGoal
[1.402s] [  0%] Built target _robot_scheduling_msgs_generate_messages_check_deps_self_turn_toActionGoal
[1.405s] [  0%] Built target _robot_scheduling_msgs_generate_messages_check_deps_function_run_recoveryResult
[1.410s] [  0%] Built target _robot_scheduling_msgs_generate_messages_check_deps_self_turn_to_recoveryActionResult
[1.415s] [  0%] Built target _robot_scheduling_msgs_generate_messages_check_deps_interrupt_infoGoal
[1.447s] [  0%] Built target _robot_scheduling_msgs_generate_messages_check_deps_db_process_recoveryGoal
[1.465s] [  0%] Built target _robot_scheduling_msgs_generate_messages_check_deps_robot_interface_paramsActionGoal
[1.474s] [  0%] Built target _robot_scheduling_msgs_generate_messages_check_deps_power_charge_recoveryResult
[1.482s] The dependencies of the message/service 'robot_scheduling_msgs/upper_if_command' have changed. Please rerun cmake.
[1.488s] CMakeFiles/_robot_scheduling_msgs_generate_messages_check_deps_upper_if_command.dir/build.make:57: recipe for target 'CMakeFiles/_robot_scheduling_msgs_generate_messages_check_deps_upper_if_command' failed
[1.489s] make[2]: *** [CMakeFiles/_robot_scheduling_msgs_generate_messages_check_deps_upper_if_command] Error 1
[1.489s] CMakeFiles/Makefile2:2019: recipe for target 'CMakeFiles/_robot_scheduling_msgs_generate_messages_check_deps_upper_if_command.dir/all' failed
[1.489s] make[1]: *** [CMakeFiles/_robot_scheduling_msgs_generate_messages_check_deps_upper_if_command.dir/all] Error 2
[1.489s] make[1]: *** Waiting for unfinished jobs....
[1.515s] [  0%] Built target _robot_scheduling_msgs_generate_messages_check_deps_db_processActionFeedback
[1.518s] [  0%] Built target _robot_scheduling_msgs_generate_messages_check_deps_dock_to_recoveryActionGoal
[1.518s] [  0%] Built target _robot_scheduling_msgs_generate_messages_check_deps_robot_commandActionGoal
[1.524s] [  0%] Built target _robot_scheduling_msgs_generate_messages_check_deps_function_run_recoveryActionFeedback
[1.524s] [  0%] Built target _robot_scheduling_msgs_generate_messages_check_deps_robot_interface_processFeedback
[1.529s] [  0%] Built target _robot_scheduling_msgs_generate_messages_check_deps_function_runAction
[1.535s] [  0%] Built target _robot_scheduling_msgs_generate_messages_check_deps_dock_toFeedback
[1.542s] [  0%] Built target _robot_scheduling_msgs_generate_messages_check_deps_db_process_recoveryResult
[1.554s] [  0%] Built target _robot_scheduling_msgs_generate_messages_check_deps_function_runActionGoal
[1.562s] [  0%] Built target _robot_scheduling_msgs_generate_messages_check_deps_function_runFeedback
[1.570s] [  0%] Built target _robot_scheduling_msgs_generate_messages_check_deps_undock_toActionResult
[1.570s] Makefile:140: recipe for target 'all' failed
[1.571s] make: *** [all] Error 2
[1.573s] Invoked command in '/home/handsome/ros_ws_test/build/robot_scheduling_msgs' returned '2': CMAKE_PREFIX_PATH=/home/handsome/ros_ws_test/install/locomotor_msgs:/home/handsome/ros_ws_test/install/nav_2d_msgs:/home/handsome/ros_ws_test/install/yocs_cmd_vel_mux:/home/handsome/ros_ws_test/install/turtlebot_teleop:/home/handsome/ros_ws_test/install/tug_example_pnp_server:/home/handsome/ros_ws_test/install/tug_example_actions:/home/handsome/ros_ws_test/install/tug_example_msgs:/home/handsome/ros_ws_test/install/timed_roslaunch:/home/handsome/ros_ws_test/install/teb2_local_planner:/home/handsome/ros_ws_test/install/stated_roslaunch:/home/handsome/ros_ws_test/install/spatio_temporal_voxel_layer:/home/handsome/ros_ws_test/install/robot_udp_bridge:/home/handsome/ros_ws_test/install/robot_database_bridge:/home/handsome/ros_ws_test/install/samsungcmd_msgs:/home/handsome/ros_ws_test/install/rplidar_ros:/home/handsome/ros_ws_test/install/rp_action:/home/handsome/ros_ws_test/install/rp_action_msgs:/home/handsome/ros_ws_test/install/robot_scheduling_actions:/home/handsome/ros_ws_test/install/cellctrl_qtgui_bridge:/home/handsome/ros_ws_test/install/car_db_manager_qtgui:/home/handsome/ros_ws_test/install/car_db_manager_bridge:/home/handsome/ros_ws_test/install/car_db_manager_action:/home/handsome/ros_ws_test/install/ros_utility_tools:/home/handsome/ros_ws_test/install/robot_scheduling_server:/home/handsome/ros_ws_test/install/robot_scheduling_msgs:/home/handsome/ros_ws_test/install/robot_localization:/home/handsome/ros_ws_test/install/robot_control_msgs:/home/handsome/ros_ws_test/install/reset_location:/home/handsome/ros_ws_test/install/razor_imu_9dof:/home/handsome/ros_ws_test/install/pnp_rosplan:/home/handsome/ros_ws_test/install/pnp_ros:/home/handsome/ros_ws_test/install/pnp_msgs:/home/handsome/ros_ws_test/install/open_auto_dock:/home/handsome/ros_ws_test/install/open_auto_dock_msgs:/home/handsome/ros_ws_test/install/omron_os32c_driver:/home/handsome/ros_ws_test/install/dlux_plugins:/home/handsome/ros_ws_test/install/dlux_global_planner:/home/handsome/ros_ws_test/install/nav_grid_pub_sub:/home/handsome/ros_ws_test/install/dwb_critics:/home/handsome/ros_ws_test/install/nav_grid_iterators:/home/handsome/ros_ws_test/install/locomove_base:/home/handsome/ros_ws_test/install/locomotor:/home/handsome/ros_ws_test/install/nav_core_adapter:/home/handsome/ros_ws_test/install/dwb_plugins:/home/handsome/ros_ws_test/install/dwb_local_planner:/home/handsome/ros_ws_test/install/nav_2d_utils:/home/handsome/ros_ws_test/install/global_planner_tests:/home/handsome/ros_ws_test/install/costmap_queue:/home/handsome/ros_ws_test/install/nav_core2:/home/handsome/ros_ws_test/install/nav_grid:/home/handsome/ros_ws_test/install/actionlib_modules_msgs:/home/handsome/ros_ws_test/install/dwb_msgs:/home/handsome/ros_ws_test/install/mongodb_log:/home/handsome/ros_ws_test/install/mongodb_store:/home/handsome/ros_ws_test/install/mongodb_store_msgs:/home/handsome/ros_ws_test/install/ca_driver:/home/handsome/ros_ws_test/install/libcreate:/home/handsome/ros_ws_test/install/i_robot_stage:/home/handsome/ros_ws_test/install/i_robot_navigation:/home/handsome/ros_ws_test/install/cellctrl_control_msgs:/home/handsome/ros_ws_test/install/car_db_manager_msgs:/home/handsome/ros_ws_test/install/ca_tools:/home/handsome/ros_ws_test/install/ca_msgs:/home/handsome/ros_ws_test/install/ca_description:/home/handsome/ros_ws_test/install/botcmd_msgs:/opt/ros/melodic PKG_CONFIG_PATH=/home/handsome/ros_ws_test/install/locomotor_msgs/lib/x86_64-linux-gnu/pkgconfig:/home/handsome/ros_ws_test/install/locomotor_msgs/lib/pkgconfig:/home/handsome/ros_ws_test/install/nav_2d_msgs/lib/x86_64-linux-gnu/pkgconfig:/home/handsome/ros_ws_test/install/nav_2d_msgs/lib/pkgconfig:/home/handsome/ros_ws_test/install/yocs_cmd_vel_mux/lib/x86_64-linux-gnu/pkgconfig:/home/handsome/ros_ws_test/install/yocs_cmd_vel_mux/lib/pkgconfig:/home/handsome/ros_ws_test/install/turtlebot_teleop/lib/x86_64-linux-gnu/pkgconfig:/home/handsome/ros_ws_test/install/turtlebot_teleop/lib/pkgconfig:/home/handsome/ros_ws_test/install/tug_example_pnp_server/lib/x86_64-linux-gnu/pkgconfig:/home/handsome/ros_ws_test/install/tug_example_pnp_server/lib/pkgconfig:/home/handsome/ros_ws_test/install/tug_example_actions/lib/x86_64-linux-gnu/pkgconfig:/home/handsome/ros_ws_test/install/tug_example_actions/lib/pkgconfig:/home/handsome/ros_ws_test/install/tug_example_msgs/lib/x86_64-linux-gnu/pkgconfig:/home/handsome/ros_ws_test/install/tug_example_msgs/lib/pkgconfig:/home/handsome/ros_ws_test/install/timed_roslaunch/lib/x86_64-linux-gnu/pkgconfig:/home/handsome/ros_ws_test/install/timed_roslaunch/lib/pkgconfig:/home/handsome/ros_ws_test/install/teb2_local_planner/lib/x86_64-linux-gnu/pkgconfig:/home/handsome/ros_ws_test/install/teb2_local_planner/lib/pkgconfig:/home/handsome/ros_ws_test/install/stated_roslaunch/lib/x86_64-linux-gnu/pkgconfig:/home/handsome/ros_ws_test/install/stated_roslaunch/lib/pkgconfig:/home/handsome/ros_ws_test/install/spatio_temporal_voxel_layer/lib/x86_64-linux-gnu/pkgconfig:/home/handsome/ros_ws_test/install/spatio_temporal_voxel_layer/lib/pkgconfig:/home/handsome/ros_ws_test/install/robot_udp_bridge/lib/x86_64-linux-gnu/pkgconfig:/home/handsome/ros_ws_test/install/robot_udp_bridge/lib/pkgconfig:/home/handsome/ros_ws_test/install/robot_database_bridge/lib/x86_64-linux-gnu/pkgconfig:/home/handsome/ros_ws_test/install/robot_database_bridge/lib/pkgconfig:/home/handsome/ros_ws_test/install/samsungcmd_msgs/lib/x86_64-linux-gnu/pkgconfig:/home/handsome/ros_ws_test/install/samsungcmd_msgs/lib/pkgconfig:/home/handsome/ros_ws_test/install/rplidar_ros/lib/x86_64-linux-gnu/pkgconfig:/home/handsome/ros_ws_test/install/rplidar_ros/lib/pkgconfig:/home/handsome/ros_ws_test/install/rp_action/lib/x86_64-linux-gnu/pkgconfig:/home/handsome/ros_ws_test/install/rp_action/lib/pkgconfig:/home/handsome/ros_ws_test/install/rp_action_msgs/lib/x86_64-linux-gnu/pkgconfig:/home/handsome/ros_ws_test/install/rp_action_msgs/lib/pkgconfig:/home/handsome/ros_ws_test/install/robot_scheduling_actions/lib/x86_64-linux-gnu/pkgconfig:/home/handsome/ros_ws_test/install/robot_scheduling_actions/lib/pkgconfig:/home/handsome/ros_ws_test/install/cellctrl_qtgui_bridge/lib/x86_64-linux-gnu/pkgconfig:/home/handsome/ros_ws_test/install/cellctrl_qtgui_bridge/lib/pkgconfig:/home/handsome/ros_ws_test/install/cellctrl_database_bridge/lib/x86_64-linux-gnu/pkgconfig:/home/handsome/ros_ws_test/install/cellctrl_database_bridge/lib/pkgconfig:/home/handsome/ros_ws_test/install/car_db_manager_qtgui/lib/x86_64-linux-gnu/pkgconfig:/home/handsome/ros_ws_test/install/car_db_manager_qtgui/lib/pkgconfig:/home/handsome/ros_ws_test/install/car_db_manager_bridge/lib/x86_64-linux-gnu/pkgconfig:/home/handsome/ros_ws_test/install/car_db_manager_bridge/lib/pkgconfig:/home/handsome/ros_ws_test/install/car_db_manager_action/lib/x86_64-linux-gnu/pkgconfig:/home/handsome/ros_ws_test/install/car_db_manager_action/lib/pkgconfig:/home/handsome/ros_ws_test/install/ros_utility_tools/lib/x86_64-linux-gnu/pkgconfig:/home/handsome/ros_ws_test/install/ros_utility_tools/lib/pkgconfig:/home/handsome/ros_ws_test/install/robot_scheduling_server/lib/x86_64-linux-gnu/pkgconfig:/home/handsome/ros_ws_test/install/robot_scheduling_server/lib/pkgconfig:/home/handsome/ros_ws_test/install/robot_scheduling_msgs/lib/x86_64-linux-gnu/pkgconfig:/home/handsome/ros_ws_test/install/robot_scheduling_msgs/lib/pkgconfig:/home/handsome/ros_ws_test/install/robot_navigation/lib/x86_64-linux-gnu/pkgconfig:/home/handsome/ros_ws_test/install/robot_navigation/lib/pkgconfig:/home/handsome/ros_ws_test/install/robot_localization/lib/x86_64-linux-gnu/pkgconfig:/home/handsome/ros_ws_test/install/robot_localization/lib/pkgconfig:/home/handsome/ros_ws_test/install/robot_control_msgs/lib/x86_64-linux-gnu/pkgconfig:/home/handsome/ros_ws_test/install/robot_control_msgs/lib/pkgconfig:/home/handsome/ros_ws_test/install/reset_location/lib/x86_64-linux-gnu/pkgconfig:/home/handsome/ros_ws_test/install/reset_location/lib/pkgconfig:/home/handsome/ros_ws_test/install/razor_imu_9dof/lib/x86_64-linux-gnu/pkgconfig:/home/handsome/ros_ws_test/install/razor_imu_9dof/lib/pkgconfig:/home/handsome/ros_ws_test/install/pnp_rosplan/lib/x86_64-linux-gnu/pkgconfig:/home/handsome/ros_ws_test/install/pnp_rosplan/lib/pkgconfig:/home/handsome/ros_ws_test/install/actionlib_modules_controller/lib/x86_64-linux-gnu/pkgconfig:/home/handsome/ros_ws_test/install/actionlib_modules_controller/lib/pkgconfig:/home/handsome/ros_ws_test/install/pnp_ros/lib/x86_64-linux-gnu/pkgconfig:/home/handsome/ros_ws_test/install/pnp_ros/lib/pkgconfig:/home/handsome/ros_ws_test/install/pnp_msgs/lib/x86_64-linux-gnu/pkgconfig:/home/handsome/ros_ws_test/install/pnp_msgs/lib/pkgconfig:/home/handsome/ros_ws_test/install/open_auto_dock/lib/x86_64-linux-gnu/pkgconfig:/home/handsome/ros_ws_test/install/open_auto_dock/lib/pkgconfig:/home/handsome/ros_ws_test/install/open_auto_dock_msgs/lib/x86_64-linux-gnu/pkgconfig:/home/handsome/ros_ws_test/install/open_auto_dock_msgs/lib/pkgconfig:/home/handsome/ros_ws_test/install/omron_os32c_driver/lib/x86_64-linux-gnu/pkgconfig:/home/handsome/ros_ws_test/install/omron_os32c_driver/lib/pkgconfig:/home/handsome/ros_ws_test/install/dlux_plugins/lib/x86_64-linux-gnu/pkgconfig:/home/handsome/ros_ws_test/install/dlux_plugins/lib/pkgconfig:/home/handsome/ros_ws_test/install/dlux_global_planner/lib/x86_64-linux-gnu/pkgconfig:/home/handsome/ros_ws_test/install/dlux_global_planner/lib/pkgconfig:/home/handsome/ros_ws_test/install/nav_grid_pub_sub/lib/x86_64-linux-gnu/pkgconfig:/home/handsome/ros_ws_test/install/nav_grid_pub_sub/lib/pkgconfig:/home/handsome/ros_ws_test/install/dwb_critics/lib/x86_64-linux-gnu/pkgconfig:/home/handsome/ros_ws_test/install/dwb_critics/lib/pkgconfig:/home/handsome/ros_ws_test/install/nav_grid_iterators/lib/x86_64-linux-gnu/pkgconfig:/home/handsome/ros_ws_test/install/nav_grid_iterators/lib/pkgconfig:/home/handsome/ros_ws_test/install/locomove_base/lib/x86_64-linux-gnu/pkgconfig:/home/handsome/ros_ws_test/install/locomove_base/lib/pkgconfig:/home/handsome/ros_ws_test/install/locomotor/lib/x86_64-linux-gnu/pkgconfig:/home/handsome/ros_ws_test/install/locomotor/lib/pkgconfig:/home/handsome/ros_ws_test/install/nav_core_adapter/lib/x86_64-linux-gnu/pkgconfig:/home/handsome/ros_ws_test/install/nav_core_adapter/lib/pkgconfig:/home/handsome/ros_ws_test/install/dwb_plugins/lib/x86_64-linux-gnu/pkgconfig:/home/handsome/ros_ws_test/install/dwb_plugins/lib/pkgconfig:/home/handsome/ros_ws_test/install/dwb_local_planner/lib/x86_64-linux-gnu/pkgconfig:/home/handsome/ros_ws_test/install/dwb_local_planner/lib/pkgconfig:/home/handsome/ros_ws_test/install/nav_2d_utils/lib/x86_64-linux-gnu/pkgconfig:/home/handsome/ros_ws_test/install/nav_2d_utils/lib/pkgconfig:/home/handsome/ros_ws_test/install/global_planner_tests/lib/x86_64-linux-gnu/pkgconfig:/home/handsome/ros_ws_test/install/global_planner_tests/lib/pkgconfig:/home/handsome/ros_ws_test/install/costmap_queue/lib/x86_64-linux-gnu/pkgconfig:/home/handsome/ros_ws_test/install/costmap_queue/lib/pkgconfig:/home/handsome/ros_ws_test/install/nav_core2/lib/x86_64-linux-gnu/pkgconfig:/home/handsome/ros_ws_test/install/nav_core2/lib/pkgconfig:/home/handsome/ros_ws_test/install/nav_grid/lib/x86_64-linux-gnu/pkgconfig:/home/handsome/ros_ws_test/install/nav_grid/lib/pkgconfig:/home/handsome/ros_ws_test/install/actionlib_modules_msgs/lib/x86_64-linux-gnu/pkgconfig:/home/handsome/ros_ws_test/install/actionlib_modules_msgs/lib/pkgconfig:/home/handsome/ros_ws_test/install/dwb_msgs/lib/x86_64-linux-gnu/pkgconfig:/home/handsome/ros_ws_test/install/dwb_msgs/lib/pkgconfig:/home/handsome/ros_ws_test/install/mongodb_log/lib/x86_64-linux-gnu/pkgconfig:/home/handsome/ros_ws_test/install/mongodb_log/lib/pkgconfig:/home/handsome/ros_ws_test/install/mongodb_store/lib/x86_64-linux-gnu/pkgconfig:/home/handsome/ros_ws_test/install/mongodb_store/lib/pkgconfig:/home/handsome/ros_ws_test/install/mongodb_store_msgs/lib/x86_64-linux-gnu/pkgconfig:/home/handsome/ros_ws_test/install/mongodb_store_msgs/lib/pkgconfig:/home/handsome/ros_ws_test/install/create_autonomy/lib/x86_64-linux-gnu/pkgconfig:/home/handsome/ros_ws_test/install/create_autonomy/lib/pkgconfig:/home/handsome/ros_ws_test/install/ca_driver/lib/x86_64-linux-gnu/pkgconfig:/home/handsome/ros_ws_test/install/ca_driver/lib/pkgconfig:/home/handsome/ros_ws_test/install/libcreate/lib/x86_64-linux-gnu/pkgconfig:/home/handsome/ros_ws_test/install/libcreate/lib/pkgconfig:/home/handsome/ros_ws_test/install/i_robot_stage/lib/x86_64-linux-gnu/pkgconfig:/home/handsome/ros_ws_test/install/i_robot_stage/lib/pkgconfig:/home/handsome/ros_ws_test/install/i_robot_navigation/lib/x86_64-linux-gnu/pkgconfig:/home/handsome/ros_ws_test/install/i_robot_navigation/lib/pkgconfig:/home/handsome/ros_ws_test/install/cellctrl_control_msgs/lib/x86_64-linux-gnu/pkgconfig:/home/handsome/ros_ws_test/install/cellctrl_control_msgs/lib/pkgconfig:/home/handsome/ros_ws_test/install/car_db_manager_msgs/lib/x86_64-linux-gnu/pkgconfig:/home/handsome/ros_ws_test/install/car_db_manager_msgs/lib/pkgconfig:/home/handsome/ros_ws_test/install/ca_tools/lib/x86_64-linux-gnu/pkgconfig:/home/handsome/ros_ws_test/install/ca_tools/lib/pkgconfig:/home/handsome/ros_ws_test/install/ca_msgs/lib/x86_64-linux-gnu/pkgconfig:/home/handsome/ros_ws_test/install/ca_msgs/lib/pkgconfig:/home/handsome/ros_ws_test/install/ca_description/lib/x86_64-linux-gnu/pkgconfig:/home/handsome/ros_ws_test/install/ca_description/lib/pkgconfig:/home/handsome/ros_ws_test/install/botcmd_msgs/lib/x86_64-linux-gnu/pkgconfig:/home/handsome/ros_ws_test/install/botcmd_msgs/lib/pkgconfig:/opt/ros/melodic/lib/pkgconfig PYTHONPATH=/home/handsome/ros_ws_test/install/locomotor_msgs/lib/python2.7/dist-packages:/home/handsome/ros_ws_test/install/nav_2d_msgs/lib/python2.7/dist-packages:/home/handsome/ros_ws_test/install/yocs_cmd_vel_mux/lib/python2.7/dist-packages:/home/handsome/ros_ws_test/install/tug_example_msgs/lib/python2.7/dist-packages:/home/handsome/ros_ws_test/install/teb2_local_planner/lib/python2.7/dist-packages:/home/handsome/ros_ws_test/install/spatio_temporal_voxel_layer/lib/python2.7/dist-packages:/home/handsome/ros_ws_test/install/samsungcmd_msgs/lib/python2.7/dist-packages:/home/handsome/ros_ws_test/install/rp_action_msgs/lib/python2.7/dist-packages:/home/handsome/ros_ws_test/install/robot_scheduling_msgs/lib/python2.7/dist-packages:/home/handsome/ros_ws_test/install/robot_localization/lib/python2.7/dist-packages:/home/handsome/ros_ws_test/install/robot_control_msgs/lib/python2.7/dist-packages:/home/handsome/ros_ws_test/install/reset_location/lib/python2.7/dist-packages:/home/handsome/ros_ws_test/install/razor_imu_9dof/lib/python2.7/dist-packages:/home/handsome/ros_ws_test/install/pnp_msgs/lib/python2.7/dist-packages:/home/handsome/ros_ws_test/install/open_auto_dock_msgs/lib/python2.7/dist-packages:/home/handsome/ros_ws_test/install/dwb_plugins/lib/python2.7/dist-packages:/home/handsome/ros_ws_test/install/actionlib_modules_msgs/lib/python2.7/dist-packages:/home/handsome/ros_ws_test/install/dwb_msgs/lib/python2.7/dist-packages:/home/handsome/ros_ws_test/install/mongodb_store/lib/python2.7/dist-packages:/home/handsome/ros_ws_test/install/mongodb_store_msgs/lib/python2.7/dist-packages:/home/handsome/ros_ws_test/install/cellctrl_control_msgs/lib/python2.7/dist-packages:/home/handsome/ros_ws_test/install/car_db_manager_msgs/lib/python2.7/dist-packages:/home/handsome/ros_ws_test/install/ca_msgs/lib/python2.7/dist-packages:/home/handsome/ros_ws_test/install/botcmd_msgs/lib/python2.7/dist-packages:/opt/ros/melodic/lib/python2.7/dist-packages ROS_PACKAGE_PATH=/home/handsome/ros_ws_test/install/locomotor_msgs/share:/home/handsome/ros_ws_test/install/nav_2d_msgs/share:/home/handsome/ros_ws_test/install/yocs_cmd_vel_mux/share:/home/handsome/ros_ws_test/install/turtlebot_teleop/share:/home/handsome/ros_ws_test/install/tug_example_pnp_server/share:/home/handsome/ros_ws_test/install/tug_example_actions/share:/home/handsome/ros_ws_test/install/tug_example_msgs/share:/home/handsome/ros_ws_test/install/timed_roslaunch/share:/home/handsome/ros_ws_test/install/teb2_local_planner/share:/home/handsome/ros_ws_test/install/stated_roslaunch/share:/home/handsome/ros_ws_test/install/spatio_temporal_voxel_layer/share:/home/handsome/ros_ws_test/install/robot_udp_bridge/share:/home/handsome/ros_ws_test/install/robot_database_bridge/share:/home/handsome/ros_ws_test/install/samsungcmd_msgs/share:/home/handsome/ros_ws_test/install/rplidar_ros/share:/home/handsome/ros_ws_test/install/rp_action/share:/home/handsome/ros_ws_test/install/rp_action_msgs/share:/home/handsome/ros_ws_test/install/robot_scheduling_actions/share:/home/handsome/ros_ws_test/install/cellctrl_qtgui_bridge/share:/home/handsome/ros_ws_test/install/cellctrl_database_bridge/share:/home/handsome/ros_ws_test/install/car_db_manager_qtgui/share:/home/handsome/ros_ws_test/install/car_db_manager_bridge/share:/home/handsome/ros_ws_test/install/car_db_manager_action/share:/home/handsome/ros_ws_test/install/ros_utility_tools/share:/home/handsome/ros_ws_test/install/robot_scheduling_server/share:/home/handsome/ros_ws_test/install/robot_scheduling_msgs/share:/home/handsome/ros_ws_test/install/robot_navigation/share:/home/handsome/ros_ws_test/install/robot_localization/share:/home/handsome/ros_ws_test/install/robot_control_msgs/share:/home/handsome/ros_ws_test/install/reset_location/share:/home/handsome/ros_ws_test/install/razor_imu_9dof/share:/home/handsome/ros_ws_test/install/pnp_rosplan/share:/home/handsome/ros_ws_test/install/actionlib_modules_controller/share:/home/handsome/ros_ws_test/install/pnp_ros/share:/home/handsome/ros_ws_test/install/pnp_msgs/share:/home/handsome/ros_ws_test/install/open_auto_dock/share:/home/handsome/ros_ws_test/install/open_auto_dock_msgs/share:/home/handsome/ros_ws_test/install/omron_os32c_driver/share:/home/handsome/ros_ws_test/install/dlux_plugins/share:/home/handsome/ros_ws_test/install/dlux_global_planner/share:/home/handsome/ros_ws_test/install/nav_grid_pub_sub/share:/home/handsome/ros_ws_test/install/dwb_critics/share:/home/handsome/ros_ws_test/install/nav_grid_iterators/share:/home/handsome/ros_ws_test/install/locomove_base/share:/home/handsome/ros_ws_test/install/locomotor/share:/home/handsome/ros_ws_test/install/nav_core_adapter/share:/home/handsome/ros_ws_test/install/dwb_plugins/share:/home/handsome/ros_ws_test/install/dwb_local_planner/share:/home/handsome/ros_ws_test/install/nav_2d_utils/share:/home/handsome/ros_ws_test/install/global_planner_tests/share:/home/handsome/ros_ws_test/install/costmap_queue/share:/home/handsome/ros_ws_test/install/nav_core2/share:/home/handsome/ros_ws_test/install/nav_grid/share:/home/handsome/ros_ws_test/install/actionlib_modules_msgs/share:/home/handsome/ros_ws_test/install/dwb_msgs/share:/home/handsome/ros_ws_test/install/mongodb_log/share:/home/handsome/ros_ws_test/install/mongodb_store/share:/home/handsome/ros_ws_test/install/mongodb_store_msgs/share:/home/handsome/ros_ws_test/install/create_autonomy/share:/home/handsome/ros_ws_test/install/ca_driver/share:/home/handsome/ros_ws_test/install/i_robot_stage/share:/home/handsome/ros_ws_test/install/i_robot_navigation/share:/home/handsome/ros_ws_test/install/cellctrl_control_msgs/share:/home/handsome/ros_ws_test/install/car_db_manager_msgs/share:/home/handsome/ros_ws_test/install/ca_tools/share:/home/handsome/ros_ws_test/install/ca_msgs/share:/home/handsome/ros_ws_test/install/ca_description/share:/home/handsome/ros_ws_test/install/botcmd_msgs/share:/opt/ros/melodic/share /usr/bin/cmake --build /home/handsome/ros_ws_test/build/robot_scheduling_msgs -- -j12 -l12
