[0.112s] Invoking command in '/home/handsome/ros_ws_test/build/botcmd_msgs': /usr/bin/cmake --build /home/handsome/ros_ws_test/build/botcmd_msgs -- -j12 -l12
[0.514s] [  0%] Built target std_msgs_generate_messages_py
[0.846s] [  0%] Built target _botcmd_msgs_generate_messages_check_deps_actBotCmdAction
[0.847s] [  0%] Built target _botcmd_msgs_generate_messages_check_deps_bot_getenabledi_cmd
[0.861s] [  0%] Built target _botcmd_msgs_generate_messages_check_deps_bot_pubstatus
[0.892s] [  0%] Built target _botcmd_msgs_generate_messages_check_deps_bot_ultrasonic
[0.902s] [  0%] Built target _botcmd_msgs_generate_messages_check_deps_bot_device_cmd
[1.032s] [  0%] Built target _botcmd_msgs_generate_messages_check_deps_bot_mqtt_cmd
[1.104s] [  0%] Built target _botcmd_msgs_generate_messages_check_deps_bot_transbattery
[1.210s] [  0%] Built target _botcmd_msgs_generate_messages_check_deps_actBotCmdActionGoal
[1.293s] [  0%] Built target actionlib_msgs_generate_messages_py
[1.499s] [  0%] Built target _botcmd_msgs_generate_messages_check_deps_bot_mqtt_rawdata
[1.518s] [  0%] Built target _botcmd_msgs_generate_messages_check_deps_bot_di_cmd
[1.585s] [  0%] Built target _botcmd_msgs_generate_messages_check_deps_bot_ultrasonic_cmd
[1.652s] [  0%] Built target _botcmd_msgs_generate_messages_check_deps_bot_battery_info_cmd
[1.688s] [  0%] Built target _botcmd_msgs_generate_messages_check_deps_bot_do_cmd
[1.801s] [  0%] Built target geometry_msgs_generate_messages_py
[1.835s] [  0%] Built target _botcmd_msgs_generate_messages_check_deps_bot_battery
[1.835s] [  0%] Built target _botcmd_msgs_generate_messages_check_deps_actBotCmdActionResult
[1.957s] [  0%] Built target _botcmd_msgs_generate_messages_check_deps_bot_status_cmd
[1.998s] [  0%] Built target std_srvs_generate_messages_py
[2.019s] [  0%] Built target _botcmd_msgs_generate_messages_check_deps_bot_transferdata
[2.045s] [  0%] Built target _botcmd_msgs_generate_messages_check_deps_bot_battery_info
[2.101s] [  0%] Built target _botcmd_msgs_generate_messages_check_deps_bot_devicestatus
[2.141s] [  0%] Built target _botcmd_msgs_generate_messages_check_deps_actBotCmdFeedback
[2.246s] [  0%] Built target _botcmd_msgs_generate_messages_check_deps_bot_Infodata_cmd
[2.301s] [  0%] Built target std_msgs_generate_messages_nodejs
[2.382s] [  0%] Built target _botcmd_msgs_generate_messages_check_deps_bot_transfer_cmd
[2.395s] [  0%] Built target geometry_msgs_generate_messages_nodejs
[2.395s] [  0%] Built target std_srvs_generate_messages_nodejs
[2.398s] [  0%] Built target actionlib_msgs_generate_messages_nodejs
[2.426s] [  0%] Built target std_msgs_generate_messages_eus
[2.451s] [  0%] Built target _botcmd_msgs_generate_messages_check_deps_actBotCmdGoal
[2.464s] [  0%] Built target _botcmd_msgs_generate_messages_check_deps_bot_Infodata
[2.489s] [  0%] Built target _botcmd_msgs_generate_messages_check_deps_bot_battery_cmd
[2.557s] [  0%] Built target _botcmd_msgs_generate_messages_check_deps_actBotCmdResult
[2.575s] [  0%] Built target actionlib_msgs_generate_messages_eus
[2.614s] [  0%] Built target geometry_msgs_generate_messages_eus
[2.632s] [  0%] Built target geometry_msgs_generate_messages_cpp
[2.637s] [  0%] Built target std_srvs_generate_messages_cpp
[2.651s] [  0%] Built target actionlib_msgs_generate_messages_cpp
[2.654s] [  0%] Built target std_srvs_generate_messages_eus
[2.679s] [  0%] Built target std_srvs_generate_messages_lisp
[2.696s] [  0%] Built target _botcmd_msgs_generate_messages_check_deps_actBotCmdActionFeedback
[2.705s] [  0%] Built target std_msgs_generate_messages_cpp
[2.780s] [  0%] Built target actionlib_msgs_generate_messages_lisp
[2.781s] [  0%] Built target geometry_msgs_generate_messages_lisp
[2.838s] [ 19%] Built target botcmd_msgs_generate_messages_eus
[2.867s] [ 19%] Built target std_msgs_generate_messages_lisp
[2.868s] [ 40%] Built target botcmd_msgs_generate_messages_py
[2.921s] [ 59%] Built target botcmd_msgs_generate_messages_nodejs
[2.927s] [ 79%] Built target botcmd_msgs_generate_messages_cpp
[2.994s] [100%] Built target botcmd_msgs_generate_messages_lisp
[3.094s] [100%] Built target botcmd_msgs_generate_messages
[3.144s] Invoked command in '/home/handsome/ros_ws_test/build/botcmd_msgs' returned '0': /usr/bin/cmake --build /home/handsome/ros_ws_test/build/botcmd_msgs -- -j12 -l12
[3.563s] Invoking command in '/home/handsome/ros_ws_test/build/botcmd_msgs': /usr/bin/cmake --build /home/handsome/ros_ws_test/build/botcmd_msgs --target tests -- -j12 -l12
[3.876s] Built target tests
[3.976s] Invoked command in '/home/handsome/ros_ws_test/build/botcmd_msgs' returned '0': /usr/bin/cmake --build /home/handsome/ros_ws_test/build/botcmd_msgs --target tests -- -j12 -l12
[5.303s] Invoking command in '/home/handsome/ros_ws_test/build/botcmd_msgs': /usr/bin/cmake --build /home/handsome/ros_ws_test/build/botcmd_msgs --target install -- -j12 -l12
[6.041s] [  0%] Built target std_msgs_generate_messages_py
[6.182s] [  0%] Built target _botcmd_msgs_generate_messages_check_deps_bot_ultrasonic_cmd
[6.226s] [  0%] Built target _botcmd_msgs_generate_messages_check_deps_bot_transbattery
[6.240s] [  0%] Built target _botcmd_msgs_generate_messages_check_deps_bot_ultrasonic
[6.316s] [  0%] Built target _botcmd_msgs_generate_messages_check_deps_bot_device_cmd
[6.332s] [  0%] Built target _botcmd_msgs_generate_messages_check_deps_actBotCmdActionGoal
[6.332s] [  0%] Built target _botcmd_msgs_generate_messages_check_deps_bot_getenabledi_cmd
[6.339s] [  0%] Built target _botcmd_msgs_generate_messages_check_deps_actBotCmdAction
[6.339s] [  0%] Built target _botcmd_msgs_generate_messages_check_deps_bot_battery_info_cmd
[6.349s] [  0%] Built target _botcmd_msgs_generate_messages_check_deps_bot_mqtt_rawdata
[6.354s] [  0%] Built target _botcmd_msgs_generate_messages_check_deps_bot_mqtt_cmd
[6.374s] [  0%] Built target _botcmd_msgs_generate_messages_check_deps_bot_pubstatus
[6.551s] [  0%] Built target actionlib_msgs_generate_messages_py
[6.565s] [  0%] Built target geometry_msgs_generate_messages_py
[6.687s] [  0%] Built target _botcmd_msgs_generate_messages_check_deps_bot_battery_info
[6.690s] [  0%] Built target _botcmd_msgs_generate_messages_check_deps_actBotCmdActionResult
[6.690s] [  0%] Built target _botcmd_msgs_generate_messages_check_deps_bot_do_cmd
[6.692s] [  0%] Built target _botcmd_msgs_generate_messages_check_deps_bot_di_cmd
[6.719s] [  0%] Built target _botcmd_msgs_generate_messages_check_deps_bot_devicestatus
[6.722s] [  0%] Built target _botcmd_msgs_generate_messages_check_deps_bot_transferdata
[6.735s] [  0%] Built target _botcmd_msgs_generate_messages_check_deps_bot_battery
[6.740s] [  0%] Built target _botcmd_msgs_generate_messages_check_deps_actBotCmdFeedback
[6.752s] [  0%] Built target _botcmd_msgs_generate_messages_check_deps_bot_Infodata_cmd
[6.849s] [  0%] Built target _botcmd_msgs_generate_messages_check_deps_bot_status_cmd
[6.856s] [  0%] Built target std_srvs_generate_messages_py
[6.866s] [  0%] Built target std_msgs_generate_messages_nodejs
[6.891s] [  0%] Built target _botcmd_msgs_generate_messages_check_deps_bot_transfer_cmd
[6.932s] [  0%] Built target actionlib_msgs_generate_messages_nodejs
[6.934s] [  0%] Built target geometry_msgs_generate_messages_nodejs
[6.959s] [  0%] Built target std_srvs_generate_messages_nodejs
[6.985s] [  0%] Built target geometry_msgs_generate_messages_eus
[7.016s] [  0%] Built target std_msgs_generate_messages_eus
[7.016s] [  0%] Built target _botcmd_msgs_generate_messages_check_deps_bot_Infodata
[7.019s] [  0%] Built target _botcmd_msgs_generate_messages_check_deps_actBotCmdActionFeedback
[7.020s] [  0%] Built target _botcmd_msgs_generate_messages_check_deps_bot_battery_cmd
[7.021s] [  0%] Built target actionlib_msgs_generate_messages_eus
[7.021s] [  0%] Built target std_srvs_generate_messages_eus
[7.033s] [  0%] Built target _botcmd_msgs_generate_messages_check_deps_actBotCmdResult
[7.048s] [  0%] Built target geometry_msgs_generate_messages_cpp
[7.052s] [  0%] Built target _botcmd_msgs_generate_messages_check_deps_actBotCmdGoal
[7.068s] [  0%] Built target std_msgs_generate_messages_lisp
[7.083s] [  0%] Built target std_msgs_generate_messages_cpp
[7.088s] [  0%] Built target actionlib_msgs_generate_messages_cpp
[7.103s] [  0%] Built target std_srvs_generate_messages_cpp
[7.130s] [  0%] Built target actionlib_msgs_generate_messages_lisp
[7.168s] [  0%] Built target std_srvs_generate_messages_lisp
[7.169s] [  0%] Built target geometry_msgs_generate_messages_lisp
[7.214s] [ 19%] Built target botcmd_msgs_generate_messages_nodejs
[7.238s] [ 55%] Built target botcmd_msgs_generate_messages_py
[7.238s] [ 59%] Built target botcmd_msgs_generate_messages_eus
[7.239s] [ 79%] Built target botcmd_msgs_generate_messages_cpp
[7.313s] [100%] Built target botcmd_msgs_generate_messages_lisp
[7.339s] [100%] Built target botcmd_msgs_generate_messages
[7.383s] [36mInstall the project...[0m
[7.454s] -- Install configuration: ""
[7.456s] -- Up-to-date: /home/handsome/ros_ws_test/install/botcmd_msgs/share/botcmd_msgs/msg/bot_ultrasonic.msg
[7.457s] -- Up-to-date: /home/handsome/ros_ws_test/install/botcmd_msgs/share/botcmd_msgs/msg/bot_pubstatus.msg
[7.457s] -- Up-to-date: /home/handsome/ros_ws_test/install/botcmd_msgs/share/botcmd_msgs/msg/bot_battery.msg
[7.457s] -- Up-to-date: /home/handsome/ros_ws_test/install/botcmd_msgs/share/botcmd_msgs/msg/bot_mqtt_cmd.msg
[7.457s] -- Up-to-date: /home/handsome/ros_ws_test/install/botcmd_msgs/share/botcmd_msgs/msg/bot_mqtt_rawdata.msg
[7.457s] -- Up-to-date: /home/handsome/ros_ws_test/install/botcmd_msgs/share/botcmd_msgs/msg/bot_devicestatus.msg
[7.457s] -- Up-to-date: /home/handsome/ros_ws_test/install/botcmd_msgs/share/botcmd_msgs/msg/bot_Infodata.msg
[7.458s] -- Up-to-date: /home/handsome/ros_ws_test/install/botcmd_msgs/share/botcmd_msgs/msg/bot_transferdata.msg
[7.458s] -- Up-to-date: /home/handsome/ros_ws_test/install/botcmd_msgs/share/botcmd_msgs/msg/bot_transbattery.msg
[7.460s] -- Up-to-date: /home/handsome/ros_ws_test/install/botcmd_msgs/share/botcmd_msgs/msg/bot_battery_info.msg
[7.461s] -- Up-to-date: /home/handsome/ros_ws_test/install/botcmd_msgs/share/botcmd_msgs/srv/bot_device_cmd.srv
[7.461s] -- Up-to-date: /home/handsome/ros_ws_test/install/botcmd_msgs/share/botcmd_msgs/srv/bot_status_cmd.srv
[7.461s] -- Up-to-date: /home/handsome/ros_ws_test/install/botcmd_msgs/share/botcmd_msgs/srv/bot_di_cmd.srv
[7.461s] -- Up-to-date: /home/handsome/ros_ws_test/install/botcmd_msgs/share/botcmd_msgs/srv/bot_do_cmd.srv
[7.461s] -- Up-to-date: /home/handsome/ros_ws_test/install/botcmd_msgs/share/botcmd_msgs/srv/bot_battery_cmd.srv
[7.461s] -- Up-to-date: /home/handsome/ros_ws_test/install/botcmd_msgs/share/botcmd_msgs/srv/bot_ultrasonic_cmd.srv
[7.461s] -- Up-to-date: /home/handsome/ros_ws_test/install/botcmd_msgs/share/botcmd_msgs/srv/bot_Infodata_cmd.srv
[7.461s] -- Up-to-date: /home/handsome/ros_ws_test/install/botcmd_msgs/share/botcmd_msgs/srv/bot_getenabledi_cmd.srv
[7.462s] -- Up-to-date: /home/handsome/ros_ws_test/install/botcmd_msgs/share/botcmd_msgs/srv/bot_transfer_cmd.srv
[7.462s] -- Up-to-date: /home/handsome/ros_ws_test/install/botcmd_msgs/share/botcmd_msgs/srv/bot_battery_info_cmd.srv
[7.462s] -- Up-to-date: /home/handsome/ros_ws_test/install/botcmd_msgs/share/botcmd_msgs/action/actBotCmd.action
[7.463s] -- Up-to-date: /home/handsome/ros_ws_test/install/botcmd_msgs/share/botcmd_msgs/msg/actBotCmdAction.msg
[7.463s] -- Up-to-date: /home/handsome/ros_ws_test/install/botcmd_msgs/share/botcmd_msgs/msg/actBotCmdActionGoal.msg
[7.463s] -- Up-to-date: /home/handsome/ros_ws_test/install/botcmd_msgs/share/botcmd_msgs/msg/actBotCmdActionResult.msg
[7.463s] -- Up-to-date: /home/handsome/ros_ws_test/install/botcmd_msgs/share/botcmd_msgs/msg/actBotCmdActionFeedback.msg
[7.463s] -- Up-to-date: /home/handsome/ros_ws_test/install/botcmd_msgs/share/botcmd_msgs/msg/actBotCmdGoal.msg
[7.463s] -- Up-to-date: /home/handsome/ros_ws_test/install/botcmd_msgs/share/botcmd_msgs/msg/actBotCmdResult.msg
[7.463s] -- Up-to-date: /home/handsome/ros_ws_test/install/botcmd_msgs/share/botcmd_msgs/msg/actBotCmdFeedback.msg
[7.463s] -- Up-to-date: /home/handsome/ros_ws_test/install/botcmd_msgs/share/botcmd_msgs/cmake/botcmd_msgs-msg-paths.cmake
[7.463s] -- Up-to-date: /home/handsome/ros_ws_test/install/botcmd_msgs/include/botcmd_msgs
[7.466s] -- Up-to-date: /home/handsome/ros_ws_test/install/botcmd_msgs/include/botcmd_msgs/bot_mqtt_cmd.h
[7.467s] -- Up-to-date: /home/handsome/ros_ws_test/install/botcmd_msgs/include/botcmd_msgs/bot_transbattery.h
[7.467s] -- Up-to-date: /home/handsome/ros_ws_test/install/botcmd_msgs/include/botcmd_msgs/actBotCmdActionResult.h
[7.467s] -- Up-to-date: /home/handsome/ros_ws_test/install/botcmd_msgs/include/botcmd_msgs/actBotCmdActionFeedback.h
[7.467s] -- Up-to-date: /home/handsome/ros_ws_test/install/botcmd_msgs/include/botcmd_msgs/bot_do_cmd.h
[7.467s] -- Up-to-date: /home/handsome/ros_ws_test/install/botcmd_msgs/include/botcmd_msgs/bot_battery_info_cmdRequest.h
[7.467s] -- Up-to-date: /home/handsome/ros_ws_test/install/botcmd_msgs/include/botcmd_msgs/bot_ultrasonic_cmdResponse.h
[7.467s] -- Up-to-date: /home/handsome/ros_ws_test/install/botcmd_msgs/include/botcmd_msgs/bot_do_cmdRequest.h
[7.467s] -- Up-to-date: /home/handsome/ros_ws_test/install/botcmd_msgs/include/botcmd_msgs/bot_mqtt_rawdata.h
[7.468s] -- Up-to-date: /home/handsome/ros_ws_test/install/botcmd_msgs/include/botcmd_msgs/actBotCmdGoal.h
[7.468s] -- Up-to-date: /home/handsome/ros_ws_test/install/botcmd_msgs/include/botcmd_msgs/bot_di_cmdRequest.h
[7.468s] -- Up-to-date: /home/handsome/ros_ws_test/install/botcmd_msgs/include/botcmd_msgs/bot_battery_cmdResponse.h
[7.468s] -- Up-to-date: /home/handsome/ros_ws_test/install/botcmd_msgs/include/botcmd_msgs/bot_do_cmdResponse.h
[7.469s] -- Up-to-date: /home/handsome/ros_ws_test/install/botcmd_msgs/include/botcmd_msgs/bot_status_cmd.h
[7.469s] -- Up-to-date: /home/handsome/ros_ws_test/install/botcmd_msgs/include/botcmd_msgs/bot_battery_cmd.h
[7.469s] -- Up-to-date: /home/handsome/ros_ws_test/install/botcmd_msgs/include/botcmd_msgs/bot_getenabledi_cmd.h
[7.469s] -- Up-to-date: /home/handsome/ros_ws_test/install/botcmd_msgs/include/botcmd_msgs/bot_transfer_cmdResponse.h
[7.469s] -- Up-to-date: /home/handsome/ros_ws_test/install/botcmd_msgs/include/botcmd_msgs/bot_Infodata_cmd.h
[7.469s] -- Up-to-date: /home/handsome/ros_ws_test/install/botcmd_msgs/include/botcmd_msgs/bot_ultrasonic.h
[7.469s] -- Up-to-date: /home/handsome/ros_ws_test/install/botcmd_msgs/include/botcmd_msgs/bot_battery_info_cmdResponse.h
[7.469s] -- Up-to-date: /home/handsome/ros_ws_test/install/botcmd_msgs/include/botcmd_msgs/bot_battery_cmdRequest.h
[7.469s] -- Up-to-date: /home/handsome/ros_ws_test/install/botcmd_msgs/include/botcmd_msgs/actBotCmdResult.h
[7.470s] -- Up-to-date: /home/handsome/ros_ws_test/install/botcmd_msgs/include/botcmd_msgs/bot_status_cmdResponse.h
[7.470s] -- Up-to-date: /home/handsome/ros_ws_test/install/botcmd_msgs/include/botcmd_msgs/bot_transfer_cmd.h
[7.470s] -- Up-to-date: /home/handsome/ros_ws_test/install/botcmd_msgs/include/botcmd_msgs/actBotCmdActionGoal.h
[7.470s] -- Up-to-date: /home/handsome/ros_ws_test/install/botcmd_msgs/include/botcmd_msgs/bot_ultrasonic_cmd.h
[7.470s] -- Up-to-date: /home/handsome/ros_ws_test/install/botcmd_msgs/include/botcmd_msgs/bot_device_cmdRequest.h
[7.470s] -- Up-to-date: /home/handsome/ros_ws_test/install/botcmd_msgs/include/botcmd_msgs/bot_battery_info.h
[7.470s] -- Up-to-date: /home/handsome/ros_ws_test/install/botcmd_msgs/include/botcmd_msgs/bot_devicestatus.h
[7.470s] -- Up-to-date: /home/handsome/ros_ws_test/install/botcmd_msgs/include/botcmd_msgs/bot_di_cmdResponse.h
[7.471s] -- Up-to-date: /home/handsome/ros_ws_test/install/botcmd_msgs/include/botcmd_msgs/bot_status_cmdRequest.h
[7.471s] -- Up-to-date: /home/handsome/ros_ws_test/install/botcmd_msgs/include/botcmd_msgs/bot_getenabledi_cmdResponse.h
[7.471s] -- Up-to-date: /home/handsome/ros_ws_test/install/botcmd_msgs/include/botcmd_msgs/actBotCmdFeedback.h
[7.472s] -- Up-to-date: /home/handsome/ros_ws_test/install/botcmd_msgs/include/botcmd_msgs/bot_getenabledi_cmdRequest.h
[7.472s] -- Up-to-date: /home/handsome/ros_ws_test/install/botcmd_msgs/include/botcmd_msgs/bot_pubstatus.h
[7.472s] -- Up-to-date: /home/handsome/ros_ws_test/install/botcmd_msgs/include/botcmd_msgs/bot_Infodata_cmdResponse.h
[7.472s] -- Up-to-date: /home/handsome/ros_ws_test/install/botcmd_msgs/include/botcmd_msgs/bot_battery_info_cmd.h
[7.472s] -- Up-to-date: /home/handsome/ros_ws_test/install/botcmd_msgs/include/botcmd_msgs/bot_device_cmdResponse.h
[7.472s] -- Up-to-date: /home/handsome/ros_ws_test/install/botcmd_msgs/include/botcmd_msgs/bot_Infodata.h
[7.472s] -- Up-to-date: /home/handsome/ros_ws_test/install/botcmd_msgs/include/botcmd_msgs/bot_di_cmd.h
[7.472s] -- Up-to-date: /home/handsome/ros_ws_test/install/botcmd_msgs/include/botcmd_msgs/bot_ultrasonic_cmdRequest.h
[7.472s] -- Up-to-date: /home/handsome/ros_ws_test/install/botcmd_msgs/include/botcmd_msgs/bot_device_cmd.h
[7.472s] -- Up-to-date: /home/handsome/ros_ws_test/install/botcmd_msgs/include/botcmd_msgs/bot_transfer_cmdRequest.h
[7.472s] -- Up-to-date: /home/handsome/ros_ws_test/install/botcmd_msgs/include/botcmd_msgs/bot_battery.h
[7.473s] -- Up-to-date: /home/handsome/ros_ws_test/install/botcmd_msgs/include/botcmd_msgs/bot_Infodata_cmdRequest.h
[7.493s] -- Up-to-date: /home/handsome/ros_ws_test/install/botcmd_msgs/include/botcmd_msgs/actBotCmdAction.h
[7.496s] -- Up-to-date: /home/handsome/ros_ws_test/install/botcmd_msgs/include/botcmd_msgs/bot_transferdata.h
[7.496s] -- Up-to-date: /home/handsome/ros_ws_test/install/botcmd_msgs/share/roseus/ros/botcmd_msgs
[7.497s] -- Up-to-date: /home/handsome/ros_ws_test/install/botcmd_msgs/share/roseus/ros/botcmd_msgs/msg
[7.497s] -- Up-to-date: /home/handsome/ros_ws_test/install/botcmd_msgs/share/roseus/ros/botcmd_msgs/msg/bot_Infodata.l
[7.505s] -- Up-to-date: /home/handsome/ros_ws_test/install/botcmd_msgs/share/roseus/ros/botcmd_msgs/msg/bot_mqtt_rawdata.l
[7.505s] -- Up-to-date: /home/handsome/ros_ws_test/install/botcmd_msgs/share/roseus/ros/botcmd_msgs/msg/actBotCmdAction.l
[7.505s] -- Up-to-date: /home/handsome/ros_ws_test/install/botcmd_msgs/share/roseus/ros/botcmd_msgs/msg/bot_pubstatus.l
[7.505s] -- Up-to-date: /home/handsome/ros_ws_test/install/botcmd_msgs/share/roseus/ros/botcmd_msgs/msg/actBotCmdActionFeedback.l
[7.505s] -- Up-to-date: /home/handsome/ros_ws_test/install/botcmd_msgs/share/roseus/ros/botcmd_msgs/msg/actBotCmdActionResult.l
[7.506s] -- Up-to-date: /home/handsome/ros_ws_test/install/botcmd_msgs/share/roseus/ros/botcmd_msgs/msg/actBotCmdActionGoal.l
[7.506s] -- Up-to-date: /home/handsome/ros_ws_test/install/botcmd_msgs/share/roseus/ros/botcmd_msgs/msg/bot_mqtt_cmd.l
[7.506s] -- Up-to-date: /home/handsome/ros_ws_test/install/botcmd_msgs/share/roseus/ros/botcmd_msgs/msg/bot_battery_info.l
[7.506s] -- Up-to-date: /home/handsome/ros_ws_test/install/botcmd_msgs/share/roseus/ros/botcmd_msgs/msg/bot_ultrasonic.l
[7.506s] -- Up-to-date: /home/handsome/ros_ws_test/install/botcmd_msgs/share/roseus/ros/botcmd_msgs/msg/bot_transferdata.l
[7.506s] -- Up-to-date: /home/handsome/ros_ws_test/install/botcmd_msgs/share/roseus/ros/botcmd_msgs/msg/bot_devicestatus.l
[7.507s] -- Up-to-date: /home/handsome/ros_ws_test/install/botcmd_msgs/share/roseus/ros/botcmd_msgs/msg/actBotCmdResult.l
[7.507s] -- Up-to-date: /home/handsome/ros_ws_test/install/botcmd_msgs/share/roseus/ros/botcmd_msgs/msg/bot_transbattery.l
[7.507s] -- Up-to-date: /home/handsome/ros_ws_test/install/botcmd_msgs/share/roseus/ros/botcmd_msgs/msg/actBotCmdGoal.l
[7.507s] -- Up-to-date: /home/handsome/ros_ws_test/install/botcmd_msgs/share/roseus/ros/botcmd_msgs/msg/actBotCmdFeedback.l
[7.507s] -- Up-to-date: /home/handsome/ros_ws_test/install/botcmd_msgs/share/roseus/ros/botcmd_msgs/msg/bot_battery.l
[7.507s] -- Up-to-date: /home/handsome/ros_ws_test/install/botcmd_msgs/share/roseus/ros/botcmd_msgs/manifest.l
[7.508s] -- Up-to-date: /home/handsome/ros_ws_test/install/botcmd_msgs/share/roseus/ros/botcmd_msgs/srv
[7.508s] -- Up-to-date: /home/handsome/ros_ws_test/install/botcmd_msgs/share/roseus/ros/botcmd_msgs/srv/bot_transfer_cmd.l
[7.508s] -- Up-to-date: /home/handsome/ros_ws_test/install/botcmd_msgs/share/roseus/ros/botcmd_msgs/srv/bot_getenabledi_cmd.l
[7.508s] -- Up-to-date: /home/handsome/ros_ws_test/install/botcmd_msgs/share/roseus/ros/botcmd_msgs/srv/bot_battery_cmd.l
[7.508s] -- Up-to-date: /home/handsome/ros_ws_test/install/botcmd_msgs/share/roseus/ros/botcmd_msgs/srv/bot_Infodata_cmd.l
[7.519s] -- Up-to-date: /home/handsome/ros_ws_test/install/botcmd_msgs/share/roseus/ros/botcmd_msgs/srv/bot_status_cmd.l
[7.526s] -- Up-to-date: /home/handsome/ros_ws_test/install/botcmd_msgs/share/roseus/ros/botcmd_msgs/srv/bot_battery_info_cmd.l
[7.527s] -- Up-to-date: /home/handsome/ros_ws_test/install/botcmd_msgs/share/roseus/ros/botcmd_msgs/srv/bot_do_cmd.l
[7.527s] -- Up-to-date: /home/handsome/ros_ws_test/install/botcmd_msgs/share/roseus/ros/botcmd_msgs/srv/bot_ultrasonic_cmd.l
[7.527s] -- Up-to-date: /home/handsome/ros_ws_test/install/botcmd_msgs/share/roseus/ros/botcmd_msgs/srv/bot_di_cmd.l
[7.527s] -- Up-to-date: /home/handsome/ros_ws_test/install/botcmd_msgs/share/roseus/ros/botcmd_msgs/srv/bot_device_cmd.l
[7.527s] -- Up-to-date: /home/handsome/ros_ws_test/install/botcmd_msgs/share/common-lisp/ros/botcmd_msgs
[7.527s] -- Up-to-date: /home/handsome/ros_ws_test/install/botcmd_msgs/share/common-lisp/ros/botcmd_msgs/msg
[7.527s] -- Up-to-date: /home/handsome/ros_ws_test/install/botcmd_msgs/share/common-lisp/ros/botcmd_msgs/msg/bot_transbattery.lisp
[7.528s] -- Up-to-date: /home/handsome/ros_ws_test/install/botcmd_msgs/share/common-lisp/ros/botcmd_msgs/msg/_package_actBotCmdFeedback.lisp
[7.528s] -- Up-to-date: /home/handsome/ros_ws_test/install/botcmd_msgs/share/common-lisp/ros/botcmd_msgs/msg/_package_bot_transbattery.lisp
[7.528s] -- Up-to-date: /home/handsome/ros_ws_test/install/botcmd_msgs/share/common-lisp/ros/botcmd_msgs/msg/bot_devicestatus.lisp
[7.528s] -- Up-to-date: /home/handsome/ros_ws_test/install/botcmd_msgs/share/common-lisp/ros/botcmd_msgs/msg/actBotCmdActionGoal.lisp
[7.528s] -- Up-to-date: /home/handsome/ros_ws_test/install/botcmd_msgs/share/common-lisp/ros/botcmd_msgs/msg/_package_bot_transferdata.lisp
[7.528s] -- Up-to-date: /home/handsome/ros_ws_test/install/botcmd_msgs/share/common-lisp/ros/botcmd_msgs/msg/bot_ultrasonic.lisp
[7.528s] -- Up-to-date: /home/handsome/ros_ws_test/install/botcmd_msgs/share/common-lisp/ros/botcmd_msgs/msg/actBotCmdActionResult.lisp
[7.529s] -- Up-to-date: /home/handsome/ros_ws_test/install/botcmd_msgs/share/common-lisp/ros/botcmd_msgs/msg/_package_actBotCmdGoal.lisp
[7.529s] -- Up-to-date: /home/handsome/ros_ws_test/install/botcmd_msgs/share/common-lisp/ros/botcmd_msgs/msg/actBotCmdFeedback.lisp
[7.529s] -- Up-to-date: /home/handsome/ros_ws_test/install/botcmd_msgs/share/common-lisp/ros/botcmd_msgs/msg/_package_bot_pubstatus.lisp
[7.529s] -- Up-to-date: /home/handsome/ros_ws_test/install/botcmd_msgs/share/common-lisp/ros/botcmd_msgs/msg/bot_mqtt_cmd.lisp
[7.529s] -- Up-to-date: /home/handsome/ros_ws_test/install/botcmd_msgs/share/common-lisp/ros/botcmd_msgs/msg/actBotCmdActionFeedback.lisp
[7.529s] -- Up-to-date: /home/handsome/ros_ws_test/install/botcmd_msgs/share/common-lisp/ros/botcmd_msgs/msg/bot_mqtt_rawdata.lisp
[7.529s] -- Up-to-date: /home/handsome/ros_ws_test/install/botcmd_msgs/share/common-lisp/ros/botcmd_msgs/msg/_package.lisp
[7.529s] -- Up-to-date: /home/handsome/ros_ws_test/install/botcmd_msgs/share/common-lisp/ros/botcmd_msgs/msg/bot_battery_info.lisp
[7.529s] -- Up-to-date: /home/handsome/ros_ws_test/install/botcmd_msgs/share/common-lisp/ros/botcmd_msgs/msg/_package_bot_mqtt_cmd.lisp
[7.530s] -- Up-to-date: /home/handsome/ros_ws_test/install/botcmd_msgs/share/common-lisp/ros/botcmd_msgs/msg/_package_bot_battery.lisp
[7.530s] -- Up-to-date: /home/handsome/ros_ws_test/install/botcmd_msgs/share/common-lisp/ros/botcmd_msgs/msg/_package_bot_battery_info.lisp
[7.530s] -- Up-to-date: /home/handsome/ros_ws_test/install/botcmd_msgs/share/common-lisp/ros/botcmd_msgs/msg/botcmd_msgs-msg.asd
[7.530s] -- Up-to-date: /home/handsome/ros_ws_test/install/botcmd_msgs/share/common-lisp/ros/botcmd_msgs/msg/_package_actBotCmdResult.lisp
[7.530s] -- Up-to-date: /home/handsome/ros_ws_test/install/botcmd_msgs/share/common-lisp/ros/botcmd_msgs/msg/_package_bot_Infodata.lisp
[7.530s] -- Up-to-date: /home/handsome/ros_ws_test/install/botcmd_msgs/share/common-lisp/ros/botcmd_msgs/msg/_package_bot_mqtt_rawdata.lisp
[7.530s] -- Up-to-date: /home/handsome/ros_ws_test/install/botcmd_msgs/share/common-lisp/ros/botcmd_msgs/msg/_package_actBotCmdAction.lisp
[7.536s] -- Up-to-date: /home/handsome/ros_ws_test/install/botcmd_msgs/share/common-lisp/ros/botcmd_msgs/msg/bot_pubstatus.lisp
[7.537s] -- Up-to-date: /home/handsome/ros_ws_test/install/botcmd_msgs/share/common-lisp/ros/botcmd_msgs/msg/actBotCmdResult.lisp
[7.538s] -- Up-to-date: /home/handsome/ros_ws_test/install/botcmd_msgs/share/common-lisp/ros/botcmd_msgs/msg/bot_transferdata.lisp
[7.538s] -- Up-to-date: /home/handsome/ros_ws_test/install/botcmd_msgs/share/common-lisp/ros/botcmd_msgs/msg/_package_actBotCmdActionFeedback.lisp
[7.538s] -- Up-to-date: /home/handsome/ros_ws_test/install/botcmd_msgs/share/common-lisp/ros/botcmd_msgs/msg/actBotCmdGoal.lisp
[7.538s] -- Up-to-date: /home/handsome/ros_ws_test/install/botcmd_msgs/share/common-lisp/ros/botcmd_msgs/msg/_package_bot_ultrasonic.lisp
[7.538s] -- Up-to-date: /home/handsome/ros_ws_test/install/botcmd_msgs/share/common-lisp/ros/botcmd_msgs/msg/bot_Infodata.lisp
[7.539s] -- Up-to-date: /home/handsome/ros_ws_test/install/botcmd_msgs/share/common-lisp/ros/botcmd_msgs/msg/_package_actBotCmdActionGoal.lisp
[7.539s] -- Up-to-date: /home/handsome/ros_ws_test/install/botcmd_msgs/share/common-lisp/ros/botcmd_msgs/msg/bot_battery.lisp
[7.539s] -- Up-to-date: /home/handsome/ros_ws_test/install/botcmd_msgs/share/common-lisp/ros/botcmd_msgs/msg/_package_actBotCmdActionResult.lisp
[7.539s] -- Up-to-date: /home/handsome/ros_ws_test/install/botcmd_msgs/share/common-lisp/ros/botcmd_msgs/msg/_package_bot_devicestatus.lisp
[7.539s] -- Up-to-date: /home/handsome/ros_ws_test/install/botcmd_msgs/share/common-lisp/ros/botcmd_msgs/msg/actBotCmdAction.lisp
[7.539s] -- Up-to-date: /home/handsome/ros_ws_test/install/botcmd_msgs/share/common-lisp/ros/botcmd_msgs/srv
[7.539s] -- Up-to-date: /home/handsome/ros_ws_test/install/botcmd_msgs/share/common-lisp/ros/botcmd_msgs/srv/bot_battery_cmd.lisp
[7.539s] -- Up-to-date: /home/handsome/ros_ws_test/install/botcmd_msgs/share/common-lisp/ros/botcmd_msgs/srv/bot_battery_info_cmd.lisp
[7.540s] -- Up-to-date: /home/handsome/ros_ws_test/install/botcmd_msgs/share/common-lisp/ros/botcmd_msgs/srv/botcmd_msgs-srv.asd
[7.540s] -- Up-to-date: /home/handsome/ros_ws_test/install/botcmd_msgs/share/common-lisp/ros/botcmd_msgs/srv/_package_bot_battery_info_cmd.lisp
[7.540s] -- Up-to-date: /home/handsome/ros_ws_test/install/botcmd_msgs/share/common-lisp/ros/botcmd_msgs/srv/bot_transfer_cmd.lisp
[7.540s] -- Up-to-date: /home/handsome/ros_ws_test/install/botcmd_msgs/share/common-lisp/ros/botcmd_msgs/srv/bot_Infodata_cmd.lisp
[7.540s] -- Up-to-date: /home/handsome/ros_ws_test/install/botcmd_msgs/share/common-lisp/ros/botcmd_msgs/srv/bot_ultrasonic_cmd.lisp
[7.540s] -- Up-to-date: /home/handsome/ros_ws_test/install/botcmd_msgs/share/common-lisp/ros/botcmd_msgs/srv/_package_bot_battery_cmd.lisp
[7.540s] -- Up-to-date: /home/handsome/ros_ws_test/install/botcmd_msgs/share/common-lisp/ros/botcmd_msgs/srv/_package_bot_do_cmd.lisp
[7.541s] -- Up-to-date: /home/handsome/ros_ws_test/install/botcmd_msgs/share/common-lisp/ros/botcmd_msgs/srv/_package.lisp
[7.541s] -- Up-to-date: /home/handsome/ros_ws_test/install/botcmd_msgs/share/common-lisp/ros/botcmd_msgs/srv/_package_bot_device_cmd.lisp
[7.541s] -- Up-to-date: /home/handsome/ros_ws_test/install/botcmd_msgs/share/common-lisp/ros/botcmd_msgs/srv/_package_bot_transfer_cmd.lisp
[7.541s] -- Up-to-date: /home/handsome/ros_ws_test/install/botcmd_msgs/share/common-lisp/ros/botcmd_msgs/srv/_package_bot_status_cmd.lisp
[7.546s] -- Up-to-date: /home/handsome/ros_ws_test/install/botcmd_msgs/share/common-lisp/ros/botcmd_msgs/srv/_package_bot_di_cmd.lisp
[7.554s] -- Up-to-date: /home/handsome/ros_ws_test/install/botcmd_msgs/share/common-lisp/ros/botcmd_msgs/srv/_package_bot_Infodata_cmd.lisp
[7.554s] -- Up-to-date: /home/handsome/ros_ws_test/install/botcmd_msgs/share/common-lisp/ros/botcmd_msgs/srv/_package_bot_ultrasonic_cmd.lisp
[7.554s] -- Up-to-date: /home/handsome/ros_ws_test/install/botcmd_msgs/share/common-lisp/ros/botcmd_msgs/srv/bot_di_cmd.lisp
[7.554s] -- Up-to-date: /home/handsome/ros_ws_test/install/botcmd_msgs/share/common-lisp/ros/botcmd_msgs/srv/bot_do_cmd.lisp
[7.554s] -- Up-to-date: /home/handsome/ros_ws_test/install/botcmd_msgs/share/common-lisp/ros/botcmd_msgs/srv/bot_device_cmd.lisp
[7.554s] -- Up-to-date: /home/handsome/ros_ws_test/install/botcmd_msgs/share/common-lisp/ros/botcmd_msgs/srv/bot_getenabledi_cmd.lisp
[7.554s] -- Up-to-date: /home/handsome/ros_ws_test/install/botcmd_msgs/share/common-lisp/ros/botcmd_msgs/srv/bot_status_cmd.lisp
[7.555s] -- Up-to-date: /home/handsome/ros_ws_test/install/botcmd_msgs/share/common-lisp/ros/botcmd_msgs/srv/_package_bot_getenabledi_cmd.lisp
[7.555s] -- Up-to-date: /home/handsome/ros_ws_test/install/botcmd_msgs/share/gennodejs/ros/botcmd_msgs
[7.555s] -- Up-to-date: /home/handsome/ros_ws_test/install/botcmd_msgs/share/gennodejs/ros/botcmd_msgs/msg
[7.555s] -- Up-to-date: /home/handsome/ros_ws_test/install/botcmd_msgs/share/gennodejs/ros/botcmd_msgs/msg/bot_transferdata.js
[7.555s] -- Up-to-date: /home/handsome/ros_ws_test/install/botcmd_msgs/share/gennodejs/ros/botcmd_msgs/msg/_index.js
[7.555s] -- Up-to-date: /home/handsome/ros_ws_test/install/botcmd_msgs/share/gennodejs/ros/botcmd_msgs/msg/bot_transbattery.js
[7.555s] -- Up-to-date: /home/handsome/ros_ws_test/install/botcmd_msgs/share/gennodejs/ros/botcmd_msgs/msg/actBotCmdAction.js
[7.555s] -- Up-to-date: /home/handsome/ros_ws_test/install/botcmd_msgs/share/gennodejs/ros/botcmd_msgs/msg/bot_devicestatus.js
[7.556s] -- Up-to-date: /home/handsome/ros_ws_test/install/botcmd_msgs/share/gennodejs/ros/botcmd_msgs/msg/bot_mqtt_cmd.js
[7.556s] -- Up-to-date: /home/handsome/ros_ws_test/install/botcmd_msgs/share/gennodejs/ros/botcmd_msgs/msg/bot_battery.js
[7.556s] -- Up-to-date: /home/handsome/ros_ws_test/install/botcmd_msgs/share/gennodejs/ros/botcmd_msgs/msg/bot_Infodata.js
[7.556s] -- Up-to-date: /home/handsome/ros_ws_test/install/botcmd_msgs/share/gennodejs/ros/botcmd_msgs/msg/actBotCmdGoal.js
[7.556s] -- Up-to-date: /home/handsome/ros_ws_test/install/botcmd_msgs/share/gennodejs/ros/botcmd_msgs/msg/bot_pubstatus.js
[7.557s] -- Up-to-date: /home/handsome/ros_ws_test/install/botcmd_msgs/share/gennodejs/ros/botcmd_msgs/msg/bot_battery_info.js
[7.557s] -- Up-to-date: /home/handsome/ros_ws_test/install/botcmd_msgs/share/gennodejs/ros/botcmd_msgs/msg/actBotCmdActionGoal.js
[7.557s] -- Up-to-date: /home/handsome/ros_ws_test/install/botcmd_msgs/share/gennodejs/ros/botcmd_msgs/msg/bot_ultrasonic.js
[7.557s] -- Up-to-date: /home/handsome/ros_ws_test/install/botcmd_msgs/share/gennodejs/ros/botcmd_msgs/msg/actBotCmdActionResult.js
[7.557s] -- Up-to-date: /home/handsome/ros_ws_test/install/botcmd_msgs/share/gennodejs/ros/botcmd_msgs/msg/actBotCmdFeedback.js
[7.557s] -- Up-to-date: /home/handsome/ros_ws_test/install/botcmd_msgs/share/gennodejs/ros/botcmd_msgs/msg/actBotCmdResult.js
[7.557s] -- Up-to-date: /home/handsome/ros_ws_test/install/botcmd_msgs/share/gennodejs/ros/botcmd_msgs/msg/bot_mqtt_rawdata.js
[7.557s] -- Up-to-date: /home/handsome/ros_ws_test/install/botcmd_msgs/share/gennodejs/ros/botcmd_msgs/msg/actBotCmdActionFeedback.js
[7.557s] -- Up-to-date: /home/handsome/ros_ws_test/install/botcmd_msgs/share/gennodejs/ros/botcmd_msgs/_index.js
[7.558s] -- Up-to-date: /home/handsome/ros_ws_test/install/botcmd_msgs/share/gennodejs/ros/botcmd_msgs/srv
[7.558s] -- Up-to-date: /home/handsome/ros_ws_test/install/botcmd_msgs/share/gennodejs/ros/botcmd_msgs/srv/bot_status_cmd.js
[7.558s] -- Up-to-date: /home/handsome/ros_ws_test/install/botcmd_msgs/share/gennodejs/ros/botcmd_msgs/srv/_index.js
[7.558s] -- Up-to-date: /home/handsome/ros_ws_test/install/botcmd_msgs/share/gennodejs/ros/botcmd_msgs/srv/bot_getenabledi_cmd.js
[7.558s] -- Up-to-date: /home/handsome/ros_ws_test/install/botcmd_msgs/share/gennodejs/ros/botcmd_msgs/srv/bot_device_cmd.js
[7.558s] -- Up-to-date: /home/handsome/ros_ws_test/install/botcmd_msgs/share/gennodejs/ros/botcmd_msgs/srv/bot_battery_info_cmd.js
[7.558s] -- Up-to-date: /home/handsome/ros_ws_test/install/botcmd_msgs/share/gennodejs/ros/botcmd_msgs/srv/bot_Infodata_cmd.js
[7.558s] -- Up-to-date: /home/handsome/ros_ws_test/install/botcmd_msgs/share/gennodejs/ros/botcmd_msgs/srv/bot_ultrasonic_cmd.js
[7.558s] -- Up-to-date: /home/handsome/ros_ws_test/install/botcmd_msgs/share/gennodejs/ros/botcmd_msgs/srv/bot_battery_cmd.js
[7.559s] -- Up-to-date: /home/handsome/ros_ws_test/install/botcmd_msgs/share/gennodejs/ros/botcmd_msgs/srv/bot_do_cmd.js
[7.559s] -- Up-to-date: /home/handsome/ros_ws_test/install/botcmd_msgs/share/gennodejs/ros/botcmd_msgs/srv/bot_di_cmd.js
[7.560s] -- Up-to-date: /home/handsome/ros_ws_test/install/botcmd_msgs/share/gennodejs/ros/botcmd_msgs/srv/bot_transfer_cmd.js
[7.581s] Listing /home/handsome/ros_ws_test/build/botcmd_msgs/devel/lib/python2.7/dist-packages/botcmd_msgs ...
[7.581s] Listing /home/handsome/ros_ws_test/build/botcmd_msgs/devel/lib/python2.7/dist-packages/botcmd_msgs/msg ...
[7.582s] Listing /home/handsome/ros_ws_test/build/botcmd_msgs/devel/lib/python2.7/dist-packages/botcmd_msgs/srv ...
[7.582s] -- Up-to-date: /home/handsome/ros_ws_test/install/botcmd_msgs/lib/python2.7/dist-packages/botcmd_msgs
[7.582s] -- Up-to-date: /home/handsome/ros_ws_test/install/botcmd_msgs/lib/python2.7/dist-packages/botcmd_msgs/msg
[7.582s] -- Up-to-date: /home/handsome/ros_ws_test/install/botcmd_msgs/lib/python2.7/dist-packages/botcmd_msgs/msg/_actBotCmdActionGoal.py
[7.582s] -- Up-to-date: /home/handsome/ros_ws_test/install/botcmd_msgs/lib/python2.7/dist-packages/botcmd_msgs/msg/_actBotCmdAction.pyc
[7.583s] -- Up-to-date: /home/handsome/ros_ws_test/install/botcmd_msgs/lib/python2.7/dist-packages/botcmd_msgs/msg/_bot_battery_info.pyc
[7.583s] -- Up-to-date: /home/handsome/ros_ws_test/install/botcmd_msgs/lib/python2.7/dist-packages/botcmd_msgs/msg/_bot_transbattery.pyc
[7.583s] -- Up-to-date: /home/handsome/ros_ws_test/install/botcmd_msgs/lib/python2.7/dist-packages/botcmd_msgs/msg/_bot_mqtt_cmd.pyc
[7.583s] -- Up-to-date: /home/handsome/ros_ws_test/install/botcmd_msgs/lib/python2.7/dist-packages/botcmd_msgs/msg/__init__.py
[7.583s] -- Up-to-date: /home/handsome/ros_ws_test/install/botcmd_msgs/lib/python2.7/dist-packages/botcmd_msgs/msg/_bot_devicestatus.py
[7.583s] -- Up-to-date: /home/handsome/ros_ws_test/install/botcmd_msgs/lib/python2.7/dist-packages/botcmd_msgs/msg/_bot_ultrasonic.pyc
[7.583s] -- Up-to-date: /home/handsome/ros_ws_test/install/botcmd_msgs/lib/python2.7/dist-packages/botcmd_msgs/msg/_bot_devicestatus.pyc
[7.584s] -- Up-to-date: /home/handsome/ros_ws_test/install/botcmd_msgs/lib/python2.7/dist-packages/botcmd_msgs/msg/_bot_Infodata.py
[7.584s] -- Up-to-date: /home/handsome/ros_ws_test/install/botcmd_msgs/lib/python2.7/dist-packages/botcmd_msgs/msg/_bot_mqtt_rawdata.py
[7.584s] -- Up-to-date: /home/handsome/ros_ws_test/install/botcmd_msgs/lib/python2.7/dist-packages/botcmd_msgs/msg/_bot_battery.pyc
[7.584s] -- Up-to-date: /home/handsome/ros_ws_test/install/botcmd_msgs/lib/python2.7/dist-packages/botcmd_msgs/msg/_actBotCmdActionFeedback.py
[7.584s] -- Up-to-date: /home/handsome/ros_ws_test/install/botcmd_msgs/lib/python2.7/dist-packages/botcmd_msgs/msg/_actBotCmdGoal.py
[7.584s] -- Up-to-date: /home/handsome/ros_ws_test/install/botcmd_msgs/lib/python2.7/dist-packages/botcmd_msgs/msg/_actBotCmdActionFeedback.pyc
[7.585s] -- Up-to-date: /home/handsome/ros_ws_test/install/botcmd_msgs/lib/python2.7/dist-packages/botcmd_msgs/msg/_bot_ultrasonic.py
[7.585s] -- Up-to-date: /home/handsome/ros_ws_test/install/botcmd_msgs/lib/python2.7/dist-packages/botcmd_msgs/msg/_actBotCmdAction.py
[7.585s] -- Up-to-date: /home/handsome/ros_ws_test/install/botcmd_msgs/lib/python2.7/dist-packages/botcmd_msgs/msg/_bot_battery_info.py
[7.585s] -- Up-to-date: /home/handsome/ros_ws_test/install/botcmd_msgs/lib/python2.7/dist-packages/botcmd_msgs/msg/_actBotCmdActionResult.py
[7.592s] -- Up-to-date: /home/handsome/ros_ws_test/install/botcmd_msgs/lib/python2.7/dist-packages/botcmd_msgs/msg/_actBotCmdResult.pyc
[7.592s] -- Up-to-date: /home/handsome/ros_ws_test/install/botcmd_msgs/lib/python2.7/dist-packages/botcmd_msgs/msg/_bot_mqtt_cmd.py
[7.593s] -- Up-to-date: /home/handsome/ros_ws_test/install/botcmd_msgs/lib/python2.7/dist-packages/botcmd_msgs/msg/_bot_transferdata.py
[7.593s] -- Up-to-date: /home/handsome/ros_ws_test/install/botcmd_msgs/lib/python2.7/dist-packages/botcmd_msgs/msg/_bot_mqtt_rawdata.pyc
[7.593s] -- Up-to-date: /home/handsome/ros_ws_test/install/botcmd_msgs/lib/python2.7/dist-packages/botcmd_msgs/msg/_actBotCmdActionGoal.pyc
[7.593s] -- Up-to-date: /home/handsome/ros_ws_test/install/botcmd_msgs/lib/python2.7/dist-packages/botcmd_msgs/msg/_actBotCmdFeedback.py
[7.593s] -- Up-to-date: /home/handsome/ros_ws_test/install/botcmd_msgs/lib/python2.7/dist-packages/botcmd_msgs/msg/__init__.pyc
[7.593s] -- Up-to-date: /home/handsome/ros_ws_test/install/botcmd_msgs/lib/python2.7/dist-packages/botcmd_msgs/msg/_bot_battery.py
[7.593s] -- Up-to-date: /home/handsome/ros_ws_test/install/botcmd_msgs/lib/python2.7/dist-packages/botcmd_msgs/msg/_bot_pubstatus.pyc
[7.594s] -- Up-to-date: /home/handsome/ros_ws_test/install/botcmd_msgs/lib/python2.7/dist-packages/botcmd_msgs/msg/_bot_Infodata.pyc
[7.594s] -- Up-to-date: /home/handsome/ros_ws_test/install/botcmd_msgs/lib/python2.7/dist-packages/botcmd_msgs/msg/_actBotCmdGoal.pyc
[7.594s] -- Up-to-date: /home/handsome/ros_ws_test/install/botcmd_msgs/lib/python2.7/dist-packages/botcmd_msgs/msg/_actBotCmdFeedback.pyc
[7.595s] -- Up-to-date: /home/handsome/ros_ws_test/install/botcmd_msgs/lib/python2.7/dist-packages/botcmd_msgs/msg/_bot_transbattery.py
[7.595s] -- Up-to-date: /home/handsome/ros_ws_test/install/botcmd_msgs/lib/python2.7/dist-packages/botcmd_msgs/msg/_actBotCmdResult.py
[7.596s] -- Up-to-date: /home/handsome/ros_ws_test/install/botcmd_msgs/lib/python2.7/dist-packages/botcmd_msgs/msg/_bot_transferdata.pyc
[7.596s] -- Up-to-date: /home/handsome/ros_ws_test/install/botcmd_msgs/lib/python2.7/dist-packages/botcmd_msgs/msg/_actBotCmdActionResult.pyc
[7.596s] -- Up-to-date: /home/handsome/ros_ws_test/install/botcmd_msgs/lib/python2.7/dist-packages/botcmd_msgs/msg/_bot_pubstatus.py
[7.596s] -- Up-to-date: /home/handsome/ros_ws_test/install/botcmd_msgs/lib/python2.7/dist-packages/botcmd_msgs/__init__.py
[7.596s] -- Up-to-date: /home/handsome/ros_ws_test/install/botcmd_msgs/lib/python2.7/dist-packages/botcmd_msgs/srv
[7.596s] -- Up-to-date: /home/handsome/ros_ws_test/install/botcmd_msgs/lib/python2.7/dist-packages/botcmd_msgs/srv/_bot_battery_cmd.py
[7.596s] -- Up-to-date: /home/handsome/ros_ws_test/install/botcmd_msgs/lib/python2.7/dist-packages/botcmd_msgs/srv/_bot_status_cmd.pyc
[7.597s] -- Up-to-date: /home/handsome/ros_ws_test/install/botcmd_msgs/lib/python2.7/dist-packages/botcmd_msgs/srv/_bot_battery_info_cmd.pyc
[7.597s] -- Up-to-date: /home/handsome/ros_ws_test/install/botcmd_msgs/lib/python2.7/dist-packages/botcmd_msgs/srv/_bot_di_cmd.py
[7.597s] -- Up-to-date: /home/handsome/ros_ws_test/install/botcmd_msgs/lib/python2.7/dist-packages/botcmd_msgs/srv/_bot_Infodata_cmd.pyc
[7.597s] -- Up-to-date: /home/handsome/ros_ws_test/install/botcmd_msgs/lib/python2.7/dist-packages/botcmd_msgs/srv/__init__.py
[7.597s] -- Up-to-date: /home/handsome/ros_ws_test/install/botcmd_msgs/lib/python2.7/dist-packages/botcmd_msgs/srv/_bot_transfer_cmd.pyc
[7.597s] -- Up-to-date: /home/handsome/ros_ws_test/install/botcmd_msgs/lib/python2.7/dist-packages/botcmd_msgs/srv/_bot_device_cmd.pyc
[7.597s] -- Up-to-date: /home/handsome/ros_ws_test/install/botcmd_msgs/lib/python2.7/dist-packages/botcmd_msgs/srv/_bot_battery_info_cmd.py
[7.598s] -- Up-to-date: /home/handsome/ros_ws_test/install/botcmd_msgs/lib/python2.7/dist-packages/botcmd_msgs/srv/_bot_di_cmd.pyc
[7.598s] -- Up-to-date: /home/handsome/ros_ws_test/install/botcmd_msgs/lib/python2.7/dist-packages/botcmd_msgs/srv/_bot_ultrasonic_cmd.py
[7.598s] -- Up-to-date: /home/handsome/ros_ws_test/install/botcmd_msgs/lib/python2.7/dist-packages/botcmd_msgs/srv/_bot_getenabledi_cmd.pyc
[7.598s] -- Up-to-date: /home/handsome/ros_ws_test/install/botcmd_msgs/lib/python2.7/dist-packages/botcmd_msgs/srv/_bot_device_cmd.py
[7.598s] -- Up-to-date: /home/handsome/ros_ws_test/install/botcmd_msgs/lib/python2.7/dist-packages/botcmd_msgs/srv/_bot_transfer_cmd.py
[7.598s] -- Up-to-date: /home/handsome/ros_ws_test/install/botcmd_msgs/lib/python2.7/dist-packages/botcmd_msgs/srv/_bot_do_cmd.py
[7.598s] -- Up-to-date: /home/handsome/ros_ws_test/install/botcmd_msgs/lib/python2.7/dist-packages/botcmd_msgs/srv/_bot_getenabledi_cmd.py
[7.598s] -- Up-to-date: /home/handsome/ros_ws_test/install/botcmd_msgs/lib/python2.7/dist-packages/botcmd_msgs/srv/_bot_ultrasonic_cmd.pyc
[7.598s] -- Up-to-date: /home/handsome/ros_ws_test/install/botcmd_msgs/lib/python2.7/dist-packages/botcmd_msgs/srv/_bot_battery_cmd.pyc
[7.599s] -- Up-to-date: /home/handsome/ros_ws_test/install/botcmd_msgs/lib/python2.7/dist-packages/botcmd_msgs/srv/__init__.pyc
[7.599s] -- Up-to-date: /home/handsome/ros_ws_test/install/botcmd_msgs/lib/python2.7/dist-packages/botcmd_msgs/srv/_bot_do_cmd.pyc
[7.599s] -- Up-to-date: /home/handsome/ros_ws_test/install/botcmd_msgs/lib/python2.7/dist-packages/botcmd_msgs/srv/_bot_status_cmd.py
[7.599s] -- Up-to-date: /home/handsome/ros_ws_test/install/botcmd_msgs/lib/python2.7/dist-packages/botcmd_msgs/srv/_bot_Infodata_cmd.py
[7.599s] -- Up-to-date: /home/handsome/ros_ws_test/install/botcmd_msgs/lib/python2.7/dist-packages/botcmd_msgs/__init__.pyc
[7.599s] -- Up-to-date: /home/handsome/ros_ws_test/install/botcmd_msgs/lib/pkgconfig/botcmd_msgs.pc
[7.599s] -- Up-to-date: /home/handsome/ros_ws_test/install/botcmd_msgs/share/botcmd_msgs/cmake/botcmd_msgs-msg-extras.cmake
[7.599s] -- Up-to-date: /home/handsome/ros_ws_test/install/botcmd_msgs/share/botcmd_msgs/cmake/botcmd_msgsConfig.cmake
[7.599s] -- Up-to-date: /home/handsome/ros_ws_test/install/botcmd_msgs/share/botcmd_msgs/cmake/botcmd_msgsConfig-version.cmake
[7.600s] -- Up-to-date: /home/handsome/ros_ws_test/install/botcmd_msgs/share/botcmd_msgs/package.xml
[7.770s] Invoked command in '/home/handsome/ros_ws_test/build/botcmd_msgs' returned '0': /usr/bin/cmake --build /home/handsome/ros_ws_test/build/botcmd_msgs --target install -- -j12 -l12
