[35m[1mScanning dependencies of target robot_scheduling_server_node[0m
[ 28%] [32mBuilding CXX object CMakeFiles/robot_scheduling_server_node.dir/src/private_actions/robot_if_params_ac.cpp.o[0m
[ 28%] [32mBuilding CXX object CMakeFiles/robot_scheduling_server_node.dir/src/robot_scheduling_pnp_server.cpp.o[0m
[ 28%] [32mBuilding CXX object CMakeFiles/robot_scheduling_server_node.dir/src/private_actions/robot_if_process_ac.cpp.o[0m
[ 28%] [32mBuilding CXX object CMakeFiles/robot_scheduling_server_node.dir/src/robot_scheduling_server.cpp.o[0m
[01m[K/home/handsome/ros_ws_test/src/ros_base/robot_scheduling/robot_scheduling_server/src/private_actions/robot_if_process_ac.cpp:[m[K In constructor ‘[01m[Krobot_if_process_ac::robot_if_process_ac(ros::NodeHandle&, std::__cxx11::string)[m[K’:
[01m[K/home/handsome/ros_ws_test/src/ros_base/robot_scheduling/robot_scheduling_server/src/private_actions/robot_if_process_ac.cpp:3:84:[m[K [01;31m[Kerror: [m[Kclass ‘[01m[Krobot_if_process_ac[m[K’ does not have any field named ‘[01m[Knh_[m[K’
 robot_if_process_ac::robot_if_process_ac(ros::NodeHandle& nh,std::string ac_name) :[01;31m[Knh_[m[K(nh),
                                                                                    [01;31m[K^~~[m[K
[01m[K/home/handsome/ros_ws_test/src/ros_base/robot_scheduling/robot_scheduling_server/src/private_actions/robot_if_process_ac.cpp:4:41:[m[K [01;31m[Kerror: [m[Kclass ‘[01m[Krobot_if_process_ac[m[K’ does not have any field named ‘[01m[Kif_process_ac_[m[K’
                                         [01;31m[Kif_process_ac_[m[K(ac_name,true)
                                         [01;31m[K^~~~~~~~~~~~~~[m[K
[01m[K/home/handsome/ros_ws_test/src/ros_base/robot_scheduling/robot_scheduling_server/src/private_actions/robot_if_process_ac.cpp:8:5:[m[K [01;31m[Kerror: [m[K‘[01m[Keval_state_[m[K’ was not declared in this scope
     [01;31m[Keval_state_[m[K  = -1 ;
     [01;31m[K^~~~~~~~~~~[m[K
[01m[K/home/handsome/ros_ws_test/src/ros_base/robot_scheduling/robot_scheduling_server/src/private_actions/robot_if_process_ac.cpp:8:5:[m[K [01;36m[Knote: [m[Ksuggested alternative: ‘[01m[Kva_start[m[K’
     [01;36m[Keval_state_[m[K  = -1 ;
     [01;36m[K^~~~~~~~~~~[m[K
     [32m[Kva_start[m[K
[01m[K/home/handsome/ros_ws_test/src/ros_base/robot_scheduling/robot_scheduling_server/src/private_actions/robot_if_process_ac.cpp:[m[K At global scope:
[01m[K/home/handsome/ros_ws_test/src/ros_base/robot_scheduling/robot_scheduling_server/src/private_actions/robot_if_process_ac.cpp:16:154:[m[K [01;31m[Kerror: [m[Kno ‘[01m[Kvoid robot_if_process_ac::doneCb(const actionlib::SimpleClientGoalState&, const robot_interface_processResultConstPtr&)[m[K’ member function declared in class ‘[01m[Krobot_if_process_ac[m[K’
 void robot_if_process_ac::doneCb(const actionlib::SimpleClientGoalState& state,const robot_scheduling_msgs::robot_interface_processResultConstPtr& result[01;31m[K)[m[K
                                                                                                                                                          [01;31m[K^[m[K
[01m[K/home/handsome/ros_ws_test/src/ros_base/robot_scheduling/robot_scheduling_server/src/private_actions/robot_if_process_ac.cpp:20:36:[m[K [01;31m[Kerror: [m[Kno ‘[01m[Kvoid robot_if_process_ac::activeCb()[m[K’ member function declared in class ‘[01m[Krobot_if_process_ac[m[K’
 void robot_if_process_ac::activeCb([01;31m[K)[m[K
                                    [01;31m[K^[m[K
[01m[K/home/handsome/ros_ws_test/src/ros_base/robot_scheduling/robot_scheduling_server/src/private_actions/robot_if_process_ac.cpp:24:116:[m[K [01;31m[Kerror: [m[Kno ‘[01m[Kvoid robot_if_process_ac::feedbackCb(const robot_interface_processFeedbackConstPtr&)[m[K’ member function declared in class ‘[01m[Krobot_if_process_ac[m[K’
 void robot_if_process_ac::feedbackCb(const robot_scheduling_msgs::robot_interface_processFeedbackConstPtr& feedback[01;31m[K)[m[K
                                                                                                                    [01;31m[K^[m[K
[01m[K/home/handsome/ros_ws_test/src/ros_base/robot_scheduling/robot_scheduling_server/src/private_actions/robot_if_process_ac.cpp:28:61:[m[K [01;31m[Kerror: [m[Kno ‘[01m[Kint robot_if_process_ac::evalCondition(std::__cxx11::string)[m[K’ member function declared in class ‘[01m[Krobot_if_process_ac[m[K’
 int robot_if_process_ac::evalCondition(std::string condition[01;31m[K)[m[K
                                                             [01;31m[K^[m[K
[01m[K/home/handsome/ros_ws_test/src/ros_base/robot_scheduling/robot_scheduling_server/src/private_actions/robot_if_process_ac.cpp:46:116:[m[K [01;31m[Kerror: [m[Kno ‘[01m[Kvoid robot_if_process_ac::do_robot_interface_process(const robot_interface_processGoal&)[m[K’ member function declared in class ‘[01m[Krobot_if_process_ac[m[K’
 void robot_if_process_ac::do_robot_interface_process(const robot_scheduling_msgs::robot_interface_processGoal& goal[01;31m[K)[m[K
                                                                                                                    [01;31m[K^[m[K
[01m[K/home/handsome/ros_ws_test/src/ros_base/robot_scheduling/robot_scheduling_server/src/private_actions/robot_if_params_ac.cpp:[m[K In constructor ‘[01m[Krobot_if_params_ac::robot_if_params_ac(ros::NodeHandle&, std::__cxx11::string)[m[K’:
[01m[K/home/handsome/ros_ws_test/src/ros_base/robot_scheduling/robot_scheduling_server/src/private_actions/robot_if_params_ac.cpp:3:79:[m[K [01;31m[Kerror: [m[Kno matching function for call to ‘[01m[Kactionlib::SimpleActionClient<robot_scheduling_msgs::robot_interface_paramsAction_<std::allocator<void> > >::SimpleActionClient()[m[K’
 robot_if_params_ac::robot_if_params_ac(ros::NodeHandle& nh,std::string ac_name[01;31m[K)[m[K //:nh_(nh)//,
                                                                               [01;31m[K^[m[K
In file included from [01m[K/home/handsome/ros_ws_test/src/ros_base/robot_scheduling/robot_scheduling_server/include/private_actions/robot_if_params_ac.h:6:0[m[K,
                 from [01m[K/home/handsome/ros_ws_test/src/ros_base/robot_scheduling/robot_scheduling_server/src/private_actions/robot_if_params_ac.cpp:1[m[K:
[01m[K/opt/ros/melodic/include/actionlib/client/simple_action_client.h:109:3:[m[K [01;36m[Knote: [m[Kcandidate: actionlib::SimpleActionClient<ActionSpec>::SimpleActionClient(ros::NodeHandle&, const string&, bool) [with ActionSpec = robot_scheduling_msgs::robot_interface_paramsAction_<std::allocator<void> >; std::__cxx11::string = std::__cxx11::basic_string<char>]
   [01;36m[KSimpleActionClient[m[K(ros::NodeHandle & n, const std::string & name, bool spin_thread = true)
   [01;36m[K^~~~~~~~~~~~~~~~~~[m[K
[01m[K/opt/ros/melodic/include/actionlib/client/simple_action_client.h:109:3:[m[K [01;36m[Knote: [m[K  candidate expects 3 arguments, 0 provided
[01m[K/opt/ros/melodic/include/actionlib/client/simple_action_client.h:93:3:[m[K [01;36m[Knote: [m[Kcandidate: actionlib::SimpleActionClient<ActionSpec>::SimpleActionClient(const string&, bool) [with ActionSpec = robot_scheduling_msgs::robot_interface_paramsAction_<std::allocator<void> >; std::__cxx11::string = std::__cxx11::basic_string<char>]
   [01;36m[KSimpleActionClient[m[K(const std::string & name, bool spin_thread = true)
   [01;36m[K^~~~~~~~~~~~~~~~~~[m[K
[01m[K/opt/ros/melodic/include/actionlib/client/simple_action_client.h:93:3:[m[K [01;36m[Knote: [m[K  candidate expects 2 arguments, 0 provided
In file included from [01m[K/home/handsome/ros_ws_test/src/ros_base/robot_scheduling/robot_scheduling_server/include/robot_scheduling_server.h:6:0[m[K,
                 from [01m[K/home/handsome/ros_ws_test/src/ros_base/robot_scheduling/robot_scheduling_server/src/robot_scheduling_server.cpp:1[m[K:
[01m[K/home/handsome/ros_ws_test/src/ros_base/robot_scheduling/robot_scheduling_server/include/robot_scheduling_pnp_server.h:96:3:[m[K [01;31m[Kerror: [m[K‘[01m[Krobot_if_params_ac[m[K’ does not name a type; did you mean ‘[01m[Krobot_if_params_ac_H[m[K’?
   [01;31m[Krobot_if_params_ac[m[K robot_if_params_ac_;
   [01;31m[K^~~~~~~~~~~~~~~~~~[m[K
   [32m[Krobot_if_params_ac_H[m[K
In file included from [01m[K/home/handsome/ros_ws_test/src/ros_base/robot_scheduling/robot_scheduling_server/src/robot_scheduling_pnp_server.cpp:1:0[m[K:
[01m[K/home/handsome/ros_ws_test/src/ros_base/robot_scheduling/robot_scheduling_server/include/robot_scheduling_pnp_server.h:96:3:[m[K [01;31m[Kerror: [m[K‘[01m[Krobot_if_params_ac[m[K’ does not name a type; did you mean ‘[01m[Krobot_if_params_ac_H[m[K’?
   [01;31m[Krobot_if_params_ac[m[K robot_if_params_ac_;
   [01;31m[K^~~~~~~~~~~~~~~~~~[m[K
   [32m[Krobot_if_params_ac_H[m[K
[01m[K/home/handsome/ros_ws_test/src/ros_base/robot_scheduling/robot_scheduling_server/src/robot_scheduling_pnp_server.cpp:[m[K In member function ‘[01m[Kvirtual int robot_scheduling_pnp_server::evalCondition(std::__cxx11::string)[m[K’:
[01m[K/home/handsome/ros_ws_test/src/ros_base/robot_scheduling/robot_scheduling_server/src/robot_scheduling_pnp_server.cpp:212:29:[m[K [01;31m[Kerror: [m[K‘[01m[Kclass robot_if_process_ac[m[K’ has no member named ‘[01m[KevalCondition[m[K’
     if(robot_if_process_ac_.[01;31m[KevalCondition[m[K(condition) == 1)
                             [01;31m[K^~~~~~~~~~~~~[m[K
[01m[K/home/handsome/ros_ws_test/src/ros_base/robot_scheduling/robot_scheduling_server/src/robot_scheduling_pnp_server.cpp:[m[K In member function ‘[01m[Kvoid robot_scheduling_pnp_server::interfaceProc(bool*, std::__cxx11::string)[m[K’:
[01m[K/home/handsome/ros_ws_test/src/ros_base/robot_scheduling/robot_scheduling_server/src/robot_scheduling_pnp_server.cpp:306:26:[m[K [01;31m[Kerror: [m[K‘[01m[Kclass robot_if_process_ac[m[K’ has no member named ‘[01m[Kdo_robot_interface_process[m[K’; did you mean ‘[01m[Krobot_if_process_ac[m[K’?
     robot_if_process_ac_.[01;31m[Kdo_robot_interface_process[m[K(goal);
                          [01;31m[K^~~~~~~~~~~~~~~~~~~~~~~~~~[m[K
                          [32m[Krobot_if_process_ac[m[K
CMakeFiles/robot_scheduling_server_node.dir/build.make:110: recipe for target 'CMakeFiles/robot_scheduling_server_node.dir/src/private_actions/robot_if_process_ac.cpp.o' failed
make[2]: *** [CMakeFiles/robot_scheduling_server_node.dir/src/private_actions/robot_if_process_ac.cpp.o] Error 1
make[2]: *** Waiting for unfinished jobs....
CMakeFiles/robot_scheduling_server_node.dir/build.make:350: recipe for target 'CMakeFiles/robot_scheduling_server_node.dir/src/private_actions/robot_if_params_ac.cpp.o' failed
make[2]: *** [CMakeFiles/robot_scheduling_server_node.dir/src/private_actions/robot_if_params_ac.cpp.o] Error 1
CMakeFiles/robot_scheduling_server_node.dir/build.make:62: recipe for target 'CMakeFiles/robot_scheduling_server_node.dir/src/robot_scheduling_server.cpp.o' failed
make[2]: *** [CMakeFiles/robot_scheduling_server_node.dir/src/robot_scheduling_server.cpp.o] Error 1
make[2]: *** [CMakeFiles/robot_scheduling_server_node.dir/src/robot_scheduling_pnp_server.cpp.o] Error 1
CMakeFiles/robot_scheduling_server_node.dir/build.make:86: recipe for target 'CMakeFiles/robot_scheduling_server_node.dir/src/robot_scheduling_pnp_server.cpp.o' failed
CMakeFiles/Makefile2:67: recipe for target 'CMakeFiles/robot_scheduling_server_node.dir/all' failed
make[1]: *** [CMakeFiles/robot_scheduling_server_node.dir/all] Error 2
make: *** [all] Error 2
Makefile:140: recipe for target 'all' failed
