[0.321s] Invoking command in '/home/handsome/ros_ws_test/build/pnp_ros': CMAKE_PREFIX_PATH=/home/handsome/ros_ws_test/install/pnp_msgs:${CMAKE_PREFIX_PATH} PKG_CONFIG_PATH=/home/handsome/ros_ws_test/install/pnp_msgs/lib/x86_64-linux-gnu/pkgconfig:/home/handsome/ros_ws_test/install/pnp_msgs/lib/pkgconfig:${PKG_CONFIG_PATH} PYTHONPATH=/home/handsome/ros_ws_test/install/pnp_msgs/lib/python2.7/dist-packages:${PYTHONPATH} ROS_PACKAGE_PATH=/home/handsome/ros_ws_test/install/pnp_msgs/share:${ROS_PACKAGE_PATH} /usr/bin/cmake --build /home/handsome/ros_ws_test/build/pnp_ros -- -j12 -l12
[0.787s] [  0%] Built target pnp_msgs_generate_messages_cpp
[0.919s] [ 63%] Built target pnpros
[0.999s] [ 81%] Built target PNPAS
[1.001s] [100%] Built target pnp_node
[1.033s] Invoked command in '/home/handsome/ros_ws_test/build/pnp_ros' returned '0': CMAKE_PREFIX_PATH=/home/handsome/ros_ws_test/install/pnp_msgs:${CMAKE_PREFIX_PATH} PKG_CONFIG_PATH=/home/handsome/ros_ws_test/install/pnp_msgs/lib/x86_64-linux-gnu/pkgconfig:/home/handsome/ros_ws_test/install/pnp_msgs/lib/pkgconfig:${PKG_CONFIG_PATH} PYTHONPATH=/home/handsome/ros_ws_test/install/pnp_msgs/lib/python2.7/dist-packages:${PYTHONPATH} ROS_PACKAGE_PATH=/home/handsome/ros_ws_test/install/pnp_msgs/share:${ROS_PACKAGE_PATH} /usr/bin/cmake --build /home/handsome/ros_ws_test/build/pnp_ros -- -j12 -l12
[1.962s] Invoking command in '/home/handsome/ros_ws_test/build/pnp_ros': CMAKE_PREFIX_PATH=/home/handsome/ros_ws_test/install/pnp_msgs:${CMAKE_PREFIX_PATH} PKG_CONFIG_PATH=/home/handsome/ros_ws_test/install/pnp_msgs/lib/x86_64-linux-gnu/pkgconfig:/home/handsome/ros_ws_test/install/pnp_msgs/lib/pkgconfig:${PKG_CONFIG_PATH} PYTHONPATH=/home/handsome/ros_ws_test/install/pnp_msgs/lib/python2.7/dist-packages:${PYTHONPATH} ROS_PACKAGE_PATH=/home/handsome/ros_ws_test/install/pnp_msgs/share:${ROS_PACKAGE_PATH} /usr/bin/cmake --build /home/handsome/ros_ws_test/build/pnp_ros --target tests -- -j12 -l12
[2.376s] Built target tests
[2.475s] Invoked command in '/home/handsome/ros_ws_test/build/pnp_ros' returned '0': CMAKE_PREFIX_PATH=/home/handsome/ros_ws_test/install/pnp_msgs:${CMAKE_PREFIX_PATH} PKG_CONFIG_PATH=/home/handsome/ros_ws_test/install/pnp_msgs/lib/x86_64-linux-gnu/pkgconfig:/home/handsome/ros_ws_test/install/pnp_msgs/lib/pkgconfig:${PKG_CONFIG_PATH} PYTHONPATH=/home/handsome/ros_ws_test/install/pnp_msgs/lib/python2.7/dist-packages:${PYTHONPATH} ROS_PACKAGE_PATH=/home/handsome/ros_ws_test/install/pnp_msgs/share:${ROS_PACKAGE_PATH} /usr/bin/cmake --build /home/handsome/ros_ws_test/build/pnp_ros --target tests -- -j12 -l12
[3.666s] Invoking command in '/home/handsome/ros_ws_test/build/pnp_ros': CMAKE_PREFIX_PATH=/home/handsome/ros_ws_test/install/pnp_msgs:${CMAKE_PREFIX_PATH} PKG_CONFIG_PATH=/home/handsome/ros_ws_test/install/pnp_msgs/lib/x86_64-linux-gnu/pkgconfig:/home/handsome/ros_ws_test/install/pnp_msgs/lib/pkgconfig:${PKG_CONFIG_PATH} PYTHONPATH=/home/handsome/ros_ws_test/install/pnp_msgs/lib/python2.7/dist-packages:${PYTHONPATH} ROS_PACKAGE_PATH=/home/handsome/ros_ws_test/install/pnp_msgs/share:${ROS_PACKAGE_PATH} /usr/bin/cmake --build /home/handsome/ros_ws_test/build/pnp_ros --target install -- -j12 -l12
[3.946s] [  0%] Built target pnp_msgs_generate_messages_cpp
[4.245s] [ 63%] Built target pnpros
[4.400s] [ 81%] Built target PNPAS
[4.441s] [100%] Built target pnp_node
[4.722s] [36mInstall the project...[0m
[4.800s] -- Install configuration: ""
[4.800s] -- Up-to-date: /home/handsome/ros_ws_test/install/pnp_ros/lib/pkgconfig/pnp_ros.pc
[4.801s] -- Up-to-date: /home/handsome/ros_ws_test/install/pnp_ros/share/pnp_ros/cmake/pnp_rosConfig.cmake
[4.802s] -- Up-to-date: /home/handsome/ros_ws_test/install/pnp_ros/share/pnp_ros/cmake/pnp_rosConfig-version.cmake
[4.802s] -- Up-to-date: /home/handsome/ros_ws_test/install/pnp_ros/share/pnp_ros/package.xml
[4.803s] -- Up-to-date: /home/handsome/ros_ws_test/install/pnp_ros/lib/pnp_ros/PNPActionServer.py
[4.803s] -- Up-to-date: /home/handsome/ros_ws_test/install/pnp_ros/share/pnp_ros/launch
[4.804s] -- Up-to-date: /home/handsome/ros_ws_test/install/pnp_ros/share/pnp_ros/launch/pnp_ros.launch
[4.804s] -- Up-to-date: /home/handsome/ros_ws_test/install/pnp_ros/share/pnp_ros/plans
[4.805s] -- Up-to-date: /home/handsome/ros_ws_test/install/pnp_ros/share/pnp_ros/plans/interrupt.pnml
[4.805s] -- Up-to-date: /home/handsome/ros_ws_test/install/pnp_ros/share/pnp_ros/plans/MultiRobot.png
[4.805s] -- Up-to-date: /home/handsome/ros_ws_test/install/pnp_ros/share/pnp_ros/plans/ending_plan.pnml
[4.806s] -- Up-to-date: /home/handsome/ros_ws_test/install/pnp_ros/share/pnp_ros/plans/run_jarp.sh
[4.806s] -- Up-to-date: /home/handsome/ros_ws_test/install/pnp_ros/share/pnp_ros/plans/sequence_loop.pnml
[4.806s] -- Up-to-date: /home/handsome/ros_ws_test/install/pnp_ros/share/pnp_ros/plans/sensing.png
[4.807s] -- Up-to-date: /home/handsome/ros_ws_test/install/pnp_ros/share/pnp_ros/plans/MultiRobot.pnml
[4.807s] -- Up-to-date: /home/handsome/ros_ws_test/install/pnp_ros/share/pnp_ros/plans/fork_join.png
[4.807s] -- Up-to-date: /home/handsome/ros_ws_test/install/pnp_ros/share/pnp_ros/plans/sensing.pnml
[4.808s] -- Up-to-date: /home/handsome/ros_ws_test/install/pnp_ros/share/pnp_ros/plans/interrupt.png
[4.808s] -- Up-to-date: /home/handsome/ros_ws_test/install/pnp_ros/share/pnp_ros/plans/fork_join.pnml
[4.808s] -- Up-to-date: /home/handsome/ros_ws_test/install/pnp_ros/share/pnp_ros/plans/sequence_loop.png
[4.809s] -- Up-to-date: /home/handsome/ros_ws_test/install/pnp_ros/lib/libPNPAS.so
[4.810s] -- Up-to-date: /home/handsome/ros_ws_test/install/pnp_ros/lib/pnp_ros/pnp_node
[4.812s] -- Up-to-date: /home/handsome/ros_ws_test/install/pnp_ros/lib/libpnpros.so
[4.813s] -- Up-to-date: /home/handsome/ros_ws_test/install/pnp_ros/include/pnp_ros
[4.814s] -- Up-to-date: /home/handsome/ros_ws_test/install/pnp_ros/include/pnp_ros/LearnPNP
[4.814s] -- Up-to-date: /home/handsome/ros_ws_test/install/pnp_ros/include/pnp_ros/LearnPNP/ROSLearnInstantiator.h
[4.815s] -- Up-to-date: /home/handsome/ros_ws_test/install/pnp_ros/include/pnp_ros/LearnPNP/ROSReward.h
[4.815s] -- Up-to-date: /home/handsome/ros_ws_test/install/pnp_ros/include/pnp_ros/LearnPNP/World
[4.823s] -- Up-to-date: /home/handsome/ros_ws_test/install/pnp_ros/include/pnp_ros/LearnPNP/World/World.h
[4.823s] -- Up-to-date: /home/handsome/ros_ws_test/install/pnp_ros/include/pnp_ros/names.h
[4.823s] -- Up-to-date: /home/handsome/ros_ws_test/install/pnp_ros/include/pnp_ros/ROSInst.h
[4.823s] -- Up-to-date: /home/handsome/ros_ws_test/install/pnp_ros/include/pnp_ros/PNPActionServer.h
[4.824s] -- Up-to-date: /home/handsome/ros_ws_test/install/pnp_ros/include/pnp_ros/ActionProxy.h
[4.824s] -- Up-to-date: /home/handsome/ros_ws_test/install/pnp_ros/include/pnp_ros/ROSConds.h
[4.835s] Invoked command in '/home/handsome/ros_ws_test/build/pnp_ros' returned '0': CMAKE_PREFIX_PATH=/home/handsome/ros_ws_test/install/pnp_msgs:${CMAKE_PREFIX_PATH} PKG_CONFIG_PATH=/home/handsome/ros_ws_test/install/pnp_msgs/lib/x86_64-linux-gnu/pkgconfig:/home/handsome/ros_ws_test/install/pnp_msgs/lib/pkgconfig:${PKG_CONFIG_PATH} PYTHONPATH=/home/handsome/ros_ws_test/install/pnp_msgs/lib/python2.7/dist-packages:${PYTHONPATH} ROS_PACKAGE_PATH=/home/handsome/ros_ws_test/install/pnp_msgs/share:${ROS_PACKAGE_PATH} /usr/bin/cmake --build /home/handsome/ros_ws_test/build/pnp_ros --target install -- -j12 -l12
