[0.076s] Invoking command in '/home/handsome/ros_ws_test/build/rp_action_msgs': /usr/bin/cmake --build /home/handsome/ros_ws_test/build/rp_action_msgs -- -j12 -l12
[0.663s] [  0%] Built target actionlib_msgs_generate_messages_cpp
[0.774s] [  0%] Built target actionlib_msgs_generate_messages_py
[0.802s] [  0%] Built target actionlib_msgs_generate_messages_eus
[0.812s] [  0%] Built target actionlib_msgs_generate_messages_lisp
[0.871s] [  0%] Built target actionlib_msgs_generate_messages_nodejs
[0.970s] [  0%] Built target _rp_action_msgs_generate_messages_check_deps_TurnAction
[1.026s] [  0%] Built target _rp_action_msgs_generate_messages_check_deps_TurnActionGoal
[1.026s] [  0%] Built target _rp_action_msgs_generate_messages_check_deps_TurnFeedback
[1.027s] [  0%] Built target _rp_action_msgs_generate_messages_check_deps_TurnResult
[1.060s] [  0%] Built target _rp_action_msgs_generate_messages_check_deps_TurnActionFeedback
[1.098s] [  0%] Built target _rp_action_msgs_generate_messages_check_deps_TurnGoal
[1.113s] [  0%] Built target _rp_action_msgs_generate_messages_check_deps_TurnActionResult
[1.252s] [ 21%] Built target rp_action_msgs_generate_messages_eus
[1.321s] [ 43%] Built target rp_action_msgs_generate_messages_py
[1.327s] [ 62%] Built target rp_action_msgs_generate_messages_lisp
[1.383s] [ 81%] Built target rp_action_msgs_generate_messages_cpp
[1.438s] [100%] Built target rp_action_msgs_generate_messages_nodejs
[1.565s] [100%] Built target rp_action_msgs_generate_messages
[1.714s] Invoked command in '/home/handsome/ros_ws_test/build/rp_action_msgs' returned '0': /usr/bin/cmake --build /home/handsome/ros_ws_test/build/rp_action_msgs -- -j12 -l12
[3.061s] Invoking command in '/home/handsome/ros_ws_test/build/rp_action_msgs': /usr/bin/cmake --build /home/handsome/ros_ws_test/build/rp_action_msgs --target tests -- -j12 -l12
[3.789s] Built target tests
[3.976s] Invoked command in '/home/handsome/ros_ws_test/build/rp_action_msgs' returned '0': /usr/bin/cmake --build /home/handsome/ros_ws_test/build/rp_action_msgs --target tests -- -j12 -l12
[4.935s] Invoking command in '/home/handsome/ros_ws_test/build/rp_action_msgs': /usr/bin/cmake --build /home/handsome/ros_ws_test/build/rp_action_msgs --target install -- -j12 -l12
[5.163s] [  0%] Built target actionlib_msgs_generate_messages_nodejs
[5.166s] [  0%] Built target actionlib_msgs_generate_messages_lisp
[5.206s] [  0%] Built target actionlib_msgs_generate_messages_eus
[5.211s] [  0%] Built target actionlib_msgs_generate_messages_cpp
[5.212s] [  0%] Built target actionlib_msgs_generate_messages_py
[5.258s] [  0%] Built target _rp_action_msgs_generate_messages_check_deps_TurnResult
[5.297s] [  0%] Built target _rp_action_msgs_generate_messages_check_deps_TurnActionResult
[5.332s] [  0%] Built target _rp_action_msgs_generate_messages_check_deps_TurnActionFeedback
[5.347s] [  0%] Built target _rp_action_msgs_generate_messages_check_deps_TurnAction
[5.360s] [  0%] Built target _rp_action_msgs_generate_messages_check_deps_TurnGoal
[5.388s] [  0%] Built target _rp_action_msgs_generate_messages_check_deps_TurnActionGoal
[5.398s] [  0%] Built target _rp_action_msgs_generate_messages_check_deps_TurnFeedback
[5.489s] [ 18%] Built target rp_action_msgs_generate_messages_cpp
[5.492s] [ 37%] Built target rp_action_msgs_generate_messages_lisp
[5.531s] [ 59%] Built target rp_action_msgs_generate_messages_eus
[5.531s] [ 78%] Built target rp_action_msgs_generate_messages_nodejs
[5.543s] [100%] Built target rp_action_msgs_generate_messages_py
[5.685s] [100%] Built target rp_action_msgs_generate_messages
[5.754s] [36mInstall the project...[0m
[5.791s] -- Install configuration: ""
[5.792s] -- Up-to-date: /home/handsome/ros_ws_test/install/rp_action_msgs/share/rp_action_msgs/action/Turn.action
[5.797s] -- Up-to-date: /home/handsome/ros_ws_test/install/rp_action_msgs/share/rp_action_msgs/msg/TurnAction.msg
[5.797s] -- Up-to-date: /home/handsome/ros_ws_test/install/rp_action_msgs/share/rp_action_msgs/msg/TurnActionGoal.msg
[5.797s] -- Up-to-date: /home/handsome/ros_ws_test/install/rp_action_msgs/share/rp_action_msgs/msg/TurnActionResult.msg
[5.798s] -- Up-to-date: /home/handsome/ros_ws_test/install/rp_action_msgs/share/rp_action_msgs/msg/TurnActionFeedback.msg
[5.798s] -- Up-to-date: /home/handsome/ros_ws_test/install/rp_action_msgs/share/rp_action_msgs/msg/TurnGoal.msg
[5.798s] -- Up-to-date: /home/handsome/ros_ws_test/install/rp_action_msgs/share/rp_action_msgs/msg/TurnResult.msg
[5.798s] -- Up-to-date: /home/handsome/ros_ws_test/install/rp_action_msgs/share/rp_action_msgs/msg/TurnFeedback.msg
[5.798s] -- Up-to-date: /home/handsome/ros_ws_test/install/rp_action_msgs/share/rp_action_msgs/cmake/rp_action_msgs-msg-paths.cmake
[5.798s] -- Up-to-date: /home/handsome/ros_ws_test/install/rp_action_msgs/include/rp_action_msgs
[5.798s] -- Up-to-date: /home/handsome/ros_ws_test/install/rp_action_msgs/include/rp_action_msgs/TurnFeedback.h
[5.798s] -- Up-to-date: /home/handsome/ros_ws_test/install/rp_action_msgs/include/rp_action_msgs/TurnResult.h
[5.798s] -- Up-to-date: /home/handsome/ros_ws_test/install/rp_action_msgs/include/rp_action_msgs/TurnActionResult.h
[5.799s] -- Up-to-date: /home/handsome/ros_ws_test/install/rp_action_msgs/include/rp_action_msgs/TurnActionGoal.h
[5.799s] -- Up-to-date: /home/handsome/ros_ws_test/install/rp_action_msgs/include/rp_action_msgs/TurnAction.h
[5.799s] -- Up-to-date: /home/handsome/ros_ws_test/install/rp_action_msgs/include/rp_action_msgs/TurnActionFeedback.h
[5.799s] -- Up-to-date: /home/handsome/ros_ws_test/install/rp_action_msgs/include/rp_action_msgs/TurnGoal.h
[5.800s] -- Up-to-date: /home/handsome/ros_ws_test/install/rp_action_msgs/share/roseus/ros/rp_action_msgs
[5.800s] -- Up-to-date: /home/handsome/ros_ws_test/install/rp_action_msgs/share/roseus/ros/rp_action_msgs/msg
[5.800s] -- Up-to-date: /home/handsome/ros_ws_test/install/rp_action_msgs/share/roseus/ros/rp_action_msgs/msg/TurnAction.l
[5.800s] -- Up-to-date: /home/handsome/ros_ws_test/install/rp_action_msgs/share/roseus/ros/rp_action_msgs/msg/TurnActionGoal.l
[5.800s] -- Up-to-date: /home/handsome/ros_ws_test/install/rp_action_msgs/share/roseus/ros/rp_action_msgs/msg/TurnResult.l
[5.800s] -- Up-to-date: /home/handsome/ros_ws_test/install/rp_action_msgs/share/roseus/ros/rp_action_msgs/msg/TurnActionResult.l
[5.800s] -- Up-to-date: /home/handsome/ros_ws_test/install/rp_action_msgs/share/roseus/ros/rp_action_msgs/msg/TurnActionFeedback.l
[5.801s] -- Up-to-date: /home/handsome/ros_ws_test/install/rp_action_msgs/share/roseus/ros/rp_action_msgs/msg/TurnGoal.l
[5.801s] -- Up-to-date: /home/handsome/ros_ws_test/install/rp_action_msgs/share/roseus/ros/rp_action_msgs/msg/TurnFeedback.l
[5.801s] -- Up-to-date: /home/handsome/ros_ws_test/install/rp_action_msgs/share/roseus/ros/rp_action_msgs/manifest.l
[5.801s] -- Up-to-date: /home/handsome/ros_ws_test/install/rp_action_msgs/share/common-lisp/ros/rp_action_msgs
[5.801s] -- Up-to-date: /home/handsome/ros_ws_test/install/rp_action_msgs/share/common-lisp/ros/rp_action_msgs/msg
[5.801s] -- Up-to-date: /home/handsome/ros_ws_test/install/rp_action_msgs/share/common-lisp/ros/rp_action_msgs/msg/TurnActionResult.lisp
[5.801s] -- Up-to-date: /home/handsome/ros_ws_test/install/rp_action_msgs/share/common-lisp/ros/rp_action_msgs/msg/_package_TurnActionFeedback.lisp
[5.801s] -- Up-to-date: /home/handsome/ros_ws_test/install/rp_action_msgs/share/common-lisp/ros/rp_action_msgs/msg/_package_TurnAction.lisp
[5.801s] -- Up-to-date: /home/handsome/ros_ws_test/install/rp_action_msgs/share/common-lisp/ros/rp_action_msgs/msg/TurnActionGoal.lisp
[5.802s] -- Up-to-date: /home/handsome/ros_ws_test/install/rp_action_msgs/share/common-lisp/ros/rp_action_msgs/msg/_package_TurnActionGoal.lisp
[5.802s] -- Up-to-date: /home/handsome/ros_ws_test/install/rp_action_msgs/share/common-lisp/ros/rp_action_msgs/msg/TurnGoal.lisp
[5.802s] -- Up-to-date: /home/handsome/ros_ws_test/install/rp_action_msgs/share/common-lisp/ros/rp_action_msgs/msg/_package_TurnActionResult.lisp
[5.803s] -- Up-to-date: /home/handsome/ros_ws_test/install/rp_action_msgs/share/common-lisp/ros/rp_action_msgs/msg/TurnResult.lisp
[5.803s] -- Up-to-date: /home/handsome/ros_ws_test/install/rp_action_msgs/share/common-lisp/ros/rp_action_msgs/msg/rp_action_msgs-msg.asd
[5.803s] -- Up-to-date: /home/handsome/ros_ws_test/install/rp_action_msgs/share/common-lisp/ros/rp_action_msgs/msg/_package_TurnResult.lisp
[5.803s] -- Up-to-date: /home/handsome/ros_ws_test/install/rp_action_msgs/share/common-lisp/ros/rp_action_msgs/msg/_package.lisp
[5.803s] -- Up-to-date: /home/handsome/ros_ws_test/install/rp_action_msgs/share/common-lisp/ros/rp_action_msgs/msg/TurnAction.lisp
[5.803s] -- Up-to-date: /home/handsome/ros_ws_test/install/rp_action_msgs/share/common-lisp/ros/rp_action_msgs/msg/TurnActionFeedback.lisp
[5.803s] -- Up-to-date: /home/handsome/ros_ws_test/install/rp_action_msgs/share/common-lisp/ros/rp_action_msgs/msg/TurnFeedback.lisp
[5.803s] -- Up-to-date: /home/handsome/ros_ws_test/install/rp_action_msgs/share/common-lisp/ros/rp_action_msgs/msg/_package_TurnFeedback.lisp
[5.804s] -- Up-to-date: /home/handsome/ros_ws_test/install/rp_action_msgs/share/common-lisp/ros/rp_action_msgs/msg/_package_TurnGoal.lisp
[5.804s] -- Up-to-date: /home/handsome/ros_ws_test/install/rp_action_msgs/share/gennodejs/ros/rp_action_msgs
[5.804s] -- Up-to-date: /home/handsome/ros_ws_test/install/rp_action_msgs/share/gennodejs/ros/rp_action_msgs/msg
[5.804s] -- Up-to-date: /home/handsome/ros_ws_test/install/rp_action_msgs/share/gennodejs/ros/rp_action_msgs/msg/_index.js
[5.804s] -- Up-to-date: /home/handsome/ros_ws_test/install/rp_action_msgs/share/gennodejs/ros/rp_action_msgs/msg/TurnGoal.js
[5.804s] -- Up-to-date: /home/handsome/ros_ws_test/install/rp_action_msgs/share/gennodejs/ros/rp_action_msgs/msg/TurnActionGoal.js
[5.804s] -- Up-to-date: /home/handsome/ros_ws_test/install/rp_action_msgs/share/gennodejs/ros/rp_action_msgs/msg/TurnResult.js
[5.805s] -- Up-to-date: /home/handsome/ros_ws_test/install/rp_action_msgs/share/gennodejs/ros/rp_action_msgs/msg/TurnActionFeedback.js
[5.805s] -- Up-to-date: /home/handsome/ros_ws_test/install/rp_action_msgs/share/gennodejs/ros/rp_action_msgs/msg/TurnFeedback.js
[5.805s] -- Up-to-date: /home/handsome/ros_ws_test/install/rp_action_msgs/share/gennodejs/ros/rp_action_msgs/msg/TurnActionResult.js
[5.805s] -- Up-to-date: /home/handsome/ros_ws_test/install/rp_action_msgs/share/gennodejs/ros/rp_action_msgs/msg/TurnAction.js
[5.806s] -- Up-to-date: /home/handsome/ros_ws_test/install/rp_action_msgs/share/gennodejs/ros/rp_action_msgs/_index.js
[5.846s] Listing /home/handsome/ros_ws_test/build/rp_action_msgs/devel/lib/python2.7/dist-packages/rp_action_msgs ...
[5.846s] Listing /home/handsome/ros_ws_test/build/rp_action_msgs/devel/lib/python2.7/dist-packages/rp_action_msgs/msg ...
[5.857s] -- Up-to-date: /home/handsome/ros_ws_test/install/rp_action_msgs/lib/python2.7/dist-packages/rp_action_msgs
[5.857s] -- Up-to-date: /home/handsome/ros_ws_test/install/rp_action_msgs/lib/python2.7/dist-packages/rp_action_msgs/msg
[5.857s] -- Up-to-date: /home/handsome/ros_ws_test/install/rp_action_msgs/lib/python2.7/dist-packages/rp_action_msgs/msg/_TurnFeedback.py
[5.857s] -- Up-to-date: /home/handsome/ros_ws_test/install/rp_action_msgs/lib/python2.7/dist-packages/rp_action_msgs/msg/__init__.py
[5.858s] -- Up-to-date: /home/handsome/ros_ws_test/install/rp_action_msgs/lib/python2.7/dist-packages/rp_action_msgs/msg/_TurnActionResult.pyc
[5.858s] -- Up-to-date: /home/handsome/ros_ws_test/install/rp_action_msgs/lib/python2.7/dist-packages/rp_action_msgs/msg/_TurnActionGoal.pyc
[5.858s] -- Up-to-date: /home/handsome/ros_ws_test/install/rp_action_msgs/lib/python2.7/dist-packages/rp_action_msgs/msg/_TurnActionResult.py
[5.858s] -- Up-to-date: /home/handsome/ros_ws_test/install/rp_action_msgs/lib/python2.7/dist-packages/rp_action_msgs/msg/_TurnResult.py
[5.858s] -- Up-to-date: /home/handsome/ros_ws_test/install/rp_action_msgs/lib/python2.7/dist-packages/rp_action_msgs/msg/_TurnGoal.py
[5.858s] -- Up-to-date: /home/handsome/ros_ws_test/install/rp_action_msgs/lib/python2.7/dist-packages/rp_action_msgs/msg/_TurnActionFeedback.pyc
[5.858s] -- Up-to-date: /home/handsome/ros_ws_test/install/rp_action_msgs/lib/python2.7/dist-packages/rp_action_msgs/msg/_TurnActionFeedback.py
[5.858s] -- Up-to-date: /home/handsome/ros_ws_test/install/rp_action_msgs/lib/python2.7/dist-packages/rp_action_msgs/msg/_TurnAction.pyc
[5.858s] -- Up-to-date: /home/handsome/ros_ws_test/install/rp_action_msgs/lib/python2.7/dist-packages/rp_action_msgs/msg/__init__.pyc
[5.858s] -- Up-to-date: /home/handsome/ros_ws_test/install/rp_action_msgs/lib/python2.7/dist-packages/rp_action_msgs/msg/_TurnActionGoal.py
[5.858s] -- Up-to-date: /home/handsome/ros_ws_test/install/rp_action_msgs/lib/python2.7/dist-packages/rp_action_msgs/msg/_TurnFeedback.pyc
[5.858s] -- Up-to-date: /home/handsome/ros_ws_test/install/rp_action_msgs/lib/python2.7/dist-packages/rp_action_msgs/msg/_TurnResult.pyc
[5.859s] -- Up-to-date: /home/handsome/ros_ws_test/install/rp_action_msgs/lib/python2.7/dist-packages/rp_action_msgs/msg/_TurnGoal.pyc
[5.859s] -- Up-to-date: /home/handsome/ros_ws_test/install/rp_action_msgs/lib/python2.7/dist-packages/rp_action_msgs/msg/_TurnAction.py
[5.859s] -- Up-to-date: /home/handsome/ros_ws_test/install/rp_action_msgs/lib/python2.7/dist-packages/rp_action_msgs/__init__.py
[5.859s] -- Up-to-date: /home/handsome/ros_ws_test/install/rp_action_msgs/lib/python2.7/dist-packages/rp_action_msgs/__init__.pyc
[5.859s] -- Up-to-date: /home/handsome/ros_ws_test/install/rp_action_msgs/lib/pkgconfig/rp_action_msgs.pc
[5.860s] -- Up-to-date: /home/handsome/ros_ws_test/install/rp_action_msgs/share/rp_action_msgs/cmake/rp_action_msgs-msg-extras.cmake
[5.860s] -- Up-to-date: /home/handsome/ros_ws_test/install/rp_action_msgs/share/rp_action_msgs/cmake/rp_action_msgsConfig.cmake
[5.861s] -- Up-to-date: /home/handsome/ros_ws_test/install/rp_action_msgs/share/rp_action_msgs/cmake/rp_action_msgsConfig-version.cmake
[5.862s] -- Up-to-date: /home/handsome/ros_ws_test/install/rp_action_msgs/share/rp_action_msgs/package.xml
[5.876s] Invoked command in '/home/handsome/ros_ws_test/build/rp_action_msgs' returned '0': /usr/bin/cmake --build /home/handsome/ros_ws_test/build/rp_action_msgs --target install -- -j12 -l12
