-- The C compiler identification is GNU 7.5.0
-- The CXX compiler identification is GNU 7.5.0
-- Check for working C compiler: /usr/bin/cc
-- Check for working C compiler: /usr/bin/cc -- works
-- Detecting C compiler ABI info
-- Detecting C compiler ABI info - done
-- Detecting C compile features
-- Detecting C compile features - done
-- Check for working CXX compiler: /usr/bin/c++
-- Check for working CXX compiler: /usr/bin/c++ -- works
-- Detecting CXX compiler ABI info
-- Detecting CXX compiler ABI info - done
-- Detecting CXX compile features
-- Detecting CXX compile features - done
-- Using CATKIN_DEVEL_PREFIX: /home/handsome/ros_ws_test/build/robot_localization/devel
-- Using CMAKE_PREFIX_PATH: /home/handsome/ros_ws/install/yocs_cmd_vel_mux;/home/handsome/ros_ws/install/urdf_tutorial;/home/handsome/ros_ws/install/tuw_waypoint_to_spline_msgs;/home/handsome/ros_ws/install/tuw_multi_robot_router;/home/handsome/ros_ws/install/tuw_voronoi_graph;/home/handsome/ros_ws/install/tuw_vehicle_msgs;/home/handsome/ros_ws/install/tuw_order_planner;/home/handsome/ros_ws/install/tuw_object_rviz;/home/handsome/ros_ws/install/tuw_object_msgs;/home/handsome/ros_ws/install/tuw_nav_rviz;/home/handsome/ros_ws/install/tuw_multi_robot_local_behavior_controller;/home/handsome/ros_ws/install/tuw_multi_robot_ctrl;/home/handsome/ros_ws/install/tuw_nav_msgs;/home/handsome/ros_ws/install/tuw_multi_robot_rviz;/home/handsome/ros_ws/install/tuw_multi_robot_goal_generator;/home/handsome/ros_ws/install/robot_scheduling_utility;/home/handsome/ros_ws/install/robot_scheduling_actions;/home/handsome/ros_ws/install/actionlib_modules_bridge;/home/handsome/ros_ws/install/tuw_multi_robot_msgs;/home/handsome/ros_ws/install/tuw_multi_robot_demo;/home/handsome/ros_ws/install/tuw_local_controller_msgs;/home/handsome/ros_ws/install/tuw_geometry_rviz;/home/handsome/ros_ws/install/tuw_geometry_msgs;/home/handsome/ros_ws/install/tuw_geometry;/home/handsome/ros_ws/install/tuw_gazebo_msgs;/home/handsome/ros_ws/install/tuw_control;/home/handsome/ros_ws/install/tuw_airskin_msgs;/home/handsome/ros_ws/install/turtlebot_teleop;/home/handsome/ros_ws/install/tug_example_pnp_server;/home/handsome/ros_ws/install/tug_example_actions;/home/handsome/ros_ws/install/tug_example_msgs;/home/handsome/ros_ws/install/timed_roslaunch;/home/handsome/ros_ws/install/teb2_local_planner;/home/handsome/ros_ws/install/stated_roslaunch;/home/handsome/ros_ws/install/spatio_temporal_voxel_layer;/home/handsome/ros_ws/install/robot_udp_bridge;/home/handsome/ros_ws/install/robot_database_bridge;/home/handsome/ros_ws/install/samsungcmd_msgs;/home/handsome/ros_ws/install/rplidar_ros;/home/handsome/ros_ws/install/rp_action;/home/handsome/ros_ws/install/rp_action_msgs;/home/handsome/ros_ws/install/rosserial_xbee;/home/handsome/ros_ws/install/rosserial_windows;/home/handsome/ros_ws/install/rosserial_tivac;/home/handsome/ros_ws/install/rosserial_test;/home/handsome/ros_ws/install/rosserial_server;/home/handsome/ros_ws/install/rosserial_python;/home/handsome/ros_ws/install/rosserial_mbed;/home/handsome/ros_ws/install/rosserial_embeddedlinux;/home/handsome/ros_ws/install/rosserial_arduino;/home/handsome/ros_ws/install/rosserial_client;/home/handsome/ros_ws/install/rosserial_msgs;/home/handsome/ros_ws/install/cellctrl_qtgui_bridge;/home/handsome/ros_ws/install/car_db_manager_qtgui;/home/handsome/ros_ws/install/car_db_manager_bridge;/home/handsome/ros_ws/install/car_db_manager_action;/home/handsome/ros_ws/install/ros_utility_tools;/home/handsome/ros_ws/install/ros_package_test;/home/handsome/ros_ws/install/ros_package_manager;/home/handsome/ros_ws/install/robot_scheduling_server;/home/handsome/ros_ws/install/robot_scheduling_msgs;/home/handsome/ros_ws/install/robot_localization;/home/handsome/ros_ws/install/robot_control_msgs;/home/handsome/ros_ws/install/reset_location;/home/handsome/ros_ws/install/razor_imu_9dof;/home/handsome/ros_ws/install/pnp_rosplan;/home/handsome/ros_ws/install/actionlib_pnp_controller;/home/handsome/ros_ws/install/actionlib_modules_controller;/home/handsome/ros_ws/install/pnp_ros;/home/handsome/ros_ws/install/pnp_msgs;/home/handsome/ros_ws/install/open_auto_dock;/home/handsome/ros_ws/install/open_auto_dock_msgs;/home/handsome/ros_ws/install/omron_os32c_driver;/home/handsome/ros_ws/install/dlux_plugins;/home/handsome/ros_ws/install/dlux_global_planner;/home/handsome/ros_ws/install/nav_grid_pub_sub;/home/handsome/ros_ws/install/dwb_critics;/home/handsome/ros_ws/install/nav_grid_iterators;/home/handsome/ros_ws/install/locomove_base;/home/handsome/ros_ws/install/locomotor;/home/handsome/ros_ws/install/nav_core_adapter;/home/handsome/ros_ws/install/dwb_plugins;/home/handsome/ros_ws/install/dwb_local_planner;/home/handsome/ros_ws/install/nav_2d_utils;/home/handsome/ros_ws/install/global_planner_tests;/home/handsome/ros_ws/install/costmap_queue;/home/handsome/ros_ws/install/nav_core2;/home/handsome/ros_ws/install/nav_grid;/home/handsome/ros_ws/install/car_schedule_msgs;/home/handsome/ros_ws/install/actionlib_modules_msgs;/home/handsome/ros_ws/install/locomotor_msgs;/home/handsome/ros_ws/install/dwb_msgs;/home/handsome/ros_ws/install/nav_2d_msgs;/home/handsome/ros_ws/install/mongodb_log;/home/handsome/ros_ws/install/mongodb_store;/home/handsome/ros_ws/install/mongodb_store_msgs;/home/handsome/ros_ws/install/ca_driver;/home/handsome/ros_ws/install/libcreate;/home/handsome/ros_ws/install/i_robot_stage;/home/handsome/ros_ws/install/i_robot_navigation;/home/handsome/ros_ws/install/hyc_order_planner;/home/handsome/ros_ws/install/hyc_multi_robot_msgs;/home/handsome/ros_ws/install/fetch_open_auto_dock;/home/handsome/ros_ws/install/fetch_auto_dock_msgs;/home/handsome/ros_ws/install/change_teb2_max_vel_x_onfly;/home/handsome/ros_ws/install/cellctrl_control_msgs;/home/handsome/ros_ws/install/car_db_manager_msgs;/home/handsome/ros_ws/install/ca_msgs;/home/handsome/ros_ws/install/ca_description;/home/handsome/ros_ws/install/botcmd_msgs;/opt/ros/melodic
-- This workspace overlays: /home/handsome/ros_ws/install/yocs_cmd_vel_mux;/home/handsome/ros_ws/install/urdf_tutorial;/home/handsome/ros_ws/install/tuw_waypoint_to_spline_msgs;/home/handsome/ros_ws/install/tuw_multi_robot_router;/home/handsome/ros_ws/install/tuw_voronoi_graph;/home/handsome/ros_ws/install/tuw_vehicle_msgs;/home/handsome/ros_ws/install/tuw_order_planner;/home/handsome/ros_ws/install/tuw_object_rviz;/home/handsome/ros_ws/install/tuw_object_msgs;/home/handsome/ros_ws/install/tuw_nav_rviz;/home/handsome/ros_ws/install/tuw_multi_robot_local_behavior_controller;/home/handsome/ros_ws/install/tuw_multi_robot_ctrl;/home/handsome/ros_ws/install/tuw_nav_msgs;/home/handsome/ros_ws/install/tuw_multi_robot_rviz;/home/handsome/ros_ws/install/tuw_multi_robot_goal_generator;/home/handsome/ros_ws/install/robot_scheduling_utility;/home/handsome/ros_ws/install/robot_scheduling_actions;/home/handsome/ros_ws/install/actionlib_modules_bridge;/home/handsome/ros_ws/install/tuw_multi_robot_msgs;/home/handsome/ros_ws/install/tuw_multi_robot_demo;/home/handsome/ros_ws/install/tuw_local_controller_msgs;/home/handsome/ros_ws/install/tuw_geometry_rviz;/home/handsome/ros_ws/install/tuw_geometry_msgs;/home/handsome/ros_ws/install/tuw_geometry;/home/handsome/ros_ws/install/tuw_gazebo_msgs;/home/handsome/ros_ws/install/tuw_control;/home/handsome/ros_ws/install/tuw_airskin_msgs;/home/handsome/ros_ws/install/turtlebot_teleop;/home/handsome/ros_ws/install/tug_example_pnp_server;/home/handsome/ros_ws/install/tug_example_actions;/home/handsome/ros_ws/install/tug_example_msgs;/home/handsome/ros_ws/install/timed_roslaunch;/home/handsome/ros_ws/install/teb2_local_planner;/home/handsome/ros_ws/install/stated_roslaunch;/home/handsome/ros_ws/install/spatio_temporal_voxel_layer;/home/handsome/ros_ws/install/robot_udp_bridge;/home/handsome/ros_ws/install/robot_database_bridge;/home/handsome/ros_ws/install/samsungcmd_msgs;/home/handsome/ros_ws/install/rplidar_ros;/home/handsome/ros_ws/install/rp_action;/home/handsome/ros_ws/install/rp_action_msgs;/home/handsome/ros_ws/install/rosserial_xbee;/home/handsome/ros_ws/install/rosserial_windows;/home/handsome/ros_ws/install/rosserial_tivac;/home/handsome/ros_ws/install/rosserial_test;/home/handsome/ros_ws/install/rosserial_server;/home/handsome/ros_ws/install/rosserial_python;/home/handsome/ros_ws/install/rosserial_mbed;/home/handsome/ros_ws/install/rosserial_embeddedlinux;/home/handsome/ros_ws/install/rosserial_arduino;/home/handsome/ros_ws/install/rosserial_client;/home/handsome/ros_ws/install/rosserial_msgs;/home/handsome/ros_ws/install/cellctrl_qtgui_bridge;/home/handsome/ros_ws/install/car_db_manager_qtgui;/home/handsome/ros_ws/install/car_db_manager_bridge;/home/handsome/ros_ws/install/car_db_manager_action;/home/handsome/ros_ws/install/ros_utility_tools;/home/handsome/ros_ws/install/ros_package_test;/home/handsome/ros_ws/install/ros_package_manager;/home/handsome/ros_ws/install/robot_scheduling_server;/home/handsome/ros_ws/install/robot_scheduling_msgs;/home/handsome/ros_ws/install/robot_localization;/home/handsome/ros_ws/install/robot_control_msgs;/home/handsome/ros_ws/install/reset_location;/home/handsome/ros_ws/install/razor_imu_9dof;/home/handsome/ros_ws/install/pnp_rosplan;/home/handsome/ros_ws/install/actionlib_pnp_controller;/home/handsome/ros_ws/install/actionlib_modules_controller;/home/handsome/ros_ws/install/pnp_ros;/home/handsome/ros_ws/install/pnp_msgs;/home/handsome/ros_ws/install/open_auto_dock;/home/handsome/ros_ws/install/open_auto_dock_msgs;/home/handsome/ros_ws/install/omron_os32c_driver;/home/handsome/ros_ws/install/dlux_plugins;/home/handsome/ros_ws/install/dlux_global_planner;/home/handsome/ros_ws/install/nav_grid_pub_sub;/home/handsome/ros_ws/install/dwb_critics;/home/handsome/ros_ws/install/nav_grid_iterators;/home/handsome/ros_ws/install/locomove_base;/home/handsome/ros_ws/install/locomotor;/home/handsome/ros_ws/install/nav_core_adapter;/home/handsome/ros_ws/install/dwb_plugins;/home/handsome/ros_ws/install/dwb_local_planner;/home/handsome/ros_ws/install/nav_2d_utils;/home/handsome/ros_ws/install/global_planner_tests;/home/handsome/ros_ws/install/costmap_queue;/home/handsome/ros_ws/install/nav_core2;/home/handsome/ros_ws/install/nav_grid;/home/handsome/ros_ws/install/car_schedule_msgs;/home/handsome/ros_ws/install/actionlib_modules_msgs;/home/handsome/ros_ws/install/locomotor_msgs;/home/handsome/ros_ws/install/dwb_msgs;/home/handsome/ros_ws/install/nav_2d_msgs;/home/handsome/ros_ws/install/mongodb_log;/home/handsome/ros_ws/install/mongodb_store;/home/handsome/ros_ws/install/mongodb_store_msgs;/home/handsome/ros_ws/install/ca_driver;/home/handsome/ros_ws/install/i_robot_stage;/home/handsome/ros_ws/install/i_robot_navigation;/home/handsome/ros_ws/install/hyc_order_planner;/home/handsome/ros_ws/install/hyc_multi_robot_msgs;/home/handsome/ros_ws/install/fetch_open_auto_dock;/home/handsome/ros_ws/install/fetch_auto_dock_msgs;/home/handsome/ros_ws/install/change_teb2_max_vel_x_onfly;/home/handsome/ros_ws/install/cellctrl_control_msgs;/home/handsome/ros_ws/install/car_db_manager_msgs;/home/handsome/ros_ws/install/ca_msgs;/home/handsome/ros_ws/install/ca_description;/home/handsome/ros_ws/install/botcmd_msgs;/opt/ros/melodic
-- Found PythonInterp: /usr/bin/python2 (found suitable version "2.7.17", minimum required is "2") 
-- Using PYTHON_EXECUTABLE: /usr/bin/python2
-- Using Debian Python package layout
-- Using empy: /usr/bin/empy
-- Using CATKIN_ENABLE_TESTING: ON
-- Call enable_testing()
-- Using CATKIN_TEST_RESULTS_DIR: /home/handsome/ros_ws_test/build/robot_localization/test_results
-- Found gtest sources under '/usr/src/googletest': gtests will be built
-- Found gmock sources under '/usr/src/googletest': gmock will be built
-- Found PythonInterp: /usr/bin/python2 (found version "2.7.17") 
-- Looking for pthread.h
-- Looking for pthread.h - found
-- Looking for pthread_create
-- Looking for pthread_create - not found
-- Looking for pthread_create in pthreads
-- Looking for pthread_create in pthreads - not found
-- Looking for pthread_create in pthread
-- Looking for pthread_create in pthread - found
-- Found Threads: TRUE  
-- Using Python nosetests: /usr/bin/nosetests-2.7
-- catkin 0.7.28
-- BUILD_SHARED_LIBS is on
-- Using these message generators: gencpp;geneus;genlisp;gennodejs;genpy
-- Found PkgConfig: /usr/bin/pkg-config (found version "0.29.1") 
-- Checking for module 'yaml-cpp'
--   Found yaml-cpp, version 0.5.2
-- robot_localization: 0 messages, 3 services
-- Configuring done
-- Generating done
-- Build files have been written to: /home/handsome/ros_ws_test/build/robot_localization
[35m[1mScanning dependencies of target std_msgs_generate_messages_cpp[0m
[35m[1mScanning dependencies of target test_ros_robot_localization_listener_publisher[0m
[35m[1mScanning dependencies of target geometry_msgs_generate_messages_cpp[0m
[35m[1mScanning dependencies of target _robot_localization_generate_messages_check_deps_GetState[0m
[35m[1mScanning dependencies of target geographic_msgs_generate_messages_py[0m
[35m[1mScanning dependencies of target geographic_msgs_generate_messages_cpp[0m
[35m[1mScanning dependencies of target ros_filter_utilities[0m
[35m[1mScanning dependencies of target _robot_localization_generate_messages_check_deps_SetDatum[0m
[35m[1mScanning dependencies of target geometry_msgs_generate_messages_py[0m
[35m[1mScanning dependencies of target _robot_localization_generate_messages_check_deps_SetPose[0m
[35m[1mScanning dependencies of target std_msgs_generate_messages_py[0m
[35m[1mScanning dependencies of target filter_utilities[0m
[  0%] Built target geometry_msgs_generate_messages_cpp
[  0%] Built target std_msgs_generate_messages_cpp
[  0%] Built target geographic_msgs_generate_messages_cpp
[  0%] Built target geographic_msgs_generate_messages_py
[35m[1mScanning dependencies of target std_msgs_generate_messages_lisp[0m
[  0%] Built target std_msgs_generate_messages_py
[  2%] [32mBuilding CXX object CMakeFiles/test_ros_robot_localization_listener_publisher.dir/test/test_ros_robot_localization_listener_publisher.cpp.o[0m
[  2%] Built target geometry_msgs_generate_messages_py
[35m[1mScanning dependencies of target geometry_msgs_generate_messages_lisp[0m
[  2%] Built target geometry_msgs_generate_messages_lisp
[35m[1mScanning dependencies of target geographic_msgs_generate_messages_eus[0m
[35m[1mScanning dependencies of target geographic_msgs_generate_messages_lisp[0m
[  2%] Built target _robot_localization_generate_messages_check_deps_SetPose
[  2%] Built target std_msgs_generate_messages_lisp
[35m[1mScanning dependencies of target geometry_msgs_generate_messages_eus[0m
[35m[1mScanning dependencies of target std_msgs_generate_messages_eus[0m
[35m[1mScanning dependencies of target std_msgs_generate_messages_nodejs[0m
[  2%] Built target _robot_localization_generate_messages_check_deps_GetState
[  2%] Built target geographic_msgs_generate_messages_eus
[  4%] [32mBuilding CXX object CMakeFiles/filter_utilities.dir/src/filter_utilities.cpp.o[0m
[35m[1mScanning dependencies of target geographic_msgs_generate_messages_nodejs[0m
[  4%] Built target geographic_msgs_generate_messages_lisp
[35m[1mScanning dependencies of target geometry_msgs_generate_messages_nodejs[0m
[  4%] Built target _robot_localization_generate_messages_check_deps_SetDatum
[  4%] Built target std_msgs_generate_messages_eus
[  6%] [32mBuilding CXX object CMakeFiles/ros_filter_utilities.dir/src/ros_filter_utilities.cpp.o[0m
[  6%] Built target std_msgs_generate_messages_nodejs
[  6%] Built target geometry_msgs_generate_messages_eus
[  6%] Built target geometry_msgs_generate_messages_nodejs
[  6%] Built target geographic_msgs_generate_messages_nodejs
[35m[1mScanning dependencies of target robot_localization_generate_messages_eus[0m
[35m[1mScanning dependencies of target robot_localization_generate_messages_py[0m
[35m[1mScanning dependencies of target robot_localization_generate_messages_cpp[0m
[35m[1mScanning dependencies of target robot_localization_generate_messages_lisp[0m
[  8%] [34m[1mGenerating EusLisp code from robot_localization/GetState.srv[0m
[35m[1mScanning dependencies of target robot_localization_generate_messages_nodejs[0m
[ 11%] [34m[1mGenerating EusLisp code from robot_localization/SetDatum.srv[0m
[ 13%] [34m[1mGenerating EusLisp manifest code for robot_localization[0m
[ 15%] [34m[1mGenerating Python code from SRV robot_localization/SetDatum[0m
[ 20%] [34m[1mGenerating EusLisp code from robot_localization/SetPose.srv[0m
[ 20%] [34m[1mGenerating Lisp code from robot_localization/SetPose.srv[0m
[ 22%] [34m[1mGenerating Javascript code from robot_localization/SetPose.srv[0m
[ 24%] [34m[1mGenerating C++ code from robot_localization/SetPose.srv[0m
[ 26%] [34m[1mGenerating Python code from SRV robot_localization/SetPose[0m
[ 28%] [34m[1mGenerating Javascript code from robot_localization/GetState.srv[0m
[ 31%] [34m[1mGenerating Javascript code from robot_localization/SetDatum.srv[0m
[ 33%] [34m[1mGenerating Lisp code from robot_localization/SetDatum.srv[0m
[ 35%] [34m[1mGenerating Python code from SRV robot_localization/GetState[0m
[ 37%] [34m[1mGenerating Lisp code from robot_localization/GetState.srv[0m
[ 40%] [34m[1mGenerating C++ code from robot_localization/SetDatum.srv[0m
[ 42%] [34m[1mGenerating C++ code from robot_localization/GetState.srv[0m
[ 42%] Built target robot_localization_generate_messages_nodejs
[ 42%] Built target robot_localization_generate_messages_lisp
[ 44%] [34m[1mGenerating Python srv __init__.py for robot_localization[0m
[ 44%] Built target robot_localization_generate_messages_py
[ 44%] Built target robot_localization_generate_messages_cpp
[ 46%] [32m[1mLinking CXX shared library devel/lib/libfilter_utilities.so[0m
[35m[1mScanning dependencies of target robot_localization_gencpp[0m
[ 46%] Built target robot_localization_gencpp
[ 46%] Built target filter_utilities
[35m[1mScanning dependencies of target filter_base[0m
[ 48%] [32mBuilding CXX object CMakeFiles/filter_base.dir/src/filter_base.cpp.o[0m
[ 51%] [32m[1mLinking CXX executable devel/lib/robot_localization/test_ros_robot_localization_listener_publisher[0m
[ 51%] Built target robot_localization_generate_messages_eus
[35m[1mScanning dependencies of target robot_localization_generate_messages[0m
[ 51%] Built target robot_localization_generate_messages
[ 51%] Built target test_ros_robot_localization_listener_publisher
[ 53%] [32m[1mLinking CXX shared library devel/lib/libros_filter_utilities.so[0m
[ 53%] Built target ros_filter_utilities
[35m[1mScanning dependencies of target navsat_transform[0m
[ 55%] [32mBuilding CXX object CMakeFiles/navsat_transform.dir/src/navsat_transform.cpp.o[0m
[ 57%] [32m[1mLinking CXX shared library devel/lib/libfilter_base.so[0m
[ 57%] Built target filter_base
[35m[1mScanning dependencies of target ukf[0m
[35m[1mScanning dependencies of target ekf[0m
[ 60%] [32mBuilding CXX object CMakeFiles/ukf.dir/src/ukf.cpp.o[0m
[ 62%] [32mBuilding CXX object CMakeFiles/ekf.dir/src/ekf.cpp.o[0m
[ 64%] [32m[1mLinking CXX shared library devel/lib/libekf.so[0m
[ 64%] Built target ekf
[ 66%] [32m[1mLinking CXX shared library devel/lib/libukf.so[0m
[ 66%] Built target ukf
[ 68%] [32m[1mLinking CXX shared library devel/lib/libnavsat_transform.so[0m
[ 68%] Built target navsat_transform
[35m[1mScanning dependencies of target ros_filter[0m
[ 71%] [32mBuilding CXX object CMakeFiles/ros_filter.dir/src/ros_filter.cpp.o[0m
[ 73%] [32m[1mLinking CXX shared library devel/lib/libros_filter.so[0m
[ 73%] Built target ros_filter
[35m[1mScanning dependencies of target navsat_transform_node[0m
[ 75%] [32mBuilding CXX object CMakeFiles/navsat_transform_node.dir/src/navsat_transform_node.cpp.o[0m
[ 77%] [32m[1mLinking CXX executable devel/lib/robot_localization/navsat_transform_node[0m
[ 77%] Built target navsat_transform_node
[35m[1mScanning dependencies of target ekf_localization_node[0m
[ 80%] [32mBuilding CXX object CMakeFiles/ekf_localization_node.dir/src/ekf_localization_node.cpp.o[0m
[ 82%] [32m[1mLinking CXX executable devel/lib/robot_localization/ekf_localization_node[0m
[ 82%] Built target ekf_localization_node
[35m[1mScanning dependencies of target ukf_localization_node[0m
[ 84%] [32mBuilding CXX object CMakeFiles/ukf_localization_node.dir/src/ukf_localization_node.cpp.o[0m
[ 86%] [32m[1mLinking CXX executable devel/lib/robot_localization/ukf_localization_node[0m
[ 86%] Built target ukf_localization_node
[35m[1mScanning dependencies of target robot_localization_estimator[0m
[ 88%] [32mBuilding CXX object CMakeFiles/robot_localization_estimator.dir/src/robot_localization_estimator.cpp.o[0m
[ 91%] [32m[1mLinking CXX shared library devel/lib/librobot_localization_estimator.so[0m
[ 91%] Built target robot_localization_estimator
[35m[1mScanning dependencies of target ros_robot_localization_listener[0m
[ 93%] [32mBuilding CXX object CMakeFiles/ros_robot_localization_listener.dir/src/ros_robot_localization_listener.cpp.o[0m
[ 95%] [32m[1mLinking CXX shared library devel/lib/libros_robot_localization_listener.so[0m
[ 95%] Built target ros_robot_localization_listener
[35m[1mScanning dependencies of target robot_localization_listener_node[0m
[ 97%] [32mBuilding CXX object CMakeFiles/robot_localization_listener_node.dir/src/robot_localization_listener_node.cpp.o[0m
[100%] [32m[1mLinking CXX executable devel/lib/robot_localization/robot_localization_listener_node[0m
[100%] Built target robot_localization_listener_node
