[0.138s] Invoking command in '/home/handsome/ros_ws_test/build/robot_localization': /usr/bin/cmake /home/handsome/ros_ws_test/src/ros_base/robot_localization -DCATKIN_INSTALL_INTO_PREFIX_ROOT=0 -DCMAKE_INSTALL_PREFIX=/home/handsome/ros_ws_test/install/robot_localization
[0.336s] -- The C compiler identification is GNU 7.5.0
[0.494s] -- The CXX compiler identification is GNU 7.5.0
[0.510s] -- Check for working C compiler: /usr/bin/cc
[0.747s] -- Check for working C compiler: /usr/bin/cc -- works
[0.749s] -- Detecting C compiler ABI info
[0.980s] -- Detecting C compiler ABI info - done
[0.998s] -- Detecting C compile features
[1.727s] -- Detecting C compile features - done
[1.735s] -- Check for working CXX compiler: /usr/bin/c++
[1.980s] -- Check for working CXX compiler: /usr/bin/c++ -- works
[1.981s] -- Detecting CXX compiler ABI info
[2.242s] -- Detecting CXX compiler ABI info - done
[2.261s] -- Detecting CXX compile features
[3.501s] -- Detecting CXX compile features - done
[3.521s] -- Using CATKIN_DEVEL_PREFIX: /home/handsome/ros_ws_test/build/robot_localization/devel
[3.524s] -- Using CMAKE_PREFIX_PATH: /home/handsome/ros_ws/install/yocs_cmd_vel_mux;/home/handsome/ros_ws/install/urdf_tutorial;/home/handsome/ros_ws/install/tuw_waypoint_to_spline_msgs;/home/handsome/ros_ws/install/tuw_multi_robot_router;/home/handsome/ros_ws/install/tuw_voronoi_graph;/home/handsome/ros_ws/install/tuw_vehicle_msgs;/home/handsome/ros_ws/install/tuw_order_planner;/home/handsome/ros_ws/install/tuw_object_rviz;/home/handsome/ros_ws/install/tuw_object_msgs;/home/handsome/ros_ws/install/tuw_nav_rviz;/home/handsome/ros_ws/install/tuw_multi_robot_local_behavior_controller;/home/handsome/ros_ws/install/tuw_multi_robot_ctrl;/home/handsome/ros_ws/install/tuw_nav_msgs;/home/handsome/ros_ws/install/tuw_multi_robot_rviz;/home/handsome/ros_ws/install/tuw_multi_robot_goal_generator;/home/handsome/ros_ws/install/robot_scheduling_utility;/home/handsome/ros_ws/install/robot_scheduling_actions;/home/handsome/ros_ws/install/actionlib_modules_bridge;/home/handsome/ros_ws/install/tuw_multi_robot_msgs;/home/handsome/ros_ws/install/tuw_multi_robot_demo;/home/handsome/ros_ws/install/tuw_local_controller_msgs;/home/handsome/ros_ws/install/tuw_geometry_rviz;/home/handsome/ros_ws/install/tuw_geometry_msgs;/home/handsome/ros_ws/install/tuw_geometry;/home/handsome/ros_ws/install/tuw_gazebo_msgs;/home/handsome/ros_ws/install/tuw_control;/home/handsome/ros_ws/install/tuw_airskin_msgs;/home/handsome/ros_ws/install/turtlebot_teleop;/home/handsome/ros_ws/install/tug_example_pnp_server;/home/handsome/ros_ws/install/tug_example_actions;/home/handsome/ros_ws/install/tug_example_msgs;/home/handsome/ros_ws/install/timed_roslaunch;/home/handsome/ros_ws/install/teb2_local_planner;/home/handsome/ros_ws/install/stated_roslaunch;/home/handsome/ros_ws/install/spatio_temporal_voxel_layer;/home/handsome/ros_ws/install/robot_udp_bridge;/home/handsome/ros_ws/install/robot_database_bridge;/home/handsome/ros_ws/install/samsungcmd_msgs;/home/handsome/ros_ws/install/rplidar_ros;/home/handsome/ros_ws/install/rp_action;/home/handsome/ros_ws/install/rp_action_msgs;/home/handsome/ros_ws/install/rosserial_xbee;/home/handsome/ros_ws/install/rosserial_windows;/home/handsome/ros_ws/install/rosserial_tivac;/home/handsome/ros_ws/install/rosserial_test;/home/handsome/ros_ws/install/rosserial_server;/home/handsome/ros_ws/install/rosserial_python;/home/handsome/ros_ws/install/rosserial_mbed;/home/handsome/ros_ws/install/rosserial_embeddedlinux;/home/handsome/ros_ws/install/rosserial_arduino;/home/handsome/ros_ws/install/rosserial_client;/home/handsome/ros_ws/install/rosserial_msgs;/home/handsome/ros_ws/install/cellctrl_qtgui_bridge;/home/handsome/ros_ws/install/car_db_manager_qtgui;/home/handsome/ros_ws/install/car_db_manager_bridge;/home/handsome/ros_ws/install/car_db_manager_action;/home/handsome/ros_ws/install/ros_utility_tools;/home/handsome/ros_ws/install/ros_package_test;/home/handsome/ros_ws/install/ros_package_manager;/home/handsome/ros_ws/install/robot_scheduling_server;/home/handsome/ros_ws/install/robot_scheduling_msgs;/home/handsome/ros_ws/install/robot_localization;/home/handsome/ros_ws/install/robot_control_msgs;/home/handsome/ros_ws/install/reset_location;/home/handsome/ros_ws/install/razor_imu_9dof;/home/handsome/ros_ws/install/pnp_rosplan;/home/handsome/ros_ws/install/actionlib_pnp_controller;/home/handsome/ros_ws/install/actionlib_modules_controller;/home/handsome/ros_ws/install/pnp_ros;/home/handsome/ros_ws/install/pnp_msgs;/home/handsome/ros_ws/install/open_auto_dock;/home/handsome/ros_ws/install/open_auto_dock_msgs;/home/handsome/ros_ws/install/omron_os32c_driver;/home/handsome/ros_ws/install/dlux_plugins;/home/handsome/ros_ws/install/dlux_global_planner;/home/handsome/ros_ws/install/nav_grid_pub_sub;/home/handsome/ros_ws/install/dwb_critics;/home/handsome/ros_ws/install/nav_grid_iterators;/home/handsome/ros_ws/install/locomove_base;/home/handsome/ros_ws/install/locomotor;/home/handsome/ros_ws/install/nav_core_adapter;/home/handsome/ros_ws/install/dwb_plugins;/home/handsome/ros_ws/install/dwb_local_planner;/home/handsome/ros_ws/install/nav_2d_utils;/home/handsome/ros_ws/install/global_planner_tests;/home/handsome/ros_ws/install/costmap_queue;/home/handsome/ros_ws/install/nav_core2;/home/handsome/ros_ws/install/nav_grid;/home/handsome/ros_ws/install/car_schedule_msgs;/home/handsome/ros_ws/install/actionlib_modules_msgs;/home/handsome/ros_ws/install/locomotor_msgs;/home/handsome/ros_ws/install/dwb_msgs;/home/handsome/ros_ws/install/nav_2d_msgs;/home/handsome/ros_ws/install/mongodb_log;/home/handsome/ros_ws/install/mongodb_store;/home/handsome/ros_ws/install/mongodb_store_msgs;/home/handsome/ros_ws/install/ca_driver;/home/handsome/ros_ws/install/libcreate;/home/handsome/ros_ws/install/i_robot_stage;/home/handsome/ros_ws/install/i_robot_navigation;/home/handsome/ros_ws/install/hyc_order_planner;/home/handsome/ros_ws/install/hyc_multi_robot_msgs;/home/handsome/ros_ws/install/fetch_open_auto_dock;/home/handsome/ros_ws/install/fetch_auto_dock_msgs;/home/handsome/ros_ws/install/change_teb2_max_vel_x_onfly;/home/handsome/ros_ws/install/cellctrl_control_msgs;/home/handsome/ros_ws/install/car_db_manager_msgs;/home/handsome/ros_ws/install/ca_msgs;/home/handsome/ros_ws/install/ca_description;/home/handsome/ros_ws/install/botcmd_msgs;/opt/ros/melodic
[3.534s] -- This workspace overlays: /home/handsome/ros_ws/install/yocs_cmd_vel_mux;/home/handsome/ros_ws/install/urdf_tutorial;/home/handsome/ros_ws/install/tuw_waypoint_to_spline_msgs;/home/handsome/ros_ws/install/tuw_multi_robot_router;/home/handsome/ros_ws/install/tuw_voronoi_graph;/home/handsome/ros_ws/install/tuw_vehicle_msgs;/home/handsome/ros_ws/install/tuw_order_planner;/home/handsome/ros_ws/install/tuw_object_rviz;/home/handsome/ros_ws/install/tuw_object_msgs;/home/handsome/ros_ws/install/tuw_nav_rviz;/home/handsome/ros_ws/install/tuw_multi_robot_local_behavior_controller;/home/handsome/ros_ws/install/tuw_multi_robot_ctrl;/home/handsome/ros_ws/install/tuw_nav_msgs;/home/handsome/ros_ws/install/tuw_multi_robot_rviz;/home/handsome/ros_ws/install/tuw_multi_robot_goal_generator;/home/handsome/ros_ws/install/robot_scheduling_utility;/home/handsome/ros_ws/install/robot_scheduling_actions;/home/handsome/ros_ws/install/actionlib_modules_bridge;/home/handsome/ros_ws/install/tuw_multi_robot_msgs;/home/handsome/ros_ws/install/tuw_multi_robot_demo;/home/handsome/ros_ws/install/tuw_local_controller_msgs;/home/handsome/ros_ws/install/tuw_geometry_rviz;/home/handsome/ros_ws/install/tuw_geometry_msgs;/home/handsome/ros_ws/install/tuw_geometry;/home/handsome/ros_ws/install/tuw_gazebo_msgs;/home/handsome/ros_ws/install/tuw_control;/home/handsome/ros_ws/install/tuw_airskin_msgs;/home/handsome/ros_ws/install/turtlebot_teleop;/home/handsome/ros_ws/install/tug_example_pnp_server;/home/handsome/ros_ws/install/tug_example_actions;/home/handsome/ros_ws/install/tug_example_msgs;/home/handsome/ros_ws/install/timed_roslaunch;/home/handsome/ros_ws/install/teb2_local_planner;/home/handsome/ros_ws/install/stated_roslaunch;/home/handsome/ros_ws/install/spatio_temporal_voxel_layer;/home/handsome/ros_ws/install/robot_udp_bridge;/home/handsome/ros_ws/install/robot_database_bridge;/home/handsome/ros_ws/install/samsungcmd_msgs;/home/handsome/ros_ws/install/rplidar_ros;/home/handsome/ros_ws/install/rp_action;/home/handsome/ros_ws/install/rp_action_msgs;/home/handsome/ros_ws/install/rosserial_xbee;/home/handsome/ros_ws/install/rosserial_windows;/home/handsome/ros_ws/install/rosserial_tivac;/home/handsome/ros_ws/install/rosserial_test;/home/handsome/ros_ws/install/rosserial_server;/home/handsome/ros_ws/install/rosserial_python;/home/handsome/ros_ws/install/rosserial_mbed;/home/handsome/ros_ws/install/rosserial_embeddedlinux;/home/handsome/ros_ws/install/rosserial_arduino;/home/handsome/ros_ws/install/rosserial_client;/home/handsome/ros_ws/install/rosserial_msgs;/home/handsome/ros_ws/install/cellctrl_qtgui_bridge;/home/handsome/ros_ws/install/car_db_manager_qtgui;/home/handsome/ros_ws/install/car_db_manager_bridge;/home/handsome/ros_ws/install/car_db_manager_action;/home/handsome/ros_ws/install/ros_utility_tools;/home/handsome/ros_ws/install/ros_package_test;/home/handsome/ros_ws/install/ros_package_manager;/home/handsome/ros_ws/install/robot_scheduling_server;/home/handsome/ros_ws/install/robot_scheduling_msgs;/home/handsome/ros_ws/install/robot_localization;/home/handsome/ros_ws/install/robot_control_msgs;/home/handsome/ros_ws/install/reset_location;/home/handsome/ros_ws/install/razor_imu_9dof;/home/handsome/ros_ws/install/pnp_rosplan;/home/handsome/ros_ws/install/actionlib_pnp_controller;/home/handsome/ros_ws/install/actionlib_modules_controller;/home/handsome/ros_ws/install/pnp_ros;/home/handsome/ros_ws/install/pnp_msgs;/home/handsome/ros_ws/install/open_auto_dock;/home/handsome/ros_ws/install/open_auto_dock_msgs;/home/handsome/ros_ws/install/omron_os32c_driver;/home/handsome/ros_ws/install/dlux_plugins;/home/handsome/ros_ws/install/dlux_global_planner;/home/handsome/ros_ws/install/nav_grid_pub_sub;/home/handsome/ros_ws/install/dwb_critics;/home/handsome/ros_ws/install/nav_grid_iterators;/home/handsome/ros_ws/install/locomove_base;/home/handsome/ros_ws/install/locomotor;/home/handsome/ros_ws/install/nav_core_adapter;/home/handsome/ros_ws/install/dwb_plugins;/home/handsome/ros_ws/install/dwb_local_planner;/home/handsome/ros_ws/install/nav_2d_utils;/home/handsome/ros_ws/install/global_planner_tests;/home/handsome/ros_ws/install/costmap_queue;/home/handsome/ros_ws/install/nav_core2;/home/handsome/ros_ws/install/nav_grid;/home/handsome/ros_ws/install/car_schedule_msgs;/home/handsome/ros_ws/install/actionlib_modules_msgs;/home/handsome/ros_ws/install/locomotor_msgs;/home/handsome/ros_ws/install/dwb_msgs;/home/handsome/ros_ws/install/nav_2d_msgs;/home/handsome/ros_ws/install/mongodb_log;/home/handsome/ros_ws/install/mongodb_store;/home/handsome/ros_ws/install/mongodb_store_msgs;/home/handsome/ros_ws/install/ca_driver;/home/handsome/ros_ws/install/i_robot_stage;/home/handsome/ros_ws/install/i_robot_navigation;/home/handsome/ros_ws/install/hyc_order_planner;/home/handsome/ros_ws/install/hyc_multi_robot_msgs;/home/handsome/ros_ws/install/fetch_open_auto_dock;/home/handsome/ros_ws/install/fetch_auto_dock_msgs;/home/handsome/ros_ws/install/change_teb2_max_vel_x_onfly;/home/handsome/ros_ws/install/cellctrl_control_msgs;/home/handsome/ros_ws/install/car_db_manager_msgs;/home/handsome/ros_ws/install/ca_msgs;/home/handsome/ros_ws/install/ca_description;/home/handsome/ros_ws/install/botcmd_msgs;/opt/ros/melodic
[3.593s] -- Found PythonInterp: /usr/bin/python2 (found suitable version "2.7.17", minimum required is "2") 
[3.594s] -- Using PYTHON_EXECUTABLE: /usr/bin/python2
[3.595s] -- Using Debian Python package layout
[3.598s] -- Using empy: /usr/bin/empy
[4.075s] -- Using CATKIN_ENABLE_TESTING: ON
[4.075s] -- Call enable_testing()
[4.101s] -- Using CATKIN_TEST_RESULTS_DIR: /home/handsome/ros_ws_test/build/robot_localization/test_results
[4.186s] -- Found gtest sources under '/usr/src/googletest': gtests will be built
[4.186s] -- Found gmock sources under '/usr/src/googletest': gmock will be built
[4.256s] -- Found PythonInterp: /usr/bin/python2 (found version "2.7.17") 
[4.259s] -- Looking for pthread.h
[4.875s] -- Looking for pthread.h - found
[4.876s] -- Looking for pthread_create
[5.473s] -- Looking for pthread_create - not found
[5.473s] -- Looking for pthread_create in pthreads
[6.100s] -- Looking for pthread_create in pthreads - not found
[6.100s] -- Looking for pthread_create in pthread
[6.518s] -- Looking for pthread_create in pthread - found
[6.520s] -- Found Threads: TRUE  
[6.538s] -- Using Python nosetests: /usr/bin/nosetests-2.7
[6.758s] -- catkin 0.7.28
[6.758s] -- BUILD_SHARED_LIBS is on
[8.401s] -- Using these message generators: gencpp;geneus;genlisp;gennodejs;genpy
[8.945s] -- Found PkgConfig: /usr/bin/pkg-config (found version "0.29.1") 
[8.947s] -- Checking for module 'yaml-cpp'
[9.004s] --   Found yaml-cpp, version 0.5.2
[9.545s] -- robot_localization: 0 messages, 3 services
[10.505s] -- Configuring done
[10.933s] -- Generating done
[10.966s] -- Build files have been written to: /home/handsome/ros_ws_test/build/robot_localization
[10.982s] Invoked command in '/home/handsome/ros_ws_test/build/robot_localization' returned '0': /usr/bin/cmake /home/handsome/ros_ws_test/src/ros_base/robot_localization -DCATKIN_INSTALL_INTO_PREFIX_ROOT=0 -DCMAKE_INSTALL_PREFIX=/home/handsome/ros_ws_test/install/robot_localization
[10.989s] Invoking command in '/home/handsome/ros_ws_test/build/robot_localization': /usr/bin/cmake --build /home/handsome/ros_ws_test/build/robot_localization -- -j12 -l12
[11.164s] [35m[1mScanning dependencies of target std_msgs_generate_messages_cpp[0m
[11.178s] [35m[1mScanning dependencies of target test_ros_robot_localization_listener_publisher[0m
[11.184s] [35m[1mScanning dependencies of target geometry_msgs_generate_messages_cpp[0m
[11.198s] [35m[1mScanning dependencies of target _robot_localization_generate_messages_check_deps_GetState[0m
[11.231s] [35m[1mScanning dependencies of target geographic_msgs_generate_messages_py[0m
[11.231s] [35m[1mScanning dependencies of target geographic_msgs_generate_messages_cpp[0m
[11.232s] [35m[1mScanning dependencies of target ros_filter_utilities[0m
[11.232s] [35m[1mScanning dependencies of target _robot_localization_generate_messages_check_deps_SetDatum[0m
[11.237s] [35m[1mScanning dependencies of target geometry_msgs_generate_messages_py[0m
[11.237s] [35m[1mScanning dependencies of target _robot_localization_generate_messages_check_deps_SetPose[0m
[11.238s] [35m[1mScanning dependencies of target std_msgs_generate_messages_py[0m
[11.249s] [35m[1mScanning dependencies of target filter_utilities[0m
[11.268s] [  0%] Built target geometry_msgs_generate_messages_cpp
[11.269s] [  0%] Built target std_msgs_generate_messages_cpp
[11.306s] [  0%] Built target geographic_msgs_generate_messages_cpp
[11.309s] [  0%] Built target geographic_msgs_generate_messages_py
[11.336s] [35m[1mScanning dependencies of target std_msgs_generate_messages_lisp[0m
[11.340s] [  0%] Built target std_msgs_generate_messages_py
[11.348s] [  2%] [32mBuilding CXX object CMakeFiles/test_ros_robot_localization_listener_publisher.dir/test/test_ros_robot_localization_listener_publisher.cpp.o[0m
[11.370s] [  2%] Built target geometry_msgs_generate_messages_py
[11.374s] [35m[1mScanning dependencies of target geometry_msgs_generate_messages_lisp[0m
[11.403s] [  2%] Built target geometry_msgs_generate_messages_lisp
[11.410s] [35m[1mScanning dependencies of target geographic_msgs_generate_messages_eus[0m
[11.419s] [35m[1mScanning dependencies of target geographic_msgs_generate_messages_lisp[0m
[11.435s] [  2%] Built target _robot_localization_generate_messages_check_deps_SetPose
[11.437s] [  2%] Built target std_msgs_generate_messages_lisp
[11.437s] [35m[1mScanning dependencies of target geometry_msgs_generate_messages_eus[0m
[11.440s] [35m[1mScanning dependencies of target std_msgs_generate_messages_eus[0m
[11.446s] [35m[1mScanning dependencies of target std_msgs_generate_messages_nodejs[0m
[11.458s] [  2%] Built target _robot_localization_generate_messages_check_deps_GetState
[11.490s] [  2%] Built target geographic_msgs_generate_messages_eus
[11.490s] [  4%] [32mBuilding CXX object CMakeFiles/filter_utilities.dir/src/filter_utilities.cpp.o[0m
[11.510s] [35m[1mScanning dependencies of target geographic_msgs_generate_messages_nodejs[0m
[11.514s] [  4%] Built target geographic_msgs_generate_messages_lisp
[11.518s] [35m[1mScanning dependencies of target geometry_msgs_generate_messages_nodejs[0m
[11.551s] [  4%] Built target _robot_localization_generate_messages_check_deps_SetDatum
[11.553s] [  4%] Built target std_msgs_generate_messages_eus
[11.568s] [  6%] [32mBuilding CXX object CMakeFiles/ros_filter_utilities.dir/src/ros_filter_utilities.cpp.o[0m
[11.575s] [  6%] Built target std_msgs_generate_messages_nodejs
[11.577s] [  6%] Built target geometry_msgs_generate_messages_eus
[11.596s] [  6%] Built target geometry_msgs_generate_messages_nodejs
[11.610s] [  6%] Built target geographic_msgs_generate_messages_nodejs
[11.619s] [35m[1mScanning dependencies of target robot_localization_generate_messages_eus[0m
[11.649s] [35m[1mScanning dependencies of target robot_localization_generate_messages_py[0m
[11.650s] [35m[1mScanning dependencies of target robot_localization_generate_messages_cpp[0m
[11.657s] [35m[1mScanning dependencies of target robot_localization_generate_messages_lisp[0m
[11.691s] [  8%] [34m[1mGenerating EusLisp code from robot_localization/GetState.srv[0m
[11.745s] [35m[1mScanning dependencies of target robot_localization_generate_messages_nodejs[0m
[11.745s] [ 11%] [34m[1mGenerating EusLisp code from robot_localization/SetDatum.srv[0m
[11.751s] [ 13%] [34m[1mGenerating EusLisp manifest code for robot_localization[0m
[11.794s] [ 15%] [34m[1mGenerating Python code from SRV robot_localization/SetDatum[0m
[11.794s] [ 20%] [34m[1mGenerating EusLisp code from robot_localization/SetPose.srv[0m
[11.797s] [ 20%] [34m[1mGenerating Lisp code from robot_localization/SetPose.srv[0m
[11.824s] [ 22%] [34m[1mGenerating Javascript code from robot_localization/SetPose.srv[0m
[11.829s] [ 24%] [34m[1mGenerating C++ code from robot_localization/SetPose.srv[0m
[11.845s] [ 26%] [34m[1mGenerating Python code from SRV robot_localization/SetPose[0m
[12.018s] [ 28%] [34m[1mGenerating Javascript code from robot_localization/GetState.srv[0m
[12.026s] [ 31%] [34m[1mGenerating Javascript code from robot_localization/SetDatum.srv[0m
[12.166s] [ 33%] [34m[1mGenerating Lisp code from robot_localization/SetDatum.srv[0m
[12.172s] [ 35%] [34m[1mGenerating Python code from SRV robot_localization/GetState[0m
[12.187s] [ 37%] [34m[1mGenerating Lisp code from robot_localization/GetState.srv[0m
[12.246s] [ 40%] [34m[1mGenerating C++ code from robot_localization/SetDatum.srv[0m
[12.389s] [ 42%] [34m[1mGenerating C++ code from robot_localization/GetState.srv[0m
[12.396s] [ 42%] Built target robot_localization_generate_messages_nodejs
[12.553s] [ 42%] Built target robot_localization_generate_messages_lisp
[12.607s] [ 44%] [34m[1mGenerating Python srv __init__.py for robot_localization[0m
[13.025s] [ 44%] Built target robot_localization_generate_messages_py
[13.464s] [ 44%] Built target robot_localization_generate_messages_cpp
[13.524s] [ 46%] [32m[1mLinking CXX shared library devel/lib/libfilter_utilities.so[0m
[13.566s] [35m[1mScanning dependencies of target robot_localization_gencpp[0m
[13.645s] [ 46%] Built target robot_localization_gencpp
[13.834s] [ 46%] Built target filter_utilities
[13.978s] [35m[1mScanning dependencies of target filter_base[0m
[14.288s] [ 48%] [32mBuilding CXX object CMakeFiles/filter_base.dir/src/filter_base.cpp.o[0m
[14.835s] [ 51%] [32m[1mLinking CXX executable devel/lib/robot_localization/test_ros_robot_localization_listener_publisher[0m
[14.848s] [ 51%] Built target robot_localization_generate_messages_eus
[15.028s] [35m[1mScanning dependencies of target robot_localization_generate_messages[0m
[15.175s] [ 51%] Built target robot_localization_generate_messages
[15.436s] [ 51%] Built target test_ros_robot_localization_listener_publisher
[17.264s] [ 53%] [32m[1mLinking CXX shared library devel/lib/libros_filter_utilities.so[0m
[17.736s] [ 53%] Built target ros_filter_utilities
[17.845s] [35m[1mScanning dependencies of target navsat_transform[0m
[18.066s] [ 55%] [32mBuilding CXX object CMakeFiles/navsat_transform.dir/src/navsat_transform.cpp.o[0m
[18.642s] [ 57%] [32m[1mLinking CXX shared library devel/lib/libfilter_base.so[0m
[19.502s] [ 57%] Built target filter_base
[19.545s] [35m[1mScanning dependencies of target ukf[0m
[19.595s] [35m[1mScanning dependencies of target ekf[0m
[19.673s] [ 60%] [32mBuilding CXX object CMakeFiles/ukf.dir/src/ukf.cpp.o[0m
[19.811s] [ 62%] [32mBuilding CXX object CMakeFiles/ekf.dir/src/ekf.cpp.o[0m
[26.043s] [ 64%] [32m[1mLinking CXX shared library devel/lib/libekf.so[0m
[26.677s] [ 64%] Built target ekf
[27.800s] [ 66%] [32m[1mLinking CXX shared library devel/lib/libukf.so[0m
[28.576s] [ 66%] Built target ukf
[29.088s] [ 68%] [32m[1mLinking CXX shared library devel/lib/libnavsat_transform.so[0m
[29.569s] [ 68%] Built target navsat_transform
[29.615s] [35m[1mScanning dependencies of target ros_filter[0m
[29.768s] [ 71%] [32mBuilding CXX object CMakeFiles/ros_filter.dir/src/ros_filter.cpp.o[0m
[47.307s] [ 73%] [32m[1mLinking CXX shared library devel/lib/libros_filter.so[0m
[48.330s] [ 73%] Built target ros_filter
[48.374s] [35m[1mScanning dependencies of target navsat_transform_node[0m
[48.478s] [ 75%] [32mBuilding CXX object CMakeFiles/navsat_transform_node.dir/src/navsat_transform_node.cpp.o[0m
[54.684s] [ 77%] [32m[1mLinking CXX executable devel/lib/robot_localization/navsat_transform_node[0m
[55.152s] [ 77%] Built target navsat_transform_node
[55.194s] [35m[1mScanning dependencies of target ekf_localization_node[0m
[55.320s] [ 80%] [32mBuilding CXX object CMakeFiles/ekf_localization_node.dir/src/ekf_localization_node.cpp.o[0m
[62.738s] [ 82%] [32m[1mLinking CXX executable devel/lib/robot_localization/ekf_localization_node[0m
[63.358s] [ 82%] Built target ekf_localization_node
[63.387s] [35m[1mScanning dependencies of target ukf_localization_node[0m
[63.504s] [ 84%] [32mBuilding CXX object CMakeFiles/ukf_localization_node.dir/src/ukf_localization_node.cpp.o[0m
[70.886s] [ 86%] [32m[1mLinking CXX executable devel/lib/robot_localization/ukf_localization_node[0m
[71.432s] [ 86%] Built target ukf_localization_node
[71.463s] [35m[1mScanning dependencies of target robot_localization_estimator[0m
[71.555s] [ 88%] [32mBuilding CXX object CMakeFiles/robot_localization_estimator.dir/src/robot_localization_estimator.cpp.o[0m
[74.266s] [ 91%] [32m[1mLinking CXX shared library devel/lib/librobot_localization_estimator.so[0m
[74.580s] [ 91%] Built target robot_localization_estimator
[74.613s] [35m[1mScanning dependencies of target ros_robot_localization_listener[0m
[74.737s] [ 93%] [32mBuilding CXX object CMakeFiles/ros_robot_localization_listener.dir/src/ros_robot_localization_listener.cpp.o[0m
[87.953s] [ 95%] [32m[1mLinking CXX shared library devel/lib/libros_robot_localization_listener.so[0m
[88.585s] [ 95%] Built target ros_robot_localization_listener
[88.613s] [35m[1mScanning dependencies of target robot_localization_listener_node[0m
[88.713s] [ 97%] [32mBuilding CXX object CMakeFiles/robot_localization_listener_node.dir/src/robot_localization_listener_node.cpp.o[0m
[94.131s] [100%] [32m[1mLinking CXX executable devel/lib/robot_localization/robot_localization_listener_node[0m
[94.468s] [100%] Built target robot_localization_listener_node
