[35m[1mScanning dependencies of target car_db_manager_action_node[0m
[ 50%] [32mBuilding CXX object CMakeFiles/car_db_manager_action_node.dir/src/car_db_manager_action.cpp.o[0m
[ 50%] [32mBuilding CXX object CMakeFiles/car_db_manager_action_node.dir/src/car_db_control_module.cpp.o[0m
[ 75%] [32mBuilding CXX object CMakeFiles/car_db_manager_action_node.dir/src/car_db_manager_action_if.cpp.o[0m
[100%] [32m[1mLinking CXX executable devel/lib/car_db_manager_action/car_db_manager_action_node[0m
[100%] Built target car_db_manager_action_node
Built target tests
[100%] Built target car_db_manager_action_node
[36mInstall the project...[0m
-- Install configuration: ""
-- Installing: /home/handsome/ros_ws_test/install/car_db_manager_action/lib/pkgconfig/car_db_manager_action.pc
-- Installing: /home/handsome/ros_ws_test/install/car_db_manager_action/share/car_db_manager_action/cmake/car_db_manager_actionConfig.cmake
-- Up-to-date: /home/handsome/ros_ws_test/install/car_db_manager_action/share/car_db_manager_action/cmake/car_db_manager_actionConfig-version.cmake
-- Up-to-date: /home/handsome/ros_ws_test/install/car_db_manager_action/share/car_db_manager_action/package.xml
-- Installing: /home/handsome/ros_ws_test/install/car_db_manager_action/lib/car_db_manager_action/car_db_manager_action_node
-- Set runtime path of "/home/handsome/ros_ws_test/install/car_db_manager_action/lib/car_db_manager_action/car_db_manager_action_node" to ""
-- Up-to-date: /home/handsome/ros_ws_test/install/car_db_manager_action/share/car_db_manager_action/launch
-- Up-to-date: /home/handsome/ros_ws_test/install/car_db_manager_action/share/car_db_manager_action/launch/car_db_manager_action.launch
-- Up-to-date: /home/handsome/ros_ws_test/install/car_db_manager_action/share/car_db_manager_action/config
-- Up-to-date: /home/handsome/ros_ws_test/install/car_db_manager_action/share/car_db_manager_action/config/robot_control_manage_params.yaml
-- Up-to-date: /home/handsome/ros_ws_test/install/car_db_manager_action/include/car_db_manager_action
-- Up-to-date: /home/handsome/ros_ws_test/install/car_db_manager_action/include/car_db_manager_action/car_db_control_module.h
-- Up-to-date: /home/handsome/ros_ws_test/install/car_db_manager_action/include/car_db_manager_action/car_db_manager_action.h
-- Up-to-date: /home/handsome/ros_ws_test/install/car_db_manager_action/include/car_db_manager_action/car_db_manager_action_if.h
