[  0%] Built target _robot_scheduling_msgs_generate_messages_check_deps_interrupt_infoAction
[  0%] Built target _robot_scheduling_msgs_generate_messages_check_deps_interrupt_infoFeedback
[  0%] Built target _robot_scheduling_msgs_generate_messages_check_deps_pose_move_to_recoveryResult
[  0%] Built target _robot_scheduling_msgs_generate_messages_check_deps_power_charge_recoveryActionFeedback
[  0%] Built target _robot_scheduling_msgs_generate_messages_check_deps_db_process_recoveryActionGoal
[  0%] Built target _robot_scheduling_msgs_generate_messages_check_deps_robot_interface_proc_lowerResult
[  0%] Built target _robot_scheduling_msgs_generate_messages_check_deps_lower_if_command
[  0%] Built target _robot_scheduling_msgs_generate_messages_check_deps_db_process_recoveryAction
[  0%] Built target _robot_scheduling_msgs_generate_messages_check_deps_robot_interface_processGoal
[  0%] Built target _robot_scheduling_msgs_generate_messages_check_deps_pose_move_to_recoveryFeedback
[  0%] Built target _robot_scheduling_msgs_generate_messages_check_deps_robot_interface_proc_lowerGoal
[  0%] Built target _robot_scheduling_msgs_generate_messages_check_deps_robot_interface_proc_upperActionGoal
[  0%] Built target _robot_scheduling_msgs_generate_messages_check_deps_pose_move_to_recoveryGoal
[  0%] Built target _robot_scheduling_msgs_generate_messages_check_deps_self_turn_toActionFeedback
[  0%] Built target _robot_scheduling_msgs_generate_messages_check_deps_pose_recognize_recoveryActionResult
[  0%] Built target _robot_scheduling_msgs_generate_messages_check_deps_self_turn_toActionResult
[  0%] Built target _robot_scheduling_msgs_generate_messages_check_deps_robot_commandActionResult
[  0%] Built target _robot_scheduling_msgs_generate_messages_check_deps_robot_interface_proc_upperAction
[  0%] Built target _robot_scheduling_msgs_generate_messages_check_deps_controller_state_recoveryGoal
[  0%] Built target _robot_scheduling_msgs_generate_messages_check_deps_robot_interface_paramsActionFeedback
[  0%] Built target _robot_scheduling_msgs_generate_messages_check_deps_robot_interface_processAction
[  0%] Built target _robot_scheduling_msgs_generate_messages_check_deps_controller_state_recoveryActionFeedback
[  0%] Built target _robot_scheduling_msgs_generate_messages_check_deps_interrupt_infoResult
[  0%] Built target _robot_scheduling_msgs_generate_messages_check_deps_pose_recognize_recoveryActionGoal
[  0%] Built target _robot_scheduling_msgs_generate_messages_check_deps_self_turn_toActionGoal
[  0%] Built target _robot_scheduling_msgs_generate_messages_check_deps_interrupt_infoGoal
[  0%] Built target _robot_scheduling_msgs_generate_messages_check_deps_function_run_recoveryResult
CMakeFiles/_robot_scheduling_msgs_generate_messages_check_deps_upper_if_command.dir/build.make:57: recipe for target 'CMakeFiles/_robot_scheduling_msgs_generate_messages_check_deps_upper_if_command' failed
CMakeFiles/Makefile2:2019: recipe for target 'CMakeFiles/_robot_scheduling_msgs_generate_messages_check_deps_upper_if_command.dir/all' failed
[  0%] Built target _robot_scheduling_msgs_generate_messages_check_deps_db_process_recoveryGoal
[  0%] Built target _robot_scheduling_msgs_generate_messages_check_deps_robot_interface_paramsActionGoal
[  0%] Built target _robot_scheduling_msgs_generate_messages_check_deps_self_turn_to_recoveryActionResult
[  0%] Built target _robot_scheduling_msgs_generate_messages_check_deps_power_charge_recoveryResult
[  0%] Built target _robot_scheduling_msgs_generate_messages_check_deps_db_processActionFeedback
[  0%] Built target _robot_scheduling_msgs_generate_messages_check_deps_robot_commandActionGoal
[  0%] Built target _robot_scheduling_msgs_generate_messages_check_deps_dock_to_recoveryActionGoal
[  0%] Built target _robot_scheduling_msgs_generate_messages_check_deps_robot_interface_processFeedback
[  0%] Built target _robot_scheduling_msgs_generate_messages_check_deps_db_process_recoveryResult
[  0%] Built target _robot_scheduling_msgs_generate_messages_check_deps_dock_toFeedback
[  0%] Built target _robot_scheduling_msgs_generate_messages_check_deps_function_runAction
Makefile:140: recipe for target 'all' failed
