[35m[1mScanning dependencies of target robot_scheduling_actions_node[0m
[  8%] [32mBuilding CXX object CMakeFiles/robot_scheduling_actions_node.dir/src/robot_scheduling_actions.cpp.o[0m
[ 16%] [32mBuilding CXX object CMakeFiles/robot_scheduling_actions_node.dir/src/public_actions/pose_move_to_action.cpp.o[0m
[01m[K/home/handsome/ros_ws_test/src/ros_base/robot_scheduling/robot_scheduling_actions/src/public_actions/pose_move_to_action.cpp:[m[K In member function ‘[01m[Kvoid pose_move_to_action::move_to_CB(const pose_move_toGoalConstPtr&)[m[K’:
[01m[K/home/handsome/ros_ws_test/src/ros_base/robot_scheduling/robot_scheduling_actions/src/public_actions/pose_move_to_action.cpp:46:29:[m[K [01;31m[Kerror: [m[Kcannot convert ‘[01m[Kconst _command_type {aka const std::__cxx11::basic_string<char>}[m[K’ to ‘[01m[Kint[m[K’ in initialization
         int command = goal->[01;31m[Kcommand[m[K ;
                             [01;31m[K^~~~~~~[m[K
In file included from [01m[K/opt/ros/melodic/include/ros/ros.h:40:0[m[K,
                 from [01m[K/home/handsome/ros_ws_test/src/ros_base/robot_scheduling/robot_scheduling_actions/include/public_actions/pose_move_to_action.h:4[m[K,
                 from [01m[K/home/handsome/ros_ws_test/src/ros_base/robot_scheduling/robot_scheduling_actions/src/public_actions/pose_move_to_action.cpp:1[m[K:
[01m[K/opt/ros/melodic/include/ros/console.h:348:176:[m[K [01;35m[Kwarning: [m[Kformat not a string literal and no format arguments [[01;35m[K-Wformat-security[m[K]
     ::ros::console::print(filter, __rosconsole_define_location__loc.logger_, __rosconsole_define_location__loc.level_, __FILE__, __LINE__, __ROSCONSOLE_FUNCTION__, __VA_ARGS__[01;35m[K)[m[K
                                                                                                                                                                                [01;35m[K^[m[K
[01m[K/opt/ros/melodic/include/ros/console.h:351:5:[m[K [01;36m[Knote: [m[Kin expansion of macro ‘[01m[KROSCONSOLE_PRINT_AT_LOCATION_WITH_FILTER[m[K’
     [01;36m[KROSCONSOLE_PRINT_AT_LOCATION_WITH_FILTER[m[K(NULL, __VA_ARGS__)
     [01;36m[K^~~~~~~~~~~~~~~~~~~~~~~~~~~~~~~~~~~~~~~~[m[K
[01m[K/opt/ros/melodic/include/ros/console.h:387:7:[m[K [01;36m[Knote: [m[Kin expansion of macro ‘[01m[KROSCONSOLE_PRINT_AT_LOCATION[m[K’
       [01;36m[KROSCONSOLE_PRINT_AT_LOCATION[m[K(__VA_ARGS__); \
       [01;36m[K^~~~~~~~~~~~~~~~~~~~~~~~~~~~[m[K
[01m[K/opt/ros/melodic/include/ros/console.h:572:35:[m[K [01;36m[Knote: [m[Kin expansion of macro ‘[01m[KROS_LOG_COND[m[K’
 #define ROS_LOG(level, name, ...) [01;36m[KROS_LOG_COND[m[K(true, level, name, __VA_ARGS__)
                                   [01;36m[K^~~~~~~~~~~~[m[K
[01m[K/opt/ros/melodic/include/rosconsole/macros_generated.h:110:23:[m[K [01;36m[Knote: [m[Kin expansion of macro ‘[01m[KROS_LOG[m[K’
 #define ROS_INFO(...) [01;36m[KROS_LOG[m[K(::ros::console::levels::Info, ROSCONSOLE_DEFAULT_NAME, __VA_ARGS__)
                       [01;36m[K^~~~~~~[m[K
[01m[K/home/handsome/ros_ws_test/src/ros_base/robot_scheduling/robot_scheduling_actions/src/public_actions/pose_move_to_action.cpp:56:9:[m[K [01;36m[Knote: [m[Kin expansion of macro ‘[01m[KROS_INFO[m[K’
         [01;36m[KR[m[KOS_INFO(pose_id.c_str());
         [01;36m[K^[m[K
[01m[K/home/handsome/ros_ws_test/src/ros_base/robot_scheduling/robot_scheduling_actions/src/public_actions/pose_move_to_action.cpp:113:125:[m[K [01;31m[Kerror: [m[Kno matching function for call to ‘[01m[Kpose_move_to_action::move_to_ac_handler(const _move_ac_name_type&, std::shared_ptr<locomotor_msgs::NavigateToPoseGoal_<std::allocator<void> > >&, const _command_type&)[m[K’
                 actionlib::SimpleClientGoalState result_ac = move_to_ac_handler(goal->move_ac_name,goal_ac_ptr,goal->command[01;31m[K)[m[K;
                                                                                                                             [01;31m[K^[m[K
In file included from [01m[K/home/handsome/ros_ws_test/src/ros_base/robot_scheduling/robot_scheduling_actions/src/public_actions/pose_move_to_action.cpp:1:0[m[K:
[01m[K/home/handsome/ros_ws_test/src/ros_base/robot_scheduling/robot_scheduling_actions/include/public_actions/pose_move_to_action.h:45:42:[m[K [01;36m[Knote: [m[Kcandidate: actionlib::SimpleClientGoalState pose_move_to_action::move_to_ac_handler(std::__cxx11::string, std::shared_ptr<locomotor_msgs::NavigateToPoseGoal_<std::allocator<void> > >, int)
         actionlib::SimpleClientGoalState [01;36m[Kmove_to_ac_handler[m[K(std::string move_to_ac_name,std::shared_ptr<locomotor_msgs::NavigateToPoseGoal> goal,int cmd_id=1);
                                          [01;36m[K^~~~~~~~~~~~~~~~~~[m[K
[01m[K/home/handsome/ros_ws_test/src/ros_base/robot_scheduling/robot_scheduling_actions/include/public_actions/pose_move_to_action.h:45:42:[m[K [01;36m[Knote: [m[K  no known conversion for argument 3 from ‘[01m[Kconst _command_type {aka const std::__cxx11::basic_string<char>}[m[K’ to ‘[01m[Kint[m[K’
CMakeFiles/robot_scheduling_actions_node.dir/build.make:278: recipe for target 'CMakeFiles/robot_scheduling_actions_node.dir/src/public_actions/pose_move_to_action.cpp.o' failed
make[2]: *** [CMakeFiles/robot_scheduling_actions_node.dir/src/public_actions/pose_move_to_action.cpp.o] Error 1
make[1]: *** [CMakeFiles/robot_scheduling_actions_node.dir/all] Error 2
CMakeFiles/Makefile2:227: recipe for target 'CMakeFiles/robot_scheduling_actions_node.dir/all' failed
make: *** [all] Error 2
Makefile:140: recipe for target 'all' failed
