[0.086s] Invoking command in '/home/handsome/ros_ws_test/build/tug_example_msgs': /usr/bin/cmake --build /home/handsome/ros_ws_test/build/tug_example_msgs -- -j12 -l12
[0.534s] [  0%] Built target _tug_example_msgs_generate_messages_check_deps_PutBoxFeedback
[0.640s] [  0%] Built target _tug_example_msgs_generate_messages_check_deps_TransportBoxActionGoal
[0.673s] [  0%] Built target _tug_example_msgs_generate_messages_check_deps_TransportBoxActionResult
[0.741s] [  0%] Built target _tug_example_msgs_generate_messages_check_deps_RecoverTimedOutActionGoal
[0.742s] [  0%] Built target _tug_example_msgs_generate_messages_check_deps_RecoverNotFetchingBoxActionGoal
[0.753s] [  0%] Built target _tug_example_msgs_generate_messages_check_deps_RecoverNotFetchingBoxActionFeedback
[0.762s] [  0%] Built target _tug_example_msgs_generate_messages_check_deps_RecoverTimedOutActionResult
[0.810s] [  0%] Built target _tug_example_msgs_generate_messages_check_deps_TransportBoxGoal
[0.810s] [  0%] Built target _tug_example_msgs_generate_messages_check_deps_RecoverTimedOutFeedback
[0.822s] [  0%] Built target _tug_example_msgs_generate_messages_check_deps_RecoverTimedOutResult
[0.822s] [  0%] Built target _tug_example_msgs_generate_messages_check_deps_TransportBoxAction
[0.894s] [  0%] Built target _tug_example_msgs_generate_messages_check_deps_FetchBoxActionGoal
[0.915s] [  0%] Built target actionlib_msgs_generate_messages_eus
[1.017s] [  0%] Built target _tug_example_msgs_generate_messages_check_deps_TransportBoxActionFeedback
[1.137s] [  0%] Built target _tug_example_msgs_generate_messages_check_deps_FetchBoxActionResult
[1.168s] [  0%] Built target _tug_example_msgs_generate_messages_check_deps_PutBoxActionGoal
[1.174s] [  0%] Built target _tug_example_msgs_generate_messages_check_deps_FetchBoxAction
[1.274s] [  0%] Built target _tug_example_msgs_generate_messages_check_deps_PutBoxAction
[1.291s] [  0%] Built target _tug_example_msgs_generate_messages_check_deps_FetchBoxResult
[1.297s] [  0%] Built target _tug_example_msgs_generate_messages_check_deps_FetchBoxGoal
[1.308s] [  0%] Built target _tug_example_msgs_generate_messages_check_deps_RecoverNotFetchingBoxGoal
[1.350s] [  0%] Built target _tug_example_msgs_generate_messages_check_deps_RecoverTimedOutAction
[1.370s] [  0%] Built target _tug_example_msgs_generate_messages_check_deps_RecoverNotFetchingBoxFeedback
[1.407s] [  0%] Built target _tug_example_msgs_generate_messages_check_deps_PutBoxGoal
[1.409s] [  0%] Built target _tug_example_msgs_generate_messages_check_deps_FetchBoxFeedback
[1.465s] [  0%] Built target _tug_example_msgs_generate_messages_check_deps_RecoverTimedOutGoal
[1.584s] [  0%] Built target _tug_example_msgs_generate_messages_check_deps_TransportBoxResult
[1.626s] [  0%] Built target _tug_example_msgs_generate_messages_check_deps_RecoverNotFetchingBoxActionResult
[1.627s] [  0%] Built target _tug_example_msgs_generate_messages_check_deps_RecoverNotFetchingBoxAction
[1.633s] [  0%] Built target actionlib_msgs_generate_messages_lisp
[1.653s] [  0%] Built target actionlib_msgs_generate_messages_py
[1.665s] [  0%] Built target _tug_example_msgs_generate_messages_check_deps_TransportBoxFeedback
[1.675s] [  0%] Built target _tug_example_msgs_generate_messages_check_deps_PutBoxActionResult
[1.684s] [  0%] Built target _tug_example_msgs_generate_messages_check_deps_PutBoxResult
[1.695s] [  0%] Built target _tug_example_msgs_generate_messages_check_deps_FetchBoxActionFeedback
[1.716s] [  0%] Built target _tug_example_msgs_generate_messages_check_deps_PutBoxActionFeedback
[1.787s] [  0%] Built target actionlib_msgs_generate_messages_nodejs
[1.818s] [  0%] Built target _tug_example_msgs_generate_messages_check_deps_RecoverTimedOutActionFeedback
[1.826s] [  0%] Built target _tug_example_msgs_generate_messages_check_deps_RecoverNotFetchingBoxResult
[1.906s] [  0%] Built target actionlib_msgs_generate_messages_cpp
[2.021s] [ 20%] Built target tug_example_msgs_generate_messages_lisp
[2.031s] [ 40%] Built target tug_example_msgs_generate_messages_eus
[2.100s] [ 58%] Built target tug_example_msgs_generate_messages_nodejs
[2.101s] [ 80%] Built target tug_example_msgs_generate_messages_py
[2.111s] [100%] Built target tug_example_msgs_generate_messages_cpp
[2.355s] [100%] Built target tug_example_msgs_generate_messages
[2.468s] Invoked command in '/home/handsome/ros_ws_test/build/tug_example_msgs' returned '0': /usr/bin/cmake --build /home/handsome/ros_ws_test/build/tug_example_msgs -- -j12 -l12
[4.082s] Invoking command in '/home/handsome/ros_ws_test/build/tug_example_msgs': /usr/bin/cmake --build /home/handsome/ros_ws_test/build/tug_example_msgs --target tests -- -j12 -l12
[4.702s] [35m[1mScanning dependencies of target tests[0m
[4.841s] Built target tests
[4.954s] Invoked command in '/home/handsome/ros_ws_test/build/tug_example_msgs' returned '0': /usr/bin/cmake --build /home/handsome/ros_ws_test/build/tug_example_msgs --target tests -- -j12 -l12
[7.005s] Invoking command in '/home/handsome/ros_ws_test/build/tug_example_msgs': /usr/bin/cmake --build /home/handsome/ros_ws_test/build/tug_example_msgs --target install -- -j12 -l12
[7.787s] [  0%] Built target _tug_example_msgs_generate_messages_check_deps_RecoverNotFetchingBoxActionFeedback
[7.787s] [  0%] Built target _tug_example_msgs_generate_messages_check_deps_RecoverTimedOutResult
[7.787s] [  0%] Built target _tug_example_msgs_generate_messages_check_deps_TransportBoxAction
[7.788s] [  0%] Built target _tug_example_msgs_generate_messages_check_deps_TransportBoxActionResult
[7.793s] [  0%] Built target _tug_example_msgs_generate_messages_check_deps_PutBoxFeedback
[7.793s] [  0%] Built target _tug_example_msgs_generate_messages_check_deps_RecoverNotFetchingBoxActionGoal
[7.808s] [  0%] Built target _tug_example_msgs_generate_messages_check_deps_TransportBoxActionFeedback
[7.808s] [  0%] Built target _tug_example_msgs_generate_messages_check_deps_RecoverTimedOutActionGoal
[7.847s] [  0%] Built target _tug_example_msgs_generate_messages_check_deps_RecoverTimedOutActionResult
[7.864s] [  0%] Built target _tug_example_msgs_generate_messages_check_deps_RecoverTimedOutFeedback
[7.879s] [  0%] Built target _tug_example_msgs_generate_messages_check_deps_TransportBoxActionGoal
[7.888s] [  0%] Built target actionlib_msgs_generate_messages_eus
[7.920s] [  0%] Built target _tug_example_msgs_generate_messages_check_deps_TransportBoxGoal
[8.064s] [  0%] Built target _tug_example_msgs_generate_messages_check_deps_FetchBoxActionGoal
[8.139s] [  0%] Built target _tug_example_msgs_generate_messages_check_deps_FetchBoxActionResult
[8.145s] [  0%] Built target _tug_example_msgs_generate_messages_check_deps_FetchBoxAction
[8.162s] [  0%] Built target _tug_example_msgs_generate_messages_check_deps_FetchBoxGoal
[8.196s] [  0%] Built target _tug_example_msgs_generate_messages_check_deps_FetchBoxResult
[8.228s] [  0%] Built target _tug_example_msgs_generate_messages_check_deps_PutBoxAction
[8.236s] [  0%] Built target _tug_example_msgs_generate_messages_check_deps_PutBoxActionGoal
[8.253s] [  0%] Built target _tug_example_msgs_generate_messages_check_deps_RecoverTimedOutAction
[8.265s] [  0%] Built target _tug_example_msgs_generate_messages_check_deps_PutBoxGoal
[8.274s] [  0%] Built target _tug_example_msgs_generate_messages_check_deps_RecoverNotFetchingBoxGoal
[8.344s] [  0%] Built target _tug_example_msgs_generate_messages_check_deps_RecoverNotFetchingBoxFeedback
[8.370s] [  0%] Built target _tug_example_msgs_generate_messages_check_deps_FetchBoxFeedback
[8.495s] [  0%] Built target _tug_example_msgs_generate_messages_check_deps_TransportBoxFeedback
[8.541s] [  0%] Built target _tug_example_msgs_generate_messages_check_deps_RecoverNotFetchingBoxAction
[8.565s] [  0%] Built target _tug_example_msgs_generate_messages_check_deps_TransportBoxResult
[8.569s] [  0%] Built target _tug_example_msgs_generate_messages_check_deps_PutBoxResult
[8.579s] [  0%] Built target actionlib_msgs_generate_messages_lisp
[8.628s] [  0%] Built target _tug_example_msgs_generate_messages_check_deps_FetchBoxActionFeedback
[8.632s] [  0%] Built target _tug_example_msgs_generate_messages_check_deps_RecoverNotFetchingBoxActionResult
[8.637s] [  0%] Built target _tug_example_msgs_generate_messages_check_deps_RecoverTimedOutGoal
[8.649s] [  0%] Built target _tug_example_msgs_generate_messages_check_deps_PutBoxActionResult
[8.662s] [  0%] Built target actionlib_msgs_generate_messages_py
[8.679s] [  0%] Built target _tug_example_msgs_generate_messages_check_deps_PutBoxActionFeedback
[8.715s] [  0%] Built target _tug_example_msgs_generate_messages_check_deps_RecoverTimedOutActionFeedback
[8.780s] [  0%] Built target actionlib_msgs_generate_messages_cpp
[8.787s] [  0%] Built target actionlib_msgs_generate_messages_nodejs
[8.812s] [  0%] Built target _tug_example_msgs_generate_messages_check_deps_RecoverNotFetchingBoxResult
[9.053s] [ 20%] Built target tug_example_msgs_generate_messages_lisp
[9.056s] [ 40%] Built target tug_example_msgs_generate_messages_cpp
[9.068s] [ 60%] Built target tug_example_msgs_generate_messages_eus
[9.082s] [ 78%] Built target tug_example_msgs_generate_messages_nodejs
[9.098s] [100%] Built target tug_example_msgs_generate_messages_py
[9.203s] [100%] Built target tug_example_msgs_generate_messages
[9.289s] [36mInstall the project...[0m
[9.321s] -- Install configuration: ""
[9.322s] -- Installing: /home/handsome/ros_ws_test/install/tug_example_msgs/share/tug_example_msgs/action/FetchBox.action
[9.323s] -- Installing: /home/handsome/ros_ws_test/install/tug_example_msgs/share/tug_example_msgs/action/TransportBox.action
[9.323s] -- Installing: /home/handsome/ros_ws_test/install/tug_example_msgs/share/tug_example_msgs/action/RecoverNotFetchingBox.action
[9.323s] -- Installing: /home/handsome/ros_ws_test/install/tug_example_msgs/share/tug_example_msgs/action/RecoverTimedOut.action
[9.323s] -- Installing: /home/handsome/ros_ws_test/install/tug_example_msgs/share/tug_example_msgs/action/PutBox.action
[9.324s] -- Installing: /home/handsome/ros_ws_test/install/tug_example_msgs/share/tug_example_msgs/msg/FetchBoxAction.msg
[9.324s] -- Installing: /home/handsome/ros_ws_test/install/tug_example_msgs/share/tug_example_msgs/msg/FetchBoxActionGoal.msg
[9.325s] -- Installing: /home/handsome/ros_ws_test/install/tug_example_msgs/share/tug_example_msgs/msg/FetchBoxActionResult.msg
[9.325s] -- Installing: /home/handsome/ros_ws_test/install/tug_example_msgs/share/tug_example_msgs/msg/FetchBoxActionFeedback.msg
[9.325s] -- Installing: /home/handsome/ros_ws_test/install/tug_example_msgs/share/tug_example_msgs/msg/FetchBoxGoal.msg
[9.326s] -- Installing: /home/handsome/ros_ws_test/install/tug_example_msgs/share/tug_example_msgs/msg/FetchBoxResult.msg
[9.326s] -- Installing: /home/handsome/ros_ws_test/install/tug_example_msgs/share/tug_example_msgs/msg/FetchBoxFeedback.msg
[9.327s] -- Installing: /home/handsome/ros_ws_test/install/tug_example_msgs/share/tug_example_msgs/msg/TransportBoxAction.msg
[9.327s] -- Installing: /home/handsome/ros_ws_test/install/tug_example_msgs/share/tug_example_msgs/msg/TransportBoxActionGoal.msg
[9.327s] -- Installing: /home/handsome/ros_ws_test/install/tug_example_msgs/share/tug_example_msgs/msg/TransportBoxActionResult.msg
[9.328s] -- Installing: /home/handsome/ros_ws_test/install/tug_example_msgs/share/tug_example_msgs/msg/TransportBoxActionFeedback.msg
[9.328s] -- Installing: /home/handsome/ros_ws_test/install/tug_example_msgs/share/tug_example_msgs/msg/TransportBoxGoal.msg
[9.329s] -- Installing: /home/handsome/ros_ws_test/install/tug_example_msgs/share/tug_example_msgs/msg/TransportBoxResult.msg
[9.329s] -- Installing: /home/handsome/ros_ws_test/install/tug_example_msgs/share/tug_example_msgs/msg/TransportBoxFeedback.msg
[9.329s] -- Installing: /home/handsome/ros_ws_test/install/tug_example_msgs/share/tug_example_msgs/msg/RecoverNotFetchingBoxAction.msg
[9.330s] -- Installing: /home/handsome/ros_ws_test/install/tug_example_msgs/share/tug_example_msgs/msg/RecoverNotFetchingBoxActionGoal.msg
[9.330s] -- Installing: /home/handsome/ros_ws_test/install/tug_example_msgs/share/tug_example_msgs/msg/RecoverNotFetchingBoxActionResult.msg
[9.331s] -- Installing: /home/handsome/ros_ws_test/install/tug_example_msgs/share/tug_example_msgs/msg/RecoverNotFetchingBoxActionFeedback.msg
[9.331s] -- Installing: /home/handsome/ros_ws_test/install/tug_example_msgs/share/tug_example_msgs/msg/RecoverNotFetchingBoxGoal.msg
[9.331s] -- Installing: /home/handsome/ros_ws_test/install/tug_example_msgs/share/tug_example_msgs/msg/RecoverNotFetchingBoxResult.msg
[9.332s] -- Installing: /home/handsome/ros_ws_test/install/tug_example_msgs/share/tug_example_msgs/msg/RecoverNotFetchingBoxFeedback.msg
[9.332s] -- Installing: /home/handsome/ros_ws_test/install/tug_example_msgs/share/tug_example_msgs/msg/RecoverTimedOutAction.msg
[9.332s] -- Installing: /home/handsome/ros_ws_test/install/tug_example_msgs/share/tug_example_msgs/msg/RecoverTimedOutActionGoal.msg
[9.333s] -- Installing: /home/handsome/ros_ws_test/install/tug_example_msgs/share/tug_example_msgs/msg/RecoverTimedOutActionResult.msg
[9.333s] -- Installing: /home/handsome/ros_ws_test/install/tug_example_msgs/share/tug_example_msgs/msg/RecoverTimedOutActionFeedback.msg
[9.333s] -- Installing: /home/handsome/ros_ws_test/install/tug_example_msgs/share/tug_example_msgs/msg/RecoverTimedOutGoal.msg
[9.334s] -- Installing: /home/handsome/ros_ws_test/install/tug_example_msgs/share/tug_example_msgs/msg/RecoverTimedOutResult.msg
[9.334s] -- Installing: /home/handsome/ros_ws_test/install/tug_example_msgs/share/tug_example_msgs/msg/RecoverTimedOutFeedback.msg
[9.335s] -- Installing: /home/handsome/ros_ws_test/install/tug_example_msgs/share/tug_example_msgs/msg/PutBoxAction.msg
[9.335s] -- Installing: /home/handsome/ros_ws_test/install/tug_example_msgs/share/tug_example_msgs/msg/PutBoxActionGoal.msg
[9.335s] -- Installing: /home/handsome/ros_ws_test/install/tug_example_msgs/share/tug_example_msgs/msg/PutBoxActionResult.msg
[9.336s] -- Installing: /home/handsome/ros_ws_test/install/tug_example_msgs/share/tug_example_msgs/msg/PutBoxActionFeedback.msg
[9.336s] -- Installing: /home/handsome/ros_ws_test/install/tug_example_msgs/share/tug_example_msgs/msg/PutBoxGoal.msg
[9.336s] -- Installing: /home/handsome/ros_ws_test/install/tug_example_msgs/share/tug_example_msgs/msg/PutBoxResult.msg
[9.337s] -- Installing: /home/handsome/ros_ws_test/install/tug_example_msgs/share/tug_example_msgs/msg/PutBoxFeedback.msg
[9.338s] -- Installing: /home/handsome/ros_ws_test/install/tug_example_msgs/share/tug_example_msgs/cmake/tug_example_msgs-msg-paths.cmake
[9.338s] -- Installing: /home/handsome/ros_ws_test/install/tug_example_msgs/include/tug_example_msgs
[9.340s] -- Installing: /home/handsome/ros_ws_test/install/tug_example_msgs/include/tug_example_msgs/RecoverNotFetchingBoxActionGoal.h
[9.341s] -- Installing: /home/handsome/ros_ws_test/install/tug_example_msgs/include/tug_example_msgs/RecoverNotFetchingBoxAction.h
[9.341s] -- Installing: /home/handsome/ros_ws_test/install/tug_example_msgs/include/tug_example_msgs/RecoverNotFetchingBoxFeedback.h
[9.342s] -- Installing: /home/handsome/ros_ws_test/install/tug_example_msgs/include/tug_example_msgs/FetchBoxResult.h
[9.342s] -- Installing: /home/handsome/ros_ws_test/install/tug_example_msgs/include/tug_example_msgs/FetchBoxActionGoal.h
[9.343s] -- Installing: /home/handsome/ros_ws_test/install/tug_example_msgs/include/tug_example_msgs/RecoverTimedOutGoal.h
[9.343s] -- Installing: /home/handsome/ros_ws_test/install/tug_example_msgs/include/tug_example_msgs/FetchBoxGoal.h
[9.343s] -- Installing: /home/handsome/ros_ws_test/install/tug_example_msgs/include/tug_example_msgs/TransportBoxActionGoal.h
[9.344s] -- Installing: /home/handsome/ros_ws_test/install/tug_example_msgs/include/tug_example_msgs/TransportBoxResult.h
[9.344s] -- Installing: /home/handsome/ros_ws_test/install/tug_example_msgs/include/tug_example_msgs/RecoverNotFetchingBoxResult.h
[9.344s] -- Installing: /home/handsome/ros_ws_test/install/tug_example_msgs/include/tug_example_msgs/RecoverTimedOutFeedback.h
[9.344s] -- Installing: /home/handsome/ros_ws_test/install/tug_example_msgs/include/tug_example_msgs/RecoverTimedOutActionGoal.h
[9.345s] -- Installing: /home/handsome/ros_ws_test/install/tug_example_msgs/include/tug_example_msgs/TransportBoxActionResult.h
[9.345s] -- Installing: /home/handsome/ros_ws_test/install/tug_example_msgs/include/tug_example_msgs/PutBoxActionFeedback.h
[9.345s] -- Installing: /home/handsome/ros_ws_test/install/tug_example_msgs/include/tug_example_msgs/PutBoxAction.h
[9.346s] -- Installing: /home/handsome/ros_ws_test/install/tug_example_msgs/include/tug_example_msgs/PutBoxResult.h
[9.346s] -- Installing: /home/handsome/ros_ws_test/install/tug_example_msgs/include/tug_example_msgs/FetchBoxFeedback.h
[9.346s] -- Installing: /home/handsome/ros_ws_test/install/tug_example_msgs/include/tug_example_msgs/TransportBoxFeedback.h
[9.346s] -- Installing: /home/handsome/ros_ws_test/install/tug_example_msgs/include/tug_example_msgs/FetchBoxActionFeedback.h
[9.346s] -- Installing: /home/handsome/ros_ws_test/install/tug_example_msgs/include/tug_example_msgs/PutBoxActionResult.h
[9.346s] -- Installing: /home/handsome/ros_ws_test/install/tug_example_msgs/include/tug_example_msgs/RecoverNotFetchingBoxGoal.h
[9.347s] -- Installing: /home/handsome/ros_ws_test/install/tug_example_msgs/include/tug_example_msgs/RecoverNotFetchingBoxActionFeedback.h
[9.347s] -- Installing: /home/handsome/ros_ws_test/install/tug_example_msgs/include/tug_example_msgs/PutBoxActionGoal.h
[9.347s] -- Installing: /home/handsome/ros_ws_test/install/tug_example_msgs/include/tug_example_msgs/PutBoxFeedback.h
[9.347s] -- Installing: /home/handsome/ros_ws_test/install/tug_example_msgs/include/tug_example_msgs/TransportBoxGoal.h
[9.347s] -- Installing: /home/handsome/ros_ws_test/install/tug_example_msgs/include/tug_example_msgs/PutBoxGoal.h
[9.347s] -- Installing: /home/handsome/ros_ws_test/install/tug_example_msgs/include/tug_example_msgs/RecoverTimedOutResult.h
[9.348s] -- Installing: /home/handsome/ros_ws_test/install/tug_example_msgs/include/tug_example_msgs/TransportBoxActionFeedback.h
[9.348s] -- Installing: /home/handsome/ros_ws_test/install/tug_example_msgs/include/tug_example_msgs/RecoverTimedOutAction.h
[9.348s] -- Installing: /home/handsome/ros_ws_test/install/tug_example_msgs/include/tug_example_msgs/RecoverTimedOutActionResult.h
[9.348s] -- Installing: /home/handsome/ros_ws_test/install/tug_example_msgs/include/tug_example_msgs/FetchBoxActionResult.h
[9.348s] -- Installing: /home/handsome/ros_ws_test/install/tug_example_msgs/include/tug_example_msgs/RecoverNotFetchingBoxActionResult.h
[9.349s] -- Installing: /home/handsome/ros_ws_test/install/tug_example_msgs/include/tug_example_msgs/TransportBoxAction.h
[9.349s] -- Installing: /home/handsome/ros_ws_test/install/tug_example_msgs/include/tug_example_msgs/FetchBoxAction.h
[9.351s] -- Installing: /home/handsome/ros_ws_test/install/tug_example_msgs/include/tug_example_msgs/RecoverTimedOutActionFeedback.h
[9.351s] -- Installing: /home/handsome/ros_ws_test/install/tug_example_msgs/share/roseus/ros/tug_example_msgs
[9.363s] -- Installing: /home/handsome/ros_ws_test/install/tug_example_msgs/share/roseus/ros/tug_example_msgs/msg
[9.364s] -- Installing: /home/handsome/ros_ws_test/install/tug_example_msgs/share/roseus/ros/tug_example_msgs/msg/TransportBoxFeedback.l
[9.364s] -- Installing: /home/handsome/ros_ws_test/install/tug_example_msgs/share/roseus/ros/tug_example_msgs/msg/FetchBoxActionResult.l
[9.364s] -- Installing: /home/handsome/ros_ws_test/install/tug_example_msgs/share/roseus/ros/tug_example_msgs/msg/PutBoxFeedback.l
[9.364s] -- Installing: /home/handsome/ros_ws_test/install/tug_example_msgs/share/roseus/ros/tug_example_msgs/msg/PutBoxResult.l
[9.364s] -- Installing: /home/handsome/ros_ws_test/install/tug_example_msgs/share/roseus/ros/tug_example_msgs/msg/RecoverTimedOutGoal.l
[9.364s] -- Installing: /home/handsome/ros_ws_test/install/tug_example_msgs/share/roseus/ros/tug_example_msgs/msg/RecoverTimedOutActionGoal.l
[9.365s] -- Installing: /home/handsome/ros_ws_test/install/tug_example_msgs/share/roseus/ros/tug_example_msgs/msg/RecoverNotFetchingBoxActionGoal.l
[9.366s] -- Installing: /home/handsome/ros_ws_test/install/tug_example_msgs/share/roseus/ros/tug_example_msgs/msg/RecoverNotFetchingBoxAction.l
[9.366s] -- Installing: /home/handsome/ros_ws_test/install/tug_example_msgs/share/roseus/ros/tug_example_msgs/msg/PutBoxAction.l
[9.366s] -- Installing: /home/handsome/ros_ws_test/install/tug_example_msgs/share/roseus/ros/tug_example_msgs/msg/FetchBoxActionGoal.l
[9.366s] -- Installing: /home/handsome/ros_ws_test/install/tug_example_msgs/share/roseus/ros/tug_example_msgs/msg/RecoverNotFetchingBoxFeedback.l
[9.366s] -- Installing: /home/handsome/ros_ws_test/install/tug_example_msgs/share/roseus/ros/tug_example_msgs/msg/RecoverTimedOutActionResult.l
[9.366s] -- Installing: /home/handsome/ros_ws_test/install/tug_example_msgs/share/roseus/ros/tug_example_msgs/msg/FetchBoxAction.l
[9.367s] -- Installing: /home/handsome/ros_ws_test/install/tug_example_msgs/share/roseus/ros/tug_example_msgs/msg/TransportBoxActionResult.l
[9.367s] -- Installing: /home/handsome/ros_ws_test/install/tug_example_msgs/share/roseus/ros/tug_example_msgs/msg/RecoverNotFetchingBoxResult.l
[9.367s] -- Installing: /home/handsome/ros_ws_test/install/tug_example_msgs/share/roseus/ros/tug_example_msgs/msg/TransportBoxResult.l
[9.367s] -- Installing: /home/handsome/ros_ws_test/install/tug_example_msgs/share/roseus/ros/tug_example_msgs/msg/FetchBoxGoal.l
[9.367s] -- Installing: /home/handsome/ros_ws_test/install/tug_example_msgs/share/roseus/ros/tug_example_msgs/msg/TransportBoxActionFeedback.l
[9.367s] -- Installing: /home/handsome/ros_ws_test/install/tug_example_msgs/share/roseus/ros/tug_example_msgs/msg/TransportBoxAction.l
[9.367s] -- Installing: /home/handsome/ros_ws_test/install/tug_example_msgs/share/roseus/ros/tug_example_msgs/msg/RecoverTimedOutAction.l
[9.367s] -- Installing: /home/handsome/ros_ws_test/install/tug_example_msgs/share/roseus/ros/tug_example_msgs/msg/PutBoxActionGoal.l
[9.367s] -- Installing: /home/handsome/ros_ws_test/install/tug_example_msgs/share/roseus/ros/tug_example_msgs/msg/RecoverNotFetchingBoxActionResult.l
[9.368s] -- Installing: /home/handsome/ros_ws_test/install/tug_example_msgs/share/roseus/ros/tug_example_msgs/msg/RecoverNotFetchingBoxActionFeedback.l
[9.369s] -- Installing: /home/handsome/ros_ws_test/install/tug_example_msgs/share/roseus/ros/tug_example_msgs/msg/PutBoxGoal.l
[9.369s] -- Installing: /home/handsome/ros_ws_test/install/tug_example_msgs/share/roseus/ros/tug_example_msgs/msg/RecoverTimedOutActionFeedback.l
[9.369s] -- Installing: /home/handsome/ros_ws_test/install/tug_example_msgs/share/roseus/ros/tug_example_msgs/msg/PutBoxActionResult.l
[9.369s] -- Installing: /home/handsome/ros_ws_test/install/tug_example_msgs/share/roseus/ros/tug_example_msgs/msg/TransportBoxActionGoal.l
[9.369s] -- Installing: /home/handsome/ros_ws_test/install/tug_example_msgs/share/roseus/ros/tug_example_msgs/msg/PutBoxActionFeedback.l
[9.369s] -- Installing: /home/handsome/ros_ws_test/install/tug_example_msgs/share/roseus/ros/tug_example_msgs/msg/TransportBoxGoal.l
[9.370s] -- Installing: /home/handsome/ros_ws_test/install/tug_example_msgs/share/roseus/ros/tug_example_msgs/msg/FetchBoxActionFeedback.l
[9.370s] -- Installing: /home/handsome/ros_ws_test/install/tug_example_msgs/share/roseus/ros/tug_example_msgs/msg/FetchBoxFeedback.l
[9.370s] -- Installing: /home/handsome/ros_ws_test/install/tug_example_msgs/share/roseus/ros/tug_example_msgs/msg/RecoverNotFetchingBoxGoal.l
[9.370s] -- Installing: /home/handsome/ros_ws_test/install/tug_example_msgs/share/roseus/ros/tug_example_msgs/msg/RecoverTimedOutResult.l
[9.370s] -- Installing: /home/handsome/ros_ws_test/install/tug_example_msgs/share/roseus/ros/tug_example_msgs/msg/FetchBoxResult.l
[9.370s] -- Installing: /home/handsome/ros_ws_test/install/tug_example_msgs/share/roseus/ros/tug_example_msgs/msg/RecoverTimedOutFeedback.l
[9.371s] -- Installing: /home/handsome/ros_ws_test/install/tug_example_msgs/share/roseus/ros/tug_example_msgs/manifest.l
[9.372s] -- Installing: /home/handsome/ros_ws_test/install/tug_example_msgs/share/common-lisp/ros/tug_example_msgs
[9.372s] -- Installing: /home/handsome/ros_ws_test/install/tug_example_msgs/share/common-lisp/ros/tug_example_msgs/msg
[9.372s] -- Installing: /home/handsome/ros_ws_test/install/tug_example_msgs/share/common-lisp/ros/tug_example_msgs/msg/_package_RecoverTimedOutAction.lisp
[9.372s] -- Installing: /home/handsome/ros_ws_test/install/tug_example_msgs/share/common-lisp/ros/tug_example_msgs/msg/TransportBoxActionFeedback.lisp
[9.372s] -- Installing: /home/handsome/ros_ws_test/install/tug_example_msgs/share/common-lisp/ros/tug_example_msgs/msg/TransportBoxActionResult.lisp
[9.372s] -- Installing: /home/handsome/ros_ws_test/install/tug_example_msgs/share/common-lisp/ros/tug_example_msgs/msg/TransportBoxActionGoal.lisp
[9.373s] -- Installing: /home/handsome/ros_ws_test/install/tug_example_msgs/share/common-lisp/ros/tug_example_msgs/msg/_package_TransportBoxGoal.lisp
[9.373s] -- Installing: /home/handsome/ros_ws_test/install/tug_example_msgs/share/common-lisp/ros/tug_example_msgs/msg/_package_TransportBoxActionGoal.lisp
[9.373s] -- Installing: /home/handsome/ros_ws_test/install/tug_example_msgs/share/common-lisp/ros/tug_example_msgs/msg/FetchBoxGoal.lisp
[9.373s] -- Installing: /home/handsome/ros_ws_test/install/tug_example_msgs/share/common-lisp/ros/tug_example_msgs/msg/FetchBoxAction.lisp
[9.373s] -- Installing: /home/handsome/ros_ws_test/install/tug_example_msgs/share/common-lisp/ros/tug_example_msgs/msg/_package_RecoverNotFetchingBoxFeedback.lisp
[9.373s] -- Installing: /home/handsome/ros_ws_test/install/tug_example_msgs/share/common-lisp/ros/tug_example_msgs/msg/FetchBoxActionResult.lisp
[9.376s] -- Installing: /home/handsome/ros_ws_test/install/tug_example_msgs/share/common-lisp/ros/tug_example_msgs/msg/_package_FetchBoxActionResult.lisp
[9.377s] -- Installing: /home/handsome/ros_ws_test/install/tug_example_msgs/share/common-lisp/ros/tug_example_msgs/msg/_package_RecoverTimedOutFeedback.lisp
[9.377s] -- Installing: /home/handsome/ros_ws_test/install/tug_example_msgs/share/common-lisp/ros/tug_example_msgs/msg/RecoverNotFetchingBoxActionFeedback.lisp
[9.377s] -- Installing: /home/handsome/ros_ws_test/install/tug_example_msgs/share/common-lisp/ros/tug_example_msgs/msg/_package_PutBoxAction.lisp
[9.377s] -- Installing: /home/handsome/ros_ws_test/install/tug_example_msgs/share/common-lisp/ros/tug_example_msgs/msg/RecoverNotFetchingBoxActionGoal.lisp
[9.378s] -- Installing: /home/handsome/ros_ws_test/install/tug_example_msgs/share/common-lisp/ros/tug_example_msgs/msg/_package_PutBoxFeedback.lisp
[9.378s] -- Installing: /home/handsome/ros_ws_test/install/tug_example_msgs/share/common-lisp/ros/tug_example_msgs/msg/_package_FetchBoxAction.lisp
[9.378s] -- Installing: /home/handsome/ros_ws_test/install/tug_example_msgs/share/common-lisp/ros/tug_example_msgs/msg/RecoverTimedOutAction.lisp
[9.378s] -- Installing: /home/handsome/ros_ws_test/install/tug_example_msgs/share/common-lisp/ros/tug_example_msgs/msg/_package_RecoverTimedOutResult.lisp
[9.378s] -- Installing: /home/handsome/ros_ws_test/install/tug_example_msgs/share/common-lisp/ros/tug_example_msgs/msg/_package_PutBoxActionFeedback.lisp
[9.378s] -- Installing: /home/handsome/ros_ws_test/install/tug_example_msgs/share/common-lisp/ros/tug_example_msgs/msg/_package_RecoverTimedOutActionGoal.lisp
[9.378s] -- Installing: /home/handsome/ros_ws_test/install/tug_example_msgs/share/common-lisp/ros/tug_example_msgs/msg/_package_RecoverNotFetchingBoxActionResult.lisp
[9.379s] -- Installing: /home/handsome/ros_ws_test/install/tug_example_msgs/share/common-lisp/ros/tug_example_msgs/msg/RecoverTimedOutActionResult.lisp
[9.379s] -- Installing: /home/handsome/ros_ws_test/install/tug_example_msgs/share/common-lisp/ros/tug_example_msgs/msg/TransportBoxAction.lisp
[9.379s] -- Installing: /home/handsome/ros_ws_test/install/tug_example_msgs/share/common-lisp/ros/tug_example_msgs/msg/RecoverTimedOutActionFeedback.lisp
[9.379s] -- Installing: /home/handsome/ros_ws_test/install/tug_example_msgs/share/common-lisp/ros/tug_example_msgs/msg/RecoverNotFetchingBoxAction.lisp
[9.379s] -- Installing: /home/handsome/ros_ws_test/install/tug_example_msgs/share/common-lisp/ros/tug_example_msgs/msg/RecoverTimedOutGoal.lisp
[9.379s] -- Installing: /home/handsome/ros_ws_test/install/tug_example_msgs/share/common-lisp/ros/tug_example_msgs/msg/FetchBoxActionGoal.lisp
[9.379s] -- Installing: /home/handsome/ros_ws_test/install/tug_example_msgs/share/common-lisp/ros/tug_example_msgs/msg/_package_RecoverNotFetchingBoxActionFeedback.lisp
[9.380s] -- Installing: /home/handsome/ros_ws_test/install/tug_example_msgs/share/common-lisp/ros/tug_example_msgs/msg/RecoverTimedOutActionGoal.lisp
[9.380s] -- Installing: /home/handsome/ros_ws_test/install/tug_example_msgs/share/common-lisp/ros/tug_example_msgs/msg/RecoverNotFetchingBoxResult.lisp
[9.380s] -- Installing: /home/handsome/ros_ws_test/install/tug_example_msgs/share/common-lisp/ros/tug_example_msgs/msg/_package_PutBoxResult.lisp
[9.380s] -- Installing: /home/handsome/ros_ws_test/install/tug_example_msgs/share/common-lisp/ros/tug_example_msgs/msg/_package.lisp
[9.380s] -- Installing: /home/handsome/ros_ws_test/install/tug_example_msgs/share/common-lisp/ros/tug_example_msgs/msg/TransportBoxGoal.lisp
[9.380s] -- Installing: /home/handsome/ros_ws_test/install/tug_example_msgs/share/common-lisp/ros/tug_example_msgs/msg/_package_FetchBoxActionGoal.lisp
[9.381s] -- Installing: /home/handsome/ros_ws_test/install/tug_example_msgs/share/common-lisp/ros/tug_example_msgs/msg/_package_PutBoxActionResult.lisp
[9.381s] -- Installing: /home/handsome/ros_ws_test/install/tug_example_msgs/share/common-lisp/ros/tug_example_msgs/msg/_package_FetchBoxActionFeedback.lisp
[9.381s] -- Installing: /home/handsome/ros_ws_test/install/tug_example_msgs/share/common-lisp/ros/tug_example_msgs/msg/PutBoxAction.lisp
[9.381s] -- Installing: /home/handsome/ros_ws_test/install/tug_example_msgs/share/common-lisp/ros/tug_example_msgs/msg/PutBoxActionGoal.lisp
[9.381s] -- Installing: /home/handsome/ros_ws_test/install/tug_example_msgs/share/common-lisp/ros/tug_example_msgs/msg/PutBoxFeedback.lisp
[9.381s] -- Installing: /home/handsome/ros_ws_test/install/tug_example_msgs/share/common-lisp/ros/tug_example_msgs/msg/FetchBoxFeedback.lisp
[9.381s] -- Installing: /home/handsome/ros_ws_test/install/tug_example_msgs/share/common-lisp/ros/tug_example_msgs/msg/tug_example_msgs-msg.asd
[9.381s] -- Installing: /home/handsome/ros_ws_test/install/tug_example_msgs/share/common-lisp/ros/tug_example_msgs/msg/RecoverTimedOutResult.lisp
[9.381s] -- Installing: /home/handsome/ros_ws_test/install/tug_example_msgs/share/common-lisp/ros/tug_example_msgs/msg/RecoverNotFetchingBoxFeedback.lisp
[9.381s] -- Installing: /home/handsome/ros_ws_test/install/tug_example_msgs/share/common-lisp/ros/tug_example_msgs/msg/_package_PutBoxGoal.lisp
[9.382s] -- Installing: /home/handsome/ros_ws_test/install/tug_example_msgs/share/common-lisp/ros/tug_example_msgs/msg/RecoverNotFetchingBoxGoal.lisp
[9.382s] -- Installing: /home/handsome/ros_ws_test/install/tug_example_msgs/share/common-lisp/ros/tug_example_msgs/msg/_package_RecoverNotFetchingBoxAction.lisp
[9.382s] -- Installing: /home/handsome/ros_ws_test/install/tug_example_msgs/share/common-lisp/ros/tug_example_msgs/msg/TransportBoxResult.lisp
[9.382s] -- Installing: /home/handsome/ros_ws_test/install/tug_example_msgs/share/common-lisp/ros/tug_example_msgs/msg/FetchBoxActionFeedback.lisp
[9.382s] -- Installing: /home/handsome/ros_ws_test/install/tug_example_msgs/share/common-lisp/ros/tug_example_msgs/msg/_package_FetchBoxFeedback.lisp
[9.382s] -- Installing: /home/handsome/ros_ws_test/install/tug_example_msgs/share/common-lisp/ros/tug_example_msgs/msg/_package_TransportBoxFeedback.lisp
[9.382s] -- Installing: /home/handsome/ros_ws_test/install/tug_example_msgs/share/common-lisp/ros/tug_example_msgs/msg/_package_FetchBoxResult.lisp
[9.383s] -- Installing: /home/handsome/ros_ws_test/install/tug_example_msgs/share/common-lisp/ros/tug_example_msgs/msg/TransportBoxFeedback.lisp
[9.383s] -- Installing: /home/handsome/ros_ws_test/install/tug_example_msgs/share/common-lisp/ros/tug_example_msgs/msg/_package_FetchBoxGoal.lisp
[9.383s] -- Installing: /home/handsome/ros_ws_test/install/tug_example_msgs/share/common-lisp/ros/tug_example_msgs/msg/_package_RecoverTimedOutGoal.lisp
[9.383s] -- Installing: /home/handsome/ros_ws_test/install/tug_example_msgs/share/common-lisp/ros/tug_example_msgs/msg/PutBoxGoal.lisp
[9.383s] -- Installing: /home/handsome/ros_ws_test/install/tug_example_msgs/share/common-lisp/ros/tug_example_msgs/msg/_package_TransportBoxActionFeedback.lisp
[9.383s] -- Installing: /home/handsome/ros_ws_test/install/tug_example_msgs/share/common-lisp/ros/tug_example_msgs/msg/FetchBoxResult.lisp
[9.383s] -- Installing: /home/handsome/ros_ws_test/install/tug_example_msgs/share/common-lisp/ros/tug_example_msgs/msg/_package_PutBoxActionGoal.lisp
[9.383s] -- Installing: /home/handsome/ros_ws_test/install/tug_example_msgs/share/common-lisp/ros/tug_example_msgs/msg/_package_RecoverNotFetchingBoxActionGoal.lisp
[9.383s] -- Installing: /home/handsome/ros_ws_test/install/tug_example_msgs/share/common-lisp/ros/tug_example_msgs/msg/RecoverNotFetchingBoxActionResult.lisp
[9.384s] -- Installing: /home/handsome/ros_ws_test/install/tug_example_msgs/share/common-lisp/ros/tug_example_msgs/msg/PutBoxActionResult.lisp
[9.384s] -- Installing: /home/handsome/ros_ws_test/install/tug_example_msgs/share/common-lisp/ros/tug_example_msgs/msg/PutBoxActionFeedback.lisp
[9.384s] -- Installing: /home/handsome/ros_ws_test/install/tug_example_msgs/share/common-lisp/ros/tug_example_msgs/msg/RecoverTimedOutFeedback.lisp
[9.384s] -- Installing: /home/handsome/ros_ws_test/install/tug_example_msgs/share/common-lisp/ros/tug_example_msgs/msg/_package_TransportBoxResult.lisp
[9.384s] -- Installing: /home/handsome/ros_ws_test/install/tug_example_msgs/share/common-lisp/ros/tug_example_msgs/msg/_package_RecoverNotFetchingBoxGoal.lisp
[9.384s] -- Installing: /home/handsome/ros_ws_test/install/tug_example_msgs/share/common-lisp/ros/tug_example_msgs/msg/_package_TransportBoxActionResult.lisp
[9.384s] -- Installing: /home/handsome/ros_ws_test/install/tug_example_msgs/share/common-lisp/ros/tug_example_msgs/msg/_package_RecoverNotFetchingBoxResult.lisp
[9.385s] -- Installing: /home/handsome/ros_ws_test/install/tug_example_msgs/share/common-lisp/ros/tug_example_msgs/msg/PutBoxResult.lisp
[9.385s] -- Installing: /home/handsome/ros_ws_test/install/tug_example_msgs/share/common-lisp/ros/tug_example_msgs/msg/_package_RecoverTimedOutActionResult.lisp
[9.385s] -- Installing: /home/handsome/ros_ws_test/install/tug_example_msgs/share/common-lisp/ros/tug_example_msgs/msg/_package_RecoverTimedOutActionFeedback.lisp
[9.385s] -- Installing: /home/handsome/ros_ws_test/install/tug_example_msgs/share/common-lisp/ros/tug_example_msgs/msg/_package_TransportBoxAction.lisp
[9.385s] -- Installing: /home/handsome/ros_ws_test/install/tug_example_msgs/share/gennodejs/ros/tug_example_msgs
[9.385s] -- Installing: /home/handsome/ros_ws_test/install/tug_example_msgs/share/gennodejs/ros/tug_example_msgs/msg
[9.385s] -- Installing: /home/handsome/ros_ws_test/install/tug_example_msgs/share/gennodejs/ros/tug_example_msgs/msg/RecoverNotFetchingBoxActionGoal.js
[9.385s] -- Installing: /home/handsome/ros_ws_test/install/tug_example_msgs/share/gennodejs/ros/tug_example_msgs/msg/RecoverTimedOutActionGoal.js
[9.385s] -- Installing: /home/handsome/ros_ws_test/install/tug_example_msgs/share/gennodejs/ros/tug_example_msgs/msg/TransportBoxGoal.js
[9.385s] -- Installing: /home/handsome/ros_ws_test/install/tug_example_msgs/share/gennodejs/ros/tug_example_msgs/msg/FetchBoxGoal.js
[9.385s] -- Installing: /home/handsome/ros_ws_test/install/tug_example_msgs/share/gennodejs/ros/tug_example_msgs/msg/PutBoxAction.js
[9.385s] -- Installing: /home/handsome/ros_ws_test/install/tug_example_msgs/share/gennodejs/ros/tug_example_msgs/msg/FetchBoxActionFeedback.js
[9.385s] -- Installing: /home/handsome/ros_ws_test/install/tug_example_msgs/share/gennodejs/ros/tug_example_msgs/msg/PutBoxActionFeedback.js
[9.386s] -- Installing: /home/handsome/ros_ws_test/install/tug_example_msgs/share/gennodejs/ros/tug_example_msgs/msg/RecoverNotFetchingBoxActionResult.js
[9.386s] -- Installing: /home/handsome/ros_ws_test/install/tug_example_msgs/share/gennodejs/ros/tug_example_msgs/msg/TransportBoxAction.js
[9.386s] -- Installing: /home/handsome/ros_ws_test/install/tug_example_msgs/share/gennodejs/ros/tug_example_msgs/msg/RecoverNotFetchingBoxActionFeedback.js
[9.386s] -- Installing: /home/handsome/ros_ws_test/install/tug_example_msgs/share/gennodejs/ros/tug_example_msgs/msg/PutBoxActionGoal.js
[9.386s] -- Installing: /home/handsome/ros_ws_test/install/tug_example_msgs/share/gennodejs/ros/tug_example_msgs/msg/_index.js
[9.386s] -- Installing: /home/handsome/ros_ws_test/install/tug_example_msgs/share/gennodejs/ros/tug_example_msgs/msg/RecoverNotFetchingBoxAction.js
[9.386s] -- Installing: /home/handsome/ros_ws_test/install/tug_example_msgs/share/gennodejs/ros/tug_example_msgs/msg/RecoverNotFetchingBoxFeedback.js
[9.386s] -- Installing: /home/handsome/ros_ws_test/install/tug_example_msgs/share/gennodejs/ros/tug_example_msgs/msg/PutBoxFeedback.js
[9.386s] -- Installing: /home/handsome/ros_ws_test/install/tug_example_msgs/share/gennodejs/ros/tug_example_msgs/msg/FetchBoxResult.js
[9.386s] -- Installing: /home/handsome/ros_ws_test/install/tug_example_msgs/share/gennodejs/ros/tug_example_msgs/msg/RecoverTimedOutAction.js
[9.386s] -- Installing: /home/handsome/ros_ws_test/install/tug_example_msgs/share/gennodejs/ros/tug_example_msgs/msg/RecoverTimedOutGoal.js
[9.386s] -- Installing: /home/handsome/ros_ws_test/install/tug_example_msgs/share/gennodejs/ros/tug_example_msgs/msg/TransportBoxResult.js
[9.386s] -- Installing: /home/handsome/ros_ws_test/install/tug_example_msgs/share/gennodejs/ros/tug_example_msgs/msg/TransportBoxActionFeedback.js
[9.386s] -- Installing: /home/handsome/ros_ws_test/install/tug_example_msgs/share/gennodejs/ros/tug_example_msgs/msg/RecoverTimedOutActionFeedback.js
[9.386s] -- Installing: /home/handsome/ros_ws_test/install/tug_example_msgs/share/gennodejs/ros/tug_example_msgs/msg/RecoverTimedOutActionResult.js
[9.387s] -- Installing: /home/handsome/ros_ws_test/install/tug_example_msgs/share/gennodejs/ros/tug_example_msgs/msg/PutBoxResult.js
[9.387s] -- Installing: /home/handsome/ros_ws_test/install/tug_example_msgs/share/gennodejs/ros/tug_example_msgs/msg/FetchBoxAction.js
[9.387s] -- Installing: /home/handsome/ros_ws_test/install/tug_example_msgs/share/gennodejs/ros/tug_example_msgs/msg/TransportBoxActionResult.js
[9.387s] -- Installing: /home/handsome/ros_ws_test/install/tug_example_msgs/share/gennodejs/ros/tug_example_msgs/msg/RecoverNotFetchingBoxGoal.js
[9.387s] -- Installing: /home/handsome/ros_ws_test/install/tug_example_msgs/share/gennodejs/ros/tug_example_msgs/msg/FetchBoxActionGoal.js
[9.387s] -- Installing: /home/handsome/ros_ws_test/install/tug_example_msgs/share/gennodejs/ros/tug_example_msgs/msg/RecoverNotFetchingBoxResult.js
[9.387s] -- Installing: /home/handsome/ros_ws_test/install/tug_example_msgs/share/gennodejs/ros/tug_example_msgs/msg/RecoverTimedOutFeedback.js
[9.387s] -- Installing: /home/handsome/ros_ws_test/install/tug_example_msgs/share/gennodejs/ros/tug_example_msgs/msg/PutBoxActionResult.js
[9.387s] -- Installing: /home/handsome/ros_ws_test/install/tug_example_msgs/share/gennodejs/ros/tug_example_msgs/msg/TransportBoxFeedback.js
[9.388s] -- Installing: /home/handsome/ros_ws_test/install/tug_example_msgs/share/gennodejs/ros/tug_example_msgs/msg/RecoverTimedOutResult.js
[9.388s] -- Installing: /home/handsome/ros_ws_test/install/tug_example_msgs/share/gennodejs/ros/tug_example_msgs/msg/PutBoxGoal.js
[9.388s] -- Installing: /home/handsome/ros_ws_test/install/tug_example_msgs/share/gennodejs/ros/tug_example_msgs/msg/TransportBoxActionGoal.js
[9.388s] -- Installing: /home/handsome/ros_ws_test/install/tug_example_msgs/share/gennodejs/ros/tug_example_msgs/msg/FetchBoxFeedback.js
[9.388s] -- Installing: /home/handsome/ros_ws_test/install/tug_example_msgs/share/gennodejs/ros/tug_example_msgs/msg/FetchBoxActionResult.js
[9.388s] -- Installing: /home/handsome/ros_ws_test/install/tug_example_msgs/share/gennodejs/ros/tug_example_msgs/_index.js
[9.516s] Listing /home/handsome/ros_ws_test/build/tug_example_msgs/devel/lib/python2.7/dist-packages/tug_example_msgs ...
[9.516s] Compiling /home/handsome/ros_ws_test/build/tug_example_msgs/devel/lib/python2.7/dist-packages/tug_example_msgs/__init__.py ...
[9.516s] Listing /home/handsome/ros_ws_test/build/tug_example_msgs/devel/lib/python2.7/dist-packages/tug_example_msgs/msg ...
[9.516s] Compiling /home/handsome/ros_ws_test/build/tug_example_msgs/devel/lib/python2.7/dist-packages/tug_example_msgs/msg/_FetchBoxAction.py ...
[9.516s] Compiling /home/handsome/ros_ws_test/build/tug_example_msgs/devel/lib/python2.7/dist-packages/tug_example_msgs/msg/_FetchBoxActionFeedback.py ...
[9.516s] Compiling /home/handsome/ros_ws_test/build/tug_example_msgs/devel/lib/python2.7/dist-packages/tug_example_msgs/msg/_FetchBoxActionGoal.py ...
[9.516s] Compiling /home/handsome/ros_ws_test/build/tug_example_msgs/devel/lib/python2.7/dist-packages/tug_example_msgs/msg/_FetchBoxActionResult.py ...
[9.516s] Compiling /home/handsome/ros_ws_test/build/tug_example_msgs/devel/lib/python2.7/dist-packages/tug_example_msgs/msg/_FetchBoxFeedback.py ...
[9.517s] Compiling /home/handsome/ros_ws_test/build/tug_example_msgs/devel/lib/python2.7/dist-packages/tug_example_msgs/msg/_FetchBoxGoal.py ...
[9.517s] Compiling /home/handsome/ros_ws_test/build/tug_example_msgs/devel/lib/python2.7/dist-packages/tug_example_msgs/msg/_FetchBoxResult.py ...
[9.517s] Compiling /home/handsome/ros_ws_test/build/tug_example_msgs/devel/lib/python2.7/dist-packages/tug_example_msgs/msg/_PutBoxAction.py ...
[9.517s] Compiling /home/handsome/ros_ws_test/build/tug_example_msgs/devel/lib/python2.7/dist-packages/tug_example_msgs/msg/_PutBoxActionFeedback.py ...
[9.517s] Compiling /home/handsome/ros_ws_test/build/tug_example_msgs/devel/lib/python2.7/dist-packages/tug_example_msgs/msg/_PutBoxActionGoal.py ...
[9.517s] Compiling /home/handsome/ros_ws_test/build/tug_example_msgs/devel/lib/python2.7/dist-packages/tug_example_msgs/msg/_PutBoxActionResult.py ...
[9.517s] Compiling /home/handsome/ros_ws_test/build/tug_example_msgs/devel/lib/python2.7/dist-packages/tug_example_msgs/msg/_PutBoxFeedback.py ...
[9.517s] Compiling /home/handsome/ros_ws_test/build/tug_example_msgs/devel/lib/python2.7/dist-packages/tug_example_msgs/msg/_PutBoxGoal.py ...
[9.518s] Compiling /home/handsome/ros_ws_test/build/tug_example_msgs/devel/lib/python2.7/dist-packages/tug_example_msgs/msg/_PutBoxResult.py ...
[9.518s] Compiling /home/handsome/ros_ws_test/build/tug_example_msgs/devel/lib/python2.7/dist-packages/tug_example_msgs/msg/_RecoverNotFetchingBoxAction.py ...
[9.518s] Compiling /home/handsome/ros_ws_test/build/tug_example_msgs/devel/lib/python2.7/dist-packages/tug_example_msgs/msg/_RecoverNotFetchingBoxActionFeedback.py ...
[9.519s] Compiling /home/handsome/ros_ws_test/build/tug_example_msgs/devel/lib/python2.7/dist-packages/tug_example_msgs/msg/_RecoverNotFetchingBoxActionGoal.py ...
[9.519s] Compiling /home/handsome/ros_ws_test/build/tug_example_msgs/devel/lib/python2.7/dist-packages/tug_example_msgs/msg/_RecoverNotFetchingBoxActionResult.py ...
[9.519s] Compiling /home/handsome/ros_ws_test/build/tug_example_msgs/devel/lib/python2.7/dist-packages/tug_example_msgs/msg/_RecoverNotFetchingBoxFeedback.py ...
[9.519s] Compiling /home/handsome/ros_ws_test/build/tug_example_msgs/devel/lib/python2.7/dist-packages/tug_example_msgs/msg/_RecoverNotFetchingBoxGoal.py ...
[9.519s] Compiling /home/handsome/ros_ws_test/build/tug_example_msgs/devel/lib/python2.7/dist-packages/tug_example_msgs/msg/_RecoverNotFetchingBoxResult.py ...
[9.519s] Compiling /home/handsome/ros_ws_test/build/tug_example_msgs/devel/lib/python2.7/dist-packages/tug_example_msgs/msg/_RecoverTimedOutAction.py ...
[9.519s] Compiling /home/handsome/ros_ws_test/build/tug_example_msgs/devel/lib/python2.7/dist-packages/tug_example_msgs/msg/_RecoverTimedOutActionFeedback.py ...
[9.519s] Compiling /home/handsome/ros_ws_test/build/tug_example_msgs/devel/lib/python2.7/dist-packages/tug_example_msgs/msg/_RecoverTimedOutActionGoal.py ...
[9.520s] Compiling /home/handsome/ros_ws_test/build/tug_example_msgs/devel/lib/python2.7/dist-packages/tug_example_msgs/msg/_RecoverTimedOutActionResult.py ...
[9.535s] Compiling /home/handsome/ros_ws_test/build/tug_example_msgs/devel/lib/python2.7/dist-packages/tug_example_msgs/msg/_RecoverTimedOutFeedback.py ...
[9.535s] Compiling /home/handsome/ros_ws_test/build/tug_example_msgs/devel/lib/python2.7/dist-packages/tug_example_msgs/msg/_RecoverTimedOutGoal.py ...
[9.535s] Compiling /home/handsome/ros_ws_test/build/tug_example_msgs/devel/lib/python2.7/dist-packages/tug_example_msgs/msg/_RecoverTimedOutResult.py ...
[9.535s] Compiling /home/handsome/ros_ws_test/build/tug_example_msgs/devel/lib/python2.7/dist-packages/tug_example_msgs/msg/_TransportBoxAction.py ...
[9.536s] Compiling /home/handsome/ros_ws_test/build/tug_example_msgs/devel/lib/python2.7/dist-packages/tug_example_msgs/msg/_TransportBoxActionFeedback.py ...
[9.536s] Compiling /home/handsome/ros_ws_test/build/tug_example_msgs/devel/lib/python2.7/dist-packages/tug_example_msgs/msg/_TransportBoxActionGoal.py ...
[9.537s] Compiling /home/handsome/ros_ws_test/build/tug_example_msgs/devel/lib/python2.7/dist-packages/tug_example_msgs/msg/_TransportBoxActionResult.py ...
[9.537s] Compiling /home/handsome/ros_ws_test/build/tug_example_msgs/devel/lib/python2.7/dist-packages/tug_example_msgs/msg/_TransportBoxFeedback.py ...
[9.537s] Compiling /home/handsome/ros_ws_test/build/tug_example_msgs/devel/lib/python2.7/dist-packages/tug_example_msgs/msg/_TransportBoxGoal.py ...
[9.537s] Compiling /home/handsome/ros_ws_test/build/tug_example_msgs/devel/lib/python2.7/dist-packages/tug_example_msgs/msg/_TransportBoxResult.py ...
[9.537s] Compiling /home/handsome/ros_ws_test/build/tug_example_msgs/devel/lib/python2.7/dist-packages/tug_example_msgs/msg/__init__.py ...
[9.540s] -- Installing: /home/handsome/ros_ws_test/install/tug_example_msgs/lib/python2.7/dist-packages/tug_example_msgs
[9.540s] -- Installing: /home/handsome/ros_ws_test/install/tug_example_msgs/lib/python2.7/dist-packages/tug_example_msgs/msg
[9.541s] -- Installing: /home/handsome/ros_ws_test/install/tug_example_msgs/lib/python2.7/dist-packages/tug_example_msgs/msg/_PutBoxResult.py
[9.541s] -- Installing: /home/handsome/ros_ws_test/install/tug_example_msgs/lib/python2.7/dist-packages/tug_example_msgs/msg/_PutBoxFeedback.py
[9.541s] -- Installing: /home/handsome/ros_ws_test/install/tug_example_msgs/lib/python2.7/dist-packages/tug_example_msgs/msg/_RecoverNotFetchingBoxActionResult.pyc
[9.542s] -- Installing: /home/handsome/ros_ws_test/install/tug_example_msgs/lib/python2.7/dist-packages/tug_example_msgs/msg/_RecoverTimedOutGoal.py
[9.543s] -- Installing: /home/handsome/ros_ws_test/install/tug_example_msgs/lib/python2.7/dist-packages/tug_example_msgs/msg/_RecoverNotFetchingBoxAction.py
[9.543s] -- Installing: /home/handsome/ros_ws_test/install/tug_example_msgs/lib/python2.7/dist-packages/tug_example_msgs/msg/_TransportBoxResult.pyc
[9.544s] -- Installing: /home/handsome/ros_ws_test/install/tug_example_msgs/lib/python2.7/dist-packages/tug_example_msgs/msg/_PutBoxActionResult.pyc
[9.544s] -- Installing: /home/handsome/ros_ws_test/install/tug_example_msgs/lib/python2.7/dist-packages/tug_example_msgs/msg/_TransportBoxFeedback.pyc
[9.545s] -- Installing: /home/handsome/ros_ws_test/install/tug_example_msgs/lib/python2.7/dist-packages/tug_example_msgs/msg/_RecoverTimedOutResult.py
[9.545s] -- Installing: /home/handsome/ros_ws_test/install/tug_example_msgs/lib/python2.7/dist-packages/tug_example_msgs/msg/_RecoverTimedOutActionResult.pyc
[9.555s] -- Installing: /home/handsome/ros_ws_test/install/tug_example_msgs/lib/python2.7/dist-packages/tug_example_msgs/msg/_RecoverNotFetchingBoxResult.pyc
[9.555s] -- Installing: /home/handsome/ros_ws_test/install/tug_example_msgs/lib/python2.7/dist-packages/tug_example_msgs/msg/__init__.py
[9.555s] -- Installing: /home/handsome/ros_ws_test/install/tug_example_msgs/lib/python2.7/dist-packages/tug_example_msgs/msg/_RecoverNotFetchingBoxActionFeedback.py
[9.555s] -- Installing: /home/handsome/ros_ws_test/install/tug_example_msgs/lib/python2.7/dist-packages/tug_example_msgs/msg/_PutBoxGoal.pyc
[9.555s] -- Installing: /home/handsome/ros_ws_test/install/tug_example_msgs/lib/python2.7/dist-packages/tug_example_msgs/msg/_TransportBoxAction.py
[9.555s] -- Installing: /home/handsome/ros_ws_test/install/tug_example_msgs/lib/python2.7/dist-packages/tug_example_msgs/msg/_FetchBoxActionResult.py
[9.555s] -- Installing: /home/handsome/ros_ws_test/install/tug_example_msgs/lib/python2.7/dist-packages/tug_example_msgs/msg/_FetchBoxResult.py
[9.556s] -- Installing: /home/handsome/ros_ws_test/install/tug_example_msgs/lib/python2.7/dist-packages/tug_example_msgs/msg/_TransportBoxResult.py
[9.556s] -- Installing: /home/handsome/ros_ws_test/install/tug_example_msgs/lib/python2.7/dist-packages/tug_example_msgs/msg/_TransportBoxActionGoal.pyc
[9.556s] -- Installing: /home/handsome/ros_ws_test/install/tug_example_msgs/lib/python2.7/dist-packages/tug_example_msgs/msg/_TransportBoxActionFeedback.py
[9.556s] -- Installing: /home/handsome/ros_ws_test/install/tug_example_msgs/lib/python2.7/dist-packages/tug_example_msgs/msg/_FetchBoxActionFeedback.pyc
[9.556s] -- Installing: /home/handsome/ros_ws_test/install/tug_example_msgs/lib/python2.7/dist-packages/tug_example_msgs/msg/_PutBoxActionGoal.pyc
[9.556s] -- Installing: /home/handsome/ros_ws_test/install/tug_example_msgs/lib/python2.7/dist-packages/tug_example_msgs/msg/_FetchBoxActionFeedback.py
[9.556s] -- Installing: /home/handsome/ros_ws_test/install/tug_example_msgs/lib/python2.7/dist-packages/tug_example_msgs/msg/_RecoverNotFetchingBoxAction.pyc
[9.556s] -- Installing: /home/handsome/ros_ws_test/install/tug_example_msgs/lib/python2.7/dist-packages/tug_example_msgs/msg/_TransportBoxGoal.pyc
[9.556s] -- Installing: /home/handsome/ros_ws_test/install/tug_example_msgs/lib/python2.7/dist-packages/tug_example_msgs/msg/_RecoverNotFetchingBoxGoal.pyc
[9.556s] -- Installing: /home/handsome/ros_ws_test/install/tug_example_msgs/lib/python2.7/dist-packages/tug_example_msgs/msg/_RecoverTimedOutActionFeedback.pyc
[9.556s] -- Installing: /home/handsome/ros_ws_test/install/tug_example_msgs/lib/python2.7/dist-packages/tug_example_msgs/msg/_RecoverTimedOutAction.pyc
[9.556s] -- Installing: /home/handsome/ros_ws_test/install/tug_example_msgs/lib/python2.7/dist-packages/tug_example_msgs/msg/_RecoverTimedOutFeedback.py
[9.556s] -- Installing: /home/handsome/ros_ws_test/install/tug_example_msgs/lib/python2.7/dist-packages/tug_example_msgs/msg/_FetchBoxActionResult.pyc
[9.556s] -- Installing: /home/handsome/ros_ws_test/install/tug_example_msgs/lib/python2.7/dist-packages/tug_example_msgs/msg/_FetchBoxFeedback.py
[9.556s] -- Installing: /home/handsome/ros_ws_test/install/tug_example_msgs/lib/python2.7/dist-packages/tug_example_msgs/msg/_RecoverNotFetchingBoxFeedback.pyc
[9.556s] -- Installing: /home/handsome/ros_ws_test/install/tug_example_msgs/lib/python2.7/dist-packages/tug_example_msgs/msg/_TransportBoxActionResult.pyc
[9.557s] -- Installing: /home/handsome/ros_ws_test/install/tug_example_msgs/lib/python2.7/dist-packages/tug_example_msgs/msg/_RecoverTimedOutActionFeedback.py
[9.557s] -- Installing: /home/handsome/ros_ws_test/install/tug_example_msgs/lib/python2.7/dist-packages/tug_example_msgs/msg/_RecoverNotFetchingBoxResult.py
[9.557s] -- Installing: /home/handsome/ros_ws_test/install/tug_example_msgs/lib/python2.7/dist-packages/tug_example_msgs/msg/_FetchBoxResult.pyc
[9.557s] -- Installing: /home/handsome/ros_ws_test/install/tug_example_msgs/lib/python2.7/dist-packages/tug_example_msgs/msg/_RecoverTimedOutAction.py
[9.558s] -- Installing: /home/handsome/ros_ws_test/install/tug_example_msgs/lib/python2.7/dist-packages/tug_example_msgs/msg/_RecoverTimedOutGoal.pyc
[9.558s] -- Installing: /home/handsome/ros_ws_test/install/tug_example_msgs/lib/python2.7/dist-packages/tug_example_msgs/msg/_FetchBoxGoal.py
[9.558s] -- Installing: /home/handsome/ros_ws_test/install/tug_example_msgs/lib/python2.7/dist-packages/tug_example_msgs/msg/_FetchBoxGoal.pyc
[9.558s] -- Installing: /home/handsome/ros_ws_test/install/tug_example_msgs/lib/python2.7/dist-packages/tug_example_msgs/msg/_RecoverNotFetchingBoxActionResult.py
[9.558s] -- Installing: /home/handsome/ros_ws_test/install/tug_example_msgs/lib/python2.7/dist-packages/tug_example_msgs/msg/_RecoverTimedOutActionGoal.py
[9.558s] -- Installing: /home/handsome/ros_ws_test/install/tug_example_msgs/lib/python2.7/dist-packages/tug_example_msgs/msg/_FetchBoxFeedback.pyc
[9.558s] -- Installing: /home/handsome/ros_ws_test/install/tug_example_msgs/lib/python2.7/dist-packages/tug_example_msgs/msg/_FetchBoxActionGoal.pyc
[9.558s] -- Installing: /home/handsome/ros_ws_test/install/tug_example_msgs/lib/python2.7/dist-packages/tug_example_msgs/msg/_FetchBoxAction.pyc
[9.558s] -- Installing: /home/handsome/ros_ws_test/install/tug_example_msgs/lib/python2.7/dist-packages/tug_example_msgs/msg/_TransportBoxFeedback.py
[9.558s] -- Installing: /home/handsome/ros_ws_test/install/tug_example_msgs/lib/python2.7/dist-packages/tug_example_msgs/msg/_FetchBoxActionGoal.py
[9.558s] -- Installing: /home/handsome/ros_ws_test/install/tug_example_msgs/lib/python2.7/dist-packages/tug_example_msgs/msg/_PutBoxAction.pyc
[9.558s] -- Installing: /home/handsome/ros_ws_test/install/tug_example_msgs/lib/python2.7/dist-packages/tug_example_msgs/msg/_RecoverTimedOutActionGoal.pyc
[9.558s] -- Installing: /home/handsome/ros_ws_test/install/tug_example_msgs/lib/python2.7/dist-packages/tug_example_msgs/msg/_RecoverTimedOutActionResult.py
[9.558s] -- Installing: /home/handsome/ros_ws_test/install/tug_example_msgs/lib/python2.7/dist-packages/tug_example_msgs/msg/_TransportBoxGoal.py
[9.558s] -- Installing: /home/handsome/ros_ws_test/install/tug_example_msgs/lib/python2.7/dist-packages/tug_example_msgs/msg/_RecoverNotFetchingBoxGoal.py
[9.558s] -- Installing: /home/handsome/ros_ws_test/install/tug_example_msgs/lib/python2.7/dist-packages/tug_example_msgs/msg/_PutBoxAction.py
[9.559s] -- Installing: /home/handsome/ros_ws_test/install/tug_example_msgs/lib/python2.7/dist-packages/tug_example_msgs/msg/_PutBoxActionFeedback.py
[9.559s] -- Installing: /home/handsome/ros_ws_test/install/tug_example_msgs/lib/python2.7/dist-packages/tug_example_msgs/msg/__init__.pyc
[9.559s] -- Installing: /home/handsome/ros_ws_test/install/tug_example_msgs/lib/python2.7/dist-packages/tug_example_msgs/msg/_RecoverNotFetchingBoxFeedback.py
[9.559s] -- Installing: /home/handsome/ros_ws_test/install/tug_example_msgs/lib/python2.7/dist-packages/tug_example_msgs/msg/_RecoverTimedOutFeedback.pyc
[9.559s] -- Installing: /home/handsome/ros_ws_test/install/tug_example_msgs/lib/python2.7/dist-packages/tug_example_msgs/msg/_PutBoxActionFeedback.pyc
[9.559s] -- Installing: /home/handsome/ros_ws_test/install/tug_example_msgs/lib/python2.7/dist-packages/tug_example_msgs/msg/_TransportBoxActionResult.py
[9.559s] -- Installing: /home/handsome/ros_ws_test/install/tug_example_msgs/lib/python2.7/dist-packages/tug_example_msgs/msg/_PutBoxFeedback.pyc
[9.559s] -- Installing: /home/handsome/ros_ws_test/install/tug_example_msgs/lib/python2.7/dist-packages/tug_example_msgs/msg/_PutBoxGoal.py
[9.559s] -- Installing: /home/handsome/ros_ws_test/install/tug_example_msgs/lib/python2.7/dist-packages/tug_example_msgs/msg/_TransportBoxAction.pyc
[9.559s] -- Installing: /home/handsome/ros_ws_test/install/tug_example_msgs/lib/python2.7/dist-packages/tug_example_msgs/msg/_FetchBoxAction.py
[9.559s] -- Installing: /home/handsome/ros_ws_test/install/tug_example_msgs/lib/python2.7/dist-packages/tug_example_msgs/msg/_RecoverNotFetchingBoxActionFeedback.pyc
[9.559s] -- Installing: /home/handsome/ros_ws_test/install/tug_example_msgs/lib/python2.7/dist-packages/tug_example_msgs/msg/_PutBoxActionGoal.py
[9.559s] -- Installing: /home/handsome/ros_ws_test/install/tug_example_msgs/lib/python2.7/dist-packages/tug_example_msgs/msg/_RecoverNotFetchingBoxActionGoal.py
[9.559s] -- Installing: /home/handsome/ros_ws_test/install/tug_example_msgs/lib/python2.7/dist-packages/tug_example_msgs/msg/_RecoverTimedOutResult.pyc
[9.559s] -- Installing: /home/handsome/ros_ws_test/install/tug_example_msgs/lib/python2.7/dist-packages/tug_example_msgs/msg/_TransportBoxActionFeedback.pyc
[9.559s] -- Installing: /home/handsome/ros_ws_test/install/tug_example_msgs/lib/python2.7/dist-packages/tug_example_msgs/msg/_TransportBoxActionGoal.py
[9.560s] -- Installing: /home/handsome/ros_ws_test/install/tug_example_msgs/lib/python2.7/dist-packages/tug_example_msgs/msg/_RecoverNotFetchingBoxActionGoal.pyc
[9.560s] -- Installing: /home/handsome/ros_ws_test/install/tug_example_msgs/lib/python2.7/dist-packages/tug_example_msgs/msg/_PutBoxResult.pyc
[9.560s] -- Installing: /home/handsome/ros_ws_test/install/tug_example_msgs/lib/python2.7/dist-packages/tug_example_msgs/msg/_PutBoxActionResult.py
[9.561s] -- Installing: /home/handsome/ros_ws_test/install/tug_example_msgs/lib/python2.7/dist-packages/tug_example_msgs/__init__.py
[9.561s] -- Installing: /home/handsome/ros_ws_test/install/tug_example_msgs/lib/python2.7/dist-packages/tug_example_msgs/__init__.pyc
[9.561s] -- Installing: /home/handsome/ros_ws_test/install/tug_example_msgs/lib/pkgconfig/tug_example_msgs.pc
[9.561s] -- Installing: /home/handsome/ros_ws_test/install/tug_example_msgs/share/tug_example_msgs/cmake/tug_example_msgs-msg-extras.cmake
[9.561s] -- Installing: /home/handsome/ros_ws_test/install/tug_example_msgs/share/tug_example_msgs/cmake/tug_example_msgsConfig.cmake
[9.561s] -- Installing: /home/handsome/ros_ws_test/install/tug_example_msgs/share/tug_example_msgs/cmake/tug_example_msgsConfig-version.cmake
[9.561s] -- Installing: /home/handsome/ros_ws_test/install/tug_example_msgs/share/tug_example_msgs/package.xml
[9.569s] Invoked command in '/home/handsome/ros_ws_test/build/tug_example_msgs' returned '0': /usr/bin/cmake --build /home/handsome/ros_ws_test/build/tug_example_msgs --target install -- -j12 -l12
