[35m[1mScanning dependencies of target robot_scheduling_actions_node[0m
[  4%] [32mBuilding CXX object CMakeFiles/robot_scheduling_actions_node.dir/src/robot_scheduling_actions.cpp.o[0m
[  9%] [32mBuilding CXX object CMakeFiles/robot_scheduling_actions_node.dir/src/private_actions/robot_if_proc_upper_action.cpp.o[0m
[ 23%] [32mBuilding CXX object CMakeFiles/robot_scheduling_actions_node.dir/src/private_actions/robot_run_state_action.cpp.o[0m
[ 23%] [32mBuilding CXX object CMakeFiles/robot_scheduling_actions_node.dir/src/private_actions/robot_if_proc_lower_action.cpp.o[0m
[ 23%] [32mBuilding CXX object CMakeFiles/robot_scheduling_actions_node.dir/src/robot_scheduling_service.cpp.o[0m
[ 28%] [32mBuilding CXX object CMakeFiles/robot_scheduling_actions_node.dir/src/private_actions/robot_power_charge_action.cpp.o[0m
[01m[K/home/handsome/ros_ws_test/src/ros_base/robot_scheduling/robot_scheduling_actions/src/robot_scheduling_service.cpp:[m[K In member function ‘[01m[Kvoid robot_scheduling_service::sub_upper_topic_command_CB(const robot_topic_command&)[m[K’:
[01m[K/home/handsome/ros_ws_test/src/ros_base/robot_scheduling/robot_scheduling_actions/src/robot_scheduling_service.cpp:62:75:[m[K [01;31m[Kerror: [m[K‘[01m[KMODE_MANU_MOVEINT[m[K’ is not a member of ‘[01m[Krobot_scheduling_msgs::robot_topic_command {aka robot_scheduling_msgs::robot_topic_command_<std::allocator<void> >}[m[K’
                     cmd_id == robot_scheduling_msgs::robot_topic_command::[01;31m[KMODE_MANU_MOVEINT[m[K ||
                                                                           [01;31m[K^~~~~~~~~~~~~~~~~[m[K
[01m[K/home/handsome/ros_ws_test/src/ros_base/robot_scheduling/robot_scheduling_actions/src/robot_scheduling_service.cpp:[m[K In member function ‘[01m[Kbool robot_scheduling_service::manual_change_decise(int)[m[K’:
[01m[K/home/handsome/ros_ws_test/src/ros_base/robot_scheduling/robot_scheduling_actions/src/robot_scheduling_service.cpp:185:75:[m[K [01;31m[Kerror: [m[K‘[01m[KMODE_MANU_MOVEINT[m[K’ is not a member of ‘[01m[Krobot_scheduling_msgs::robot_topic_command {aka robot_scheduling_msgs::robot_topic_command_<std::allocator<void> >}[m[K’
             else if(cmd_id == robot_scheduling_msgs::robot_topic_command::[01;31m[KMODE_MANU_MOVEINT[m[K){
                                                                           [01;31m[K^~~~~~~~~~~~~~~~~[m[K
[01m[K/home/handsome/ros_ws_test/src/ros_base/robot_scheduling/robot_scheduling_actions/src/robot_scheduling_service.cpp:[m[K In member function ‘[01m[Kbool robot_scheduling_service::srv_Eval_service_for_upper(robot_scheduling_msgs::upper_if_command::Request&, robot_scheduling_msgs::upper_if_command::Response&)[m[K’:
[01m[K/home/handsome/ros_ws_test/src/ros_base/robot_scheduling/robot_scheduling_actions/src/robot_scheduling_service.cpp:339:71:[m[K [01;31m[Kerror: [m[K‘[01m[KMODE_MANU_MOVEINT[m[K’ is not a member of ‘[01m[Krobot_scheduling_msgs::robot_topic_command {aka robot_scheduling_msgs::robot_topic_command_<std::allocator<void> >}[m[K’
                 cmd_id == robot_scheduling_msgs::robot_topic_command::[01;31m[KMODE_MANU_MOVEINT[m[K ||
                                                                       [01;31m[K^~~~~~~~~~~~~~~~~[m[K
In file included from [01m[K/opt/ros/melodic/include/ros/ros.h:40:0[m[K,
                 from [01m[K/home/handsome/ros_ws_test/src/ros_base/robot_scheduling/robot_scheduling_actions/include/private_actions/robot_run_state_action.h:4[m[K,
                 from [01m[K/home/handsome/ros_ws_test/src/ros_base/robot_scheduling/robot_scheduling_actions/src/private_actions/robot_run_state_action.cpp:1[m[K:
[01m[K/home/handsome/ros_ws_test/src/ros_base/robot_scheduling/robot_scheduling_actions/src/private_actions/robot_run_state_action.cpp:[m[K In member function ‘[01m[Kactionlib::SimpleClientGoalState robot_run_state_action::do_db_process_ac(const db_processGoal&)[m[K’:
[01m[K/opt/ros/melodic/include/ros/console.h:348:176:[m[K [01;35m[Kwarning: [m[Kformat not a string literal and no format arguments [[01;35m[K-Wformat-security[m[K]
     ::ros::console::print(filter, __rosconsole_define_location__loc.logger_, __rosconsole_define_location__loc.level_, __FILE__, __LINE__, __ROSCONSOLE_FUNCTION__, __VA_ARGS__[01;35m[K)[m[K
                                                                                                                                                                                [01;35m[K^[m[K
[01m[K/opt/ros/melodic/include/ros/console.h:351:5:[m[K [01;36m[Knote: [m[Kin expansion of macro ‘[01m[KROSCONSOLE_PRINT_AT_LOCATION_WITH_FILTER[m[K’
     [01;36m[KROSCONSOLE_PRINT_AT_LOCATION_WITH_FILTER[m[K(NULL, __VA_ARGS__)
     [01;36m[K^~~~~~~~~~~~~~~~~~~~~~~~~~~~~~~~~~~~~~~~[m[K
[01m[K/opt/ros/melodic/include/ros/console.h:387:7:[m[K [01;36m[Knote: [m[Kin expansion of macro ‘[01m[KROSCONSOLE_PRINT_AT_LOCATION[m[K’
       [01;36m[KROSCONSOLE_PRINT_AT_LOCATION[m[K(__VA_ARGS__); \
       [01;36m[K^~~~~~~~~~~~~~~~~~~~~~~~~~~~[m[K
[01m[K/opt/ros/melodic/include/ros/console.h:572:35:[m[K [01;36m[Knote: [m[Kin expansion of macro ‘[01m[KROS_LOG_COND[m[K’
 #define ROS_LOG(level, name, ...) [01;36m[KROS_LOG_COND[m[K(true, level, name, __VA_ARGS__)
                                   [01;36m[K^~~~~~~~~~~~[m[K
[01m[K/opt/ros/melodic/include/rosconsole/macros_generated.h:110:23:[m[K [01;36m[Knote: [m[Kin expansion of macro ‘[01m[KROS_LOG[m[K’
 #define ROS_INFO(...) [01;36m[KROS_LOG[m[K(::ros::console::levels::Info, ROSCONSOLE_DEFAULT_NAME, __VA_ARGS__)
                       [01;36m[K^~~~~~~[m[K
[01m[K/home/handsome/ros_ws_test/src/ros_base/robot_scheduling/robot_scheduling_actions/src/private_actions/robot_run_state_action.cpp:502:5:[m[K [01;36m[Knote: [m[Kin expansion of macro ‘[01m[KROS_INFO[m[K’
     [01;36m[KR[m[KOS_INFO(goal.db_process_ac_name.c_str());
     [01;36m[K^[m[K
[01m[K/opt/ros/melodic/include/ros/console.h:348:176:[m[K [01;35m[Kwarning: [m[Kformat not a string literal and no format arguments [[01;35m[K-Wformat-security[m[K]
     ::ros::console::print(filter, __rosconsole_define_location__loc.logger_, __rosconsole_define_location__loc.level_, __FILE__, __LINE__, __ROSCONSOLE_FUNCTION__, __VA_ARGS__[01;35m[K)[m[K
                                                                                                                                                                                [01;35m[K^[m[K
[01m[K/opt/ros/melodic/include/ros/console.h:351:5:[m[K [01;36m[Knote: [m[Kin expansion of macro ‘[01m[KROSCONSOLE_PRINT_AT_LOCATION_WITH_FILTER[m[K’
     [01;36m[KROSCONSOLE_PRINT_AT_LOCATION_WITH_FILTER[m[K(NULL, __VA_ARGS__)
     [01;36m[K^~~~~~~~~~~~~~~~~~~~~~~~~~~~~~~~~~~~~~~~[m[K
[01m[K/opt/ros/melodic/include/ros/console.h:387:7:[m[K [01;36m[Knote: [m[Kin expansion of macro ‘[01m[KROSCONSOLE_PRINT_AT_LOCATION[m[K’
       [01;36m[KROSCONSOLE_PRINT_AT_LOCATION[m[K(__VA_ARGS__); \
       [01;36m[K^~~~~~~~~~~~~~~~~~~~~~~~~~~~[m[K
[01m[K/opt/ros/melodic/include/ros/console.h:572:35:[m[K [01;36m[Knote: [m[Kin expansion of macro ‘[01m[KROS_LOG_COND[m[K’
 #define ROS_LOG(level, name, ...) [01;36m[KROS_LOG_COND[m[K(true, level, name, __VA_ARGS__)
                                   [01;36m[K^~~~~~~~~~~~[m[K
[01m[K/opt/ros/melodic/include/rosconsole/macros_generated.h:110:23:[m[K [01;36m[Knote: [m[Kin expansion of macro ‘[01m[KROS_LOG[m[K’
 #define ROS_INFO(...) [01;36m[KROS_LOG[m[K(::ros::console::levels::Info, ROSCONSOLE_DEFAULT_NAME, __VA_ARGS__)
                       [01;36m[K^~~~~~~[m[K
[01m[K/home/handsome/ros_ws_test/src/ros_base/robot_scheduling/robot_scheduling_actions/src/private_actions/robot_run_state_action.cpp:516:5:[m[K [01;36m[Knote: [m[Kin expansion of macro ‘[01m[KROS_INFO[m[K’
     [01;36m[KR[m[KOS_INFO(goal.cmd_data.c_str());
     [01;36m[K^[m[K
CMakeFiles/robot_scheduling_actions_node.dir/build.make:110: recipe for target 'CMakeFiles/robot_scheduling_actions_node.dir/src/robot_scheduling_service.cpp.o' failed
make[2]: *** [CMakeFiles/robot_scheduling_actions_node.dir/src/robot_scheduling_service.cpp.o] Error 1
make[2]: *** Waiting for unfinished jobs....
CMakeFiles/Makefile2:483: recipe for target 'CMakeFiles/robot_scheduling_actions_node.dir/all' failed
make[1]: *** [CMakeFiles/robot_scheduling_actions_node.dir/all] Error 2
Makefile:140: recipe for target 'all' failed
make: *** [all] Error 2
