Determining if the pthread_create exist failed with the following output:
Change Dir: /home/handsome/ros_ws_test/build/tug_example_actions/CMakeFiles/CMakeTmp

Run Build Command:"/usr/bin/make" "cmTC_374d6/fast"
/usr/bin/make -f CMakeFiles/cmTC_374d6.dir/build.make CMakeFiles/cmTC_374d6.dir/build
make[1]: Entering directory '/home/handsome/ros_ws_test/build/tug_example_actions/CMakeFiles/CMakeTmp'
Building C object CMakeFiles/cmTC_374d6.dir/CheckSymbolExists.c.o
/usr/bin/cc    -o CMakeFiles/cmTC_374d6.dir/CheckSymbolExists.c.o   -c /home/handsome/ros_ws_test/build/tug_example_actions/CMakeFiles/CMakeTmp/CheckSymbolExists.c
Linking C executable cmTC_374d6
/usr/bin/cmake -E cmake_link_script CMakeFiles/cmTC_374d6.dir/link.txt --verbose=1
/usr/bin/cc      -rdynamic CMakeFiles/cmTC_374d6.dir/CheckSymbolExists.c.o  -o cmTC_374d6 
CMakeFiles/cmTC_374d6.dir/CheckSymbolExists.c.o: In function `main':
CheckSymbolExists.c:(.text+0x1b): undefined reference to `pthread_create'
collect2: error: ld returned 1 exit status
CMakeFiles/cmTC_374d6.dir/build.make:97: recipe for target 'cmTC_374d6' failed
make[1]: *** [cmTC_374d6] Error 1
make[1]: Leaving directory '/home/handsome/ros_ws_test/build/tug_example_actions/CMakeFiles/CMakeTmp'
Makefile:126: recipe for target 'cmTC_374d6/fast' failed
make: *** [cmTC_374d6/fast] Error 2

File /home/handsome/ros_ws_test/build/tug_example_actions/CMakeFiles/CMakeTmp/CheckSymbolExists.c:
/* */
#include <pthread.h>

int main(int argc, char** argv)
{
  (void)argv;
#ifndef pthread_create
  return ((int*)(&pthread_create))[argc];
#else
  (void)argc;
  return 0;
#endif
}

Determining if the function pthread_create exists in the pthreads failed with the following output:
Change Dir: /home/handsome/ros_ws_test/build/tug_example_actions/CMakeFiles/CMakeTmp

Run Build Command:"/usr/bin/make" "cmTC_c4995/fast"
/usr/bin/make -f CMakeFiles/cmTC_c4995.dir/build.make CMakeFiles/cmTC_c4995.dir/build
make[1]: Entering directory '/home/handsome/ros_ws_test/build/tug_example_actions/CMakeFiles/CMakeTmp'
Building C object CMakeFiles/cmTC_c4995.dir/CheckFunctionExists.c.o
/usr/bin/cc   -DCHECK_FUNCTION_EXISTS=pthread_create   -o CMakeFiles/cmTC_c4995.dir/CheckFunctionExists.c.o   -c /usr/share/cmake-3.10/Modules/CheckFunctionExists.c
Linking C executable cmTC_c4995
/usr/bin/cmake -E cmake_link_script CMakeFiles/cmTC_c4995.dir/link.txt --verbose=1
/usr/bin/cc  -DCHECK_FUNCTION_EXISTS=pthread_create    -rdynamic CMakeFiles/cmTC_c4995.dir/CheckFunctionExists.c.o  -o cmTC_c4995 -lpthreads 
/usr/bin/ld: cannot find -lpthreads
collect2: error: ld returned 1 exit status
CMakeFiles/cmTC_c4995.dir/build.make:97: recipe for target 'cmTC_c4995' failed
make[1]: *** [cmTC_c4995] Error 1
make[1]: Leaving directory '/home/handsome/ros_ws_test/build/tug_example_actions/CMakeFiles/CMakeTmp'
Makefile:126: recipe for target 'cmTC_c4995/fast' failed
make: *** [cmTC_c4995/fast] Error 2


