[0.103s] Invoking command in '/home/handsome/ros_ws_test/build/i_robot_stage': /usr/bin/cmake --build /home/handsome/ros_ws_test/build/i_robot_stage -- -j12 -l12
[0.329s] Invoked command in '/home/handsome/ros_ws_test/build/i_robot_stage' returned '0': /usr/bin/cmake --build /home/handsome/ros_ws_test/build/i_robot_stage -- -j12 -l12
[0.576s] Invoking command in '/home/handsome/ros_ws_test/build/i_robot_stage': /usr/bin/cmake --build /home/handsome/ros_ws_test/build/i_robot_stage --target tests -- -j12 -l12
[0.852s] Built target tests
[0.978s] Invoked command in '/home/handsome/ros_ws_test/build/i_robot_stage' returned '0': /usr/bin/cmake --build /home/handsome/ros_ws_test/build/i_robot_stage --target tests -- -j12 -l12
[1.454s] Invoking command in '/home/handsome/ros_ws_test/build/i_robot_stage': /usr/bin/cmake --build /home/handsome/ros_ws_test/build/i_robot_stage --target install -- -j12 -l12
[1.800s] [36mInstall the project...[0m
[1.843s] -- Install configuration: ""
[1.843s] -- Up-to-date: /home/handsome/ros_ws_test/install/i_robot_stage/lib/pkgconfig/i_robot_stage.pc
[1.843s] -- Up-to-date: /home/handsome/ros_ws_test/install/i_robot_stage/share/i_robot_stage/cmake/i_robot_stageConfig.cmake
[1.844s] -- Up-to-date: /home/handsome/ros_ws_test/install/i_robot_stage/share/i_robot_stage/cmake/i_robot_stageConfig-version.cmake
[1.844s] -- Up-to-date: /home/handsome/ros_ws_test/install/i_robot_stage/share/i_robot_stage/package.xml
[1.844s] -- Up-to-date: /home/handsome/ros_ws_test/install/i_robot_stage/etc/catkin/profile.d/25.i-robot-stage.sh
[1.844s] -- Up-to-date: /home/handsome/ros_ws_test/install/i_robot_stage/share/i_robot_stage/catkin_env_hook/25.i-robot-stage.sh
[1.844s] -- Up-to-date: /home/handsome/ros_ws_test/install/i_robot_stage/share/i_robot_stage/launch
[1.844s] -- Up-to-date: /home/handsome/ros_ws_test/install/i_robot_stage/share/i_robot_stage/launch/i_robot_teb_in_stage.launch
[1.844s] -- Up-to-date: /home/handsome/ros_ws_test/install/i_robot_stage/share/i_robot_stage/launch/i_robot_in_stage.launch
[1.845s] -- Up-to-date: /home/handsome/ros_ws_test/install/i_robot_stage/share/i_robot_stage/launch/i_robot_locomotor_teb_in_stage.launch
[1.845s] -- Up-to-date: /home/handsome/ros_ws_test/install/i_robot_stage/share/i_robot_stage/launch/i_robot_real_teb.launch
[1.845s] -- Up-to-date: /home/handsome/ros_ws_test/install/i_robot_stage/share/i_robot_stage/launch/locomotor.launch
[1.845s] -- Up-to-date: /home/handsome/ros_ws_test/install/i_robot_stage/share/i_robot_stage/param
[1.845s] -- Up-to-date: /home/handsome/ros_ws_test/install/i_robot_stage/share/i_robot_stage/param/mux.yaml
[1.845s] -- Up-to-date: /home/handsome/ros_ws_test/install/i_robot_stage/share/i_robot_stage/maps
[1.846s] -- Up-to-date: /home/handsome/ros_ws_test/install/i_robot_stage/share/i_robot_stage/maps/maze.yaml
[1.846s] -- Up-to-date: /home/handsome/ros_ws_test/install/i_robot_stage/share/i_robot_stage/maps/robopark_plan.yaml
[1.847s] -- Up-to-date: /home/handsome/ros_ws_test/install/i_robot_stage/share/i_robot_stage/maps/robopark2.bmp
[1.847s] -- Up-to-date: /home/handsome/ros_ws_test/install/i_robot_stage/share/i_robot_stage/maps/stage
[1.847s] -- Up-to-date: /home/handsome/ros_ws_test/install/i_robot_stage/share/i_robot_stage/maps/stage/robopark_plan.world
[1.847s] -- Up-to-date: /home/handsome/ros_ws_test/install/i_robot_stage/share/i_robot_stage/maps/stage/turtlebot.inc
[1.847s] -- Up-to-date: /home/handsome/ros_ws_test/install/i_robot_stage/share/i_robot_stage/maps/stage/maze.world
[1.847s] -- Up-to-date: /home/handsome/ros_ws_test/install/i_robot_stage/share/i_robot_stage/maps/maze.png
[1.847s] -- Up-to-date: /home/handsome/ros_ws_test/install/i_robot_stage/share/i_robot_stage/rviz
[1.848s] -- Up-to-date: /home/handsome/ros_ws_test/install/i_robot_stage/share/i_robot_stage/rviz/robot_teb_navigation.rviz
[1.848s] -- Up-to-date: /home/handsome/ros_ws_test/install/i_robot_stage/share/i_robot_stage/rviz/robot_navigation.rviz
[1.856s] Invoked command in '/home/handsome/ros_ws_test/build/i_robot_stage' returned '0': /usr/bin/cmake --build /home/handsome/ros_ws_test/build/i_robot_stage --target install -- -j12 -l12
