[0.018s] Invoking command in '/home/handsome/ros_ws_test/build/car_db_manager_msgs': /usr/bin/cmake --build /home/handsome/ros_ws_test/build/car_db_manager_msgs -- -j12 -l12
[0.113s] [  0%] Built target std_srvs_generate_messages_eus
[0.113s] [  0%] Built target geometry_msgs_generate_messages_eus
[0.113s] [  0%] Built target std_msgs_generate_messages_eus
[0.122s] [  0%] Built target actionlib_msgs_generate_messages_eus
[0.204s] [  0%] Built target _car_db_manager_msgs_generate_messages_check_deps_WorkSheetItemsCmd
[0.204s] [  0%] Built target _car_db_manager_msgs_generate_messages_check_deps_PidCtrlParametersCmd
[0.206s] [  0%] Built target _car_db_manager_msgs_generate_messages_check_deps_car_db_processFeedback
[0.206s] [  0%] Built target _car_db_manager_msgs_generate_messages_check_deps_CheckParametersCmd
[0.206s] [  0%] Built target _car_db_manager_msgs_generate_messages_check_deps_CheckParameters
[0.207s] [  0%] Built target _car_db_manager_msgs_generate_messages_check_deps_ActionFunctionParameters
[0.210s] [  0%] Built target _car_db_manager_msgs_generate_messages_check_deps_WorkSheetItems
[0.221s] [  0%] Built target _car_db_manager_msgs_generate_messages_check_deps_OperatecodeParameters
[0.244s] [  0%] Built target _car_db_manager_msgs_generate_messages_check_deps_car_db_processAction
[0.245s] [  0%] Built target _car_db_manager_msgs_generate_messages_check_deps_CarOperateHistoryCmd
[0.249s] [  0%] Built target _car_db_manager_msgs_generate_messages_check_deps_TargerPos2dParametersCmd
[0.255s] [  0%] Built target _car_db_manager_msgs_generate_messages_check_deps_CarAlarmHistoryCmd
[0.318s] [  0%] Built target _car_db_manager_msgs_generate_messages_check_deps_car_db_process_recoveryActionFeedback
[0.319s] [  0%] Built target _car_db_manager_msgs_generate_messages_check_deps_car_db_process_recoveryActionResult
[0.328s] [  0%] Built target _car_db_manager_msgs_generate_messages_check_deps_car_db_process_recoveryAction
[0.328s] [  0%] Built target _car_db_manager_msgs_generate_messages_check_deps_CarOperateHistory
[0.330s] [  0%] Built target _car_db_manager_msgs_generate_messages_check_deps_car_db_processActionGoal
[0.335s] [  0%] Built target _car_db_manager_msgs_generate_messages_check_deps_car_db_processActionFeedback
[0.348s] [  0%] Built target _car_db_manager_msgs_generate_messages_check_deps_WorkSheetMain
[0.350s] [  0%] Built target _car_db_manager_msgs_generate_messages_check_deps_TargerPos2dParameters
[0.362s] [  0%] Built target _car_db_manager_msgs_generate_messages_check_deps_car_db_processGoal
[0.373s] [  0%] Built target _car_db_manager_msgs_generate_messages_check_deps_OperatecodeParametersCmd
[0.374s] [  0%] Built target _car_db_manager_msgs_generate_messages_check_deps_ActionFunctionParametersCmd
[0.382s] [  0%] Built target _car_db_manager_msgs_generate_messages_check_deps_car_db_processResult
[0.427s] [  0%] Built target std_srvs_generate_messages_nodejs
[0.441s] [  0%] Built target std_msgs_generate_messages_nodejs
[0.443s] [  0%] Built target _car_db_manager_msgs_generate_messages_check_deps_car_db_processActionResult
[0.445s] [  0%] Built target _car_db_manager_msgs_generate_messages_check_deps_CarAlarmHistory
[0.448s] [  0%] Built target _car_db_manager_msgs_generate_messages_check_deps_car_db_process_recoveryActionGoal
[0.450s] [  0%] Built target _car_db_manager_msgs_generate_messages_check_deps_AlarmcodeParameters
[0.456s] [  0%] Built target _car_db_manager_msgs_generate_messages_check_deps_WorkSheetMainCmd
[0.461s] [  0%] Built target _car_db_manager_msgs_generate_messages_check_deps_car_db_process_recoveryResult
[0.472s] [  0%] Built target _car_db_manager_msgs_generate_messages_check_deps_car_db_process_recoveryFeedback
[0.472s] [  0%] Built target _car_db_manager_msgs_generate_messages_check_deps_PidCtrlParameters
[0.482s] [  0%] Built target actionlib_msgs_generate_messages_nodejs
[0.484s] [  0%] Built target _car_db_manager_msgs_generate_messages_check_deps_car_db_process_recoveryGoal
[0.490s] [  0%] Built target geometry_msgs_generate_messages_nodejs
[0.494s] [  0%] Built target actionlib_msgs_generate_messages_py
[0.495s] [  0%] Built target geometry_msgs_generate_messages_py
[0.497s] [  0%] Built target std_srvs_generate_messages_py
[0.500s] [  0%] Built target std_msgs_generate_messages_py
[0.503s] [  0%] Built target _car_db_manager_msgs_generate_messages_check_deps_AlarmcodeParametersCmd
[0.507s] [  0%] Built target geometry_msgs_generate_messages_cpp
[0.514s] [  0%] Built target std_msgs_generate_messages_cpp
[0.517s] [  0%] Built target actionlib_msgs_generate_messages_cpp
[0.520s] [  0%] Built target std_srvs_generate_messages_cpp
[0.527s] [  0%] Built target geometry_msgs_generate_messages_lisp
[0.530s] [  0%] Built target std_msgs_generate_messages_lisp
[0.532s] [  0%] Built target actionlib_msgs_generate_messages_lisp
[0.539s] [  0%] Built target std_srvs_generate_messages_lisp
[0.548s] [  1%] [34m[1mGenerating EusLisp code from car_db_manager_msgs/PidCtrlParametersCmd.srv[0m
[0.548s] [  1%] [34m[1mGenerating Javascript code from car_db_manager_msgs/PidCtrlParametersCmd.srv[0m
[0.548s] [  1%] [34m[1mGenerating Javascript code from car_db_manager_msgs/PidCtrlParameters.msg[0m
[0.554s] [  3%] [34m[1mGenerating Python from MSG car_db_manager_msgs/PidCtrlParameters[0m
[0.554s] [  3%] [34m[1mGenerating Python code from SRV car_db_manager_msgs/PidCtrlParametersCmd[0m
[0.554s] [  4%] [34m[1mGenerating EusLisp code from car_db_manager_msgs/PidCtrlParameters.msg[0m
[0.559s] [  4%] [34m[1mGenerating C++ code from car_db_manager_msgs/PidCtrlParameters.msg[0m
[0.564s] [  4%] [34m[1mGenerating C++ code from car_db_manager_msgs/PidCtrlParametersCmd.srv[0m
[0.577s] [  5%] [34m[1mGenerating Lisp code from car_db_manager_msgs/PidCtrlParameters.msg[0m
[0.582s] [  6%] [34m[1mGenerating Lisp code from car_db_manager_msgs/PidCtrlParametersCmd.srv[0m
[0.645s] [ 26%] Built target car_db_manager_msgs_generate_messages_nodejs
[0.682s] [ 43%] Built target car_db_manager_msgs_generate_messages_lisp
[0.683s] [ 61%] Built target car_db_manager_msgs_generate_messages_eus
[0.729s] [ 63%] [34m[1mGenerating Python msg __init__.py for car_db_manager_msgs[0m
[0.729s] [ 63%] [34m[1mGenerating Python srv __init__.py for car_db_manager_msgs[0m
[0.822s] [ 82%] Built target car_db_manager_msgs_generate_messages_cpp
[0.843s] [100%] Built target car_db_manager_msgs_generate_messages_py
[0.867s] [100%] Built target car_db_manager_msgs_generate_messages
[0.879s] Invoked command in '/home/handsome/ros_ws_test/build/car_db_manager_msgs' returned '0': /usr/bin/cmake --build /home/handsome/ros_ws_test/build/car_db_manager_msgs -- -j12 -l12
[1.141s] Invoking command in '/home/handsome/ros_ws_test/build/car_db_manager_msgs': /usr/bin/cmake --build /home/handsome/ros_ws_test/build/car_db_manager_msgs --target tests -- -j12 -l12
[1.262s] Built target tests
[1.282s] Invoked command in '/home/handsome/ros_ws_test/build/car_db_manager_msgs' returned '0': /usr/bin/cmake --build /home/handsome/ros_ws_test/build/car_db_manager_msgs --target tests -- -j12 -l12
[1.661s] Invoking command in '/home/handsome/ros_ws_test/build/car_db_manager_msgs': /usr/bin/cmake --build /home/handsome/ros_ws_test/build/car_db_manager_msgs --target install -- -j12 -l12
[1.765s] [  0%] Built target std_msgs_generate_messages_eus
[1.765s] [  0%] Built target std_srvs_generate_messages_eus
[1.766s] [  0%] Built target actionlib_msgs_generate_messages_eus
[1.771s] [  0%] Built target geometry_msgs_generate_messages_eus
[1.844s] [  0%] Built target _car_db_manager_msgs_generate_messages_check_deps_OperatecodeParameters
[1.844s] [  0%] Built target _car_db_manager_msgs_generate_messages_check_deps_WorkSheetItemsCmd
[1.844s] [  0%] Built target _car_db_manager_msgs_generate_messages_check_deps_WorkSheetItems
[1.844s] [  0%] Built target _car_db_manager_msgs_generate_messages_check_deps_car_db_processFeedback
[1.845s] [  0%] Built target _car_db_manager_msgs_generate_messages_check_deps_CheckParameters
[1.847s] [  0%] Built target _car_db_manager_msgs_generate_messages_check_deps_ActionFunctionParameters
[1.849s] [  0%] Built target _car_db_manager_msgs_generate_messages_check_deps_PidCtrlParametersCmd
[1.857s] [  0%] Built target _car_db_manager_msgs_generate_messages_check_deps_CheckParametersCmd
[1.888s] [  0%] Built target _car_db_manager_msgs_generate_messages_check_deps_CarAlarmHistoryCmd
[1.890s] [  0%] Built target _car_db_manager_msgs_generate_messages_check_deps_TargerPos2dParametersCmd
[1.892s] [  0%] Built target _car_db_manager_msgs_generate_messages_check_deps_car_db_processAction
[1.896s] [  0%] Built target _car_db_manager_msgs_generate_messages_check_deps_CarOperateHistoryCmd
[1.966s] [  0%] Built target _car_db_manager_msgs_generate_messages_check_deps_car_db_process_recoveryActionResult
[1.967s] [  0%] Built target _car_db_manager_msgs_generate_messages_check_deps_CarOperateHistory
[1.969s] [  0%] Built target _car_db_manager_msgs_generate_messages_check_deps_car_db_process_recoveryAction
[1.969s] [  0%] Built target _car_db_manager_msgs_generate_messages_check_deps_car_db_process_recoveryActionFeedback
[1.970s] [  0%] Built target _car_db_manager_msgs_generate_messages_check_deps_car_db_processActionGoal
[1.970s] [  0%] Built target _car_db_manager_msgs_generate_messages_check_deps_WorkSheetMain
[1.974s] [  0%] Built target _car_db_manager_msgs_generate_messages_check_deps_car_db_processActionFeedback
[1.976s] [  0%] Built target _car_db_manager_msgs_generate_messages_check_deps_TargerPos2dParameters
[2.012s] [  0%] Built target _car_db_manager_msgs_generate_messages_check_deps_OperatecodeParametersCmd
[2.014s] [  0%] Built target _car_db_manager_msgs_generate_messages_check_deps_car_db_processResult
[2.015s] [  0%] Built target _car_db_manager_msgs_generate_messages_check_deps_car_db_processGoal
[2.018s] [  0%] Built target _car_db_manager_msgs_generate_messages_check_deps_ActionFunctionParametersCmd
[2.065s] [  0%] Built target std_srvs_generate_messages_nodejs
[2.069s] [  0%] Built target std_msgs_generate_messages_nodejs
[2.080s] [  0%] Built target _car_db_manager_msgs_generate_messages_check_deps_CarAlarmHistory
[2.086s] [  0%] Built target _car_db_manager_msgs_generate_messages_check_deps_car_db_process_recoveryActionGoal
[2.087s] [  0%] Built target _car_db_manager_msgs_generate_messages_check_deps_car_db_process_recoveryResult
[2.092s] [  0%] Built target _car_db_manager_msgs_generate_messages_check_deps_WorkSheetMainCmd
[2.094s] [  0%] Built target _car_db_manager_msgs_generate_messages_check_deps_AlarmcodeParameters
[2.095s] [  0%] Built target _car_db_manager_msgs_generate_messages_check_deps_PidCtrlParameters
[2.098s] [  0%] Built target _car_db_manager_msgs_generate_messages_check_deps_car_db_processActionResult
[2.099s] [  0%] Built target _car_db_manager_msgs_generate_messages_check_deps_car_db_process_recoveryFeedback
[2.118s] [  0%] Built target actionlib_msgs_generate_messages_nodejs
[2.124s] [  0%] Built target geometry_msgs_generate_messages_nodejs
[2.130s] [  0%] Built target geometry_msgs_generate_messages_py
[2.133s] [  0%] Built target actionlib_msgs_generate_messages_py
[2.133s] [  0%] Built target _car_db_manager_msgs_generate_messages_check_deps_AlarmcodeParametersCmd
[2.133s] [  0%] Built target _car_db_manager_msgs_generate_messages_check_deps_car_db_process_recoveryGoal
[2.138s] [  0%] Built target std_msgs_generate_messages_py
[2.143s] [  0%] Built target std_srvs_generate_messages_py
[2.147s] [  0%] Built target geometry_msgs_generate_messages_cpp
[2.148s] [  0%] Built target std_msgs_generate_messages_cpp
[2.148s] [  0%] Built target std_srvs_generate_messages_cpp
[2.148s] [  0%] Built target actionlib_msgs_generate_messages_cpp
[2.165s] [  0%] Built target geometry_msgs_generate_messages_lisp
[2.165s] [  0%] Built target actionlib_msgs_generate_messages_lisp
[2.170s] [  0%] Built target std_srvs_generate_messages_lisp
[2.174s] [  0%] Built target std_msgs_generate_messages_lisp
[2.176s] [ 20%] Built target car_db_manager_msgs_generate_messages_eus
[2.178s] [ 40%] Built target car_db_manager_msgs_generate_messages_nodejs
[2.181s] [ 61%] Built target car_db_manager_msgs_generate_messages_py
[2.185s] [ 80%] Built target car_db_manager_msgs_generate_messages_cpp
[2.201s] [100%] Built target car_db_manager_msgs_generate_messages_lisp
[2.224s] [100%] Built target car_db_manager_msgs_generate_messages
[2.248s] [36mInstall the project...[0m
[2.259s] -- Install configuration: ""
[2.259s] -- Up-to-date: /home/handsome/ros_ws_test/install/car_db_manager_msgs/share/car_db_manager_msgs/msg/CheckParameters.msg
[2.259s] -- Installing: /home/handsome/ros_ws_test/install/car_db_manager_msgs/share/car_db_manager_msgs/msg/PidCtrlParameters.msg
[2.259s] -- Up-to-date: /home/handsome/ros_ws_test/install/car_db_manager_msgs/share/car_db_manager_msgs/msg/TargerPos2dParameters.msg
[2.259s] -- Up-to-date: /home/handsome/ros_ws_test/install/car_db_manager_msgs/share/car_db_manager_msgs/msg/AlarmcodeParameters.msg
[2.259s] -- Up-to-date: /home/handsome/ros_ws_test/install/car_db_manager_msgs/share/car_db_manager_msgs/msg/OperatecodeParameters.msg
[2.259s] -- Up-to-date: /home/handsome/ros_ws_test/install/car_db_manager_msgs/share/car_db_manager_msgs/msg/CarAlarmHistory.msg
[2.259s] -- Up-to-date: /home/handsome/ros_ws_test/install/car_db_manager_msgs/share/car_db_manager_msgs/msg/CarOperateHistory.msg
[2.259s] -- Up-to-date: /home/handsome/ros_ws_test/install/car_db_manager_msgs/share/car_db_manager_msgs/msg/ActionFunctionParameters.msg
[2.260s] -- Up-to-date: /home/handsome/ros_ws_test/install/car_db_manager_msgs/share/car_db_manager_msgs/msg/WorkSheetMain.msg
[2.260s] -- Up-to-date: /home/handsome/ros_ws_test/install/car_db_manager_msgs/share/car_db_manager_msgs/msg/WorkSheetItems.msg
[2.260s] -- Up-to-date: /home/handsome/ros_ws_test/install/car_db_manager_msgs/share/car_db_manager_msgs/srv/CheckParametersCmd.srv
[2.260s] -- Up-to-date: /home/handsome/ros_ws_test/install/car_db_manager_msgs/share/car_db_manager_msgs/srv/PidCtrlParametersCmd.srv
[2.260s] -- Up-to-date: /home/handsome/ros_ws_test/install/car_db_manager_msgs/share/car_db_manager_msgs/srv/TargerPos2dParametersCmd.srv
[2.260s] -- Up-to-date: /home/handsome/ros_ws_test/install/car_db_manager_msgs/share/car_db_manager_msgs/srv/AlarmcodeParametersCmd.srv
[2.260s] -- Up-to-date: /home/handsome/ros_ws_test/install/car_db_manager_msgs/share/car_db_manager_msgs/srv/OperatecodeParametersCmd.srv
[2.260s] -- Up-to-date: /home/handsome/ros_ws_test/install/car_db_manager_msgs/share/car_db_manager_msgs/srv/CarAlarmHistoryCmd.srv
[2.260s] -- Up-to-date: /home/handsome/ros_ws_test/install/car_db_manager_msgs/share/car_db_manager_msgs/srv/CarOperateHistoryCmd.srv
[2.260s] -- Up-to-date: /home/handsome/ros_ws_test/install/car_db_manager_msgs/share/car_db_manager_msgs/srv/ActionFunctionParametersCmd.srv
[2.261s] -- Up-to-date: /home/handsome/ros_ws_test/install/car_db_manager_msgs/share/car_db_manager_msgs/srv/WorkSheetMainCmd.srv
[2.261s] -- Up-to-date: /home/handsome/ros_ws_test/install/car_db_manager_msgs/share/car_db_manager_msgs/srv/WorkSheetItemsCmd.srv
[2.261s] -- Up-to-date: /home/handsome/ros_ws_test/install/car_db_manager_msgs/share/car_db_manager_msgs/action/car_db_process.action
[2.261s] -- Up-to-date: /home/handsome/ros_ws_test/install/car_db_manager_msgs/share/car_db_manager_msgs/action/car_db_process_recovery.action
[2.261s] -- Up-to-date: /home/handsome/ros_ws_test/install/car_db_manager_msgs/share/car_db_manager_msgs/msg/car_db_processAction.msg
[2.261s] -- Up-to-date: /home/handsome/ros_ws_test/install/car_db_manager_msgs/share/car_db_manager_msgs/msg/car_db_processActionGoal.msg
[2.261s] -- Up-to-date: /home/handsome/ros_ws_test/install/car_db_manager_msgs/share/car_db_manager_msgs/msg/car_db_processActionResult.msg
[2.261s] -- Up-to-date: /home/handsome/ros_ws_test/install/car_db_manager_msgs/share/car_db_manager_msgs/msg/car_db_processActionFeedback.msg
[2.261s] -- Up-to-date: /home/handsome/ros_ws_test/install/car_db_manager_msgs/share/car_db_manager_msgs/msg/car_db_processGoal.msg
[2.261s] -- Up-to-date: /home/handsome/ros_ws_test/install/car_db_manager_msgs/share/car_db_manager_msgs/msg/car_db_processResult.msg
[2.262s] -- Up-to-date: /home/handsome/ros_ws_test/install/car_db_manager_msgs/share/car_db_manager_msgs/msg/car_db_processFeedback.msg
[2.262s] -- Up-to-date: /home/handsome/ros_ws_test/install/car_db_manager_msgs/share/car_db_manager_msgs/msg/car_db_process_recoveryAction.msg
[2.262s] -- Up-to-date: /home/handsome/ros_ws_test/install/car_db_manager_msgs/share/car_db_manager_msgs/msg/car_db_process_recoveryActionGoal.msg
[2.262s] -- Up-to-date: /home/handsome/ros_ws_test/install/car_db_manager_msgs/share/car_db_manager_msgs/msg/car_db_process_recoveryActionResult.msg
[2.262s] -- Up-to-date: /home/handsome/ros_ws_test/install/car_db_manager_msgs/share/car_db_manager_msgs/msg/car_db_process_recoveryActionFeedback.msg
[2.262s] -- Up-to-date: /home/handsome/ros_ws_test/install/car_db_manager_msgs/share/car_db_manager_msgs/msg/car_db_process_recoveryGoal.msg
[2.262s] -- Up-to-date: /home/handsome/ros_ws_test/install/car_db_manager_msgs/share/car_db_manager_msgs/msg/car_db_process_recoveryResult.msg
[2.262s] -- Up-to-date: /home/handsome/ros_ws_test/install/car_db_manager_msgs/share/car_db_manager_msgs/msg/car_db_process_recoveryFeedback.msg
[2.262s] -- Up-to-date: /home/handsome/ros_ws_test/install/car_db_manager_msgs/share/car_db_manager_msgs/cmake/car_db_manager_msgs-msg-paths.cmake
[2.262s] -- Up-to-date: /home/handsome/ros_ws_test/install/car_db_manager_msgs/include/car_db_manager_msgs
[2.263s] -- Up-to-date: /home/handsome/ros_ws_test/install/car_db_manager_msgs/include/car_db_manager_msgs/AlarmcodeParametersCmdRequest.h
[2.263s] -- Up-to-date: /home/handsome/ros_ws_test/install/car_db_manager_msgs/include/car_db_manager_msgs/WorkSheetMain.h
[2.263s] -- Up-to-date: /home/handsome/ros_ws_test/install/car_db_manager_msgs/include/car_db_manager_msgs/car_db_processGoal.h
[2.263s] -- Up-to-date: /home/handsome/ros_ws_test/install/car_db_manager_msgs/include/car_db_manager_msgs/OperatecodeParametersCmdResponse.h
[2.263s] -- Up-to-date: /home/handsome/ros_ws_test/install/car_db_manager_msgs/include/car_db_manager_msgs/car_db_process_recoveryAction.h
[2.263s] -- Up-to-date: /home/handsome/ros_ws_test/install/car_db_manager_msgs/include/car_db_manager_msgs/WorkSheetItemsCmdRequest.h
[2.263s] -- Up-to-date: /home/handsome/ros_ws_test/install/car_db_manager_msgs/include/car_db_manager_msgs/car_db_processResult.h
[2.264s] -- Up-to-date: /home/handsome/ros_ws_test/install/car_db_manager_msgs/include/car_db_manager_msgs/WorkSheetMainCmdRequest.h
[2.264s] -- Up-to-date: /home/handsome/ros_ws_test/install/car_db_manager_msgs/include/car_db_manager_msgs/ActionFunctionParameters.h
[2.264s] -- Up-to-date: /home/handsome/ros_ws_test/install/car_db_manager_msgs/include/car_db_manager_msgs/CarAlarmHistoryCmd.h
[2.264s] -- Up-to-date: /home/handsome/ros_ws_test/install/car_db_manager_msgs/include/car_db_manager_msgs/car_db_processActionFeedback.h
[2.264s] -- Up-to-date: /home/handsome/ros_ws_test/install/car_db_manager_msgs/include/car_db_manager_msgs/CarAlarmHistoryCmdResponse.h
[2.264s] -- Up-to-date: /home/handsome/ros_ws_test/install/car_db_manager_msgs/include/car_db_manager_msgs/car_db_processFeedback.h
[2.264s] -- Installing: /home/handsome/ros_ws_test/install/car_db_manager_msgs/include/car_db_manager_msgs/PidCtrlParametersCmdResponse.h
[2.264s] -- Up-to-date: /home/handsome/ros_ws_test/install/car_db_manager_msgs/include/car_db_manager_msgs/car_db_processActionGoal.h
[2.264s] -- Up-to-date: /home/handsome/ros_ws_test/install/car_db_manager_msgs/include/car_db_manager_msgs/AlarmcodeParametersCmd.h
[2.264s] -- Up-to-date: /home/handsome/ros_ws_test/install/car_db_manager_msgs/include/car_db_manager_msgs/AlarmcodeParameters.h
[2.265s] -- Up-to-date: /home/handsome/ros_ws_test/install/car_db_manager_msgs/include/car_db_manager_msgs/CarOperateHistoryCmdRequest.h
[2.265s] -- Installing: /home/handsome/ros_ws_test/install/car_db_manager_msgs/include/car_db_manager_msgs/PidCtrlParametersCmdRequest.h
[2.265s] -- Up-to-date: /home/handsome/ros_ws_test/install/car_db_manager_msgs/include/car_db_manager_msgs/AlarmcodeParametersCmdResponse.h
[2.265s] -- Up-to-date: /home/handsome/ros_ws_test/install/car_db_manager_msgs/include/car_db_manager_msgs/CheckParametersCmdRequest.h
[2.265s] -- Installing: /home/handsome/ros_ws_test/install/car_db_manager_msgs/include/car_db_manager_msgs/PidCtrlParameters.h
[2.265s] -- Up-to-date: /home/handsome/ros_ws_test/install/car_db_manager_msgs/include/car_db_manager_msgs/TargerPos2dParametersCmd.h
[2.265s] -- Up-to-date: /home/handsome/ros_ws_test/install/car_db_manager_msgs/include/car_db_manager_msgs/OperatecodeParameters.h
[2.265s] -- Up-to-date: /home/handsome/ros_ws_test/install/car_db_manager_msgs/include/car_db_manager_msgs/CheckParametersCmd.h
[2.265s] -- Up-to-date: /home/handsome/ros_ws_test/install/car_db_manager_msgs/include/car_db_manager_msgs/CheckParameters.h
[2.265s] -- Up-to-date: /home/handsome/ros_ws_test/install/car_db_manager_msgs/include/car_db_manager_msgs/car_db_process_recoveryGoal.h
[2.265s] -- Up-to-date: /home/handsome/ros_ws_test/install/car_db_manager_msgs/include/car_db_manager_msgs/OperatecodeParametersCmd.h
[2.266s] -- Up-to-date: /home/handsome/ros_ws_test/install/car_db_manager_msgs/include/car_db_manager_msgs/CarAlarmHistory.h
[2.266s] -- Up-to-date: /home/handsome/ros_ws_test/install/car_db_manager_msgs/include/car_db_manager_msgs/TargerPos2dParametersCmdResponse.h
[2.266s] -- Up-to-date: /home/handsome/ros_ws_test/install/car_db_manager_msgs/include/car_db_manager_msgs/car_db_process_recoveryActionResult.h
[2.266s] -- Up-to-date: /home/handsome/ros_ws_test/install/car_db_manager_msgs/include/car_db_manager_msgs/ActionFunctionParametersCmd.h
[2.266s] -- Installing: /home/handsome/ros_ws_test/install/car_db_manager_msgs/include/car_db_manager_msgs/PidCtrlParametersCmd.h
[2.266s] -- Up-to-date: /home/handsome/ros_ws_test/install/car_db_manager_msgs/include/car_db_manager_msgs/CarOperateHistory.h
[2.266s] -- Up-to-date: /home/handsome/ros_ws_test/install/car_db_manager_msgs/include/car_db_manager_msgs/CarOperateHistoryCmd.h
[2.266s] -- Up-to-date: /home/handsome/ros_ws_test/install/car_db_manager_msgs/include/car_db_manager_msgs/CheckParametersCmdResponse.h
[2.266s] -- Up-to-date: /home/handsome/ros_ws_test/install/car_db_manager_msgs/include/car_db_manager_msgs/OperatecodeParametersCmdRequest.h
[2.266s] -- Up-to-date: /home/handsome/ros_ws_test/install/car_db_manager_msgs/include/car_db_manager_msgs/car_db_processAction.h
[2.266s] -- Up-to-date: /home/handsome/ros_ws_test/install/car_db_manager_msgs/include/car_db_manager_msgs/TargerPos2dParametersCmdRequest.h
[2.266s] -- Up-to-date: /home/handsome/ros_ws_test/install/car_db_manager_msgs/include/car_db_manager_msgs/car_db_processActionResult.h
[2.266s] -- Up-to-date: /home/handsome/ros_ws_test/install/car_db_manager_msgs/include/car_db_manager_msgs/WorkSheetItemsCmd.h
[2.266s] -- Up-to-date: /home/handsome/ros_ws_test/install/car_db_manager_msgs/include/car_db_manager_msgs/WorkSheetMainCmd.h
[2.266s] -- Up-to-date: /home/handsome/ros_ws_test/install/car_db_manager_msgs/include/car_db_manager_msgs/ActionFunctionParametersCmdRequest.h
[2.267s] -- Up-to-date: /home/handsome/ros_ws_test/install/car_db_manager_msgs/include/car_db_manager_msgs/car_db_process_recoveryFeedback.h
[2.267s] -- Up-to-date: /home/handsome/ros_ws_test/install/car_db_manager_msgs/include/car_db_manager_msgs/CarOperateHistoryCmdResponse.h
[2.267s] -- Up-to-date: /home/handsome/ros_ws_test/install/car_db_manager_msgs/include/car_db_manager_msgs/WorkSheetItems.h
[2.267s] -- Up-to-date: /home/handsome/ros_ws_test/install/car_db_manager_msgs/include/car_db_manager_msgs/WorkSheetMainCmdResponse.h
[2.267s] -- Up-to-date: /home/handsome/ros_ws_test/install/car_db_manager_msgs/include/car_db_manager_msgs/CarAlarmHistoryCmdRequest.h
[2.267s] -- Up-to-date: /home/handsome/ros_ws_test/install/car_db_manager_msgs/include/car_db_manager_msgs/ActionFunctionParametersCmdResponse.h
[2.267s] -- Up-to-date: /home/handsome/ros_ws_test/install/car_db_manager_msgs/include/car_db_manager_msgs/TargerPos2dParameters.h
[2.267s] -- Up-to-date: /home/handsome/ros_ws_test/install/car_db_manager_msgs/include/car_db_manager_msgs/car_db_process_recoveryActionGoal.h
[2.267s] -- Up-to-date: /home/handsome/ros_ws_test/install/car_db_manager_msgs/include/car_db_manager_msgs/car_db_process_recoveryResult.h
[2.267s] -- Up-to-date: /home/handsome/ros_ws_test/install/car_db_manager_msgs/include/car_db_manager_msgs/car_db_process_recoveryActionFeedback.h
[2.267s] -- Up-to-date: /home/handsome/ros_ws_test/install/car_db_manager_msgs/include/car_db_manager_msgs/WorkSheetItemsCmdResponse.h
[2.267s] -- Up-to-date: /home/handsome/ros_ws_test/install/car_db_manager_msgs/share/roseus/ros/car_db_manager_msgs
[2.267s] -- Up-to-date: /home/handsome/ros_ws_test/install/car_db_manager_msgs/share/roseus/ros/car_db_manager_msgs/msg
[2.267s] -- Up-to-date: /home/handsome/ros_ws_test/install/car_db_manager_msgs/share/roseus/ros/car_db_manager_msgs/msg/OperatecodeParameters.l
[2.268s] -- Installing: /home/handsome/ros_ws_test/install/car_db_manager_msgs/share/roseus/ros/car_db_manager_msgs/msg/PidCtrlParameters.l
[2.268s] -- Up-to-date: /home/handsome/ros_ws_test/install/car_db_manager_msgs/share/roseus/ros/car_db_manager_msgs/msg/CarAlarmHistory.l
[2.268s] -- Up-to-date: /home/handsome/ros_ws_test/install/car_db_manager_msgs/share/roseus/ros/car_db_manager_msgs/msg/ActionFunctionParameters.l
[2.268s] -- Up-to-date: /home/handsome/ros_ws_test/install/car_db_manager_msgs/share/roseus/ros/car_db_manager_msgs/msg/WorkSheetMain.l
[2.268s] -- Up-to-date: /home/handsome/ros_ws_test/install/car_db_manager_msgs/share/roseus/ros/car_db_manager_msgs/msg/car_db_processActionFeedback.l
[2.268s] -- Up-to-date: /home/handsome/ros_ws_test/install/car_db_manager_msgs/share/roseus/ros/car_db_manager_msgs/msg/car_db_processActionGoal.l
[2.268s] -- Up-to-date: /home/handsome/ros_ws_test/install/car_db_manager_msgs/share/roseus/ros/car_db_manager_msgs/msg/car_db_process_recoveryResult.l
[2.268s] -- Up-to-date: /home/handsome/ros_ws_test/install/car_db_manager_msgs/share/roseus/ros/car_db_manager_msgs/msg/car_db_process_recoveryGoal.l
[2.268s] -- Up-to-date: /home/handsome/ros_ws_test/install/car_db_manager_msgs/share/roseus/ros/car_db_manager_msgs/msg/car_db_process_recoveryAction.l
[2.268s] -- Up-to-date: /home/handsome/ros_ws_test/install/car_db_manager_msgs/share/roseus/ros/car_db_manager_msgs/msg/WorkSheetItems.l
[2.268s] -- Up-to-date: /home/handsome/ros_ws_test/install/car_db_manager_msgs/share/roseus/ros/car_db_manager_msgs/msg/car_db_processGoal.l
[2.268s] -- Up-to-date: /home/handsome/ros_ws_test/install/car_db_manager_msgs/share/roseus/ros/car_db_manager_msgs/msg/car_db_process_recoveryActionFeedback.l
[2.268s] -- Up-to-date: /home/handsome/ros_ws_test/install/car_db_manager_msgs/share/roseus/ros/car_db_manager_msgs/msg/car_db_processActionResult.l
[2.268s] -- Up-to-date: /home/handsome/ros_ws_test/install/car_db_manager_msgs/share/roseus/ros/car_db_manager_msgs/msg/car_db_processResult.l
[2.268s] -- Up-to-date: /home/handsome/ros_ws_test/install/car_db_manager_msgs/share/roseus/ros/car_db_manager_msgs/msg/car_db_process_recoveryFeedback.l
[2.268s] -- Up-to-date: /home/handsome/ros_ws_test/install/car_db_manager_msgs/share/roseus/ros/car_db_manager_msgs/msg/CheckParameters.l
[2.269s] -- Up-to-date: /home/handsome/ros_ws_test/install/car_db_manager_msgs/share/roseus/ros/car_db_manager_msgs/msg/car_db_processFeedback.l
[2.269s] -- Up-to-date: /home/handsome/ros_ws_test/install/car_db_manager_msgs/share/roseus/ros/car_db_manager_msgs/msg/TargerPos2dParameters.l
[2.269s] -- Up-to-date: /home/handsome/ros_ws_test/install/car_db_manager_msgs/share/roseus/ros/car_db_manager_msgs/msg/CarOperateHistory.l
[2.269s] -- Up-to-date: /home/handsome/ros_ws_test/install/car_db_manager_msgs/share/roseus/ros/car_db_manager_msgs/msg/car_db_processAction.l
[2.269s] -- Up-to-date: /home/handsome/ros_ws_test/install/car_db_manager_msgs/share/roseus/ros/car_db_manager_msgs/msg/car_db_process_recoveryActionResult.l
[2.269s] -- Up-to-date: /home/handsome/ros_ws_test/install/car_db_manager_msgs/share/roseus/ros/car_db_manager_msgs/msg/AlarmcodeParameters.l
[2.269s] -- Up-to-date: /home/handsome/ros_ws_test/install/car_db_manager_msgs/share/roseus/ros/car_db_manager_msgs/msg/car_db_process_recoveryActionGoal.l
[2.269s] -- Up-to-date: /home/handsome/ros_ws_test/install/car_db_manager_msgs/share/roseus/ros/car_db_manager_msgs/manifest.l
[2.269s] -- Up-to-date: /home/handsome/ros_ws_test/install/car_db_manager_msgs/share/roseus/ros/car_db_manager_msgs/srv
[2.269s] -- Up-to-date: /home/handsome/ros_ws_test/install/car_db_manager_msgs/share/roseus/ros/car_db_manager_msgs/srv/CarAlarmHistoryCmd.l
[2.269s] -- Up-to-date: /home/handsome/ros_ws_test/install/car_db_manager_msgs/share/roseus/ros/car_db_manager_msgs/srv/AlarmcodeParametersCmd.l
[2.269s] -- Up-to-date: /home/handsome/ros_ws_test/install/car_db_manager_msgs/share/roseus/ros/car_db_manager_msgs/srv/WorkSheetItemsCmd.l
[2.269s] -- Installing: /home/handsome/ros_ws_test/install/car_db_manager_msgs/share/roseus/ros/car_db_manager_msgs/srv/PidCtrlParametersCmd.l
[2.269s] -- Up-to-date: /home/handsome/ros_ws_test/install/car_db_manager_msgs/share/roseus/ros/car_db_manager_msgs/srv/OperatecodeParametersCmd.l
[2.269s] -- Up-to-date: /home/handsome/ros_ws_test/install/car_db_manager_msgs/share/roseus/ros/car_db_manager_msgs/srv/ActionFunctionParametersCmd.l
[2.270s] -- Up-to-date: /home/handsome/ros_ws_test/install/car_db_manager_msgs/share/roseus/ros/car_db_manager_msgs/srv/CheckParametersCmd.l
[2.270s] -- Up-to-date: /home/handsome/ros_ws_test/install/car_db_manager_msgs/share/roseus/ros/car_db_manager_msgs/srv/WorkSheetMainCmd.l
[2.270s] -- Up-to-date: /home/handsome/ros_ws_test/install/car_db_manager_msgs/share/roseus/ros/car_db_manager_msgs/srv/TargerPos2dParametersCmd.l
[2.270s] -- Up-to-date: /home/handsome/ros_ws_test/install/car_db_manager_msgs/share/roseus/ros/car_db_manager_msgs/srv/CarOperateHistoryCmd.l
[2.270s] -- Up-to-date: /home/handsome/ros_ws_test/install/car_db_manager_msgs/share/common-lisp/ros/car_db_manager_msgs
[2.270s] -- Up-to-date: /home/handsome/ros_ws_test/install/car_db_manager_msgs/share/common-lisp/ros/car_db_manager_msgs/msg
[2.270s] -- Up-to-date: /home/handsome/ros_ws_test/install/car_db_manager_msgs/share/common-lisp/ros/car_db_manager_msgs/msg/car_db_process_recoveryActionGoal.lisp
[2.270s] -- Up-to-date: /home/handsome/ros_ws_test/install/car_db_manager_msgs/share/common-lisp/ros/car_db_manager_msgs/msg/_package_car_db_processActionFeedback.lisp
[2.270s] -- Up-to-date: /home/handsome/ros_ws_test/install/car_db_manager_msgs/share/common-lisp/ros/car_db_manager_msgs/msg/_package_TargerPos2dParameters.lisp
[2.270s] -- Up-to-date: /home/handsome/ros_ws_test/install/car_db_manager_msgs/share/common-lisp/ros/car_db_manager_msgs/msg/car_db_process_recoveryAction.lisp
[2.270s] -- Up-to-date: /home/handsome/ros_ws_test/install/car_db_manager_msgs/share/common-lisp/ros/car_db_manager_msgs/msg/car_db_processResult.lisp
[2.270s] -- Up-to-date: /home/handsome/ros_ws_test/install/car_db_manager_msgs/share/common-lisp/ros/car_db_manager_msgs/msg/_package_car_db_processFeedback.lisp
[2.270s] -- Up-to-date: /home/handsome/ros_ws_test/install/car_db_manager_msgs/share/common-lisp/ros/car_db_manager_msgs/msg/_package_AlarmcodeParameters.lisp
[2.270s] -- Installing: /home/handsome/ros_ws_test/install/car_db_manager_msgs/share/common-lisp/ros/car_db_manager_msgs/msg/_package_PidCtrlParameters.lisp
[2.270s] -- Up-to-date: /home/handsome/ros_ws_test/install/car_db_manager_msgs/share/common-lisp/ros/car_db_manager_msgs/msg/CarAlarmHistory.lisp
[2.271s] -- Up-to-date: /home/handsome/ros_ws_test/install/car_db_manager_msgs/share/common-lisp/ros/car_db_manager_msgs/msg/CheckParameters.lisp
[2.271s] -- Up-to-date: /home/handsome/ros_ws_test/install/car_db_manager_msgs/share/common-lisp/ros/car_db_manager_msgs/msg/ActionFunctionParameters.lisp
[2.271s] -- Installing: /home/handsome/ros_ws_test/install/car_db_manager_msgs/share/common-lisp/ros/car_db_manager_msgs/msg/PidCtrlParameters.lisp
[2.271s] -- Up-to-date: /home/handsome/ros_ws_test/install/car_db_manager_msgs/share/common-lisp/ros/car_db_manager_msgs/msg/_package_car_db_process_recoveryAction.lisp
[2.271s] -- Up-to-date: /home/handsome/ros_ws_test/install/car_db_manager_msgs/share/common-lisp/ros/car_db_manager_msgs/msg/OperatecodeParameters.lisp
[2.271s] -- Up-to-date: /home/handsome/ros_ws_test/install/car_db_manager_msgs/share/common-lisp/ros/car_db_manager_msgs/msg/car_db_processGoal.lisp
[2.271s] -- Up-to-date: /home/handsome/ros_ws_test/install/car_db_manager_msgs/share/common-lisp/ros/car_db_manager_msgs/msg/car_db_process_recoveryActionResult.lisp
[2.271s] -- Up-to-date: /home/handsome/ros_ws_test/install/car_db_manager_msgs/share/common-lisp/ros/car_db_manager_msgs/msg/_package_CarAlarmHistory.lisp
[2.271s] -- Up-to-date: /home/handsome/ros_ws_test/install/car_db_manager_msgs/share/common-lisp/ros/car_db_manager_msgs/msg/_package_car_db_processActionGoal.lisp
[2.271s] -- Up-to-date: /home/handsome/ros_ws_test/install/car_db_manager_msgs/share/common-lisp/ros/car_db_manager_msgs/msg/_package_WorkSheetMain.lisp
[2.271s] -- Up-to-date: /home/handsome/ros_ws_test/install/car_db_manager_msgs/share/common-lisp/ros/car_db_manager_msgs/msg/_package_CarOperateHistory.lisp
[2.271s] -- Up-to-date: /home/handsome/ros_ws_test/install/car_db_manager_msgs/share/common-lisp/ros/car_db_manager_msgs/msg/_package_CheckParameters.lisp
[2.271s] -- Installing: /home/handsome/ros_ws_test/install/car_db_manager_msgs/share/common-lisp/ros/car_db_manager_msgs/msg/car_db_manager_msgs-msg.asd
[2.271s] -- Installing: /home/handsome/ros_ws_test/install/car_db_manager_msgs/share/common-lisp/ros/car_db_manager_msgs/msg/_package.lisp
[2.271s] -- Up-to-date: /home/handsome/ros_ws_test/install/car_db_manager_msgs/share/common-lisp/ros/car_db_manager_msgs/msg/TargerPos2dParameters.lisp
[2.272s] -- Up-to-date: /home/handsome/ros_ws_test/install/car_db_manager_msgs/share/common-lisp/ros/car_db_manager_msgs/msg/_package_OperatecodeParameters.lisp
[2.272s] -- Up-to-date: /home/handsome/ros_ws_test/install/car_db_manager_msgs/share/common-lisp/ros/car_db_manager_msgs/msg/_package_car_db_processAction.lisp
[2.272s] -- Up-to-date: /home/handsome/ros_ws_test/install/car_db_manager_msgs/share/common-lisp/ros/car_db_manager_msgs/msg/_package_car_db_process_recoveryActionGoal.lisp
[2.272s] -- Up-to-date: /home/handsome/ros_ws_test/install/car_db_manager_msgs/share/common-lisp/ros/car_db_manager_msgs/msg/car_db_process_recoveryFeedback.lisp
[2.272s] -- Up-to-date: /home/handsome/ros_ws_test/install/car_db_manager_msgs/share/common-lisp/ros/car_db_manager_msgs/msg/_package_ActionFunctionParameters.lisp
[2.272s] -- Up-to-date: /home/handsome/ros_ws_test/install/car_db_manager_msgs/share/common-lisp/ros/car_db_manager_msgs/msg/WorkSheetItems.lisp
[2.272s] -- Up-to-date: /home/handsome/ros_ws_test/install/car_db_manager_msgs/share/common-lisp/ros/car_db_manager_msgs/msg/_package_car_db_processGoal.lisp
[2.272s] -- Up-to-date: /home/handsome/ros_ws_test/install/car_db_manager_msgs/share/common-lisp/ros/car_db_manager_msgs/msg/AlarmcodeParameters.lisp
[2.272s] -- Up-to-date: /home/handsome/ros_ws_test/install/car_db_manager_msgs/share/common-lisp/ros/car_db_manager_msgs/msg/car_db_processActionGoal.lisp
[2.272s] -- Up-to-date: /home/handsome/ros_ws_test/install/car_db_manager_msgs/share/common-lisp/ros/car_db_manager_msgs/msg/_package_car_db_process_recoveryResult.lisp
[2.272s] -- Up-to-date: /home/handsome/ros_ws_test/install/car_db_manager_msgs/share/common-lisp/ros/car_db_manager_msgs/msg/_package_car_db_process_recoveryGoal.lisp
[2.272s] -- Up-to-date: /home/handsome/ros_ws_test/install/car_db_manager_msgs/share/common-lisp/ros/car_db_manager_msgs/msg/car_db_processFeedback.lisp
[2.272s] -- Up-to-date: /home/handsome/ros_ws_test/install/car_db_manager_msgs/share/common-lisp/ros/car_db_manager_msgs/msg/car_db_process_recoveryResult.lisp
[2.272s] -- Up-to-date: /home/handsome/ros_ws_test/install/car_db_manager_msgs/share/common-lisp/ros/car_db_manager_msgs/msg/_package_car_db_process_recoveryActionResult.lisp
[2.273s] -- Up-to-date: /home/handsome/ros_ws_test/install/car_db_manager_msgs/share/common-lisp/ros/car_db_manager_msgs/msg/car_db_process_recoveryActionFeedback.lisp
[2.273s] -- Up-to-date: /home/handsome/ros_ws_test/install/car_db_manager_msgs/share/common-lisp/ros/car_db_manager_msgs/msg/CarOperateHistory.lisp
[2.273s] -- Up-to-date: /home/handsome/ros_ws_test/install/car_db_manager_msgs/share/common-lisp/ros/car_db_manager_msgs/msg/car_db_processAction.lisp
[2.273s] -- Up-to-date: /home/handsome/ros_ws_test/install/car_db_manager_msgs/share/common-lisp/ros/car_db_manager_msgs/msg/_package_car_db_process_recoveryFeedback.lisp
[2.273s] -- Up-to-date: /home/handsome/ros_ws_test/install/car_db_manager_msgs/share/common-lisp/ros/car_db_manager_msgs/msg/_package_car_db_processResult.lisp
[2.273s] -- Up-to-date: /home/handsome/ros_ws_test/install/car_db_manager_msgs/share/common-lisp/ros/car_db_manager_msgs/msg/_package_car_db_processActionResult.lisp
[2.273s] -- Up-to-date: /home/handsome/ros_ws_test/install/car_db_manager_msgs/share/common-lisp/ros/car_db_manager_msgs/msg/car_db_processActionResult.lisp
[2.273s] -- Up-to-date: /home/handsome/ros_ws_test/install/car_db_manager_msgs/share/common-lisp/ros/car_db_manager_msgs/msg/car_db_processActionFeedback.lisp
[2.273s] -- Up-to-date: /home/handsome/ros_ws_test/install/car_db_manager_msgs/share/common-lisp/ros/car_db_manager_msgs/msg/_package_car_db_process_recoveryActionFeedback.lisp
[2.273s] -- Up-to-date: /home/handsome/ros_ws_test/install/car_db_manager_msgs/share/common-lisp/ros/car_db_manager_msgs/msg/_package_WorkSheetItems.lisp
[2.273s] -- Up-to-date: /home/handsome/ros_ws_test/install/car_db_manager_msgs/share/common-lisp/ros/car_db_manager_msgs/msg/WorkSheetMain.lisp
[2.273s] -- Up-to-date: /home/handsome/ros_ws_test/install/car_db_manager_msgs/share/common-lisp/ros/car_db_manager_msgs/msg/car_db_process_recoveryGoal.lisp
[2.273s] -- Up-to-date: /home/handsome/ros_ws_test/install/car_db_manager_msgs/share/common-lisp/ros/car_db_manager_msgs/srv
[2.274s] -- Up-to-date: /home/handsome/ros_ws_test/install/car_db_manager_msgs/share/common-lisp/ros/car_db_manager_msgs/srv/_package_OperatecodeParametersCmd.lisp
[2.274s] -- Up-to-date: /home/handsome/ros_ws_test/install/car_db_manager_msgs/share/common-lisp/ros/car_db_manager_msgs/srv/_package_CheckParametersCmd.lisp
[2.274s] -- Up-to-date: /home/handsome/ros_ws_test/install/car_db_manager_msgs/share/common-lisp/ros/car_db_manager_msgs/srv/_package_TargerPos2dParametersCmd.lisp
[2.274s] -- Up-to-date: /home/handsome/ros_ws_test/install/car_db_manager_msgs/share/common-lisp/ros/car_db_manager_msgs/srv/_package_WorkSheetMainCmd.lisp
[2.274s] -- Up-to-date: /home/handsome/ros_ws_test/install/car_db_manager_msgs/share/common-lisp/ros/car_db_manager_msgs/srv/WorkSheetMainCmd.lisp
[2.274s] -- Up-to-date: /home/handsome/ros_ws_test/install/car_db_manager_msgs/share/common-lisp/ros/car_db_manager_msgs/srv/OperatecodeParametersCmd.lisp
[2.274s] -- Installing: /home/handsome/ros_ws_test/install/car_db_manager_msgs/share/common-lisp/ros/car_db_manager_msgs/srv/car_db_manager_msgs-srv.asd
[2.274s] -- Up-to-date: /home/handsome/ros_ws_test/install/car_db_manager_msgs/share/common-lisp/ros/car_db_manager_msgs/srv/ActionFunctionParametersCmd.lisp
[2.274s] -- Up-to-date: /home/handsome/ros_ws_test/install/car_db_manager_msgs/share/common-lisp/ros/car_db_manager_msgs/srv/_package_CarAlarmHistoryCmd.lisp
[2.274s] -- Up-to-date: /home/handsome/ros_ws_test/install/car_db_manager_msgs/share/common-lisp/ros/car_db_manager_msgs/srv/TargerPos2dParametersCmd.lisp
[2.274s] -- Up-to-date: /home/handsome/ros_ws_test/install/car_db_manager_msgs/share/common-lisp/ros/car_db_manager_msgs/srv/_package_ActionFunctionParametersCmd.lisp
[2.274s] -- Installing: /home/handsome/ros_ws_test/install/car_db_manager_msgs/share/common-lisp/ros/car_db_manager_msgs/srv/_package.lisp
[2.274s] -- Up-to-date: /home/handsome/ros_ws_test/install/car_db_manager_msgs/share/common-lisp/ros/car_db_manager_msgs/srv/_package_AlarmcodeParametersCmd.lisp
[2.274s] -- Up-to-date: /home/handsome/ros_ws_test/install/car_db_manager_msgs/share/common-lisp/ros/car_db_manager_msgs/srv/CheckParametersCmd.lisp
[2.275s] -- Up-to-date: /home/handsome/ros_ws_test/install/car_db_manager_msgs/share/common-lisp/ros/car_db_manager_msgs/srv/AlarmcodeParametersCmd.lisp
[2.275s] -- Installing: /home/handsome/ros_ws_test/install/car_db_manager_msgs/share/common-lisp/ros/car_db_manager_msgs/srv/_package_PidCtrlParametersCmd.lisp
[2.275s] -- Up-to-date: /home/handsome/ros_ws_test/install/car_db_manager_msgs/share/common-lisp/ros/car_db_manager_msgs/srv/_package_WorkSheetItemsCmd.lisp
[2.275s] -- Up-to-date: /home/handsome/ros_ws_test/install/car_db_manager_msgs/share/common-lisp/ros/car_db_manager_msgs/srv/CarOperateHistoryCmd.lisp
[2.275s] -- Up-to-date: /home/handsome/ros_ws_test/install/car_db_manager_msgs/share/common-lisp/ros/car_db_manager_msgs/srv/WorkSheetItemsCmd.lisp
[2.275s] -- Installing: /home/handsome/ros_ws_test/install/car_db_manager_msgs/share/common-lisp/ros/car_db_manager_msgs/srv/PidCtrlParametersCmd.lisp
[2.275s] -- Up-to-date: /home/handsome/ros_ws_test/install/car_db_manager_msgs/share/common-lisp/ros/car_db_manager_msgs/srv/CarAlarmHistoryCmd.lisp
[2.275s] -- Up-to-date: /home/handsome/ros_ws_test/install/car_db_manager_msgs/share/common-lisp/ros/car_db_manager_msgs/srv/_package_CarOperateHistoryCmd.lisp
[2.275s] -- Up-to-date: /home/handsome/ros_ws_test/install/car_db_manager_msgs/share/gennodejs/ros/car_db_manager_msgs
[2.275s] -- Up-to-date: /home/handsome/ros_ws_test/install/car_db_manager_msgs/share/gennodejs/ros/car_db_manager_msgs/msg
[2.275s] -- Up-to-date: /home/handsome/ros_ws_test/install/car_db_manager_msgs/share/gennodejs/ros/car_db_manager_msgs/msg/car_db_processActionFeedback.js
[2.275s] -- Up-to-date: /home/handsome/ros_ws_test/install/car_db_manager_msgs/share/gennodejs/ros/car_db_manager_msgs/msg/car_db_processResult.js
[2.275s] -- Up-to-date: /home/handsome/ros_ws_test/install/car_db_manager_msgs/share/gennodejs/ros/car_db_manager_msgs/msg/car_db_processGoal.js
[2.275s] -- Up-to-date: /home/handsome/ros_ws_test/install/car_db_manager_msgs/share/gennodejs/ros/car_db_manager_msgs/msg/car_db_process_recoveryActionFeedback.js
[2.276s] -- Up-to-date: /home/handsome/ros_ws_test/install/car_db_manager_msgs/share/gennodejs/ros/car_db_manager_msgs/msg/CarAlarmHistory.js
[2.276s] -- Up-to-date: /home/handsome/ros_ws_test/install/car_db_manager_msgs/share/gennodejs/ros/car_db_manager_msgs/msg/car_db_processActionResult.js
[2.276s] -- Up-to-date: /home/handsome/ros_ws_test/install/car_db_manager_msgs/share/gennodejs/ros/car_db_manager_msgs/msg/car_db_process_recoveryGoal.js
[2.276s] -- Up-to-date: /home/handsome/ros_ws_test/install/car_db_manager_msgs/share/gennodejs/ros/car_db_manager_msgs/msg/ActionFunctionParameters.js
[2.276s] -- Installing: /home/handsome/ros_ws_test/install/car_db_manager_msgs/share/gennodejs/ros/car_db_manager_msgs/msg/_index.js
[2.276s] -- Up-to-date: /home/handsome/ros_ws_test/install/car_db_manager_msgs/share/gennodejs/ros/car_db_manager_msgs/msg/car_db_processAction.js
[2.276s] -- Up-to-date: /home/handsome/ros_ws_test/install/car_db_manager_msgs/share/gennodejs/ros/car_db_manager_msgs/msg/car_db_processFeedback.js
[2.276s] -- Up-to-date: /home/handsome/ros_ws_test/install/car_db_manager_msgs/share/gennodejs/ros/car_db_manager_msgs/msg/CarOperateHistory.js
[2.276s] -- Up-to-date: /home/handsome/ros_ws_test/install/car_db_manager_msgs/share/gennodejs/ros/car_db_manager_msgs/msg/WorkSheetItems.js
[2.276s] -- Up-to-date: /home/handsome/ros_ws_test/install/car_db_manager_msgs/share/gennodejs/ros/car_db_manager_msgs/msg/car_db_process_recoveryResult.js
[2.276s] -- Up-to-date: /home/handsome/ros_ws_test/install/car_db_manager_msgs/share/gennodejs/ros/car_db_manager_msgs/msg/car_db_process_recoveryActionResult.js
[2.276s] -- Up-to-date: /home/handsome/ros_ws_test/install/car_db_manager_msgs/share/gennodejs/ros/car_db_manager_msgs/msg/CheckParameters.js
[2.276s] -- Up-to-date: /home/handsome/ros_ws_test/install/car_db_manager_msgs/share/gennodejs/ros/car_db_manager_msgs/msg/TargerPos2dParameters.js
[2.276s] -- Up-to-date: /home/handsome/ros_ws_test/install/car_db_manager_msgs/share/gennodejs/ros/car_db_manager_msgs/msg/WorkSheetMain.js
[2.277s] -- Up-to-date: /home/handsome/ros_ws_test/install/car_db_manager_msgs/share/gennodejs/ros/car_db_manager_msgs/msg/car_db_process_recoveryActionGoal.js
[2.277s] -- Up-to-date: /home/handsome/ros_ws_test/install/car_db_manager_msgs/share/gennodejs/ros/car_db_manager_msgs/msg/car_db_processActionGoal.js
[2.277s] -- Installing: /home/handsome/ros_ws_test/install/car_db_manager_msgs/share/gennodejs/ros/car_db_manager_msgs/msg/PidCtrlParameters.js
[2.277s] -- Up-to-date: /home/handsome/ros_ws_test/install/car_db_manager_msgs/share/gennodejs/ros/car_db_manager_msgs/msg/car_db_process_recoveryFeedback.js
[2.277s] -- Up-to-date: /home/handsome/ros_ws_test/install/car_db_manager_msgs/share/gennodejs/ros/car_db_manager_msgs/msg/AlarmcodeParameters.js
[2.277s] -- Up-to-date: /home/handsome/ros_ws_test/install/car_db_manager_msgs/share/gennodejs/ros/car_db_manager_msgs/msg/OperatecodeParameters.js
[2.277s] -- Up-to-date: /home/handsome/ros_ws_test/install/car_db_manager_msgs/share/gennodejs/ros/car_db_manager_msgs/msg/car_db_process_recoveryAction.js
[2.277s] -- Installing: /home/handsome/ros_ws_test/install/car_db_manager_msgs/share/gennodejs/ros/car_db_manager_msgs/_index.js
[2.277s] -- Up-to-date: /home/handsome/ros_ws_test/install/car_db_manager_msgs/share/gennodejs/ros/car_db_manager_msgs/srv
[2.277s] -- Installing: /home/handsome/ros_ws_test/install/car_db_manager_msgs/share/gennodejs/ros/car_db_manager_msgs/srv/_index.js
[2.277s] -- Up-to-date: /home/handsome/ros_ws_test/install/car_db_manager_msgs/share/gennodejs/ros/car_db_manager_msgs/srv/CarAlarmHistoryCmd.js
[2.277s] -- Up-to-date: /home/handsome/ros_ws_test/install/car_db_manager_msgs/share/gennodejs/ros/car_db_manager_msgs/srv/AlarmcodeParametersCmd.js
[2.277s] -- Up-to-date: /home/handsome/ros_ws_test/install/car_db_manager_msgs/share/gennodejs/ros/car_db_manager_msgs/srv/WorkSheetItemsCmd.js
[2.278s] -- Up-to-date: /home/handsome/ros_ws_test/install/car_db_manager_msgs/share/gennodejs/ros/car_db_manager_msgs/srv/WorkSheetMainCmd.js
[2.278s] -- Up-to-date: /home/handsome/ros_ws_test/install/car_db_manager_msgs/share/gennodejs/ros/car_db_manager_msgs/srv/ActionFunctionParametersCmd.js
[2.278s] -- Installing: /home/handsome/ros_ws_test/install/car_db_manager_msgs/share/gennodejs/ros/car_db_manager_msgs/srv/PidCtrlParametersCmd.js
[2.278s] -- Up-to-date: /home/handsome/ros_ws_test/install/car_db_manager_msgs/share/gennodejs/ros/car_db_manager_msgs/srv/CarOperateHistoryCmd.js
[2.278s] -- Up-to-date: /home/handsome/ros_ws_test/install/car_db_manager_msgs/share/gennodejs/ros/car_db_manager_msgs/srv/TargerPos2dParametersCmd.js
[2.278s] -- Up-to-date: /home/handsome/ros_ws_test/install/car_db_manager_msgs/share/gennodejs/ros/car_db_manager_msgs/srv/OperatecodeParametersCmd.js
[2.278s] -- Up-to-date: /home/handsome/ros_ws_test/install/car_db_manager_msgs/share/gennodejs/ros/car_db_manager_msgs/srv/CheckParametersCmd.js
[2.302s] Listing /home/handsome/ros_ws_test/build/car_db_manager_msgs/devel/lib/python2.7/dist-packages/car_db_manager_msgs ...
[2.302s] Listing /home/handsome/ros_ws_test/build/car_db_manager_msgs/devel/lib/python2.7/dist-packages/car_db_manager_msgs/msg ...
[2.303s] Compiling /home/handsome/ros_ws_test/build/car_db_manager_msgs/devel/lib/python2.7/dist-packages/car_db_manager_msgs/msg/_PidCtrlParameters.py ...
[2.303s] Compiling /home/handsome/ros_ws_test/build/car_db_manager_msgs/devel/lib/python2.7/dist-packages/car_db_manager_msgs/msg/__init__.py ...
[2.303s] Listing /home/handsome/ros_ws_test/build/car_db_manager_msgs/devel/lib/python2.7/dist-packages/car_db_manager_msgs/srv ...
[2.304s] Compiling /home/handsome/ros_ws_test/build/car_db_manager_msgs/devel/lib/python2.7/dist-packages/car_db_manager_msgs/srv/_PidCtrlParametersCmd.py ...
[2.304s] Compiling /home/handsome/ros_ws_test/build/car_db_manager_msgs/devel/lib/python2.7/dist-packages/car_db_manager_msgs/srv/__init__.py ...
[2.307s] -- Up-to-date: /home/handsome/ros_ws_test/install/car_db_manager_msgs/lib/python2.7/dist-packages/car_db_manager_msgs
[2.308s] -- Up-to-date: /home/handsome/ros_ws_test/install/car_db_manager_msgs/lib/python2.7/dist-packages/car_db_manager_msgs/msg
[2.309s] -- Up-to-date: /home/handsome/ros_ws_test/install/car_db_manager_msgs/lib/python2.7/dist-packages/car_db_manager_msgs/msg/_car_db_process_recoveryGoal.pyc
[2.309s] -- Up-to-date: /home/handsome/ros_ws_test/install/car_db_manager_msgs/lib/python2.7/dist-packages/car_db_manager_msgs/msg/_car_db_process_recoveryFeedback.pyc
[2.309s] -- Up-to-date: /home/handsome/ros_ws_test/install/car_db_manager_msgs/lib/python2.7/dist-packages/car_db_manager_msgs/msg/_WorkSheetItems.py
[2.310s] -- Up-to-date: /home/handsome/ros_ws_test/install/car_db_manager_msgs/lib/python2.7/dist-packages/car_db_manager_msgs/msg/_car_db_processActionResult.py
[2.311s] -- Up-to-date: /home/handsome/ros_ws_test/install/car_db_manager_msgs/lib/python2.7/dist-packages/car_db_manager_msgs/msg/_car_db_process_recoveryResult.py
[2.311s] -- Installing: /home/handsome/ros_ws_test/install/car_db_manager_msgs/lib/python2.7/dist-packages/car_db_manager_msgs/msg/__init__.py
[2.312s] -- Up-to-date: /home/handsome/ros_ws_test/install/car_db_manager_msgs/lib/python2.7/dist-packages/car_db_manager_msgs/msg/_TargerPos2dParameters.py
[2.312s] -- Up-to-date: /home/handsome/ros_ws_test/install/car_db_manager_msgs/lib/python2.7/dist-packages/car_db_manager_msgs/msg/_car_db_process_recoveryActionResult.py
[2.313s] -- Up-to-date: /home/handsome/ros_ws_test/install/car_db_manager_msgs/lib/python2.7/dist-packages/car_db_manager_msgs/msg/_AlarmcodeParameters.py
[2.313s] -- Up-to-date: /home/handsome/ros_ws_test/install/car_db_manager_msgs/lib/python2.7/dist-packages/car_db_manager_msgs/msg/_car_db_processGoal.py
[2.314s] -- Up-to-date: /home/handsome/ros_ws_test/install/car_db_manager_msgs/lib/python2.7/dist-packages/car_db_manager_msgs/msg/_car_db_processActionResult.pyc
[2.314s] -- Up-to-date: /home/handsome/ros_ws_test/install/car_db_manager_msgs/lib/python2.7/dist-packages/car_db_manager_msgs/msg/_car_db_process_recoveryActionGoal.pyc
[2.315s] -- Up-to-date: /home/handsome/ros_ws_test/install/car_db_manager_msgs/lib/python2.7/dist-packages/car_db_manager_msgs/msg/_WorkSheetMain.py
[2.315s] -- Up-to-date: /home/handsome/ros_ws_test/install/car_db_manager_msgs/lib/python2.7/dist-packages/car_db_manager_msgs/msg/_car_db_processActionGoal.py
[2.315s] -- Up-to-date: /home/handsome/ros_ws_test/install/car_db_manager_msgs/lib/python2.7/dist-packages/car_db_manager_msgs/msg/_CheckParameters.pyc
[2.316s] -- Up-to-date: /home/handsome/ros_ws_test/install/car_db_manager_msgs/lib/python2.7/dist-packages/car_db_manager_msgs/msg/_ActionFunctionParameters.pyc
[2.316s] -- Up-to-date: /home/handsome/ros_ws_test/install/car_db_manager_msgs/lib/python2.7/dist-packages/car_db_manager_msgs/msg/_TargerPos2dParameters.pyc
[2.317s] -- Up-to-date: /home/handsome/ros_ws_test/install/car_db_manager_msgs/lib/python2.7/dist-packages/car_db_manager_msgs/msg/_car_db_process_recoveryActionGoal.py
[2.317s] -- Up-to-date: /home/handsome/ros_ws_test/install/car_db_manager_msgs/lib/python2.7/dist-packages/car_db_manager_msgs/msg/_car_db_process_recoveryActionResult.pyc
[2.317s] -- Up-to-date: /home/handsome/ros_ws_test/install/car_db_manager_msgs/lib/python2.7/dist-packages/car_db_manager_msgs/msg/_CarOperateHistory.pyc
[2.317s] -- Up-to-date: /home/handsome/ros_ws_test/install/car_db_manager_msgs/lib/python2.7/dist-packages/car_db_manager_msgs/msg/_CheckParameters.py
[2.318s] -- Up-to-date: /home/handsome/ros_ws_test/install/car_db_manager_msgs/lib/python2.7/dist-packages/car_db_manager_msgs/msg/_car_db_processActionFeedback.py
[2.318s] -- Up-to-date: /home/handsome/ros_ws_test/install/car_db_manager_msgs/lib/python2.7/dist-packages/car_db_manager_msgs/msg/_car_db_process_recoveryFeedback.py
[2.318s] -- Installing: /home/handsome/ros_ws_test/install/car_db_manager_msgs/lib/python2.7/dist-packages/car_db_manager_msgs/msg/_PidCtrlParameters.py
[2.318s] -- Up-to-date: /home/handsome/ros_ws_test/install/car_db_manager_msgs/lib/python2.7/dist-packages/car_db_manager_msgs/msg/_AlarmcodeParameters.pyc
[2.319s] -- Up-to-date: /home/handsome/ros_ws_test/install/car_db_manager_msgs/lib/python2.7/dist-packages/car_db_manager_msgs/msg/_car_db_processResult.pyc
[2.319s] -- Up-to-date: /home/handsome/ros_ws_test/install/car_db_manager_msgs/lib/python2.7/dist-packages/car_db_manager_msgs/msg/_WorkSheetItems.pyc
[2.319s] -- Up-to-date: /home/handsome/ros_ws_test/install/car_db_manager_msgs/lib/python2.7/dist-packages/car_db_manager_msgs/msg/_car_db_processActionGoal.pyc
[2.320s] -- Up-to-date: /home/handsome/ros_ws_test/install/car_db_manager_msgs/lib/python2.7/dist-packages/car_db_manager_msgs/msg/_CarOperateHistory.py
[2.320s] -- Up-to-date: /home/handsome/ros_ws_test/install/car_db_manager_msgs/lib/python2.7/dist-packages/car_db_manager_msgs/msg/_car_db_process_recoveryAction.pyc
[2.320s] -- Up-to-date: /home/handsome/ros_ws_test/install/car_db_manager_msgs/lib/python2.7/dist-packages/car_db_manager_msgs/msg/_ActionFunctionParameters.py
[2.320s] -- Installing: /home/handsome/ros_ws_test/install/car_db_manager_msgs/lib/python2.7/dist-packages/car_db_manager_msgs/msg/_PidCtrlParameters.pyc
[2.321s] -- Up-to-date: /home/handsome/ros_ws_test/install/car_db_manager_msgs/lib/python2.7/dist-packages/car_db_manager_msgs/msg/_car_db_processGoal.pyc
[2.321s] -- Up-to-date: /home/handsome/ros_ws_test/install/car_db_manager_msgs/lib/python2.7/dist-packages/car_db_manager_msgs/msg/_car_db_processResult.py
[2.321s] -- Up-to-date: /home/handsome/ros_ws_test/install/car_db_manager_msgs/lib/python2.7/dist-packages/car_db_manager_msgs/msg/_CarAlarmHistory.py
[2.321s] -- Up-to-date: /home/handsome/ros_ws_test/install/car_db_manager_msgs/lib/python2.7/dist-packages/car_db_manager_msgs/msg/_car_db_process_recoveryActionFeedback.py
[2.322s] -- Up-to-date: /home/handsome/ros_ws_test/install/car_db_manager_msgs/lib/python2.7/dist-packages/car_db_manager_msgs/msg/_car_db_processFeedback.py
[2.322s] -- Installing: /home/handsome/ros_ws_test/install/car_db_manager_msgs/lib/python2.7/dist-packages/car_db_manager_msgs/msg/__init__.pyc
[2.322s] -- Up-to-date: /home/handsome/ros_ws_test/install/car_db_manager_msgs/lib/python2.7/dist-packages/car_db_manager_msgs/msg/_car_db_process_recoveryGoal.py
[2.322s] -- Up-to-date: /home/handsome/ros_ws_test/install/car_db_manager_msgs/lib/python2.7/dist-packages/car_db_manager_msgs/msg/_car_db_processFeedback.pyc
[2.323s] -- Up-to-date: /home/handsome/ros_ws_test/install/car_db_manager_msgs/lib/python2.7/dist-packages/car_db_manager_msgs/msg/_car_db_processAction.pyc
[2.323s] -- Up-to-date: /home/handsome/ros_ws_test/install/car_db_manager_msgs/lib/python2.7/dist-packages/car_db_manager_msgs/msg/_car_db_process_recoveryAction.py
[2.323s] -- Up-to-date: /home/handsome/ros_ws_test/install/car_db_manager_msgs/lib/python2.7/dist-packages/car_db_manager_msgs/msg/_car_db_processActionFeedback.pyc
[2.324s] -- Up-to-date: /home/handsome/ros_ws_test/install/car_db_manager_msgs/lib/python2.7/dist-packages/car_db_manager_msgs/msg/_car_db_process_recoveryActionFeedback.pyc
[2.324s] -- Up-to-date: /home/handsome/ros_ws_test/install/car_db_manager_msgs/lib/python2.7/dist-packages/car_db_manager_msgs/msg/_OperatecodeParameters.py
[2.324s] -- Up-to-date: /home/handsome/ros_ws_test/install/car_db_manager_msgs/lib/python2.7/dist-packages/car_db_manager_msgs/msg/_CarAlarmHistory.pyc
[2.324s] -- Up-to-date: /home/handsome/ros_ws_test/install/car_db_manager_msgs/lib/python2.7/dist-packages/car_db_manager_msgs/msg/_WorkSheetMain.pyc
[2.325s] -- Up-to-date: /home/handsome/ros_ws_test/install/car_db_manager_msgs/lib/python2.7/dist-packages/car_db_manager_msgs/msg/_car_db_processAction.py
[2.325s] -- Up-to-date: /home/handsome/ros_ws_test/install/car_db_manager_msgs/lib/python2.7/dist-packages/car_db_manager_msgs/msg/_car_db_process_recoveryResult.pyc
[2.325s] -- Up-to-date: /home/handsome/ros_ws_test/install/car_db_manager_msgs/lib/python2.7/dist-packages/car_db_manager_msgs/msg/_OperatecodeParameters.pyc
[2.326s] -- Up-to-date: /home/handsome/ros_ws_test/install/car_db_manager_msgs/lib/python2.7/dist-packages/car_db_manager_msgs/__init__.py
[2.326s] -- Up-to-date: /home/handsome/ros_ws_test/install/car_db_manager_msgs/lib/python2.7/dist-packages/car_db_manager_msgs/srv
[2.326s] -- Up-to-date: /home/handsome/ros_ws_test/install/car_db_manager_msgs/lib/python2.7/dist-packages/car_db_manager_msgs/srv/_AlarmcodeParametersCmd.pyc
[2.327s] -- Up-to-date: /home/handsome/ros_ws_test/install/car_db_manager_msgs/lib/python2.7/dist-packages/car_db_manager_msgs/srv/_OperatecodeParametersCmd.pyc
[2.327s] -- Up-to-date: /home/handsome/ros_ws_test/install/car_db_manager_msgs/lib/python2.7/dist-packages/car_db_manager_msgs/srv/_TargerPos2dParametersCmd.pyc
[2.328s] -- Up-to-date: /home/handsome/ros_ws_test/install/car_db_manager_msgs/lib/python2.7/dist-packages/car_db_manager_msgs/srv/_TargerPos2dParametersCmd.py
[2.328s] -- Up-to-date: /home/handsome/ros_ws_test/install/car_db_manager_msgs/lib/python2.7/dist-packages/car_db_manager_msgs/srv/_CarOperateHistoryCmd.py
[2.329s] -- Up-to-date: /home/handsome/ros_ws_test/install/car_db_manager_msgs/lib/python2.7/dist-packages/car_db_manager_msgs/srv/_CheckParametersCmd.pyc
[2.330s] -- Up-to-date: /home/handsome/ros_ws_test/install/car_db_manager_msgs/lib/python2.7/dist-packages/car_db_manager_msgs/srv/_WorkSheetMainCmd.pyc
[2.331s] -- Installing: /home/handsome/ros_ws_test/install/car_db_manager_msgs/lib/python2.7/dist-packages/car_db_manager_msgs/srv/__init__.py
[2.331s] -- Up-to-date: /home/handsome/ros_ws_test/install/car_db_manager_msgs/lib/python2.7/dist-packages/car_db_manager_msgs/srv/_ActionFunctionParametersCmd.py
[2.332s] -- Up-to-date: /home/handsome/ros_ws_test/install/car_db_manager_msgs/lib/python2.7/dist-packages/car_db_manager_msgs/srv/_WorkSheetItemsCmd.py
[2.332s] -- Up-to-date: /home/handsome/ros_ws_test/install/car_db_manager_msgs/lib/python2.7/dist-packages/car_db_manager_msgs/srv/_OperatecodeParametersCmd.py
[2.333s] -- Up-to-date: /home/handsome/ros_ws_test/install/car_db_manager_msgs/lib/python2.7/dist-packages/car_db_manager_msgs/srv/_CheckParametersCmd.py
[2.333s] -- Up-to-date: /home/handsome/ros_ws_test/install/car_db_manager_msgs/lib/python2.7/dist-packages/car_db_manager_msgs/srv/_CarAlarmHistoryCmd.pyc
[2.334s] -- Up-to-date: /home/handsome/ros_ws_test/install/car_db_manager_msgs/lib/python2.7/dist-packages/car_db_manager_msgs/srv/_WorkSheetItemsCmd.pyc
[2.339s] -- Up-to-date: /home/handsome/ros_ws_test/install/car_db_manager_msgs/lib/python2.7/dist-packages/car_db_manager_msgs/srv/_ActionFunctionParametersCmd.pyc
[2.339s] -- Up-to-date: /home/handsome/ros_ws_test/install/car_db_manager_msgs/lib/python2.7/dist-packages/car_db_manager_msgs/srv/_CarAlarmHistoryCmd.py
[2.340s] -- Installing: /home/handsome/ros_ws_test/install/car_db_manager_msgs/lib/python2.7/dist-packages/car_db_manager_msgs/srv/__init__.pyc
[2.340s] -- Installing: /home/handsome/ros_ws_test/install/car_db_manager_msgs/lib/python2.7/dist-packages/car_db_manager_msgs/srv/_PidCtrlParametersCmd.pyc
[2.342s] -- Up-to-date: /home/handsome/ros_ws_test/install/car_db_manager_msgs/lib/python2.7/dist-packages/car_db_manager_msgs/srv/_CarOperateHistoryCmd.pyc
[2.343s] -- Up-to-date: /home/handsome/ros_ws_test/install/car_db_manager_msgs/lib/python2.7/dist-packages/car_db_manager_msgs/srv/_WorkSheetMainCmd.py
[2.343s] -- Installing: /home/handsome/ros_ws_test/install/car_db_manager_msgs/lib/python2.7/dist-packages/car_db_manager_msgs/srv/_PidCtrlParametersCmd.py
[2.344s] -- Up-to-date: /home/handsome/ros_ws_test/install/car_db_manager_msgs/lib/python2.7/dist-packages/car_db_manager_msgs/srv/_AlarmcodeParametersCmd.py
[2.345s] -- Up-to-date: /home/handsome/ros_ws_test/install/car_db_manager_msgs/lib/python2.7/dist-packages/car_db_manager_msgs/__init__.pyc
[2.346s] -- Up-to-date: /home/handsome/ros_ws_test/install/car_db_manager_msgs/lib/pkgconfig/car_db_manager_msgs.pc
[2.346s] -- Up-to-date: /home/handsome/ros_ws_test/install/car_db_manager_msgs/share/car_db_manager_msgs/cmake/car_db_manager_msgs-msg-extras.cmake
[2.347s] -- Up-to-date: /home/handsome/ros_ws_test/install/car_db_manager_msgs/share/car_db_manager_msgs/cmake/car_db_manager_msgsConfig.cmake
[2.348s] -- Up-to-date: /home/handsome/ros_ws_test/install/car_db_manager_msgs/share/car_db_manager_msgs/cmake/car_db_manager_msgsConfig-version.cmake
[2.350s] -- Up-to-date: /home/handsome/ros_ws_test/install/car_db_manager_msgs/share/car_db_manager_msgs/package.xml
[2.351s] Invoked command in '/home/handsome/ros_ws_test/build/car_db_manager_msgs' returned '0': /usr/bin/cmake --build /home/handsome/ros_ws_test/build/car_db_manager_msgs --target install -- -j12 -l12
