[0.353s] Invoking command in '/home/handsome/ros_ws_test/build/dwb_critics': CMAKE_PREFIX_PATH=/home/handsome/ros_ws_test/install/nav_grid_iterators:/home/handsome/ros_ws_test/install/dwb_local_planner:/home/handsome/ros_ws_test/install/nav_2d_utils:/home/handsome/ros_ws_test/install/costmap_queue:/home/handsome/ros_ws_test/install/nav_core2:/home/handsome/ros_ws_test/install/dwb_msgs:/home/handsome/ros_ws_test/install/nav_grid:/home/handsome/ros_ws_test/install/nav_2d_msgs:${CMAKE_PREFIX_PATH} LD_LIBRARY_PATH=/home/handsome/ros_ws_test/install/nav_grid_iterators/lib:/home/handsome/ros_ws_test/install/dwb_local_planner/lib:/home/handsome/ros_ws_test/install/nav_2d_utils/lib:/home/handsome/ros_ws_test/install/costmap_queue/lib:/home/handsome/ros_ws_test/install/nav_core2/lib:/home/handsome/ros_ws/install/yocs_cmd_vel_mux/lib:/home/handsome/ros_ws/install/tuw_multi_robot_router/lib:/home/handsome/ros_ws/install/tuw_voronoi_graph/lib:/home/handsome/ros_ws/install/tuw_vehicle_msgs/lib:/home/handsome/ros_ws/install/tuw_nav_rviz/lib:/home/handsome/ros_ws/install/tuw_multi_robot_local_behavior_controller/lib:/home/handsome/ros_ws/install/tuw_multi_robot_ctrl/lib:/home/handsome/ros_ws/install/tuw_nav_msgs/lib:/home/handsome/ros_ws/install/tuw_multi_robot_rviz/lib:/home/handsome/ros_ws/install/tuw_geometry_rviz/lib:/home/handsome/ros_ws/install/tuw_geometry_msgs/lib:/home/handsome/ros_ws/install/tuw_geometry/lib:/home/handsome/ros_ws/install/tuw_control/lib:/home/handsome/ros_ws/install/teb2_local_planner/lib:/home/handsome/ros_ws/install/spatio_temporal_voxel_layer/lib:/home/handsome/ros_ws/install/robot_database_bridge/lib:/home/handsome/ros_ws/install/ros_utility_tools/lib:/home/handsome/ros_ws/install/robot_localization/lib:/home/handsome/ros_ws/install/pnp_ros/lib:/home/handsome/ros_ws/install/omron_os32c_driver/lib:/home/handsome/ros_ws/install/dlux_plugins/lib:/home/handsome/ros_ws/install/dlux_global_planner/lib:/home/handsome/ros_ws/install/nav_grid_pub_sub/lib:/home/handsome/ros_ws/install/dwb_critics/lib:/home/handsome/ros_ws/install/nav_grid_iterators/lib:/home/handsome/ros_ws/install/locomotor/lib:/home/handsome/ros_ws/install/nav_core_adapter/lib:/home/handsome/ros_ws/install/dwb_plugins/lib:/home/handsome/ros_ws/install/dwb_local_planner/lib:/home/handsome/ros_ws/install/nav_2d_utils/lib:/home/handsome/ros_ws/install/global_planner_tests/lib:/home/handsome/ros_ws/install/costmap_queue/lib:/home/handsome/ros_ws/install/nav_core2/lib:/home/handsome/ros_ws/install/mongodb_store/lib:/home/handsome/ros_ws/install/libcreate/lib:/opt/ros/melodic/lib:/usr/local/lib PKG_CONFIG_PATH=/home/handsome/ros_ws_test/install/nav_grid_iterators/lib/x86_64-linux-gnu/pkgconfig:/home/handsome/ros_ws_test/install/nav_grid_iterators/lib/pkgconfig:/home/handsome/ros_ws_test/install/dwb_local_planner/lib/x86_64-linux-gnu/pkgconfig:/home/handsome/ros_ws_test/install/dwb_local_planner/lib/pkgconfig:/home/handsome/ros_ws_test/install/nav_2d_utils/lib/x86_64-linux-gnu/pkgconfig:/home/handsome/ros_ws_test/install/nav_2d_utils/lib/pkgconfig:/home/handsome/ros_ws_test/install/costmap_queue/lib/x86_64-linux-gnu/pkgconfig:/home/handsome/ros_ws_test/install/costmap_queue/lib/pkgconfig:/home/handsome/ros_ws_test/install/nav_core2/lib/x86_64-linux-gnu/pkgconfig:/home/handsome/ros_ws_test/install/nav_core2/lib/pkgconfig:/home/handsome/ros_ws_test/install/dwb_msgs/lib/x86_64-linux-gnu/pkgconfig:/home/handsome/ros_ws_test/install/dwb_msgs/lib/pkgconfig:/home/handsome/ros_ws_test/install/nav_grid/lib/x86_64-linux-gnu/pkgconfig:/home/handsome/ros_ws_test/install/nav_grid/lib/pkgconfig:/home/handsome/ros_ws_test/install/nav_2d_msgs/lib/x86_64-linux-gnu/pkgconfig:/home/handsome/ros_ws_test/install/nav_2d_msgs/lib/pkgconfig:${PKG_CONFIG_PATH} PYTHONPATH=/home/handsome/ros_ws_test/install/dwb_msgs/lib/python2.7/dist-packages:/home/handsome/ros_ws_test/install/nav_2d_msgs/lib/python2.7/dist-packages:${PYTHONPATH} ROS_PACKAGE_PATH=/home/handsome/ros_ws_test/install/nav_grid_iterators/share:/home/handsome/ros_ws_test/install/dwb_local_planner/share:/home/handsome/ros_ws_test/install/nav_2d_utils/share:/home/handsome/ros_ws_test/install/costmap_queue/share:/home/handsome/ros_ws_test/install/nav_core2/share:/home/handsome/ros_ws_test/install/dwb_msgs/share:/home/handsome/ros_ws_test/install/nav_grid/share:/home/handsome/ros_ws_test/install/nav_2d_msgs/share:${ROS_PACKAGE_PATH} /usr/bin/cmake /home/handsome/ros_ws_test/src/ros_base/robot_navigation/dwb_critics -DCATKIN_INSTALL_INTO_PREFIX_ROOT=0 -DCMAKE_INSTALL_PREFIX=/home/handsome/ros_ws_test/install/dwb_critics
[0.497s] -- The C compiler identification is GNU 7.5.0
[0.635s] -- The CXX compiler identification is GNU 7.5.0
[0.648s] -- Check for working C compiler: /usr/bin/cc
[0.787s] -- Check for working C compiler: /usr/bin/cc -- works
[0.788s] -- Detecting C compiler ABI info
[0.938s] -- Detecting C compiler ABI info - done
[0.955s] -- Detecting C compile features
[1.387s] -- Detecting C compile features - done
[1.390s] -- Check for working CXX compiler: /usr/bin/c++
[1.541s] -- Check for working CXX compiler: /usr/bin/c++ -- works
[1.542s] -- Detecting CXX compiler ABI info
[1.688s] -- Detecting CXX compiler ABI info - done
[1.697s] -- Detecting CXX compile features
[2.169s] -- Detecting CXX compile features - done
[2.181s] -- Using CATKIN_DEVEL_PREFIX: /home/handsome/ros_ws_test/build/dwb_critics/devel
[2.181s] -- Using CMAKE_PREFIX_PATH: /home/handsome/ros_ws_test/install/nav_grid_iterators;/home/handsome/ros_ws_test/install/dwb_local_planner;/home/handsome/ros_ws_test/install/nav_2d_utils;/home/handsome/ros_ws_test/install/costmap_queue;/home/handsome/ros_ws_test/install/nav_core2;/home/handsome/ros_ws_test/install/dwb_msgs;/home/handsome/ros_ws_test/install/nav_grid;/home/handsome/ros_ws_test/install/nav_2d_msgs;/home/handsome/ros_ws/install/yocs_cmd_vel_mux;/home/handsome/ros_ws/install/urdf_tutorial;/home/handsome/ros_ws/install/tuw_waypoint_to_spline_msgs;/home/handsome/ros_ws/install/tuw_multi_robot_router;/home/handsome/ros_ws/install/tuw_voronoi_graph;/home/handsome/ros_ws/install/tuw_vehicle_msgs;/home/handsome/ros_ws/install/tuw_order_planner;/home/handsome/ros_ws/install/tuw_object_rviz;/home/handsome/ros_ws/install/tuw_object_msgs;/home/handsome/ros_ws/install/tuw_nav_rviz;/home/handsome/ros_ws/install/tuw_multi_robot_local_behavior_controller;/home/handsome/ros_ws/install/tuw_multi_robot_ctrl;/home/handsome/ros_ws/install/tuw_nav_msgs;/home/handsome/ros_ws/install/tuw_multi_robot_rviz;/home/handsome/ros_ws/install/tuw_multi_robot_goal_generator;/home/handsome/ros_ws/install/robot_scheduling_utility;/home/handsome/ros_ws/install/robot_scheduling_actions;/home/handsome/ros_ws/install/actionlib_modules_bridge;/home/handsome/ros_ws/install/tuw_multi_robot_msgs;/home/handsome/ros_ws/install/tuw_multi_robot_demo;/home/handsome/ros_ws/install/tuw_local_controller_msgs;/home/handsome/ros_ws/install/tuw_geometry_rviz;/home/handsome/ros_ws/install/tuw_geometry_msgs;/home/handsome/ros_ws/install/tuw_geometry;/home/handsome/ros_ws/install/tuw_gazebo_msgs;/home/handsome/ros_ws/install/tuw_control;/home/handsome/ros_ws/install/tuw_airskin_msgs;/home/handsome/ros_ws/install/turtlebot_teleop;/home/handsome/ros_ws/install/tug_example_pnp_server;/home/handsome/ros_ws/install/tug_example_actions;/home/handsome/ros_ws/install/tug_example_msgs;/home/handsome/ros_ws/install/timed_roslaunch;/home/handsome/ros_ws/install/teb2_local_planner;/home/handsome/ros_ws/install/stated_roslaunch;/home/handsome/ros_ws/install/spatio_temporal_voxel_layer;/home/handsome/ros_ws/install/robot_udp_bridge;/home/handsome/ros_ws/install/robot_database_bridge;/home/handsome/ros_ws/install/samsungcmd_msgs;/home/handsome/ros_ws/install/rplidar_ros;/home/handsome/ros_ws/install/rp_action;/home/handsome/ros_ws/install/rp_action_msgs;/home/handsome/ros_ws/install/rosserial_xbee;/home/handsome/ros_ws/install/rosserial_windows;/home/handsome/ros_ws/install/rosserial_tivac;/home/handsome/ros_ws/install/rosserial_test;/home/handsome/ros_ws/install/rosserial_server;/home/handsome/ros_ws/install/rosserial_python;/home/handsome/ros_ws/install/rosserial_mbed;/home/handsome/ros_ws/install/rosserial_embeddedlinux;/home/handsome/ros_ws/install/rosserial_arduino;/home/handsome/ros_ws/install/rosserial_client;/home/handsome/ros_ws/install/rosserial_msgs;/home/handsome/ros_ws/install/cellctrl_qtgui_bridge;/home/handsome/ros_ws/install/car_db_manager_qtgui;/home/handsome/ros_ws/install/car_db_manager_bridge;/home/handsome/ros_ws/install/car_db_manager_action;/home/handsome/ros_ws/install/ros_utility_tools;/home/handsome/ros_ws/install/ros_package_test;/home/handsome/ros_ws/install/ros_package_manager;/home/handsome/ros_ws/install/robot_scheduling_server;/home/handsome/ros_ws/install/robot_scheduling_msgs;/home/handsome/ros_ws/install/robot_localization;/home/handsome/ros_ws/install/robot_control_msgs;/home/handsome/ros_ws/install/reset_location;/home/handsome/ros_ws/install/razor_imu_9dof;/home/handsome/ros_ws/install/pnp_rosplan;/home/handsome/ros_ws/install/actionlib_pnp_controller;/home/handsome/ros_ws/install/actionlib_modules_controller;/home/handsome/ros_ws/install/pnp_ros;/home/handsome/ros_ws/install/pnp_msgs;/home/handsome/ros_ws/install/open_auto_dock;/home/handsome/ros_ws/install/open_auto_dock_msgs;/home/handsome/ros_ws/install/omron_os32c_driver;/home/handsome/ros_ws/install/dlux_plugins;/home/handsome/ros_ws/install/dlux_global_planner;/home/handsome/ros_ws/install/nav_grid_pub_sub;/home/handsome/ros_ws/install/dwb_critics;/home/handsome/ros_ws/install/nav_grid_iterators;/home/handsome/ros_ws/install/locomove_base;/home/handsome/ros_ws/install/locomotor;/home/handsome/ros_ws/install/nav_core_adapter;/home/handsome/ros_ws/install/dwb_plugins;/home/handsome/ros_ws/install/dwb_local_planner;/home/handsome/ros_ws/install/nav_2d_utils;/home/handsome/ros_ws/install/global_planner_tests;/home/handsome/ros_ws/install/costmap_queue;/home/handsome/ros_ws/install/nav_core2;/home/handsome/ros_ws/install/nav_grid;/home/handsome/ros_ws/install/car_schedule_msgs;/home/handsome/ros_ws/install/actionlib_modules_msgs;/home/handsome/ros_ws/install/locomotor_msgs;/home/handsome/ros_ws/install/dwb_msgs;/home/handsome/ros_ws/install/nav_2d_msgs;/home/handsome/ros_ws/install/mongodb_log;/home/handsome/ros_ws/install/mongodb_store;/home/handsome/ros_ws/install/mongodb_store_msgs;/home/handsome/ros_ws/install/ca_driver;/home/handsome/ros_ws/install/libcreate;/home/handsome/ros_ws/install/i_robot_stage;/home/handsome/ros_ws/install/i_robot_navigation;/home/handsome/ros_ws/install/hyc_order_planner;/home/handsome/ros_ws/install/hyc_multi_robot_msgs;/home/handsome/ros_ws/install/fetch_open_auto_dock;/home/handsome/ros_ws/install/fetch_auto_dock_msgs;/home/handsome/ros_ws/install/change_teb2_max_vel_x_onfly;/home/handsome/ros_ws/install/cellctrl_control_msgs;/home/handsome/ros_ws/install/car_db_manager_msgs;/home/handsome/ros_ws/install/ca_msgs;/home/handsome/ros_ws/install/ca_description;/home/handsome/ros_ws/install/botcmd_msgs;/opt/ros/melodic
[2.186s] -- This workspace overlays: /home/handsome/ros_ws_test/install/nav_grid_iterators;/home/handsome/ros_ws_test/install/dwb_local_planner;/home/handsome/ros_ws_test/install/nav_2d_utils;/home/handsome/ros_ws_test/install/costmap_queue;/home/handsome/ros_ws_test/install/nav_core2;/home/handsome/ros_ws_test/install/dwb_msgs;/home/handsome/ros_ws_test/install/nav_grid;/home/handsome/ros_ws_test/install/nav_2d_msgs;/home/handsome/ros_ws/install/yocs_cmd_vel_mux;/home/handsome/ros_ws/install/urdf_tutorial;/home/handsome/ros_ws/install/tuw_waypoint_to_spline_msgs;/home/handsome/ros_ws/install/tuw_multi_robot_router;/home/handsome/ros_ws/install/tuw_voronoi_graph;/home/handsome/ros_ws/install/tuw_vehicle_msgs;/home/handsome/ros_ws/install/tuw_order_planner;/home/handsome/ros_ws/install/tuw_object_rviz;/home/handsome/ros_ws/install/tuw_object_msgs;/home/handsome/ros_ws/install/tuw_nav_rviz;/home/handsome/ros_ws/install/tuw_multi_robot_local_behavior_controller;/home/handsome/ros_ws/install/tuw_multi_robot_ctrl;/home/handsome/ros_ws/install/tuw_nav_msgs;/home/handsome/ros_ws/install/tuw_multi_robot_rviz;/home/handsome/ros_ws/install/tuw_multi_robot_goal_generator;/home/handsome/ros_ws/install/robot_scheduling_utility;/home/handsome/ros_ws/install/robot_scheduling_actions;/home/handsome/ros_ws/install/actionlib_modules_bridge;/home/handsome/ros_ws/install/tuw_multi_robot_msgs;/home/handsome/ros_ws/install/tuw_multi_robot_demo;/home/handsome/ros_ws/install/tuw_local_controller_msgs;/home/handsome/ros_ws/install/tuw_geometry_rviz;/home/handsome/ros_ws/install/tuw_geometry_msgs;/home/handsome/ros_ws/install/tuw_geometry;/home/handsome/ros_ws/install/tuw_gazebo_msgs;/home/handsome/ros_ws/install/tuw_control;/home/handsome/ros_ws/install/tuw_airskin_msgs;/home/handsome/ros_ws/install/turtlebot_teleop;/home/handsome/ros_ws/install/tug_example_pnp_server;/home/handsome/ros_ws/install/tug_example_actions;/home/handsome/ros_ws/install/tug_example_msgs;/home/handsome/ros_ws/install/timed_roslaunch;/home/handsome/ros_ws/install/teb2_local_planner;/home/handsome/ros_ws/install/stated_roslaunch;/home/handsome/ros_ws/install/spatio_temporal_voxel_layer;/home/handsome/ros_ws/install/robot_udp_bridge;/home/handsome/ros_ws/install/robot_database_bridge;/home/handsome/ros_ws/install/samsungcmd_msgs;/home/handsome/ros_ws/install/rplidar_ros;/home/handsome/ros_ws/install/rp_action;/home/handsome/ros_ws/install/rp_action_msgs;/home/handsome/ros_ws/install/rosserial_xbee;/home/handsome/ros_ws/install/rosserial_windows;/home/handsome/ros_ws/install/rosserial_tivac;/home/handsome/ros_ws/install/rosserial_test;/home/handsome/ros_ws/install/rosserial_server;/home/handsome/ros_ws/install/rosserial_python;/home/handsome/ros_ws/install/rosserial_mbed;/home/handsome/ros_ws/install/rosserial_embeddedlinux;/home/handsome/ros_ws/install/rosserial_arduino;/home/handsome/ros_ws/install/rosserial_client;/home/handsome/ros_ws/install/rosserial_msgs;/home/handsome/ros_ws/install/cellctrl_qtgui_bridge;/home/handsome/ros_ws/install/car_db_manager_qtgui;/home/handsome/ros_ws/install/car_db_manager_bridge;/home/handsome/ros_ws/install/car_db_manager_action;/home/handsome/ros_ws/install/ros_utility_tools;/home/handsome/ros_ws/install/ros_package_test;/home/handsome/ros_ws/install/ros_package_manager;/home/handsome/ros_ws/install/robot_scheduling_server;/home/handsome/ros_ws/install/robot_scheduling_msgs;/home/handsome/ros_ws/install/robot_localization;/home/handsome/ros_ws/install/robot_control_msgs;/home/handsome/ros_ws/install/reset_location;/home/handsome/ros_ws/install/razor_imu_9dof;/home/handsome/ros_ws/install/pnp_rosplan;/home/handsome/ros_ws/install/actionlib_pnp_controller;/home/handsome/ros_ws/install/actionlib_modules_controller;/home/handsome/ros_ws/install/pnp_ros;/home/handsome/ros_ws/install/pnp_msgs;/home/handsome/ros_ws/install/open_auto_dock;/home/handsome/ros_ws/install/open_auto_dock_msgs;/home/handsome/ros_ws/install/omron_os32c_driver;/home/handsome/ros_ws/install/dlux_plugins;/home/handsome/ros_ws/install/dlux_global_planner;/home/handsome/ros_ws/install/nav_grid_pub_sub;/home/handsome/ros_ws/install/dwb_critics;/home/handsome/ros_ws/install/nav_grid_iterators;/home/handsome/ros_ws/install/locomove_base;/home/handsome/ros_ws/install/locomotor;/home/handsome/ros_ws/install/nav_core_adapter;/home/handsome/ros_ws/install/dwb_plugins;/home/handsome/ros_ws/install/dwb_local_planner;/home/handsome/ros_ws/install/nav_2d_utils;/home/handsome/ros_ws/install/global_planner_tests;/home/handsome/ros_ws/install/costmap_queue;/home/handsome/ros_ws/install/nav_core2;/home/handsome/ros_ws/install/nav_grid;/home/handsome/ros_ws/install/car_schedule_msgs;/home/handsome/ros_ws/install/actionlib_modules_msgs;/home/handsome/ros_ws/install/locomotor_msgs;/home/handsome/ros_ws/install/dwb_msgs;/home/handsome/ros_ws/install/nav_2d_msgs;/home/handsome/ros_ws/install/mongodb_log;/home/handsome/ros_ws/install/mongodb_store;/home/handsome/ros_ws/install/mongodb_store_msgs;/home/handsome/ros_ws/install/ca_driver;/home/handsome/ros_ws/install/i_robot_stage;/home/handsome/ros_ws/install/i_robot_navigation;/home/handsome/ros_ws/install/hyc_order_planner;/home/handsome/ros_ws/install/hyc_multi_robot_msgs;/home/handsome/ros_ws/install/fetch_open_auto_dock;/home/handsome/ros_ws/install/fetch_auto_dock_msgs;/home/handsome/ros_ws/install/change_teb2_max_vel_x_onfly;/home/handsome/ros_ws/install/cellctrl_control_msgs;/home/handsome/ros_ws/install/car_db_manager_msgs;/home/handsome/ros_ws/install/ca_msgs;/home/handsome/ros_ws/install/ca_description;/home/handsome/ros_ws/install/botcmd_msgs;/opt/ros/melodic
[2.215s] -- Found PythonInterp: /usr/bin/python2 (found suitable version "2.7.17", minimum required is "2") 
[2.215s] -- Using PYTHON_EXECUTABLE: /usr/bin/python2
[2.215s] -- Using Debian Python package layout
[2.216s] -- Using empy: /usr/bin/empy
[2.380s] -- Using CATKIN_ENABLE_TESTING: ON
[2.380s] -- Call enable_testing()
[2.384s] -- Using CATKIN_TEST_RESULTS_DIR: /home/handsome/ros_ws_test/build/dwb_critics/test_results
[2.429s] -- Found gtest sources under '/usr/src/googletest': gtests will be built
[2.429s] -- Found gmock sources under '/usr/src/googletest': gmock will be built
[2.461s] -- Found PythonInterp: /usr/bin/python2 (found version "2.7.17") 
[2.462s] -- Looking for pthread.h
[2.596s] -- Looking for pthread.h - found
[2.596s] -- Looking for pthread_create
[2.736s] -- Looking for pthread_create - not found
[2.736s] -- Looking for pthread_create in pthreads
[2.857s] -- Looking for pthread_create in pthreads - not found
[2.857s] -- Looking for pthread_create in pthread
[2.986s] -- Looking for pthread_create in pthread - found
[2.988s] -- Found Threads: TRUE  
[2.997s] -- Using Python nosetests: /usr/bin/nosetests-2.7
[3.114s] -- catkin 0.7.28
[3.115s] -- BUILD_SHARED_LIBS is on
[3.822s] -- Using these message generators: gencpp;geneus;genlisp;gennodejs;genpy
[6.014s] -- Configuring done
[6.171s] -- Generating done
[6.204s] -- Build files have been written to: /home/handsome/ros_ws_test/build/dwb_critics
[6.223s] Invoked command in '/home/handsome/ros_ws_test/build/dwb_critics' returned '0': CMAKE_PREFIX_PATH=/home/handsome/ros_ws_test/install/nav_grid_iterators:/home/handsome/ros_ws_test/install/dwb_local_planner:/home/handsome/ros_ws_test/install/nav_2d_utils:/home/handsome/ros_ws_test/install/costmap_queue:/home/handsome/ros_ws_test/install/nav_core2:/home/handsome/ros_ws_test/install/dwb_msgs:/home/handsome/ros_ws_test/install/nav_grid:/home/handsome/ros_ws_test/install/nav_2d_msgs:${CMAKE_PREFIX_PATH} LD_LIBRARY_PATH=/home/handsome/ros_ws_test/install/nav_grid_iterators/lib:/home/handsome/ros_ws_test/install/dwb_local_planner/lib:/home/handsome/ros_ws_test/install/nav_2d_utils/lib:/home/handsome/ros_ws_test/install/costmap_queue/lib:/home/handsome/ros_ws_test/install/nav_core2/lib:/home/handsome/ros_ws/install/yocs_cmd_vel_mux/lib:/home/handsome/ros_ws/install/tuw_multi_robot_router/lib:/home/handsome/ros_ws/install/tuw_voronoi_graph/lib:/home/handsome/ros_ws/install/tuw_vehicle_msgs/lib:/home/handsome/ros_ws/install/tuw_nav_rviz/lib:/home/handsome/ros_ws/install/tuw_multi_robot_local_behavior_controller/lib:/home/handsome/ros_ws/install/tuw_multi_robot_ctrl/lib:/home/handsome/ros_ws/install/tuw_nav_msgs/lib:/home/handsome/ros_ws/install/tuw_multi_robot_rviz/lib:/home/handsome/ros_ws/install/tuw_geometry_rviz/lib:/home/handsome/ros_ws/install/tuw_geometry_msgs/lib:/home/handsome/ros_ws/install/tuw_geometry/lib:/home/handsome/ros_ws/install/tuw_control/lib:/home/handsome/ros_ws/install/teb2_local_planner/lib:/home/handsome/ros_ws/install/spatio_temporal_voxel_layer/lib:/home/handsome/ros_ws/install/robot_database_bridge/lib:/home/handsome/ros_ws/install/ros_utility_tools/lib:/home/handsome/ros_ws/install/robot_localization/lib:/home/handsome/ros_ws/install/pnp_ros/lib:/home/handsome/ros_ws/install/omron_os32c_driver/lib:/home/handsome/ros_ws/install/dlux_plugins/lib:/home/handsome/ros_ws/install/dlux_global_planner/lib:/home/handsome/ros_ws/install/nav_grid_pub_sub/lib:/home/handsome/ros_ws/install/dwb_critics/lib:/home/handsome/ros_ws/install/nav_grid_iterators/lib:/home/handsome/ros_ws/install/locomotor/lib:/home/handsome/ros_ws/install/nav_core_adapter/lib:/home/handsome/ros_ws/install/dwb_plugins/lib:/home/handsome/ros_ws/install/dwb_local_planner/lib:/home/handsome/ros_ws/install/nav_2d_utils/lib:/home/handsome/ros_ws/install/global_planner_tests/lib:/home/handsome/ros_ws/install/costmap_queue/lib:/home/handsome/ros_ws/install/nav_core2/lib:/home/handsome/ros_ws/install/mongodb_store/lib:/home/handsome/ros_ws/install/libcreate/lib:/opt/ros/melodic/lib:/usr/local/lib PKG_CONFIG_PATH=/home/handsome/ros_ws_test/install/nav_grid_iterators/lib/x86_64-linux-gnu/pkgconfig:/home/handsome/ros_ws_test/install/nav_grid_iterators/lib/pkgconfig:/home/handsome/ros_ws_test/install/dwb_local_planner/lib/x86_64-linux-gnu/pkgconfig:/home/handsome/ros_ws_test/install/dwb_local_planner/lib/pkgconfig:/home/handsome/ros_ws_test/install/nav_2d_utils/lib/x86_64-linux-gnu/pkgconfig:/home/handsome/ros_ws_test/install/nav_2d_utils/lib/pkgconfig:/home/handsome/ros_ws_test/install/costmap_queue/lib/x86_64-linux-gnu/pkgconfig:/home/handsome/ros_ws_test/install/costmap_queue/lib/pkgconfig:/home/handsome/ros_ws_test/install/nav_core2/lib/x86_64-linux-gnu/pkgconfig:/home/handsome/ros_ws_test/install/nav_core2/lib/pkgconfig:/home/handsome/ros_ws_test/install/dwb_msgs/lib/x86_64-linux-gnu/pkgconfig:/home/handsome/ros_ws_test/install/dwb_msgs/lib/pkgconfig:/home/handsome/ros_ws_test/install/nav_grid/lib/x86_64-linux-gnu/pkgconfig:/home/handsome/ros_ws_test/install/nav_grid/lib/pkgconfig:/home/handsome/ros_ws_test/install/nav_2d_msgs/lib/x86_64-linux-gnu/pkgconfig:/home/handsome/ros_ws_test/install/nav_2d_msgs/lib/pkgconfig:${PKG_CONFIG_PATH} PYTHONPATH=/home/handsome/ros_ws_test/install/dwb_msgs/lib/python2.7/dist-packages:/home/handsome/ros_ws_test/install/nav_2d_msgs/lib/python2.7/dist-packages:${PYTHONPATH} ROS_PACKAGE_PATH=/home/handsome/ros_ws_test/install/nav_grid_iterators/share:/home/handsome/ros_ws_test/install/dwb_local_planner/share:/home/handsome/ros_ws_test/install/nav_2d_utils/share:/home/handsome/ros_ws_test/install/costmap_queue/share:/home/handsome/ros_ws_test/install/nav_core2/share:/home/handsome/ros_ws_test/install/dwb_msgs/share:/home/handsome/ros_ws_test/install/nav_grid/share:/home/handsome/ros_ws_test/install/nav_2d_msgs/share:${ROS_PACKAGE_PATH} /usr/bin/cmake /home/handsome/ros_ws_test/src/ros_base/robot_navigation/dwb_critics -DCATKIN_INSTALL_INTO_PREFIX_ROOT=0 -DCMAKE_INSTALL_PREFIX=/home/handsome/ros_ws_test/install/dwb_critics
[6.226s] Invoking command in '/home/handsome/ros_ws_test/build/dwb_critics': CMAKE_PREFIX_PATH=/home/handsome/ros_ws_test/install/nav_grid_iterators:/home/handsome/ros_ws_test/install/dwb_local_planner:/home/handsome/ros_ws_test/install/nav_2d_utils:/home/handsome/ros_ws_test/install/costmap_queue:/home/handsome/ros_ws_test/install/nav_core2:/home/handsome/ros_ws_test/install/dwb_msgs:/home/handsome/ros_ws_test/install/nav_grid:/home/handsome/ros_ws_test/install/nav_2d_msgs:${CMAKE_PREFIX_PATH} LD_LIBRARY_PATH=/home/handsome/ros_ws_test/install/nav_grid_iterators/lib:/home/handsome/ros_ws_test/install/dwb_local_planner/lib:/home/handsome/ros_ws_test/install/nav_2d_utils/lib:/home/handsome/ros_ws_test/install/costmap_queue/lib:/home/handsome/ros_ws_test/install/nav_core2/lib:/home/handsome/ros_ws/install/yocs_cmd_vel_mux/lib:/home/handsome/ros_ws/install/tuw_multi_robot_router/lib:/home/handsome/ros_ws/install/tuw_voronoi_graph/lib:/home/handsome/ros_ws/install/tuw_vehicle_msgs/lib:/home/handsome/ros_ws/install/tuw_nav_rviz/lib:/home/handsome/ros_ws/install/tuw_multi_robot_local_behavior_controller/lib:/home/handsome/ros_ws/install/tuw_multi_robot_ctrl/lib:/home/handsome/ros_ws/install/tuw_nav_msgs/lib:/home/handsome/ros_ws/install/tuw_multi_robot_rviz/lib:/home/handsome/ros_ws/install/tuw_geometry_rviz/lib:/home/handsome/ros_ws/install/tuw_geometry_msgs/lib:/home/handsome/ros_ws/install/tuw_geometry/lib:/home/handsome/ros_ws/install/tuw_control/lib:/home/handsome/ros_ws/install/teb2_local_planner/lib:/home/handsome/ros_ws/install/spatio_temporal_voxel_layer/lib:/home/handsome/ros_ws/install/robot_database_bridge/lib:/home/handsome/ros_ws/install/ros_utility_tools/lib:/home/handsome/ros_ws/install/robot_localization/lib:/home/handsome/ros_ws/install/pnp_ros/lib:/home/handsome/ros_ws/install/omron_os32c_driver/lib:/home/handsome/ros_ws/install/dlux_plugins/lib:/home/handsome/ros_ws/install/dlux_global_planner/lib:/home/handsome/ros_ws/install/nav_grid_pub_sub/lib:/home/handsome/ros_ws/install/dwb_critics/lib:/home/handsome/ros_ws/install/nav_grid_iterators/lib:/home/handsome/ros_ws/install/locomotor/lib:/home/handsome/ros_ws/install/nav_core_adapter/lib:/home/handsome/ros_ws/install/dwb_plugins/lib:/home/handsome/ros_ws/install/dwb_local_planner/lib:/home/handsome/ros_ws/install/nav_2d_utils/lib:/home/handsome/ros_ws/install/global_planner_tests/lib:/home/handsome/ros_ws/install/costmap_queue/lib:/home/handsome/ros_ws/install/nav_core2/lib:/home/handsome/ros_ws/install/mongodb_store/lib:/home/handsome/ros_ws/install/libcreate/lib:/opt/ros/melodic/lib:/usr/local/lib PKG_CONFIG_PATH=/home/handsome/ros_ws_test/install/nav_grid_iterators/lib/x86_64-linux-gnu/pkgconfig:/home/handsome/ros_ws_test/install/nav_grid_iterators/lib/pkgconfig:/home/handsome/ros_ws_test/install/dwb_local_planner/lib/x86_64-linux-gnu/pkgconfig:/home/handsome/ros_ws_test/install/dwb_local_planner/lib/pkgconfig:/home/handsome/ros_ws_test/install/nav_2d_utils/lib/x86_64-linux-gnu/pkgconfig:/home/handsome/ros_ws_test/install/nav_2d_utils/lib/pkgconfig:/home/handsome/ros_ws_test/install/costmap_queue/lib/x86_64-linux-gnu/pkgconfig:/home/handsome/ros_ws_test/install/costmap_queue/lib/pkgconfig:/home/handsome/ros_ws_test/install/nav_core2/lib/x86_64-linux-gnu/pkgconfig:/home/handsome/ros_ws_test/install/nav_core2/lib/pkgconfig:/home/handsome/ros_ws_test/install/dwb_msgs/lib/x86_64-linux-gnu/pkgconfig:/home/handsome/ros_ws_test/install/dwb_msgs/lib/pkgconfig:/home/handsome/ros_ws_test/install/nav_grid/lib/x86_64-linux-gnu/pkgconfig:/home/handsome/ros_ws_test/install/nav_grid/lib/pkgconfig:/home/handsome/ros_ws_test/install/nav_2d_msgs/lib/x86_64-linux-gnu/pkgconfig:/home/handsome/ros_ws_test/install/nav_2d_msgs/lib/pkgconfig:${PKG_CONFIG_PATH} PYTHONPATH=/home/handsome/ros_ws_test/install/dwb_msgs/lib/python2.7/dist-packages:/home/handsome/ros_ws_test/install/nav_2d_msgs/lib/python2.7/dist-packages:${PYTHONPATH} ROS_PACKAGE_PATH=/home/handsome/ros_ws_test/install/nav_grid_iterators/share:/home/handsome/ros_ws_test/install/dwb_local_planner/share:/home/handsome/ros_ws_test/install/nav_2d_utils/share:/home/handsome/ros_ws_test/install/costmap_queue/share:/home/handsome/ros_ws_test/install/nav_core2/share:/home/handsome/ros_ws_test/install/dwb_msgs/share:/home/handsome/ros_ws_test/install/nav_grid/share:/home/handsome/ros_ws_test/install/nav_2d_msgs/share:${ROS_PACKAGE_PATH} /usr/bin/cmake --build /home/handsome/ros_ws_test/build/dwb_critics -- -j12 -l12
[6.502s] [35m[1mScanning dependencies of target visualization_msgs_generate_messages_py[0m
[6.603s] [  0%] Built target visualization_msgs_generate_messages_py
[6.708s] [35m[1mScanning dependencies of target sensor_msgs_generate_messages_eus[0m
[6.813s] [  0%] Built target sensor_msgs_generate_messages_eus
[6.892s] [35m[1mScanning dependencies of target actionlib_msgs_generate_messages_py[0m
[6.992s] [  0%] Built target actionlib_msgs_generate_messages_py
[7.113s] [35m[1mScanning dependencies of target actionlib_msgs_generate_messages_lisp[0m
[7.235s] [  0%] Built target actionlib_msgs_generate_messages_lisp
[7.387s] [35m[1mScanning dependencies of target actionlib_generate_messages_eus[0m
[7.505s] [  0%] Built target actionlib_generate_messages_eus
[7.627s] [35m[1mScanning dependencies of target rosgraph_msgs_generate_messages_cpp[0m
[7.725s] [  0%] Built target rosgraph_msgs_generate_messages_cpp
[7.818s] [35m[1mScanning dependencies of target std_msgs_generate_messages_cpp[0m
[7.900s] [  0%] Built target std_msgs_generate_messages_cpp
[8.002s] [35m[1mScanning dependencies of target std_msgs_generate_messages_eus[0m
[8.086s] [  0%] Built target std_msgs_generate_messages_eus
[8.170s] [35m[1mScanning dependencies of target visualization_msgs_generate_messages_lisp[0m
[8.274s] [  0%] Built target visualization_msgs_generate_messages_lisp
[8.377s] [35m[1mScanning dependencies of target visualization_msgs_generate_messages_nodejs[0m
[8.491s] [  0%] Built target visualization_msgs_generate_messages_nodejs
[8.604s] [35m[1mScanning dependencies of target dwb_msgs_generate_messages_nodejs[0m
[8.716s] [  0%] Built target dwb_msgs_generate_messages_nodejs
[8.783s] [35m[1mScanning dependencies of target roscpp_generate_messages_py[0m
[8.896s] [  0%] Built target roscpp_generate_messages_py
[9.003s] [35m[1mScanning dependencies of target geometry_msgs_generate_messages_nodejs[0m
[9.093s] [  0%] Built target geometry_msgs_generate_messages_nodejs
[9.204s] [35m[1mScanning dependencies of target geometry_msgs_generate_messages_lisp[0m
[9.334s] [  0%] Built target geometry_msgs_generate_messages_lisp
[9.443s] [35m[1mScanning dependencies of target actionlib_generate_messages_lisp[0m
[9.527s] [  0%] Built target actionlib_generate_messages_lisp
[9.619s] [35m[1mScanning dependencies of target geometry_msgs_generate_messages_cpp[0m
[9.690s] [  0%] Built target geometry_msgs_generate_messages_cpp
[9.786s] [35m[1mScanning dependencies of target nav_2d_msgs_generate_messages_eus[0m
[9.901s] [  0%] Built target nav_2d_msgs_generate_messages_eus
[10.002s] [35m[1mScanning dependencies of target nav_msgs_generate_messages_nodejs[0m
[10.114s] [  0%] Built target nav_msgs_generate_messages_nodejs
[10.231s] [35m[1mScanning dependencies of target dwb_msgs_generate_messages_py[0m
[10.309s] [  0%] Built target dwb_msgs_generate_messages_py
[10.383s] [35m[1mScanning dependencies of target tf2_msgs_generate_messages_cpp[0m
[10.490s] [  0%] Built target tf2_msgs_generate_messages_cpp
[10.578s] [35m[1mScanning dependencies of target geometry_msgs_generate_messages_py[0m
[10.679s] [  0%] Built target geometry_msgs_generate_messages_py
[10.801s] [35m[1mScanning dependencies of target nav_2d_msgs_generate_messages_py[0m
[10.926s] [  0%] Built target nav_2d_msgs_generate_messages_py
[11.010s] [35m[1mScanning dependencies of target rosgraph_msgs_generate_messages_eus[0m
[11.108s] [  0%] Built target rosgraph_msgs_generate_messages_eus
[11.224s] [35m[1mScanning dependencies of target rosgraph_msgs_generate_messages_lisp[0m
[11.306s] [  0%] Built target rosgraph_msgs_generate_messages_lisp
[11.427s] [35m[1mScanning dependencies of target rosgraph_msgs_generate_messages_nodejs[0m
[11.494s] [  0%] Built target rosgraph_msgs_generate_messages_nodejs
[11.575s] [35m[1mScanning dependencies of target roscpp_generate_messages_eus[0m
[11.640s] [  0%] Built target roscpp_generate_messages_eus
[11.733s] [35m[1mScanning dependencies of target actionlib_msgs_generate_messages_eus[0m
[11.831s] [  0%] Built target actionlib_msgs_generate_messages_eus
[11.914s] [35m[1mScanning dependencies of target rosgraph_msgs_generate_messages_py[0m
[11.994s] [  0%] Built target rosgraph_msgs_generate_messages_py
[12.083s] [35m[1mScanning dependencies of target actionlib_generate_messages_py[0m
[12.180s] [  0%] Built target actionlib_generate_messages_py
[12.216s] [35m[1mScanning dependencies of target tf2_msgs_generate_messages_py[0m
[12.287s] [  0%] Built target tf2_msgs_generate_messages_py
[12.374s] [35m[1mScanning dependencies of target tf2_msgs_generate_messages_nodejs[0m
[12.472s] [  0%] Built target tf2_msgs_generate_messages_nodejs
[12.537s] [35m[1mScanning dependencies of target dwb_msgs_generate_messages_eus[0m
[12.618s] [  0%] Built target dwb_msgs_generate_messages_eus
[12.665s] [35m[1mScanning dependencies of target dwb_msgs_generate_messages_lisp[0m
[12.694s] [  0%] Built target dwb_msgs_generate_messages_lisp
[12.722s] [35m[1mScanning dependencies of target tf_generate_messages_lisp[0m
[12.750s] [  0%] Built target tf_generate_messages_lisp
[12.781s] [35m[1mScanning dependencies of target nav_2d_msgs_generate_messages_lisp[0m
[12.812s] [  0%] Built target nav_2d_msgs_generate_messages_lisp
[12.843s] [35m[1mScanning dependencies of target sensor_msgs_generate_messages_lisp[0m
[12.869s] [  0%] Built target sensor_msgs_generate_messages_lisp
[12.890s] [35m[1mScanning dependencies of target nav_msgs_generate_messages_cpp[0m
[12.910s] [  0%] Built target nav_msgs_generate_messages_cpp
[12.939s] [35m[1mScanning dependencies of target nav_msgs_generate_messages_lisp[0m
[12.972s] [  0%] Built target nav_msgs_generate_messages_lisp
[13.002s] [35m[1mScanning dependencies of target tf2_msgs_generate_messages_lisp[0m
[13.036s] [  0%] Built target tf2_msgs_generate_messages_lisp
[13.070s] [35m[1mScanning dependencies of target nav_msgs_generate_messages_py[0m
[13.102s] [  0%] Built target nav_msgs_generate_messages_py
[13.137s] [35m[1mScanning dependencies of target actionlib_generate_messages_nodejs[0m
[13.181s] [  0%] Built target actionlib_generate_messages_nodejs
[13.225s] [35m[1mScanning dependencies of target roscpp_generate_messages_lisp[0m
[13.254s] [  0%] Built target roscpp_generate_messages_lisp
[13.287s] [35m[1mScanning dependencies of target dwb_msgs_generate_messages_cpp[0m
[13.319s] [  0%] Built target dwb_msgs_generate_messages_cpp
[13.351s] [35m[1mScanning dependencies of target nav_2d_msgs_generate_messages_cpp[0m
[13.384s] [  0%] Built target nav_2d_msgs_generate_messages_cpp
[13.413s] [35m[1mScanning dependencies of target nav_2d_msgs_generate_messages_nodejs[0m
[13.443s] [  0%] Built target nav_2d_msgs_generate_messages_nodejs
[13.474s] [35m[1mScanning dependencies of target tf_generate_messages_cpp[0m
[13.505s] [  0%] Built target tf_generate_messages_cpp
[13.534s] [35m[1mScanning dependencies of target actionlib_msgs_generate_messages_cpp[0m
[13.564s] [  0%] Built target actionlib_msgs_generate_messages_cpp
[13.598s] [35m[1mScanning dependencies of target tf_generate_messages_eus[0m
[13.622s] [  0%] Built target tf_generate_messages_eus
[13.646s] [35m[1mScanning dependencies of target tf_generate_messages_nodejs[0m
[13.673s] [  0%] Built target tf_generate_messages_nodejs
[13.703s] [35m[1mScanning dependencies of target tf_generate_messages_py[0m
[13.731s] [  0%] Built target tf_generate_messages_py
[13.756s] [35m[1mScanning dependencies of target sensor_msgs_generate_messages_py[0m
[13.784s] [  0%] Built target sensor_msgs_generate_messages_py
[13.812s] [35m[1mScanning dependencies of target sensor_msgs_generate_messages_cpp[0m
[13.839s] [  0%] Built target sensor_msgs_generate_messages_cpp
[13.865s] [35m[1mScanning dependencies of target tf2_msgs_generate_messages_eus[0m
[13.893s] [  0%] Built target tf2_msgs_generate_messages_eus
[13.918s] [35m[1mScanning dependencies of target nav_msgs_generate_messages_eus[0m
[13.945s] [  0%] Built target nav_msgs_generate_messages_eus
[13.973s] [35m[1mScanning dependencies of target visualization_msgs_generate_messages_cpp[0m
[14.005s] [  0%] Built target visualization_msgs_generate_messages_cpp
[14.031s] [35m[1mScanning dependencies of target visualization_msgs_generate_messages_eus[0m
[14.061s] [  0%] Built target visualization_msgs_generate_messages_eus
[14.088s] [35m[1mScanning dependencies of target actionlib_msgs_generate_messages_nodejs[0m
[14.117s] [  0%] Built target actionlib_msgs_generate_messages_nodejs
[14.144s] [35m[1mScanning dependencies of target std_msgs_generate_messages_lisp[0m
[14.166s] [  0%] Built target std_msgs_generate_messages_lisp
[14.194s] [35m[1mScanning dependencies of target roscpp_generate_messages_nodejs[0m
[14.216s] [  0%] Built target roscpp_generate_messages_nodejs
[14.239s] [35m[1mScanning dependencies of target std_msgs_generate_messages_nodejs[0m
[14.260s] [  0%] Built target std_msgs_generate_messages_nodejs
[14.286s] [35m[1mScanning dependencies of target std_msgs_generate_messages_py[0m
[14.311s] [  0%] Built target std_msgs_generate_messages_py
[14.338s] [35m[1mScanning dependencies of target _catkin_empty_exported_target[0m
[14.366s] [  0%] Built target _catkin_empty_exported_target
[14.394s] [35m[1mScanning dependencies of target geometry_msgs_generate_messages_eus[0m
[14.424s] [  0%] Built target geometry_msgs_generate_messages_eus
[14.448s] [35m[1mScanning dependencies of target sensor_msgs_generate_messages_nodejs[0m
[14.475s] [  0%] Built target sensor_msgs_generate_messages_nodejs
[14.501s] [35m[1mScanning dependencies of target roscpp_generate_messages_cpp[0m
[14.528s] [  0%] Built target roscpp_generate_messages_cpp
[14.548s] [35m[1mScanning dependencies of target actionlib_generate_messages_cpp[0m
[14.575s] [  0%] Built target actionlib_generate_messages_cpp
[14.603s] [35m[1mScanning dependencies of target dwb_critics[0m
[14.706s] [  7%] [32mBuilding CXX object CMakeFiles/dwb_critics.dir/src/alignment_util.cpp.o[0m
[15.683s] [ 15%] [32mBuilding CXX object CMakeFiles/dwb_critics.dir/src/twirling.cpp.o[0m
[19.174s] [ 23%] [32mBuilding CXX object CMakeFiles/dwb_critics.dir/src/rotate_to_goal.cpp.o[0m
[22.265s] [ 46%] [32mBuilding CXX object CMakeFiles/dwb_critics.dir/src/oscillation.cpp.o[0m
[22.265s] [ 46%] [32mBuilding CXX object CMakeFiles/dwb_critics.dir/src/prefer_forward.cpp.o[0m
[22.265s] [ 46%] [32mBuilding CXX object CMakeFiles/dwb_critics.dir/src/obstacle_footprint.cpp.o[0m
[30.302s] [ 53%] [32mBuilding CXX object CMakeFiles/dwb_critics.dir/src/base_obstacle.cpp.o[0m
[36.433s] [ 61%] [32mBuilding CXX object CMakeFiles/dwb_critics.dir/src/path_align.cpp.o[0m
[39.478s] [ 69%] [32mBuilding CXX object CMakeFiles/dwb_critics.dir/src/goal_align.cpp.o[0m
[42.610s] [ 76%] [32mBuilding CXX object CMakeFiles/dwb_critics.dir/src/path_dist.cpp.o[0m
[42.615s] [ 84%] [32mBuilding CXX object CMakeFiles/dwb_critics.dir/src/goal_dist.cpp.o[0m
[45.942s] [ 92%] [32mBuilding CXX object CMakeFiles/dwb_critics.dir/src/map_grid.cpp.o[0m
[49.753s] [100%] [32m[1mLinking CXX shared library devel/lib/libdwb_critics.so[0m
[50.062s] [100%] Built target dwb_critics
[50.078s] Invoked command in '/home/handsome/ros_ws_test/build/dwb_critics' returned '0': CMAKE_PREFIX_PATH=/home/handsome/ros_ws_test/install/nav_grid_iterators:/home/handsome/ros_ws_test/install/dwb_local_planner:/home/handsome/ros_ws_test/install/nav_2d_utils:/home/handsome/ros_ws_test/install/costmap_queue:/home/handsome/ros_ws_test/install/nav_core2:/home/handsome/ros_ws_test/install/dwb_msgs:/home/handsome/ros_ws_test/install/nav_grid:/home/handsome/ros_ws_test/install/nav_2d_msgs:${CMAKE_PREFIX_PATH} LD_LIBRARY_PATH=/home/handsome/ros_ws_test/install/nav_grid_iterators/lib:/home/handsome/ros_ws_test/install/dwb_local_planner/lib:/home/handsome/ros_ws_test/install/nav_2d_utils/lib:/home/handsome/ros_ws_test/install/costmap_queue/lib:/home/handsome/ros_ws_test/install/nav_core2/lib:/home/handsome/ros_ws/install/yocs_cmd_vel_mux/lib:/home/handsome/ros_ws/install/tuw_multi_robot_router/lib:/home/handsome/ros_ws/install/tuw_voronoi_graph/lib:/home/handsome/ros_ws/install/tuw_vehicle_msgs/lib:/home/handsome/ros_ws/install/tuw_nav_rviz/lib:/home/handsome/ros_ws/install/tuw_multi_robot_local_behavior_controller/lib:/home/handsome/ros_ws/install/tuw_multi_robot_ctrl/lib:/home/handsome/ros_ws/install/tuw_nav_msgs/lib:/home/handsome/ros_ws/install/tuw_multi_robot_rviz/lib:/home/handsome/ros_ws/install/tuw_geometry_rviz/lib:/home/handsome/ros_ws/install/tuw_geometry_msgs/lib:/home/handsome/ros_ws/install/tuw_geometry/lib:/home/handsome/ros_ws/install/tuw_control/lib:/home/handsome/ros_ws/install/teb2_local_planner/lib:/home/handsome/ros_ws/install/spatio_temporal_voxel_layer/lib:/home/handsome/ros_ws/install/robot_database_bridge/lib:/home/handsome/ros_ws/install/ros_utility_tools/lib:/home/handsome/ros_ws/install/robot_localization/lib:/home/handsome/ros_ws/install/pnp_ros/lib:/home/handsome/ros_ws/install/omron_os32c_driver/lib:/home/handsome/ros_ws/install/dlux_plugins/lib:/home/handsome/ros_ws/install/dlux_global_planner/lib:/home/handsome/ros_ws/install/nav_grid_pub_sub/lib:/home/handsome/ros_ws/install/dwb_critics/lib:/home/handsome/ros_ws/install/nav_grid_iterators/lib:/home/handsome/ros_ws/install/locomotor/lib:/home/handsome/ros_ws/install/nav_core_adapter/lib:/home/handsome/ros_ws/install/dwb_plugins/lib:/home/handsome/ros_ws/install/dwb_local_planner/lib:/home/handsome/ros_ws/install/nav_2d_utils/lib:/home/handsome/ros_ws/install/global_planner_tests/lib:/home/handsome/ros_ws/install/costmap_queue/lib:/home/handsome/ros_ws/install/nav_core2/lib:/home/handsome/ros_ws/install/mongodb_store/lib:/home/handsome/ros_ws/install/libcreate/lib:/opt/ros/melodic/lib:/usr/local/lib PKG_CONFIG_PATH=/home/handsome/ros_ws_test/install/nav_grid_iterators/lib/x86_64-linux-gnu/pkgconfig:/home/handsome/ros_ws_test/install/nav_grid_iterators/lib/pkgconfig:/home/handsome/ros_ws_test/install/dwb_local_planner/lib/x86_64-linux-gnu/pkgconfig:/home/handsome/ros_ws_test/install/dwb_local_planner/lib/pkgconfig:/home/handsome/ros_ws_test/install/nav_2d_utils/lib/x86_64-linux-gnu/pkgconfig:/home/handsome/ros_ws_test/install/nav_2d_utils/lib/pkgconfig:/home/handsome/ros_ws_test/install/costmap_queue/lib/x86_64-linux-gnu/pkgconfig:/home/handsome/ros_ws_test/install/costmap_queue/lib/pkgconfig:/home/handsome/ros_ws_test/install/nav_core2/lib/x86_64-linux-gnu/pkgconfig:/home/handsome/ros_ws_test/install/nav_core2/lib/pkgconfig:/home/handsome/ros_ws_test/install/dwb_msgs/lib/x86_64-linux-gnu/pkgconfig:/home/handsome/ros_ws_test/install/dwb_msgs/lib/pkgconfig:/home/handsome/ros_ws_test/install/nav_grid/lib/x86_64-linux-gnu/pkgconfig:/home/handsome/ros_ws_test/install/nav_grid/lib/pkgconfig:/home/handsome/ros_ws_test/install/nav_2d_msgs/lib/x86_64-linux-gnu/pkgconfig:/home/handsome/ros_ws_test/install/nav_2d_msgs/lib/pkgconfig:${PKG_CONFIG_PATH} PYTHONPATH=/home/handsome/ros_ws_test/install/dwb_msgs/lib/python2.7/dist-packages:/home/handsome/ros_ws_test/install/nav_2d_msgs/lib/python2.7/dist-packages:${PYTHONPATH} ROS_PACKAGE_PATH=/home/handsome/ros_ws_test/install/nav_grid_iterators/share:/home/handsome/ros_ws_test/install/dwb_local_planner/share:/home/handsome/ros_ws_test/install/nav_2d_utils/share:/home/handsome/ros_ws_test/install/costmap_queue/share:/home/handsome/ros_ws_test/install/nav_core2/share:/home/handsome/ros_ws_test/install/dwb_msgs/share:/home/handsome/ros_ws_test/install/nav_grid/share:/home/handsome/ros_ws_test/install/nav_2d_msgs/share:${ROS_PACKAGE_PATH} /usr/bin/cmake --build /home/handsome/ros_ws_test/build/dwb_critics -- -j12 -l12
[50.305s] Invoking command in '/home/handsome/ros_ws_test/build/dwb_critics': CMAKE_PREFIX_PATH=/home/handsome/ros_ws_test/install/nav_grid_iterators:/home/handsome/ros_ws_test/install/dwb_local_planner:/home/handsome/ros_ws_test/install/nav_2d_utils:/home/handsome/ros_ws_test/install/costmap_queue:/home/handsome/ros_ws_test/install/nav_core2:/home/handsome/ros_ws_test/install/dwb_msgs:/home/handsome/ros_ws_test/install/nav_grid:/home/handsome/ros_ws_test/install/nav_2d_msgs:${CMAKE_PREFIX_PATH} LD_LIBRARY_PATH=/home/handsome/ros_ws_test/install/nav_grid_iterators/lib:/home/handsome/ros_ws_test/install/dwb_local_planner/lib:/home/handsome/ros_ws_test/install/nav_2d_utils/lib:/home/handsome/ros_ws_test/install/costmap_queue/lib:/home/handsome/ros_ws_test/install/nav_core2/lib:/home/handsome/ros_ws/install/yocs_cmd_vel_mux/lib:/home/handsome/ros_ws/install/tuw_multi_robot_router/lib:/home/handsome/ros_ws/install/tuw_voronoi_graph/lib:/home/handsome/ros_ws/install/tuw_vehicle_msgs/lib:/home/handsome/ros_ws/install/tuw_nav_rviz/lib:/home/handsome/ros_ws/install/tuw_multi_robot_local_behavior_controller/lib:/home/handsome/ros_ws/install/tuw_multi_robot_ctrl/lib:/home/handsome/ros_ws/install/tuw_nav_msgs/lib:/home/handsome/ros_ws/install/tuw_multi_robot_rviz/lib:/home/handsome/ros_ws/install/tuw_geometry_rviz/lib:/home/handsome/ros_ws/install/tuw_geometry_msgs/lib:/home/handsome/ros_ws/install/tuw_geometry/lib:/home/handsome/ros_ws/install/tuw_control/lib:/home/handsome/ros_ws/install/teb2_local_planner/lib:/home/handsome/ros_ws/install/spatio_temporal_voxel_layer/lib:/home/handsome/ros_ws/install/robot_database_bridge/lib:/home/handsome/ros_ws/install/ros_utility_tools/lib:/home/handsome/ros_ws/install/robot_localization/lib:/home/handsome/ros_ws/install/pnp_ros/lib:/home/handsome/ros_ws/install/omron_os32c_driver/lib:/home/handsome/ros_ws/install/dlux_plugins/lib:/home/handsome/ros_ws/install/dlux_global_planner/lib:/home/handsome/ros_ws/install/nav_grid_pub_sub/lib:/home/handsome/ros_ws/install/dwb_critics/lib:/home/handsome/ros_ws/install/nav_grid_iterators/lib:/home/handsome/ros_ws/install/locomotor/lib:/home/handsome/ros_ws/install/nav_core_adapter/lib:/home/handsome/ros_ws/install/dwb_plugins/lib:/home/handsome/ros_ws/install/dwb_local_planner/lib:/home/handsome/ros_ws/install/nav_2d_utils/lib:/home/handsome/ros_ws/install/global_planner_tests/lib:/home/handsome/ros_ws/install/costmap_queue/lib:/home/handsome/ros_ws/install/nav_core2/lib:/home/handsome/ros_ws/install/mongodb_store/lib:/home/handsome/ros_ws/install/libcreate/lib:/opt/ros/melodic/lib:/usr/local/lib PKG_CONFIG_PATH=/home/handsome/ros_ws_test/install/nav_grid_iterators/lib/x86_64-linux-gnu/pkgconfig:/home/handsome/ros_ws_test/install/nav_grid_iterators/lib/pkgconfig:/home/handsome/ros_ws_test/install/dwb_local_planner/lib/x86_64-linux-gnu/pkgconfig:/home/handsome/ros_ws_test/install/dwb_local_planner/lib/pkgconfig:/home/handsome/ros_ws_test/install/nav_2d_utils/lib/x86_64-linux-gnu/pkgconfig:/home/handsome/ros_ws_test/install/nav_2d_utils/lib/pkgconfig:/home/handsome/ros_ws_test/install/costmap_queue/lib/x86_64-linux-gnu/pkgconfig:/home/handsome/ros_ws_test/install/costmap_queue/lib/pkgconfig:/home/handsome/ros_ws_test/install/nav_core2/lib/x86_64-linux-gnu/pkgconfig:/home/handsome/ros_ws_test/install/nav_core2/lib/pkgconfig:/home/handsome/ros_ws_test/install/dwb_msgs/lib/x86_64-linux-gnu/pkgconfig:/home/handsome/ros_ws_test/install/dwb_msgs/lib/pkgconfig:/home/handsome/ros_ws_test/install/nav_grid/lib/x86_64-linux-gnu/pkgconfig:/home/handsome/ros_ws_test/install/nav_grid/lib/pkgconfig:/home/handsome/ros_ws_test/install/nav_2d_msgs/lib/x86_64-linux-gnu/pkgconfig:/home/handsome/ros_ws_test/install/nav_2d_msgs/lib/pkgconfig:${PKG_CONFIG_PATH} PYTHONPATH=/home/handsome/ros_ws_test/install/dwb_msgs/lib/python2.7/dist-packages:/home/handsome/ros_ws_test/install/nav_2d_msgs/lib/python2.7/dist-packages:${PYTHONPATH} ROS_PACKAGE_PATH=/home/handsome/ros_ws_test/install/nav_grid_iterators/share:/home/handsome/ros_ws_test/install/dwb_local_planner/share:/home/handsome/ros_ws_test/install/nav_2d_utils/share:/home/handsome/ros_ws_test/install/costmap_queue/share:/home/handsome/ros_ws_test/install/nav_core2/share:/home/handsome/ros_ws_test/install/dwb_msgs/share:/home/handsome/ros_ws_test/install/nav_grid/share:/home/handsome/ros_ws_test/install/nav_2d_msgs/share:${ROS_PACKAGE_PATH} /usr/bin/cmake --build /home/handsome/ros_ws_test/build/dwb_critics --target tests -- -j12 -l12
[50.409s] [35m[1mScanning dependencies of target tests[0m
[50.430s] Built target tests
[50.451s] Invoked command in '/home/handsome/ros_ws_test/build/dwb_critics' returned '0': CMAKE_PREFIX_PATH=/home/handsome/ros_ws_test/install/nav_grid_iterators:/home/handsome/ros_ws_test/install/dwb_local_planner:/home/handsome/ros_ws_test/install/nav_2d_utils:/home/handsome/ros_ws_test/install/costmap_queue:/home/handsome/ros_ws_test/install/nav_core2:/home/handsome/ros_ws_test/install/dwb_msgs:/home/handsome/ros_ws_test/install/nav_grid:/home/handsome/ros_ws_test/install/nav_2d_msgs:${CMAKE_PREFIX_PATH} LD_LIBRARY_PATH=/home/handsome/ros_ws_test/install/nav_grid_iterators/lib:/home/handsome/ros_ws_test/install/dwb_local_planner/lib:/home/handsome/ros_ws_test/install/nav_2d_utils/lib:/home/handsome/ros_ws_test/install/costmap_queue/lib:/home/handsome/ros_ws_test/install/nav_core2/lib:/home/handsome/ros_ws/install/yocs_cmd_vel_mux/lib:/home/handsome/ros_ws/install/tuw_multi_robot_router/lib:/home/handsome/ros_ws/install/tuw_voronoi_graph/lib:/home/handsome/ros_ws/install/tuw_vehicle_msgs/lib:/home/handsome/ros_ws/install/tuw_nav_rviz/lib:/home/handsome/ros_ws/install/tuw_multi_robot_local_behavior_controller/lib:/home/handsome/ros_ws/install/tuw_multi_robot_ctrl/lib:/home/handsome/ros_ws/install/tuw_nav_msgs/lib:/home/handsome/ros_ws/install/tuw_multi_robot_rviz/lib:/home/handsome/ros_ws/install/tuw_geometry_rviz/lib:/home/handsome/ros_ws/install/tuw_geometry_msgs/lib:/home/handsome/ros_ws/install/tuw_geometry/lib:/home/handsome/ros_ws/install/tuw_control/lib:/home/handsome/ros_ws/install/teb2_local_planner/lib:/home/handsome/ros_ws/install/spatio_temporal_voxel_layer/lib:/home/handsome/ros_ws/install/robot_database_bridge/lib:/home/handsome/ros_ws/install/ros_utility_tools/lib:/home/handsome/ros_ws/install/robot_localization/lib:/home/handsome/ros_ws/install/pnp_ros/lib:/home/handsome/ros_ws/install/omron_os32c_driver/lib:/home/handsome/ros_ws/install/dlux_plugins/lib:/home/handsome/ros_ws/install/dlux_global_planner/lib:/home/handsome/ros_ws/install/nav_grid_pub_sub/lib:/home/handsome/ros_ws/install/dwb_critics/lib:/home/handsome/ros_ws/install/nav_grid_iterators/lib:/home/handsome/ros_ws/install/locomotor/lib:/home/handsome/ros_ws/install/nav_core_adapter/lib:/home/handsome/ros_ws/install/dwb_plugins/lib:/home/handsome/ros_ws/install/dwb_local_planner/lib:/home/handsome/ros_ws/install/nav_2d_utils/lib:/home/handsome/ros_ws/install/global_planner_tests/lib:/home/handsome/ros_ws/install/costmap_queue/lib:/home/handsome/ros_ws/install/nav_core2/lib:/home/handsome/ros_ws/install/mongodb_store/lib:/home/handsome/ros_ws/install/libcreate/lib:/opt/ros/melodic/lib:/usr/local/lib PKG_CONFIG_PATH=/home/handsome/ros_ws_test/install/nav_grid_iterators/lib/x86_64-linux-gnu/pkgconfig:/home/handsome/ros_ws_test/install/nav_grid_iterators/lib/pkgconfig:/home/handsome/ros_ws_test/install/dwb_local_planner/lib/x86_64-linux-gnu/pkgconfig:/home/handsome/ros_ws_test/install/dwb_local_planner/lib/pkgconfig:/home/handsome/ros_ws_test/install/nav_2d_utils/lib/x86_64-linux-gnu/pkgconfig:/home/handsome/ros_ws_test/install/nav_2d_utils/lib/pkgconfig:/home/handsome/ros_ws_test/install/costmap_queue/lib/x86_64-linux-gnu/pkgconfig:/home/handsome/ros_ws_test/install/costmap_queue/lib/pkgconfig:/home/handsome/ros_ws_test/install/nav_core2/lib/x86_64-linux-gnu/pkgconfig:/home/handsome/ros_ws_test/install/nav_core2/lib/pkgconfig:/home/handsome/ros_ws_test/install/dwb_msgs/lib/x86_64-linux-gnu/pkgconfig:/home/handsome/ros_ws_test/install/dwb_msgs/lib/pkgconfig:/home/handsome/ros_ws_test/install/nav_grid/lib/x86_64-linux-gnu/pkgconfig:/home/handsome/ros_ws_test/install/nav_grid/lib/pkgconfig:/home/handsome/ros_ws_test/install/nav_2d_msgs/lib/x86_64-linux-gnu/pkgconfig:/home/handsome/ros_ws_test/install/nav_2d_msgs/lib/pkgconfig:${PKG_CONFIG_PATH} PYTHONPATH=/home/handsome/ros_ws_test/install/dwb_msgs/lib/python2.7/dist-packages:/home/handsome/ros_ws_test/install/nav_2d_msgs/lib/python2.7/dist-packages:${PYTHONPATH} ROS_PACKAGE_PATH=/home/handsome/ros_ws_test/install/nav_grid_iterators/share:/home/handsome/ros_ws_test/install/dwb_local_planner/share:/home/handsome/ros_ws_test/install/nav_2d_utils/share:/home/handsome/ros_ws_test/install/costmap_queue/share:/home/handsome/ros_ws_test/install/nav_core2/share:/home/handsome/ros_ws_test/install/dwb_msgs/share:/home/handsome/ros_ws_test/install/nav_grid/share:/home/handsome/ros_ws_test/install/nav_2d_msgs/share:${ROS_PACKAGE_PATH} /usr/bin/cmake --build /home/handsome/ros_ws_test/build/dwb_critics --target tests -- -j12 -l12
[50.680s] Invoking command in '/home/handsome/ros_ws_test/build/dwb_critics': CMAKE_PREFIX_PATH=/home/handsome/ros_ws_test/install/nav_grid_iterators:/home/handsome/ros_ws_test/install/dwb_local_planner:/home/handsome/ros_ws_test/install/nav_2d_utils:/home/handsome/ros_ws_test/install/costmap_queue:/home/handsome/ros_ws_test/install/nav_core2:/home/handsome/ros_ws_test/install/dwb_msgs:/home/handsome/ros_ws_test/install/nav_grid:/home/handsome/ros_ws_test/install/nav_2d_msgs:${CMAKE_PREFIX_PATH} LD_LIBRARY_PATH=/home/handsome/ros_ws_test/install/nav_grid_iterators/lib:/home/handsome/ros_ws_test/install/dwb_local_planner/lib:/home/handsome/ros_ws_test/install/nav_2d_utils/lib:/home/handsome/ros_ws_test/install/costmap_queue/lib:/home/handsome/ros_ws_test/install/nav_core2/lib:/home/handsome/ros_ws/install/yocs_cmd_vel_mux/lib:/home/handsome/ros_ws/install/tuw_multi_robot_router/lib:/home/handsome/ros_ws/install/tuw_voronoi_graph/lib:/home/handsome/ros_ws/install/tuw_vehicle_msgs/lib:/home/handsome/ros_ws/install/tuw_nav_rviz/lib:/home/handsome/ros_ws/install/tuw_multi_robot_local_behavior_controller/lib:/home/handsome/ros_ws/install/tuw_multi_robot_ctrl/lib:/home/handsome/ros_ws/install/tuw_nav_msgs/lib:/home/handsome/ros_ws/install/tuw_multi_robot_rviz/lib:/home/handsome/ros_ws/install/tuw_geometry_rviz/lib:/home/handsome/ros_ws/install/tuw_geometry_msgs/lib:/home/handsome/ros_ws/install/tuw_geometry/lib:/home/handsome/ros_ws/install/tuw_control/lib:/home/handsome/ros_ws/install/teb2_local_planner/lib:/home/handsome/ros_ws/install/spatio_temporal_voxel_layer/lib:/home/handsome/ros_ws/install/robot_database_bridge/lib:/home/handsome/ros_ws/install/ros_utility_tools/lib:/home/handsome/ros_ws/install/robot_localization/lib:/home/handsome/ros_ws/install/pnp_ros/lib:/home/handsome/ros_ws/install/omron_os32c_driver/lib:/home/handsome/ros_ws/install/dlux_plugins/lib:/home/handsome/ros_ws/install/dlux_global_planner/lib:/home/handsome/ros_ws/install/nav_grid_pub_sub/lib:/home/handsome/ros_ws/install/dwb_critics/lib:/home/handsome/ros_ws/install/nav_grid_iterators/lib:/home/handsome/ros_ws/install/locomotor/lib:/home/handsome/ros_ws/install/nav_core_adapter/lib:/home/handsome/ros_ws/install/dwb_plugins/lib:/home/handsome/ros_ws/install/dwb_local_planner/lib:/home/handsome/ros_ws/install/nav_2d_utils/lib:/home/handsome/ros_ws/install/global_planner_tests/lib:/home/handsome/ros_ws/install/costmap_queue/lib:/home/handsome/ros_ws/install/nav_core2/lib:/home/handsome/ros_ws/install/mongodb_store/lib:/home/handsome/ros_ws/install/libcreate/lib:/opt/ros/melodic/lib:/usr/local/lib PKG_CONFIG_PATH=/home/handsome/ros_ws_test/install/nav_grid_iterators/lib/x86_64-linux-gnu/pkgconfig:/home/handsome/ros_ws_test/install/nav_grid_iterators/lib/pkgconfig:/home/handsome/ros_ws_test/install/dwb_local_planner/lib/x86_64-linux-gnu/pkgconfig:/home/handsome/ros_ws_test/install/dwb_local_planner/lib/pkgconfig:/home/handsome/ros_ws_test/install/nav_2d_utils/lib/x86_64-linux-gnu/pkgconfig:/home/handsome/ros_ws_test/install/nav_2d_utils/lib/pkgconfig:/home/handsome/ros_ws_test/install/costmap_queue/lib/x86_64-linux-gnu/pkgconfig:/home/handsome/ros_ws_test/install/costmap_queue/lib/pkgconfig:/home/handsome/ros_ws_test/install/nav_core2/lib/x86_64-linux-gnu/pkgconfig:/home/handsome/ros_ws_test/install/nav_core2/lib/pkgconfig:/home/handsome/ros_ws_test/install/dwb_msgs/lib/x86_64-linux-gnu/pkgconfig:/home/handsome/ros_ws_test/install/dwb_msgs/lib/pkgconfig:/home/handsome/ros_ws_test/install/nav_grid/lib/x86_64-linux-gnu/pkgconfig:/home/handsome/ros_ws_test/install/nav_grid/lib/pkgconfig:/home/handsome/ros_ws_test/install/nav_2d_msgs/lib/x86_64-linux-gnu/pkgconfig:/home/handsome/ros_ws_test/install/nav_2d_msgs/lib/pkgconfig:${PKG_CONFIG_PATH} PYTHONPATH=/home/handsome/ros_ws_test/install/dwb_msgs/lib/python2.7/dist-packages:/home/handsome/ros_ws_test/install/nav_2d_msgs/lib/python2.7/dist-packages:${PYTHONPATH} ROS_PACKAGE_PATH=/home/handsome/ros_ws_test/install/nav_grid_iterators/share:/home/handsome/ros_ws_test/install/dwb_local_planner/share:/home/handsome/ros_ws_test/install/nav_2d_utils/share:/home/handsome/ros_ws_test/install/costmap_queue/share:/home/handsome/ros_ws_test/install/nav_core2/share:/home/handsome/ros_ws_test/install/dwb_msgs/share:/home/handsome/ros_ws_test/install/nav_grid/share:/home/handsome/ros_ws_test/install/nav_2d_msgs/share:${ROS_PACKAGE_PATH} /usr/bin/cmake --build /home/handsome/ros_ws_test/build/dwb_critics --target install -- -j12 -l12
[50.771s] [  0%] Built target sensor_msgs_generate_messages_nodejs
[50.781s] [  0%] Built target roscpp_generate_messages_cpp
[50.782s] [  0%] Built target visualization_msgs_generate_messages_py
[50.786s] [  0%] Built target actionlib_generate_messages_cpp
[50.817s] [  0%] Built target sensor_msgs_generate_messages_eus
[50.823s] [  0%] Built target actionlib_msgs_generate_messages_lisp
[50.824s] [  0%] Built target actionlib_msgs_generate_messages_py
[50.835s] [  0%] Built target actionlib_generate_messages_eus
[50.862s] [  0%] Built target rosgraph_msgs_generate_messages_cpp
[50.869s] [  0%] Built target std_msgs_generate_messages_cpp
[50.878s] [  0%] Built target visualization_msgs_generate_messages_lisp
[50.879s] [  0%] Built target std_msgs_generate_messages_eus
[50.911s] [  0%] Built target visualization_msgs_generate_messages_nodejs
[50.915s] [  0%] Built target geometry_msgs_generate_messages_nodejs
[50.920s] [  0%] Built target dwb_msgs_generate_messages_nodejs
[50.921s] [  0%] Built target roscpp_generate_messages_py
[50.955s] [  0%] Built target geometry_msgs_generate_messages_lisp
[50.958s] [  0%] Built target actionlib_generate_messages_lisp
[50.960s] [  0%] Built target nav_2d_msgs_generate_messages_eus
[50.965s] [  0%] Built target geometry_msgs_generate_messages_cpp
[50.993s] [  0%] Built target nav_msgs_generate_messages_nodejs
[50.996s] [  0%] Built target dwb_msgs_generate_messages_py
[50.999s] [  0%] Built target tf2_msgs_generate_messages_cpp
[51.017s] [  0%] Built target geometry_msgs_generate_messages_py
[51.041s] [  0%] Built target rosgraph_msgs_generate_messages_lisp
[51.041s] [  0%] Built target nav_2d_msgs_generate_messages_py
[51.051s] [  0%] Built target rosgraph_msgs_generate_messages_eus
[51.063s] [  0%] Built target actionlib_msgs_generate_messages_nodejs
[51.064s] [  0%] Built target rosgraph_msgs_generate_messages_nodejs
[51.066s] [  0%] Built target std_msgs_generate_messages_lisp
[51.093s] [  0%] Built target roscpp_generate_messages_nodejs
[51.095s] [  0%] Built target roscpp_generate_messages_eus
[51.100s] [  0%] Built target rosgraph_msgs_generate_messages_py
[51.114s] [  0%] Built target tf2_msgs_generate_messages_py
[51.117s] [  0%] Built target actionlib_generate_messages_py
[51.117s] [  0%] Built target tf2_msgs_generate_messages_nodejs
[51.145s] [  0%] Built target dwb_msgs_generate_messages_lisp
[51.146s] [  0%] Built target dwb_msgs_generate_messages_eus
[51.156s] [  0%] Built target tf_generate_messages_lisp
[51.165s] [  0%] Built target sensor_msgs_generate_messages_lisp
[51.166s] [  0%] Built target nav_2d_msgs_generate_messages_lisp
[51.171s] [  0%] Built target actionlib_msgs_generate_messages_eus
[51.195s] [  0%] Built target nav_msgs_generate_messages_lisp
[51.198s] [  0%] Built target tf2_msgs_generate_messages_lisp
[51.209s] [  0%] Built target nav_msgs_generate_messages_py
[51.212s] [  0%] Built target roscpp_generate_messages_lisp
[51.215s] [  0%] Built target actionlib_generate_messages_nodejs
[51.227s] [  0%] Built target dwb_msgs_generate_messages_cpp
[51.245s] [  0%] Built target nav_2d_msgs_generate_messages_cpp
[51.252s] [  0%] Built target nav_2d_msgs_generate_messages_nodejs
[51.254s] [  0%] Built target actionlib_msgs_generate_messages_cpp
[51.260s] [  0%] Built target tf_generate_messages_cpp
[51.269s] [  0%] Built target tf_generate_messages_eus
[51.286s] [  0%] Built target tf_generate_messages_nodejs
[51.299s] [  0%] Built target tf_generate_messages_py
[51.301s] [  0%] Built target sensor_msgs_generate_messages_cpp
[51.305s] [  0%] Built target sensor_msgs_generate_messages_py
[51.318s] [  0%] Built target tf2_msgs_generate_messages_eus
[51.322s] [  0%] Built target nav_msgs_generate_messages_eus
[51.334s] [  0%] Built target visualization_msgs_generate_messages_cpp
[51.349s] [  0%] Built target visualization_msgs_generate_messages_eus
[51.351s] [  0%] Built target nav_msgs_generate_messages_cpp
[51.363s] [  0%] Built target _catkin_empty_exported_target
[51.363s] [  0%] Built target std_msgs_generate_messages_nodejs
[51.370s] [  0%] Built target std_msgs_generate_messages_py
[51.375s] [  0%] Built target geometry_msgs_generate_messages_eus
[51.434s] [100%] Built target dwb_critics
[51.465s] [36mInstall the project...[0m
[51.480s] -- Install configuration: ""
[51.480s] -- Installing: /home/handsome/ros_ws_test/install/dwb_critics/lib/pkgconfig/dwb_critics.pc
[51.480s] -- Installing: /home/handsome/ros_ws_test/install/dwb_critics/share/dwb_critics/cmake/dwb_criticsConfig.cmake
[51.480s] -- Installing: /home/handsome/ros_ws_test/install/dwb_critics/share/dwb_critics/cmake/dwb_criticsConfig-version.cmake
[51.480s] -- Installing: /home/handsome/ros_ws_test/install/dwb_critics/share/dwb_critics/package.xml
[51.480s] -- Installing: /home/handsome/ros_ws_test/install/dwb_critics/lib/libdwb_critics.so
[51.481s] -- Set runtime path of "/home/handsome/ros_ws_test/install/dwb_critics/lib/libdwb_critics.so" to ""
[51.481s] -- Installing: /home/handsome/ros_ws_test/install/dwb_critics/include/dwb_critics
[51.481s] -- Installing: /home/handsome/ros_ws_test/install/dwb_critics/include/dwb_critics/rotate_to_goal.h
[51.481s] -- Installing: /home/handsome/ros_ws_test/install/dwb_critics/include/dwb_critics/alignment_util.h
[51.481s] -- Installing: /home/handsome/ros_ws_test/install/dwb_critics/include/dwb_critics/goal_align.h
[51.482s] -- Installing: /home/handsome/ros_ws_test/install/dwb_critics/include/dwb_critics/path_dist.h
[51.482s] -- Installing: /home/handsome/ros_ws_test/install/dwb_critics/include/dwb_critics/goal_dist.h
[51.482s] -- Installing: /home/handsome/ros_ws_test/install/dwb_critics/include/dwb_critics/twirling.h
[51.482s] -- Installing: /home/handsome/ros_ws_test/install/dwb_critics/include/dwb_critics/map_grid.h
[51.482s] -- Installing: /home/handsome/ros_ws_test/install/dwb_critics/include/dwb_critics/obstacle_footprint.h
[51.482s] -- Installing: /home/handsome/ros_ws_test/install/dwb_critics/include/dwb_critics/path_align.h
[51.482s] -- Installing: /home/handsome/ros_ws_test/install/dwb_critics/include/dwb_critics/prefer_forward.h
[51.482s] -- Installing: /home/handsome/ros_ws_test/install/dwb_critics/include/dwb_critics/oscillation.h
[51.482s] -- Installing: /home/handsome/ros_ws_test/install/dwb_critics/include/dwb_critics/base_obstacle.h
[51.482s] -- Installing: /home/handsome/ros_ws_test/install/dwb_critics/share/dwb_critics/default_critics.xml
[51.487s] Invoked command in '/home/handsome/ros_ws_test/build/dwb_critics' returned '0': CMAKE_PREFIX_PATH=/home/handsome/ros_ws_test/install/nav_grid_iterators:/home/handsome/ros_ws_test/install/dwb_local_planner:/home/handsome/ros_ws_test/install/nav_2d_utils:/home/handsome/ros_ws_test/install/costmap_queue:/home/handsome/ros_ws_test/install/nav_core2:/home/handsome/ros_ws_test/install/dwb_msgs:/home/handsome/ros_ws_test/install/nav_grid:/home/handsome/ros_ws_test/install/nav_2d_msgs:${CMAKE_PREFIX_PATH} LD_LIBRARY_PATH=/home/handsome/ros_ws_test/install/nav_grid_iterators/lib:/home/handsome/ros_ws_test/install/dwb_local_planner/lib:/home/handsome/ros_ws_test/install/nav_2d_utils/lib:/home/handsome/ros_ws_test/install/costmap_queue/lib:/home/handsome/ros_ws_test/install/nav_core2/lib:/home/handsome/ros_ws/install/yocs_cmd_vel_mux/lib:/home/handsome/ros_ws/install/tuw_multi_robot_router/lib:/home/handsome/ros_ws/install/tuw_voronoi_graph/lib:/home/handsome/ros_ws/install/tuw_vehicle_msgs/lib:/home/handsome/ros_ws/install/tuw_nav_rviz/lib:/home/handsome/ros_ws/install/tuw_multi_robot_local_behavior_controller/lib:/home/handsome/ros_ws/install/tuw_multi_robot_ctrl/lib:/home/handsome/ros_ws/install/tuw_nav_msgs/lib:/home/handsome/ros_ws/install/tuw_multi_robot_rviz/lib:/home/handsome/ros_ws/install/tuw_geometry_rviz/lib:/home/handsome/ros_ws/install/tuw_geometry_msgs/lib:/home/handsome/ros_ws/install/tuw_geometry/lib:/home/handsome/ros_ws/install/tuw_control/lib:/home/handsome/ros_ws/install/teb2_local_planner/lib:/home/handsome/ros_ws/install/spatio_temporal_voxel_layer/lib:/home/handsome/ros_ws/install/robot_database_bridge/lib:/home/handsome/ros_ws/install/ros_utility_tools/lib:/home/handsome/ros_ws/install/robot_localization/lib:/home/handsome/ros_ws/install/pnp_ros/lib:/home/handsome/ros_ws/install/omron_os32c_driver/lib:/home/handsome/ros_ws/install/dlux_plugins/lib:/home/handsome/ros_ws/install/dlux_global_planner/lib:/home/handsome/ros_ws/install/nav_grid_pub_sub/lib:/home/handsome/ros_ws/install/dwb_critics/lib:/home/handsome/ros_ws/install/nav_grid_iterators/lib:/home/handsome/ros_ws/install/locomotor/lib:/home/handsome/ros_ws/install/nav_core_adapter/lib:/home/handsome/ros_ws/install/dwb_plugins/lib:/home/handsome/ros_ws/install/dwb_local_planner/lib:/home/handsome/ros_ws/install/nav_2d_utils/lib:/home/handsome/ros_ws/install/global_planner_tests/lib:/home/handsome/ros_ws/install/costmap_queue/lib:/home/handsome/ros_ws/install/nav_core2/lib:/home/handsome/ros_ws/install/mongodb_store/lib:/home/handsome/ros_ws/install/libcreate/lib:/opt/ros/melodic/lib:/usr/local/lib PKG_CONFIG_PATH=/home/handsome/ros_ws_test/install/nav_grid_iterators/lib/x86_64-linux-gnu/pkgconfig:/home/handsome/ros_ws_test/install/nav_grid_iterators/lib/pkgconfig:/home/handsome/ros_ws_test/install/dwb_local_planner/lib/x86_64-linux-gnu/pkgconfig:/home/handsome/ros_ws_test/install/dwb_local_planner/lib/pkgconfig:/home/handsome/ros_ws_test/install/nav_2d_utils/lib/x86_64-linux-gnu/pkgconfig:/home/handsome/ros_ws_test/install/nav_2d_utils/lib/pkgconfig:/home/handsome/ros_ws_test/install/costmap_queue/lib/x86_64-linux-gnu/pkgconfig:/home/handsome/ros_ws_test/install/costmap_queue/lib/pkgconfig:/home/handsome/ros_ws_test/install/nav_core2/lib/x86_64-linux-gnu/pkgconfig:/home/handsome/ros_ws_test/install/nav_core2/lib/pkgconfig:/home/handsome/ros_ws_test/install/dwb_msgs/lib/x86_64-linux-gnu/pkgconfig:/home/handsome/ros_ws_test/install/dwb_msgs/lib/pkgconfig:/home/handsome/ros_ws_test/install/nav_grid/lib/x86_64-linux-gnu/pkgconfig:/home/handsome/ros_ws_test/install/nav_grid/lib/pkgconfig:/home/handsome/ros_ws_test/install/nav_2d_msgs/lib/x86_64-linux-gnu/pkgconfig:/home/handsome/ros_ws_test/install/nav_2d_msgs/lib/pkgconfig:${PKG_CONFIG_PATH} PYTHONPATH=/home/handsome/ros_ws_test/install/dwb_msgs/lib/python2.7/dist-packages:/home/handsome/ros_ws_test/install/nav_2d_msgs/lib/python2.7/dist-packages:${PYTHONPATH} ROS_PACKAGE_PATH=/home/handsome/ros_ws_test/install/nav_grid_iterators/share:/home/handsome/ros_ws_test/install/dwb_local_planner/share:/home/handsome/ros_ws_test/install/nav_2d_utils/share:/home/handsome/ros_ws_test/install/costmap_queue/share:/home/handsome/ros_ws_test/install/nav_core2/share:/home/handsome/ros_ws_test/install/dwb_msgs/share:/home/handsome/ros_ws_test/install/nav_grid/share:/home/handsome/ros_ws_test/install/nav_2d_msgs/share:${ROS_PACKAGE_PATH} /usr/bin/cmake --build /home/handsome/ros_ws_test/build/dwb_critics --target install -- -j12 -l12
