[  0%] Built target _robot_scheduling_msgs_generate_messages_check_deps_pose_move_to_recoveryResult
[  0%] Built target _robot_scheduling_msgs_generate_messages_check_deps_db_process_recoveryActionGoal
[  0%] Built target _robot_scheduling_msgs_generate_messages_check_deps_lower_if_command
[  0%] Built target _robot_scheduling_msgs_generate_messages_check_deps_robot_interface_proc_lowerGoal
[  0%] Built target _robot_scheduling_msgs_generate_messages_check_deps_robot_interface_processGoal
[  0%] Built target _robot_scheduling_msgs_generate_messages_check_deps_power_charge_recoveryActionFeedback
[  0%] Built target _robot_scheduling_msgs_generate_messages_check_deps_interrupt_infoAction
[  0%] Built target _robot_scheduling_msgs_generate_messages_check_deps_robot_interface_proc_upperActionGoal
[  0%] Built target _robot_scheduling_msgs_generate_messages_check_deps_interrupt_infoFeedback
[  0%] Built target _robot_scheduling_msgs_generate_messages_check_deps_db_process_recoveryAction
[  0%] Built target _robot_scheduling_msgs_generate_messages_check_deps_robot_interface_proc_lowerResult
[  0%] Built target _robot_scheduling_msgs_generate_messages_check_deps_pose_move_to_recoveryFeedback
[  0%] Built target _robot_scheduling_msgs_generate_messages_check_deps_pose_move_to_recoveryGoal
[  0%] Built target _robot_scheduling_msgs_generate_messages_check_deps_pose_recognize_recoveryActionResult
[  0%] Built target _robot_scheduling_msgs_generate_messages_check_deps_self_turn_toActionFeedback
[  0%] Built target _robot_scheduling_msgs_generate_messages_check_deps_robot_commandActionResult
[  0%] Built target _robot_scheduling_msgs_generate_messages_check_deps_robot_interface_proc_upperAction
[  0%] Built target _robot_scheduling_msgs_generate_messages_check_deps_controller_state_recoveryGoal
[  0%] Built target _robot_scheduling_msgs_generate_messages_check_deps_self_turn_toActionResult
[  0%] Built target _robot_scheduling_msgs_generate_messages_check_deps_controller_state_recoveryActionFeedback
[  0%] Built target _robot_scheduling_msgs_generate_messages_check_deps_robot_interface_paramsActionFeedback
[  0%] Built target _robot_scheduling_msgs_generate_messages_check_deps_robot_interface_processAction
[  0%] Built target _robot_scheduling_msgs_generate_messages_check_deps_interrupt_infoResult
[  0%] Built target _robot_scheduling_msgs_generate_messages_check_deps_pose_recognize_recoveryActionGoal
[  0%] Built target _robot_scheduling_msgs_generate_messages_check_deps_self_turn_toActionGoal
[  0%] Built target _robot_scheduling_msgs_generate_messages_check_deps_self_turn_to_recoveryActionResult
[  0%] Built target _robot_scheduling_msgs_generate_messages_check_deps_function_run_recoveryResult
[  0%] Built target _robot_scheduling_msgs_generate_messages_check_deps_interrupt_infoGoal
[  0%] Built target _robot_scheduling_msgs_generate_messages_check_deps_robot_interface_paramsActionGoal
[  0%] Built target _robot_scheduling_msgs_generate_messages_check_deps_power_charge_recoveryResult
[  0%] Built target _robot_scheduling_msgs_generate_messages_check_deps_db_process_recoveryGoal
[  0%] Built target _robot_scheduling_msgs_generate_messages_check_deps_db_processActionFeedback
[  0%] Built target _robot_scheduling_msgs_generate_messages_check_deps_upper_if_command
[  0%] Built target _robot_scheduling_msgs_generate_messages_check_deps_robot_commandActionGoal
[  0%] Built target _robot_scheduling_msgs_generate_messages_check_deps_dock_to_recoveryActionGoal
[  0%] Built target _robot_scheduling_msgs_generate_messages_check_deps_robot_interface_processFeedback
[  0%] Built target _robot_scheduling_msgs_generate_messages_check_deps_function_runAction
[  0%] Built target _robot_scheduling_msgs_generate_messages_check_deps_db_process_recoveryResult
[  0%] Built target _robot_scheduling_msgs_generate_messages_check_deps_function_runFeedback
[  0%] Built target _robot_scheduling_msgs_generate_messages_check_deps_undock_toActionResult
[  0%] Built target _robot_scheduling_msgs_generate_messages_check_deps_dock_toFeedback
[  0%] Built target _robot_scheduling_msgs_generate_messages_check_deps_function_runActionGoal
[  0%] Built target _robot_scheduling_msgs_generate_messages_check_deps_controller_state_recoveryActionGoal
[  0%] Built target _robot_scheduling_msgs_generate_messages_check_deps_pose_recognizeActionFeedback
[  0%] Built target _robot_scheduling_msgs_generate_messages_check_deps_pose_move_toFeedback
[  0%] Built target _robot_scheduling_msgs_generate_messages_check_deps_time_waitAction
[  0%] Built target _robot_scheduling_msgs_generate_messages_check_deps_time_waitActionGoal
[  0%] Built target _robot_scheduling_msgs_generate_messages_check_deps_robot_run_stateFeedback
[  0%] Built target _robot_scheduling_msgs_generate_messages_check_deps_worksheetrunGoal
[  0%] Built target _robot_scheduling_msgs_generate_messages_check_deps_robot_interface_proc_upperGoal
The dependencies of the message/service 'robot_scheduling_msgs/robot_info' have changed. Please rerun cmake.
[  0%] Built target _robot_scheduling_msgs_generate_messages_check_deps_function_runActionFeedback
make[2]: *** [CMakeFiles/_robot_scheduling_msgs_generate_messages_check_deps_robot_info] Error 1
CMakeFiles/_robot_scheduling_msgs_generate_messages_check_deps_robot_info.dir/build.make:57: recipe for target 'CMakeFiles/_robot_scheduling_msgs_generate_messages_check_deps_robot_info' failed
CMakeFiles/Makefile2:2915: recipe for target 'CMakeFiles/_robot_scheduling_msgs_generate_messages_check_deps_robot_info.dir/all' failed
make[1]: *** [CMakeFiles/_robot_scheduling_msgs_generate_messages_check_deps_robot_info.dir/all] Error 2
make[1]: *** Waiting for unfinished jobs....
[  0%] Built target _robot_scheduling_msgs_generate_messages_check_deps_pose_recognize_recoveryAction
[  0%] Built target _robot_scheduling_msgs_generate_messages_check_deps_db_process_recoveryActionResult
[  0%] Built target _robot_scheduling_msgs_generate_messages_check_deps_pose_move_to_recoveryActionFeedback
[  0%] Built target _robot_scheduling_msgs_generate_messages_check_deps_function_runActionResult
[  0%] Built target _robot_scheduling_msgs_generate_messages_check_deps_function_run_recoveryAction
[  0%] Built target _robot_scheduling_msgs_generate_messages_check_deps_controller_state_recoveryActionResult
[  0%] Built target _robot_scheduling_msgs_generate_messages_check_deps_self_turn_to_recoveryAction
[  0%] Built target _robot_scheduling_msgs_generate_messages_check_deps_self_turn_toResult
[  0%] Built target _robot_scheduling_msgs_generate_messages_check_deps_dock_toAction
[  0%] Built target _robot_scheduling_msgs_generate_messages_check_deps_power_chargeAction
[  0%] Built target _robot_scheduling_msgs_generate_messages_check_deps_undock_toFeedback
Makefile:140: recipe for target 'all' failed
make: *** [all] Error 2
