-- The C compiler identification is GNU 7.5.0
-- The CXX compiler identification is GNU 7.5.0
-- Check for working C compiler: /usr/bin/cc
-- Check for working C compiler: /usr/bin/cc -- works
-- Detecting C compiler ABI info
-- Detecting C compiler ABI info - done
-- Detecting C compile features
-- Detecting C compile features - done
-- Check for working CXX compiler: /usr/bin/c++
-- Check for working CXX compiler: /usr/bin/c++ -- works
-- Detecting CXX compiler ABI info
-- Detecting CXX compiler ABI info - done
-- Detecting CXX compile features
-- Detecting CXX compile features - done
-- Using CATKIN_DEVEL_PREFIX: /home/handsome/ros_ws_test/build/car_db_manager_msgs/devel
-- Using CMAKE_PREFIX_PATH: /home/handsome/ros_ws_test/install/yocs_cmd_vel_mux;/home/handsome/ros_ws_test/install/turtlebot_teleop;/home/handsome/ros_ws_test/install/tug_example_pnp_server;/home/handsome/ros_ws_test/install/tug_example_actions;/home/handsome/ros_ws_test/install/tug_example_msgs;/home/handsome/ros_ws_test/install/timed_roslaunch;/home/handsome/ros_ws_test/install/teb2_local_planner;/home/handsome/ros_ws_test/install/stated_roslaunch;/home/handsome/ros_ws_test/install/spatio_temporal_voxel_layer;/home/handsome/ros_ws_test/install/robot_udp_bridge;/home/handsome/ros_ws_test/install/robot_database_bridge;/home/handsome/ros_ws_test/install/samsungcmd_msgs;/home/handsome/ros_ws_test/install/rplidar_ros;/home/handsome/ros_ws_test/install/rp_action;/home/handsome/ros_ws_test/install/rp_action_msgs;/home/handsome/ros_ws_test/install/robot_scheduling_actions;/home/handsome/ros_ws_test/install/cellctrl_qtgui_bridge;/home/handsome/ros_ws_test/install/car_db_manager_qtgui;/home/handsome/ros_ws_test/install/car_db_manager_bridge;/home/handsome/ros_ws_test/install/car_db_manager_action;/home/handsome/ros_ws_test/install/ros_utility_tools;/home/handsome/ros_ws_test/install/robot_scheduling_server;/home/handsome/ros_ws_test/install/robot_scheduling_msgs;/home/handsome/ros_ws_test/install/robot_localization;/home/handsome/ros_ws_test/install/robot_control_msgs;/home/handsome/ros_ws_test/install/reset_location;/home/handsome/ros_ws_test/install/razor_imu_9dof;/home/handsome/ros_ws_test/install/pnp_rosplan;/home/handsome/ros_ws_test/install/pnp_ros;/home/handsome/ros_ws_test/install/pnp_msgs;/home/handsome/ros_ws_test/install/open_auto_dock;/home/handsome/ros_ws_test/install/open_auto_dock_msgs;/home/handsome/ros_ws_test/install/omron_os32c_driver;/home/handsome/ros_ws_test/install/dlux_plugins;/home/handsome/ros_ws_test/install/dlux_global_planner;/home/handsome/ros_ws_test/install/nav_grid_pub_sub;/home/handsome/ros_ws_test/install/dwb_critics;/home/handsome/ros_ws_test/install/nav_grid_iterators;/home/handsome/ros_ws_test/install/locomove_base;/home/handsome/ros_ws_test/install/locomotor;/home/handsome/ros_ws_test/install/nav_core_adapter;/home/handsome/ros_ws_test/install/dwb_plugins;/home/handsome/ros_ws_test/install/dwb_local_planner;/home/handsome/ros_ws_test/install/nav_2d_utils;/home/handsome/ros_ws_test/install/global_planner_tests;/home/handsome/ros_ws_test/install/costmap_queue;/home/handsome/ros_ws_test/install/nav_core2;/home/handsome/ros_ws_test/install/nav_grid;/home/handsome/ros_ws_test/install/actionlib_modules_msgs;/home/handsome/ros_ws_test/install/locomotor_msgs;/home/handsome/ros_ws_test/install/dwb_msgs;/home/handsome/ros_ws_test/install/nav_2d_msgs;/home/handsome/ros_ws_test/install/mongodb_log;/home/handsome/ros_ws_test/install/mongodb_store;/home/handsome/ros_ws_test/install/mongodb_store_msgs;/home/handsome/ros_ws_test/install/ca_driver;/home/handsome/ros_ws_test/install/libcreate;/home/handsome/ros_ws_test/install/i_robot_stage;/home/handsome/ros_ws_test/install/i_robot_navigation;/home/handsome/ros_ws_test/install/cellctrl_control_msgs;/home/handsome/ros_ws_test/install/car_db_manager_msgs;/home/handsome/ros_ws_test/install/ca_tools;/home/handsome/ros_ws_test/install/ca_msgs;/home/handsome/ros_ws_test/install/ca_description;/home/handsome/ros_ws_test/install/botcmd_msgs;/opt/ros/melodic
-- This workspace overlays: /home/handsome/ros_ws_test/install/yocs_cmd_vel_mux;/home/handsome/ros_ws_test/install/turtlebot_teleop;/home/handsome/ros_ws_test/install/tug_example_pnp_server;/home/handsome/ros_ws_test/install/tug_example_actions;/home/handsome/ros_ws_test/install/tug_example_msgs;/home/handsome/ros_ws_test/install/timed_roslaunch;/home/handsome/ros_ws_test/install/teb2_local_planner;/home/handsome/ros_ws_test/install/stated_roslaunch;/home/handsome/ros_ws_test/install/spatio_temporal_voxel_layer;/home/handsome/ros_ws_test/install/robot_udp_bridge;/home/handsome/ros_ws_test/install/robot_database_bridge;/home/handsome/ros_ws_test/install/samsungcmd_msgs;/home/handsome/ros_ws_test/install/rplidar_ros;/home/handsome/ros_ws_test/install/rp_action;/home/handsome/ros_ws_test/install/rp_action_msgs;/home/handsome/ros_ws_test/install/robot_scheduling_actions;/home/handsome/ros_ws_test/install/cellctrl_qtgui_bridge;/home/handsome/ros_ws_test/install/ros_utility_tools;/home/handsome/ros_ws_test/install/robot_scheduling_server;/home/handsome/ros_ws_test/install/robot_scheduling_msgs;/home/handsome/ros_ws_test/install/robot_localization;/home/handsome/ros_ws_test/install/robot_control_msgs;/home/handsome/ros_ws_test/install/reset_location;/home/handsome/ros_ws_test/install/razor_imu_9dof;/home/handsome/ros_ws_test/install/pnp_rosplan;/home/handsome/ros_ws_test/install/pnp_ros;/home/handsome/ros_ws_test/install/pnp_msgs;/home/handsome/ros_ws_test/install/open_auto_dock;/home/handsome/ros_ws_test/install/open_auto_dock_msgs;/home/handsome/ros_ws_test/install/omron_os32c_driver;/home/handsome/ros_ws_test/install/dlux_plugins;/home/handsome/ros_ws_test/install/dlux_global_planner;/home/handsome/ros_ws_test/install/nav_grid_pub_sub;/home/handsome/ros_ws_test/install/dwb_critics;/home/handsome/ros_ws_test/install/nav_grid_iterators;/home/handsome/ros_ws_test/install/locomove_base;/home/handsome/ros_ws_test/install/locomotor;/home/handsome/ros_ws_test/install/nav_core_adapter;/home/handsome/ros_ws_test/install/dwb_plugins;/home/handsome/ros_ws_test/install/dwb_local_planner;/home/handsome/ros_ws_test/install/nav_2d_utils;/home/handsome/ros_ws_test/install/global_planner_tests;/home/handsome/ros_ws_test/install/costmap_queue;/home/handsome/ros_ws_test/install/nav_core2;/home/handsome/ros_ws_test/install/nav_grid;/home/handsome/ros_ws_test/install/actionlib_modules_msgs;/home/handsome/ros_ws_test/install/locomotor_msgs;/home/handsome/ros_ws_test/install/dwb_msgs;/home/handsome/ros_ws_test/install/nav_2d_msgs;/home/handsome/ros_ws_test/install/mongodb_log;/home/handsome/ros_ws_test/install/mongodb_store;/home/handsome/ros_ws_test/install/mongodb_store_msgs;/home/handsome/ros_ws_test/install/ca_driver;/home/handsome/ros_ws_test/install/i_robot_stage;/home/handsome/ros_ws_test/install/i_robot_navigation;/home/handsome/ros_ws_test/install/cellctrl_control_msgs;/home/handsome/ros_ws_test/install/ca_tools;/home/handsome/ros_ws_test/install/ca_msgs;/home/handsome/ros_ws_test/install/ca_description;/home/handsome/ros_ws_test/install/botcmd_msgs;/opt/ros/melodic
-- Found PythonInterp: /usr/bin/python2 (found suitable version "2.7.17", minimum required is "2") 
-- Using PYTHON_EXECUTABLE: /usr/bin/python2
-- Using Debian Python package layout
-- Using empy: /usr/bin/empy
-- Using CATKIN_ENABLE_TESTING: ON
-- Call enable_testing()
-- Using CATKIN_TEST_RESULTS_DIR: /home/handsome/ros_ws_test/build/car_db_manager_msgs/test_results
-- Found gtest sources under '/usr/src/googletest': gtests will be built
-- Found gmock sources under '/usr/src/googletest': gmock will be built
-- Found PythonInterp: /usr/bin/python2 (found version "2.7.17") 
-- Looking for pthread.h
-- Looking for pthread.h - found
-- Looking for pthread_create
-- Looking for pthread_create - not found
-- Looking for pthread_create in pthreads
-- Looking for pthread_create in pthreads - not found
-- Looking for pthread_create in pthread
-- Looking for pthread_create in pthread - found
-- Found Threads: TRUE  
-- Using Python nosetests: /usr/bin/nosetests-2.7
-- catkin 0.7.28
-- BUILD_SHARED_LIBS is on
-- Using these message generators: gencpp;geneus;genlisp;gennodejs;genpy
-- Generating .msg files for action car_db_manager_msgs/car_db_process /home/handsome/ros_ws_test/src/ros_base/car_data_management/car_db_manager_msgs/action/car_db_process.action
Generating for action car_db_process
-- Generating .msg files for action car_db_manager_msgs/car_db_process_recovery /home/handsome/ros_ws_test/src/ros_base/car_data_management/car_db_manager_msgs/action/car_db_process_recovery.action
Generating for action car_db_process_recovery
-- car_db_manager_msgs: 24 messages, 10 services
-- Configuring done
-- Generating done
-- Build files have been written to: /home/handsome/ros_ws_test/build/car_db_manager_msgs
[35m[1mScanning dependencies of target _car_db_manager_msgs_generate_messages_check_deps_CheckParametersCmd[0m
[35m[1mScanning dependencies of target geometry_msgs_generate_messages_eus[0m
[35m[1mScanning dependencies of target _car_db_manager_msgs_generate_messages_check_deps_WorkSheetItemsCmd[0m
[35m[1mScanning dependencies of target _car_db_manager_msgs_generate_messages_check_deps_car_db_processFeedback[0m
[35m[1mScanning dependencies of target _car_db_manager_msgs_generate_messages_check_deps_PidCtrlParametersCmd[0m
[35m[1mScanning dependencies of target _car_db_manager_msgs_generate_messages_check_deps_CarOperateHistory[0m
[35m[1mScanning dependencies of target _car_db_manager_msgs_generate_messages_check_deps_OperatecodeParameters[0m
[35m[1mScanning dependencies of target _car_db_manager_msgs_generate_messages_check_deps_car_db_processActionFeedback[0m
[35m[1mScanning dependencies of target _car_db_manager_msgs_generate_messages_check_deps_ActionFunctionParameters[0m
[35m[1mScanning dependencies of target _car_db_manager_msgs_generate_messages_check_deps_CheckParameters[0m
[35m[1mScanning dependencies of target std_srvs_generate_messages_eus[0m
[35m[1mScanning dependencies of target _car_db_manager_msgs_generate_messages_check_deps_WorkSheetItems[0m
[  0%] Built target std_srvs_generate_messages_eus
[  0%] Built target geometry_msgs_generate_messages_eus
[35m[1mScanning dependencies of target actionlib_msgs_generate_messages_eus[0m
[35m[1mScanning dependencies of target std_msgs_generate_messages_eus[0m
[  0%] Built target _car_db_manager_msgs_generate_messages_check_deps_car_db_processFeedback
[  0%] Built target _car_db_manager_msgs_generate_messages_check_deps_car_db_processActionFeedback
[  0%] Built target _car_db_manager_msgs_generate_messages_check_deps_CarOperateHistory
[  0%] Built target _car_db_manager_msgs_generate_messages_check_deps_CheckParametersCmd
[  0%] Built target _car_db_manager_msgs_generate_messages_check_deps_PidCtrlParametersCmd
[  0%] Built target _car_db_manager_msgs_generate_messages_check_deps_WorkSheetItems
[  0%] Built target _car_db_manager_msgs_generate_messages_check_deps_WorkSheetItemsCmd
[  0%] Built target _car_db_manager_msgs_generate_messages_check_deps_OperatecodeParameters
[  0%] Built target actionlib_msgs_generate_messages_eus
[  0%] Built target _car_db_manager_msgs_generate_messages_check_deps_ActionFunctionParameters
[35m[1mScanning dependencies of target _car_db_manager_msgs_generate_messages_check_deps_car_db_processAction[0m
[  0%] Built target std_msgs_generate_messages_eus
[  0%] Built target _car_db_manager_msgs_generate_messages_check_deps_CheckParameters
[35m[1mScanning dependencies of target _car_db_manager_msgs_generate_messages_check_deps_car_db_process_recoveryActionResult[0m
[35m[1mScanning dependencies of target _car_db_manager_msgs_generate_messages_check_deps_CarAlarmHistoryCmd[0m
[35m[1mScanning dependencies of target _car_db_manager_msgs_generate_messages_check_deps_TargerPos2dParametersCmd[0m
[35m[1mScanning dependencies of target _car_db_manager_msgs_generate_messages_check_deps_CarOperateHistoryCmd[0m
[35m[1mScanning dependencies of target _car_db_manager_msgs_generate_messages_check_deps_WorkSheetMain[0m
[35m[1mScanning dependencies of target _car_db_manager_msgs_generate_messages_check_deps_car_db_process_recoveryAction[0m
[35m[1mScanning dependencies of target _car_db_manager_msgs_generate_messages_check_deps_car_db_process_recoveryActionFeedback[0m
[35m[1mScanning dependencies of target _car_db_manager_msgs_generate_messages_check_deps_TargerPos2dParameters[0m
[35m[1mScanning dependencies of target _car_db_manager_msgs_generate_messages_check_deps_car_db_processActionGoal[0m
[35m[1mScanning dependencies of target _car_db_manager_msgs_generate_messages_check_deps_car_db_processGoal[0m
[35m[1mScanning dependencies of target _car_db_manager_msgs_generate_messages_check_deps_OperatecodeParametersCmd[0m
[  0%] Built target _car_db_manager_msgs_generate_messages_check_deps_CarOperateHistoryCmd
[  0%] Built target _car_db_manager_msgs_generate_messages_check_deps_TargerPos2dParametersCmd
[  0%] Built target _car_db_manager_msgs_generate_messages_check_deps_car_db_processAction
[  0%] Built target _car_db_manager_msgs_generate_messages_check_deps_WorkSheetMain
[  0%] Built target _car_db_manager_msgs_generate_messages_check_deps_car_db_process_recoveryActionResult
[  0%] Built target _car_db_manager_msgs_generate_messages_check_deps_CarAlarmHistoryCmd
[  0%] Built target _car_db_manager_msgs_generate_messages_check_deps_car_db_process_recoveryAction
[  0%] Built target _car_db_manager_msgs_generate_messages_check_deps_car_db_process_recoveryActionFeedback
[  0%] Built target _car_db_manager_msgs_generate_messages_check_deps_TargerPos2dParameters
[35m[1mScanning dependencies of target _car_db_manager_msgs_generate_messages_check_deps_ActionFunctionParametersCmd[0m
[  0%] Built target _car_db_manager_msgs_generate_messages_check_deps_car_db_processActionGoal
[35m[1mScanning dependencies of target _car_db_manager_msgs_generate_messages_check_deps_CarAlarmHistory[0m
[35m[1mScanning dependencies of target _car_db_manager_msgs_generate_messages_check_deps_car_db_processResult[0m
[35m[1mScanning dependencies of target _car_db_manager_msgs_generate_messages_check_deps_AlarmcodeParameters[0m
[35m[1mScanning dependencies of target _car_db_manager_msgs_generate_messages_check_deps_WorkSheetMainCmd[0m
[35m[1mScanning dependencies of target _car_db_manager_msgs_generate_messages_check_deps_car_db_processActionResult[0m
[35m[1mScanning dependencies of target _car_db_manager_msgs_generate_messages_check_deps_car_db_process_recoveryActionGoal[0m
[35m[1mScanning dependencies of target _car_db_manager_msgs_generate_messages_check_deps_car_db_process_recoveryResult[0m
[35m[1mScanning dependencies of target _car_db_manager_msgs_generate_messages_check_deps_PidCtrlParameters[0m
[  0%] Built target _car_db_manager_msgs_generate_messages_check_deps_OperatecodeParametersCmd
[  0%] Built target _car_db_manager_msgs_generate_messages_check_deps_car_db_processGoal
[35m[1mScanning dependencies of target _car_db_manager_msgs_generate_messages_check_deps_car_db_process_recoveryFeedback[0m
[35m[1mScanning dependencies of target _car_db_manager_msgs_generate_messages_check_deps_car_db_process_recoveryGoal[0m
[35m[1mScanning dependencies of target _car_db_manager_msgs_generate_messages_check_deps_AlarmcodeParametersCmd[0m
[  0%] Built target _car_db_manager_msgs_generate_messages_check_deps_ActionFunctionParametersCmd
[  0%] Built target _car_db_manager_msgs_generate_messages_check_deps_car_db_process_recoveryActionGoal
[  0%] Built target _car_db_manager_msgs_generate_messages_check_deps_car_db_process_recoveryResult
[  0%] Built target _car_db_manager_msgs_generate_messages_check_deps_car_db_processResult
[  0%] Built target _car_db_manager_msgs_generate_messages_check_deps_WorkSheetMainCmd
[  0%] Built target _car_db_manager_msgs_generate_messages_check_deps_CarAlarmHistory
[35m[1mScanning dependencies of target std_srvs_generate_messages_py[0m
[  0%] Built target _car_db_manager_msgs_generate_messages_check_deps_car_db_processActionResult
[  0%] Built target _car_db_manager_msgs_generate_messages_check_deps_PidCtrlParameters
[  0%] Built target _car_db_manager_msgs_generate_messages_check_deps_AlarmcodeParameters
[35m[1mScanning dependencies of target actionlib_msgs_generate_messages_py[0m
[35m[1mScanning dependencies of target std_msgs_generate_messages_py[0m
[35m[1mScanning dependencies of target geometry_msgs_generate_messages_cpp[0m
[35m[1mScanning dependencies of target std_msgs_generate_messages_cpp[0m
[35m[1mScanning dependencies of target geometry_msgs_generate_messages_py[0m
[  0%] Built target _car_db_manager_msgs_generate_messages_check_deps_car_db_process_recoveryGoal
[  0%] Built target std_srvs_generate_messages_py
[35m[1mScanning dependencies of target std_srvs_generate_messages_cpp[0m
[35m[1mScanning dependencies of target actionlib_msgs_generate_messages_cpp[0m
[  0%] Built target actionlib_msgs_generate_messages_py
[  0%] Built target std_msgs_generate_messages_py
[35m[1mScanning dependencies of target std_srvs_generate_messages_nodejs[0m
[  0%] Built target _car_db_manager_msgs_generate_messages_check_deps_car_db_process_recoveryFeedback
[  0%] Built target geometry_msgs_generate_messages_cpp
[  0%] Built target geometry_msgs_generate_messages_py
[  0%] Built target std_msgs_generate_messages_cpp
[  0%] Built target _car_db_manager_msgs_generate_messages_check_deps_AlarmcodeParametersCmd
[35m[1mScanning dependencies of target std_msgs_generate_messages_nodejs[0m
[35m[1mScanning dependencies of target actionlib_msgs_generate_messages_nodejs[0m
[  0%] Built target std_srvs_generate_messages_cpp
[  0%] Built target actionlib_msgs_generate_messages_cpp
[35m[1mScanning dependencies of target geometry_msgs_generate_messages_lisp[0m
[35m[1mScanning dependencies of target geometry_msgs_generate_messages_nodejs[0m
[35m[1mScanning dependencies of target actionlib_msgs_generate_messages_lisp[0m
[  0%] Built target std_srvs_generate_messages_nodejs
[35m[1mScanning dependencies of target std_srvs_generate_messages_lisp[0m
[35m[1mScanning dependencies of target car_db_manager_msgs_generate_messages_eus[0m
[35m[1mScanning dependencies of target std_msgs_generate_messages_lisp[0m
[  0%] Built target actionlib_msgs_generate_messages_nodejs
[35m[1mScanning dependencies of target car_db_manager_msgs_generate_messages_py[0m
[  0%] Built target geometry_msgs_generate_messages_lisp
[  0%] Built target std_msgs_generate_messages_nodejs
[  0%] Built target geometry_msgs_generate_messages_nodejs
[35m[1mScanning dependencies of target car_db_manager_msgs_generate_messages_cpp[0m
[  0%] Built target actionlib_msgs_generate_messages_lisp
[  1%] Built target std_srvs_generate_messages_lisp
[  1%] [34m[1mGenerating EusLisp code from car_db_manager_msgs/WorkSheetItems.msg[0m
[  1%] [34m[1mGenerating EusLisp code from car_db_manager_msgs/car_db_process_recoveryActionFeedback.msg[0m
[  2%] [34m[1mGenerating EusLisp code from car_db_manager_msgs/car_db_processResult.msg[0m
[  2%] [34m[1mGenerating EusLisp code from car_db_manager_msgs/car_db_process_recoveryActionResult.msg[0m
[  3%] [34m[1mGenerating EusLisp code from car_db_manager_msgs/WorkSheetMain.msg[0m
[  3%] Built target std_msgs_generate_messages_lisp
[  3%] [34m[1mGenerating EusLisp code from car_db_manager_msgs/OperatecodeParameters.msg[0m
[  4%] [34m[1mGenerating Python from MSG car_db_manager_msgs/car_db_process_recoveryActionResult[0m
[35m[1mScanning dependencies of target car_db_manager_msgs_generate_messages_nodejs[0m
[  4%] [34m[1mGenerating Python from MSG car_db_manager_msgs/car_db_process_recoveryActionFeedback[0m
[  4%] [34m[1mGenerating C++ code from car_db_manager_msgs/car_db_process_recoveryActionResult.msg[0m
[  5%] [34m[1mGenerating EusLisp code from car_db_manager_msgs/car_db_processGoal.msg[0m
[  6%] [34m[1mGenerating Python from MSG car_db_manager_msgs/WorkSheetItems[0m
[  7%] [34m[1mGenerating Javascript code from car_db_manager_msgs/car_db_process_recoveryActionResult.msg[0m
[  7%] [34m[1mGenerating Javascript code from car_db_manager_msgs/WorkSheetItems.msg[0m
[  8%] [34m[1mGenerating Javascript code from car_db_manager_msgs/car_db_process_recoveryActionFeedback.msg[0m
[  8%] [34m[1mGenerating EusLisp code from car_db_manager_msgs/car_db_processActionFeedback.msg[0m
[  9%] [34m[1mGenerating EusLisp code from car_db_manager_msgs/CarAlarmHistory.msg[0m
[ 10%] [34m[1mGenerating Javascript code from car_db_manager_msgs/OperatecodeParameters.msg[0m
[ 11%] [34m[1mGenerating EusLisp code from car_db_manager_msgs/car_db_processFeedback.msg[0m
[ 11%] [34m[1mGenerating EusLisp code from car_db_manager_msgs/CheckParameters.msg[0m
[ 11%] [34m[1mGenerating Python from MSG car_db_manager_msgs/OperatecodeParameters[0m
[ 12%] [34m[1mGenerating Python from MSG car_db_manager_msgs/WorkSheetMain[0m
[ 12%] [34m[1mGenerating Javascript code from car_db_manager_msgs/WorkSheetMain.msg[0m
[35m[1mScanning dependencies of target car_db_manager_msgs_generate_messages_lisp[0m
[ 13%] [34m[1mGenerating C++ code from car_db_manager_msgs/car_db_process_recoveryActionFeedback.msg[0m
[ 13%] [34m[1mGenerating Python from MSG car_db_manager_msgs/car_db_processResult[0m
[ 14%] [34m[1mGenerating Python from MSG car_db_manager_msgs/car_db_processGoal[0m
[ 15%] [34m[1mGenerating EusLisp code from car_db_manager_msgs/car_db_process_recoveryActionGoal.msg[0m
[ 17%] [34m[1mGenerating Lisp code from car_db_manager_msgs/car_db_process_recoveryActionResult.msg[0m
[ 17%] [34m[1mGenerating Lisp code from car_db_manager_msgs/car_db_process_recoveryActionFeedback.msg[0m
[ 18%] [34m[1mGenerating Lisp code from car_db_manager_msgs/WorkSheetItems.msg[0m
[ 19%] [34m[1mGenerating Javascript code from car_db_manager_msgs/car_db_processResult.msg[0m
[ 19%] [34m[1mGenerating Lisp code from car_db_manager_msgs/OperatecodeParameters.msg[0m
[ 19%] [34m[1mGenerating Javascript code from car_db_manager_msgs/car_db_processGoal.msg[0m
[ 20%] [34m[1mGenerating Javascript code from car_db_manager_msgs/car_db_processActionFeedback.msg[0m
[ 21%] [34m[1mGenerating Lisp code from car_db_manager_msgs/WorkSheetMain.msg[0m
[ 21%] [34m[1mGenerating EusLisp code from car_db_manager_msgs/AlarmcodeParameters.msg[0m
[ 21%] [34m[1mGenerating Javascript code from car_db_manager_msgs/CarAlarmHistory.msg[0m
[ 22%] [34m[1mGenerating EusLisp code from car_db_manager_msgs/car_db_processActionResult.msg[0m
[ 22%] [34m[1mGenerating C++ code from car_db_manager_msgs/WorkSheetItems.msg[0m
[ 22%] [34m[1mGenerating Lisp code from car_db_manager_msgs/car_db_processResult.msg[0m
[ 22%] [34m[1mGenerating Python from MSG car_db_manager_msgs/car_db_processActionFeedback[0m
[ 23%] [34m[1mGenerating Python from MSG car_db_manager_msgs/CarAlarmHistory[0m
[ 23%] [34m[1mGenerating EusLisp code from car_db_manager_msgs/car_db_processAction.msg[0m
[ 24%] [34m[1mGenerating Javascript code from car_db_manager_msgs/CheckParameters.msg[0m
[ 25%] [34m[1mGenerating Python from MSG car_db_manager_msgs/CheckParameters[0m
[ 25%] [34m[1mGenerating Python from MSG car_db_manager_msgs/car_db_processFeedback[0m
[ 25%] [34m[1mGenerating Javascript code from car_db_manager_msgs/car_db_processFeedback.msg[0m
[ 25%] [34m[1mGenerating Python from MSG car_db_manager_msgs/car_db_process_recoveryActionGoal[0m
[ 26%] [34m[1mGenerating Lisp code from car_db_manager_msgs/car_db_processGoal.msg[0m
[ 27%] [34m[1mGenerating C++ code from car_db_manager_msgs/OperatecodeParameters.msg[0m
[ 27%] [34m[1mGenerating Lisp code from car_db_manager_msgs/car_db_processActionFeedback.msg[0m
[ 28%] [34m[1mGenerating Javascript code from car_db_manager_msgs/car_db_process_recoveryActionGoal.msg[0m
[ 29%] [34m[1mGenerating Python from MSG car_db_manager_msgs/AlarmcodeParameters[0m
[ 30%] [34m[1mGenerating Lisp code from car_db_manager_msgs/CarAlarmHistory.msg[0m
[ 31%] [34m[1mGenerating EusLisp code from car_db_manager_msgs/car_db_processActionGoal.msg[0m
[ 32%] [34m[1mGenerating Lisp code from car_db_manager_msgs/car_db_processFeedback.msg[0m
[ 32%] [34m[1mGenerating Lisp code from car_db_manager_msgs/CheckParameters.msg[0m
[ 34%] [34m[1mGenerating Python from MSG car_db_manager_msgs/car_db_processActionResult[0m
[ 35%] [34m[1mGenerating Javascript code from car_db_manager_msgs/AlarmcodeParameters.msg[0m
[ 35%] [34m[1mGenerating EusLisp code from car_db_manager_msgs/CarOperateHistory.msg[0m
[ 35%] [34m[1mGenerating Javascript code from car_db_manager_msgs/car_db_processActionResult.msg[0m
[ 36%] [34m[1mGenerating EusLisp code from car_db_manager_msgs/car_db_process_recoveryResult.msg[0m
[ 36%] [34m[1mGenerating Python from MSG car_db_manager_msgs/car_db_processAction[0m
[ 36%] [34m[1mGenerating C++ code from car_db_manager_msgs/WorkSheetMain.msg[0m
[ 37%] [34m[1mGenerating Lisp code from car_db_manager_msgs/car_db_process_recoveryActionGoal.msg[0m
[ 37%] [34m[1mGenerating Lisp code from car_db_manager_msgs/AlarmcodeParameters.msg[0m
[ 38%] [34m[1mGenerating Python from MSG car_db_manager_msgs/car_db_processActionGoal[0m
[ 39%] [34m[1mGenerating Javascript code from car_db_manager_msgs/car_db_processAction.msg[0m
[ 39%] [34m[1mGenerating EusLisp code from car_db_manager_msgs/car_db_process_recoveryFeedback.msg[0m
[ 40%] [34m[1mGenerating C++ code from car_db_manager_msgs/car_db_processResult.msg[0m
[ 41%] [34m[1mGenerating Lisp code from car_db_manager_msgs/car_db_processActionResult.msg[0m
[ 42%] [34m[1mGenerating EusLisp code from car_db_manager_msgs/PidCtrlParameters.msg[0m
[ 42%] [34m[1mGenerating Lisp code from car_db_manager_msgs/car_db_processAction.msg[0m
[ 43%] [34m[1mGenerating Lisp code from car_db_manager_msgs/car_db_processActionGoal.msg[0m
[ 43%] [34m[1mGenerating Lisp code from car_db_manager_msgs/CarOperateHistory.msg[0m
[ 44%] [34m[1mGenerating Javascript code from car_db_manager_msgs/CarOperateHistory.msg[0m
[ 44%] [34m[1mGenerating Javascript code from car_db_manager_msgs/car_db_processActionGoal.msg[0m
[ 44%] [34m[1mGenerating Javascript code from car_db_manager_msgs/car_db_process_recoveryResult.msg[0m
[ 44%] [34m[1mGenerating C++ code from car_db_manager_msgs/car_db_processGoal.msg[0m
[ 45%] [34m[1mGenerating C++ code from car_db_manager_msgs/car_db_processActionFeedback.msg[0m
[ 45%] [34m[1mGenerating Lisp code from car_db_manager_msgs/car_db_process_recoveryFeedback.msg[0m
[ 45%] [34m[1mGenerating EusLisp code from car_db_manager_msgs/car_db_process_recoveryAction.msg[0m
[ 45%] [34m[1mGenerating C++ code from car_db_manager_msgs/CarAlarmHistory.msg[0m
[ 46%] [34m[1mGenerating Lisp code from car_db_manager_msgs/car_db_process_recoveryResult.msg[0m
[ 46%] [34m[1mGenerating Python from MSG car_db_manager_msgs/CarOperateHistory[0m
[ 47%] [34m[1mGenerating Lisp code from car_db_manager_msgs/PidCtrlParameters.msg[0m
[ 47%] [34m[1mGenerating Lisp code from car_db_manager_msgs/car_db_process_recoveryAction.msg[0m
[ 48%] [34m[1mGenerating Python from MSG car_db_manager_msgs/car_db_process_recoveryResult[0m
[ 50%] [34m[1mGenerating EusLisp code from car_db_manager_msgs/car_db_process_recoveryGoal.msg[0m
[ 51%] [34m[1mGenerating Javascript code from car_db_manager_msgs/car_db_process_recoveryFeedback.msg[0m
[ 51%] [34m[1mGenerating Python from MSG car_db_manager_msgs/car_db_process_recoveryFeedback[0m
[ 51%] [34m[1mGenerating EusLisp code from car_db_manager_msgs/ActionFunctionParameters.msg[0m
[ 51%] [34m[1mGenerating Javascript code from car_db_manager_msgs/PidCtrlParameters.msg[0m
[ 52%] [34m[1mGenerating Lisp code from car_db_manager_msgs/car_db_process_recoveryGoal.msg[0m
[ 53%] [34m[1mGenerating C++ code from car_db_manager_msgs/CheckParameters.msg[0m
[ 54%] [34m[1mGenerating Lisp code from car_db_manager_msgs/ActionFunctionParameters.msg[0m
[ 54%] [34m[1mGenerating C++ code from car_db_manager_msgs/car_db_processFeedback.msg[0m
[ 55%] [34m[1mGenerating EusLisp code from car_db_manager_msgs/TargerPos2dParameters.msg[0m
[ 56%] [34m[1mGenerating Javascript code from car_db_manager_msgs/car_db_process_recoveryAction.msg[0m
[ 56%] [34m[1mGenerating Javascript code from car_db_manager_msgs/car_db_process_recoveryGoal.msg[0m
[ 57%] [34m[1mGenerating EusLisp code from car_db_manager_msgs/CarAlarmHistoryCmd.srv[0m
[ 58%] [34m[1mGenerating C++ code from car_db_manager_msgs/car_db_process_recoveryActionGoal.msg[0m
[ 58%] [34m[1mGenerating Lisp code from car_db_manager_msgs/TargerPos2dParameters.msg[0m
[ 59%] [34m[1mGenerating Javascript code from car_db_manager_msgs/ActionFunctionParameters.msg[0m
[ 60%] [34m[1mGenerating Javascript code from car_db_manager_msgs/TargerPos2dParameters.msg[0m
[ 61%] [34m[1mGenerating Python from MSG car_db_manager_msgs/PidCtrlParameters[0m
[ 61%] [34m[1mGenerating Javascript code from car_db_manager_msgs/CarAlarmHistoryCmd.srv[0m
[ 61%] [34m[1mGenerating Python from MSG car_db_manager_msgs/car_db_process_recoveryAction[0m
[ 62%] [34m[1mGenerating Python from MSG car_db_manager_msgs/car_db_process_recoveryGoal[0m
[ 63%] [34m[1mGenerating C++ code from car_db_manager_msgs/AlarmcodeParameters.msg[0m
[ 63%] [34m[1mGenerating Python from MSG car_db_manager_msgs/ActionFunctionParameters[0m
[ 64%] [34m[1mGenerating Lisp code from car_db_manager_msgs/CarAlarmHistoryCmd.srv[0m
[ 64%] [34m[1mGenerating C++ code from car_db_manager_msgs/car_db_processActionResult.msg[0m
[ 64%] [34m[1mGenerating EusLisp code from car_db_manager_msgs/TargerPos2dParametersCmd.srv[0m
[ 65%] [34m[1mGenerating EusLisp code from car_db_manager_msgs/CarOperateHistoryCmd.srv[0m
[ 67%] [34m[1mGenerating Javascript code from car_db_manager_msgs/TargerPos2dParametersCmd.srv[0m
[ 68%] [34m[1mGenerating Python from MSG car_db_manager_msgs/TargerPos2dParameters[0m
[ 69%] [34m[1mGenerating C++ code from car_db_manager_msgs/car_db_processAction.msg[0m
[ 69%] [34m[1mGenerating Lisp code from car_db_manager_msgs/TargerPos2dParametersCmd.srv[0m
[ 69%] [34m[1mGenerating EusLisp code from car_db_manager_msgs/ActionFunctionParametersCmd.srv[0m
[ 70%] [34m[1mGenerating EusLisp code from car_db_manager_msgs/PidCtrlParametersCmd.srv[0m
[ 70%] [34m[1mGenerating Javascript code from car_db_manager_msgs/CarOperateHistoryCmd.srv[0m
[ 71%] [34m[1mGenerating Python code from SRV car_db_manager_msgs/TargerPos2dParametersCmd[0m
[ 71%] [34m[1mGenerating Python code from SRV car_db_manager_msgs/CarAlarmHistoryCmd[0m
[ 72%] [34m[1mGenerating Python code from SRV car_db_manager_msgs/CarOperateHistoryCmd[0m
[ 72%] [34m[1mGenerating EusLisp code from car_db_manager_msgs/WorkSheetItemsCmd.srv[0m
[ 73%] [34m[1mGenerating EusLisp code from car_db_manager_msgs/WorkSheetMainCmd.srv[0m
[ 73%] [34m[1mGenerating EusLisp code from car_db_manager_msgs/AlarmcodeParametersCmd.srv[0m
[ 74%] [34m[1mGenerating Lisp code from car_db_manager_msgs/CarOperateHistoryCmd.srv[0m
[ 75%] [34m[1mGenerating Javascript code from car_db_manager_msgs/ActionFunctionParametersCmd.srv[0m
[ 75%] [34m[1mGenerating Javascript code from car_db_manager_msgs/PidCtrlParametersCmd.srv[0m
[ 76%] [34m[1mGenerating Javascript code from car_db_manager_msgs/WorkSheetItemsCmd.srv[0m
[ 76%] [34m[1mGenerating Python code from SRV car_db_manager_msgs/ActionFunctionParametersCmd[0m
[ 76%] [34m[1mGenerating Lisp code from car_db_manager_msgs/ActionFunctionParametersCmd.srv[0m
[ 76%] [34m[1mGenerating C++ code from car_db_manager_msgs/car_db_processActionGoal.msg[0m
[ 77%] [34m[1mGenerating EusLisp code from car_db_manager_msgs/OperatecodeParametersCmd.srv[0m
[ 78%] [34m[1mGenerating Javascript code from car_db_manager_msgs/WorkSheetMainCmd.srv[0m
[ 78%] [34m[1mGenerating Python code from SRV car_db_manager_msgs/PidCtrlParametersCmd[0m
[ 79%] [34m[1mGenerating C++ code from car_db_manager_msgs/CarOperateHistory.msg[0m
[ 79%] [34m[1mGenerating Python code from SRV car_db_manager_msgs/WorkSheetItemsCmd[0m
[ 79%] [34m[1mGenerating EusLisp code from car_db_manager_msgs/CheckParametersCmd.srv[0m
[ 80%] [34m[1mGenerating Python code from SRV car_db_manager_msgs/WorkSheetMainCmd[0m
[ 81%] [34m[1mGenerating Javascript code from car_db_manager_msgs/AlarmcodeParametersCmd.srv[0m
[ 81%] [34m[1mGenerating Javascript code from car_db_manager_msgs/OperatecodeParametersCmd.srv[0m
[ 82%] [34m[1mGenerating Lisp code from car_db_manager_msgs/PidCtrlParametersCmd.srv[0m
[ 82%] [34m[1mGenerating Python code from SRV car_db_manager_msgs/AlarmcodeParametersCmd[0m
[ 84%] [34m[1mGenerating Python code from SRV car_db_manager_msgs/OperatecodeParametersCmd[0m
[ 85%] [34m[1mGenerating Javascript code from car_db_manager_msgs/CheckParametersCmd.srv[0m
[ 85%] [34m[1mGenerating Python code from SRV car_db_manager_msgs/CheckParametersCmd[0m
[ 86%] [34m[1mGenerating EusLisp manifest code for car_db_manager_msgs[0m
[ 86%] [34m[1mGenerating Lisp code from car_db_manager_msgs/WorkSheetItemsCmd.srv[0m
[ 86%] [34m[1mGenerating C++ code from car_db_manager_msgs/car_db_process_recoveryResult.msg[0m
[ 87%] [34m[1mGenerating C++ code from car_db_manager_msgs/car_db_process_recoveryFeedback.msg[0m
[ 88%] [34m[1mGenerating Lisp code from car_db_manager_msgs/WorkSheetMainCmd.srv[0m
[ 88%] [34m[1mGenerating Lisp code from car_db_manager_msgs/AlarmcodeParametersCmd.srv[0m
[ 88%] [34m[1mGenerating C++ code from car_db_manager_msgs/PidCtrlParameters.msg[0m
[ 88%] Built target car_db_manager_msgs_generate_messages_nodejs
[ 89%] [34m[1mGenerating Lisp code from car_db_manager_msgs/OperatecodeParametersCmd.srv[0m
[ 90%] [34m[1mGenerating C++ code from car_db_manager_msgs/car_db_process_recoveryAction.msg[0m
[ 90%] [34m[1mGenerating C++ code from car_db_manager_msgs/car_db_process_recoveryGoal.msg[0m
[ 91%] [34m[1mGenerating C++ code from car_db_manager_msgs/ActionFunctionParameters.msg[0m
[ 91%] [34m[1mGenerating Lisp code from car_db_manager_msgs/CheckParametersCmd.srv[0m
[ 92%] [34m[1mGenerating C++ code from car_db_manager_msgs/TargerPos2dParameters.msg[0m
[ 92%] [34m[1mGenerating C++ code from car_db_manager_msgs/CarAlarmHistoryCmd.srv[0m
[ 93%] [34m[1mGenerating C++ code from car_db_manager_msgs/TargerPos2dParametersCmd.srv[0m
[ 94%] [34m[1mGenerating Python msg __init__.py for car_db_manager_msgs[0m
[ 95%] [34m[1mGenerating Python srv __init__.py for car_db_manager_msgs[0m
[ 95%] [34m[1mGenerating C++ code from car_db_manager_msgs/CarOperateHistoryCmd.srv[0m
[ 95%] Built target car_db_manager_msgs_generate_messages_lisp
[ 96%] [34m[1mGenerating C++ code from car_db_manager_msgs/ActionFunctionParametersCmd.srv[0m
[ 96%] [34m[1mGenerating C++ code from car_db_manager_msgs/PidCtrlParametersCmd.srv[0m
[ 97%] [34m[1mGenerating C++ code from car_db_manager_msgs/WorkSheetItemsCmd.srv[0m
[ 97%] [34m[1mGenerating C++ code from car_db_manager_msgs/WorkSheetMainCmd.srv[0m
[ 98%] [34m[1mGenerating C++ code from car_db_manager_msgs/AlarmcodeParametersCmd.srv[0m
[ 98%] [34m[1mGenerating C++ code from car_db_manager_msgs/OperatecodeParametersCmd.srv[0m
[100%] [34m[1mGenerating C++ code from car_db_manager_msgs/CheckParametersCmd.srv[0m
[100%] Built target car_db_manager_msgs_generate_messages_py
[100%] Built target car_db_manager_msgs_generate_messages_cpp
[100%] Built target car_db_manager_msgs_generate_messages_eus
[35m[1mScanning dependencies of target car_db_manager_msgs_generate_messages[0m
[100%] Built target car_db_manager_msgs_generate_messages
[35m[1mScanning dependencies of target tests[0m
Built target tests
[  0%] Built target std_srvs_generate_messages_eus
[  0%] Built target geometry_msgs_generate_messages_eus
[  0%] Built target _car_db_manager_msgs_generate_messages_check_deps_CheckParameters
[  0%] Built target _car_db_manager_msgs_generate_messages_check_deps_WorkSheetItems
[  0%] Built target _car_db_manager_msgs_generate_messages_check_deps_OperatecodeParameters
[  0%] Built target _car_db_manager_msgs_generate_messages_check_deps_WorkSheetItemsCmd
[  0%] Built target _car_db_manager_msgs_generate_messages_check_deps_CheckParametersCmd
[  0%] Built target _car_db_manager_msgs_generate_messages_check_deps_car_db_processFeedback
[  0%] Built target std_msgs_generate_messages_eus
[  0%] Built target _car_db_manager_msgs_generate_messages_check_deps_car_db_processActionFeedback
[  0%] Built target _car_db_manager_msgs_generate_messages_check_deps_PidCtrlParametersCmd
[  0%] Built target actionlib_msgs_generate_messages_eus
[  0%] Built target _car_db_manager_msgs_generate_messages_check_deps_ActionFunctionParameters
[  0%] Built target _car_db_manager_msgs_generate_messages_check_deps_CarOperateHistory
[  0%] Built target _car_db_manager_msgs_generate_messages_check_deps_car_db_process_recoveryActionFeedback
[  0%] Built target _car_db_manager_msgs_generate_messages_check_deps_CarAlarmHistoryCmd
[  0%] Built target _car_db_manager_msgs_generate_messages_check_deps_CarOperateHistoryCmd
[  0%] Built target _car_db_manager_msgs_generate_messages_check_deps_TargerPos2dParametersCmd
[  0%] Built target _car_db_manager_msgs_generate_messages_check_deps_car_db_processActionGoal
[  0%] Built target _car_db_manager_msgs_generate_messages_check_deps_car_db_process_recoveryActionResult
[  0%] Built target _car_db_manager_msgs_generate_messages_check_deps_car_db_processAction
[  0%] Built target _car_db_manager_msgs_generate_messages_check_deps_car_db_process_recoveryAction
[  0%] Built target _car_db_manager_msgs_generate_messages_check_deps_WorkSheetMain
[  0%] Built target _car_db_manager_msgs_generate_messages_check_deps_OperatecodeParametersCmd
[  0%] Built target _car_db_manager_msgs_generate_messages_check_deps_car_db_processGoal
[  0%] Built target _car_db_manager_msgs_generate_messages_check_deps_TargerPos2dParameters
[  0%] Built target _car_db_manager_msgs_generate_messages_check_deps_ActionFunctionParametersCmd
[  0%] Built target _car_db_manager_msgs_generate_messages_check_deps_car_db_processResult
[  0%] Built target _car_db_manager_msgs_generate_messages_check_deps_car_db_processActionResult
[  0%] Built target _car_db_manager_msgs_generate_messages_check_deps_CarAlarmHistory
[  0%] Built target _car_db_manager_msgs_generate_messages_check_deps_AlarmcodeParameters
[  0%] Built target _car_db_manager_msgs_generate_messages_check_deps_WorkSheetMainCmd
[  0%] Built target _car_db_manager_msgs_generate_messages_check_deps_car_db_process_recoveryActionGoal
[  0%] Built target _car_db_manager_msgs_generate_messages_check_deps_PidCtrlParameters
[  0%] Built target _car_db_manager_msgs_generate_messages_check_deps_car_db_process_recoveryResult
[  0%] Built target _car_db_manager_msgs_generate_messages_check_deps_car_db_process_recoveryFeedback
[  0%] Built target _car_db_manager_msgs_generate_messages_check_deps_AlarmcodeParametersCmd
[  0%] Built target actionlib_msgs_generate_messages_py
[  0%] Built target std_srvs_generate_messages_py
[  0%] Built target _car_db_manager_msgs_generate_messages_check_deps_car_db_process_recoveryGoal
[  0%] Built target geometry_msgs_generate_messages_py
[  0%] Built target geometry_msgs_generate_messages_cpp
[  0%] Built target std_msgs_generate_messages_cpp
[  0%] Built target std_srvs_generate_messages_cpp
[  0%] Built target std_msgs_generate_messages_py
[  0%] Built target actionlib_msgs_generate_messages_cpp
[  0%] Built target std_srvs_generate_messages_nodejs
[  0%] Built target std_msgs_generate_messages_nodejs
[  0%] Built target actionlib_msgs_generate_messages_nodejs
[  0%] Built target geometry_msgs_generate_messages_nodejs
[  0%] Built target std_msgs_generate_messages_lisp
[  0%] Built target geometry_msgs_generate_messages_lisp
[  0%] Built target std_srvs_generate_messages_lisp
[  0%] Built target actionlib_msgs_generate_messages_lisp
[ 20%] Built target car_db_manager_msgs_generate_messages_eus
[ 39%] Built target car_db_manager_msgs_generate_messages_cpp
[ 60%] Built target car_db_manager_msgs_generate_messages_py
[ 80%] Built target car_db_manager_msgs_generate_messages_nodejs
[100%] Built target car_db_manager_msgs_generate_messages_lisp
[100%] Built target car_db_manager_msgs_generate_messages
[36mInstall the project...[0m
-- Install configuration: ""
-- Installing: /home/handsome/ros_ws_test/install/car_db_manager_msgs/share/car_db_manager_msgs/msg/CheckParameters.msg
-- Installing: /home/handsome/ros_ws_test/install/car_db_manager_msgs/share/car_db_manager_msgs/msg/PidCtrlParameters.msg
-- Installing: /home/handsome/ros_ws_test/install/car_db_manager_msgs/share/car_db_manager_msgs/msg/TargerPos2dParameters.msg
-- Installing: /home/handsome/ros_ws_test/install/car_db_manager_msgs/share/car_db_manager_msgs/msg/AlarmcodeParameters.msg
-- Installing: /home/handsome/ros_ws_test/install/car_db_manager_msgs/share/car_db_manager_msgs/msg/OperatecodeParameters.msg
-- Installing: /home/handsome/ros_ws_test/install/car_db_manager_msgs/share/car_db_manager_msgs/msg/CarAlarmHistory.msg
-- Installing: /home/handsome/ros_ws_test/install/car_db_manager_msgs/share/car_db_manager_msgs/msg/CarOperateHistory.msg
-- Installing: /home/handsome/ros_ws_test/install/car_db_manager_msgs/share/car_db_manager_msgs/msg/ActionFunctionParameters.msg
-- Installing: /home/handsome/ros_ws_test/install/car_db_manager_msgs/share/car_db_manager_msgs/msg/WorkSheetMain.msg
-- Installing: /home/handsome/ros_ws_test/install/car_db_manager_msgs/share/car_db_manager_msgs/msg/WorkSheetItems.msg
-- Installing: /home/handsome/ros_ws_test/install/car_db_manager_msgs/share/car_db_manager_msgs/srv/CheckParametersCmd.srv
-- Installing: /home/handsome/ros_ws_test/install/car_db_manager_msgs/share/car_db_manager_msgs/srv/PidCtrlParametersCmd.srv
-- Installing: /home/handsome/ros_ws_test/install/car_db_manager_msgs/share/car_db_manager_msgs/srv/TargerPos2dParametersCmd.srv
-- Installing: /home/handsome/ros_ws_test/install/car_db_manager_msgs/share/car_db_manager_msgs/srv/AlarmcodeParametersCmd.srv
-- Installing: /home/handsome/ros_ws_test/install/car_db_manager_msgs/share/car_db_manager_msgs/srv/OperatecodeParametersCmd.srv
-- Installing: /home/handsome/ros_ws_test/install/car_db_manager_msgs/share/car_db_manager_msgs/srv/CarAlarmHistoryCmd.srv
-- Installing: /home/handsome/ros_ws_test/install/car_db_manager_msgs/share/car_db_manager_msgs/srv/CarOperateHistoryCmd.srv
-- Installing: /home/handsome/ros_ws_test/install/car_db_manager_msgs/share/car_db_manager_msgs/srv/ActionFunctionParametersCmd.srv
-- Installing: /home/handsome/ros_ws_test/install/car_db_manager_msgs/share/car_db_manager_msgs/srv/WorkSheetMainCmd.srv
-- Installing: /home/handsome/ros_ws_test/install/car_db_manager_msgs/share/car_db_manager_msgs/srv/WorkSheetItemsCmd.srv
-- Installing: /home/handsome/ros_ws_test/install/car_db_manager_msgs/share/car_db_manager_msgs/action/car_db_process.action
-- Installing: /home/handsome/ros_ws_test/install/car_db_manager_msgs/share/car_db_manager_msgs/action/car_db_process_recovery.action
-- Installing: /home/handsome/ros_ws_test/install/car_db_manager_msgs/share/car_db_manager_msgs/msg/car_db_processAction.msg
-- Installing: /home/handsome/ros_ws_test/install/car_db_manager_msgs/share/car_db_manager_msgs/msg/car_db_processActionGoal.msg
-- Installing: /home/handsome/ros_ws_test/install/car_db_manager_msgs/share/car_db_manager_msgs/msg/car_db_processActionResult.msg
-- Installing: /home/handsome/ros_ws_test/install/car_db_manager_msgs/share/car_db_manager_msgs/msg/car_db_processActionFeedback.msg
-- Installing: /home/handsome/ros_ws_test/install/car_db_manager_msgs/share/car_db_manager_msgs/msg/car_db_processGoal.msg
-- Installing: /home/handsome/ros_ws_test/install/car_db_manager_msgs/share/car_db_manager_msgs/msg/car_db_processResult.msg
-- Installing: /home/handsome/ros_ws_test/install/car_db_manager_msgs/share/car_db_manager_msgs/msg/car_db_processFeedback.msg
-- Installing: /home/handsome/ros_ws_test/install/car_db_manager_msgs/share/car_db_manager_msgs/msg/car_db_process_recoveryAction.msg
-- Installing: /home/handsome/ros_ws_test/install/car_db_manager_msgs/share/car_db_manager_msgs/msg/car_db_process_recoveryActionGoal.msg
-- Installing: /home/handsome/ros_ws_test/install/car_db_manager_msgs/share/car_db_manager_msgs/msg/car_db_process_recoveryActionResult.msg
-- Installing: /home/handsome/ros_ws_test/install/car_db_manager_msgs/share/car_db_manager_msgs/msg/car_db_process_recoveryActionFeedback.msg
-- Installing: /home/handsome/ros_ws_test/install/car_db_manager_msgs/share/car_db_manager_msgs/msg/car_db_process_recoveryGoal.msg
-- Installing: /home/handsome/ros_ws_test/install/car_db_manager_msgs/share/car_db_manager_msgs/msg/car_db_process_recoveryResult.msg
-- Installing: /home/handsome/ros_ws_test/install/car_db_manager_msgs/share/car_db_manager_msgs/msg/car_db_process_recoveryFeedback.msg
-- Installing: /home/handsome/ros_ws_test/install/car_db_manager_msgs/share/car_db_manager_msgs/cmake/car_db_manager_msgs-msg-paths.cmake
-- Installing: /home/handsome/ros_ws_test/install/car_db_manager_msgs/include/car_db_manager_msgs
-- Installing: /home/handsome/ros_ws_test/install/car_db_manager_msgs/include/car_db_manager_msgs/AlarmcodeParametersCmdRequest.h
-- Installing: /home/handsome/ros_ws_test/install/car_db_manager_msgs/include/car_db_manager_msgs/WorkSheetMain.h
-- Installing: /home/handsome/ros_ws_test/install/car_db_manager_msgs/include/car_db_manager_msgs/car_db_processGoal.h
-- Installing: /home/handsome/ros_ws_test/install/car_db_manager_msgs/include/car_db_manager_msgs/OperatecodeParametersCmdResponse.h
-- Installing: /home/handsome/ros_ws_test/install/car_db_manager_msgs/include/car_db_manager_msgs/car_db_process_recoveryAction.h
-- Installing: /home/handsome/ros_ws_test/install/car_db_manager_msgs/include/car_db_manager_msgs/WorkSheetItemsCmdRequest.h
-- Installing: /home/handsome/ros_ws_test/install/car_db_manager_msgs/include/car_db_manager_msgs/car_db_processResult.h
-- Installing: /home/handsome/ros_ws_test/install/car_db_manager_msgs/include/car_db_manager_msgs/WorkSheetMainCmdRequest.h
-- Installing: /home/handsome/ros_ws_test/install/car_db_manager_msgs/include/car_db_manager_msgs/ActionFunctionParameters.h
-- Installing: /home/handsome/ros_ws_test/install/car_db_manager_msgs/include/car_db_manager_msgs/CarAlarmHistoryCmd.h
-- Installing: /home/handsome/ros_ws_test/install/car_db_manager_msgs/include/car_db_manager_msgs/car_db_processActionFeedback.h
-- Installing: /home/handsome/ros_ws_test/install/car_db_manager_msgs/include/car_db_manager_msgs/CarAlarmHistoryCmdResponse.h
-- Installing: /home/handsome/ros_ws_test/install/car_db_manager_msgs/include/car_db_manager_msgs/car_db_processFeedback.h
-- Installing: /home/handsome/ros_ws_test/install/car_db_manager_msgs/include/car_db_manager_msgs/PidCtrlParametersCmdResponse.h
-- Installing: /home/handsome/ros_ws_test/install/car_db_manager_msgs/include/car_db_manager_msgs/car_db_processActionGoal.h
-- Installing: /home/handsome/ros_ws_test/install/car_db_manager_msgs/include/car_db_manager_msgs/AlarmcodeParametersCmd.h
-- Installing: /home/handsome/ros_ws_test/install/car_db_manager_msgs/include/car_db_manager_msgs/AlarmcodeParameters.h
-- Installing: /home/handsome/ros_ws_test/install/car_db_manager_msgs/include/car_db_manager_msgs/CarOperateHistoryCmdRequest.h
-- Installing: /home/handsome/ros_ws_test/install/car_db_manager_msgs/include/car_db_manager_msgs/PidCtrlParametersCmdRequest.h
-- Installing: /home/handsome/ros_ws_test/install/car_db_manager_msgs/include/car_db_manager_msgs/AlarmcodeParametersCmdResponse.h
-- Installing: /home/handsome/ros_ws_test/install/car_db_manager_msgs/include/car_db_manager_msgs/CheckParametersCmdRequest.h
-- Installing: /home/handsome/ros_ws_test/install/car_db_manager_msgs/include/car_db_manager_msgs/PidCtrlParameters.h
-- Installing: /home/handsome/ros_ws_test/install/car_db_manager_msgs/include/car_db_manager_msgs/TargerPos2dParametersCmd.h
-- Installing: /home/handsome/ros_ws_test/install/car_db_manager_msgs/include/car_db_manager_msgs/OperatecodeParameters.h
-- Installing: /home/handsome/ros_ws_test/install/car_db_manager_msgs/include/car_db_manager_msgs/CheckParametersCmd.h
-- Installing: /home/handsome/ros_ws_test/install/car_db_manager_msgs/include/car_db_manager_msgs/CheckParameters.h
-- Installing: /home/handsome/ros_ws_test/install/car_db_manager_msgs/include/car_db_manager_msgs/car_db_process_recoveryGoal.h
-- Installing: /home/handsome/ros_ws_test/install/car_db_manager_msgs/include/car_db_manager_msgs/OperatecodeParametersCmd.h
-- Installing: /home/handsome/ros_ws_test/install/car_db_manager_msgs/include/car_db_manager_msgs/CarAlarmHistory.h
-- Installing: /home/handsome/ros_ws_test/install/car_db_manager_msgs/include/car_db_manager_msgs/TargerPos2dParametersCmdResponse.h
-- Installing: /home/handsome/ros_ws_test/install/car_db_manager_msgs/include/car_db_manager_msgs/car_db_process_recoveryActionResult.h
-- Installing: /home/handsome/ros_ws_test/install/car_db_manager_msgs/include/car_db_manager_msgs/ActionFunctionParametersCmd.h
-- Installing: /home/handsome/ros_ws_test/install/car_db_manager_msgs/include/car_db_manager_msgs/PidCtrlParametersCmd.h
-- Installing: /home/handsome/ros_ws_test/install/car_db_manager_msgs/include/car_db_manager_msgs/CarOperateHistory.h
-- Installing: /home/handsome/ros_ws_test/install/car_db_manager_msgs/include/car_db_manager_msgs/CarOperateHistoryCmd.h
-- Installing: /home/handsome/ros_ws_test/install/car_db_manager_msgs/include/car_db_manager_msgs/CheckParametersCmdResponse.h
-- Installing: /home/handsome/ros_ws_test/install/car_db_manager_msgs/include/car_db_manager_msgs/OperatecodeParametersCmdRequest.h
-- Installing: /home/handsome/ros_ws_test/install/car_db_manager_msgs/include/car_db_manager_msgs/car_db_processAction.h
-- Installing: /home/handsome/ros_ws_test/install/car_db_manager_msgs/include/car_db_manager_msgs/TargerPos2dParametersCmdRequest.h
-- Installing: /home/handsome/ros_ws_test/install/car_db_manager_msgs/include/car_db_manager_msgs/car_db_processActionResult.h
-- Installing: /home/handsome/ros_ws_test/install/car_db_manager_msgs/include/car_db_manager_msgs/WorkSheetItemsCmd.h
-- Installing: /home/handsome/ros_ws_test/install/car_db_manager_msgs/include/car_db_manager_msgs/WorkSheetMainCmd.h
-- Installing: /home/handsome/ros_ws_test/install/car_db_manager_msgs/include/car_db_manager_msgs/ActionFunctionParametersCmdRequest.h
-- Installing: /home/handsome/ros_ws_test/install/car_db_manager_msgs/include/car_db_manager_msgs/car_db_process_recoveryFeedback.h
-- Installing: /home/handsome/ros_ws_test/install/car_db_manager_msgs/include/car_db_manager_msgs/CarOperateHistoryCmdResponse.h
-- Installing: /home/handsome/ros_ws_test/install/car_db_manager_msgs/include/car_db_manager_msgs/WorkSheetItems.h
-- Installing: /home/handsome/ros_ws_test/install/car_db_manager_msgs/include/car_db_manager_msgs/WorkSheetMainCmdResponse.h
-- Installing: /home/handsome/ros_ws_test/install/car_db_manager_msgs/include/car_db_manager_msgs/CarAlarmHistoryCmdRequest.h
-- Installing: /home/handsome/ros_ws_test/install/car_db_manager_msgs/include/car_db_manager_msgs/ActionFunctionParametersCmdResponse.h
-- Installing: /home/handsome/ros_ws_test/install/car_db_manager_msgs/include/car_db_manager_msgs/TargerPos2dParameters.h
-- Installing: /home/handsome/ros_ws_test/install/car_db_manager_msgs/include/car_db_manager_msgs/car_db_process_recoveryActionGoal.h
-- Installing: /home/handsome/ros_ws_test/install/car_db_manager_msgs/include/car_db_manager_msgs/car_db_process_recoveryResult.h
-- Installing: /home/handsome/ros_ws_test/install/car_db_manager_msgs/include/car_db_manager_msgs/car_db_process_recoveryActionFeedback.h
-- Installing: /home/handsome/ros_ws_test/install/car_db_manager_msgs/include/car_db_manager_msgs/WorkSheetItemsCmdResponse.h
-- Installing: /home/handsome/ros_ws_test/install/car_db_manager_msgs/share/roseus/ros/car_db_manager_msgs
-- Installing: /home/handsome/ros_ws_test/install/car_db_manager_msgs/share/roseus/ros/car_db_manager_msgs/msg
-- Installing: /home/handsome/ros_ws_test/install/car_db_manager_msgs/share/roseus/ros/car_db_manager_msgs/msg/OperatecodeParameters.l
-- Installing: /home/handsome/ros_ws_test/install/car_db_manager_msgs/share/roseus/ros/car_db_manager_msgs/msg/PidCtrlParameters.l
-- Installing: /home/handsome/ros_ws_test/install/car_db_manager_msgs/share/roseus/ros/car_db_manager_msgs/msg/CarAlarmHistory.l
-- Installing: /home/handsome/ros_ws_test/install/car_db_manager_msgs/share/roseus/ros/car_db_manager_msgs/msg/ActionFunctionParameters.l
-- Installing: /home/handsome/ros_ws_test/install/car_db_manager_msgs/share/roseus/ros/car_db_manager_msgs/msg/WorkSheetMain.l
-- Installing: /home/handsome/ros_ws_test/install/car_db_manager_msgs/share/roseus/ros/car_db_manager_msgs/msg/car_db_processActionFeedback.l
-- Installing: /home/handsome/ros_ws_test/install/car_db_manager_msgs/share/roseus/ros/car_db_manager_msgs/msg/car_db_processActionGoal.l
-- Installing: /home/handsome/ros_ws_test/install/car_db_manager_msgs/share/roseus/ros/car_db_manager_msgs/msg/car_db_process_recoveryResult.l
-- Installing: /home/handsome/ros_ws_test/install/car_db_manager_msgs/share/roseus/ros/car_db_manager_msgs/msg/car_db_process_recoveryGoal.l
-- Installing: /home/handsome/ros_ws_test/install/car_db_manager_msgs/share/roseus/ros/car_db_manager_msgs/msg/car_db_process_recoveryAction.l
-- Installing: /home/handsome/ros_ws_test/install/car_db_manager_msgs/share/roseus/ros/car_db_manager_msgs/msg/WorkSheetItems.l
-- Installing: /home/handsome/ros_ws_test/install/car_db_manager_msgs/share/roseus/ros/car_db_manager_msgs/msg/car_db_processGoal.l
-- Installing: /home/handsome/ros_ws_test/install/car_db_manager_msgs/share/roseus/ros/car_db_manager_msgs/msg/car_db_process_recoveryActionFeedback.l
-- Installing: /home/handsome/ros_ws_test/install/car_db_manager_msgs/share/roseus/ros/car_db_manager_msgs/msg/car_db_processActionResult.l
-- Installing: /home/handsome/ros_ws_test/install/car_db_manager_msgs/share/roseus/ros/car_db_manager_msgs/msg/car_db_processResult.l
-- Installing: /home/handsome/ros_ws_test/install/car_db_manager_msgs/share/roseus/ros/car_db_manager_msgs/msg/car_db_process_recoveryFeedback.l
-- Installing: /home/handsome/ros_ws_test/install/car_db_manager_msgs/share/roseus/ros/car_db_manager_msgs/msg/CheckParameters.l
-- Installing: /home/handsome/ros_ws_test/install/car_db_manager_msgs/share/roseus/ros/car_db_manager_msgs/msg/car_db_processFeedback.l
-- Installing: /home/handsome/ros_ws_test/install/car_db_manager_msgs/share/roseus/ros/car_db_manager_msgs/msg/TargerPos2dParameters.l
-- Installing: /home/handsome/ros_ws_test/install/car_db_manager_msgs/share/roseus/ros/car_db_manager_msgs/msg/CarOperateHistory.l
-- Installing: /home/handsome/ros_ws_test/install/car_db_manager_msgs/share/roseus/ros/car_db_manager_msgs/msg/car_db_processAction.l
-- Installing: /home/handsome/ros_ws_test/install/car_db_manager_msgs/share/roseus/ros/car_db_manager_msgs/msg/car_db_process_recoveryActionResult.l
-- Installing: /home/handsome/ros_ws_test/install/car_db_manager_msgs/share/roseus/ros/car_db_manager_msgs/msg/AlarmcodeParameters.l
-- Installing: /home/handsome/ros_ws_test/install/car_db_manager_msgs/share/roseus/ros/car_db_manager_msgs/msg/car_db_process_recoveryActionGoal.l
-- Installing: /home/handsome/ros_ws_test/install/car_db_manager_msgs/share/roseus/ros/car_db_manager_msgs/manifest.l
-- Installing: /home/handsome/ros_ws_test/install/car_db_manager_msgs/share/roseus/ros/car_db_manager_msgs/srv
-- Installing: /home/handsome/ros_ws_test/install/car_db_manager_msgs/share/roseus/ros/car_db_manager_msgs/srv/CarAlarmHistoryCmd.l
-- Installing: /home/handsome/ros_ws_test/install/car_db_manager_msgs/share/roseus/ros/car_db_manager_msgs/srv/AlarmcodeParametersCmd.l
-- Installing: /home/handsome/ros_ws_test/install/car_db_manager_msgs/share/roseus/ros/car_db_manager_msgs/srv/WorkSheetItemsCmd.l
-- Installing: /home/handsome/ros_ws_test/install/car_db_manager_msgs/share/roseus/ros/car_db_manager_msgs/srv/PidCtrlParametersCmd.l
-- Installing: /home/handsome/ros_ws_test/install/car_db_manager_msgs/share/roseus/ros/car_db_manager_msgs/srv/OperatecodeParametersCmd.l
-- Installing: /home/handsome/ros_ws_test/install/car_db_manager_msgs/share/roseus/ros/car_db_manager_msgs/srv/ActionFunctionParametersCmd.l
-- Installing: /home/handsome/ros_ws_test/install/car_db_manager_msgs/share/roseus/ros/car_db_manager_msgs/srv/CheckParametersCmd.l
-- Installing: /home/handsome/ros_ws_test/install/car_db_manager_msgs/share/roseus/ros/car_db_manager_msgs/srv/WorkSheetMainCmd.l
-- Installing: /home/handsome/ros_ws_test/install/car_db_manager_msgs/share/roseus/ros/car_db_manager_msgs/srv/TargerPos2dParametersCmd.l
-- Installing: /home/handsome/ros_ws_test/install/car_db_manager_msgs/share/roseus/ros/car_db_manager_msgs/srv/CarOperateHistoryCmd.l
-- Installing: /home/handsome/ros_ws_test/install/car_db_manager_msgs/share/common-lisp/ros/car_db_manager_msgs
-- Installing: /home/handsome/ros_ws_test/install/car_db_manager_msgs/share/common-lisp/ros/car_db_manager_msgs/msg
-- Installing: /home/handsome/ros_ws_test/install/car_db_manager_msgs/share/common-lisp/ros/car_db_manager_msgs/msg/car_db_process_recoveryActionGoal.lisp
-- Installing: /home/handsome/ros_ws_test/install/car_db_manager_msgs/share/common-lisp/ros/car_db_manager_msgs/msg/_package_car_db_processActionFeedback.lisp
-- Installing: /home/handsome/ros_ws_test/install/car_db_manager_msgs/share/common-lisp/ros/car_db_manager_msgs/msg/_package_TargerPos2dParameters.lisp
-- Installing: /home/handsome/ros_ws_test/install/car_db_manager_msgs/share/common-lisp/ros/car_db_manager_msgs/msg/car_db_process_recoveryAction.lisp
-- Installing: /home/handsome/ros_ws_test/install/car_db_manager_msgs/share/common-lisp/ros/car_db_manager_msgs/msg/car_db_processResult.lisp
-- Installing: /home/handsome/ros_ws_test/install/car_db_manager_msgs/share/common-lisp/ros/car_db_manager_msgs/msg/_package_car_db_processFeedback.lisp
-- Installing: /home/handsome/ros_ws_test/install/car_db_manager_msgs/share/common-lisp/ros/car_db_manager_msgs/msg/_package_AlarmcodeParameters.lisp
-- Installing: /home/handsome/ros_ws_test/install/car_db_manager_msgs/share/common-lisp/ros/car_db_manager_msgs/msg/_package_PidCtrlParameters.lisp
-- Installing: /home/handsome/ros_ws_test/install/car_db_manager_msgs/share/common-lisp/ros/car_db_manager_msgs/msg/CarAlarmHistory.lisp
-- Installing: /home/handsome/ros_ws_test/install/car_db_manager_msgs/share/common-lisp/ros/car_db_manager_msgs/msg/CheckParameters.lisp
-- Installing: /home/handsome/ros_ws_test/install/car_db_manager_msgs/share/common-lisp/ros/car_db_manager_msgs/msg/ActionFunctionParameters.lisp
-- Installing: /home/handsome/ros_ws_test/install/car_db_manager_msgs/share/common-lisp/ros/car_db_manager_msgs/msg/PidCtrlParameters.lisp
-- Installing: /home/handsome/ros_ws_test/install/car_db_manager_msgs/share/common-lisp/ros/car_db_manager_msgs/msg/_package_car_db_process_recoveryAction.lisp
-- Installing: /home/handsome/ros_ws_test/install/car_db_manager_msgs/share/common-lisp/ros/car_db_manager_msgs/msg/OperatecodeParameters.lisp
-- Installing: /home/handsome/ros_ws_test/install/car_db_manager_msgs/share/common-lisp/ros/car_db_manager_msgs/msg/car_db_processGoal.lisp
-- Installing: /home/handsome/ros_ws_test/install/car_db_manager_msgs/share/common-lisp/ros/car_db_manager_msgs/msg/car_db_process_recoveryActionResult.lisp
-- Installing: /home/handsome/ros_ws_test/install/car_db_manager_msgs/share/common-lisp/ros/car_db_manager_msgs/msg/_package_CarAlarmHistory.lisp
-- Installing: /home/handsome/ros_ws_test/install/car_db_manager_msgs/share/common-lisp/ros/car_db_manager_msgs/msg/_package_car_db_processActionGoal.lisp
-- Installing: /home/handsome/ros_ws_test/install/car_db_manager_msgs/share/common-lisp/ros/car_db_manager_msgs/msg/_package_WorkSheetMain.lisp
-- Installing: /home/handsome/ros_ws_test/install/car_db_manager_msgs/share/common-lisp/ros/car_db_manager_msgs/msg/_package_CarOperateHistory.lisp
-- Installing: /home/handsome/ros_ws_test/install/car_db_manager_msgs/share/common-lisp/ros/car_db_manager_msgs/msg/_package_CheckParameters.lisp
-- Installing: /home/handsome/ros_ws_test/install/car_db_manager_msgs/share/common-lisp/ros/car_db_manager_msgs/msg/car_db_manager_msgs-msg.asd
-- Installing: /home/handsome/ros_ws_test/install/car_db_manager_msgs/share/common-lisp/ros/car_db_manager_msgs/msg/_package.lisp
-- Installing: /home/handsome/ros_ws_test/install/car_db_manager_msgs/share/common-lisp/ros/car_db_manager_msgs/msg/TargerPos2dParameters.lisp
-- Installing: /home/handsome/ros_ws_test/install/car_db_manager_msgs/share/common-lisp/ros/car_db_manager_msgs/msg/_package_OperatecodeParameters.lisp
-- Installing: /home/handsome/ros_ws_test/install/car_db_manager_msgs/share/common-lisp/ros/car_db_manager_msgs/msg/_package_car_db_processAction.lisp
-- Installing: /home/handsome/ros_ws_test/install/car_db_manager_msgs/share/common-lisp/ros/car_db_manager_msgs/msg/_package_car_db_process_recoveryActionGoal.lisp
-- Installing: /home/handsome/ros_ws_test/install/car_db_manager_msgs/share/common-lisp/ros/car_db_manager_msgs/msg/car_db_process_recoveryFeedback.lisp
-- Installing: /home/handsome/ros_ws_test/install/car_db_manager_msgs/share/common-lisp/ros/car_db_manager_msgs/msg/_package_ActionFunctionParameters.lisp
-- Installing: /home/handsome/ros_ws_test/install/car_db_manager_msgs/share/common-lisp/ros/car_db_manager_msgs/msg/WorkSheetItems.lisp
-- Installing: /home/handsome/ros_ws_test/install/car_db_manager_msgs/share/common-lisp/ros/car_db_manager_msgs/msg/_package_car_db_processGoal.lisp
-- Installing: /home/handsome/ros_ws_test/install/car_db_manager_msgs/share/common-lisp/ros/car_db_manager_msgs/msg/AlarmcodeParameters.lisp
-- Installing: /home/handsome/ros_ws_test/install/car_db_manager_msgs/share/common-lisp/ros/car_db_manager_msgs/msg/car_db_processActionGoal.lisp
-- Installing: /home/handsome/ros_ws_test/install/car_db_manager_msgs/share/common-lisp/ros/car_db_manager_msgs/msg/_package_car_db_process_recoveryResult.lisp
-- Installing: /home/handsome/ros_ws_test/install/car_db_manager_msgs/share/common-lisp/ros/car_db_manager_msgs/msg/_package_car_db_process_recoveryGoal.lisp
-- Installing: /home/handsome/ros_ws_test/install/car_db_manager_msgs/share/common-lisp/ros/car_db_manager_msgs/msg/car_db_processFeedback.lisp
-- Installing: /home/handsome/ros_ws_test/install/car_db_manager_msgs/share/common-lisp/ros/car_db_manager_msgs/msg/car_db_process_recoveryResult.lisp
-- Installing: /home/handsome/ros_ws_test/install/car_db_manager_msgs/share/common-lisp/ros/car_db_manager_msgs/msg/_package_car_db_process_recoveryActionResult.lisp
-- Installing: /home/handsome/ros_ws_test/install/car_db_manager_msgs/share/common-lisp/ros/car_db_manager_msgs/msg/car_db_process_recoveryActionFeedback.lisp
-- Installing: /home/handsome/ros_ws_test/install/car_db_manager_msgs/share/common-lisp/ros/car_db_manager_msgs/msg/CarOperateHistory.lisp
-- Installing: /home/handsome/ros_ws_test/install/car_db_manager_msgs/share/common-lisp/ros/car_db_manager_msgs/msg/car_db_processAction.lisp
-- Installing: /home/handsome/ros_ws_test/install/car_db_manager_msgs/share/common-lisp/ros/car_db_manager_msgs/msg/_package_car_db_process_recoveryFeedback.lisp
-- Installing: /home/handsome/ros_ws_test/install/car_db_manager_msgs/share/common-lisp/ros/car_db_manager_msgs/msg/_package_car_db_processResult.lisp
-- Installing: /home/handsome/ros_ws_test/install/car_db_manager_msgs/share/common-lisp/ros/car_db_manager_msgs/msg/_package_car_db_processActionResult.lisp
-- Installing: /home/handsome/ros_ws_test/install/car_db_manager_msgs/share/common-lisp/ros/car_db_manager_msgs/msg/car_db_processActionResult.lisp
-- Installing: /home/handsome/ros_ws_test/install/car_db_manager_msgs/share/common-lisp/ros/car_db_manager_msgs/msg/car_db_processActionFeedback.lisp
-- Installing: /home/handsome/ros_ws_test/install/car_db_manager_msgs/share/common-lisp/ros/car_db_manager_msgs/msg/_package_car_db_process_recoveryActionFeedback.lisp
-- Installing: /home/handsome/ros_ws_test/install/car_db_manager_msgs/share/common-lisp/ros/car_db_manager_msgs/msg/_package_WorkSheetItems.lisp
-- Installing: /home/handsome/ros_ws_test/install/car_db_manager_msgs/share/common-lisp/ros/car_db_manager_msgs/msg/WorkSheetMain.lisp
-- Installing: /home/handsome/ros_ws_test/install/car_db_manager_msgs/share/common-lisp/ros/car_db_manager_msgs/msg/car_db_process_recoveryGoal.lisp
-- Installing: /home/handsome/ros_ws_test/install/car_db_manager_msgs/share/common-lisp/ros/car_db_manager_msgs/srv
-- Installing: /home/handsome/ros_ws_test/install/car_db_manager_msgs/share/common-lisp/ros/car_db_manager_msgs/srv/_package_OperatecodeParametersCmd.lisp
-- Installing: /home/handsome/ros_ws_test/install/car_db_manager_msgs/share/common-lisp/ros/car_db_manager_msgs/srv/_package_CheckParametersCmd.lisp
-- Installing: /home/handsome/ros_ws_test/install/car_db_manager_msgs/share/common-lisp/ros/car_db_manager_msgs/srv/_package_TargerPos2dParametersCmd.lisp
-- Installing: /home/handsome/ros_ws_test/install/car_db_manager_msgs/share/common-lisp/ros/car_db_manager_msgs/srv/_package_WorkSheetMainCmd.lisp
-- Installing: /home/handsome/ros_ws_test/install/car_db_manager_msgs/share/common-lisp/ros/car_db_manager_msgs/srv/WorkSheetMainCmd.lisp
-- Installing: /home/handsome/ros_ws_test/install/car_db_manager_msgs/share/common-lisp/ros/car_db_manager_msgs/srv/OperatecodeParametersCmd.lisp
-- Installing: /home/handsome/ros_ws_test/install/car_db_manager_msgs/share/common-lisp/ros/car_db_manager_msgs/srv/car_db_manager_msgs-srv.asd
-- Installing: /home/handsome/ros_ws_test/install/car_db_manager_msgs/share/common-lisp/ros/car_db_manager_msgs/srv/ActionFunctionParametersCmd.lisp
-- Installing: /home/handsome/ros_ws_test/install/car_db_manager_msgs/share/common-lisp/ros/car_db_manager_msgs/srv/_package_CarAlarmHistoryCmd.lisp
-- Installing: /home/handsome/ros_ws_test/install/car_db_manager_msgs/share/common-lisp/ros/car_db_manager_msgs/srv/TargerPos2dParametersCmd.lisp
-- Installing: /home/handsome/ros_ws_test/install/car_db_manager_msgs/share/common-lisp/ros/car_db_manager_msgs/srv/_package_ActionFunctionParametersCmd.lisp
-- Installing: /home/handsome/ros_ws_test/install/car_db_manager_msgs/share/common-lisp/ros/car_db_manager_msgs/srv/_package.lisp
-- Installing: /home/handsome/ros_ws_test/install/car_db_manager_msgs/share/common-lisp/ros/car_db_manager_msgs/srv/_package_AlarmcodeParametersCmd.lisp
-- Installing: /home/handsome/ros_ws_test/install/car_db_manager_msgs/share/common-lisp/ros/car_db_manager_msgs/srv/CheckParametersCmd.lisp
-- Installing: /home/handsome/ros_ws_test/install/car_db_manager_msgs/share/common-lisp/ros/car_db_manager_msgs/srv/AlarmcodeParametersCmd.lisp
-- Installing: /home/handsome/ros_ws_test/install/car_db_manager_msgs/share/common-lisp/ros/car_db_manager_msgs/srv/_package_PidCtrlParametersCmd.lisp
-- Installing: /home/handsome/ros_ws_test/install/car_db_manager_msgs/share/common-lisp/ros/car_db_manager_msgs/srv/_package_WorkSheetItemsCmd.lisp
-- Installing: /home/handsome/ros_ws_test/install/car_db_manager_msgs/share/common-lisp/ros/car_db_manager_msgs/srv/CarOperateHistoryCmd.lisp
-- Installing: /home/handsome/ros_ws_test/install/car_db_manager_msgs/share/common-lisp/ros/car_db_manager_msgs/srv/WorkSheetItemsCmd.lisp
-- Installing: /home/handsome/ros_ws_test/install/car_db_manager_msgs/share/common-lisp/ros/car_db_manager_msgs/srv/PidCtrlParametersCmd.lisp
-- Installing: /home/handsome/ros_ws_test/install/car_db_manager_msgs/share/common-lisp/ros/car_db_manager_msgs/srv/CarAlarmHistoryCmd.lisp
-- Installing: /home/handsome/ros_ws_test/install/car_db_manager_msgs/share/common-lisp/ros/car_db_manager_msgs/srv/_package_CarOperateHistoryCmd.lisp
-- Installing: /home/handsome/ros_ws_test/install/car_db_manager_msgs/share/gennodejs/ros/car_db_manager_msgs
-- Installing: /home/handsome/ros_ws_test/install/car_db_manager_msgs/share/gennodejs/ros/car_db_manager_msgs/msg
-- Installing: /home/handsome/ros_ws_test/install/car_db_manager_msgs/share/gennodejs/ros/car_db_manager_msgs/msg/car_db_processActionFeedback.js
-- Installing: /home/handsome/ros_ws_test/install/car_db_manager_msgs/share/gennodejs/ros/car_db_manager_msgs/msg/car_db_processResult.js
-- Installing: /home/handsome/ros_ws_test/install/car_db_manager_msgs/share/gennodejs/ros/car_db_manager_msgs/msg/car_db_processGoal.js
-- Installing: /home/handsome/ros_ws_test/install/car_db_manager_msgs/share/gennodejs/ros/car_db_manager_msgs/msg/car_db_process_recoveryActionFeedback.js
-- Installing: /home/handsome/ros_ws_test/install/car_db_manager_msgs/share/gennodejs/ros/car_db_manager_msgs/msg/CarAlarmHistory.js
-- Installing: /home/handsome/ros_ws_test/install/car_db_manager_msgs/share/gennodejs/ros/car_db_manager_msgs/msg/car_db_processActionResult.js
-- Installing: /home/handsome/ros_ws_test/install/car_db_manager_msgs/share/gennodejs/ros/car_db_manager_msgs/msg/car_db_process_recoveryGoal.js
-- Installing: /home/handsome/ros_ws_test/install/car_db_manager_msgs/share/gennodejs/ros/car_db_manager_msgs/msg/ActionFunctionParameters.js
-- Installing: /home/handsome/ros_ws_test/install/car_db_manager_msgs/share/gennodejs/ros/car_db_manager_msgs/msg/_index.js
-- Installing: /home/handsome/ros_ws_test/install/car_db_manager_msgs/share/gennodejs/ros/car_db_manager_msgs/msg/car_db_processAction.js
-- Installing: /home/handsome/ros_ws_test/install/car_db_manager_msgs/share/gennodejs/ros/car_db_manager_msgs/msg/car_db_processFeedback.js
-- Installing: /home/handsome/ros_ws_test/install/car_db_manager_msgs/share/gennodejs/ros/car_db_manager_msgs/msg/CarOperateHistory.js
-- Installing: /home/handsome/ros_ws_test/install/car_db_manager_msgs/share/gennodejs/ros/car_db_manager_msgs/msg/WorkSheetItems.js
-- Installing: /home/handsome/ros_ws_test/install/car_db_manager_msgs/share/gennodejs/ros/car_db_manager_msgs/msg/car_db_process_recoveryResult.js
-- Installing: /home/handsome/ros_ws_test/install/car_db_manager_msgs/share/gennodejs/ros/car_db_manager_msgs/msg/car_db_process_recoveryActionResult.js
-- Installing: /home/handsome/ros_ws_test/install/car_db_manager_msgs/share/gennodejs/ros/car_db_manager_msgs/msg/CheckParameters.js
-- Installing: /home/handsome/ros_ws_test/install/car_db_manager_msgs/share/gennodejs/ros/car_db_manager_msgs/msg/TargerPos2dParameters.js
-- Installing: /home/handsome/ros_ws_test/install/car_db_manager_msgs/share/gennodejs/ros/car_db_manager_msgs/msg/WorkSheetMain.js
-- Installing: /home/handsome/ros_ws_test/install/car_db_manager_msgs/share/gennodejs/ros/car_db_manager_msgs/msg/car_db_process_recoveryActionGoal.js
-- Installing: /home/handsome/ros_ws_test/install/car_db_manager_msgs/share/gennodejs/ros/car_db_manager_msgs/msg/car_db_processActionGoal.js
-- Installing: /home/handsome/ros_ws_test/install/car_db_manager_msgs/share/gennodejs/ros/car_db_manager_msgs/msg/PidCtrlParameters.js
-- Installing: /home/handsome/ros_ws_test/install/car_db_manager_msgs/share/gennodejs/ros/car_db_manager_msgs/msg/car_db_process_recoveryFeedback.js
-- Installing: /home/handsome/ros_ws_test/install/car_db_manager_msgs/share/gennodejs/ros/car_db_manager_msgs/msg/AlarmcodeParameters.js
-- Installing: /home/handsome/ros_ws_test/install/car_db_manager_msgs/share/gennodejs/ros/car_db_manager_msgs/msg/OperatecodeParameters.js
-- Installing: /home/handsome/ros_ws_test/install/car_db_manager_msgs/share/gennodejs/ros/car_db_manager_msgs/msg/car_db_process_recoveryAction.js
-- Installing: /home/handsome/ros_ws_test/install/car_db_manager_msgs/share/gennodejs/ros/car_db_manager_msgs/_index.js
-- Installing: /home/handsome/ros_ws_test/install/car_db_manager_msgs/share/gennodejs/ros/car_db_manager_msgs/srv
-- Installing: /home/handsome/ros_ws_test/install/car_db_manager_msgs/share/gennodejs/ros/car_db_manager_msgs/srv/_index.js
-- Installing: /home/handsome/ros_ws_test/install/car_db_manager_msgs/share/gennodejs/ros/car_db_manager_msgs/srv/CarAlarmHistoryCmd.js
-- Installing: /home/handsome/ros_ws_test/install/car_db_manager_msgs/share/gennodejs/ros/car_db_manager_msgs/srv/AlarmcodeParametersCmd.js
-- Installing: /home/handsome/ros_ws_test/install/car_db_manager_msgs/share/gennodejs/ros/car_db_manager_msgs/srv/WorkSheetItemsCmd.js
-- Installing: /home/handsome/ros_ws_test/install/car_db_manager_msgs/share/gennodejs/ros/car_db_manager_msgs/srv/WorkSheetMainCmd.js
-- Installing: /home/handsome/ros_ws_test/install/car_db_manager_msgs/share/gennodejs/ros/car_db_manager_msgs/srv/ActionFunctionParametersCmd.js
-- Installing: /home/handsome/ros_ws_test/install/car_db_manager_msgs/share/gennodejs/ros/car_db_manager_msgs/srv/PidCtrlParametersCmd.js
-- Installing: /home/handsome/ros_ws_test/install/car_db_manager_msgs/share/gennodejs/ros/car_db_manager_msgs/srv/CarOperateHistoryCmd.js
-- Installing: /home/handsome/ros_ws_test/install/car_db_manager_msgs/share/gennodejs/ros/car_db_manager_msgs/srv/TargerPos2dParametersCmd.js
-- Installing: /home/handsome/ros_ws_test/install/car_db_manager_msgs/share/gennodejs/ros/car_db_manager_msgs/srv/OperatecodeParametersCmd.js
-- Installing: /home/handsome/ros_ws_test/install/car_db_manager_msgs/share/gennodejs/ros/car_db_manager_msgs/srv/CheckParametersCmd.js
Listing /home/handsome/ros_ws_test/build/car_db_manager_msgs/devel/lib/python2.7/dist-packages/car_db_manager_msgs ...
Compiling /home/handsome/ros_ws_test/build/car_db_manager_msgs/devel/lib/python2.7/dist-packages/car_db_manager_msgs/__init__.py ...
Listing /home/handsome/ros_ws_test/build/car_db_manager_msgs/devel/lib/python2.7/dist-packages/car_db_manager_msgs/msg ...
Compiling /home/handsome/ros_ws_test/build/car_db_manager_msgs/devel/lib/python2.7/dist-packages/car_db_manager_msgs/msg/_ActionFunctionParameters.py ...
Compiling /home/handsome/ros_ws_test/build/car_db_manager_msgs/devel/lib/python2.7/dist-packages/car_db_manager_msgs/msg/_AlarmcodeParameters.py ...
Compiling /home/handsome/ros_ws_test/build/car_db_manager_msgs/devel/lib/python2.7/dist-packages/car_db_manager_msgs/msg/_CarAlarmHistory.py ...
Compiling /home/handsome/ros_ws_test/build/car_db_manager_msgs/devel/lib/python2.7/dist-packages/car_db_manager_msgs/msg/_CarOperateHistory.py ...
Compiling /home/handsome/ros_ws_test/build/car_db_manager_msgs/devel/lib/python2.7/dist-packages/car_db_manager_msgs/msg/_CheckParameters.py ...
Compiling /home/handsome/ros_ws_test/build/car_db_manager_msgs/devel/lib/python2.7/dist-packages/car_db_manager_msgs/msg/_OperatecodeParameters.py ...
Compiling /home/handsome/ros_ws_test/build/car_db_manager_msgs/devel/lib/python2.7/dist-packages/car_db_manager_msgs/msg/_PidCtrlParameters.py ...
Compiling /home/handsome/ros_ws_test/build/car_db_manager_msgs/devel/lib/python2.7/dist-packages/car_db_manager_msgs/msg/_TargerPos2dParameters.py ...
Compiling /home/handsome/ros_ws_test/build/car_db_manager_msgs/devel/lib/python2.7/dist-packages/car_db_manager_msgs/msg/_WorkSheetItems.py ...
Compiling /home/handsome/ros_ws_test/build/car_db_manager_msgs/devel/lib/python2.7/dist-packages/car_db_manager_msgs/msg/_WorkSheetMain.py ...
Compiling /home/handsome/ros_ws_test/build/car_db_manager_msgs/devel/lib/python2.7/dist-packages/car_db_manager_msgs/msg/__init__.py ...
Compiling /home/handsome/ros_ws_test/build/car_db_manager_msgs/devel/lib/python2.7/dist-packages/car_db_manager_msgs/msg/_car_db_processAction.py ...
Compiling /home/handsome/ros_ws_test/build/car_db_manager_msgs/devel/lib/python2.7/dist-packages/car_db_manager_msgs/msg/_car_db_processActionFeedback.py ...
Compiling /home/handsome/ros_ws_test/build/car_db_manager_msgs/devel/lib/python2.7/dist-packages/car_db_manager_msgs/msg/_car_db_processActionGoal.py ...
Compiling /home/handsome/ros_ws_test/build/car_db_manager_msgs/devel/lib/python2.7/dist-packages/car_db_manager_msgs/msg/_car_db_processActionResult.py ...
Compiling /home/handsome/ros_ws_test/build/car_db_manager_msgs/devel/lib/python2.7/dist-packages/car_db_manager_msgs/msg/_car_db_processFeedback.py ...
Compiling /home/handsome/ros_ws_test/build/car_db_manager_msgs/devel/lib/python2.7/dist-packages/car_db_manager_msgs/msg/_car_db_processGoal.py ...
Compiling /home/handsome/ros_ws_test/build/car_db_manager_msgs/devel/lib/python2.7/dist-packages/car_db_manager_msgs/msg/_car_db_processResult.py ...
Compiling /home/handsome/ros_ws_test/build/car_db_manager_msgs/devel/lib/python2.7/dist-packages/car_db_manager_msgs/msg/_car_db_process_recoveryAction.py ...
Compiling /home/handsome/ros_ws_test/build/car_db_manager_msgs/devel/lib/python2.7/dist-packages/car_db_manager_msgs/msg/_car_db_process_recoveryActionFeedback.py ...
Compiling /home/handsome/ros_ws_test/build/car_db_manager_msgs/devel/lib/python2.7/dist-packages/car_db_manager_msgs/msg/_car_db_process_recoveryActionGoal.py ...
Compiling /home/handsome/ros_ws_test/build/car_db_manager_msgs/devel/lib/python2.7/dist-packages/car_db_manager_msgs/msg/_car_db_process_recoveryActionResult.py ...
Compiling /home/handsome/ros_ws_test/build/car_db_manager_msgs/devel/lib/python2.7/dist-packages/car_db_manager_msgs/msg/_car_db_process_recoveryFeedback.py ...
Compiling /home/handsome/ros_ws_test/build/car_db_manager_msgs/devel/lib/python2.7/dist-packages/car_db_manager_msgs/msg/_car_db_process_recoveryGoal.py ...
Compiling /home/handsome/ros_ws_test/build/car_db_manager_msgs/devel/lib/python2.7/dist-packages/car_db_manager_msgs/msg/_car_db_process_recoveryResult.py ...
Listing /home/handsome/ros_ws_test/build/car_db_manager_msgs/devel/lib/python2.7/dist-packages/car_db_manager_msgs/srv ...
Compiling /home/handsome/ros_ws_test/build/car_db_manager_msgs/devel/lib/python2.7/dist-packages/car_db_manager_msgs/srv/_ActionFunctionParametersCmd.py ...
Compiling /home/handsome/ros_ws_test/build/car_db_manager_msgs/devel/lib/python2.7/dist-packages/car_db_manager_msgs/srv/_AlarmcodeParametersCmd.py ...
Compiling /home/handsome/ros_ws_test/build/car_db_manager_msgs/devel/lib/python2.7/dist-packages/car_db_manager_msgs/srv/_CarAlarmHistoryCmd.py ...
Compiling /home/handsome/ros_ws_test/build/car_db_manager_msgs/devel/lib/python2.7/dist-packages/car_db_manager_msgs/srv/_CarOperateHistoryCmd.py ...
Compiling /home/handsome/ros_ws_test/build/car_db_manager_msgs/devel/lib/python2.7/dist-packages/car_db_manager_msgs/srv/_CheckParametersCmd.py ...
Compiling /home/handsome/ros_ws_test/build/car_db_manager_msgs/devel/lib/python2.7/dist-packages/car_db_manager_msgs/srv/_OperatecodeParametersCmd.py ...
Compiling /home/handsome/ros_ws_test/build/car_db_manager_msgs/devel/lib/python2.7/dist-packages/car_db_manager_msgs/srv/_PidCtrlParametersCmd.py ...
Compiling /home/handsome/ros_ws_test/build/car_db_manager_msgs/devel/lib/python2.7/dist-packages/car_db_manager_msgs/srv/_TargerPos2dParametersCmd.py ...
Compiling /home/handsome/ros_ws_test/build/car_db_manager_msgs/devel/lib/python2.7/dist-packages/car_db_manager_msgs/srv/_WorkSheetItemsCmd.py ...
Compiling /home/handsome/ros_ws_test/build/car_db_manager_msgs/devel/lib/python2.7/dist-packages/car_db_manager_msgs/srv/_WorkSheetMainCmd.py ...
Compiling /home/handsome/ros_ws_test/build/car_db_manager_msgs/devel/lib/python2.7/dist-packages/car_db_manager_msgs/srv/__init__.py ...
-- Installing: /home/handsome/ros_ws_test/install/car_db_manager_msgs/lib/python2.7/dist-packages/car_db_manager_msgs
-- Installing: /home/handsome/ros_ws_test/install/car_db_manager_msgs/lib/python2.7/dist-packages/car_db_manager_msgs/msg
-- Installing: /home/handsome/ros_ws_test/install/car_db_manager_msgs/lib/python2.7/dist-packages/car_db_manager_msgs/msg/_car_db_process_recoveryGoal.pyc
-- Installing: /home/handsome/ros_ws_test/install/car_db_manager_msgs/lib/python2.7/dist-packages/car_db_manager_msgs/msg/_car_db_process_recoveryFeedback.pyc
-- Installing: /home/handsome/ros_ws_test/install/car_db_manager_msgs/lib/python2.7/dist-packages/car_db_manager_msgs/msg/_WorkSheetItems.py
-- Installing: /home/handsome/ros_ws_test/install/car_db_manager_msgs/lib/python2.7/dist-packages/car_db_manager_msgs/msg/_car_db_processActionResult.py
-- Installing: /home/handsome/ros_ws_test/install/car_db_manager_msgs/lib/python2.7/dist-packages/car_db_manager_msgs/msg/_car_db_process_recoveryResult.py
-- Installing: /home/handsome/ros_ws_test/install/car_db_manager_msgs/lib/python2.7/dist-packages/car_db_manager_msgs/msg/__init__.py
-- Installing: /home/handsome/ros_ws_test/install/car_db_manager_msgs/lib/python2.7/dist-packages/car_db_manager_msgs/msg/_TargerPos2dParameters.py
-- Installing: /home/handsome/ros_ws_test/install/car_db_manager_msgs/lib/python2.7/dist-packages/car_db_manager_msgs/msg/_car_db_process_recoveryActionResult.py
-- Installing: /home/handsome/ros_ws_test/install/car_db_manager_msgs/lib/python2.7/dist-packages/car_db_manager_msgs/msg/_AlarmcodeParameters.py
-- Installing: /home/handsome/ros_ws_test/install/car_db_manager_msgs/lib/python2.7/dist-packages/car_db_manager_msgs/msg/_car_db_processGoal.py
-- Installing: /home/handsome/ros_ws_test/install/car_db_manager_msgs/lib/python2.7/dist-packages/car_db_manager_msgs/msg/_car_db_processActionResult.pyc
-- Installing: /home/handsome/ros_ws_test/install/car_db_manager_msgs/lib/python2.7/dist-packages/car_db_manager_msgs/msg/_car_db_process_recoveryActionGoal.pyc
-- Installing: /home/handsome/ros_ws_test/install/car_db_manager_msgs/lib/python2.7/dist-packages/car_db_manager_msgs/msg/_WorkSheetMain.py
-- Installing: /home/handsome/ros_ws_test/install/car_db_manager_msgs/lib/python2.7/dist-packages/car_db_manager_msgs/msg/_car_db_processActionGoal.py
-- Installing: /home/handsome/ros_ws_test/install/car_db_manager_msgs/lib/python2.7/dist-packages/car_db_manager_msgs/msg/_CheckParameters.pyc
-- Installing: /home/handsome/ros_ws_test/install/car_db_manager_msgs/lib/python2.7/dist-packages/car_db_manager_msgs/msg/_ActionFunctionParameters.pyc
-- Installing: /home/handsome/ros_ws_test/install/car_db_manager_msgs/lib/python2.7/dist-packages/car_db_manager_msgs/msg/_TargerPos2dParameters.pyc
-- Installing: /home/handsome/ros_ws_test/install/car_db_manager_msgs/lib/python2.7/dist-packages/car_db_manager_msgs/msg/_car_db_process_recoveryActionGoal.py
-- Installing: /home/handsome/ros_ws_test/install/car_db_manager_msgs/lib/python2.7/dist-packages/car_db_manager_msgs/msg/_car_db_process_recoveryActionResult.pyc
-- Installing: /home/handsome/ros_ws_test/install/car_db_manager_msgs/lib/python2.7/dist-packages/car_db_manager_msgs/msg/_CarOperateHistory.pyc
-- Installing: /home/handsome/ros_ws_test/install/car_db_manager_msgs/lib/python2.7/dist-packages/car_db_manager_msgs/msg/_CheckParameters.py
-- Installing: /home/handsome/ros_ws_test/install/car_db_manager_msgs/lib/python2.7/dist-packages/car_db_manager_msgs/msg/_car_db_processActionFeedback.py
-- Installing: /home/handsome/ros_ws_test/install/car_db_manager_msgs/lib/python2.7/dist-packages/car_db_manager_msgs/msg/_car_db_process_recoveryFeedback.py
-- Installing: /home/handsome/ros_ws_test/install/car_db_manager_msgs/lib/python2.7/dist-packages/car_db_manager_msgs/msg/_PidCtrlParameters.py
-- Installing: /home/handsome/ros_ws_test/install/car_db_manager_msgs/lib/python2.7/dist-packages/car_db_manager_msgs/msg/_AlarmcodeParameters.pyc
-- Installing: /home/handsome/ros_ws_test/install/car_db_manager_msgs/lib/python2.7/dist-packages/car_db_manager_msgs/msg/_car_db_processResult.pyc
-- Installing: /home/handsome/ros_ws_test/install/car_db_manager_msgs/lib/python2.7/dist-packages/car_db_manager_msgs/msg/_WorkSheetItems.pyc
-- Installing: /home/handsome/ros_ws_test/install/car_db_manager_msgs/lib/python2.7/dist-packages/car_db_manager_msgs/msg/_car_db_processActionGoal.pyc
-- Installing: /home/handsome/ros_ws_test/install/car_db_manager_msgs/lib/python2.7/dist-packages/car_db_manager_msgs/msg/_CarOperateHistory.py
-- Installing: /home/handsome/ros_ws_test/install/car_db_manager_msgs/lib/python2.7/dist-packages/car_db_manager_msgs/msg/_car_db_process_recoveryAction.pyc
-- Installing: /home/handsome/ros_ws_test/install/car_db_manager_msgs/lib/python2.7/dist-packages/car_db_manager_msgs/msg/_ActionFunctionParameters.py
-- Installing: /home/handsome/ros_ws_test/install/car_db_manager_msgs/lib/python2.7/dist-packages/car_db_manager_msgs/msg/_PidCtrlParameters.pyc
-- Installing: /home/handsome/ros_ws_test/install/car_db_manager_msgs/lib/python2.7/dist-packages/car_db_manager_msgs/msg/_car_db_processGoal.pyc
-- Installing: /home/handsome/ros_ws_test/install/car_db_manager_msgs/lib/python2.7/dist-packages/car_db_manager_msgs/msg/_car_db_processResult.py
-- Installing: /home/handsome/ros_ws_test/install/car_db_manager_msgs/lib/python2.7/dist-packages/car_db_manager_msgs/msg/_CarAlarmHistory.py
-- Installing: /home/handsome/ros_ws_test/install/car_db_manager_msgs/lib/python2.7/dist-packages/car_db_manager_msgs/msg/_car_db_process_recoveryActionFeedback.py
-- Installing: /home/handsome/ros_ws_test/install/car_db_manager_msgs/lib/python2.7/dist-packages/car_db_manager_msgs/msg/_car_db_processFeedback.py
-- Installing: /home/handsome/ros_ws_test/install/car_db_manager_msgs/lib/python2.7/dist-packages/car_db_manager_msgs/msg/__init__.pyc
-- Installing: /home/handsome/ros_ws_test/install/car_db_manager_msgs/lib/python2.7/dist-packages/car_db_manager_msgs/msg/_car_db_process_recoveryGoal.py
-- Installing: /home/handsome/ros_ws_test/install/car_db_manager_msgs/lib/python2.7/dist-packages/car_db_manager_msgs/msg/_car_db_processFeedback.pyc
-- Installing: /home/handsome/ros_ws_test/install/car_db_manager_msgs/lib/python2.7/dist-packages/car_db_manager_msgs/msg/_car_db_processAction.pyc
-- Installing: /home/handsome/ros_ws_test/install/car_db_manager_msgs/lib/python2.7/dist-packages/car_db_manager_msgs/msg/_car_db_process_recoveryAction.py
-- Installing: /home/handsome/ros_ws_test/install/car_db_manager_msgs/lib/python2.7/dist-packages/car_db_manager_msgs/msg/_car_db_processActionFeedback.pyc
-- Installing: /home/handsome/ros_ws_test/install/car_db_manager_msgs/lib/python2.7/dist-packages/car_db_manager_msgs/msg/_car_db_process_recoveryActionFeedback.pyc
-- Installing: /home/handsome/ros_ws_test/install/car_db_manager_msgs/lib/python2.7/dist-packages/car_db_manager_msgs/msg/_OperatecodeParameters.py
-- Installing: /home/handsome/ros_ws_test/install/car_db_manager_msgs/lib/python2.7/dist-packages/car_db_manager_msgs/msg/_CarAlarmHistory.pyc
-- Installing: /home/handsome/ros_ws_test/install/car_db_manager_msgs/lib/python2.7/dist-packages/car_db_manager_msgs/msg/_WorkSheetMain.pyc
-- Installing: /home/handsome/ros_ws_test/install/car_db_manager_msgs/lib/python2.7/dist-packages/car_db_manager_msgs/msg/_car_db_processAction.py
-- Installing: /home/handsome/ros_ws_test/install/car_db_manager_msgs/lib/python2.7/dist-packages/car_db_manager_msgs/msg/_car_db_process_recoveryResult.pyc
-- Installing: /home/handsome/ros_ws_test/install/car_db_manager_msgs/lib/python2.7/dist-packages/car_db_manager_msgs/msg/_OperatecodeParameters.pyc
-- Installing: /home/handsome/ros_ws_test/install/car_db_manager_msgs/lib/python2.7/dist-packages/car_db_manager_msgs/__init__.py
-- Installing: /home/handsome/ros_ws_test/install/car_db_manager_msgs/lib/python2.7/dist-packages/car_db_manager_msgs/srv
-- Installing: /home/handsome/ros_ws_test/install/car_db_manager_msgs/lib/python2.7/dist-packages/car_db_manager_msgs/srv/_AlarmcodeParametersCmd.pyc
-- Installing: /home/handsome/ros_ws_test/install/car_db_manager_msgs/lib/python2.7/dist-packages/car_db_manager_msgs/srv/_OperatecodeParametersCmd.pyc
-- Installing: /home/handsome/ros_ws_test/install/car_db_manager_msgs/lib/python2.7/dist-packages/car_db_manager_msgs/srv/_TargerPos2dParametersCmd.pyc
-- Installing: /home/handsome/ros_ws_test/install/car_db_manager_msgs/lib/python2.7/dist-packages/car_db_manager_msgs/srv/_TargerPos2dParametersCmd.py
-- Installing: /home/handsome/ros_ws_test/install/car_db_manager_msgs/lib/python2.7/dist-packages/car_db_manager_msgs/srv/_CarOperateHistoryCmd.py
-- Installing: /home/handsome/ros_ws_test/install/car_db_manager_msgs/lib/python2.7/dist-packages/car_db_manager_msgs/srv/_CheckParametersCmd.pyc
-- Installing: /home/handsome/ros_ws_test/install/car_db_manager_msgs/lib/python2.7/dist-packages/car_db_manager_msgs/srv/_WorkSheetMainCmd.pyc
-- Installing: /home/handsome/ros_ws_test/install/car_db_manager_msgs/lib/python2.7/dist-packages/car_db_manager_msgs/srv/__init__.py
-- Installing: /home/handsome/ros_ws_test/install/car_db_manager_msgs/lib/python2.7/dist-packages/car_db_manager_msgs/srv/_ActionFunctionParametersCmd.py
-- Installing: /home/handsome/ros_ws_test/install/car_db_manager_msgs/lib/python2.7/dist-packages/car_db_manager_msgs/srv/_WorkSheetItemsCmd.py
-- Installing: /home/handsome/ros_ws_test/install/car_db_manager_msgs/lib/python2.7/dist-packages/car_db_manager_msgs/srv/_OperatecodeParametersCmd.py
-- Installing: /home/handsome/ros_ws_test/install/car_db_manager_msgs/lib/python2.7/dist-packages/car_db_manager_msgs/srv/_CheckParametersCmd.py
-- Installing: /home/handsome/ros_ws_test/install/car_db_manager_msgs/lib/python2.7/dist-packages/car_db_manager_msgs/srv/_CarAlarmHistoryCmd.pyc
-- Installing: /home/handsome/ros_ws_test/install/car_db_manager_msgs/lib/python2.7/dist-packages/car_db_manager_msgs/srv/_WorkSheetItemsCmd.pyc
-- Installing: /home/handsome/ros_ws_test/install/car_db_manager_msgs/lib/python2.7/dist-packages/car_db_manager_msgs/srv/_ActionFunctionParametersCmd.pyc
-- Installing: /home/handsome/ros_ws_test/install/car_db_manager_msgs/lib/python2.7/dist-packages/car_db_manager_msgs/srv/_CarAlarmHistoryCmd.py
-- Installing: /home/handsome/ros_ws_test/install/car_db_manager_msgs/lib/python2.7/dist-packages/car_db_manager_msgs/srv/__init__.pyc
-- Installing: /home/handsome/ros_ws_test/install/car_db_manager_msgs/lib/python2.7/dist-packages/car_db_manager_msgs/srv/_PidCtrlParametersCmd.pyc
-- Installing: /home/handsome/ros_ws_test/install/car_db_manager_msgs/lib/python2.7/dist-packages/car_db_manager_msgs/srv/_CarOperateHistoryCmd.pyc
-- Installing: /home/handsome/ros_ws_test/install/car_db_manager_msgs/lib/python2.7/dist-packages/car_db_manager_msgs/srv/_WorkSheetMainCmd.py
-- Installing: /home/handsome/ros_ws_test/install/car_db_manager_msgs/lib/python2.7/dist-packages/car_db_manager_msgs/srv/_PidCtrlParametersCmd.py
-- Installing: /home/handsome/ros_ws_test/install/car_db_manager_msgs/lib/python2.7/dist-packages/car_db_manager_msgs/srv/_AlarmcodeParametersCmd.py
-- Installing: /home/handsome/ros_ws_test/install/car_db_manager_msgs/lib/python2.7/dist-packages/car_db_manager_msgs/__init__.pyc
-- Installing: /home/handsome/ros_ws_test/install/car_db_manager_msgs/lib/pkgconfig/car_db_manager_msgs.pc
-- Installing: /home/handsome/ros_ws_test/install/car_db_manager_msgs/share/car_db_manager_msgs/cmake/car_db_manager_msgs-msg-extras.cmake
-- Installing: /home/handsome/ros_ws_test/install/car_db_manager_msgs/share/car_db_manager_msgs/cmake/car_db_manager_msgsConfig.cmake
-- Installing: /home/handsome/ros_ws_test/install/car_db_manager_msgs/share/car_db_manager_msgs/cmake/car_db_manager_msgsConfig-version.cmake
-- Installing: /home/handsome/ros_ws_test/install/car_db_manager_msgs/share/car_db_manager_msgs/package.xml
