Determining if the pthread_create exist failed with the following output:
Change Dir: /home/handsome/ros_ws_test/build/ros_utility_tools/CMakeFiles/CMakeTmp

Run Build Command:"/usr/bin/make" "cmTC_556cb/fast"
/usr/bin/make -f CMakeFiles/cmTC_556cb.dir/build.make CMakeFiles/cmTC_556cb.dir/build
make[1]: Entering directory '/home/handsome/ros_ws_test/build/ros_utility_tools/CMakeFiles/CMakeTmp'
Building C object CMakeFiles/cmTC_556cb.dir/CheckSymbolExists.c.o
/usr/bin/cc    -o CMakeFiles/cmTC_556cb.dir/CheckSymbolExists.c.o   -c /home/handsome/ros_ws_test/build/ros_utility_tools/CMakeFiles/CMakeTmp/CheckSymbolExists.c
Linking C executable cmTC_556cb
/usr/bin/cmake -E cmake_link_script CMakeFiles/cmTC_556cb.dir/link.txt --verbose=1
/usr/bin/cc      -rdynamic CMakeFiles/cmTC_556cb.dir/CheckSymbolExists.c.o  -o cmTC_556cb 
CMakeFiles/cmTC_556cb.dir/CheckSymbolExists.c.o: In function `main':
CheckSymbolExists.c:(.text+0x1b): undefined reference to `pthread_create'
collect2: error: ld returned 1 exit status
CMakeFiles/cmTC_556cb.dir/build.make:97: recipe for target 'cmTC_556cb' failed
make[1]: *** [cmTC_556cb] Error 1
make[1]: Leaving directory '/home/handsome/ros_ws_test/build/ros_utility_tools/CMakeFiles/CMakeTmp'
Makefile:126: recipe for target 'cmTC_556cb/fast' failed
make: *** [cmTC_556cb/fast] Error 2

File /home/handsome/ros_ws_test/build/ros_utility_tools/CMakeFiles/CMakeTmp/CheckSymbolExists.c:
/* */
#include <pthread.h>

int main(int argc, char** argv)
{
  (void)argv;
#ifndef pthread_create
  return ((int*)(&pthread_create))[argc];
#else
  (void)argc;
  return 0;
#endif
}

Determining if the function pthread_create exists in the pthreads failed with the following output:
Change Dir: /home/handsome/ros_ws_test/build/ros_utility_tools/CMakeFiles/CMakeTmp

Run Build Command:"/usr/bin/make" "cmTC_d83b1/fast"
/usr/bin/make -f CMakeFiles/cmTC_d83b1.dir/build.make CMakeFiles/cmTC_d83b1.dir/build
make[1]: Entering directory '/home/handsome/ros_ws_test/build/ros_utility_tools/CMakeFiles/CMakeTmp'
Building C object CMakeFiles/cmTC_d83b1.dir/CheckFunctionExists.c.o
/usr/bin/cc   -DCHECK_FUNCTION_EXISTS=pthread_create   -o CMakeFiles/cmTC_d83b1.dir/CheckFunctionExists.c.o   -c /usr/share/cmake-3.10/Modules/CheckFunctionExists.c
Linking C executable cmTC_d83b1
/usr/bin/cmake -E cmake_link_script CMakeFiles/cmTC_d83b1.dir/link.txt --verbose=1
/usr/bin/cc  -DCHECK_FUNCTION_EXISTS=pthread_create    -rdynamic CMakeFiles/cmTC_d83b1.dir/CheckFunctionExists.c.o  -o cmTC_d83b1 -lpthreads 
/usr/bin/ld: cannot find -lpthreads
collect2: error: ld returned 1 exit status
CMakeFiles/cmTC_d83b1.dir/build.make:97: recipe for target 'cmTC_d83b1' failed
make[1]: *** [cmTC_d83b1] Error 1
make[1]: Leaving directory '/home/handsome/ros_ws_test/build/ros_utility_tools/CMakeFiles/CMakeTmp'
Makefile:126: recipe for target 'cmTC_d83b1/fast' failed
make: *** [cmTC_d83b1/fast] Error 2


