[ 66%] Built target mongodb_log_pcl
[ 66%] Built target mongodb_log_cimg
[100%] Built target mongodb_log_tf
[35m[1mScanning dependencies of target tests[0m
Built target tests
[ 33%] Built target mongodb_log_pcl
[ 66%] Built target mongodb_log_cimg
[100%] Built target mongodb_log_tf
[36mInstall the project...[0m
-- Install configuration: ""
-- Installing: /home/handsome/ros_ws_test/install/mongodb_log/lib/pkgconfig/mongodb_log.pc
-- Installing: /home/handsome/ros_ws_test/install/mongodb_log/share/mongodb_log/cmake/mongodb_logConfig.cmake
-- Installing: /home/handsome/ros_ws_test/install/mongodb_log/share/mongodb_log/cmake/mongodb_logConfig-version.cmake
-- Installing: /home/handsome/ros_ws_test/install/mongodb_log/share/mongodb_log/package.xml
-- Installing: /home/handsome/ros_ws_test/install/mongodb_log/lib/mongodb_log/mongodb_log.py
-- Installing: /home/handsome/ros_ws_test/install/mongodb_log/lib/mongodb_log/mongodb_log_tf
-- Set runtime path of "/home/handsome/ros_ws_test/install/mongodb_log/lib/mongodb_log/mongodb_log_tf" to ""
-- Installing: /home/handsome/ros_ws_test/install/mongodb_log/lib/mongodb_log/mongodb_log_cimg
-- Set runtime path of "/home/handsome/ros_ws_test/install/mongodb_log/lib/mongodb_log/mongodb_log_cimg" to ""
-- Installing: /home/handsome/ros_ws_test/install/mongodb_log/lib/mongodb_log/mongodb_log_pcl
-- Set runtime path of "/home/handsome/ros_ws_test/install/mongodb_log/lib/mongodb_log/mongodb_log_pcl" to ""
