[0.093s] Invoking command in '/home/handsome/ros_ws_test/build/razor_imu_9dof': /usr/bin/cmake /home/handsome/ros_ws_test/src/ros_base/razor_imu_9dof -DCATKIN_INSTALL_INTO_PREFIX_ROOT=0 -DCMAKE_INSTALL_PREFIX=/home/handsome/ros_ws_test/install/razor_imu_9dof
[0.288s] -- The C compiler identification is GNU 7.5.0
[0.467s] -- The CXX compiler identification is GNU 7.5.0
[0.482s] -- Check for working C compiler: /usr/bin/cc
[0.716s] -- Check for working C compiler: /usr/bin/cc -- works
[0.721s] -- Detecting C compiler ABI info
[0.948s] -- Detecting C compiler ABI info - done
[0.957s] -- Detecting C compile features
[1.620s] -- Detecting C compile features - done
[1.626s] -- Check for working CXX compiler: /usr/bin/c++
[1.880s] -- Check for working CXX compiler: /usr/bin/c++ -- works
[1.881s] -- Detecting CXX compiler ABI info
[2.160s] -- Detecting CXX compiler ABI info - done
[2.178s] -- Detecting CXX compile features
[3.337s] -- Detecting CXX compile features - done
[3.366s] -- Using CATKIN_DEVEL_PREFIX: /home/handsome/ros_ws_test/build/razor_imu_9dof/devel
[3.366s] -- Using CMAKE_PREFIX_PATH: /home/handsome/ros_ws/install/yocs_cmd_vel_mux;/home/handsome/ros_ws/install/urdf_tutorial;/home/handsome/ros_ws/install/tuw_waypoint_to_spline_msgs;/home/handsome/ros_ws/install/tuw_multi_robot_router;/home/handsome/ros_ws/install/tuw_voronoi_graph;/home/handsome/ros_ws/install/tuw_vehicle_msgs;/home/handsome/ros_ws/install/tuw_order_planner;/home/handsome/ros_ws/install/tuw_object_rviz;/home/handsome/ros_ws/install/tuw_object_msgs;/home/handsome/ros_ws/install/tuw_nav_rviz;/home/handsome/ros_ws/install/tuw_multi_robot_local_behavior_controller;/home/handsome/ros_ws/install/tuw_multi_robot_ctrl;/home/handsome/ros_ws/install/tuw_nav_msgs;/home/handsome/ros_ws/install/tuw_multi_robot_rviz;/home/handsome/ros_ws/install/tuw_multi_robot_goal_generator;/home/handsome/ros_ws/install/robot_scheduling_utility;/home/handsome/ros_ws/install/robot_scheduling_actions;/home/handsome/ros_ws/install/actionlib_modules_bridge;/home/handsome/ros_ws/install/tuw_multi_robot_msgs;/home/handsome/ros_ws/install/tuw_multi_robot_demo;/home/handsome/ros_ws/install/tuw_local_controller_msgs;/home/handsome/ros_ws/install/tuw_geometry_rviz;/home/handsome/ros_ws/install/tuw_geometry_msgs;/home/handsome/ros_ws/install/tuw_geometry;/home/handsome/ros_ws/install/tuw_gazebo_msgs;/home/handsome/ros_ws/install/tuw_control;/home/handsome/ros_ws/install/tuw_airskin_msgs;/home/handsome/ros_ws/install/turtlebot_teleop;/home/handsome/ros_ws/install/tug_example_pnp_server;/home/handsome/ros_ws/install/tug_example_actions;/home/handsome/ros_ws/install/tug_example_msgs;/home/handsome/ros_ws/install/timed_roslaunch;/home/handsome/ros_ws/install/teb2_local_planner;/home/handsome/ros_ws/install/stated_roslaunch;/home/handsome/ros_ws/install/spatio_temporal_voxel_layer;/home/handsome/ros_ws/install/robot_udp_bridge;/home/handsome/ros_ws/install/robot_database_bridge;/home/handsome/ros_ws/install/samsungcmd_msgs;/home/handsome/ros_ws/install/rplidar_ros;/home/handsome/ros_ws/install/rp_action;/home/handsome/ros_ws/install/rp_action_msgs;/home/handsome/ros_ws/install/rosserial_xbee;/home/handsome/ros_ws/install/rosserial_windows;/home/handsome/ros_ws/install/rosserial_tivac;/home/handsome/ros_ws/install/rosserial_test;/home/handsome/ros_ws/install/rosserial_server;/home/handsome/ros_ws/install/rosserial_python;/home/handsome/ros_ws/install/rosserial_mbed;/home/handsome/ros_ws/install/rosserial_embeddedlinux;/home/handsome/ros_ws/install/rosserial_arduino;/home/handsome/ros_ws/install/rosserial_client;/home/handsome/ros_ws/install/rosserial_msgs;/home/handsome/ros_ws/install/cellctrl_qtgui_bridge;/home/handsome/ros_ws/install/car_db_manager_qtgui;/home/handsome/ros_ws/install/car_db_manager_bridge;/home/handsome/ros_ws/install/car_db_manager_action;/home/handsome/ros_ws/install/ros_utility_tools;/home/handsome/ros_ws/install/ros_package_test;/home/handsome/ros_ws/install/ros_package_manager;/home/handsome/ros_ws/install/robot_scheduling_server;/home/handsome/ros_ws/install/robot_scheduling_msgs;/home/handsome/ros_ws/install/robot_localization;/home/handsome/ros_ws/install/robot_control_msgs;/home/handsome/ros_ws/install/reset_location;/home/handsome/ros_ws/install/razor_imu_9dof;/home/handsome/ros_ws/install/pnp_rosplan;/home/handsome/ros_ws/install/actionlib_pnp_controller;/home/handsome/ros_ws/install/actionlib_modules_controller;/home/handsome/ros_ws/install/pnp_ros;/home/handsome/ros_ws/install/pnp_msgs;/home/handsome/ros_ws/install/open_auto_dock;/home/handsome/ros_ws/install/open_auto_dock_msgs;/home/handsome/ros_ws/install/omron_os32c_driver;/home/handsome/ros_ws/install/dlux_plugins;/home/handsome/ros_ws/install/dlux_global_planner;/home/handsome/ros_ws/install/nav_grid_pub_sub;/home/handsome/ros_ws/install/dwb_critics;/home/handsome/ros_ws/install/nav_grid_iterators;/home/handsome/ros_ws/install/locomove_base;/home/handsome/ros_ws/install/locomotor;/home/handsome/ros_ws/install/nav_core_adapter;/home/handsome/ros_ws/install/dwb_plugins;/home/handsome/ros_ws/install/dwb_local_planner;/home/handsome/ros_ws/install/nav_2d_utils;/home/handsome/ros_ws/install/global_planner_tests;/home/handsome/ros_ws/install/costmap_queue;/home/handsome/ros_ws/install/nav_core2;/home/handsome/ros_ws/install/nav_grid;/home/handsome/ros_ws/install/car_schedule_msgs;/home/handsome/ros_ws/install/actionlib_modules_msgs;/home/handsome/ros_ws/install/locomotor_msgs;/home/handsome/ros_ws/install/dwb_msgs;/home/handsome/ros_ws/install/nav_2d_msgs;/home/handsome/ros_ws/install/mongodb_log;/home/handsome/ros_ws/install/mongodb_store;/home/handsome/ros_ws/install/mongodb_store_msgs;/home/handsome/ros_ws/install/ca_driver;/home/handsome/ros_ws/install/libcreate;/home/handsome/ros_ws/install/i_robot_stage;/home/handsome/ros_ws/install/i_robot_navigation;/home/handsome/ros_ws/install/hyc_order_planner;/home/handsome/ros_ws/install/hyc_multi_robot_msgs;/home/handsome/ros_ws/install/fetch_open_auto_dock;/home/handsome/ros_ws/install/fetch_auto_dock_msgs;/home/handsome/ros_ws/install/change_teb2_max_vel_x_onfly;/home/handsome/ros_ws/install/cellctrl_control_msgs;/home/handsome/ros_ws/install/car_db_manager_msgs;/home/handsome/ros_ws/install/ca_msgs;/home/handsome/ros_ws/install/ca_description;/home/handsome/ros_ws/install/botcmd_msgs;/opt/ros/melodic
[3.373s] -- This workspace overlays: /home/handsome/ros_ws/install/yocs_cmd_vel_mux;/home/handsome/ros_ws/install/urdf_tutorial;/home/handsome/ros_ws/install/tuw_waypoint_to_spline_msgs;/home/handsome/ros_ws/install/tuw_multi_robot_router;/home/handsome/ros_ws/install/tuw_voronoi_graph;/home/handsome/ros_ws/install/tuw_vehicle_msgs;/home/handsome/ros_ws/install/tuw_order_planner;/home/handsome/ros_ws/install/tuw_object_rviz;/home/handsome/ros_ws/install/tuw_object_msgs;/home/handsome/ros_ws/install/tuw_nav_rviz;/home/handsome/ros_ws/install/tuw_multi_robot_local_behavior_controller;/home/handsome/ros_ws/install/tuw_multi_robot_ctrl;/home/handsome/ros_ws/install/tuw_nav_msgs;/home/handsome/ros_ws/install/tuw_multi_robot_rviz;/home/handsome/ros_ws/install/tuw_multi_robot_goal_generator;/home/handsome/ros_ws/install/robot_scheduling_utility;/home/handsome/ros_ws/install/robot_scheduling_actions;/home/handsome/ros_ws/install/actionlib_modules_bridge;/home/handsome/ros_ws/install/tuw_multi_robot_msgs;/home/handsome/ros_ws/install/tuw_multi_robot_demo;/home/handsome/ros_ws/install/tuw_local_controller_msgs;/home/handsome/ros_ws/install/tuw_geometry_rviz;/home/handsome/ros_ws/install/tuw_geometry_msgs;/home/handsome/ros_ws/install/tuw_geometry;/home/handsome/ros_ws/install/tuw_gazebo_msgs;/home/handsome/ros_ws/install/tuw_control;/home/handsome/ros_ws/install/tuw_airskin_msgs;/home/handsome/ros_ws/install/turtlebot_teleop;/home/handsome/ros_ws/install/tug_example_pnp_server;/home/handsome/ros_ws/install/tug_example_actions;/home/handsome/ros_ws/install/tug_example_msgs;/home/handsome/ros_ws/install/timed_roslaunch;/home/handsome/ros_ws/install/teb2_local_planner;/home/handsome/ros_ws/install/stated_roslaunch;/home/handsome/ros_ws/install/spatio_temporal_voxel_layer;/home/handsome/ros_ws/install/robot_udp_bridge;/home/handsome/ros_ws/install/robot_database_bridge;/home/handsome/ros_ws/install/samsungcmd_msgs;/home/handsome/ros_ws/install/rplidar_ros;/home/handsome/ros_ws/install/rp_action;/home/handsome/ros_ws/install/rp_action_msgs;/home/handsome/ros_ws/install/rosserial_xbee;/home/handsome/ros_ws/install/rosserial_windows;/home/handsome/ros_ws/install/rosserial_tivac;/home/handsome/ros_ws/install/rosserial_test;/home/handsome/ros_ws/install/rosserial_server;/home/handsome/ros_ws/install/rosserial_python;/home/handsome/ros_ws/install/rosserial_mbed;/home/handsome/ros_ws/install/rosserial_embeddedlinux;/home/handsome/ros_ws/install/rosserial_arduino;/home/handsome/ros_ws/install/rosserial_client;/home/handsome/ros_ws/install/rosserial_msgs;/home/handsome/ros_ws/install/cellctrl_qtgui_bridge;/home/handsome/ros_ws/install/car_db_manager_qtgui;/home/handsome/ros_ws/install/car_db_manager_bridge;/home/handsome/ros_ws/install/car_db_manager_action;/home/handsome/ros_ws/install/ros_utility_tools;/home/handsome/ros_ws/install/ros_package_test;/home/handsome/ros_ws/install/ros_package_manager;/home/handsome/ros_ws/install/robot_scheduling_server;/home/handsome/ros_ws/install/robot_scheduling_msgs;/home/handsome/ros_ws/install/robot_localization;/home/handsome/ros_ws/install/robot_control_msgs;/home/handsome/ros_ws/install/reset_location;/home/handsome/ros_ws/install/razor_imu_9dof;/home/handsome/ros_ws/install/pnp_rosplan;/home/handsome/ros_ws/install/actionlib_pnp_controller;/home/handsome/ros_ws/install/actionlib_modules_controller;/home/handsome/ros_ws/install/pnp_ros;/home/handsome/ros_ws/install/pnp_msgs;/home/handsome/ros_ws/install/open_auto_dock;/home/handsome/ros_ws/install/open_auto_dock_msgs;/home/handsome/ros_ws/install/omron_os32c_driver;/home/handsome/ros_ws/install/dlux_plugins;/home/handsome/ros_ws/install/dlux_global_planner;/home/handsome/ros_ws/install/nav_grid_pub_sub;/home/handsome/ros_ws/install/dwb_critics;/home/handsome/ros_ws/install/nav_grid_iterators;/home/handsome/ros_ws/install/locomove_base;/home/handsome/ros_ws/install/locomotor;/home/handsome/ros_ws/install/nav_core_adapter;/home/handsome/ros_ws/install/dwb_plugins;/home/handsome/ros_ws/install/dwb_local_planner;/home/handsome/ros_ws/install/nav_2d_utils;/home/handsome/ros_ws/install/global_planner_tests;/home/handsome/ros_ws/install/costmap_queue;/home/handsome/ros_ws/install/nav_core2;/home/handsome/ros_ws/install/nav_grid;/home/handsome/ros_ws/install/car_schedule_msgs;/home/handsome/ros_ws/install/actionlib_modules_msgs;/home/handsome/ros_ws/install/locomotor_msgs;/home/handsome/ros_ws/install/dwb_msgs;/home/handsome/ros_ws/install/nav_2d_msgs;/home/handsome/ros_ws/install/mongodb_log;/home/handsome/ros_ws/install/mongodb_store;/home/handsome/ros_ws/install/mongodb_store_msgs;/home/handsome/ros_ws/install/ca_driver;/home/handsome/ros_ws/install/i_robot_stage;/home/handsome/ros_ws/install/i_robot_navigation;/home/handsome/ros_ws/install/hyc_order_planner;/home/handsome/ros_ws/install/hyc_multi_robot_msgs;/home/handsome/ros_ws/install/fetch_open_auto_dock;/home/handsome/ros_ws/install/fetch_auto_dock_msgs;/home/handsome/ros_ws/install/change_teb2_max_vel_x_onfly;/home/handsome/ros_ws/install/cellctrl_control_msgs;/home/handsome/ros_ws/install/car_db_manager_msgs;/home/handsome/ros_ws/install/ca_msgs;/home/handsome/ros_ws/install/ca_description;/home/handsome/ros_ws/install/botcmd_msgs;/opt/ros/melodic
[3.431s] -- Found PythonInterp: /usr/bin/python2 (found suitable version "2.7.17", minimum required is "2") 
[3.434s] -- Using PYTHON_EXECUTABLE: /usr/bin/python2
[3.434s] -- Using Debian Python package layout
[3.435s] -- Using empy: /usr/bin/empy
[3.822s] -- Using CATKIN_ENABLE_TESTING: ON
[3.823s] -- Call enable_testing()
[3.829s] -- Using CATKIN_TEST_RESULTS_DIR: /home/handsome/ros_ws_test/build/razor_imu_9dof/test_results
[3.902s] -- Found gtest sources under '/usr/src/googletest': gtests will be built
[3.902s] -- Found gmock sources under '/usr/src/googletest': gmock will be built
[3.951s] -- Found PythonInterp: /usr/bin/python2 (found version "2.7.17") 
[3.953s] -- Looking for pthread.h
[4.217s] -- Looking for pthread.h - found
[4.218s] -- Looking for pthread_create
[4.525s] -- Looking for pthread_create - not found
[4.526s] -- Looking for pthread_create in pthreads
[4.931s] -- Looking for pthread_create in pthreads - not found
[4.931s] -- Looking for pthread_create in pthread
[5.588s] -- Looking for pthread_create in pthread - found
[5.589s] -- Found Threads: TRUE  
[5.615s] -- Using Python nosetests: /usr/bin/nosetests-2.7
[5.768s] -- catkin 0.7.28
[5.768s] -- BUILD_SHARED_LIBS is on
[8.224s] -- Boost version: 1.65.1
[9.036s] -- Configuring done
[9.111s] -- Generating done
[9.118s] -- Build files have been written to: /home/handsome/ros_ws_test/build/razor_imu_9dof
[9.139s] Invoked command in '/home/handsome/ros_ws_test/build/razor_imu_9dof' returned '0': /usr/bin/cmake /home/handsome/ros_ws_test/src/ros_base/razor_imu_9dof -DCATKIN_INSTALL_INTO_PREFIX_ROOT=0 -DCMAKE_INSTALL_PREFIX=/home/handsome/ros_ws_test/install/razor_imu_9dof
[9.143s] Invoking command in '/home/handsome/ros_ws_test/build/razor_imu_9dof': /usr/bin/cmake --build /home/handsome/ros_ws_test/build/razor_imu_9dof -- -j12 -l12
[9.320s] [35m[1mScanning dependencies of target razor_imu_9dof_gencfg[0m
[9.398s] [ 33%] [34m[1mGenerating dynamic reconfigure files from cfg/imu.cfg: /home/handsome/ros_ws_test/build/razor_imu_9dof/devel/include/razor_imu_9dof/imuConfig.h /home/handsome/ros_ws_test/build/razor_imu_9dof/devel/lib/python2.7/dist-packages/razor_imu_9dof/cfg/imuConfig.py[0m
[9.574s] Generating reconfiguration files for imu in razor_imu_9dof
[9.579s] Wrote header file in /home/handsome/ros_ws_test/build/razor_imu_9dof/devel/include/razor_imu_9dof/imuConfig.h
[9.643s] [ 33%] Built target razor_imu_9dof_gencfg
[9.669s] [35m[1mScanning dependencies of target razor_imu_9dof_node[0m
[9.739s] [ 66%] [32mBuilding CXX object CMakeFiles/razor_imu_9dof_node.dir/src/razor_imu_9dof_node.cpp.o[0m
[34.552s] [100%] [32m[1mLinking CXX executable devel/lib/razor_imu_9dof/razor_imu_9dof_node[0m
[35.634s] [100%] Built target razor_imu_9dof_node
[35.668s] Invoked command in '/home/handsome/ros_ws_test/build/razor_imu_9dof' returned '0': /usr/bin/cmake --build /home/handsome/ros_ws_test/build/razor_imu_9dof -- -j12 -l12
[36.217s] Invoking command in '/home/handsome/ros_ws_test/build/razor_imu_9dof': /usr/bin/cmake --build /home/handsome/ros_ws_test/build/razor_imu_9dof --target tests -- -j12 -l12
[36.458s] [35m[1mScanning dependencies of target tests[0m
[36.509s] Built target tests
[36.570s] Invoked command in '/home/handsome/ros_ws_test/build/razor_imu_9dof' returned '0': /usr/bin/cmake --build /home/handsome/ros_ws_test/build/razor_imu_9dof --target tests -- -j12 -l12
[37.063s] Invoking command in '/home/handsome/ros_ws_test/build/razor_imu_9dof': /usr/bin/cmake --build /home/handsome/ros_ws_test/build/razor_imu_9dof --target install -- -j12 -l12
[37.324s] [ 33%] Built target razor_imu_9dof_gencfg
[37.421s] [100%] Built target razor_imu_9dof_node
[37.535s] [36mInstall the project...[0m
[37.579s] -- Install configuration: ""
[37.579s] -- Installing: /home/handsome/ros_ws_test/install/razor_imu_9dof/include/razor_imu_9dof/imuConfig.h
[37.580s] -- Installing: /home/handsome/ros_ws_test/install/razor_imu_9dof/lib/python2.7/dist-packages/razor_imu_9dof/__init__.py
[37.651s] Listing /home/handsome/ros_ws_test/build/razor_imu_9dof/devel/lib/python2.7/dist-packages/razor_imu_9dof/cfg ...
[37.651s] Compiling /home/handsome/ros_ws_test/build/razor_imu_9dof/devel/lib/python2.7/dist-packages/razor_imu_9dof/cfg/__init__.py ...
[37.651s] Compiling /home/handsome/ros_ws_test/build/razor_imu_9dof/devel/lib/python2.7/dist-packages/razor_imu_9dof/cfg/imuConfig.py ...
[37.654s] -- Installing: /home/handsome/ros_ws_test/install/razor_imu_9dof/lib/python2.7/dist-packages/razor_imu_9dof/cfg
[37.655s] -- Installing: /home/handsome/ros_ws_test/install/razor_imu_9dof/lib/python2.7/dist-packages/razor_imu_9dof/cfg/imuConfig.pyc
[37.655s] -- Installing: /home/handsome/ros_ws_test/install/razor_imu_9dof/lib/python2.7/dist-packages/razor_imu_9dof/cfg/__init__.py
[37.655s] -- Installing: /home/handsome/ros_ws_test/install/razor_imu_9dof/lib/python2.7/dist-packages/razor_imu_9dof/cfg/imuConfig.py
[37.655s] -- Installing: /home/handsome/ros_ws_test/install/razor_imu_9dof/lib/python2.7/dist-packages/razor_imu_9dof/cfg/__init__.pyc
[37.655s] -- Installing: /home/handsome/ros_ws_test/install/razor_imu_9dof/lib/pkgconfig/razor_imu_9dof.pc
[37.656s] -- Installing: /home/handsome/ros_ws_test/install/razor_imu_9dof/share/razor_imu_9dof/cmake/razor_imu_9dofConfig.cmake
[37.656s] -- Installing: /home/handsome/ros_ws_test/install/razor_imu_9dof/share/razor_imu_9dof/cmake/razor_imu_9dofConfig-version.cmake
[37.656s] -- Installing: /home/handsome/ros_ws_test/install/razor_imu_9dof/share/razor_imu_9dof/package.xml
[37.656s] -- Installing: /home/handsome/ros_ws_test/install/razor_imu_9dof/lib/razor_imu_9dof/razor_imu_9dof_node
[37.671s] -- Set runtime path of "/home/handsome/ros_ws_test/install/razor_imu_9dof/lib/razor_imu_9dof/razor_imu_9dof_node" to ""
[37.672s] -- Installing: /home/handsome/ros_ws_test/install/razor_imu_9dof/share/razor_imu_9dof/launch
[37.672s] -- Installing: /home/handsome/ros_ws_test/install/razor_imu_9dof/share/razor_imu_9dof/launch/razor-pub-diags.launch
[37.672s] -- Installing: /home/handsome/ros_ws_test/install/razor_imu_9dof/share/razor_imu_9dof/launch/razor-cpp-pub.launch
[37.672s] -- Installing: /home/handsome/ros_ws_test/install/razor_imu_9dof/share/razor_imu_9dof/launch/razor-cpp-pub-and-display.launch
[37.673s] -- Installing: /home/handsome/ros_ws_test/install/razor_imu_9dof/share/razor_imu_9dof/launch/razor-pub.launch
[37.673s] -- Installing: /home/handsome/ros_ws_test/install/razor_imu_9dof/share/razor_imu_9dof/launch/razor-pub-and-display.launch
[37.673s] -- Installing: /home/handsome/ros_ws_test/install/razor_imu_9dof/share/razor_imu_9dof/launch/razor-display.launch
[37.673s] -- Installing: /home/handsome/ros_ws_test/install/razor_imu_9dof/share/razor_imu_9dof/launch/razor-cpp-pub-diags.launch
[37.674s] -- Installing: /home/handsome/ros_ws_test/install/razor_imu_9dof/share/razor_imu_9dof/config
[37.674s] -- Installing: /home/handsome/ros_ws_test/install/razor_imu_9dof/share/razor_imu_9dof/config/my_razor_default.yaml
[37.674s] -- Installing: /home/handsome/ros_ws_test/install/razor_imu_9dof/share/razor_imu_9dof/config/razor_diags.yaml
[37.675s] -- Installing: /home/handsome/ros_ws_test/install/razor_imu_9dof/share/razor_imu_9dof/config/imu.py
[37.675s] -- Installing: /home/handsome/ros_ws_test/install/razor_imu_9dof/share/razor_imu_9dof/config/my_razor.yaml
[37.675s] -- Installing: /home/handsome/ros_ws_test/install/razor_imu_9dof/share/razor_imu_9dof/config/razor.yaml
[37.675s] -- Installing: /home/handsome/ros_ws_test/install/razor_imu_9dof/share/razor_imu_9dof/cfg
[37.675s] -- Installing: /home/handsome/ros_ws_test/install/razor_imu_9dof/share/razor_imu_9dof/cfg/imu.cfg
[37.676s] -- Installing: /home/handsome/ros_ws_test/install/razor_imu_9dof/share/razor_imu_9dof/src
[37.676s] -- Installing: /home/handsome/ros_ws_test/install/razor_imu_9dof/share/razor_imu_9dof/src/razor_imu_9dof_node.cpp
[37.676s] -- Installing: /home/handsome/ros_ws_test/install/razor_imu_9dof/share/razor_imu_9dof/src/Razor_AHRS
[37.676s] -- Installing: /home/handsome/ros_ws_test/install/razor_imu_9dof/share/razor_imu_9dof/src/Razor_AHRS/Razor_AHRS.ino
[37.677s] -- Installing: /home/handsome/ros_ws_test/install/razor_imu_9dof/share/razor_imu_9dof/src/Razor_AHRS/Sensors.ino
[37.677s] -- Installing: /home/handsome/ros_ws_test/install/razor_imu_9dof/share/razor_imu_9dof/src/Razor_AHRS/Compass.ino
[37.677s] -- Installing: /home/handsome/ros_ws_test/install/razor_imu_9dof/share/razor_imu_9dof/src/Razor_AHRS/DCM.ino
[37.677s] -- Installing: /home/handsome/ros_ws_test/install/razor_imu_9dof/share/razor_imu_9dof/src/Razor_AHRS/Math.ino
[37.677s] -- Installing: /home/handsome/ros_ws_test/install/razor_imu_9dof/share/razor_imu_9dof/src/Razor_AHRS/Output.ino
[37.678s] -- Installing: /home/handsome/ros_ws_test/install/razor_imu_9dof/share/razor_imu_9dof/src/razor_imu_9dof_node_old.cpp
[37.678s] -- Installing: /home/handsome/ros_ws_test/install/razor_imu_9dof/share/razor_imu_9dof/magnetometer_calibration
[37.678s] -- Installing: /home/handsome/ros_ws_test/install/razor_imu_9dof/share/razor_imu_9dof/magnetometer_calibration/Matlab
[37.679s] -- Installing: /home/handsome/ros_ws_test/install/razor_imu_9dof/share/razor_imu_9dof/magnetometer_calibration/Matlab/magnetometer_calibration
[37.679s] -- Installing: /home/handsome/ros_ws_test/install/razor_imu_9dof/share/razor_imu_9dof/magnetometer_calibration/Matlab/magnetometer_calibration/ellipsoid_fit.m
[37.679s] -- Installing: /home/handsome/ros_ws_test/install/razor_imu_9dof/share/razor_imu_9dof/magnetometer_calibration/Matlab/magnetometer_calibration/magnetometer_calibration.m
[37.680s] -- Installing: /home/handsome/ros_ws_test/install/razor_imu_9dof/share/razor_imu_9dof/magnetometer_calibration/Matlab/magnetometer_calibration/ellipsoid_fit_license.txt
[37.680s] -- Installing: /home/handsome/ros_ws_test/install/razor_imu_9dof/share/razor_imu_9dof/magnetometer_calibration/Processing
[37.680s] -- Installing: /home/handsome/ros_ws_test/install/razor_imu_9dof/share/razor_imu_9dof/magnetometer_calibration/Processing/Magnetometer_calibration
[37.680s] -- Installing: /home/handsome/ros_ws_test/install/razor_imu_9dof/share/razor_imu_9dof/magnetometer_calibration/Processing/Magnetometer_calibration/Magnetometer_calibration.pde
[37.680s] -- Installing: /home/handsome/ros_ws_test/install/razor_imu_9dof/share/razor_imu_9dof/magnetometer_calibration/Processing/Magnetometer_calibration/data
[37.681s] -- Installing: /home/handsome/ros_ws_test/install/razor_imu_9dof/share/razor_imu_9dof/magnetometer_calibration/Processing/Magnetometer_calibration/data/Univers-66.vlw
[37.681s] -- Installing: /home/handsome/ros_ws_test/install/razor_imu_9dof/share/razor_imu_9dof/nodes/imu_node.py
[37.681s] -- Installing: /home/handsome/ros_ws_test/install/razor_imu_9dof/share/razor_imu_9dof/nodes/display_3D_visualization.py
[37.690s] Invoked command in '/home/handsome/ros_ws_test/build/razor_imu_9dof' returned '0': /usr/bin/cmake --build /home/handsome/ros_ws_test/build/razor_imu_9dof --target install -- -j12 -l12
