[  0%] Built target _tug_example_msgs_generate_messages_check_deps_TransportBoxAction
[  0%] Built target _tug_example_msgs_generate_messages_check_deps_TransportBoxActionGoal
[  0%] Built target _tug_example_msgs_generate_messages_check_deps_RecoverTimedOutFeedback
[  0%] Built target _tug_example_msgs_generate_messages_check_deps_RecoverTimedOutActionResult
[  0%] Built target _tug_example_msgs_generate_messages_check_deps_RecoverNotFetchingBoxActionGoal
[  0%] Built target _tug_example_msgs_generate_messages_check_deps_TransportBoxActionResult
[  0%] Built target _tug_example_msgs_generate_messages_check_deps_RecoverTimedOutResult
[  0%] Built target _tug_example_msgs_generate_messages_check_deps_RecoverNotFetchingBoxActionFeedback
[  0%] Built target _tug_example_msgs_generate_messages_check_deps_RecoverTimedOutActionGoal
[  0%] Built target _tug_example_msgs_generate_messages_check_deps_TransportBoxGoal
[  0%] Built target _tug_example_msgs_generate_messages_check_deps_TransportBoxActionFeedback
[  0%] Built target actionlib_msgs_generate_messages_eus
[  0%] Built target _tug_example_msgs_generate_messages_check_deps_PutBoxFeedback
[  0%] Built target _tug_example_msgs_generate_messages_check_deps_FetchBoxActionGoal
[  0%] Built target _tug_example_msgs_generate_messages_check_deps_FetchBoxActionResult
[  0%] Built target _tug_example_msgs_generate_messages_check_deps_FetchBoxResult
[  0%] Built target _tug_example_msgs_generate_messages_check_deps_RecoverNotFetchingBoxGoal
[  0%] Built target _tug_example_msgs_generate_messages_check_deps_FetchBoxAction
[  0%] Built target _tug_example_msgs_generate_messages_check_deps_RecoverTimedOutAction
[  0%] Built target _tug_example_msgs_generate_messages_check_deps_PutBoxActionGoal
[  0%] Built target _tug_example_msgs_generate_messages_check_deps_FetchBoxGoal
[  0%] Built target _tug_example_msgs_generate_messages_check_deps_PutBoxAction
[  0%] Built target _tug_example_msgs_generate_messages_check_deps_FetchBoxFeedback
[  0%] Built target _tug_example_msgs_generate_messages_check_deps_RecoverTimedOutGoal
[  0%] Built target _tug_example_msgs_generate_messages_check_deps_RecoverNotFetchingBoxFeedback
[  0%] Built target _tug_example_msgs_generate_messages_check_deps_PutBoxGoal
[  0%] Built target _tug_example_msgs_generate_messages_check_deps_TransportBoxFeedback
[  0%] Built target actionlib_msgs_generate_messages_py
[  0%] Built target _tug_example_msgs_generate_messages_check_deps_TransportBoxResult
[  0%] Built target _tug_example_msgs_generate_messages_check_deps_PutBoxResult
[  0%] Built target _tug_example_msgs_generate_messages_check_deps_RecoverNotFetchingBoxAction
[  0%] Built target _tug_example_msgs_generate_messages_check_deps_RecoverNotFetchingBoxActionResult
[  0%] Built target _tug_example_msgs_generate_messages_check_deps_RecoverTimedOutActionFeedback
[  0%] Built target actionlib_msgs_generate_messages_lisp
[  0%] Built target actionlib_msgs_generate_messages_nodejs
[  0%] Built target actionlib_msgs_generate_messages_cpp
[  0%] Built target _tug_example_msgs_generate_messages_check_deps_PutBoxActionResult
[  0%] Built target _tug_example_msgs_generate_messages_check_deps_PutBoxActionFeedback
[  0%] Built target _tug_example_msgs_generate_messages_check_deps_RecoverNotFetchingBoxResult
[  0%] Built target _tug_example_msgs_generate_messages_check_deps_FetchBoxActionFeedback
[ 20%] Built target tug_example_msgs_generate_messages_lisp
[ 38%] Built target tug_example_msgs_generate_messages_nodejs
[ 58%] Built target tug_example_msgs_generate_messages_cpp
[ 80%] Built target tug_example_msgs_generate_messages_py
[100%] Built target tug_example_msgs_generate_messages_eus
[100%] Built target tug_example_msgs_generate_messages
Built target tests
[  0%] Built target _tug_example_msgs_generate_messages_check_deps_TransportBoxActionResult
[  0%] Built target _tug_example_msgs_generate_messages_check_deps_RecoverTimedOutActionGoal
[  0%] Built target _tug_example_msgs_generate_messages_check_deps_TransportBoxGoal
[  0%] Built target _tug_example_msgs_generate_messages_check_deps_TransportBoxActionFeedback
[  0%] Built target _tug_example_msgs_generate_messages_check_deps_RecoverNotFetchingBoxActionFeedback
[  0%] Built target _tug_example_msgs_generate_messages_check_deps_RecoverTimedOutActionResult
[  0%] Built target _tug_example_msgs_generate_messages_check_deps_RecoverNotFetchingBoxActionGoal
[  0%] Built target _tug_example_msgs_generate_messages_check_deps_TransportBoxAction
[  0%] Built target _tug_example_msgs_generate_messages_check_deps_TransportBoxActionGoal
[  0%] Built target _tug_example_msgs_generate_messages_check_deps_RecoverTimedOutResult
[  0%] Built target _tug_example_msgs_generate_messages_check_deps_PutBoxFeedback
[  0%] Built target _tug_example_msgs_generate_messages_check_deps_RecoverTimedOutFeedback
[  0%] Built target actionlib_msgs_generate_messages_eus
[  0%] Built target _tug_example_msgs_generate_messages_check_deps_PutBoxActionGoal
[  0%] Built target _tug_example_msgs_generate_messages_check_deps_FetchBoxActionResult
[  0%] Built target _tug_example_msgs_generate_messages_check_deps_FetchBoxActionGoal
[  0%] Built target _tug_example_msgs_generate_messages_check_deps_FetchBoxGoal
[  0%] Built target _tug_example_msgs_generate_messages_check_deps_FetchBoxAction
[  0%] Built target _tug_example_msgs_generate_messages_check_deps_FetchBoxResult
[  0%] Built target _tug_example_msgs_generate_messages_check_deps_RecoverNotFetchingBoxFeedback
[  0%] Built target _tug_example_msgs_generate_messages_check_deps_RecoverNotFetchingBoxGoal
[  0%] Built target _tug_example_msgs_generate_messages_check_deps_PutBoxAction
[  0%] Built target _tug_example_msgs_generate_messages_check_deps_RecoverTimedOutAction
[  0%] Built target _tug_example_msgs_generate_messages_check_deps_PutBoxGoal
[  0%] Built target _tug_example_msgs_generate_messages_check_deps_FetchBoxFeedback
[  0%] Built target actionlib_msgs_generate_messages_lisp
[  0%] Built target _tug_example_msgs_generate_messages_check_deps_RecoverNotFetchingBoxAction
[  0%] Built target _tug_example_msgs_generate_messages_check_deps_PutBoxResult
[  0%] Built target _tug_example_msgs_generate_messages_check_deps_TransportBoxFeedback
[  0%] Built target _tug_example_msgs_generate_messages_check_deps_PutBoxActionResult
[  0%] Built target _tug_example_msgs_generate_messages_check_deps_RecoverTimedOutGoal
[  0%] Built target _tug_example_msgs_generate_messages_check_deps_PutBoxActionFeedback
[  0%] Built target _tug_example_msgs_generate_messages_check_deps_TransportBoxResult
[  0%] Built target actionlib_msgs_generate_messages_cpp
[  0%] Built target actionlib_msgs_generate_messages_py
[  0%] Built target _tug_example_msgs_generate_messages_check_deps_RecoverNotFetchingBoxActionResult
[  0%] Built target actionlib_msgs_generate_messages_nodejs
[  0%] Built target _tug_example_msgs_generate_messages_check_deps_RecoverTimedOutActionFeedback
[  0%] Built target _tug_example_msgs_generate_messages_check_deps_FetchBoxActionFeedback
[  0%] Built target _tug_example_msgs_generate_messages_check_deps_RecoverNotFetchingBoxResult
[ 38%] Built target tug_example_msgs_generate_messages_nodejs
[ 38%] Built target tug_example_msgs_generate_messages_cpp
[ 58%] Built target tug_example_msgs_generate_messages_eus
[ 78%] Built target tug_example_msgs_generate_messages_lisp
[100%] Built target tug_example_msgs_generate_messages_py
[100%] Built target tug_example_msgs_generate_messages
[36mInstall the project...[0m
-- Install configuration: ""
-- Up-to-date: /home/handsome/ros_ws_test/install/tug_example_msgs/share/tug_example_msgs/action/FetchBox.action
-- Up-to-date: /home/handsome/ros_ws_test/install/tug_example_msgs/share/tug_example_msgs/action/TransportBox.action
-- Up-to-date: /home/handsome/ros_ws_test/install/tug_example_msgs/share/tug_example_msgs/action/RecoverNotFetchingBox.action
-- Up-to-date: /home/handsome/ros_ws_test/install/tug_example_msgs/share/tug_example_msgs/action/RecoverTimedOut.action
-- Up-to-date: /home/handsome/ros_ws_test/install/tug_example_msgs/share/tug_example_msgs/action/PutBox.action
-- Up-to-date: /home/handsome/ros_ws_test/install/tug_example_msgs/share/tug_example_msgs/msg/FetchBoxAction.msg
-- Up-to-date: /home/handsome/ros_ws_test/install/tug_example_msgs/share/tug_example_msgs/msg/FetchBoxActionGoal.msg
-- Up-to-date: /home/handsome/ros_ws_test/install/tug_example_msgs/share/tug_example_msgs/msg/FetchBoxActionResult.msg
-- Up-to-date: /home/handsome/ros_ws_test/install/tug_example_msgs/share/tug_example_msgs/msg/FetchBoxActionFeedback.msg
-- Up-to-date: /home/handsome/ros_ws_test/install/tug_example_msgs/share/tug_example_msgs/msg/FetchBoxGoal.msg
-- Up-to-date: /home/handsome/ros_ws_test/install/tug_example_msgs/share/tug_example_msgs/msg/FetchBoxResult.msg
-- Up-to-date: /home/handsome/ros_ws_test/install/tug_example_msgs/share/tug_example_msgs/msg/FetchBoxFeedback.msg
-- Up-to-date: /home/handsome/ros_ws_test/install/tug_example_msgs/share/tug_example_msgs/msg/TransportBoxAction.msg
-- Up-to-date: /home/handsome/ros_ws_test/install/tug_example_msgs/share/tug_example_msgs/msg/TransportBoxActionGoal.msg
-- Up-to-date: /home/handsome/ros_ws_test/install/tug_example_msgs/share/tug_example_msgs/msg/TransportBoxActionResult.msg
-- Up-to-date: /home/handsome/ros_ws_test/install/tug_example_msgs/share/tug_example_msgs/msg/TransportBoxActionFeedback.msg
-- Up-to-date: /home/handsome/ros_ws_test/install/tug_example_msgs/share/tug_example_msgs/msg/TransportBoxGoal.msg
-- Up-to-date: /home/handsome/ros_ws_test/install/tug_example_msgs/share/tug_example_msgs/msg/TransportBoxResult.msg
-- Up-to-date: /home/handsome/ros_ws_test/install/tug_example_msgs/share/tug_example_msgs/msg/TransportBoxFeedback.msg
-- Up-to-date: /home/handsome/ros_ws_test/install/tug_example_msgs/share/tug_example_msgs/msg/RecoverNotFetchingBoxAction.msg
-- Up-to-date: /home/handsome/ros_ws_test/install/tug_example_msgs/share/tug_example_msgs/msg/RecoverNotFetchingBoxActionGoal.msg
-- Up-to-date: /home/handsome/ros_ws_test/install/tug_example_msgs/share/tug_example_msgs/msg/RecoverNotFetchingBoxActionResult.msg
-- Up-to-date: /home/handsome/ros_ws_test/install/tug_example_msgs/share/tug_example_msgs/msg/RecoverNotFetchingBoxActionFeedback.msg
-- Up-to-date: /home/handsome/ros_ws_test/install/tug_example_msgs/share/tug_example_msgs/msg/RecoverNotFetchingBoxGoal.msg
-- Up-to-date: /home/handsome/ros_ws_test/install/tug_example_msgs/share/tug_example_msgs/msg/RecoverNotFetchingBoxResult.msg
-- Up-to-date: /home/handsome/ros_ws_test/install/tug_example_msgs/share/tug_example_msgs/msg/RecoverNotFetchingBoxFeedback.msg
-- Up-to-date: /home/handsome/ros_ws_test/install/tug_example_msgs/share/tug_example_msgs/msg/RecoverTimedOutAction.msg
-- Up-to-date: /home/handsome/ros_ws_test/install/tug_example_msgs/share/tug_example_msgs/msg/RecoverTimedOutActionGoal.msg
-- Up-to-date: /home/handsome/ros_ws_test/install/tug_example_msgs/share/tug_example_msgs/msg/RecoverTimedOutActionResult.msg
-- Up-to-date: /home/handsome/ros_ws_test/install/tug_example_msgs/share/tug_example_msgs/msg/RecoverTimedOutActionFeedback.msg
-- Up-to-date: /home/handsome/ros_ws_test/install/tug_example_msgs/share/tug_example_msgs/msg/RecoverTimedOutGoal.msg
-- Up-to-date: /home/handsome/ros_ws_test/install/tug_example_msgs/share/tug_example_msgs/msg/RecoverTimedOutResult.msg
-- Up-to-date: /home/handsome/ros_ws_test/install/tug_example_msgs/share/tug_example_msgs/msg/RecoverTimedOutFeedback.msg
-- Up-to-date: /home/handsome/ros_ws_test/install/tug_example_msgs/share/tug_example_msgs/msg/PutBoxAction.msg
-- Up-to-date: /home/handsome/ros_ws_test/install/tug_example_msgs/share/tug_example_msgs/msg/PutBoxActionGoal.msg
-- Up-to-date: /home/handsome/ros_ws_test/install/tug_example_msgs/share/tug_example_msgs/msg/PutBoxActionResult.msg
-- Up-to-date: /home/handsome/ros_ws_test/install/tug_example_msgs/share/tug_example_msgs/msg/PutBoxActionFeedback.msg
-- Up-to-date: /home/handsome/ros_ws_test/install/tug_example_msgs/share/tug_example_msgs/msg/PutBoxGoal.msg
-- Up-to-date: /home/handsome/ros_ws_test/install/tug_example_msgs/share/tug_example_msgs/msg/PutBoxResult.msg
-- Up-to-date: /home/handsome/ros_ws_test/install/tug_example_msgs/share/tug_example_msgs/msg/PutBoxFeedback.msg
-- Up-to-date: /home/handsome/ros_ws_test/install/tug_example_msgs/share/tug_example_msgs/cmake/tug_example_msgs-msg-paths.cmake
-- Up-to-date: /home/handsome/ros_ws_test/install/tug_example_msgs/include/tug_example_msgs
-- Up-to-date: /home/handsome/ros_ws_test/install/tug_example_msgs/include/tug_example_msgs/RecoverNotFetchingBoxActionGoal.h
-- Up-to-date: /home/handsome/ros_ws_test/install/tug_example_msgs/include/tug_example_msgs/RecoverNotFetchingBoxAction.h
-- Up-to-date: /home/handsome/ros_ws_test/install/tug_example_msgs/include/tug_example_msgs/RecoverNotFetchingBoxFeedback.h
-- Up-to-date: /home/handsome/ros_ws_test/install/tug_example_msgs/include/tug_example_msgs/FetchBoxResult.h
-- Up-to-date: /home/handsome/ros_ws_test/install/tug_example_msgs/include/tug_example_msgs/FetchBoxActionGoal.h
-- Up-to-date: /home/handsome/ros_ws_test/install/tug_example_msgs/include/tug_example_msgs/RecoverTimedOutGoal.h
-- Up-to-date: /home/handsome/ros_ws_test/install/tug_example_msgs/include/tug_example_msgs/FetchBoxGoal.h
-- Up-to-date: /home/handsome/ros_ws_test/install/tug_example_msgs/include/tug_example_msgs/TransportBoxActionGoal.h
-- Up-to-date: /home/handsome/ros_ws_test/install/tug_example_msgs/include/tug_example_msgs/TransportBoxResult.h
-- Up-to-date: /home/handsome/ros_ws_test/install/tug_example_msgs/include/tug_example_msgs/RecoverNotFetchingBoxResult.h
-- Up-to-date: /home/handsome/ros_ws_test/install/tug_example_msgs/include/tug_example_msgs/RecoverTimedOutFeedback.h
-- Up-to-date: /home/handsome/ros_ws_test/install/tug_example_msgs/include/tug_example_msgs/RecoverTimedOutActionGoal.h
-- Up-to-date: /home/handsome/ros_ws_test/install/tug_example_msgs/include/tug_example_msgs/TransportBoxActionResult.h
-- Up-to-date: /home/handsome/ros_ws_test/install/tug_example_msgs/include/tug_example_msgs/PutBoxActionFeedback.h
-- Up-to-date: /home/handsome/ros_ws_test/install/tug_example_msgs/include/tug_example_msgs/PutBoxAction.h
-- Up-to-date: /home/handsome/ros_ws_test/install/tug_example_msgs/include/tug_example_msgs/PutBoxResult.h
-- Up-to-date: /home/handsome/ros_ws_test/install/tug_example_msgs/include/tug_example_msgs/FetchBoxFeedback.h
-- Up-to-date: /home/handsome/ros_ws_test/install/tug_example_msgs/include/tug_example_msgs/TransportBoxFeedback.h
-- Up-to-date: /home/handsome/ros_ws_test/install/tug_example_msgs/include/tug_example_msgs/FetchBoxActionFeedback.h
-- Up-to-date: /home/handsome/ros_ws_test/install/tug_example_msgs/include/tug_example_msgs/PutBoxActionResult.h
-- Up-to-date: /home/handsome/ros_ws_test/install/tug_example_msgs/include/tug_example_msgs/RecoverNotFetchingBoxGoal.h
-- Up-to-date: /home/handsome/ros_ws_test/install/tug_example_msgs/include/tug_example_msgs/RecoverNotFetchingBoxActionFeedback.h
-- Up-to-date: /home/handsome/ros_ws_test/install/tug_example_msgs/include/tug_example_msgs/PutBoxActionGoal.h
-- Up-to-date: /home/handsome/ros_ws_test/install/tug_example_msgs/include/tug_example_msgs/PutBoxFeedback.h
-- Up-to-date: /home/handsome/ros_ws_test/install/tug_example_msgs/include/tug_example_msgs/TransportBoxGoal.h
-- Up-to-date: /home/handsome/ros_ws_test/install/tug_example_msgs/include/tug_example_msgs/PutBoxGoal.h
-- Up-to-date: /home/handsome/ros_ws_test/install/tug_example_msgs/include/tug_example_msgs/RecoverTimedOutResult.h
-- Up-to-date: /home/handsome/ros_ws_test/install/tug_example_msgs/include/tug_example_msgs/TransportBoxActionFeedback.h
-- Up-to-date: /home/handsome/ros_ws_test/install/tug_example_msgs/include/tug_example_msgs/RecoverTimedOutAction.h
-- Up-to-date: /home/handsome/ros_ws_test/install/tug_example_msgs/include/tug_example_msgs/RecoverTimedOutActionResult.h
-- Up-to-date: /home/handsome/ros_ws_test/install/tug_example_msgs/include/tug_example_msgs/FetchBoxActionResult.h
-- Up-to-date: /home/handsome/ros_ws_test/install/tug_example_msgs/include/tug_example_msgs/RecoverNotFetchingBoxActionResult.h
-- Up-to-date: /home/handsome/ros_ws_test/install/tug_example_msgs/include/tug_example_msgs/TransportBoxAction.h
-- Up-to-date: /home/handsome/ros_ws_test/install/tug_example_msgs/include/tug_example_msgs/FetchBoxAction.h
-- Up-to-date: /home/handsome/ros_ws_test/install/tug_example_msgs/include/tug_example_msgs/RecoverTimedOutActionFeedback.h
-- Up-to-date: /home/handsome/ros_ws_test/install/tug_example_msgs/share/roseus/ros/tug_example_msgs
-- Up-to-date: /home/handsome/ros_ws_test/install/tug_example_msgs/share/roseus/ros/tug_example_msgs/msg
-- Up-to-date: /home/handsome/ros_ws_test/install/tug_example_msgs/share/roseus/ros/tug_example_msgs/msg/TransportBoxFeedback.l
-- Up-to-date: /home/handsome/ros_ws_test/install/tug_example_msgs/share/roseus/ros/tug_example_msgs/msg/FetchBoxActionResult.l
-- Up-to-date: /home/handsome/ros_ws_test/install/tug_example_msgs/share/roseus/ros/tug_example_msgs/msg/PutBoxFeedback.l
-- Up-to-date: /home/handsome/ros_ws_test/install/tug_example_msgs/share/roseus/ros/tug_example_msgs/msg/PutBoxResult.l
-- Up-to-date: /home/handsome/ros_ws_test/install/tug_example_msgs/share/roseus/ros/tug_example_msgs/msg/RecoverTimedOutGoal.l
-- Up-to-date: /home/handsome/ros_ws_test/install/tug_example_msgs/share/roseus/ros/tug_example_msgs/msg/RecoverTimedOutActionGoal.l
-- Up-to-date: /home/handsome/ros_ws_test/install/tug_example_msgs/share/roseus/ros/tug_example_msgs/msg/RecoverNotFetchingBoxActionGoal.l
-- Up-to-date: /home/handsome/ros_ws_test/install/tug_example_msgs/share/roseus/ros/tug_example_msgs/msg/RecoverNotFetchingBoxAction.l
-- Up-to-date: /home/handsome/ros_ws_test/install/tug_example_msgs/share/roseus/ros/tug_example_msgs/msg/PutBoxAction.l
-- Up-to-date: /home/handsome/ros_ws_test/install/tug_example_msgs/share/roseus/ros/tug_example_msgs/msg/FetchBoxActionGoal.l
-- Up-to-date: /home/handsome/ros_ws_test/install/tug_example_msgs/share/roseus/ros/tug_example_msgs/msg/RecoverNotFetchingBoxFeedback.l
-- Up-to-date: /home/handsome/ros_ws_test/install/tug_example_msgs/share/roseus/ros/tug_example_msgs/msg/RecoverTimedOutActionResult.l
-- Up-to-date: /home/handsome/ros_ws_test/install/tug_example_msgs/share/roseus/ros/tug_example_msgs/msg/FetchBoxAction.l
-- Up-to-date: /home/handsome/ros_ws_test/install/tug_example_msgs/share/roseus/ros/tug_example_msgs/msg/TransportBoxActionResult.l
-- Up-to-date: /home/handsome/ros_ws_test/install/tug_example_msgs/share/roseus/ros/tug_example_msgs/msg/RecoverNotFetchingBoxResult.l
-- Up-to-date: /home/handsome/ros_ws_test/install/tug_example_msgs/share/roseus/ros/tug_example_msgs/msg/TransportBoxResult.l
-- Up-to-date: /home/handsome/ros_ws_test/install/tug_example_msgs/share/roseus/ros/tug_example_msgs/msg/FetchBoxGoal.l
-- Up-to-date: /home/handsome/ros_ws_test/install/tug_example_msgs/share/roseus/ros/tug_example_msgs/msg/TransportBoxActionFeedback.l
-- Up-to-date: /home/handsome/ros_ws_test/install/tug_example_msgs/share/roseus/ros/tug_example_msgs/msg/TransportBoxAction.l
-- Up-to-date: /home/handsome/ros_ws_test/install/tug_example_msgs/share/roseus/ros/tug_example_msgs/msg/RecoverTimedOutAction.l
-- Up-to-date: /home/handsome/ros_ws_test/install/tug_example_msgs/share/roseus/ros/tug_example_msgs/msg/PutBoxActionGoal.l
-- Up-to-date: /home/handsome/ros_ws_test/install/tug_example_msgs/share/roseus/ros/tug_example_msgs/msg/RecoverNotFetchingBoxActionResult.l
-- Up-to-date: /home/handsome/ros_ws_test/install/tug_example_msgs/share/roseus/ros/tug_example_msgs/msg/RecoverNotFetchingBoxActionFeedback.l
-- Up-to-date: /home/handsome/ros_ws_test/install/tug_example_msgs/share/roseus/ros/tug_example_msgs/msg/PutBoxGoal.l
-- Up-to-date: /home/handsome/ros_ws_test/install/tug_example_msgs/share/roseus/ros/tug_example_msgs/msg/RecoverTimedOutActionFeedback.l
-- Up-to-date: /home/handsome/ros_ws_test/install/tug_example_msgs/share/roseus/ros/tug_example_msgs/msg/PutBoxActionResult.l
-- Up-to-date: /home/handsome/ros_ws_test/install/tug_example_msgs/share/roseus/ros/tug_example_msgs/msg/TransportBoxActionGoal.l
-- Up-to-date: /home/handsome/ros_ws_test/install/tug_example_msgs/share/roseus/ros/tug_example_msgs/msg/PutBoxActionFeedback.l
-- Up-to-date: /home/handsome/ros_ws_test/install/tug_example_msgs/share/roseus/ros/tug_example_msgs/msg/TransportBoxGoal.l
-- Up-to-date: /home/handsome/ros_ws_test/install/tug_example_msgs/share/roseus/ros/tug_example_msgs/msg/FetchBoxActionFeedback.l
-- Up-to-date: /home/handsome/ros_ws_test/install/tug_example_msgs/share/roseus/ros/tug_example_msgs/msg/FetchBoxFeedback.l
-- Up-to-date: /home/handsome/ros_ws_test/install/tug_example_msgs/share/roseus/ros/tug_example_msgs/msg/RecoverNotFetchingBoxGoal.l
-- Up-to-date: /home/handsome/ros_ws_test/install/tug_example_msgs/share/roseus/ros/tug_example_msgs/msg/RecoverTimedOutResult.l
-- Up-to-date: /home/handsome/ros_ws_test/install/tug_example_msgs/share/roseus/ros/tug_example_msgs/msg/FetchBoxResult.l
-- Up-to-date: /home/handsome/ros_ws_test/install/tug_example_msgs/share/roseus/ros/tug_example_msgs/msg/RecoverTimedOutFeedback.l
-- Up-to-date: /home/handsome/ros_ws_test/install/tug_example_msgs/share/roseus/ros/tug_example_msgs/manifest.l
-- Up-to-date: /home/handsome/ros_ws_test/install/tug_example_msgs/share/common-lisp/ros/tug_example_msgs
-- Up-to-date: /home/handsome/ros_ws_test/install/tug_example_msgs/share/common-lisp/ros/tug_example_msgs/msg
-- Up-to-date: /home/handsome/ros_ws_test/install/tug_example_msgs/share/common-lisp/ros/tug_example_msgs/msg/_package_RecoverTimedOutAction.lisp
-- Up-to-date: /home/handsome/ros_ws_test/install/tug_example_msgs/share/common-lisp/ros/tug_example_msgs/msg/TransportBoxActionFeedback.lisp
-- Up-to-date: /home/handsome/ros_ws_test/install/tug_example_msgs/share/common-lisp/ros/tug_example_msgs/msg/TransportBoxActionResult.lisp
-- Up-to-date: /home/handsome/ros_ws_test/install/tug_example_msgs/share/common-lisp/ros/tug_example_msgs/msg/TransportBoxActionGoal.lisp
-- Up-to-date: /home/handsome/ros_ws_test/install/tug_example_msgs/share/common-lisp/ros/tug_example_msgs/msg/_package_TransportBoxGoal.lisp
-- Up-to-date: /home/handsome/ros_ws_test/install/tug_example_msgs/share/common-lisp/ros/tug_example_msgs/msg/_package_TransportBoxActionGoal.lisp
-- Up-to-date: /home/handsome/ros_ws_test/install/tug_example_msgs/share/common-lisp/ros/tug_example_msgs/msg/FetchBoxGoal.lisp
-- Up-to-date: /home/handsome/ros_ws_test/install/tug_example_msgs/share/common-lisp/ros/tug_example_msgs/msg/FetchBoxAction.lisp
-- Up-to-date: /home/handsome/ros_ws_test/install/tug_example_msgs/share/common-lisp/ros/tug_example_msgs/msg/_package_RecoverNotFetchingBoxFeedback.lisp
-- Up-to-date: /home/handsome/ros_ws_test/install/tug_example_msgs/share/common-lisp/ros/tug_example_msgs/msg/FetchBoxActionResult.lisp
-- Up-to-date: /home/handsome/ros_ws_test/install/tug_example_msgs/share/common-lisp/ros/tug_example_msgs/msg/_package_FetchBoxActionResult.lisp
-- Up-to-date: /home/handsome/ros_ws_test/install/tug_example_msgs/share/common-lisp/ros/tug_example_msgs/msg/_package_RecoverTimedOutFeedback.lisp
-- Up-to-date: /home/handsome/ros_ws_test/install/tug_example_msgs/share/common-lisp/ros/tug_example_msgs/msg/RecoverNotFetchingBoxActionFeedback.lisp
-- Up-to-date: /home/handsome/ros_ws_test/install/tug_example_msgs/share/common-lisp/ros/tug_example_msgs/msg/_package_PutBoxAction.lisp
-- Up-to-date: /home/handsome/ros_ws_test/install/tug_example_msgs/share/common-lisp/ros/tug_example_msgs/msg/RecoverNotFetchingBoxActionGoal.lisp
-- Up-to-date: /home/handsome/ros_ws_test/install/tug_example_msgs/share/common-lisp/ros/tug_example_msgs/msg/_package_PutBoxFeedback.lisp
-- Up-to-date: /home/handsome/ros_ws_test/install/tug_example_msgs/share/common-lisp/ros/tug_example_msgs/msg/_package_FetchBoxAction.lisp
-- Up-to-date: /home/handsome/ros_ws_test/install/tug_example_msgs/share/common-lisp/ros/tug_example_msgs/msg/RecoverTimedOutAction.lisp
-- Up-to-date: /home/handsome/ros_ws_test/install/tug_example_msgs/share/common-lisp/ros/tug_example_msgs/msg/_package_RecoverTimedOutResult.lisp
-- Up-to-date: /home/handsome/ros_ws_test/install/tug_example_msgs/share/common-lisp/ros/tug_example_msgs/msg/_package_PutBoxActionFeedback.lisp
-- Up-to-date: /home/handsome/ros_ws_test/install/tug_example_msgs/share/common-lisp/ros/tug_example_msgs/msg/_package_RecoverTimedOutActionGoal.lisp
-- Up-to-date: /home/handsome/ros_ws_test/install/tug_example_msgs/share/common-lisp/ros/tug_example_msgs/msg/_package_RecoverNotFetchingBoxActionResult.lisp
-- Up-to-date: /home/handsome/ros_ws_test/install/tug_example_msgs/share/common-lisp/ros/tug_example_msgs/msg/RecoverTimedOutActionResult.lisp
-- Up-to-date: /home/handsome/ros_ws_test/install/tug_example_msgs/share/common-lisp/ros/tug_example_msgs/msg/TransportBoxAction.lisp
-- Up-to-date: /home/handsome/ros_ws_test/install/tug_example_msgs/share/common-lisp/ros/tug_example_msgs/msg/RecoverTimedOutActionFeedback.lisp
-- Up-to-date: /home/handsome/ros_ws_test/install/tug_example_msgs/share/common-lisp/ros/tug_example_msgs/msg/RecoverNotFetchingBoxAction.lisp
-- Up-to-date: /home/handsome/ros_ws_test/install/tug_example_msgs/share/common-lisp/ros/tug_example_msgs/msg/RecoverTimedOutGoal.lisp
-- Up-to-date: /home/handsome/ros_ws_test/install/tug_example_msgs/share/common-lisp/ros/tug_example_msgs/msg/FetchBoxActionGoal.lisp
-- Up-to-date: /home/handsome/ros_ws_test/install/tug_example_msgs/share/common-lisp/ros/tug_example_msgs/msg/_package_RecoverNotFetchingBoxActionFeedback.lisp
-- Up-to-date: /home/handsome/ros_ws_test/install/tug_example_msgs/share/common-lisp/ros/tug_example_msgs/msg/RecoverTimedOutActionGoal.lisp
-- Up-to-date: /home/handsome/ros_ws_test/install/tug_example_msgs/share/common-lisp/ros/tug_example_msgs/msg/RecoverNotFetchingBoxResult.lisp
-- Up-to-date: /home/handsome/ros_ws_test/install/tug_example_msgs/share/common-lisp/ros/tug_example_msgs/msg/_package_PutBoxResult.lisp
-- Up-to-date: /home/handsome/ros_ws_test/install/tug_example_msgs/share/common-lisp/ros/tug_example_msgs/msg/_package.lisp
-- Up-to-date: /home/handsome/ros_ws_test/install/tug_example_msgs/share/common-lisp/ros/tug_example_msgs/msg/TransportBoxGoal.lisp
-- Up-to-date: /home/handsome/ros_ws_test/install/tug_example_msgs/share/common-lisp/ros/tug_example_msgs/msg/_package_FetchBoxActionGoal.lisp
-- Up-to-date: /home/handsome/ros_ws_test/install/tug_example_msgs/share/common-lisp/ros/tug_example_msgs/msg/_package_PutBoxActionResult.lisp
-- Up-to-date: /home/handsome/ros_ws_test/install/tug_example_msgs/share/common-lisp/ros/tug_example_msgs/msg/_package_FetchBoxActionFeedback.lisp
-- Up-to-date: /home/handsome/ros_ws_test/install/tug_example_msgs/share/common-lisp/ros/tug_example_msgs/msg/PutBoxAction.lisp
-- Up-to-date: /home/handsome/ros_ws_test/install/tug_example_msgs/share/common-lisp/ros/tug_example_msgs/msg/PutBoxActionGoal.lisp
-- Up-to-date: /home/handsome/ros_ws_test/install/tug_example_msgs/share/common-lisp/ros/tug_example_msgs/msg/PutBoxFeedback.lisp
-- Up-to-date: /home/handsome/ros_ws_test/install/tug_example_msgs/share/common-lisp/ros/tug_example_msgs/msg/FetchBoxFeedback.lisp
-- Up-to-date: /home/handsome/ros_ws_test/install/tug_example_msgs/share/common-lisp/ros/tug_example_msgs/msg/tug_example_msgs-msg.asd
-- Up-to-date: /home/handsome/ros_ws_test/install/tug_example_msgs/share/common-lisp/ros/tug_example_msgs/msg/RecoverTimedOutResult.lisp
-- Up-to-date: /home/handsome/ros_ws_test/install/tug_example_msgs/share/common-lisp/ros/tug_example_msgs/msg/RecoverNotFetchingBoxFeedback.lisp
-- Up-to-date: /home/handsome/ros_ws_test/install/tug_example_msgs/share/common-lisp/ros/tug_example_msgs/msg/_package_PutBoxGoal.lisp
-- Up-to-date: /home/handsome/ros_ws_test/install/tug_example_msgs/share/common-lisp/ros/tug_example_msgs/msg/RecoverNotFetchingBoxGoal.lisp
-- Up-to-date: /home/handsome/ros_ws_test/install/tug_example_msgs/share/common-lisp/ros/tug_example_msgs/msg/_package_RecoverNotFetchingBoxAction.lisp
-- Up-to-date: /home/handsome/ros_ws_test/install/tug_example_msgs/share/common-lisp/ros/tug_example_msgs/msg/TransportBoxResult.lisp
-- Up-to-date: /home/handsome/ros_ws_test/install/tug_example_msgs/share/common-lisp/ros/tug_example_msgs/msg/FetchBoxActionFeedback.lisp
-- Up-to-date: /home/handsome/ros_ws_test/install/tug_example_msgs/share/common-lisp/ros/tug_example_msgs/msg/_package_FetchBoxFeedback.lisp
-- Up-to-date: /home/handsome/ros_ws_test/install/tug_example_msgs/share/common-lisp/ros/tug_example_msgs/msg/_package_TransportBoxFeedback.lisp
-- Up-to-date: /home/handsome/ros_ws_test/install/tug_example_msgs/share/common-lisp/ros/tug_example_msgs/msg/_package_FetchBoxResult.lisp
-- Up-to-date: /home/handsome/ros_ws_test/install/tug_example_msgs/share/common-lisp/ros/tug_example_msgs/msg/TransportBoxFeedback.lisp
-- Up-to-date: /home/handsome/ros_ws_test/install/tug_example_msgs/share/common-lisp/ros/tug_example_msgs/msg/_package_FetchBoxGoal.lisp
-- Up-to-date: /home/handsome/ros_ws_test/install/tug_example_msgs/share/common-lisp/ros/tug_example_msgs/msg/_package_RecoverTimedOutGoal.lisp
-- Up-to-date: /home/handsome/ros_ws_test/install/tug_example_msgs/share/common-lisp/ros/tug_example_msgs/msg/PutBoxGoal.lisp
-- Up-to-date: /home/handsome/ros_ws_test/install/tug_example_msgs/share/common-lisp/ros/tug_example_msgs/msg/_package_TransportBoxActionFeedback.lisp
-- Up-to-date: /home/handsome/ros_ws_test/install/tug_example_msgs/share/common-lisp/ros/tug_example_msgs/msg/FetchBoxResult.lisp
-- Up-to-date: /home/handsome/ros_ws_test/install/tug_example_msgs/share/common-lisp/ros/tug_example_msgs/msg/_package_PutBoxActionGoal.lisp
-- Up-to-date: /home/handsome/ros_ws_test/install/tug_example_msgs/share/common-lisp/ros/tug_example_msgs/msg/_package_RecoverNotFetchingBoxActionGoal.lisp
-- Up-to-date: /home/handsome/ros_ws_test/install/tug_example_msgs/share/common-lisp/ros/tug_example_msgs/msg/RecoverNotFetchingBoxActionResult.lisp
-- Up-to-date: /home/handsome/ros_ws_test/install/tug_example_msgs/share/common-lisp/ros/tug_example_msgs/msg/PutBoxActionResult.lisp
-- Up-to-date: /home/handsome/ros_ws_test/install/tug_example_msgs/share/common-lisp/ros/tug_example_msgs/msg/PutBoxActionFeedback.lisp
-- Up-to-date: /home/handsome/ros_ws_test/install/tug_example_msgs/share/common-lisp/ros/tug_example_msgs/msg/RecoverTimedOutFeedback.lisp
-- Up-to-date: /home/handsome/ros_ws_test/install/tug_example_msgs/share/common-lisp/ros/tug_example_msgs/msg/_package_TransportBoxResult.lisp
-- Up-to-date: /home/handsome/ros_ws_test/install/tug_example_msgs/share/common-lisp/ros/tug_example_msgs/msg/_package_RecoverNotFetchingBoxGoal.lisp
-- Up-to-date: /home/handsome/ros_ws_test/install/tug_example_msgs/share/common-lisp/ros/tug_example_msgs/msg/_package_TransportBoxActionResult.lisp
-- Up-to-date: /home/handsome/ros_ws_test/install/tug_example_msgs/share/common-lisp/ros/tug_example_msgs/msg/_package_RecoverNotFetchingBoxResult.lisp
-- Up-to-date: /home/handsome/ros_ws_test/install/tug_example_msgs/share/common-lisp/ros/tug_example_msgs/msg/PutBoxResult.lisp
-- Up-to-date: /home/handsome/ros_ws_test/install/tug_example_msgs/share/common-lisp/ros/tug_example_msgs/msg/_package_RecoverTimedOutActionResult.lisp
-- Up-to-date: /home/handsome/ros_ws_test/install/tug_example_msgs/share/common-lisp/ros/tug_example_msgs/msg/_package_RecoverTimedOutActionFeedback.lisp
-- Up-to-date: /home/handsome/ros_ws_test/install/tug_example_msgs/share/common-lisp/ros/tug_example_msgs/msg/_package_TransportBoxAction.lisp
-- Up-to-date: /home/handsome/ros_ws_test/install/tug_example_msgs/share/gennodejs/ros/tug_example_msgs
-- Up-to-date: /home/handsome/ros_ws_test/install/tug_example_msgs/share/gennodejs/ros/tug_example_msgs/msg
-- Up-to-date: /home/handsome/ros_ws_test/install/tug_example_msgs/share/gennodejs/ros/tug_example_msgs/msg/RecoverNotFetchingBoxActionGoal.js
-- Up-to-date: /home/handsome/ros_ws_test/install/tug_example_msgs/share/gennodejs/ros/tug_example_msgs/msg/RecoverTimedOutActionGoal.js
-- Up-to-date: /home/handsome/ros_ws_test/install/tug_example_msgs/share/gennodejs/ros/tug_example_msgs/msg/TransportBoxGoal.js
-- Up-to-date: /home/handsome/ros_ws_test/install/tug_example_msgs/share/gennodejs/ros/tug_example_msgs/msg/FetchBoxGoal.js
-- Up-to-date: /home/handsome/ros_ws_test/install/tug_example_msgs/share/gennodejs/ros/tug_example_msgs/msg/PutBoxAction.js
-- Up-to-date: /home/handsome/ros_ws_test/install/tug_example_msgs/share/gennodejs/ros/tug_example_msgs/msg/FetchBoxActionFeedback.js
-- Up-to-date: /home/handsome/ros_ws_test/install/tug_example_msgs/share/gennodejs/ros/tug_example_msgs/msg/PutBoxActionFeedback.js
-- Up-to-date: /home/handsome/ros_ws_test/install/tug_example_msgs/share/gennodejs/ros/tug_example_msgs/msg/RecoverNotFetchingBoxActionResult.js
-- Up-to-date: /home/handsome/ros_ws_test/install/tug_example_msgs/share/gennodejs/ros/tug_example_msgs/msg/TransportBoxAction.js
-- Up-to-date: /home/handsome/ros_ws_test/install/tug_example_msgs/share/gennodejs/ros/tug_example_msgs/msg/RecoverNotFetchingBoxActionFeedback.js
-- Up-to-date: /home/handsome/ros_ws_test/install/tug_example_msgs/share/gennodejs/ros/tug_example_msgs/msg/PutBoxActionGoal.js
-- Up-to-date: /home/handsome/ros_ws_test/install/tug_example_msgs/share/gennodejs/ros/tug_example_msgs/msg/_index.js
-- Up-to-date: /home/handsome/ros_ws_test/install/tug_example_msgs/share/gennodejs/ros/tug_example_msgs/msg/RecoverNotFetchingBoxAction.js
-- Up-to-date: /home/handsome/ros_ws_test/install/tug_example_msgs/share/gennodejs/ros/tug_example_msgs/msg/RecoverNotFetchingBoxFeedback.js
-- Up-to-date: /home/handsome/ros_ws_test/install/tug_example_msgs/share/gennodejs/ros/tug_example_msgs/msg/PutBoxFeedback.js
-- Up-to-date: /home/handsome/ros_ws_test/install/tug_example_msgs/share/gennodejs/ros/tug_example_msgs/msg/FetchBoxResult.js
-- Up-to-date: /home/handsome/ros_ws_test/install/tug_example_msgs/share/gennodejs/ros/tug_example_msgs/msg/RecoverTimedOutAction.js
-- Up-to-date: /home/handsome/ros_ws_test/install/tug_example_msgs/share/gennodejs/ros/tug_example_msgs/msg/RecoverTimedOutGoal.js
-- Up-to-date: /home/handsome/ros_ws_test/install/tug_example_msgs/share/gennodejs/ros/tug_example_msgs/msg/TransportBoxResult.js
-- Up-to-date: /home/handsome/ros_ws_test/install/tug_example_msgs/share/gennodejs/ros/tug_example_msgs/msg/TransportBoxActionFeedback.js
-- Up-to-date: /home/handsome/ros_ws_test/install/tug_example_msgs/share/gennodejs/ros/tug_example_msgs/msg/RecoverTimedOutActionFeedback.js
-- Up-to-date: /home/handsome/ros_ws_test/install/tug_example_msgs/share/gennodejs/ros/tug_example_msgs/msg/RecoverTimedOutActionResult.js
-- Up-to-date: /home/handsome/ros_ws_test/install/tug_example_msgs/share/gennodejs/ros/tug_example_msgs/msg/PutBoxResult.js
-- Up-to-date: /home/handsome/ros_ws_test/install/tug_example_msgs/share/gennodejs/ros/tug_example_msgs/msg/FetchBoxAction.js
-- Up-to-date: /home/handsome/ros_ws_test/install/tug_example_msgs/share/gennodejs/ros/tug_example_msgs/msg/TransportBoxActionResult.js
-- Up-to-date: /home/handsome/ros_ws_test/install/tug_example_msgs/share/gennodejs/ros/tug_example_msgs/msg/RecoverNotFetchingBoxGoal.js
-- Up-to-date: /home/handsome/ros_ws_test/install/tug_example_msgs/share/gennodejs/ros/tug_example_msgs/msg/FetchBoxActionGoal.js
-- Up-to-date: /home/handsome/ros_ws_test/install/tug_example_msgs/share/gennodejs/ros/tug_example_msgs/msg/RecoverNotFetchingBoxResult.js
-- Up-to-date: /home/handsome/ros_ws_test/install/tug_example_msgs/share/gennodejs/ros/tug_example_msgs/msg/RecoverTimedOutFeedback.js
-- Up-to-date: /home/handsome/ros_ws_test/install/tug_example_msgs/share/gennodejs/ros/tug_example_msgs/msg/PutBoxActionResult.js
-- Up-to-date: /home/handsome/ros_ws_test/install/tug_example_msgs/share/gennodejs/ros/tug_example_msgs/msg/TransportBoxFeedback.js
-- Up-to-date: /home/handsome/ros_ws_test/install/tug_example_msgs/share/gennodejs/ros/tug_example_msgs/msg/RecoverTimedOutResult.js
-- Up-to-date: /home/handsome/ros_ws_test/install/tug_example_msgs/share/gennodejs/ros/tug_example_msgs/msg/PutBoxGoal.js
-- Up-to-date: /home/handsome/ros_ws_test/install/tug_example_msgs/share/gennodejs/ros/tug_example_msgs/msg/TransportBoxActionGoal.js
-- Up-to-date: /home/handsome/ros_ws_test/install/tug_example_msgs/share/gennodejs/ros/tug_example_msgs/msg/FetchBoxFeedback.js
-- Up-to-date: /home/handsome/ros_ws_test/install/tug_example_msgs/share/gennodejs/ros/tug_example_msgs/msg/FetchBoxActionResult.js
-- Up-to-date: /home/handsome/ros_ws_test/install/tug_example_msgs/share/gennodejs/ros/tug_example_msgs/_index.js
Listing /home/handsome/ros_ws_test/build/tug_example_msgs/devel/lib/python2.7/dist-packages/tug_example_msgs ...
Listing /home/handsome/ros_ws_test/build/tug_example_msgs/devel/lib/python2.7/dist-packages/tug_example_msgs/msg ...
-- Up-to-date: /home/handsome/ros_ws_test/install/tug_example_msgs/lib/python2.7/dist-packages/tug_example_msgs
-- Up-to-date: /home/handsome/ros_ws_test/install/tug_example_msgs/lib/python2.7/dist-packages/tug_example_msgs/msg
-- Up-to-date: /home/handsome/ros_ws_test/install/tug_example_msgs/lib/python2.7/dist-packages/tug_example_msgs/msg/_PutBoxResult.py
-- Up-to-date: /home/handsome/ros_ws_test/install/tug_example_msgs/lib/python2.7/dist-packages/tug_example_msgs/msg/_PutBoxFeedback.py
-- Up-to-date: /home/handsome/ros_ws_test/install/tug_example_msgs/lib/python2.7/dist-packages/tug_example_msgs/msg/_RecoverNotFetchingBoxActionResult.pyc
-- Up-to-date: /home/handsome/ros_ws_test/install/tug_example_msgs/lib/python2.7/dist-packages/tug_example_msgs/msg/_RecoverTimedOutGoal.py
-- Up-to-date: /home/handsome/ros_ws_test/install/tug_example_msgs/lib/python2.7/dist-packages/tug_example_msgs/msg/_RecoverNotFetchingBoxAction.py
-- Up-to-date: /home/handsome/ros_ws_test/install/tug_example_msgs/lib/python2.7/dist-packages/tug_example_msgs/msg/_TransportBoxResult.pyc
-- Up-to-date: /home/handsome/ros_ws_test/install/tug_example_msgs/lib/python2.7/dist-packages/tug_example_msgs/msg/_PutBoxActionResult.pyc
-- Up-to-date: /home/handsome/ros_ws_test/install/tug_example_msgs/lib/python2.7/dist-packages/tug_example_msgs/msg/_TransportBoxFeedback.pyc
-- Up-to-date: /home/handsome/ros_ws_test/install/tug_example_msgs/lib/python2.7/dist-packages/tug_example_msgs/msg/_RecoverTimedOutResult.py
-- Up-to-date: /home/handsome/ros_ws_test/install/tug_example_msgs/lib/python2.7/dist-packages/tug_example_msgs/msg/_RecoverTimedOutActionResult.pyc
-- Up-to-date: /home/handsome/ros_ws_test/install/tug_example_msgs/lib/python2.7/dist-packages/tug_example_msgs/msg/_RecoverNotFetchingBoxResult.pyc
-- Up-to-date: /home/handsome/ros_ws_test/install/tug_example_msgs/lib/python2.7/dist-packages/tug_example_msgs/msg/__init__.py
-- Up-to-date: /home/handsome/ros_ws_test/install/tug_example_msgs/lib/python2.7/dist-packages/tug_example_msgs/msg/_RecoverNotFetchingBoxActionFeedback.py
-- Up-to-date: /home/handsome/ros_ws_test/install/tug_example_msgs/lib/python2.7/dist-packages/tug_example_msgs/msg/_PutBoxGoal.pyc
-- Up-to-date: /home/handsome/ros_ws_test/install/tug_example_msgs/lib/python2.7/dist-packages/tug_example_msgs/msg/_TransportBoxAction.py
-- Up-to-date: /home/handsome/ros_ws_test/install/tug_example_msgs/lib/python2.7/dist-packages/tug_example_msgs/msg/_FetchBoxActionResult.py
-- Up-to-date: /home/handsome/ros_ws_test/install/tug_example_msgs/lib/python2.7/dist-packages/tug_example_msgs/msg/_FetchBoxResult.py
-- Up-to-date: /home/handsome/ros_ws_test/install/tug_example_msgs/lib/python2.7/dist-packages/tug_example_msgs/msg/_TransportBoxResult.py
-- Up-to-date: /home/handsome/ros_ws_test/install/tug_example_msgs/lib/python2.7/dist-packages/tug_example_msgs/msg/_TransportBoxActionGoal.pyc
-- Up-to-date: /home/handsome/ros_ws_test/install/tug_example_msgs/lib/python2.7/dist-packages/tug_example_msgs/msg/_TransportBoxActionFeedback.py
-- Up-to-date: /home/handsome/ros_ws_test/install/tug_example_msgs/lib/python2.7/dist-packages/tug_example_msgs/msg/_FetchBoxActionFeedback.pyc
-- Up-to-date: /home/handsome/ros_ws_test/install/tug_example_msgs/lib/python2.7/dist-packages/tug_example_msgs/msg/_PutBoxActionGoal.pyc
-- Up-to-date: /home/handsome/ros_ws_test/install/tug_example_msgs/lib/python2.7/dist-packages/tug_example_msgs/msg/_FetchBoxActionFeedback.py
-- Up-to-date: /home/handsome/ros_ws_test/install/tug_example_msgs/lib/python2.7/dist-packages/tug_example_msgs/msg/_RecoverNotFetchingBoxAction.pyc
-- Up-to-date: /home/handsome/ros_ws_test/install/tug_example_msgs/lib/python2.7/dist-packages/tug_example_msgs/msg/_TransportBoxGoal.pyc
-- Up-to-date: /home/handsome/ros_ws_test/install/tug_example_msgs/lib/python2.7/dist-packages/tug_example_msgs/msg/_RecoverNotFetchingBoxGoal.pyc
-- Up-to-date: /home/handsome/ros_ws_test/install/tug_example_msgs/lib/python2.7/dist-packages/tug_example_msgs/msg/_RecoverTimedOutActionFeedback.pyc
-- Up-to-date: /home/handsome/ros_ws_test/install/tug_example_msgs/lib/python2.7/dist-packages/tug_example_msgs/msg/_RecoverTimedOutAction.pyc
-- Up-to-date: /home/handsome/ros_ws_test/install/tug_example_msgs/lib/python2.7/dist-packages/tug_example_msgs/msg/_RecoverTimedOutFeedback.py
-- Up-to-date: /home/handsome/ros_ws_test/install/tug_example_msgs/lib/python2.7/dist-packages/tug_example_msgs/msg/_FetchBoxActionResult.pyc
-- Up-to-date: /home/handsome/ros_ws_test/install/tug_example_msgs/lib/python2.7/dist-packages/tug_example_msgs/msg/_FetchBoxFeedback.py
-- Up-to-date: /home/handsome/ros_ws_test/install/tug_example_msgs/lib/python2.7/dist-packages/tug_example_msgs/msg/_RecoverNotFetchingBoxFeedback.pyc
-- Up-to-date: /home/handsome/ros_ws_test/install/tug_example_msgs/lib/python2.7/dist-packages/tug_example_msgs/msg/_TransportBoxActionResult.pyc
-- Up-to-date: /home/handsome/ros_ws_test/install/tug_example_msgs/lib/python2.7/dist-packages/tug_example_msgs/msg/_RecoverTimedOutActionFeedback.py
-- Up-to-date: /home/handsome/ros_ws_test/install/tug_example_msgs/lib/python2.7/dist-packages/tug_example_msgs/msg/_RecoverNotFetchingBoxResult.py
-- Up-to-date: /home/handsome/ros_ws_test/install/tug_example_msgs/lib/python2.7/dist-packages/tug_example_msgs/msg/_FetchBoxResult.pyc
-- Up-to-date: /home/handsome/ros_ws_test/install/tug_example_msgs/lib/python2.7/dist-packages/tug_example_msgs/msg/_RecoverTimedOutAction.py
-- Up-to-date: /home/handsome/ros_ws_test/install/tug_example_msgs/lib/python2.7/dist-packages/tug_example_msgs/msg/_RecoverTimedOutGoal.pyc
-- Up-to-date: /home/handsome/ros_ws_test/install/tug_example_msgs/lib/python2.7/dist-packages/tug_example_msgs/msg/_FetchBoxGoal.py
-- Up-to-date: /home/handsome/ros_ws_test/install/tug_example_msgs/lib/python2.7/dist-packages/tug_example_msgs/msg/_FetchBoxGoal.pyc
-- Up-to-date: /home/handsome/ros_ws_test/install/tug_example_msgs/lib/python2.7/dist-packages/tug_example_msgs/msg/_RecoverNotFetchingBoxActionResult.py
-- Up-to-date: /home/handsome/ros_ws_test/install/tug_example_msgs/lib/python2.7/dist-packages/tug_example_msgs/msg/_RecoverTimedOutActionGoal.py
-- Up-to-date: /home/handsome/ros_ws_test/install/tug_example_msgs/lib/python2.7/dist-packages/tug_example_msgs/msg/_FetchBoxFeedback.pyc
-- Up-to-date: /home/handsome/ros_ws_test/install/tug_example_msgs/lib/python2.7/dist-packages/tug_example_msgs/msg/_FetchBoxActionGoal.pyc
-- Up-to-date: /home/handsome/ros_ws_test/install/tug_example_msgs/lib/python2.7/dist-packages/tug_example_msgs/msg/_FetchBoxAction.pyc
-- Up-to-date: /home/handsome/ros_ws_test/install/tug_example_msgs/lib/python2.7/dist-packages/tug_example_msgs/msg/_TransportBoxFeedback.py
-- Up-to-date: /home/handsome/ros_ws_test/install/tug_example_msgs/lib/python2.7/dist-packages/tug_example_msgs/msg/_FetchBoxActionGoal.py
-- Up-to-date: /home/handsome/ros_ws_test/install/tug_example_msgs/lib/python2.7/dist-packages/tug_example_msgs/msg/_PutBoxAction.pyc
-- Up-to-date: /home/handsome/ros_ws_test/install/tug_example_msgs/lib/python2.7/dist-packages/tug_example_msgs/msg/_RecoverTimedOutActionGoal.pyc
-- Up-to-date: /home/handsome/ros_ws_test/install/tug_example_msgs/lib/python2.7/dist-packages/tug_example_msgs/msg/_RecoverTimedOutActionResult.py
-- Up-to-date: /home/handsome/ros_ws_test/install/tug_example_msgs/lib/python2.7/dist-packages/tug_example_msgs/msg/_TransportBoxGoal.py
-- Up-to-date: /home/handsome/ros_ws_test/install/tug_example_msgs/lib/python2.7/dist-packages/tug_example_msgs/msg/_RecoverNotFetchingBoxGoal.py
-- Up-to-date: /home/handsome/ros_ws_test/install/tug_example_msgs/lib/python2.7/dist-packages/tug_example_msgs/msg/_PutBoxAction.py
-- Up-to-date: /home/handsome/ros_ws_test/install/tug_example_msgs/lib/python2.7/dist-packages/tug_example_msgs/msg/_PutBoxActionFeedback.py
-- Up-to-date: /home/handsome/ros_ws_test/install/tug_example_msgs/lib/python2.7/dist-packages/tug_example_msgs/msg/__init__.pyc
-- Up-to-date: /home/handsome/ros_ws_test/install/tug_example_msgs/lib/python2.7/dist-packages/tug_example_msgs/msg/_RecoverNotFetchingBoxFeedback.py
-- Up-to-date: /home/handsome/ros_ws_test/install/tug_example_msgs/lib/python2.7/dist-packages/tug_example_msgs/msg/_RecoverTimedOutFeedback.pyc
-- Up-to-date: /home/handsome/ros_ws_test/install/tug_example_msgs/lib/python2.7/dist-packages/tug_example_msgs/msg/_PutBoxActionFeedback.pyc
-- Up-to-date: /home/handsome/ros_ws_test/install/tug_example_msgs/lib/python2.7/dist-packages/tug_example_msgs/msg/_TransportBoxActionResult.py
-- Up-to-date: /home/handsome/ros_ws_test/install/tug_example_msgs/lib/python2.7/dist-packages/tug_example_msgs/msg/_PutBoxFeedback.pyc
-- Up-to-date: /home/handsome/ros_ws_test/install/tug_example_msgs/lib/python2.7/dist-packages/tug_example_msgs/msg/_PutBoxGoal.py
-- Up-to-date: /home/handsome/ros_ws_test/install/tug_example_msgs/lib/python2.7/dist-packages/tug_example_msgs/msg/_TransportBoxAction.pyc
-- Up-to-date: /home/handsome/ros_ws_test/install/tug_example_msgs/lib/python2.7/dist-packages/tug_example_msgs/msg/_FetchBoxAction.py
-- Up-to-date: /home/handsome/ros_ws_test/install/tug_example_msgs/lib/python2.7/dist-packages/tug_example_msgs/msg/_RecoverNotFetchingBoxActionFeedback.pyc
-- Up-to-date: /home/handsome/ros_ws_test/install/tug_example_msgs/lib/python2.7/dist-packages/tug_example_msgs/msg/_PutBoxActionGoal.py
-- Up-to-date: /home/handsome/ros_ws_test/install/tug_example_msgs/lib/python2.7/dist-packages/tug_example_msgs/msg/_RecoverNotFetchingBoxActionGoal.py
-- Up-to-date: /home/handsome/ros_ws_test/install/tug_example_msgs/lib/python2.7/dist-packages/tug_example_msgs/msg/_RecoverTimedOutResult.pyc
-- Up-to-date: /home/handsome/ros_ws_test/install/tug_example_msgs/lib/python2.7/dist-packages/tug_example_msgs/msg/_TransportBoxActionFeedback.pyc
-- Up-to-date: /home/handsome/ros_ws_test/install/tug_example_msgs/lib/python2.7/dist-packages/tug_example_msgs/msg/_TransportBoxActionGoal.py
-- Up-to-date: /home/handsome/ros_ws_test/install/tug_example_msgs/lib/python2.7/dist-packages/tug_example_msgs/msg/_RecoverNotFetchingBoxActionGoal.pyc
-- Up-to-date: /home/handsome/ros_ws_test/install/tug_example_msgs/lib/python2.7/dist-packages/tug_example_msgs/msg/_PutBoxResult.pyc
-- Up-to-date: /home/handsome/ros_ws_test/install/tug_example_msgs/lib/python2.7/dist-packages/tug_example_msgs/msg/_PutBoxActionResult.py
-- Up-to-date: /home/handsome/ros_ws_test/install/tug_example_msgs/lib/python2.7/dist-packages/tug_example_msgs/__init__.py
-- Up-to-date: /home/handsome/ros_ws_test/install/tug_example_msgs/lib/python2.7/dist-packages/tug_example_msgs/__init__.pyc
-- Up-to-date: /home/handsome/ros_ws_test/install/tug_example_msgs/lib/pkgconfig/tug_example_msgs.pc
-- Up-to-date: /home/handsome/ros_ws_test/install/tug_example_msgs/share/tug_example_msgs/cmake/tug_example_msgs-msg-extras.cmake
-- Up-to-date: /home/handsome/ros_ws_test/install/tug_example_msgs/share/tug_example_msgs/cmake/tug_example_msgsConfig.cmake
-- Up-to-date: /home/handsome/ros_ws_test/install/tug_example_msgs/share/tug_example_msgs/cmake/tug_example_msgsConfig-version.cmake
-- Up-to-date: /home/handsome/ros_ws_test/install/tug_example_msgs/share/tug_example_msgs/package.xml
