-- The C compiler identification is GNU 7.5.0
-- The CXX compiler identification is GNU 7.5.0
-- Check for working C compiler: /usr/bin/cc
-- Check for working C compiler: /usr/bin/cc -- works
-- Detecting C compiler ABI info
-- Detecting C compiler ABI info - done
-- Detecting C compile features
-- Detecting C compile features - done
-- Check for working CXX compiler: /usr/bin/c++
-- Check for working CXX compiler: /usr/bin/c++ -- works
-- Detecting CXX compiler ABI info
-- Detecting CXX compiler ABI info - done
-- Detecting CXX compile features
-- Detecting CXX compile features - done
-- Using CATKIN_DEVEL_PREFIX: /home/handsome/ros_ws_test/build/nav_2d_msgs/devel
-- Using CMAKE_PREFIX_PATH: /home/handsome/ros_ws/install/yocs_cmd_vel_mux;/home/handsome/ros_ws/install/urdf_tutorial;/home/handsome/ros_ws/install/tuw_waypoint_to_spline_msgs;/home/handsome/ros_ws/install/tuw_multi_robot_router;/home/handsome/ros_ws/install/tuw_voronoi_graph;/home/handsome/ros_ws/install/tuw_vehicle_msgs;/home/handsome/ros_ws/install/tuw_order_planner;/home/handsome/ros_ws/install/tuw_object_rviz;/home/handsome/ros_ws/install/tuw_object_msgs;/home/handsome/ros_ws/install/tuw_nav_rviz;/home/handsome/ros_ws/install/tuw_multi_robot_local_behavior_controller;/home/handsome/ros_ws/install/tuw_multi_robot_ctrl;/home/handsome/ros_ws/install/tuw_nav_msgs;/home/handsome/ros_ws/install/tuw_multi_robot_rviz;/home/handsome/ros_ws/install/tuw_multi_robot_goal_generator;/home/handsome/ros_ws/install/robot_scheduling_utility;/home/handsome/ros_ws/install/robot_scheduling_actions;/home/handsome/ros_ws/install/actionlib_modules_bridge;/home/handsome/ros_ws/install/tuw_multi_robot_msgs;/home/handsome/ros_ws/install/tuw_multi_robot_demo;/home/handsome/ros_ws/install/tuw_local_controller_msgs;/home/handsome/ros_ws/install/tuw_geometry_rviz;/home/handsome/ros_ws/install/tuw_geometry_msgs;/home/handsome/ros_ws/install/tuw_geometry;/home/handsome/ros_ws/install/tuw_gazebo_msgs;/home/handsome/ros_ws/install/tuw_control;/home/handsome/ros_ws/install/tuw_airskin_msgs;/home/handsome/ros_ws/install/turtlebot_teleop;/home/handsome/ros_ws/install/tug_example_pnp_server;/home/handsome/ros_ws/install/tug_example_actions;/home/handsome/ros_ws/install/tug_example_msgs;/home/handsome/ros_ws/install/timed_roslaunch;/home/handsome/ros_ws/install/teb2_local_planner;/home/handsome/ros_ws/install/stated_roslaunch;/home/handsome/ros_ws/install/spatio_temporal_voxel_layer;/home/handsome/ros_ws/install/robot_udp_bridge;/home/handsome/ros_ws/install/robot_database_bridge;/home/handsome/ros_ws/install/samsungcmd_msgs;/home/handsome/ros_ws/install/rplidar_ros;/home/handsome/ros_ws/install/rp_action;/home/handsome/ros_ws/install/rp_action_msgs;/home/handsome/ros_ws/install/rosserial_xbee;/home/handsome/ros_ws/install/rosserial_windows;/home/handsome/ros_ws/install/rosserial_tivac;/home/handsome/ros_ws/install/rosserial_test;/home/handsome/ros_ws/install/rosserial_server;/home/handsome/ros_ws/install/rosserial_python;/home/handsome/ros_ws/install/rosserial_mbed;/home/handsome/ros_ws/install/rosserial_embeddedlinux;/home/handsome/ros_ws/install/rosserial_arduino;/home/handsome/ros_ws/install/rosserial_client;/home/handsome/ros_ws/install/rosserial_msgs;/home/handsome/ros_ws/install/cellctrl_qtgui_bridge;/home/handsome/ros_ws/install/car_db_manager_qtgui;/home/handsome/ros_ws/install/car_db_manager_bridge;/home/handsome/ros_ws/install/car_db_manager_action;/home/handsome/ros_ws/install/ros_utility_tools;/home/handsome/ros_ws/install/ros_package_test;/home/handsome/ros_ws/install/ros_package_manager;/home/handsome/ros_ws/install/robot_scheduling_server;/home/handsome/ros_ws/install/robot_scheduling_msgs;/home/handsome/ros_ws/install/robot_localization;/home/handsome/ros_ws/install/robot_control_msgs;/home/handsome/ros_ws/install/reset_location;/home/handsome/ros_ws/install/razor_imu_9dof;/home/handsome/ros_ws/install/pnp_rosplan;/home/handsome/ros_ws/install/actionlib_pnp_controller;/home/handsome/ros_ws/install/actionlib_modules_controller;/home/handsome/ros_ws/install/pnp_ros;/home/handsome/ros_ws/install/pnp_msgs;/home/handsome/ros_ws/install/open_auto_dock;/home/handsome/ros_ws/install/open_auto_dock_msgs;/home/handsome/ros_ws/install/omron_os32c_driver;/home/handsome/ros_ws/install/dlux_plugins;/home/handsome/ros_ws/install/dlux_global_planner;/home/handsome/ros_ws/install/nav_grid_pub_sub;/home/handsome/ros_ws/install/dwb_critics;/home/handsome/ros_ws/install/nav_grid_iterators;/home/handsome/ros_ws/install/locomove_base;/home/handsome/ros_ws/install/locomotor;/home/handsome/ros_ws/install/nav_core_adapter;/home/handsome/ros_ws/install/dwb_plugins;/home/handsome/ros_ws/install/dwb_local_planner;/home/handsome/ros_ws/install/nav_2d_utils;/home/handsome/ros_ws/install/global_planner_tests;/home/handsome/ros_ws/install/costmap_queue;/home/handsome/ros_ws/install/nav_core2;/home/handsome/ros_ws/install/nav_grid;/home/handsome/ros_ws/install/car_schedule_msgs;/home/handsome/ros_ws/install/actionlib_modules_msgs;/home/handsome/ros_ws/install/locomotor_msgs;/home/handsome/ros_ws/install/dwb_msgs;/home/handsome/ros_ws/install/nav_2d_msgs;/home/handsome/ros_ws/install/mongodb_log;/home/handsome/ros_ws/install/mongodb_store;/home/handsome/ros_ws/install/mongodb_store_msgs;/home/handsome/ros_ws/install/ca_driver;/home/handsome/ros_ws/install/libcreate;/home/handsome/ros_ws/install/i_robot_stage;/home/handsome/ros_ws/install/i_robot_navigation;/home/handsome/ros_ws/install/hyc_order_planner;/home/handsome/ros_ws/install/hyc_multi_robot_msgs;/home/handsome/ros_ws/install/fetch_open_auto_dock;/home/handsome/ros_ws/install/fetch_auto_dock_msgs;/home/handsome/ros_ws/install/change_teb2_max_vel_x_onfly;/home/handsome/ros_ws/install/cellctrl_control_msgs;/home/handsome/ros_ws/install/car_db_manager_msgs;/home/handsome/ros_ws/install/ca_msgs;/home/handsome/ros_ws/install/ca_description;/home/handsome/ros_ws/install/botcmd_msgs;/opt/ros/melodic
-- This workspace overlays: /home/handsome/ros_ws/install/yocs_cmd_vel_mux;/home/handsome/ros_ws/install/urdf_tutorial;/home/handsome/ros_ws/install/tuw_waypoint_to_spline_msgs;/home/handsome/ros_ws/install/tuw_multi_robot_router;/home/handsome/ros_ws/install/tuw_voronoi_graph;/home/handsome/ros_ws/install/tuw_vehicle_msgs;/home/handsome/ros_ws/install/tuw_order_planner;/home/handsome/ros_ws/install/tuw_object_rviz;/home/handsome/ros_ws/install/tuw_object_msgs;/home/handsome/ros_ws/install/tuw_nav_rviz;/home/handsome/ros_ws/install/tuw_multi_robot_local_behavior_controller;/home/handsome/ros_ws/install/tuw_multi_robot_ctrl;/home/handsome/ros_ws/install/tuw_nav_msgs;/home/handsome/ros_ws/install/tuw_multi_robot_rviz;/home/handsome/ros_ws/install/tuw_multi_robot_goal_generator;/home/handsome/ros_ws/install/robot_scheduling_utility;/home/handsome/ros_ws/install/robot_scheduling_actions;/home/handsome/ros_ws/install/actionlib_modules_bridge;/home/handsome/ros_ws/install/tuw_multi_robot_msgs;/home/handsome/ros_ws/install/tuw_multi_robot_demo;/home/handsome/ros_ws/install/tuw_local_controller_msgs;/home/handsome/ros_ws/install/tuw_geometry_rviz;/home/handsome/ros_ws/install/tuw_geometry_msgs;/home/handsome/ros_ws/install/tuw_geometry;/home/handsome/ros_ws/install/tuw_gazebo_msgs;/home/handsome/ros_ws/install/tuw_control;/home/handsome/ros_ws/install/tuw_airskin_msgs;/home/handsome/ros_ws/install/turtlebot_teleop;/home/handsome/ros_ws/install/tug_example_pnp_server;/home/handsome/ros_ws/install/tug_example_actions;/home/handsome/ros_ws/install/tug_example_msgs;/home/handsome/ros_ws/install/timed_roslaunch;/home/handsome/ros_ws/install/teb2_local_planner;/home/handsome/ros_ws/install/stated_roslaunch;/home/handsome/ros_ws/install/spatio_temporal_voxel_layer;/home/handsome/ros_ws/install/robot_udp_bridge;/home/handsome/ros_ws/install/robot_database_bridge;/home/handsome/ros_ws/install/samsungcmd_msgs;/home/handsome/ros_ws/install/rplidar_ros;/home/handsome/ros_ws/install/rp_action;/home/handsome/ros_ws/install/rp_action_msgs;/home/handsome/ros_ws/install/rosserial_xbee;/home/handsome/ros_ws/install/rosserial_windows;/home/handsome/ros_ws/install/rosserial_tivac;/home/handsome/ros_ws/install/rosserial_test;/home/handsome/ros_ws/install/rosserial_server;/home/handsome/ros_ws/install/rosserial_python;/home/handsome/ros_ws/install/rosserial_mbed;/home/handsome/ros_ws/install/rosserial_embeddedlinux;/home/handsome/ros_ws/install/rosserial_arduino;/home/handsome/ros_ws/install/rosserial_client;/home/handsome/ros_ws/install/rosserial_msgs;/home/handsome/ros_ws/install/cellctrl_qtgui_bridge;/home/handsome/ros_ws/install/car_db_manager_qtgui;/home/handsome/ros_ws/install/car_db_manager_bridge;/home/handsome/ros_ws/install/car_db_manager_action;/home/handsome/ros_ws/install/ros_utility_tools;/home/handsome/ros_ws/install/ros_package_test;/home/handsome/ros_ws/install/ros_package_manager;/home/handsome/ros_ws/install/robot_scheduling_server;/home/handsome/ros_ws/install/robot_scheduling_msgs;/home/handsome/ros_ws/install/robot_localization;/home/handsome/ros_ws/install/robot_control_msgs;/home/handsome/ros_ws/install/reset_location;/home/handsome/ros_ws/install/razor_imu_9dof;/home/handsome/ros_ws/install/pnp_rosplan;/home/handsome/ros_ws/install/actionlib_pnp_controller;/home/handsome/ros_ws/install/actionlib_modules_controller;/home/handsome/ros_ws/install/pnp_ros;/home/handsome/ros_ws/install/pnp_msgs;/home/handsome/ros_ws/install/open_auto_dock;/home/handsome/ros_ws/install/open_auto_dock_msgs;/home/handsome/ros_ws/install/omron_os32c_driver;/home/handsome/ros_ws/install/dlux_plugins;/home/handsome/ros_ws/install/dlux_global_planner;/home/handsome/ros_ws/install/nav_grid_pub_sub;/home/handsome/ros_ws/install/dwb_critics;/home/handsome/ros_ws/install/nav_grid_iterators;/home/handsome/ros_ws/install/locomove_base;/home/handsome/ros_ws/install/locomotor;/home/handsome/ros_ws/install/nav_core_adapter;/home/handsome/ros_ws/install/dwb_plugins;/home/handsome/ros_ws/install/dwb_local_planner;/home/handsome/ros_ws/install/nav_2d_utils;/home/handsome/ros_ws/install/global_planner_tests;/home/handsome/ros_ws/install/costmap_queue;/home/handsome/ros_ws/install/nav_core2;/home/handsome/ros_ws/install/nav_grid;/home/handsome/ros_ws/install/car_schedule_msgs;/home/handsome/ros_ws/install/actionlib_modules_msgs;/home/handsome/ros_ws/install/locomotor_msgs;/home/handsome/ros_ws/install/dwb_msgs;/home/handsome/ros_ws/install/nav_2d_msgs;/home/handsome/ros_ws/install/mongodb_log;/home/handsome/ros_ws/install/mongodb_store;/home/handsome/ros_ws/install/mongodb_store_msgs;/home/handsome/ros_ws/install/ca_driver;/home/handsome/ros_ws/install/i_robot_stage;/home/handsome/ros_ws/install/i_robot_navigation;/home/handsome/ros_ws/install/hyc_order_planner;/home/handsome/ros_ws/install/hyc_multi_robot_msgs;/home/handsome/ros_ws/install/fetch_open_auto_dock;/home/handsome/ros_ws/install/fetch_auto_dock_msgs;/home/handsome/ros_ws/install/change_teb2_max_vel_x_onfly;/home/handsome/ros_ws/install/cellctrl_control_msgs;/home/handsome/ros_ws/install/car_db_manager_msgs;/home/handsome/ros_ws/install/ca_msgs;/home/handsome/ros_ws/install/ca_description;/home/handsome/ros_ws/install/botcmd_msgs;/opt/ros/melodic
-- Found PythonInterp: /usr/bin/python2 (found suitable version "2.7.17", minimum required is "2") 
-- Using PYTHON_EXECUTABLE: /usr/bin/python2
-- Using Debian Python package layout
-- Using empy: /usr/bin/empy
-- Using CATKIN_ENABLE_TESTING: ON
-- Call enable_testing()
-- Using CATKIN_TEST_RESULTS_DIR: /home/handsome/ros_ws_test/build/nav_2d_msgs/test_results
-- Found gtest sources under '/usr/src/googletest': gtests will be built
-- Found gmock sources under '/usr/src/googletest': gmock will be built
-- Found PythonInterp: /usr/bin/python2 (found version "2.7.17") 
-- Looking for pthread.h
-- Looking for pthread.h - found
-- Looking for pthread_create
-- Looking for pthread_create - not found
-- Looking for pthread_create in pthreads
-- Looking for pthread_create in pthreads - not found
-- Looking for pthread_create in pthread
-- Looking for pthread_create in pthread - found
-- Found Threads: TRUE  
-- Using Python nosetests: /usr/bin/nosetests-2.7
-- catkin 0.7.28
-- BUILD_SHARED_LIBS is on
-- Using these message generators: gencpp;geneus;genlisp;gennodejs;genpy
-- nav_2d_msgs: 15 messages, 1 services
-- Configuring done
-- Generating done
-- Build files have been written to: /home/handsome/ros_ws_test/build/nav_2d_msgs
[35m[1mScanning dependencies of target _nav_2d_msgs_generate_messages_check_deps_Path2D[0m
[35m[1mScanning dependencies of target _nav_2d_msgs_generate_messages_check_deps_NavGridOfDoubles[0m
[35m[1mScanning dependencies of target _nav_2d_msgs_generate_messages_check_deps_Pose2DStamped[0m
[35m[1mScanning dependencies of target _nav_2d_msgs_generate_messages_check_deps_NavGridInfo[0m
[35m[1mScanning dependencies of target _nav_2d_msgs_generate_messages_check_deps_NavGridOfChars[0m
[35m[1mScanning dependencies of target _nav_2d_msgs_generate_messages_check_deps_Point2D[0m
[35m[1mScanning dependencies of target std_msgs_generate_messages_cpp[0m
[35m[1mScanning dependencies of target _nav_2d_msgs_generate_messages_check_deps_Polygon2DStamped[0m
[35m[1mScanning dependencies of target _nav_2d_msgs_generate_messages_check_deps_UIntBounds[0m
[35m[1mScanning dependencies of target geometry_msgs_generate_messages_cpp[0m
[35m[1mScanning dependencies of target _nav_2d_msgs_generate_messages_check_deps_NavGridOfDoublesUpdate[0m
[35m[1mScanning dependencies of target _nav_2d_msgs_generate_messages_check_deps_SwitchPlugin[0m
[  0%] Built target geometry_msgs_generate_messages_cpp
[  0%] Built target std_msgs_generate_messages_cpp
[  0%] Built target _nav_2d_msgs_generate_messages_check_deps_NavGridOfDoubles
[  0%] Built target _nav_2d_msgs_generate_messages_check_deps_Path2D
[35m[1mScanning dependencies of target _nav_2d_msgs_generate_messages_check_deps_Twist2DStamped[0m
[  0%] Built target _nav_2d_msgs_generate_messages_check_deps_Point2D
[35m[1mScanning dependencies of target _nav_2d_msgs_generate_messages_check_deps_NavGridOfCharsUpdate[0m
[35m[1mScanning dependencies of target _nav_2d_msgs_generate_messages_check_deps_Pose2D32[0m
[  0%] Built target _nav_2d_msgs_generate_messages_check_deps_UIntBounds
[  0%] Built target _nav_2d_msgs_generate_messages_check_deps_Pose2DStamped
[35m[1mScanning dependencies of target _nav_2d_msgs_generate_messages_check_deps_Twist2D[0m
[35m[1mScanning dependencies of target _nav_2d_msgs_generate_messages_check_deps_Twist2D32[0m
[  0%] Built target _nav_2d_msgs_generate_messages_check_deps_SwitchPlugin
[35m[1mScanning dependencies of target _nav_2d_msgs_generate_messages_check_deps_Polygon2D[0m
[35m[1mScanning dependencies of target std_msgs_generate_messages_py[0m
[  0%] Built target _nav_2d_msgs_generate_messages_check_deps_Polygon2DStamped
[  0%] Built target _nav_2d_msgs_generate_messages_check_deps_NavGridInfo
[  0%] Built target _nav_2d_msgs_generate_messages_check_deps_NavGridOfChars
[35m[1mScanning dependencies of target geometry_msgs_generate_messages_py[0m
[  0%] Built target _nav_2d_msgs_generate_messages_check_deps_NavGridOfDoublesUpdate
[  0%] Built target std_msgs_generate_messages_py
[35m[1mScanning dependencies of target std_msgs_generate_messages_nodejs[0m
[35m[1mScanning dependencies of target geometry_msgs_generate_messages_lisp[0m
[35m[1mScanning dependencies of target geometry_msgs_generate_messages_nodejs[0m
[35m[1mScanning dependencies of target std_msgs_generate_messages_lisp[0m
[  0%] Built target std_msgs_generate_messages_nodejs
[  0%] Built target _nav_2d_msgs_generate_messages_check_deps_Twist2D
[35m[1mScanning dependencies of target std_msgs_generate_messages_eus[0m
[  0%] Built target _nav_2d_msgs_generate_messages_check_deps_Twist2DStamped
[  0%] Built target geometry_msgs_generate_messages_py
[  0%] Built target geometry_msgs_generate_messages_nodejs
[  0%] Built target std_msgs_generate_messages_lisp
[  0%] Built target geometry_msgs_generate_messages_lisp
[  0%] Built target std_msgs_generate_messages_eus
[35m[1mScanning dependencies of target geometry_msgs_generate_messages_eus[0m
[  0%] Built target _nav_2d_msgs_generate_messages_check_deps_Pose2D32
[  0%] Built target _nav_2d_msgs_generate_messages_check_deps_NavGridOfCharsUpdate
[  0%] Built target _nav_2d_msgs_generate_messages_check_deps_Polygon2D
[  0%] Built target _nav_2d_msgs_generate_messages_check_deps_Twist2D32
[  0%] Built target geometry_msgs_generate_messages_eus
[35m[1mScanning dependencies of target nav_2d_msgs_generate_messages_py[0m
[35m[1mScanning dependencies of target nav_2d_msgs_generate_messages_nodejs[0m
[35m[1mScanning dependencies of target nav_2d_msgs_generate_messages_lisp[0m
[35m[1mScanning dependencies of target nav_2d_msgs_generate_messages_cpp[0m
[35m[1mScanning dependencies of target nav_2d_msgs_generate_messages_eus[0m
[  1%] [34m[1mGenerating Javascript code from nav_2d_msgs/NavGridOfChars.msg[0m
[  2%] [34m[1mGenerating Javascript code from nav_2d_msgs/NavGridInfo.msg[0m
[  3%] [34m[1mGenerating Javascript code from nav_2d_msgs/Point2D.msg[0m
[  4%] [34m[1mGenerating Javascript code from nav_2d_msgs/UIntBounds.msg[0m
[  6%] [34m[1mGenerating Javascript code from nav_2d_msgs/NavGridOfDoublesUpdate.msg[0m
[  7%] [34m[1mGenerating Javascript code from nav_2d_msgs/Polygon2D.msg[0m
[  8%] [34m[1mGenerating Javascript code from nav_2d_msgs/Pose2DStamped.msg[0m
[ 10%] [34m[1mGenerating Javascript code from nav_2d_msgs/Polygon2DStamped.msg[0m
[  9%] [34m[1mGenerating Python from MSG nav_2d_msgs/NavGridOfChars[0m
[ 12%] [34m[1mGenerating C++ code from nav_2d_msgs/NavGridOfChars.msg[0m
[ 13%] [34m[1mGenerating EusLisp code from nav_2d_msgs/NavGridOfChars.msg[0m
[ 14%] [34m[1mGenerating Lisp code from nav_2d_msgs/NavGridOfChars.msg[0m
[ 15%] [34m[1mGenerating Javascript code from nav_2d_msgs/NavGridOfCharsUpdate.msg[0m
[ 16%] [34m[1mGenerating C++ code from nav_2d_msgs/NavGridInfo.msg[0m
[ 18%] [34m[1mGenerating Lisp code from nav_2d_msgs/NavGridInfo.msg[0m
[ 19%] [34m[1mGenerating C++ code from nav_2d_msgs/UIntBounds.msg[0m
[ 20%] [34m[1mGenerating Lisp code from nav_2d_msgs/UIntBounds.msg[0m
[ 21%] [34m[1mGenerating Python from MSG nav_2d_msgs/NavGridInfo[0m
[ 22%] [34m[1mGenerating Javascript code from nav_2d_msgs/Twist2D32.msg[0m
[ 24%] [34m[1mGenerating Javascript code from nav_2d_msgs/Path2D.msg[0m
[ 25%] [34m[1mGenerating Javascript code from nav_2d_msgs/Pose2D32.msg[0m
[ 26%] [34m[1mGenerating EusLisp code from nav_2d_msgs/NavGridInfo.msg[0m
[ 28%] [34m[1mGenerating Javascript code from nav_2d_msgs/Twist2D.msg[0m
[ 27%] [34m[1mGenerating Python from MSG nav_2d_msgs/UIntBounds[0m
[ 30%] [34m[1mGenerating Lisp code from nav_2d_msgs/Polygon2DStamped.msg[0m
[ 31%] [34m[1mGenerating Lisp code from nav_2d_msgs/NavGridOfDoublesUpdate.msg[0m
[ 32%] [34m[1mGenerating Javascript code from nav_2d_msgs/Twist2DStamped.msg[0m
[ 33%] [34m[1mGenerating EusLisp code from nav_2d_msgs/UIntBounds.msg[0m
[ 34%] [34m[1mGenerating Lisp code from nav_2d_msgs/Pose2DStamped.msg[0m
[ 36%] [34m[1mGenerating Javascript code from nav_2d_msgs/SwitchPlugin.srv[0m
[ 37%] [34m[1mGenerating C++ code from nav_2d_msgs/Polygon2DStamped.msg[0m
[ 38%] [34m[1mGenerating EusLisp code from nav_2d_msgs/Polygon2DStamped.msg[0m
[ 39%] [34m[1mGenerating Javascript code from nav_2d_msgs/NavGridOfDoubles.msg[0m
[ 40%] [34m[1mGenerating Python from MSG nav_2d_msgs/Point2D[0m
[ 42%] [34m[1mGenerating Lisp code from nav_2d_msgs/Polygon2D.msg[0m
[ 42%] Built target nav_2d_msgs_generate_messages_nodejs
[ 43%] [34m[1mGenerating EusLisp code from nav_2d_msgs/NavGridOfDoublesUpdate.msg[0m
[ 44%] [34m[1mGenerating Lisp code from nav_2d_msgs/NavGridOfCharsUpdate.msg[0m
[ 45%] [34m[1mGenerating Python from MSG nav_2d_msgs/Polygon2D[0m
[ 46%] [34m[1mGenerating C++ code from nav_2d_msgs/NavGridOfDoublesUpdate.msg[0m
[ 48%] [34m[1mGenerating Lisp code from nav_2d_msgs/Path2D.msg[0m
[ 49%] [34m[1mGenerating EusLisp code from nav_2d_msgs/Polygon2D.msg[0m
[ 50%] [34m[1mGenerating Lisp code from nav_2d_msgs/Point2D.msg[0m
[ 51%] [34m[1mGenerating Python from MSG nav_2d_msgs/NavGridOfCharsUpdate[0m
[ 53%] [34m[1mGenerating C++ code from nav_2d_msgs/Point2D.msg[0m
[ 54%] [34m[1mGenerating EusLisp code from nav_2d_msgs/NavGridOfCharsUpdate.msg[0m
[ 55%] [34m[1mGenerating Lisp code from nav_2d_msgs/Pose2D32.msg[0m
[ 57%] [34m[1mGenerating Python from MSG nav_2d_msgs/Path2D[0m
[ 57%] [34m[1mGenerating Lisp code from nav_2d_msgs/Twist2D32.msg[0m
[ 59%] [34m[1mGenerating EusLisp code from nav_2d_msgs/Path2D.msg[0m
[ 60%] [34m[1mGenerating C++ code from nav_2d_msgs/Pose2DStamped.msg[0m
[ 61%] [34m[1mGenerating Lisp code from nav_2d_msgs/Twist2DStamped.msg[0m
[ 62%] [34m[1mGenerating EusLisp code from nav_2d_msgs/Pose2DStamped.msg[0m
[ 63%] [34m[1mGenerating Python from MSG nav_2d_msgs/Pose2D32[0m
[ 65%] [34m[1mGenerating Lisp code from nav_2d_msgs/SwitchPlugin.srv[0m
[ 66%] [34m[1mGenerating C++ code from nav_2d_msgs/NavGridOfCharsUpdate.msg[0m
[ 67%] [34m[1mGenerating Python from MSG nav_2d_msgs/Twist2D32[0m
[ 68%] [34m[1mGenerating EusLisp code from nav_2d_msgs/Point2D.msg[0m
[ 69%] [34m[1mGenerating Lisp code from nav_2d_msgs/NavGridOfDoubles.msg[0m
[ 71%] [34m[1mGenerating EusLisp code from nav_2d_msgs/Pose2D32.msg[0m
[ 72%] [34m[1mGenerating Lisp code from nav_2d_msgs/Twist2D.msg[0m
[ 73%] [34m[1mGenerating C++ code from nav_2d_msgs/Pose2D32.msg[0m
[ 74%] [34m[1mGenerating EusLisp code from nav_2d_msgs/Twist2D32.msg[0m
[ 75%] [34m[1mGenerating Python from MSG nav_2d_msgs/Twist2DStamped[0m
[ 75%] Built target nav_2d_msgs_generate_messages_lisp
[ 77%] [34m[1mGenerating C++ code from nav_2d_msgs/Path2D.msg[0m
[ 78%] [34m[1mGenerating EusLisp code from nav_2d_msgs/Twist2D.msg[0m
[ 79%] [34m[1mGenerating Python code from SRV nav_2d_msgs/SwitchPlugin[0m
[ 80%] [34m[1mGenerating EusLisp code from nav_2d_msgs/NavGridOfDoubles.msg[0m
[ 81%] [34m[1mGenerating C++ code from nav_2d_msgs/Twist2D32.msg[0m
[ 83%] [34m[1mGenerating EusLisp code from nav_2d_msgs/SwitchPlugin.srv[0m
[ 84%] [34m[1mGenerating Python from MSG nav_2d_msgs/NavGridOfDoubles[0m
[ 85%] [34m[1mGenerating C++ code from nav_2d_msgs/Twist2DStamped.msg[0m
[ 86%] [34m[1mGenerating EusLisp manifest code for nav_2d_msgs[0m
[ 87%] [34m[1mGenerating C++ code from nav_2d_msgs/SwitchPlugin.srv[0m
[ 89%] [34m[1mGenerating Python from MSG nav_2d_msgs/Twist2D[0m
[ 90%] [34m[1mGenerating Python from MSG nav_2d_msgs/Pose2DStamped[0m
[ 91%] [34m[1mGenerating C++ code from nav_2d_msgs/NavGridOfDoubles.msg[0m
[ 92%] [34m[1mGenerating Python from MSG nav_2d_msgs/NavGridOfDoublesUpdate[0m
[ 93%] [34m[1mGenerating C++ code from nav_2d_msgs/Twist2D.msg[0m
[ 95%] [34m[1mGenerating Python from MSG nav_2d_msgs/Polygon2DStamped[0m
[ 96%] [34m[1mGenerating Python msg __init__.py for nav_2d_msgs[0m
[ 97%] [34m[1mGenerating C++ code from nav_2d_msgs/Polygon2D.msg[0m
[ 98%] [34m[1mGenerating EusLisp code from nav_2d_msgs/Twist2DStamped.msg[0m
[100%] [34m[1mGenerating Python srv __init__.py for nav_2d_msgs[0m
[100%] Built target nav_2d_msgs_generate_messages_cpp
[100%] Built target nav_2d_msgs_generate_messages_eus
[100%] Built target nav_2d_msgs_generate_messages_py
[35m[1mScanning dependencies of target nav_2d_msgs_generate_messages[0m
[100%] Built target nav_2d_msgs_generate_messages
[35m[1mScanning dependencies of target tests[0m
Built target tests
[  0%] Built target _nav_2d_msgs_generate_messages_check_deps_NavGridOfDoubles
[  0%] Built target _nav_2d_msgs_generate_messages_check_deps_Point2D
[  0%] Built target _nav_2d_msgs_generate_messages_check_deps_NavGridOfCharsUpdate
[  0%] Built target _nav_2d_msgs_generate_messages_check_deps_Twist2DStamped
[  0%] Built target _nav_2d_msgs_generate_messages_check_deps_Twist2D
[  0%] Built target _nav_2d_msgs_generate_messages_check_deps_Pose2D32
[  0%] Built target _nav_2d_msgs_generate_messages_check_deps_Twist2D32
[  0%] Built target _nav_2d_msgs_generate_messages_check_deps_Polygon2D
[  0%] Built target std_msgs_generate_messages_py
[  0%] Built target geometry_msgs_generate_messages_py
[  0%] Built target std_msgs_generate_messages_nodejs
[  0%] Built target geometry_msgs_generate_messages_nodejs
[  0%] Built target std_msgs_generate_messages_lisp
[  0%] Built target geometry_msgs_generate_messages_lisp
[  0%] Built target std_msgs_generate_messages_eus
[  0%] Built target geometry_msgs_generate_messages_eus
[  0%] Built target _nav_2d_msgs_generate_messages_check_deps_NavGridOfDoublesUpdate
[  0%] Built target _nav_2d_msgs_generate_messages_check_deps_SwitchPlugin
[  0%] Built target _nav_2d_msgs_generate_messages_check_deps_UIntBounds
[  0%] Built target geometry_msgs_generate_messages_cpp
[  0%] Built target _nav_2d_msgs_generate_messages_check_deps_Polygon2DStamped
[  0%] Built target std_msgs_generate_messages_cpp
[  0%] Built target _nav_2d_msgs_generate_messages_check_deps_NavGridOfChars
[  0%] Built target _nav_2d_msgs_generate_messages_check_deps_Path2D
[  0%] Built target _nav_2d_msgs_generate_messages_check_deps_Pose2DStamped
[  0%] Built target _nav_2d_msgs_generate_messages_check_deps_NavGridInfo
[ 19%] Built target nav_2d_msgs_generate_messages_cpp
[ 39%] Built target nav_2d_msgs_generate_messages_eus
[ 59%] Built target nav_2d_msgs_generate_messages_lisp
[ 78%] Built target nav_2d_msgs_generate_messages_nodejs
[100%] Built target nav_2d_msgs_generate_messages_py
[100%] Built target nav_2d_msgs_generate_messages
[36mInstall the project...[0m
-- Install configuration: ""
-- Installing: /home/handsome/ros_ws_test/install/nav_2d_msgs/share/nav_2d_msgs/msg/NavGridInfo.msg
-- Installing: /home/handsome/ros_ws_test/install/nav_2d_msgs/share/nav_2d_msgs/msg/NavGridOfChars.msg
-- Installing: /home/handsome/ros_ws_test/install/nav_2d_msgs/share/nav_2d_msgs/msg/NavGridOfCharsUpdate.msg
-- Installing: /home/handsome/ros_ws_test/install/nav_2d_msgs/share/nav_2d_msgs/msg/NavGridOfDoubles.msg
-- Installing: /home/handsome/ros_ws_test/install/nav_2d_msgs/share/nav_2d_msgs/msg/NavGridOfDoublesUpdate.msg
-- Installing: /home/handsome/ros_ws_test/install/nav_2d_msgs/share/nav_2d_msgs/msg/Path2D.msg
-- Installing: /home/handsome/ros_ws_test/install/nav_2d_msgs/share/nav_2d_msgs/msg/Point2D.msg
-- Installing: /home/handsome/ros_ws_test/install/nav_2d_msgs/share/nav_2d_msgs/msg/Polygon2D.msg
-- Installing: /home/handsome/ros_ws_test/install/nav_2d_msgs/share/nav_2d_msgs/msg/Polygon2DStamped.msg
-- Installing: /home/handsome/ros_ws_test/install/nav_2d_msgs/share/nav_2d_msgs/msg/Pose2D32.msg
-- Installing: /home/handsome/ros_ws_test/install/nav_2d_msgs/share/nav_2d_msgs/msg/Pose2DStamped.msg
-- Installing: /home/handsome/ros_ws_test/install/nav_2d_msgs/share/nav_2d_msgs/msg/Twist2D.msg
-- Installing: /home/handsome/ros_ws_test/install/nav_2d_msgs/share/nav_2d_msgs/msg/Twist2D32.msg
-- Installing: /home/handsome/ros_ws_test/install/nav_2d_msgs/share/nav_2d_msgs/msg/Twist2DStamped.msg
-- Installing: /home/handsome/ros_ws_test/install/nav_2d_msgs/share/nav_2d_msgs/msg/UIntBounds.msg
-- Installing: /home/handsome/ros_ws_test/install/nav_2d_msgs/share/nav_2d_msgs/srv/SwitchPlugin.srv
-- Installing: /home/handsome/ros_ws_test/install/nav_2d_msgs/share/nav_2d_msgs/cmake/nav_2d_msgs-msg-paths.cmake
-- Installing: /home/handsome/ros_ws_test/install/nav_2d_msgs/include/nav_2d_msgs
-- Installing: /home/handsome/ros_ws_test/install/nav_2d_msgs/include/nav_2d_msgs/Polygon2D.h
-- Installing: /home/handsome/ros_ws_test/install/nav_2d_msgs/include/nav_2d_msgs/NavGridInfo.h
-- Installing: /home/handsome/ros_ws_test/install/nav_2d_msgs/include/nav_2d_msgs/NavGridOfChars.h
-- Installing: /home/handsome/ros_ws_test/install/nav_2d_msgs/include/nav_2d_msgs/Pose2DStamped.h
-- Installing: /home/handsome/ros_ws_test/install/nav_2d_msgs/include/nav_2d_msgs/NavGridOfDoublesUpdate.h
-- Installing: /home/handsome/ros_ws_test/install/nav_2d_msgs/include/nav_2d_msgs/SwitchPlugin.h
-- Installing: /home/handsome/ros_ws_test/install/nav_2d_msgs/include/nav_2d_msgs/NavGridOfCharsUpdate.h
-- Installing: /home/handsome/ros_ws_test/install/nav_2d_msgs/include/nav_2d_msgs/Pose2D32.h
-- Installing: /home/handsome/ros_ws_test/install/nav_2d_msgs/include/nav_2d_msgs/Twist2D32.h
-- Installing: /home/handsome/ros_ws_test/install/nav_2d_msgs/include/nav_2d_msgs/SwitchPluginRequest.h
-- Installing: /home/handsome/ros_ws_test/install/nav_2d_msgs/include/nav_2d_msgs/Point2D.h
-- Installing: /home/handsome/ros_ws_test/install/nav_2d_msgs/include/nav_2d_msgs/Polygon2DStamped.h
-- Installing: /home/handsome/ros_ws_test/install/nav_2d_msgs/include/nav_2d_msgs/SwitchPluginResponse.h
-- Installing: /home/handsome/ros_ws_test/install/nav_2d_msgs/include/nav_2d_msgs/Twist2D.h
-- Installing: /home/handsome/ros_ws_test/install/nav_2d_msgs/include/nav_2d_msgs/UIntBounds.h
-- Installing: /home/handsome/ros_ws_test/install/nav_2d_msgs/include/nav_2d_msgs/NavGridOfDoubles.h
-- Installing: /home/handsome/ros_ws_test/install/nav_2d_msgs/include/nav_2d_msgs/Path2D.h
-- Installing: /home/handsome/ros_ws_test/install/nav_2d_msgs/include/nav_2d_msgs/Twist2DStamped.h
-- Installing: /home/handsome/ros_ws_test/install/nav_2d_msgs/share/roseus/ros/nav_2d_msgs
-- Installing: /home/handsome/ros_ws_test/install/nav_2d_msgs/share/roseus/ros/nav_2d_msgs/msg
-- Installing: /home/handsome/ros_ws_test/install/nav_2d_msgs/share/roseus/ros/nav_2d_msgs/msg/Pose2DStamped.l
-- Installing: /home/handsome/ros_ws_test/install/nav_2d_msgs/share/roseus/ros/nav_2d_msgs/msg/NavGridOfDoubles.l
-- Installing: /home/handsome/ros_ws_test/install/nav_2d_msgs/share/roseus/ros/nav_2d_msgs/msg/NavGridInfo.l
-- Installing: /home/handsome/ros_ws_test/install/nav_2d_msgs/share/roseus/ros/nav_2d_msgs/msg/Twist2DStamped.l
-- Installing: /home/handsome/ros_ws_test/install/nav_2d_msgs/share/roseus/ros/nav_2d_msgs/msg/NavGridOfChars.l
-- Installing: /home/handsome/ros_ws_test/install/nav_2d_msgs/share/roseus/ros/nav_2d_msgs/msg/Pose2D32.l
-- Installing: /home/handsome/ros_ws_test/install/nav_2d_msgs/share/roseus/ros/nav_2d_msgs/msg/Polygon2DStamped.l
-- Installing: /home/handsome/ros_ws_test/install/nav_2d_msgs/share/roseus/ros/nav_2d_msgs/msg/Twist2D32.l
-- Installing: /home/handsome/ros_ws_test/install/nav_2d_msgs/share/roseus/ros/nav_2d_msgs/msg/UIntBounds.l
-- Installing: /home/handsome/ros_ws_test/install/nav_2d_msgs/share/roseus/ros/nav_2d_msgs/msg/NavGridOfCharsUpdate.l
-- Installing: /home/handsome/ros_ws_test/install/nav_2d_msgs/share/roseus/ros/nav_2d_msgs/msg/Polygon2D.l
-- Installing: /home/handsome/ros_ws_test/install/nav_2d_msgs/share/roseus/ros/nav_2d_msgs/msg/Twist2D.l
-- Installing: /home/handsome/ros_ws_test/install/nav_2d_msgs/share/roseus/ros/nav_2d_msgs/msg/NavGridOfDoublesUpdate.l
-- Installing: /home/handsome/ros_ws_test/install/nav_2d_msgs/share/roseus/ros/nav_2d_msgs/msg/Path2D.l
-- Installing: /home/handsome/ros_ws_test/install/nav_2d_msgs/share/roseus/ros/nav_2d_msgs/msg/Point2D.l
-- Installing: /home/handsome/ros_ws_test/install/nav_2d_msgs/share/roseus/ros/nav_2d_msgs/manifest.l
-- Installing: /home/handsome/ros_ws_test/install/nav_2d_msgs/share/roseus/ros/nav_2d_msgs/srv
-- Installing: /home/handsome/ros_ws_test/install/nav_2d_msgs/share/roseus/ros/nav_2d_msgs/srv/SwitchPlugin.l
-- Installing: /home/handsome/ros_ws_test/install/nav_2d_msgs/share/common-lisp/ros/nav_2d_msgs
-- Installing: /home/handsome/ros_ws_test/install/nav_2d_msgs/share/common-lisp/ros/nav_2d_msgs/msg
-- Installing: /home/handsome/ros_ws_test/install/nav_2d_msgs/share/common-lisp/ros/nav_2d_msgs/msg/Pose2D32.lisp
-- Installing: /home/handsome/ros_ws_test/install/nav_2d_msgs/share/common-lisp/ros/nav_2d_msgs/msg/Point2D.lisp
-- Installing: /home/handsome/ros_ws_test/install/nav_2d_msgs/share/common-lisp/ros/nav_2d_msgs/msg/NavGridOfDoublesUpdate.lisp
-- Installing: /home/handsome/ros_ws_test/install/nav_2d_msgs/share/common-lisp/ros/nav_2d_msgs/msg/Polygon2D.lisp
-- Installing: /home/handsome/ros_ws_test/install/nav_2d_msgs/share/common-lisp/ros/nav_2d_msgs/msg/_package_NavGridOfCharsUpdate.lisp
-- Installing: /home/handsome/ros_ws_test/install/nav_2d_msgs/share/common-lisp/ros/nav_2d_msgs/msg/Twist2D32.lisp
-- Installing: /home/handsome/ros_ws_test/install/nav_2d_msgs/share/common-lisp/ros/nav_2d_msgs/msg/Pose2DStamped.lisp
-- Installing: /home/handsome/ros_ws_test/install/nav_2d_msgs/share/common-lisp/ros/nav_2d_msgs/msg/_package_NavGridOfDoublesUpdate.lisp
-- Installing: /home/handsome/ros_ws_test/install/nav_2d_msgs/share/common-lisp/ros/nav_2d_msgs/msg/_package_Twist2DStamped.lisp
-- Installing: /home/handsome/ros_ws_test/install/nav_2d_msgs/share/common-lisp/ros/nav_2d_msgs/msg/_package_Point2D.lisp
-- Installing: /home/handsome/ros_ws_test/install/nav_2d_msgs/share/common-lisp/ros/nav_2d_msgs/msg/_package_NavGridInfo.lisp
-- Installing: /home/handsome/ros_ws_test/install/nav_2d_msgs/share/common-lisp/ros/nav_2d_msgs/msg/_package.lisp
-- Installing: /home/handsome/ros_ws_test/install/nav_2d_msgs/share/common-lisp/ros/nav_2d_msgs/msg/Twist2DStamped.lisp
-- Installing: /home/handsome/ros_ws_test/install/nav_2d_msgs/share/common-lisp/ros/nav_2d_msgs/msg/Polygon2DStamped.lisp
-- Installing: /home/handsome/ros_ws_test/install/nav_2d_msgs/share/common-lisp/ros/nav_2d_msgs/msg/nav_2d_msgs-msg.asd
-- Installing: /home/handsome/ros_ws_test/install/nav_2d_msgs/share/common-lisp/ros/nav_2d_msgs/msg/NavGridOfChars.lisp
-- Installing: /home/handsome/ros_ws_test/install/nav_2d_msgs/share/common-lisp/ros/nav_2d_msgs/msg/_package_UIntBounds.lisp
-- Installing: /home/handsome/ros_ws_test/install/nav_2d_msgs/share/common-lisp/ros/nav_2d_msgs/msg/NavGridInfo.lisp
-- Installing: /home/handsome/ros_ws_test/install/nav_2d_msgs/share/common-lisp/ros/nav_2d_msgs/msg/_package_Polygon2DStamped.lisp
-- Installing: /home/handsome/ros_ws_test/install/nav_2d_msgs/share/common-lisp/ros/nav_2d_msgs/msg/NavGridOfCharsUpdate.lisp
-- Installing: /home/handsome/ros_ws_test/install/nav_2d_msgs/share/common-lisp/ros/nav_2d_msgs/msg/_package_Twist2D.lisp
-- Installing: /home/handsome/ros_ws_test/install/nav_2d_msgs/share/common-lisp/ros/nav_2d_msgs/msg/Path2D.lisp
-- Installing: /home/handsome/ros_ws_test/install/nav_2d_msgs/share/common-lisp/ros/nav_2d_msgs/msg/Twist2D.lisp
-- Installing: /home/handsome/ros_ws_test/install/nav_2d_msgs/share/common-lisp/ros/nav_2d_msgs/msg/_package_Pose2DStamped.lisp
-- Installing: /home/handsome/ros_ws_test/install/nav_2d_msgs/share/common-lisp/ros/nav_2d_msgs/msg/UIntBounds.lisp
-- Installing: /home/handsome/ros_ws_test/install/nav_2d_msgs/share/common-lisp/ros/nav_2d_msgs/msg/NavGridOfDoubles.lisp
-- Installing: /home/handsome/ros_ws_test/install/nav_2d_msgs/share/common-lisp/ros/nav_2d_msgs/msg/_package_NavGridOfChars.lisp
-- Installing: /home/handsome/ros_ws_test/install/nav_2d_msgs/share/common-lisp/ros/nav_2d_msgs/msg/_package_NavGridOfDoubles.lisp
-- Installing: /home/handsome/ros_ws_test/install/nav_2d_msgs/share/common-lisp/ros/nav_2d_msgs/msg/_package_Polygon2D.lisp
-- Installing: /home/handsome/ros_ws_test/install/nav_2d_msgs/share/common-lisp/ros/nav_2d_msgs/msg/_package_Path2D.lisp
-- Installing: /home/handsome/ros_ws_test/install/nav_2d_msgs/share/common-lisp/ros/nav_2d_msgs/msg/_package_Pose2D32.lisp
-- Installing: /home/handsome/ros_ws_test/install/nav_2d_msgs/share/common-lisp/ros/nav_2d_msgs/msg/_package_Twist2D32.lisp
-- Installing: /home/handsome/ros_ws_test/install/nav_2d_msgs/share/common-lisp/ros/nav_2d_msgs/srv
-- Installing: /home/handsome/ros_ws_test/install/nav_2d_msgs/share/common-lisp/ros/nav_2d_msgs/srv/_package.lisp
-- Installing: /home/handsome/ros_ws_test/install/nav_2d_msgs/share/common-lisp/ros/nav_2d_msgs/srv/nav_2d_msgs-srv.asd
-- Installing: /home/handsome/ros_ws_test/install/nav_2d_msgs/share/common-lisp/ros/nav_2d_msgs/srv/_package_SwitchPlugin.lisp
-- Installing: /home/handsome/ros_ws_test/install/nav_2d_msgs/share/common-lisp/ros/nav_2d_msgs/srv/SwitchPlugin.lisp
-- Installing: /home/handsome/ros_ws_test/install/nav_2d_msgs/share/gennodejs/ros/nav_2d_msgs
-- Installing: /home/handsome/ros_ws_test/install/nav_2d_msgs/share/gennodejs/ros/nav_2d_msgs/msg
-- Installing: /home/handsome/ros_ws_test/install/nav_2d_msgs/share/gennodejs/ros/nav_2d_msgs/msg/NavGridOfCharsUpdate.js
-- Installing: /home/handsome/ros_ws_test/install/nav_2d_msgs/share/gennodejs/ros/nav_2d_msgs/msg/Polygon2D.js
-- Installing: /home/handsome/ros_ws_test/install/nav_2d_msgs/share/gennodejs/ros/nav_2d_msgs/msg/Twist2D.js
-- Installing: /home/handsome/ros_ws_test/install/nav_2d_msgs/share/gennodejs/ros/nav_2d_msgs/msg/NavGridInfo.js
-- Installing: /home/handsome/ros_ws_test/install/nav_2d_msgs/share/gennodejs/ros/nav_2d_msgs/msg/_index.js
-- Installing: /home/handsome/ros_ws_test/install/nav_2d_msgs/share/gennodejs/ros/nav_2d_msgs/msg/Path2D.js
-- Installing: /home/handsome/ros_ws_test/install/nav_2d_msgs/share/gennodejs/ros/nav_2d_msgs/msg/Pose2DStamped.js
-- Installing: /home/handsome/ros_ws_test/install/nav_2d_msgs/share/gennodejs/ros/nav_2d_msgs/msg/NavGridOfDoubles.js
-- Installing: /home/handsome/ros_ws_test/install/nav_2d_msgs/share/gennodejs/ros/nav_2d_msgs/msg/Twist2DStamped.js
-- Installing: /home/handsome/ros_ws_test/install/nav_2d_msgs/share/gennodejs/ros/nav_2d_msgs/msg/Polygon2DStamped.js
-- Installing: /home/handsome/ros_ws_test/install/nav_2d_msgs/share/gennodejs/ros/nav_2d_msgs/msg/NavGridOfDoublesUpdate.js
-- Installing: /home/handsome/ros_ws_test/install/nav_2d_msgs/share/gennodejs/ros/nav_2d_msgs/msg/UIntBounds.js
-- Installing: /home/handsome/ros_ws_test/install/nav_2d_msgs/share/gennodejs/ros/nav_2d_msgs/msg/NavGridOfChars.js
-- Installing: /home/handsome/ros_ws_test/install/nav_2d_msgs/share/gennodejs/ros/nav_2d_msgs/msg/Point2D.js
-- Installing: /home/handsome/ros_ws_test/install/nav_2d_msgs/share/gennodejs/ros/nav_2d_msgs/msg/Twist2D32.js
-- Installing: /home/handsome/ros_ws_test/install/nav_2d_msgs/share/gennodejs/ros/nav_2d_msgs/msg/Pose2D32.js
-- Installing: /home/handsome/ros_ws_test/install/nav_2d_msgs/share/gennodejs/ros/nav_2d_msgs/_index.js
-- Installing: /home/handsome/ros_ws_test/install/nav_2d_msgs/share/gennodejs/ros/nav_2d_msgs/srv
-- Installing: /home/handsome/ros_ws_test/install/nav_2d_msgs/share/gennodejs/ros/nav_2d_msgs/srv/_index.js
-- Installing: /home/handsome/ros_ws_test/install/nav_2d_msgs/share/gennodejs/ros/nav_2d_msgs/srv/SwitchPlugin.js
Listing /home/handsome/ros_ws_test/build/nav_2d_msgs/devel/lib/python2.7/dist-packages/nav_2d_msgs ...
Compiling /home/handsome/ros_ws_test/build/nav_2d_msgs/devel/lib/python2.7/dist-packages/nav_2d_msgs/__init__.py ...
Listing /home/handsome/ros_ws_test/build/nav_2d_msgs/devel/lib/python2.7/dist-packages/nav_2d_msgs/msg ...
Compiling /home/handsome/ros_ws_test/build/nav_2d_msgs/devel/lib/python2.7/dist-packages/nav_2d_msgs/msg/_NavGridInfo.py ...
Compiling /home/handsome/ros_ws_test/build/nav_2d_msgs/devel/lib/python2.7/dist-packages/nav_2d_msgs/msg/_NavGridOfChars.py ...
Compiling /home/handsome/ros_ws_test/build/nav_2d_msgs/devel/lib/python2.7/dist-packages/nav_2d_msgs/msg/_NavGridOfCharsUpdate.py ...
Compiling /home/handsome/ros_ws_test/build/nav_2d_msgs/devel/lib/python2.7/dist-packages/nav_2d_msgs/msg/_NavGridOfDoubles.py ...
Compiling /home/handsome/ros_ws_test/build/nav_2d_msgs/devel/lib/python2.7/dist-packages/nav_2d_msgs/msg/_NavGridOfDoublesUpdate.py ...
Compiling /home/handsome/ros_ws_test/build/nav_2d_msgs/devel/lib/python2.7/dist-packages/nav_2d_msgs/msg/_Path2D.py ...
Compiling /home/handsome/ros_ws_test/build/nav_2d_msgs/devel/lib/python2.7/dist-packages/nav_2d_msgs/msg/_Point2D.py ...
Compiling /home/handsome/ros_ws_test/build/nav_2d_msgs/devel/lib/python2.7/dist-packages/nav_2d_msgs/msg/_Polygon2D.py ...
Compiling /home/handsome/ros_ws_test/build/nav_2d_msgs/devel/lib/python2.7/dist-packages/nav_2d_msgs/msg/_Polygon2DStamped.py ...
Compiling /home/handsome/ros_ws_test/build/nav_2d_msgs/devel/lib/python2.7/dist-packages/nav_2d_msgs/msg/_Pose2D32.py ...
Compiling /home/handsome/ros_ws_test/build/nav_2d_msgs/devel/lib/python2.7/dist-packages/nav_2d_msgs/msg/_Pose2DStamped.py ...
Compiling /home/handsome/ros_ws_test/build/nav_2d_msgs/devel/lib/python2.7/dist-packages/nav_2d_msgs/msg/_Twist2D.py ...
Compiling /home/handsome/ros_ws_test/build/nav_2d_msgs/devel/lib/python2.7/dist-packages/nav_2d_msgs/msg/_Twist2D32.py ...
Compiling /home/handsome/ros_ws_test/build/nav_2d_msgs/devel/lib/python2.7/dist-packages/nav_2d_msgs/msg/_Twist2DStamped.py ...
Compiling /home/handsome/ros_ws_test/build/nav_2d_msgs/devel/lib/python2.7/dist-packages/nav_2d_msgs/msg/_UIntBounds.py ...
Compiling /home/handsome/ros_ws_test/build/nav_2d_msgs/devel/lib/python2.7/dist-packages/nav_2d_msgs/msg/__init__.py ...
Listing /home/handsome/ros_ws_test/build/nav_2d_msgs/devel/lib/python2.7/dist-packages/nav_2d_msgs/srv ...
Compiling /home/handsome/ros_ws_test/build/nav_2d_msgs/devel/lib/python2.7/dist-packages/nav_2d_msgs/srv/_SwitchPlugin.py ...
Compiling /home/handsome/ros_ws_test/build/nav_2d_msgs/devel/lib/python2.7/dist-packages/nav_2d_msgs/srv/__init__.py ...
-- Installing: /home/handsome/ros_ws_test/install/nav_2d_msgs/lib/python2.7/dist-packages/nav_2d_msgs
-- Installing: /home/handsome/ros_ws_test/install/nav_2d_msgs/lib/python2.7/dist-packages/nav_2d_msgs/msg
-- Installing: /home/handsome/ros_ws_test/install/nav_2d_msgs/lib/python2.7/dist-packages/nav_2d_msgs/msg/_NavGridInfo.pyc
-- Installing: /home/handsome/ros_ws_test/install/nav_2d_msgs/lib/python2.7/dist-packages/nav_2d_msgs/msg/_Twist2DStamped.pyc
-- Installing: /home/handsome/ros_ws_test/install/nav_2d_msgs/lib/python2.7/dist-packages/nav_2d_msgs/msg/_UIntBounds.pyc
-- Installing: /home/handsome/ros_ws_test/install/nav_2d_msgs/lib/python2.7/dist-packages/nav_2d_msgs/msg/_Pose2DStamped.py
-- Installing: /home/handsome/ros_ws_test/install/nav_2d_msgs/lib/python2.7/dist-packages/nav_2d_msgs/msg/_Twist2D32.py
-- Installing: /home/handsome/ros_ws_test/install/nav_2d_msgs/lib/python2.7/dist-packages/nav_2d_msgs/msg/_Polygon2D.pyc
-- Installing: /home/handsome/ros_ws_test/install/nav_2d_msgs/lib/python2.7/dist-packages/nav_2d_msgs/msg/__init__.py
-- Installing: /home/handsome/ros_ws_test/install/nav_2d_msgs/lib/python2.7/dist-packages/nav_2d_msgs/msg/_NavGridOfChars.pyc
-- Installing: /home/handsome/ros_ws_test/install/nav_2d_msgs/lib/python2.7/dist-packages/nav_2d_msgs/msg/_Twist2D32.pyc
-- Installing: /home/handsome/ros_ws_test/install/nav_2d_msgs/lib/python2.7/dist-packages/nav_2d_msgs/msg/_NavGridOfCharsUpdate.pyc
-- Installing: /home/handsome/ros_ws_test/install/nav_2d_msgs/lib/python2.7/dist-packages/nav_2d_msgs/msg/_NavGridOfDoubles.pyc
-- Installing: /home/handsome/ros_ws_test/install/nav_2d_msgs/lib/python2.7/dist-packages/nav_2d_msgs/msg/_Polygon2D.py
-- Installing: /home/handsome/ros_ws_test/install/nav_2d_msgs/lib/python2.7/dist-packages/nav_2d_msgs/msg/_Twist2DStamped.py
-- Installing: /home/handsome/ros_ws_test/install/nav_2d_msgs/lib/python2.7/dist-packages/nav_2d_msgs/msg/_Twist2D.py
-- Installing: /home/handsome/ros_ws_test/install/nav_2d_msgs/lib/python2.7/dist-packages/nav_2d_msgs/msg/_UIntBounds.py
-- Installing: /home/handsome/ros_ws_test/install/nav_2d_msgs/lib/python2.7/dist-packages/nav_2d_msgs/msg/_NavGridOfDoubles.py
-- Installing: /home/handsome/ros_ws_test/install/nav_2d_msgs/lib/python2.7/dist-packages/nav_2d_msgs/msg/_NavGridOfDoublesUpdate.pyc
-- Installing: /home/handsome/ros_ws_test/install/nav_2d_msgs/lib/python2.7/dist-packages/nav_2d_msgs/msg/_Path2D.pyc
-- Installing: /home/handsome/ros_ws_test/install/nav_2d_msgs/lib/python2.7/dist-packages/nav_2d_msgs/msg/_Twist2D.pyc
-- Installing: /home/handsome/ros_ws_test/install/nav_2d_msgs/lib/python2.7/dist-packages/nav_2d_msgs/msg/_Pose2D32.pyc
-- Installing: /home/handsome/ros_ws_test/install/nav_2d_msgs/lib/python2.7/dist-packages/nav_2d_msgs/msg/_NavGridOfDoublesUpdate.py
-- Installing: /home/handsome/ros_ws_test/install/nav_2d_msgs/lib/python2.7/dist-packages/nav_2d_msgs/msg/_NavGridInfo.py
-- Installing: /home/handsome/ros_ws_test/install/nav_2d_msgs/lib/python2.7/dist-packages/nav_2d_msgs/msg/_Pose2DStamped.pyc
-- Installing: /home/handsome/ros_ws_test/install/nav_2d_msgs/lib/python2.7/dist-packages/nav_2d_msgs/msg/_Point2D.py
-- Installing: /home/handsome/ros_ws_test/install/nav_2d_msgs/lib/python2.7/dist-packages/nav_2d_msgs/msg/_Pose2D32.py
-- Installing: /home/handsome/ros_ws_test/install/nav_2d_msgs/lib/python2.7/dist-packages/nav_2d_msgs/msg/__init__.pyc
-- Installing: /home/handsome/ros_ws_test/install/nav_2d_msgs/lib/python2.7/dist-packages/nav_2d_msgs/msg/_NavGridOfCharsUpdate.py
-- Installing: /home/handsome/ros_ws_test/install/nav_2d_msgs/lib/python2.7/dist-packages/nav_2d_msgs/msg/_Path2D.py
-- Installing: /home/handsome/ros_ws_test/install/nav_2d_msgs/lib/python2.7/dist-packages/nav_2d_msgs/msg/_NavGridOfChars.py
-- Installing: /home/handsome/ros_ws_test/install/nav_2d_msgs/lib/python2.7/dist-packages/nav_2d_msgs/msg/_Point2D.pyc
-- Installing: /home/handsome/ros_ws_test/install/nav_2d_msgs/lib/python2.7/dist-packages/nav_2d_msgs/msg/_Polygon2DStamped.pyc
-- Installing: /home/handsome/ros_ws_test/install/nav_2d_msgs/lib/python2.7/dist-packages/nav_2d_msgs/msg/_Polygon2DStamped.py
-- Installing: /home/handsome/ros_ws_test/install/nav_2d_msgs/lib/python2.7/dist-packages/nav_2d_msgs/__init__.py
-- Installing: /home/handsome/ros_ws_test/install/nav_2d_msgs/lib/python2.7/dist-packages/nav_2d_msgs/srv
-- Installing: /home/handsome/ros_ws_test/install/nav_2d_msgs/lib/python2.7/dist-packages/nav_2d_msgs/srv/__init__.py
-- Installing: /home/handsome/ros_ws_test/install/nav_2d_msgs/lib/python2.7/dist-packages/nav_2d_msgs/srv/_SwitchPlugin.py
-- Installing: /home/handsome/ros_ws_test/install/nav_2d_msgs/lib/python2.7/dist-packages/nav_2d_msgs/srv/__init__.pyc
-- Installing: /home/handsome/ros_ws_test/install/nav_2d_msgs/lib/python2.7/dist-packages/nav_2d_msgs/srv/_SwitchPlugin.pyc
-- Installing: /home/handsome/ros_ws_test/install/nav_2d_msgs/lib/python2.7/dist-packages/nav_2d_msgs/__init__.pyc
-- Installing: /home/handsome/ros_ws_test/install/nav_2d_msgs/lib/pkgconfig/nav_2d_msgs.pc
-- Installing: /home/handsome/ros_ws_test/install/nav_2d_msgs/share/nav_2d_msgs/cmake/nav_2d_msgs-msg-extras.cmake
-- Installing: /home/handsome/ros_ws_test/install/nav_2d_msgs/share/nav_2d_msgs/cmake/nav_2d_msgsConfig.cmake
-- Installing: /home/handsome/ros_ws_test/install/nav_2d_msgs/share/nav_2d_msgs/cmake/nav_2d_msgsConfig-version.cmake
-- Installing: /home/handsome/ros_ws_test/install/nav_2d_msgs/share/nav_2d_msgs/package.xml
