[  0%] Built target _catkin_empty_exported_target
[  0%] Built target visualization_msgs_generate_messages_py
[ 18%] Built target trajectory_utils
[ 18%] Built target std_msgs_generate_messages_py
[ 18%] Built target std_msgs_generate_messages_nodejs
[ 18%] Built target actionlib_msgs_generate_messages_nodejs
[ 18%] Built target roscpp_generate_messages_lisp
[ 18%] Built target dwb_msgs_generate_messages_cpp
[ 18%] Built target dwb_msgs_generate_messages_nodejs
[ 18%] Built target dwb_msgs_generate_messages_py
[ 18%] Built target nav_msgs_generate_messages_nodejs
[ 18%] Built target geometry_msgs_generate_messages_lisp
[ 18%] Built target nav_2d_msgs_generate_messages_nodejs
[ 18%] Built target nav_2d_msgs_generate_messages_cpp
[ 18%] Built target nav_msgs_generate_messages_cpp
[ 18%] Built target nav_2d_msgs_generate_messages_lisp
[ 18%] Built target sensor_msgs_generate_messages_lisp
[ 18%] Built target tf2_msgs_generate_messages_cpp
[ 18%] Built target nav_msgs_generate_messages_lisp
[ 18%] Built target dwb_msgs_generate_messages_lisp
[ 18%] Built target tf_generate_messages_lisp
[ 18%] Built target dwb_msgs_generate_messages_eus
[ 18%] Built target std_msgs_generate_messages_cpp
[ 18%] Built target rosgraph_msgs_generate_messages_cpp
[ 18%] Built target std_msgs_generate_messages_eus
[ 18%] Built target visualization_msgs_generate_messages_lisp
[ 18%] Built target visualization_msgs_generate_messages_nodejs
[ 18%] Built target std_msgs_generate_messages_lisp
[ 18%] Built target roscpp_generate_messages_nodejs
[ 18%] Built target geometry_msgs_generate_messages_eus
[ 18%] Built target geometry_msgs_generate_messages_nodejs
[ 18%] Built target actionlib_generate_messages_eus
[ 18%] Built target geometry_msgs_generate_messages_py
[ 18%] Built target geometry_msgs_generate_messages_cpp
[ 18%] Built target roscpp_generate_messages_py
[ 18%] Built target actionlib_generate_messages_lisp
[ 18%] Built target nav_2d_msgs_generate_messages_py
[ 18%] Built target rosgraph_msgs_generate_messages_eus
[ 18%] Built target rosgraph_msgs_generate_messages_lisp
[ 18%] Built target rosgraph_msgs_generate_messages_nodejs
[ 18%] Built target actionlib_msgs_generate_messages_eus
[ 18%] Built target roscpp_generate_messages_eus
[ 18%] Built target rosgraph_msgs_generate_messages_py
[ 18%] Built target nav_msgs_generate_messages_py
[ 18%] Built target tf2_msgs_generate_messages_lisp
[ 18%] Built target actionlib_generate_messages_py
[ 18%] Built target tf2_msgs_generate_messages_py
[ 18%] Built target tf2_msgs_generate_messages_nodejs
[ 18%] Built target actionlib_generate_messages_nodejs
[ 18%] Built target tf_generate_messages_cpp
[ 18%] Built target actionlib_msgs_generate_messages_cpp
[ 18%] Built target tf_generate_messages_nodejs
[ 18%] Built target tf_generate_messages_py
[ 18%] Built target sensor_msgs_generate_messages_py
[ 18%] Built target sensor_msgs_generate_messages_cpp
[ 18%] Built target nav_msgs_generate_messages_eus
[ 18%] Built target tf2_msgs_generate_messages_eus
[ 18%] Built target visualization_msgs_generate_messages_cpp
[ 18%] Built target visualization_msgs_generate_messages_eus
[ 18%] Built target tf_generate_messages_eus
[ 18%] Built target nav_2d_msgs_generate_messages_eus
[ 18%] Built target sensor_msgs_generate_messages_nodejs
[ 18%] Built target roscpp_generate_messages_cpp
[ 18%] Built target actionlib_generate_messages_cpp
[ 18%] Built target actionlib_msgs_generate_messages_lisp
[ 18%] Built target actionlib_msgs_generate_messages_py
[ 18%] Built target sensor_msgs_generate_messages_eus
[ 63%] Built target dwb_local_planner
[ 81%] Built target debug_dwb_local_planner
[100%] Built target planner_node
[ 33%] Built target trajectory_utils
[ 66%] Built target gtest
[100%] Built target utils_test
[100%] Built target tests
[  0%] Built target visualization_msgs_generate_messages_py
[ 18%] Built target trajectory_utils
[ 18%] Built target _catkin_empty_exported_target
[ 18%] Built target rosgraph_msgs_generate_messages_cpp
[ 18%] Built target std_msgs_generate_messages_py
[ 18%] Built target std_msgs_generate_messages_nodejs
[ 18%] Built target dwb_msgs_generate_messages_cpp
[ 18%] Built target roscpp_generate_messages_lisp
[ 18%] Built target dwb_msgs_generate_messages_nodejs
[ 18%] Built target dwb_msgs_generate_messages_py
[ 18%] Built target nav_msgs_generate_messages_nodejs
[ 18%] Built target geometry_msgs_generate_messages_lisp
[ 18%] Built target nav_2d_msgs_generate_messages_nodejs
[ 18%] Built target nav_2d_msgs_generate_messages_cpp
[ 18%] Built target nav_msgs_generate_messages_cpp
[ 18%] Built target actionlib_msgs_generate_messages_nodejs
[ 18%] Built target sensor_msgs_generate_messages_lisp
[ 18%] Built target nav_2d_msgs_generate_messages_lisp
[ 18%] Built target tf2_msgs_generate_messages_cpp
[ 18%] Built target nav_msgs_generate_messages_lisp
[ 18%] Built target tf_generate_messages_lisp
[ 18%] Built target dwb_msgs_generate_messages_lisp
[ 18%] Built target dwb_msgs_generate_messages_eus
[ 18%] Built target std_msgs_generate_messages_cpp
[ 18%] Built target std_msgs_generate_messages_eus
[ 18%] Built target visualization_msgs_generate_messages_nodejs
[ 18%] Built target visualization_msgs_generate_messages_lisp
[ 18%] Built target geometry_msgs_generate_messages_eus
[ 18%] Built target std_msgs_generate_messages_lisp
[ 18%] Built target roscpp_generate_messages_nodejs
[ 18%] Built target geometry_msgs_generate_messages_nodejs
[ 18%] Built target geometry_msgs_generate_messages_py
[ 18%] Built target actionlib_generate_messages_eus
[ 18%] Built target geometry_msgs_generate_messages_cpp
[ 18%] Built target actionlib_generate_messages_lisp
[ 18%] Built target roscpp_generate_messages_py
[ 18%] Built target nav_2d_msgs_generate_messages_py
[ 18%] Built target rosgraph_msgs_generate_messages_lisp
[ 18%] Built target rosgraph_msgs_generate_messages_eus
[ 18%] Built target rosgraph_msgs_generate_messages_nodejs
[ 18%] Built target actionlib_msgs_generate_messages_eus
[ 18%] Built target roscpp_generate_messages_eus
[ 18%] Built target rosgraph_msgs_generate_messages_py
[ 18%] Built target nav_msgs_generate_messages_py
[ 18%] Built target tf2_msgs_generate_messages_lisp
[ 18%] Built target actionlib_generate_messages_py
[ 18%] Built target tf2_msgs_generate_messages_py
[ 18%] Built target actionlib_generate_messages_nodejs
[ 18%] Built target tf2_msgs_generate_messages_nodejs
[ 18%] Built target tf_generate_messages_cpp
[ 18%] Built target actionlib_msgs_generate_messages_cpp
[ 18%] Built target tf_generate_messages_eus
[ 18%] Built target tf_generate_messages_nodejs
[ 18%] Built target tf_generate_messages_py
[ 18%] Built target sensor_msgs_generate_messages_py
[ 18%] Built target sensor_msgs_generate_messages_cpp
[ 18%] Built target nav_msgs_generate_messages_eus
[ 18%] Built target visualization_msgs_generate_messages_cpp
[ 18%] Built target tf2_msgs_generate_messages_eus
[ 18%] Built target visualization_msgs_generate_messages_eus
[ 18%] Built target nav_2d_msgs_generate_messages_eus
[ 18%] Built target roscpp_generate_messages_cpp
[ 18%] Built target sensor_msgs_generate_messages_nodejs
[ 18%] Built target actionlib_msgs_generate_messages_lisp
[ 18%] Built target actionlib_generate_messages_cpp
[ 18%] Built target actionlib_msgs_generate_messages_py
[ 18%] Built target sensor_msgs_generate_messages_eus
[ 63%] Built target dwb_local_planner
[ 81%] Built target debug_dwb_local_planner
[100%] Built target planner_node
[36mInstall the project...[0m
-- Install configuration: ""
-- Up-to-date: /home/handsome/ros_ws_test/install/dwb_local_planner/lib/pkgconfig/dwb_local_planner.pc
-- Up-to-date: /home/handsome/ros_ws_test/install/dwb_local_planner/share/dwb_local_planner/cmake/dwb_local_plannerConfig.cmake
-- Up-to-date: /home/handsome/ros_ws_test/install/dwb_local_planner/share/dwb_local_planner/cmake/dwb_local_plannerConfig-version.cmake
-- Up-to-date: /home/handsome/ros_ws_test/install/dwb_local_planner/share/dwb_local_planner/package.xml
-- Up-to-date: /home/handsome/ros_ws_test/install/dwb_local_planner/lib/dwb_local_planner/planner_node
-- Up-to-date: /home/handsome/ros_ws_test/install/dwb_local_planner/lib/libdwb_local_planner.so
-- Up-to-date: /home/handsome/ros_ws_test/install/dwb_local_planner/lib/libdebug_dwb_local_planner.so
-- Up-to-date: /home/handsome/ros_ws_test/install/dwb_local_planner/lib/libtrajectory_utils.so
-- Up-to-date: /home/handsome/ros_ws_test/install/dwb_local_planner/include/dwb_local_planner
-- Up-to-date: /home/handsome/ros_ws_test/install/dwb_local_planner/include/dwb_local_planner/goal_checker.h
-- Up-to-date: /home/handsome/ros_ws_test/install/dwb_local_planner/include/dwb_local_planner/trajectory_utils.h
-- Up-to-date: /home/handsome/ros_ws_test/install/dwb_local_planner/include/dwb_local_planner/backwards_compatibility.h
-- Up-to-date: /home/handsome/ros_ws_test/install/dwb_local_planner/include/dwb_local_planner/trajectory_critic.h
-- Up-to-date: /home/handsome/ros_ws_test/install/dwb_local_planner/include/dwb_local_planner/dwb_local_planner.h
-- Up-to-date: /home/handsome/ros_ws_test/install/dwb_local_planner/include/dwb_local_planner/trajectory_generator.h
-- Up-to-date: /home/handsome/ros_ws_test/install/dwb_local_planner/include/dwb_local_planner/illegal_trajectory_tracker.h
-- Up-to-date: /home/handsome/ros_ws_test/install/dwb_local_planner/include/dwb_local_planner/publisher.h
-- Up-to-date: /home/handsome/ros_ws_test/install/dwb_local_planner/include/dwb_local_planner/debug_dwb_local_planner.h
-- Up-to-date: /home/handsome/ros_ws_test/install/dwb_local_planner/share/dwb_local_planner/plugins.xml
-- Up-to-date: /home/handsome/ros_ws_test/install/dwb_local_planner/share/dwb_local_planner/launch
-- Up-to-date: /home/handsome/ros_ws_test/install/dwb_local_planner/share/dwb_local_planner/launch/plan_node.launch
