[ 42%] Built target polygons
[ 42%] Built target actionlib_msgs_generate_messages_py
[ 42%] Built target roscpp_generate_messages_cpp
[ 42%] Built target sensor_msgs_generate_messages_nodejs
[ 42%] Built target tf2_msgs_generate_messages_cpp
[ 42%] Built target actionlib_msgs_generate_messages_lisp
[ 42%] Built target nav_msgs_generate_messages_py
[ 42%] Built target actionlib_generate_messages_eus
[ 42%] Built target rosgraph_msgs_generate_messages_cpp
[ 42%] Built target actionlib_generate_messages_cpp
[ 42%] Built target geometry_msgs_generate_messages_eus
[ 42%] Built target geometry_msgs_generate_messages_lisp
[ 42%] Built target actionlib_msgs_generate_messages_nodejs
[ 42%] Built target roscpp_generate_messages_py
[ 42%] Built target std_msgs_generate_messages_cpp
[ 42%] Built target roscpp_generate_messages_nodejs
[ 42%] Built target std_msgs_generate_messages_lisp
[ 42%] Built target geometry_msgs_generate_messages_nodejs
[ 42%] Built target nav_2d_msgs_generate_messages_nodejs
[ 42%] Built target roscpp_generate_messages_lisp
[ 42%] Built target std_msgs_generate_messages_nodejs
[ 42%] Built target geometry_msgs_generate_messages_py
[ 42%] Built target nav_2d_msgs_generate_messages_cpp
[ 42%] Built target std_msgs_generate_messages_eus
[ 42%] Built target rosgraph_msgs_generate_messages_lisp
[ 42%] Built target nav_2d_msgs_generate_messages_py
[ 42%] Built target std_msgs_generate_messages_py
[ 42%] Built target rosgraph_msgs_generate_messages_eus
[ 42%] Built target nav_msgs_generate_messages_nodejs
[ 42%] Built target actionlib_generate_messages_py
[ 42%] Built target rosgraph_msgs_generate_messages_nodejs
[ 42%] Built target tf2_msgs_generate_messages_nodejs
[ 42%] Built target actionlib_msgs_generate_messages_eus
[ 42%] Built target rosgraph_msgs_generate_messages_py
[ 42%] Built target tf2_msgs_generate_messages_py
[ 42%] Built target roscpp_generate_messages_eus
[ 42%] Built target tf2_msgs_generate_messages_eus
[ 42%] Built target nav_msgs_generate_messages_lisp
[ 42%] Built target nav_msgs_generate_messages_cpp
[ 42%] Built target nav_msgs_generate_messages_eus
[ 42%] Built target nav_2d_msgs_generate_messages_lisp
[ 42%] Built target tf_generate_messages_lisp
[ 42%] Built target sensor_msgs_generate_messages_py
[ 42%] Built target tf_generate_messages_cpp
[ 42%] Built target actionlib_generate_messages_nodejs
[ 42%] Built target sensor_msgs_generate_messages_lisp
[ 42%] Built target tf_generate_messages_nodejs
[ 42%] Built target tf_generate_messages_py
[ 42%] Built target sensor_msgs_generate_messages_eus
[ 42%] Built target sensor_msgs_generate_messages_cpp
[ 42%] Built target actionlib_generate_messages_lisp
[ 42%] Built target actionlib_msgs_generate_messages_cpp
[ 42%] Built target tf_generate_messages_eus
[ 42%] Built target nav_2d_msgs_generate_messages_eus
[ 42%] Built target tf2_msgs_generate_messages_lisp
[ 42%] Built target geometry_msgs_generate_messages_cpp
[ 71%] Built target path_ops
[100%] Built target conversions
[  0%] Built target tf2_msgs_generate_messages_cpp
[  0%] Built target geometry_msgs_generate_messages_lisp
[  0%] Built target actionlib_msgs_generate_messages_py
[  0%] Built target actionlib_generate_messages_eus
[  0%] Built target sensor_msgs_generate_messages_nodejs
[  0%] Built target rosgraph_msgs_generate_messages_cpp
[  0%] Built target geometry_msgs_generate_messages_eus
[ 15%] Built target gtest
[ 15%] Built target roscpp_generate_messages_cpp
[ 15%] Built target actionlib_msgs_generate_messages_lisp
[ 15%] Built target actionlib_generate_messages_cpp
[ 15%] Built target nav_msgs_generate_messages_py
[ 15%] Built target roscpp_generate_messages_lisp
[ 15%] Built target geometry_msgs_generate_messages_nodejs
[ 15%] Built target actionlib_msgs_generate_messages_nodejs
[ 15%] Built target std_msgs_generate_messages_cpp
[ 15%] Built target nav_2d_msgs_generate_messages_cpp
[ 15%] Built target std_msgs_generate_messages_eus
[ 15%] Built target nav_2d_msgs_generate_messages_nodejs
[ 15%] Built target roscpp_generate_messages_py
[ 15%] Built target roscpp_generate_messages_nodejs
[ 15%] Built target std_msgs_generate_messages_lisp
[ 15%] Built target std_msgs_generate_messages_py
[ 15%] Built target geometry_msgs_generate_messages_py
[ 15%] Built target nav_msgs_generate_messages_nodejs
[ 15%] Built target std_msgs_generate_messages_nodejs
[ 15%] Built target nav_2d_msgs_generate_messages_py
[ 15%] Built target rosgraph_msgs_generate_messages_lisp
[ 15%] Built target rosgraph_msgs_generate_messages_nodejs
[ 15%] Built target rosgraph_msgs_generate_messages_eus
[ 15%] Built target rosgraph_msgs_generate_messages_py
[ 15%] Built target roscpp_generate_messages_eus
[ 15%] Built target nav_2d_msgs_generate_messages_lisp
[ 15%] Built target actionlib_msgs_generate_messages_eus
[ 15%] Built target actionlib_generate_messages_py
[ 15%] Built target tf2_msgs_generate_messages_nodejs
[ 15%] Built target sensor_msgs_generate_messages_lisp
[ 15%] Built target tf2_msgs_generate_messages_py
[ 15%] Built target tf2_msgs_generate_messages_eus
[ 15%] Built target nav_msgs_generate_messages_eus
[ 15%] Built target nav_msgs_generate_messages_lisp
[ 15%] Built target tf_generate_messages_lisp
[ 15%] Built target nav_msgs_generate_messages_cpp
[ 15%] Built target sensor_msgs_generate_messages_py
[ 15%] Built target tf_generate_messages_cpp
[ 15%] Built target tf_generate_messages_py
[ 15%] Built target tf_generate_messages_nodejs
[ 15%] Built target actionlib_generate_messages_nodejs
[ 15%] Built target sensor_msgs_generate_messages_cpp
[ 15%] Built target actionlib_msgs_generate_messages_cpp
[ 15%] Built target tf_generate_messages_eus
[ 15%] Built target nav_2d_msgs_generate_messages_eus
[ 15%] Built target sensor_msgs_generate_messages_eus
[ 15%] Built target actionlib_generate_messages_lisp
[ 15%] Built target tf2_msgs_generate_messages_lisp
[ 15%] Built target geometry_msgs_generate_messages_cpp
[ 38%] Built target polygons
[ 53%] Built target polygon_tests
[ 69%] Built target path_ops
[ 84%] Built target param_tests
[100%] Built target compress_test
[100%] Built target tests
[  0%] Built target actionlib_generate_messages_eus
[  0%] Built target rosgraph_msgs_generate_messages_cpp
[  0%] Built target nav_msgs_generate_messages_py
[  0%] Built target sensor_msgs_generate_messages_nodejs
[  0%] Built target actionlib_msgs_generate_messages_lisp
[  0%] Built target actionlib_generate_messages_cpp
[  0%] Built target actionlib_msgs_generate_messages_py
[  0%] Built target geometry_msgs_generate_messages_lisp
[  0%] Built target tf2_msgs_generate_messages_cpp
[ 42%] Built target polygons
[ 42%] Built target roscpp_generate_messages_cpp
[ 42%] Built target geometry_msgs_generate_messages_eus
[ 42%] Built target roscpp_generate_messages_lisp
[ 42%] Built target nav_2d_msgs_generate_messages_cpp
[ 42%] Built target std_msgs_generate_messages_cpp
[ 42%] Built target actionlib_msgs_generate_messages_nodejs
[ 42%] Built target nav_2d_msgs_generate_messages_nodejs
[ 42%] Built target roscpp_generate_messages_py
[ 42%] Built target geometry_msgs_generate_messages_nodejs
[ 42%] Built target std_msgs_generate_messages_eus
[ 42%] Built target roscpp_generate_messages_nodejs
[ 42%] Built target std_msgs_generate_messages_nodejs
[ 42%] Built target std_msgs_generate_messages_lisp
[ 42%] Built target nav_msgs_generate_messages_nodejs
[ 42%] Built target std_msgs_generate_messages_py
[ 42%] Built target geometry_msgs_generate_messages_py
[ 42%] Built target nav_2d_msgs_generate_messages_py
[ 42%] Built target rosgraph_msgs_generate_messages_eus
[ 42%] Built target actionlib_msgs_generate_messages_eus
[ 42%] Built target rosgraph_msgs_generate_messages_lisp
[ 42%] Built target rosgraph_msgs_generate_messages_py
[ 42%] Built target rosgraph_msgs_generate_messages_nodejs
[ 42%] Built target nav_2d_msgs_generate_messages_lisp
[ 42%] Built target tf2_msgs_generate_messages_py
[ 42%] Built target nav_msgs_generate_messages_cpp
[ 42%] Built target roscpp_generate_messages_eus
[ 42%] Built target actionlib_generate_messages_py
[ 42%] Built target sensor_msgs_generate_messages_lisp
[ 42%] Built target tf2_msgs_generate_messages_eus
[ 42%] Built target tf2_msgs_generate_messages_nodejs
[ 42%] Built target nav_msgs_generate_messages_eus
[ 42%] Built target actionlib_generate_messages_nodejs
[ 42%] Built target tf_generate_messages_cpp
[ 42%] Built target tf_generate_messages_nodejs
[ 42%] Built target tf_generate_messages_lisp
[ 42%] Built target nav_msgs_generate_messages_lisp
[ 42%] Built target actionlib_msgs_generate_messages_cpp
[ 42%] Built target tf_generate_messages_py
[ 42%] Built target sensor_msgs_generate_messages_eus
[ 42%] Built target sensor_msgs_generate_messages_py
[ 42%] Built target tf_generate_messages_eus
[ 42%] Built target sensor_msgs_generate_messages_cpp
[ 42%] Built target actionlib_generate_messages_lisp
[ 42%] Built target geometry_msgs_generate_messages_cpp
[ 42%] Built target nav_2d_msgs_generate_messages_eus
[ 42%] Built target tf2_msgs_generate_messages_lisp
[ 71%] Built target path_ops
[100%] Built target conversions
[36mInstall the project...[0m
-- Install configuration: ""
-- Up-to-date: /home/handsome/ros_ws_test/install/nav_2d_utils/lib/pkgconfig/nav_2d_utils.pc
-- Up-to-date: /home/handsome/ros_ws_test/install/nav_2d_utils/share/nav_2d_utils/cmake/nav_2d_utilsConfig.cmake
-- Up-to-date: /home/handsome/ros_ws_test/install/nav_2d_utils/share/nav_2d_utils/cmake/nav_2d_utilsConfig-version.cmake
-- Up-to-date: /home/handsome/ros_ws_test/install/nav_2d_utils/share/nav_2d_utils/package.xml
-- Up-to-date: /home/handsome/ros_ws_test/install/nav_2d_utils/lib/libconversions.so
-- Up-to-date: /home/handsome/ros_ws_test/install/nav_2d_utils/lib/libpath_ops.so
-- Up-to-date: /home/handsome/ros_ws_test/install/nav_2d_utils/lib/libpolygons.so
-- Up-to-date: /home/handsome/ros_ws_test/install/nav_2d_utils/include/nav_2d_utils
-- Up-to-date: /home/handsome/ros_ws_test/install/nav_2d_utils/include/nav_2d_utils/polygons.h
-- Up-to-date: /home/handsome/ros_ws_test/install/nav_2d_utils/include/nav_2d_utils/footprint.h
-- Up-to-date: /home/handsome/ros_ws_test/install/nav_2d_utils/include/nav_2d_utils/parameters.h
-- Up-to-date: /home/handsome/ros_ws_test/install/nav_2d_utils/include/nav_2d_utils/odom_subscriber.h
-- Up-to-date: /home/handsome/ros_ws_test/install/nav_2d_utils/include/nav_2d_utils/geometry_help.h
-- Up-to-date: /home/handsome/ros_ws_test/install/nav_2d_utils/include/nav_2d_utils/conversions.h
-- Up-to-date: /home/handsome/ros_ws_test/install/nav_2d_utils/include/nav_2d_utils/tf_help.h
-- Up-to-date: /home/handsome/ros_ws_test/install/nav_2d_utils/include/nav_2d_utils/path_ops.h
-- Up-to-date: /home/handsome/ros_ws_test/install/nav_2d_utils/include/nav_2d_utils/plugin_mux.h
