-- Using CATKIN_DEVEL_PREFIX: /home/handsome/ros_ws_test/build/robot_scheduling_actions/devel
-- Using CMAKE_PREFIX_PATH: /home/handsome/ros_ws_test/install/robot_scheduling_msgs;/home/handsome/ros_ws_test/install/pnp_ros;/home/handsome/ros_ws_test/install/mongodb_store;/home/handsome/ros_ws_test/install/locomotor_msgs;/home/handsome/ros_ws_test/install/ros_utility_tools;/home/handsome/ros_ws_test/install/reset_location;/home/handsome/ros_ws_test/install/pnp_msgs;/home/handsome/ros_ws_test/install/open_auto_dock_msgs;/home/handsome/ros_ws_test/install/nav_2d_msgs;/home/handsome/ros_ws_test/install/mongodb_store_msgs;/home/handsome/ros_ws_test/install/car_db_manager_msgs;/home/handsome/ros_ws_test/install/botcmd_msgs;/home/handsome/ros_ws_test/install/yocs_cmd_vel_mux;/home/handsome/ros_ws_test/install/turtlebot_teleop;/home/handsome/ros_ws_test/install/tug_example_pnp_server;/home/handsome/ros_ws_test/install/tug_example_actions;/home/handsome/ros_ws_test/install/tug_example_msgs;/home/handsome/ros_ws_test/install/timed_roslaunch;/home/handsome/ros_ws_test/install/teb2_local_planner;/home/handsome/ros_ws_test/install/stated_roslaunch;/home/handsome/ros_ws_test/install/spatio_temporal_voxel_layer;/home/handsome/ros_ws_test/install/robot_udp_bridge;/home/handsome/ros_ws_test/install/robot_database_bridge;/home/handsome/ros_ws_test/install/samsungcmd_msgs;/home/handsome/ros_ws_test/install/rplidar_ros;/home/handsome/ros_ws_test/install/rp_action;/home/handsome/ros_ws_test/install/rp_action_msgs;/home/handsome/ros_ws_test/install/robot_scheduling_actions;/home/handsome/ros_ws_test/install/cellctrl_qtgui_bridge;/home/handsome/ros_ws_test/install/car_db_manager_qtgui;/home/handsome/ros_ws_test/install/car_db_manager_bridge;/home/handsome/ros_ws_test/install/car_db_manager_action;/home/handsome/ros_ws_test/install/robot_scheduling_server;/home/handsome/ros_ws_test/install/robot_localization;/home/handsome/ros_ws_test/install/robot_control_msgs;/home/handsome/ros_ws_test/install/razor_imu_9dof;/home/handsome/ros_ws_test/install/pnp_rosplan;/home/handsome/ros_ws_test/install/open_auto_dock;/home/handsome/ros_ws_test/install/omron_os32c_driver;/home/handsome/ros_ws_test/install/dlux_plugins;/home/handsome/ros_ws_test/install/dlux_global_planner;/home/handsome/ros_ws_test/install/nav_grid_pub_sub;/home/handsome/ros_ws_test/install/dwb_critics;/home/handsome/ros_ws_test/install/nav_grid_iterators;/home/handsome/ros_ws_test/install/locomove_base;/home/handsome/ros_ws_test/install/locomotor;/home/handsome/ros_ws_test/install/nav_core_adapter;/home/handsome/ros_ws_test/install/dwb_plugins;/home/handsome/ros_ws_test/install/dwb_local_planner;/home/handsome/ros_ws_test/install/nav_2d_utils;/home/handsome/ros_ws_test/install/global_planner_tests;/home/handsome/ros_ws_test/install/costmap_queue;/home/handsome/ros_ws_test/install/nav_core2;/home/handsome/ros_ws_test/install/nav_grid;/home/handsome/ros_ws_test/install/actionlib_modules_msgs;/home/handsome/ros_ws_test/install/dwb_msgs;/home/handsome/ros_ws_test/install/mongodb_log;/home/handsome/ros_ws_test/install/ca_driver;/home/handsome/ros_ws_test/install/libcreate;/home/handsome/ros_ws_test/install/i_robot_stage;/home/handsome/ros_ws_test/install/i_robot_navigation;/home/handsome/ros_ws_test/install/cellctrl_control_msgs;/home/handsome/ros_ws_test/install/ca_tools;/home/handsome/ros_ws_test/install/ca_msgs;/home/handsome/ros_ws_test/install/ca_description;/opt/ros/melodic
-- This workspace overlays: /home/handsome/ros_ws_test/install/robot_scheduling_msgs;/home/handsome/ros_ws_test/install/pnp_ros;/home/handsome/ros_ws_test/install/mongodb_store;/home/handsome/ros_ws_test/install/locomotor_msgs;/home/handsome/ros_ws_test/install/ros_utility_tools;/home/handsome/ros_ws_test/install/reset_location;/home/handsome/ros_ws_test/install/pnp_msgs;/home/handsome/ros_ws_test/install/open_auto_dock_msgs;/home/handsome/ros_ws_test/install/nav_2d_msgs;/home/handsome/ros_ws_test/install/mongodb_store_msgs;/home/handsome/ros_ws_test/install/car_db_manager_msgs;/home/handsome/ros_ws_test/install/botcmd_msgs;/home/handsome/ros_ws_test/install/yocs_cmd_vel_mux;/home/handsome/ros_ws_test/install/turtlebot_teleop;/home/handsome/ros_ws_test/install/tug_example_pnp_server;/home/handsome/ros_ws_test/install/tug_example_actions;/home/handsome/ros_ws_test/install/tug_example_msgs;/home/handsome/ros_ws_test/install/timed_roslaunch;/home/handsome/ros_ws_test/install/teb2_local_planner;/home/handsome/ros_ws_test/install/stated_roslaunch;/home/handsome/ros_ws_test/install/spatio_temporal_voxel_layer;/home/handsome/ros_ws_test/install/robot_udp_bridge;/home/handsome/ros_ws_test/install/robot_database_bridge;/home/handsome/ros_ws_test/install/samsungcmd_msgs;/home/handsome/ros_ws_test/install/rplidar_ros;/home/handsome/ros_ws_test/install/rp_action;/home/handsome/ros_ws_test/install/rp_action_msgs;/home/handsome/ros_ws_test/install/robot_scheduling_actions;/home/handsome/ros_ws_test/install/cellctrl_qtgui_bridge;/home/handsome/ros_ws_test/install/car_db_manager_qtgui;/home/handsome/ros_ws_test/install/car_db_manager_bridge;/home/handsome/ros_ws_test/install/car_db_manager_action;/home/handsome/ros_ws_test/install/robot_scheduling_server;/home/handsome/ros_ws_test/install/robot_localization;/home/handsome/ros_ws_test/install/robot_control_msgs;/home/handsome/ros_ws_test/install/razor_imu_9dof;/home/handsome/ros_ws_test/install/pnp_rosplan;/home/handsome/ros_ws_test/install/open_auto_dock;/home/handsome/ros_ws_test/install/omron_os32c_driver;/home/handsome/ros_ws_test/install/dlux_plugins;/home/handsome/ros_ws_test/install/dlux_global_planner;/home/handsome/ros_ws_test/install/nav_grid_pub_sub;/home/handsome/ros_ws_test/install/dwb_critics;/home/handsome/ros_ws_test/install/nav_grid_iterators;/home/handsome/ros_ws_test/install/locomove_base;/home/handsome/ros_ws_test/install/locomotor;/home/handsome/ros_ws_test/install/nav_core_adapter;/home/handsome/ros_ws_test/install/dwb_plugins;/home/handsome/ros_ws_test/install/dwb_local_planner;/home/handsome/ros_ws_test/install/nav_2d_utils;/home/handsome/ros_ws_test/install/global_planner_tests;/home/handsome/ros_ws_test/install/costmap_queue;/home/handsome/ros_ws_test/install/nav_core2;/home/handsome/ros_ws_test/install/nav_grid;/home/handsome/ros_ws_test/install/actionlib_modules_msgs;/home/handsome/ros_ws_test/install/dwb_msgs;/home/handsome/ros_ws_test/install/mongodb_log;/home/handsome/ros_ws_test/install/ca_driver;/home/handsome/ros_ws_test/install/i_robot_stage;/home/handsome/ros_ws_test/install/i_robot_navigation;/home/handsome/ros_ws_test/install/cellctrl_control_msgs;/home/handsome/ros_ws_test/install/ca_tools;/home/handsome/ros_ws_test/install/ca_msgs;/home/handsome/ros_ws_test/install/ca_description;/opt/ros/melodic
-- Found PythonInterp: /usr/bin/python2 (found suitable version "2.7.17", minimum required is "2") 
-- Using PYTHON_EXECUTABLE: /usr/bin/python2
-- Using Debian Python package layout
-- Using empy: /usr/bin/empy
-- Using CATKIN_ENABLE_TESTING: ON
-- Call enable_testing()
-- Using CATKIN_TEST_RESULTS_DIR: /home/handsome/ros_ws_test/build/robot_scheduling_actions/test_results
-- Found gtest sources under '/usr/src/googletest': gtests will be built
-- Found gmock sources under '/usr/src/googletest': gmock will be built
-- Found PythonInterp: /usr/bin/python2 (found version "2.7.17") 
-- Using Python nosetests: /usr/bin/nosetests-2.7
-- catkin 0.7.28
-- BUILD_SHARED_LIBS is on
-- Using these message generators: gencpp;geneus;genlisp;gennodejs;genpy
-- Configuring done
-- Generating done
-- Build files have been written to: /home/handsome/ros_ws_test/build/robot_scheduling_actions
[35m[1mScanning dependencies of target robot_scheduling_actions_node[0m
[  4%] [32mBuilding CXX object CMakeFiles/robot_scheduling_actions_node.dir/src/private_actions/robot_if_proc_lower_action.cpp.o[0m
[ 14%] [32mBuilding CXX object CMakeFiles/robot_scheduling_actions_node.dir/src/robot_scheduling_actions.cpp.o[0m
[ 14%] [32mBuilding CXX object CMakeFiles/robot_scheduling_actions_node.dir/src/robot_scheduling_service.cpp.o[0m
[ 19%] [32mBuilding CXX object CMakeFiles/robot_scheduling_actions_node.dir/src/private_actions/robot_if_proc_upper_action.cpp.o[0m
[ 28%] [32mBuilding CXX object CMakeFiles/robot_scheduling_actions_node.dir/src/private_actions/robot_run_state_action.cpp.o[0m
[ 28%] [32mBuilding CXX object CMakeFiles/robot_scheduling_actions_node.dir/src/public_actions/db_process_action.cpp.o[0m
[ 33%] [32mBuilding CXX object CMakeFiles/robot_scheduling_actions_node.dir/src/private_actions/robot_if_process_action.cpp.o[0m
[ 38%] [32mBuilding CXX object CMakeFiles/robot_scheduling_actions_node.dir/src/public_actions/pose_recognize_action.cpp.o[0m
[ 42%] [32mBuilding CXX object CMakeFiles/robot_scheduling_actions_node.dir/src/public_actions/time_wait_action.cpp.o[0m
[ 52%] [32mBuilding CXX object CMakeFiles/robot_scheduling_actions_node.dir/src/public_actions/pose_move_to_action.cpp.o[0m
[ 52%] [32mBuilding CXX object CMakeFiles/robot_scheduling_actions_node.dir/src/private_actions/robot_if_params_action.cpp.o[0m
[ 57%] [32mBuilding CXX object CMakeFiles/robot_scheduling_actions_node.dir/src/private_actions/interrupt_info_action.cpp.o[0m
[ 61%] [32mBuilding CXX object CMakeFiles/robot_scheduling_actions_node.dir/src/public_actions/self_turn_action.cpp.o[0m
[ 66%] [32mBuilding CXX object CMakeFiles/robot_scheduling_actions_node.dir/src/public_actions/dock_to_action.cpp.o[0m
[ 71%] [32mBuilding CXX object CMakeFiles/robot_scheduling_actions_node.dir/src/public_actions/undock_to_action.cpp.o[0m
[ 76%] [32mBuilding CXX object CMakeFiles/robot_scheduling_actions_node.dir/src/private_actions/robot_power_charge_action.cpp.o[0m
[ 80%] [32mBuilding CXX object CMakeFiles/robot_scheduling_actions_node.dir/src/public_actions/worksheetrun_action.cpp.o[0m
[ 85%] [32mBuilding CXX object CMakeFiles/robot_scheduling_actions_node.dir/src/public_actions/function_run_action.cpp.o[0m
[ 90%] [32m[1mLinking CXX executable devel/lib/robot_scheduling_actions/robot_scheduling_actions_node[0m
[100%] Built target robot_scheduling_actions_node
Built target tests
[100%] Built target robot_scheduling_actions_node
[36mInstall the project...[0m
-- Install configuration: ""
-- Installing: /home/handsome/ros_ws_test/install/robot_scheduling_actions/lib/pkgconfig/robot_scheduling_actions.pc
-- Up-to-date: /home/handsome/ros_ws_test/install/robot_scheduling_actions/share/robot_scheduling_actions/cmake/robot_scheduling_actionsConfig.cmake
-- Up-to-date: /home/handsome/ros_ws_test/install/robot_scheduling_actions/share/robot_scheduling_actions/cmake/robot_scheduling_actionsConfig-version.cmake
-- Up-to-date: /home/handsome/ros_ws_test/install/robot_scheduling_actions/share/robot_scheduling_actions/package.xml
-- Installing: /home/handsome/ros_ws_test/install/robot_scheduling_actions/lib/robot_scheduling_actions/robot_scheduling_actions_node
-- Set runtime path of "/home/handsome/ros_ws_test/install/robot_scheduling_actions/lib/robot_scheduling_actions/robot_scheduling_actions_node" to ""
-- Up-to-date: /home/handsome/ros_ws_test/install/robot_scheduling_actions/share/robot_scheduling_actions/launch
-- Up-to-date: /home/handsome/ros_ws_test/install/robot_scheduling_actions/share/robot_scheduling_actions/launch/robot_scheduling_action.launch
-- Up-to-date: /home/handsome/ros_ws_test/install/robot_scheduling_actions/share/robot_scheduling_actions/config
-- Up-to-date: /home/handsome/ros_ws_test/install/robot_scheduling_actions/share/robot_scheduling_actions/config/scheduling_params.yaml
-- Up-to-date: /home/handsome/ros_ws_test/install/robot_scheduling_actions/include/robot_scheduling_actions
-- Up-to-date: /home/handsome/ros_ws_test/install/robot_scheduling_actions/include/robot_scheduling_actions/public_actions
-- Up-to-date: /home/handsome/ros_ws_test/install/robot_scheduling_actions/include/robot_scheduling_actions/public_actions/db_process_action.h
-- Up-to-date: /home/handsome/ros_ws_test/install/robot_scheduling_actions/include/robot_scheduling_actions/public_actions/function_run_action.h
-- Up-to-date: /home/handsome/ros_ws_test/install/robot_scheduling_actions/include/robot_scheduling_actions/public_actions/worksheetrun_action.h
-- Up-to-date: /home/handsome/ros_ws_test/install/robot_scheduling_actions/include/robot_scheduling_actions/public_actions/pose_move_to_action.h
-- Up-to-date: /home/handsome/ros_ws_test/install/robot_scheduling_actions/include/robot_scheduling_actions/public_actions/undock_to_action.h
-- Up-to-date: /home/handsome/ros_ws_test/install/robot_scheduling_actions/include/robot_scheduling_actions/public_actions/self_turn_action.h
-- Up-to-date: /home/handsome/ros_ws_test/install/robot_scheduling_actions/include/robot_scheduling_actions/public_actions/time_wait_action.h
-- Up-to-date: /home/handsome/ros_ws_test/install/robot_scheduling_actions/include/robot_scheduling_actions/public_actions/turn_pid.h
-- Up-to-date: /home/handsome/ros_ws_test/install/robot_scheduling_actions/include/robot_scheduling_actions/public_actions/pose_recognize_action.h
-- Up-to-date: /home/handsome/ros_ws_test/install/robot_scheduling_actions/include/robot_scheduling_actions/public_actions/dock_to_action.h
-- Up-to-date: /home/handsome/ros_ws_test/install/robot_scheduling_actions/include/robot_scheduling_actions/robot_scheduling_parameter.h
-- Up-to-date: /home/handsome/ros_ws_test/install/robot_scheduling_actions/include/robot_scheduling_actions/private_actions
-- Up-to-date: /home/handsome/ros_ws_test/install/robot_scheduling_actions/include/robot_scheduling_actions/private_actions/robot_if_params_action.h
-- Up-to-date: /home/handsome/ros_ws_test/install/robot_scheduling_actions/include/robot_scheduling_actions/private_actions/robot_if_process_action.h
-- Up-to-date: /home/handsome/ros_ws_test/install/robot_scheduling_actions/include/robot_scheduling_actions/private_actions/robot_power_charge_action.h
-- Up-to-date: /home/handsome/ros_ws_test/install/robot_scheduling_actions/include/robot_scheduling_actions/private_actions/robot_if_proc_lower_action.h
-- Up-to-date: /home/handsome/ros_ws_test/install/robot_scheduling_actions/include/robot_scheduling_actions/private_actions/robot_command_action.h
-- Up-to-date: /home/handsome/ros_ws_test/install/robot_scheduling_actions/include/robot_scheduling_actions/private_actions/interrupt_info_action.h
-- Installing: /home/handsome/ros_ws_test/install/robot_scheduling_actions/include/robot_scheduling_actions/private_actions/robot_if_proc_upper_action.h
-- Up-to-date: /home/handsome/ros_ws_test/install/robot_scheduling_actions/include/robot_scheduling_actions/private_actions/robot_run_state_action.h
-- Up-to-date: /home/handsome/ros_ws_test/install/robot_scheduling_actions/include/robot_scheduling_actions/robot_scheduling_actions.h
-- Up-to-date: /home/handsome/ros_ws_test/install/robot_scheduling_actions/include/robot_scheduling_actions/robot_scheduling_service.h
-- Up-to-date: /home/handsome/ros_ws_test/install/robot_scheduling_actions/include/robot_scheduling_actions
-- Up-to-date: /home/handsome/ros_ws_test/install/robot_scheduling_actions/include/robot_scheduling_actions/scheduling_params.yaml
