[0.015s] Invoking command in '/home/handsome/ros_ws_test/build/ros_utility_tools': /usr/bin/cmake --build /home/handsome/ros_ws_test/build/ros_utility_tools -- -j12 -l12
[0.078s] [100%] Built target ros_utility_tools
[0.089s] Invoked command in '/home/handsome/ros_ws_test/build/ros_utility_tools' returned '0': /usr/bin/cmake --build /home/handsome/ros_ws_test/build/ros_utility_tools -- -j12 -l12
[0.269s] Invoking command in '/home/handsome/ros_ws_test/build/ros_utility_tools': /usr/bin/cmake --build /home/handsome/ros_ws_test/build/ros_utility_tools --target tests -- -j12 -l12
[0.398s] Built target tests
[0.415s] Invoked command in '/home/handsome/ros_ws_test/build/ros_utility_tools' returned '0': /usr/bin/cmake --build /home/handsome/ros_ws_test/build/ros_utility_tools --target tests -- -j12 -l12
[0.662s] Invoking command in '/home/handsome/ros_ws_test/build/ros_utility_tools': /usr/bin/cmake --build /home/handsome/ros_ws_test/build/ros_utility_tools --target install -- -j12 -l12
[0.723s] [100%] Built target ros_utility_tools
[0.751s] [36mInstall the project...[0m
[0.764s] -- Install configuration: ""
[0.765s] -- Up-to-date: /home/handsome/ros_ws_test/install/ros_utility_tools/lib/pkgconfig/ros_utility_tools.pc
[0.765s] -- Up-to-date: /home/handsome/ros_ws_test/install/ros_utility_tools/share/ros_utility_tools/cmake/ros_utility_toolsConfig.cmake
[0.765s] -- Up-to-date: /home/handsome/ros_ws_test/install/ros_utility_tools/share/ros_utility_tools/cmake/ros_utility_toolsConfig-version.cmake
[0.765s] -- Up-to-date: /home/handsome/ros_ws_test/install/ros_utility_tools/share/ros_utility_tools/package.xml
[0.765s] -- Up-to-date: /home/handsome/ros_ws_test/install/ros_utility_tools/lib/libros_utility_tools.so
[0.765s] -- Up-to-date: /home/handsome/ros_ws_test/install/ros_utility_tools/include/ros_utility_tools
[0.765s] -- Up-to-date: /home/handsome/ros_ws_test/install/ros_utility_tools/include/ros_utility_tools/base_mongodbstore_client.h
[0.766s] -- Up-to-date: /home/handsome/ros_ws_test/install/ros_utility_tools/include/ros_utility_tools/Modbus_server.h
[0.766s] -- Up-to-date: /home/handsome/ros_ws_test/install/ros_utility_tools/include/ros_utility_tools/Modbus_client.h
[0.766s] -- Up-to-date: /home/handsome/ros_ws_test/install/ros_utility_tools/include/ros_utility_tools/table_mongodbstore_client.zip
[0.766s] -- Installing: /home/handsome/ros_ws_test/install/ros_utility_tools/include/ros_utility_tools/ros_tools.h
[0.766s] -- Up-to-date: /home/handsome/ros_ws_test/install/ros_utility_tools/include/ros_utility_tools/table_mongodbstore_client.h
[0.770s] Invoked command in '/home/handsome/ros_ws_test/build/ros_utility_tools' returned '0': /usr/bin/cmake --build /home/handsome/ros_ws_test/build/ros_utility_tools --target install -- -j12 -l12
